

================================================================
== Vivado HLS Report for 'epilogue'
================================================================
* Date:           Wed Jul 15 18:36:53 2020

* Version:        2019.2 (Build 2704478 on Wed Nov 06 22:10:23 MST 2019)
* Project:        dotprod
* Solution:       solution1
* Product family: zynq
* Target device:  xc7z020-clg484-1


================================================================
== Performance Estimates
================================================================
+ Timing: 
    * Summary: 
    +--------+----------+----------+------------+
    |  Clock |  Target  | Estimated| Uncertainty|
    +--------+----------+----------+------------+
    |ap_clk  | 10.00 ns | 9.400 ns |   1.25 ns  |
    +--------+----------+----------+------------+

+ Latency: 
    * Summary: 
    +---------+---------+-----------+-----------+-----+-----+---------+
    |  Latency (cycles) |   Latency (absolute)  |  Interval | Pipeline|
    |   min   |   max   |    min    |    max    | min | max |   Type  |
    +---------+---------+-----------+-----------+-----+-----+---------+
    |        8|        8| 80.000 ns | 80.000 ns |    8|    8|   none  |
    +---------+---------+-----------+-----------+-----+-----+---------+

    + Detail: 
        * Instance: 
        N/A

        * Loop: 
        N/A



================================================================
== Utilization Estimates
================================================================
* Summary: 
+-----------------+---------+-------+--------+-------+-----+
|       Name      | BRAM_18K| DSP48E|   FF   |  LUT  | URAM|
+-----------------+---------+-------+--------+-------+-----+
|DSP              |        -|     16|       -|      -|    -|
|Expression       |        -|      -|       0|   4051|    -|
|FIFO             |        -|      -|       -|      -|    -|
|Instance         |        -|      -|       -|      -|    -|
|Memory           |        -|      -|       -|      -|    -|
|Multiplexer      |        -|      -|       -|   1235|    -|
|Register         |        -|      -|    3690|      -|    -|
+-----------------+---------+-------+--------+-------+-----+
|Total            |        0|     16|    3690|   5286|    0|
+-----------------+---------+-------+--------+-------+-----+
|Available        |      280|    220|  106400|  53200|    0|
+-----------------+---------+-------+--------+-------+-----+
|Utilization (%)  |        0|      7|       3|      9|    0|
+-----------------+---------+-------+--------+-------+-----+

+ Detail: 
    * Instance: 
    N/A

    * DSP48E: 
    +---------------------------+----------------------+--------------+
    |          Instance         |        Module        |  Expression  |
    +---------------------------+----------------------+--------------+
    |dotprod_parallel7bkb_U481  |dotprod_parallel7bkb  |    i0 * i1   |
    |dotprod_parallel7bkb_U482  |dotprod_parallel7bkb  |    i0 * i1   |
    |dotprod_parallel7bkb_U483  |dotprod_parallel7bkb  |    i0 * i1   |
    |dotprod_parallel7bkb_U484  |dotprod_parallel7bkb  |    i0 * i1   |
    |dotprod_parallel7bkb_U485  |dotprod_parallel7bkb  |    i0 * i1   |
    |dotprod_parallel7bkb_U486  |dotprod_parallel7bkb  |    i0 * i1   |
    |dotprod_parallel7bkb_U487  |dotprod_parallel7bkb  |    i0 * i1   |
    |dotprod_parallel7cud_U488  |dotprod_parallel7cud  | i0 + i1 * i2 |
    |dotprod_parallel7cud_U489  |dotprod_parallel7cud  | i0 + i1 * i2 |
    |dotprod_parallel7cud_U490  |dotprod_parallel7cud  | i0 + i1 * i2 |
    |dotprod_parallel7cud_U491  |dotprod_parallel7cud  | i0 + i1 * i2 |
    |dotprod_parallel7cud_U492  |dotprod_parallel7cud  | i0 + i1 * i2 |
    |dotprod_parallel7cud_U493  |dotprod_parallel7cud  | i0 + i1 * i2 |
    |dotprod_parallel7cud_U494  |dotprod_parallel7cud  | i0 + i1 * i2 |
    |dotprod_parallel7cud_U495  |dotprod_parallel7cud  | i0 + i1 * i2 |
    |dotprod_parallel7cud_U496  |dotprod_parallel7cud  | i0 + i1 * i2 |
    +---------------------------+----------------------+--------------+

    * Memory: 
    N/A

    * FIFO: 
    N/A

    * Expression: 
    +--------------------------+----------+-------+---+----+------------+------------+
    |       Variable Name      | Operation| DSP48E| FF| LUT| Bitwidth P0| Bitwidth P1|
    +--------------------------+----------+-------+---+----+------------+------------+
    |add_ln477_100_fu_2514_p2  |     +    |      0|  0|  32|          32|          32|
    |add_ln477_101_fu_2519_p2  |     +    |      0|  0|  32|          32|          32|
    |add_ln477_102_fu_2653_p2  |     +    |      0|  0|  32|          32|          32|
    |add_ln477_103_fu_2691_p2  |     +    |      0|  0|  32|          32|          32|
    |add_ln477_104_fu_2525_p2  |     +    |      0|  0|  39|          32|          32|
    |add_ln477_105_fu_2531_p2  |     +    |      0|  0|  39|          32|          32|
    |add_ln477_106_fu_2658_p2  |     +    |      0|  0|  32|          32|          32|
    |add_ln477_108_fu_2078_p2  |     +    |      0|  0|  39|          32|          32|
    |add_ln477_109_fu_2219_p2  |     +    |      0|  0|  32|          32|          32|
    |add_ln477_10_fu_2373_p2   |     +    |      0|  0|  32|          32|          32|
    |add_ln477_110_fu_2662_p2  |     +    |      0|  0|  32|          32|          32|
    |add_ln477_111_fu_2224_p2  |     +    |      0|  0|  39|          32|          32|
    |add_ln477_112_fu_2229_p2  |     +    |      0|  0|  39|          32|          32|
    |add_ln477_113_fu_2536_p2  |     +    |      0|  0|  32|          32|          32|
    |add_ln477_115_fu_2361_p2  |     +    |      0|  0|  32|          32|          32|
    |add_ln477_116_fu_2367_p2  |     +    |      0|  0|  32|          32|          32|
    |add_ln477_117_fu_2540_p2  |     +    |      0|  0|  32|          32|          32|
    |add_ln477_118_fu_2545_p2  |     +    |      0|  0|  32|          32|          32|
    |add_ln477_119_fu_2667_p2  |     +    |      0|  0|  32|          32|          32|
    |add_ln477_120_fu_2551_p2  |     +    |      0|  0|  32|          32|          32|
    |add_ln477_122_fu_2557_p2  |     +    |      0|  0|  32|          32|          32|
    |add_ln477_126_fu_2562_p2  |     +    |      0|  0|  39|          32|          32|
    |add_ln477_127_fu_2672_p2  |     +    |      0|  0|  32|          32|          32|
    |add_ln477_12_fu_2289_p2   |     +    |      0|  0|  32|          32|          32|
    |add_ln477_130_fu_2566_p2  |     +    |      0|  0|  32|          32|          32|
    |add_ln477_134_fu_2570_p2  |     +    |      0|  0|  39|          32|          32|
    |add_ln477_135_fu_2574_p2  |     +    |      0|  0|  32|          32|          32|
    |add_ln477_136_fu_2676_p2  |     +    |      0|  0|  32|          32|          32|
    |add_ln477_137_fu_2681_p2  |     +    |      0|  0|  32|          32|          32|
    |add_ln477_138_fu_2695_p2  |     +    |      0|  0|  32|          32|          32|
    |add_ln477_13_fu_2295_p2   |     +    |      0|  0|  32|          32|          32|
    |add_ln477_14_fu_2378_p2   |     +    |      0|  0|  32|          32|          32|
    |add_ln477_15_fu_2383_p2   |     +    |      0|  0|  32|          32|          32|
    |add_ln477_16_fu_2580_p2   |     +    |      0|  0|  32|          32|          32|
    |add_ln477_17_fu_2389_p2   |     +    |      0|  0|  32|          32|          32|
    |add_ln477_18_fu_2008_p2   |     +    |      0|  0|  39|          32|          32|
    |add_ln477_19_fu_2394_p2   |     +    |      0|  0|  32|          32|          32|
    |add_ln477_1_fu_2002_p2    |     +    |      0|  0|  39|          32|          32|
    |add_ln477_20_fu_2132_p2   |     +    |      0|  0|  32|          32|          32|
    |add_ln477_21_fu_2036_p2   |     +    |      0|  0|  32|          32|          32|
    |add_ln477_22_fu_2042_p2   |     +    |      0|  0|  32|          32|          32|
    |add_ln477_23_fu_2138_p2   |     +    |      0|  0|  32|          32|          32|
    |add_ln477_24_fu_2584_p2   |     +    |      0|  0|  32|          32|          32|
    |add_ln477_25_fu_2143_p2   |     +    |      0|  0|  39|          32|          32|
    |add_ln477_26_fu_2148_p2   |     +    |      0|  0|  39|          32|          32|
    |add_ln477_27_fu_2399_p2   |     +    |      0|  0|  32|          32|          32|
    |add_ln477_28_fu_2403_p2   |     +    |      0|  0|  32|          32|          32|
    |add_ln477_29_fu_2301_p2   |     +    |      0|  0|  32|          32|          32|
    |add_ln477_30_fu_2307_p2   |     +    |      0|  0|  32|          32|          32|
    |add_ln477_31_fu_2409_p2   |     +    |      0|  0|  32|          32|          32|
    |add_ln477_32_fu_2414_p2   |     +    |      0|  0|  32|          32|          32|
    |add_ln477_33_fu_2588_p2   |     +    |      0|  0|  32|          32|          32|
    |add_ln477_34_fu_2593_p2   |     +    |      0|  0|  32|          32|          32|
    |add_ln477_35_fu_2420_p2   |     +    |      0|  0|  39|          32|          32|
    |add_ln477_37_fu_2599_p2   |     +    |      0|  0|  32|          32|          32|
    |add_ln477_3_fu_2020_p2    |     +    |      0|  0|  32|          32|          32|
    |add_ln477_40_fu_2154_p2   |     +    |      0|  0|  32|          32|          32|
    |add_ln477_41_fu_2603_p2   |     +    |      0|  0|  32|          32|          32|
    |add_ln477_42_fu_2160_p2   |     +    |      0|  0|  39|          32|          32|
    |add_ln477_44_fu_2425_p2   |     +    |      0|  0|  32|          32|          32|
    |add_ln477_46_fu_2313_p2   |     +    |      0|  0|  32|          32|          32|
    |add_ln477_47_fu_2319_p2   |     +    |      0|  0|  32|          32|          32|
    |add_ln477_48_fu_2430_p2   |     +    |      0|  0|  32|          32|          32|
    |add_ln477_49_fu_2435_p2   |     +    |      0|  0|  32|          32|          32|
    |add_ln477_50_fu_2608_p2   |     +    |      0|  0|  32|          32|          32|
    |add_ln477_51_fu_2441_p2   |     +    |      0|  0|  32|          32|          32|
    |add_ln477_52_fu_2014_p2   |     +    |      0|  0|  39|          32|          32|
    |add_ln477_53_fu_2447_p2   |     +    |      0|  0|  32|          32|          32|
    |add_ln477_54_fu_2165_p2   |     +    |      0|  0|  32|          32|          32|
    |add_ln477_55_fu_2048_p2   |     +    |      0|  0|  32|          32|          32|
    |add_ln477_56_fu_2054_p2   |     +    |      0|  0|  32|          32|          32|
    |add_ln477_57_fu_2171_p2   |     +    |      0|  0|  32|          32|          32|
    |add_ln477_58_fu_2613_p2   |     +    |      0|  0|  32|          32|          32|
    |add_ln477_59_fu_2176_p2   |     +    |      0|  0|  39|          32|          32|
    |add_ln477_60_fu_2181_p2   |     +    |      0|  0|  39|          32|          32|
    |add_ln477_61_fu_2452_p2   |     +    |      0|  0|  32|          32|          32|
    |add_ln477_62_fu_2456_p2   |     +    |      0|  0|  32|          32|          32|
    |add_ln477_63_fu_2325_p2   |     +    |      0|  0|  32|          32|          32|
    |add_ln477_64_fu_2331_p2   |     +    |      0|  0|  32|          32|          32|
    |add_ln477_65_fu_2462_p2   |     +    |      0|  0|  32|          32|          32|
    |add_ln477_66_fu_2467_p2   |     +    |      0|  0|  32|          32|          32|
    |add_ln477_67_fu_2617_p2   |     +    |      0|  0|  32|          32|          32|
    |add_ln477_68_fu_2622_p2   |     +    |      0|  0|  32|          32|          32|
    |add_ln477_69_fu_2687_p2   |     +    |      0|  0|  32|          32|          32|
    |add_ln477_6_fu_2025_p2    |     +    |      0|  0|  32|          32|          32|
    |add_ln477_70_fu_2473_p2   |     +    |      0|  0|  32|          32|          32|
    |add_ln477_72_fu_2479_p2   |     +    |      0|  0|  32|          32|          32|
    |add_ln477_74_fu_2060_p2   |     +    |      0|  0|  39|          32|          32|
    |add_ln477_75_fu_2187_p2   |     +    |      0|  0|  32|          32|          32|
    |add_ln477_76_fu_2628_p2   |     +    |      0|  0|  32|          32|          32|
    |add_ln477_77_fu_2192_p2   |     +    |      0|  0|  39|          32|          32|
    |add_ln477_79_fu_2484_p2   |     +    |      0|  0|  32|          32|          32|
    |add_ln477_7_fu_2030_p2    |     +    |      0|  0|  32|          32|          32|
    |add_ln477_81_fu_2337_p2   |     +    |      0|  0|  32|          32|          32|
    |add_ln477_82_fu_2343_p2   |     +    |      0|  0|  32|          32|          32|
    |add_ln477_83_fu_2488_p2   |     +    |      0|  0|  32|          32|          32|
    |add_ln477_84_fu_2493_p2   |     +    |      0|  0|  32|          32|          32|
    |add_ln477_85_fu_2632_p2   |     +    |      0|  0|  32|          32|          32|
    |add_ln477_86_fu_2637_p2   |     +    |      0|  0|  32|          32|          32|
    |add_ln477_87_fu_2499_p2   |     +    |      0|  0|  39|          32|          32|
    |add_ln477_88_fu_2643_p2   |     +    |      0|  0|  32|          32|          32|
    |add_ln477_89_fu_2197_p2   |     +    |      0|  0|  32|          32|          32|
    |add_ln477_8_fu_2126_p2    |     +    |      0|  0|  39|          32|          32|
    |add_ln477_90_fu_2066_p2   |     +    |      0|  0|  32|          32|          32|
    |add_ln477_91_fu_2072_p2   |     +    |      0|  0|  32|          32|          32|
    |add_ln477_92_fu_2203_p2   |     +    |      0|  0|  32|          32|          32|
    |add_ln477_93_fu_2648_p2   |     +    |      0|  0|  32|          32|          32|
    |add_ln477_94_fu_2208_p2   |     +    |      0|  0|  39|          32|          32|
    |add_ln477_95_fu_2213_p2   |     +    |      0|  0|  39|          32|          32|
    |add_ln477_96_fu_2504_p2   |     +    |      0|  0|  32|          32|          32|
    |add_ln477_97_fu_2508_p2   |     +    |      0|  0|  32|          32|          32|
    |add_ln477_98_fu_2349_p2   |     +    |      0|  0|  32|          32|          32|
    |add_ln477_99_fu_2355_p2   |     +    |      0|  0|  32|          32|          32|
    |grp_fu_1889_p2            |     +    |      0|  0|  39|          32|          32|
    |grp_fu_1895_p2            |     +    |      0|  0|  39|          32|          32|
    |grp_fu_1901_p2            |     +    |      0|  0|  39|          32|          32|
    |grp_fu_1978_p2            |     +    |      0|  0|  32|          32|          32|
    |grp_fu_1984_p2            |     +    |      0|  0|  32|          32|          32|
    |grp_fu_1990_p2            |     +    |      0|  0|  32|          32|          32|
    |grp_fu_1996_p2            |     +    |      0|  0|  32|          32|          32|
    |out_r                     |     +    |      0|  0|  32|          32|          32|
    |ap_block_state1           |    or    |      0|  0|   2|           1|           1|
    |ap_block_state4           |    or    |      0|  0|   2|           1|           1|
    +--------------------------+----------+-------+---+----+------------+------------+
    |Total                     |          |      0|  0|4051|        3874|        3874|
    +--------------------------+----------+-------+---+----+------------+------------+

    * Multiplexer: 
    +------------------------+----+-----------+-----+-----------+
    |          Name          | LUT| Input Size| Bits| Total Bits|
    +------------------------+----+-----------+-----+-----------+
    |ap_NS_fsm               |  47|         10|    1|         10|
    |ap_done                 |   9|          2|    1|          2|
    |reg_1919                |   9|          2|   32|         64|
    |reg_1924                |   9|          2|   32|         64|
    |reg_1933                |   9|          2|   32|         64|
    |reg_1942                |   9|          2|   32|         64|
    |reg_1947                |   9|          2|   32|         64|
    |reg_1964                |   9|          2|   32|         64|
    |reg_1969                |   9|          2|   32|         64|
    |sum_array_0_0_address0  |  33|          6|    4|         24|
    |sum_array_0_0_address1  |  27|          5|    4|         20|
    |sum_array_0_1_address0  |  33|          6|    4|         24|
    |sum_array_0_1_address1  |  27|          5|    4|         20|
    |sum_array_1_0_address0  |  33|          6|    4|         24|
    |sum_array_1_0_address1  |  27|          5|    4|         20|
    |sum_array_1_1_address0  |  33|          6|    4|         24|
    |sum_array_1_1_address1  |  27|          5|    4|         20|
    |sum_array_2_0_address0  |  33|          6|    4|         24|
    |sum_array_2_0_address1  |  27|          5|    4|         20|
    |sum_array_2_1_address0  |  33|          6|    4|         24|
    |sum_array_2_1_address1  |  27|          5|    4|         20|
    |sum_array_3_0_address0  |  33|          6|    4|         24|
    |sum_array_3_0_address1  |  27|          5|    4|         20|
    |sum_array_3_1_address0  |  33|          6|    4|         24|
    |sum_array_3_1_address1  |  27|          5|    4|         20|
    |sum_array_4_0_address0  |  33|          6|    4|         24|
    |sum_array_4_0_address1  |  27|          5|    4|         20|
    |sum_array_4_1_address0  |  33|          6|    4|         24|
    |sum_array_4_1_address1  |  27|          5|    4|         20|
    |sum_array_5_0_address0  |  33|          6|    4|         24|
    |sum_array_5_0_address1  |  27|          5|    4|         20|
    |sum_array_5_1_address0  |  33|          6|    4|         24|
    |sum_array_5_1_address1  |  27|          5|    4|         20|
    |sum_array_6_0_address0  |  27|          5|    3|         15|
    |sum_array_6_0_address1  |  27|          5|    3|         15|
    |sum_array_6_1_address0  |  27|          5|    3|         15|
    |sum_array_6_1_address1  |  27|          5|    3|         15|
    |x_0_0_blk_n             |   9|          2|    1|          2|
    |x_0_10_blk_n            |   9|          2|    1|          2|
    |x_0_11_blk_n            |   9|          2|    1|          2|
    |x_0_12_blk_n            |   9|          2|    1|          2|
    |x_0_1_blk_n             |   9|          2|    1|          2|
    |x_0_2_blk_n             |   9|          2|    1|          2|
    |x_0_3_blk_n             |   9|          2|    1|          2|
    |x_0_4_blk_n             |   9|          2|    1|          2|
    |x_0_5_blk_n             |   9|          2|    1|          2|
    |x_0_6_blk_n             |   9|          2|    1|          2|
    |x_0_7_blk_n             |   9|          2|    1|          2|
    |x_0_8_blk_n             |   9|          2|    1|          2|
    |x_0_9_blk_n             |   9|          2|    1|          2|
    |x_8_0_blk_n             |   9|          2|    1|          2|
    |x_8_1_blk_n             |   9|          2|    1|          2|
    |x_8_2_blk_n             |   9|          2|    1|          2|
    |y_0_0_blk_n             |   9|          2|    1|          2|
    |y_0_10_blk_n            |   9|          2|    1|          2|
    |y_0_11_blk_n            |   9|          2|    1|          2|
    |y_0_12_blk_n            |   9|          2|    1|          2|
    |y_0_1_blk_n             |   9|          2|    1|          2|
    |y_0_2_blk_n             |   9|          2|    1|          2|
    |y_0_3_blk_n             |   9|          2|    1|          2|
    |y_0_4_blk_n             |   9|          2|    1|          2|
    |y_0_5_blk_n             |   9|          2|    1|          2|
    |y_0_6_blk_n             |   9|          2|    1|          2|
    |y_0_7_blk_n             |   9|          2|    1|          2|
    |y_0_8_blk_n             |   9|          2|    1|          2|
    |y_0_9_blk_n             |   9|          2|    1|          2|
    |y_8_0_blk_n             |   9|          2|    1|          2|
    |y_8_1_blk_n             |   9|          2|    1|          2|
    |y_8_2_blk_n             |   9|          2|    1|          2|
    +------------------------+----+-----------+-----+-----------+
    |Total                   |1235|        242|  366|       1112|
    +------------------------+----+-----------+-----+-----------+

    * Register: 
    +-------------------------------+----+----+-----+-----------+
    |              Name             | FF | LUT| Bits| Const Bits|
    +-------------------------------+----+----+-----+-----------+
    |add_ln477_101_reg_3949         |  32|   0|   32|          0|
    |add_ln477_102_reg_3999         |  32|   0|   32|          0|
    |add_ln477_104_reg_3954         |  32|   0|   32|          0|
    |add_ln477_105_reg_3959         |  32|   0|   32|          0|
    |add_ln477_108_reg_3489         |  32|   0|   32|          0|
    |add_ln477_109_reg_3744         |  32|   0|   32|          0|
    |add_ln477_111_reg_3749         |  32|   0|   32|          0|
    |add_ln477_112_reg_3754         |  32|   0|   32|          0|
    |add_ln477_116_reg_3859         |  32|   0|   32|          0|
    |add_ln477_118_reg_3964         |  32|   0|   32|          0|
    |add_ln477_121_reg_3864         |  32|   0|   32|          0|
    |add_ln477_122_reg_3969         |  32|   0|   32|          0|
    |add_ln477_123_reg_3869         |  32|   0|   32|          0|
    |add_ln477_125_reg_3874         |  32|   0|   32|          0|
    |add_ln477_126_reg_3974         |  32|   0|   32|          0|
    |add_ln477_128_reg_3879         |  32|   0|   32|          0|
    |add_ln477_129_reg_3884         |  32|   0|   32|          0|
    |add_ln477_131_reg_3889         |  32|   0|   32|          0|
    |add_ln477_133_reg_3894         |  32|   0|   32|          0|
    |add_ln477_135_reg_3979         |  32|   0|   32|          0|
    |add_ln477_137_reg_4004         |  32|   0|   32|          0|
    |add_ln477_13_reg_3829          |  32|   0|   32|          0|
    |add_ln477_15_reg_3899          |  32|   0|   32|          0|
    |add_ln477_18_reg_3114          |  32|   0|   32|          0|
    |add_ln477_19_reg_3904          |  32|   0|   32|          0|
    |add_ln477_1_reg_2964           |  32|   0|   32|          0|
    |add_ln477_22_reg_3469          |  32|   0|   32|          0|
    |add_ln477_23_reg_3674          |  32|   0|   32|          0|
    |add_ln477_25_reg_3679          |  32|   0|   32|          0|
    |add_ln477_26_reg_3684          |  32|   0|   32|          0|
    |add_ln477_30_reg_3834          |  32|   0|   32|          0|
    |add_ln477_32_reg_3909          |  32|   0|   32|          0|
    |add_ln477_34_reg_3984          |  32|   0|   32|          0|
    |add_ln477_35_reg_3914          |  32|   0|   32|          0|
    |add_ln477_36_reg_3119          |  32|   0|   32|          0|
    |add_ln477_40_reg_3689          |  32|   0|   32|          0|
    |add_ln477_42_reg_3694          |  32|   0|   32|          0|
    |add_ln477_47_reg_3839          |  32|   0|   32|          0|
    |add_ln477_49_reg_3919          |  32|   0|   32|          0|
    |add_ln477_52_reg_3124          |  32|   0|   32|          0|
    |add_ln477_53_reg_3924          |  32|   0|   32|          0|
    |add_ln477_56_reg_3474          |  32|   0|   32|          0|
    |add_ln477_57_reg_3699          |  32|   0|   32|          0|
    |add_ln477_59_reg_3704          |  32|   0|   32|          0|
    |add_ln477_5_reg_3109           |  32|   0|   32|          0|
    |add_ln477_60_reg_3709          |  32|   0|   32|          0|
    |add_ln477_64_reg_3844          |  32|   0|   32|          0|
    |add_ln477_66_reg_3929          |  32|   0|   32|          0|
    |add_ln477_68_reg_3989          |  32|   0|   32|          0|
    |add_ln477_71_reg_3129          |  32|   0|   32|          0|
    |add_ln477_72_reg_3934          |  32|   0|   32|          0|
    |add_ln477_74_reg_3479          |  32|   0|   32|          0|
    |add_ln477_75_reg_3714          |  32|   0|   32|          0|
    |add_ln477_77_reg_3719          |  32|   0|   32|          0|
    |add_ln477_78_reg_3724          |  32|   0|   32|          0|
    |add_ln477_7_reg_3464           |  32|   0|   32|          0|
    |add_ln477_82_reg_3849          |  32|   0|   32|          0|
    |add_ln477_84_reg_3939          |  32|   0|   32|          0|
    |add_ln477_85_reg_3994          |  32|   0|   32|          0|
    |add_ln477_87_reg_3944          |  32|   0|   32|          0|
    |add_ln477_8_reg_3669           |  32|   0|   32|          0|
    |add_ln477_91_reg_3484          |  32|   0|   32|          0|
    |add_ln477_92_reg_3729          |  32|   0|   32|          0|
    |add_ln477_94_reg_3734          |  32|   0|   32|          0|
    |add_ln477_95_reg_3739          |  32|   0|   32|          0|
    |add_ln477_99_reg_3854          |  32|   0|   32|          0|
    |ap_CS_fsm                      |   9|   0|    9|          0|
    |ap_done_reg                    |   1|   0|    1|          0|
    |reg_1907                       |  32|   0|   32|          0|
    |reg_1911                       |  32|   0|   32|          0|
    |reg_1915                       |  32|   0|   32|          0|
    |reg_1919                       |  32|   0|   32|          0|
    |reg_1924                       |  32|   0|   32|          0|
    |reg_1929                       |  32|   0|   32|          0|
    |reg_1933                       |  32|   0|   32|          0|
    |reg_1938                       |  32|   0|   32|          0|
    |reg_1942                       |  32|   0|   32|          0|
    |reg_1947                       |  32|   0|   32|          0|
    |reg_1952                       |  32|   0|   32|          0|
    |reg_1956                       |  32|   0|   32|          0|
    |reg_1960                       |  32|   0|   32|          0|
    |reg_1964                       |  32|   0|   32|          0|
    |reg_1969                       |  32|   0|   32|          0|
    |reg_1974                       |  32|   0|   32|          0|
    |sum_array_1_0_load_4_reg_3154  |  32|   0|   32|          0|
    |sum_array_1_0_load_reg_2884    |  32|   0|   32|          0|
    |sum_array_2_0_load_reg_2994    |  32|   0|   32|          0|
    |sum_array_2_1_load_3_reg_3179  |  32|   0|   32|          0|
    |sum_array_3_1_load_3_reg_3204  |  32|   0|   32|          0|
    |sum_array_4_0_load_3_reg_3229  |  32|   0|   32|          0|
    |sum_array_5_0_load_3_reg_3254  |  32|   0|   32|          0|
    |sum_array_5_0_load_reg_3059    |  32|   0|   32|          0|
    |sum_array_6_0_load_reg_3084    |  32|   0|   32|          0|
    |sum_array_6_1_load_2_reg_3279  |  32|   0|   32|          0|
    |temp_l83_i10_w1_reg_3654       |  32|   0|   32|          0|
    |temp_l83_i12_w1_reg_3659       |  32|   0|   32|          0|
    |temp_l83_i1999_w1_reg_3664     |  32|   0|   32|          0|
    |temp_l83_i1_w1_reg_3634        |  32|   0|   32|          0|
    |temp_l83_i3_w1_reg_3639        |  32|   0|   32|          0|
    |temp_l83_i6_w1_reg_3644        |  32|   0|   32|          0|
    |temp_l83_i8_w1_reg_3649        |  32|   0|   32|          0|
    |x_0_0_read_reg_3304            |  16|   0|   16|          0|
    |x_0_10_read_reg_3404           |  16|   0|   16|          0|
    |x_0_11_read_reg_3414           |  16|   0|   16|          0|
    |x_0_12_read_reg_3424           |  16|   0|   16|          0|
    |x_0_1_read_reg_3314            |  16|   0|   16|          0|
    |x_0_2_read_reg_3324            |  16|   0|   16|          0|
    |x_0_3_read_reg_3334            |  16|   0|   16|          0|
    |x_0_4_read_reg_3344            |  16|   0|   16|          0|
    |x_0_5_read_reg_3354            |  16|   0|   16|          0|
    |x_0_6_read_reg_3364            |  16|   0|   16|          0|
    |x_0_7_read_reg_3374            |  16|   0|   16|          0|
    |x_0_8_read_reg_3384            |  16|   0|   16|          0|
    |x_0_9_read_reg_3394            |  16|   0|   16|          0|
    |x_8_0_read_reg_3434            |  16|   0|   16|          0|
    |x_8_1_read_reg_3444            |  16|   0|   16|          0|
    |x_8_2_read_reg_3454            |  16|   0|   16|          0|
    |y_0_0_read_reg_3309            |  16|   0|   16|          0|
    |y_0_10_read_reg_3409           |  16|   0|   16|          0|
    |y_0_11_read_reg_3419           |  16|   0|   16|          0|
    |y_0_12_read_reg_3429           |  16|   0|   16|          0|
    |y_0_1_read_reg_3319            |  16|   0|   16|          0|
    |y_0_2_read_reg_3329            |  16|   0|   16|          0|
    |y_0_3_read_reg_3339            |  16|   0|   16|          0|
    |y_0_4_read_reg_3349            |  16|   0|   16|          0|
    |y_0_5_read_reg_3359            |  16|   0|   16|          0|
    |y_0_6_read_reg_3369            |  16|   0|   16|          0|
    |y_0_7_read_reg_3379            |  16|   0|   16|          0|
    |y_0_8_read_reg_3389            |  16|   0|   16|          0|
    |y_0_9_read_reg_3399            |  16|   0|   16|          0|
    |y_8_0_read_reg_3439            |  16|   0|   16|          0|
    |y_8_1_read_reg_3449            |  16|   0|   16|          0|
    |y_8_2_read_reg_3459            |  16|   0|   16|          0|
    +-------------------------------+----+----+-----+-----------+
    |Total                          |3690|   0| 3690|          0|
    +-------------------------------+----+----+-----+-----------+



================================================================
== Interface
================================================================
* Summary: 
+------------------------+-----+-----+------------+---------------+--------------+
|        RTL Ports       | Dir | Bits|  Protocol  | Source Object |    C Type    |
+------------------------+-----+-----+------------+---------------+--------------+
|ap_clk                  |  in |    1| ap_ctrl_hs |    epilogue   | return value |
|ap_rst                  |  in |    1| ap_ctrl_hs |    epilogue   | return value |
|ap_start                |  in |    1| ap_ctrl_hs |    epilogue   | return value |
|ap_done                 | out |    1| ap_ctrl_hs |    epilogue   | return value |
|ap_continue             |  in |    1| ap_ctrl_hs |    epilogue   | return value |
|ap_idle                 | out |    1| ap_ctrl_hs |    epilogue   | return value |
|ap_ready                | out |    1| ap_ctrl_hs |    epilogue   | return value |
|x_8_0_dout              |  in |   16|   ap_fifo  |     x_8_0     |    pointer   |
|x_8_0_empty_n           |  in |    1|   ap_fifo  |     x_8_0     |    pointer   |
|x_8_0_read              | out |    1|   ap_fifo  |     x_8_0     |    pointer   |
|x_8_1_dout              |  in |   16|   ap_fifo  |     x_8_1     |    pointer   |
|x_8_1_empty_n           |  in |    1|   ap_fifo  |     x_8_1     |    pointer   |
|x_8_1_read              | out |    1|   ap_fifo  |     x_8_1     |    pointer   |
|x_8_2_dout              |  in |   16|   ap_fifo  |     x_8_2     |    pointer   |
|x_8_2_empty_n           |  in |    1|   ap_fifo  |     x_8_2     |    pointer   |
|x_8_2_read              | out |    1|   ap_fifo  |     x_8_2     |    pointer   |
|sum_array_3_0_address0  | out |    4|  ap_memory | sum_array_3_0 |     array    |
|sum_array_3_0_ce0       | out |    1|  ap_memory | sum_array_3_0 |     array    |
|sum_array_3_0_q0        |  in |   32|  ap_memory | sum_array_3_0 |     array    |
|sum_array_3_0_address1  | out |    4|  ap_memory | sum_array_3_0 |     array    |
|sum_array_3_0_ce1       | out |    1|  ap_memory | sum_array_3_0 |     array    |
|sum_array_3_0_q1        |  in |   32|  ap_memory | sum_array_3_0 |     array    |
|sum_array_3_1_address0  | out |    4|  ap_memory | sum_array_3_1 |     array    |
|sum_array_3_1_ce0       | out |    1|  ap_memory | sum_array_3_1 |     array    |
|sum_array_3_1_q0        |  in |   32|  ap_memory | sum_array_3_1 |     array    |
|sum_array_3_1_address1  | out |    4|  ap_memory | sum_array_3_1 |     array    |
|sum_array_3_1_ce1       | out |    1|  ap_memory | sum_array_3_1 |     array    |
|sum_array_3_1_q1        |  in |   32|  ap_memory | sum_array_3_1 |     array    |
|sum_array_2_0_address0  | out |    4|  ap_memory | sum_array_2_0 |     array    |
|sum_array_2_0_ce0       | out |    1|  ap_memory | sum_array_2_0 |     array    |
|sum_array_2_0_q0        |  in |   32|  ap_memory | sum_array_2_0 |     array    |
|sum_array_2_0_address1  | out |    4|  ap_memory | sum_array_2_0 |     array    |
|sum_array_2_0_ce1       | out |    1|  ap_memory | sum_array_2_0 |     array    |
|sum_array_2_0_q1        |  in |   32|  ap_memory | sum_array_2_0 |     array    |
|sum_array_2_1_address0  | out |    4|  ap_memory | sum_array_2_1 |     array    |
|sum_array_2_1_ce0       | out |    1|  ap_memory | sum_array_2_1 |     array    |
|sum_array_2_1_q0        |  in |   32|  ap_memory | sum_array_2_1 |     array    |
|sum_array_2_1_address1  | out |    4|  ap_memory | sum_array_2_1 |     array    |
|sum_array_2_1_ce1       | out |    1|  ap_memory | sum_array_2_1 |     array    |
|sum_array_2_1_q1        |  in |   32|  ap_memory | sum_array_2_1 |     array    |
|sum_array_5_0_address0  | out |    4|  ap_memory | sum_array_5_0 |     array    |
|sum_array_5_0_ce0       | out |    1|  ap_memory | sum_array_5_0 |     array    |
|sum_array_5_0_q0        |  in |   32|  ap_memory | sum_array_5_0 |     array    |
|sum_array_5_0_address1  | out |    4|  ap_memory | sum_array_5_0 |     array    |
|sum_array_5_0_ce1       | out |    1|  ap_memory | sum_array_5_0 |     array    |
|sum_array_5_0_q1        |  in |   32|  ap_memory | sum_array_5_0 |     array    |
|sum_array_5_1_address0  | out |    4|  ap_memory | sum_array_5_1 |     array    |
|sum_array_5_1_ce0       | out |    1|  ap_memory | sum_array_5_1 |     array    |
|sum_array_5_1_q0        |  in |   32|  ap_memory | sum_array_5_1 |     array    |
|sum_array_5_1_address1  | out |    4|  ap_memory | sum_array_5_1 |     array    |
|sum_array_5_1_ce1       | out |    1|  ap_memory | sum_array_5_1 |     array    |
|sum_array_5_1_q1        |  in |   32|  ap_memory | sum_array_5_1 |     array    |
|y_8_0_dout              |  in |   16|   ap_fifo  |     y_8_0     |    pointer   |
|y_8_0_empty_n           |  in |    1|   ap_fifo  |     y_8_0     |    pointer   |
|y_8_0_read              | out |    1|   ap_fifo  |     y_8_0     |    pointer   |
|y_8_1_dout              |  in |   16|   ap_fifo  |     y_8_1     |    pointer   |
|y_8_1_empty_n           |  in |    1|   ap_fifo  |     y_8_1     |    pointer   |
|y_8_1_read              | out |    1|   ap_fifo  |     y_8_1     |    pointer   |
|y_8_2_dout              |  in |   16|   ap_fifo  |     y_8_2     |    pointer   |
|y_8_2_empty_n           |  in |    1|   ap_fifo  |     y_8_2     |    pointer   |
|y_8_2_read              | out |    1|   ap_fifo  |     y_8_2     |    pointer   |
|sum_array_4_0_address0  | out |    4|  ap_memory | sum_array_4_0 |     array    |
|sum_array_4_0_ce0       | out |    1|  ap_memory | sum_array_4_0 |     array    |
|sum_array_4_0_q0        |  in |   32|  ap_memory | sum_array_4_0 |     array    |
|sum_array_4_0_address1  | out |    4|  ap_memory | sum_array_4_0 |     array    |
|sum_array_4_0_ce1       | out |    1|  ap_memory | sum_array_4_0 |     array    |
|sum_array_4_0_q1        |  in |   32|  ap_memory | sum_array_4_0 |     array    |
|sum_array_4_1_address0  | out |    4|  ap_memory | sum_array_4_1 |     array    |
|sum_array_4_1_ce0       | out |    1|  ap_memory | sum_array_4_1 |     array    |
|sum_array_4_1_q0        |  in |   32|  ap_memory | sum_array_4_1 |     array    |
|sum_array_4_1_address1  | out |    4|  ap_memory | sum_array_4_1 |     array    |
|sum_array_4_1_ce1       | out |    1|  ap_memory | sum_array_4_1 |     array    |
|sum_array_4_1_q1        |  in |   32|  ap_memory | sum_array_4_1 |     array    |
|sum_array_6_0_address0  | out |    3|  ap_memory | sum_array_6_0 |     array    |
|sum_array_6_0_ce0       | out |    1|  ap_memory | sum_array_6_0 |     array    |
|sum_array_6_0_q0        |  in |   32|  ap_memory | sum_array_6_0 |     array    |
|sum_array_6_0_address1  | out |    3|  ap_memory | sum_array_6_0 |     array    |
|sum_array_6_0_ce1       | out |    1|  ap_memory | sum_array_6_0 |     array    |
|sum_array_6_0_q1        |  in |   32|  ap_memory | sum_array_6_0 |     array    |
|sum_array_6_1_address0  | out |    3|  ap_memory | sum_array_6_1 |     array    |
|sum_array_6_1_ce0       | out |    1|  ap_memory | sum_array_6_1 |     array    |
|sum_array_6_1_q0        |  in |   32|  ap_memory | sum_array_6_1 |     array    |
|sum_array_6_1_address1  | out |    3|  ap_memory | sum_array_6_1 |     array    |
|sum_array_6_1_ce1       | out |    1|  ap_memory | sum_array_6_1 |     array    |
|sum_array_6_1_q1        |  in |   32|  ap_memory | sum_array_6_1 |     array    |
|x_0_0_dout              |  in |   16|   ap_fifo  |     x_0_0     |    pointer   |
|x_0_0_empty_n           |  in |    1|   ap_fifo  |     x_0_0     |    pointer   |
|x_0_0_read              | out |    1|   ap_fifo  |     x_0_0     |    pointer   |
|x_0_1_dout              |  in |   16|   ap_fifo  |     x_0_1     |    pointer   |
|x_0_1_empty_n           |  in |    1|   ap_fifo  |     x_0_1     |    pointer   |
|x_0_1_read              | out |    1|   ap_fifo  |     x_0_1     |    pointer   |
|x_0_2_dout              |  in |   16|   ap_fifo  |     x_0_2     |    pointer   |
|x_0_2_empty_n           |  in |    1|   ap_fifo  |     x_0_2     |    pointer   |
|x_0_2_read              | out |    1|   ap_fifo  |     x_0_2     |    pointer   |
|x_0_3_dout              |  in |   16|   ap_fifo  |     x_0_3     |    pointer   |
|x_0_3_empty_n           |  in |    1|   ap_fifo  |     x_0_3     |    pointer   |
|x_0_3_read              | out |    1|   ap_fifo  |     x_0_3     |    pointer   |
|x_0_4_dout              |  in |   16|   ap_fifo  |     x_0_4     |    pointer   |
|x_0_4_empty_n           |  in |    1|   ap_fifo  |     x_0_4     |    pointer   |
|x_0_4_read              | out |    1|   ap_fifo  |     x_0_4     |    pointer   |
|x_0_5_dout              |  in |   16|   ap_fifo  |     x_0_5     |    pointer   |
|x_0_5_empty_n           |  in |    1|   ap_fifo  |     x_0_5     |    pointer   |
|x_0_5_read              | out |    1|   ap_fifo  |     x_0_5     |    pointer   |
|x_0_6_dout              |  in |   16|   ap_fifo  |     x_0_6     |    pointer   |
|x_0_6_empty_n           |  in |    1|   ap_fifo  |     x_0_6     |    pointer   |
|x_0_6_read              | out |    1|   ap_fifo  |     x_0_6     |    pointer   |
|x_0_7_dout              |  in |   16|   ap_fifo  |     x_0_7     |    pointer   |
|x_0_7_empty_n           |  in |    1|   ap_fifo  |     x_0_7     |    pointer   |
|x_0_7_read              | out |    1|   ap_fifo  |     x_0_7     |    pointer   |
|x_0_8_dout              |  in |   16|   ap_fifo  |     x_0_8     |    pointer   |
|x_0_8_empty_n           |  in |    1|   ap_fifo  |     x_0_8     |    pointer   |
|x_0_8_read              | out |    1|   ap_fifo  |     x_0_8     |    pointer   |
|x_0_9_dout              |  in |   16|   ap_fifo  |     x_0_9     |    pointer   |
|x_0_9_empty_n           |  in |    1|   ap_fifo  |     x_0_9     |    pointer   |
|x_0_9_read              | out |    1|   ap_fifo  |     x_0_9     |    pointer   |
|x_0_10_dout             |  in |   16|   ap_fifo  |     x_0_10    |    pointer   |
|x_0_10_empty_n          |  in |    1|   ap_fifo  |     x_0_10    |    pointer   |
|x_0_10_read             | out |    1|   ap_fifo  |     x_0_10    |    pointer   |
|x_0_11_dout             |  in |   16|   ap_fifo  |     x_0_11    |    pointer   |
|x_0_11_empty_n          |  in |    1|   ap_fifo  |     x_0_11    |    pointer   |
|x_0_11_read             | out |    1|   ap_fifo  |     x_0_11    |    pointer   |
|x_0_12_dout             |  in |   16|   ap_fifo  |     x_0_12    |    pointer   |
|x_0_12_empty_n          |  in |    1|   ap_fifo  |     x_0_12    |    pointer   |
|x_0_12_read             | out |    1|   ap_fifo  |     x_0_12    |    pointer   |
|y_0_0_dout              |  in |   16|   ap_fifo  |     y_0_0     |    pointer   |
|y_0_0_empty_n           |  in |    1|   ap_fifo  |     y_0_0     |    pointer   |
|y_0_0_read              | out |    1|   ap_fifo  |     y_0_0     |    pointer   |
|y_0_1_dout              |  in |   16|   ap_fifo  |     y_0_1     |    pointer   |
|y_0_1_empty_n           |  in |    1|   ap_fifo  |     y_0_1     |    pointer   |
|y_0_1_read              | out |    1|   ap_fifo  |     y_0_1     |    pointer   |
|y_0_2_dout              |  in |   16|   ap_fifo  |     y_0_2     |    pointer   |
|y_0_2_empty_n           |  in |    1|   ap_fifo  |     y_0_2     |    pointer   |
|y_0_2_read              | out |    1|   ap_fifo  |     y_0_2     |    pointer   |
|y_0_3_dout              |  in |   16|   ap_fifo  |     y_0_3     |    pointer   |
|y_0_3_empty_n           |  in |    1|   ap_fifo  |     y_0_3     |    pointer   |
|y_0_3_read              | out |    1|   ap_fifo  |     y_0_3     |    pointer   |
|y_0_4_dout              |  in |   16|   ap_fifo  |     y_0_4     |    pointer   |
|y_0_4_empty_n           |  in |    1|   ap_fifo  |     y_0_4     |    pointer   |
|y_0_4_read              | out |    1|   ap_fifo  |     y_0_4     |    pointer   |
|y_0_5_dout              |  in |   16|   ap_fifo  |     y_0_5     |    pointer   |
|y_0_5_empty_n           |  in |    1|   ap_fifo  |     y_0_5     |    pointer   |
|y_0_5_read              | out |    1|   ap_fifo  |     y_0_5     |    pointer   |
|y_0_6_dout              |  in |   16|   ap_fifo  |     y_0_6     |    pointer   |
|y_0_6_empty_n           |  in |    1|   ap_fifo  |     y_0_6     |    pointer   |
|y_0_6_read              | out |    1|   ap_fifo  |     y_0_6     |    pointer   |
|y_0_7_dout              |  in |   16|   ap_fifo  |     y_0_7     |    pointer   |
|y_0_7_empty_n           |  in |    1|   ap_fifo  |     y_0_7     |    pointer   |
|y_0_7_read              | out |    1|   ap_fifo  |     y_0_7     |    pointer   |
|y_0_8_dout              |  in |   16|   ap_fifo  |     y_0_8     |    pointer   |
|y_0_8_empty_n           |  in |    1|   ap_fifo  |     y_0_8     |    pointer   |
|y_0_8_read              | out |    1|   ap_fifo  |     y_0_8     |    pointer   |
|y_0_9_dout              |  in |   16|   ap_fifo  |     y_0_9     |    pointer   |
|y_0_9_empty_n           |  in |    1|   ap_fifo  |     y_0_9     |    pointer   |
|y_0_9_read              | out |    1|   ap_fifo  |     y_0_9     |    pointer   |
|y_0_10_dout             |  in |   16|   ap_fifo  |     y_0_10    |    pointer   |
|y_0_10_empty_n          |  in |    1|   ap_fifo  |     y_0_10    |    pointer   |
|y_0_10_read             | out |    1|   ap_fifo  |     y_0_10    |    pointer   |
|y_0_11_dout             |  in |   16|   ap_fifo  |     y_0_11    |    pointer   |
|y_0_11_empty_n          |  in |    1|   ap_fifo  |     y_0_11    |    pointer   |
|y_0_11_read             | out |    1|   ap_fifo  |     y_0_11    |    pointer   |
|y_0_12_dout             |  in |   16|   ap_fifo  |     y_0_12    |    pointer   |
|y_0_12_empty_n          |  in |    1|   ap_fifo  |     y_0_12    |    pointer   |
|y_0_12_read             | out |    1|   ap_fifo  |     y_0_12    |    pointer   |
|sum_array_1_0_address0  | out |    4|  ap_memory | sum_array_1_0 |     array    |
|sum_array_1_0_ce0       | out |    1|  ap_memory | sum_array_1_0 |     array    |
|sum_array_1_0_q0        |  in |   32|  ap_memory | sum_array_1_0 |     array    |
|sum_array_1_0_address1  | out |    4|  ap_memory | sum_array_1_0 |     array    |
|sum_array_1_0_ce1       | out |    1|  ap_memory | sum_array_1_0 |     array    |
|sum_array_1_0_q1        |  in |   32|  ap_memory | sum_array_1_0 |     array    |
|sum_array_1_1_address0  | out |    4|  ap_memory | sum_array_1_1 |     array    |
|sum_array_1_1_ce0       | out |    1|  ap_memory | sum_array_1_1 |     array    |
|sum_array_1_1_q0        |  in |   32|  ap_memory | sum_array_1_1 |     array    |
|sum_array_1_1_address1  | out |    4|  ap_memory | sum_array_1_1 |     array    |
|sum_array_1_1_ce1       | out |    1|  ap_memory | sum_array_1_1 |     array    |
|sum_array_1_1_q1        |  in |   32|  ap_memory | sum_array_1_1 |     array    |
|sum_array_0_0_address0  | out |    4|  ap_memory | sum_array_0_0 |     array    |
|sum_array_0_0_ce0       | out |    1|  ap_memory | sum_array_0_0 |     array    |
|sum_array_0_0_q0        |  in |   32|  ap_memory | sum_array_0_0 |     array    |
|sum_array_0_0_address1  | out |    4|  ap_memory | sum_array_0_0 |     array    |
|sum_array_0_0_ce1       | out |    1|  ap_memory | sum_array_0_0 |     array    |
|sum_array_0_0_q1        |  in |   32|  ap_memory | sum_array_0_0 |     array    |
|sum_array_0_1_address0  | out |    4|  ap_memory | sum_array_0_1 |     array    |
|sum_array_0_1_ce0       | out |    1|  ap_memory | sum_array_0_1 |     array    |
|sum_array_0_1_q0        |  in |   32|  ap_memory | sum_array_0_1 |     array    |
|sum_array_0_1_address1  | out |    4|  ap_memory | sum_array_0_1 |     array    |
|sum_array_0_1_ce1       | out |    1|  ap_memory | sum_array_0_1 |     array    |
|sum_array_0_1_q1        |  in |   32|  ap_memory | sum_array_0_1 |     array    |
|out_r                   | out |   32|   ap_vld   |     out_r     |    pointer   |
|out_r_ap_vld            | out |    1|   ap_vld   |     out_r     |    pointer   |
+------------------------+-----+-----+------------+---------------+--------------+

