

================================================================
== Vivado HLS Report for 'epilogue'
================================================================
* Date:           Wed Sep 16 11:19:00 2020

* Version:        2019.2 (Build 2704478 on Wed Nov 06 22:10:23 MST 2019)
* Project:        knn
* Solution:       solution1
* Product family: zynq
* Target device:  xc7z020-clg484-1


================================================================
== Performance Estimates
================================================================
+ Timing: 
    * Summary: 
    +--------+----------+----------+------------+
    |  Clock |  Target  | Estimated| Uncertainty|
    +--------+----------+----------+------------+
    |ap_clk  | 10.00 ns | 8.750 ns |   1.25 ns  |
    +--------+----------+----------+------------+

+ Latency: 
    * Summary: 
    +---------+---------+----------+----------+-----+-----+---------+
    |  Latency (cycles) |  Latency (absolute) |  Interval | Pipeline|
    |   min   |   max   |    min   |    max   | min | max |   Type  |
    +---------+---------+----------+----------+-----+-----+---------+
    |       91|       91| 0.910 us | 0.910 us |   91|   91|   none  |
    +---------+---------+----------+----------+-----+-----+---------+

    + Detail: 
        * Instance: 
        +----------------------------------+-----------------------+---------+---------+-----------+-----------+-----+-----+---------+
        |                                  |                       |  Latency (cycles) |   Latency (absolute)  |  Interval | Pipeline|
        |             Instance             |         Module        |   min   |   max   |    min    |    max    | min | max |   Type  |
        +----------------------------------+-----------------------+---------+---------+-----------+-----------+-----+-----+---------+
        |grp_p_hls_fptosi_double_s_fu_387  |p_hls_fptosi_double_s  |        1|        1| 10.000 ns | 10.000 ns |    1|    1|   none  |
        +----------------------------------+-----------------------+---------+---------+-----------+-----------+-----+-----+---------+

        * Loop: 
        N/A



================================================================
== Utilization Estimates
================================================================
* Summary: 
+-----------------+---------+-------+--------+-------+-----+
|       Name      | BRAM_18K| DSP48E|   FF   |  LUT  | URAM|
+-----------------+---------+-------+--------+-------+-----+
|DSP              |        -|      -|       -|      -|    -|
|Expression       |        -|      -|       0|   2814|    -|
|FIFO             |        -|      -|       -|      -|    -|
|Instance         |        -|      0|     489|   1507|    -|
|Memory           |        1|      -|      64|      2|    0|
|Multiplexer      |        -|      -|       -|    988|    -|
|Register         |        -|      -|    1333|      -|    -|
+-----------------+---------+-------+--------+-------+-----+
|Total            |        1|      0|    1886|   5311|    0|
+-----------------+---------+-------+--------+-------+-----+
|Available        |      280|    220|  106400|  53200|    0|
+-----------------+---------+-------+--------+-------+-----+
|Utilization (%)  |    ~0   |      0|       1|      9|    0|
+-----------------+---------+-------+--------+-------+-----+

+ Detail: 
    * Instance: 
    +----------------------------------+-----------------------+---------+-------+-----+-----+-----+
    |             Instance             |         Module        | BRAM_18K| DSP48E|  FF | LUT | URAM|
    +----------------------------------+-----------------------+---------+-------+-----+-----+-----+
    |knnFloat_8p128f_2hbi_U664         |knnFloat_8p128f_2hbi   |        0|      0|   66|  239|    0|
    |knnFloat_8p128f_2ibs_U665         |knnFloat_8p128f_2ibs   |        0|      0|  412|  645|    0|
    |grp_p_hls_fptosi_double_s_fu_387  |p_hls_fptosi_double_s  |        0|      0|   11|  623|    0|
    +----------------------------------+-----------------------+---------+-------+-----+-----+-----+
    |Total                             |                       |        0|      0|  489| 1507|    0|
    +----------------------------------+-----------------------+---------+-------+-----+-----+-----+

    * DSP48E: 
    N/A

    * Memory: 
    +-----------------------+----------------------+---------+----+----+-----+------+-----+------+-------------+
    |         Memory        |        Module        | BRAM_18K| FF | LUT| URAM| Words| Bits| Banks| W*Bits*Banks|
    +-----------------------+----------------------+---------+----+----+-----+------+-----+------+-------------+
    |BestPointsClasses_U    |epilogue_BestPoinfYi  |        1|   0|   0|    0|     3|    8|     1|           24|
    |BestPointsDistances_U  |epilogue_BestPoing8j  |        0|  64|   2|    0|     3|   32|     1|           96|
    +-----------------------+----------------------+---------+----+----+-----+------+-----+------+-------------+
    |Total                  |                      |        1|  64|   2|    0|     6|   40|     2|          120|
    +-----------------------+----------------------+---------+----+----+-----+------+-----+------+-------------+

    * FIFO: 
    N/A

    * Expression: 
    +----------------------------+----------+-------+---+----+------------+------------+
    |        Variable Name       | Operation| DSP48E| FF| LUT| Bitwidth P0| Bitwidth P1|
    +----------------------------+----------+-------+---+----+------------+------------+
    |and_ln1003_1_fu_1859_p2     |    and   |      0|  0|   2|           1|           1|
    |and_ln1003_fu_1853_p2       |    and   |      0|  0|   2|           1|           1|
    |and_ln1010_1_fu_1949_p2     |    and   |      0|  0|   2|           1|           1|
    |and_ln1010_fu_1943_p2       |    and   |      0|  0|   2|           1|           1|
    |and_ln1015_1_fu_2053_p2     |    and   |      0|  0|   2|           1|           1|
    |and_ln1015_fu_2047_p2       |    and   |      0|  0|   2|           1|           1|
    |and_ln1031_fu_2115_p2       |    and   |      0|  0|   2|           1|           1|
    |and_ln1038_1_fu_2206_p2     |    and   |      0|  0|   2|           1|           1|
    |and_ln1038_fu_2200_p2       |    and   |      0|  0|   2|           1|           1|
    |and_ln1045_1_fu_2296_p2     |    and   |      0|  0|   2|           1|           1|
    |and_ln1045_fu_2290_p2       |    and   |      0|  0|   2|           1|           1|
    |and_ln1050_1_fu_2400_p2     |    and   |      0|  0|   2|           1|           1|
    |and_ln1050_fu_2394_p2       |    and   |      0|  0|   2|           1|           1|
    |and_ln1066_fu_2462_p2       |    and   |      0|  0|   2|           1|           1|
    |and_ln1073_1_fu_2553_p2     |    and   |      0|  0|   2|           1|           1|
    |and_ln1073_fu_2547_p2       |    and   |      0|  0|   2|           1|           1|
    |and_ln1080_1_fu_2643_p2     |    and   |      0|  0|   2|           1|           1|
    |and_ln1080_fu_2637_p2       |    and   |      0|  0|   2|           1|           1|
    |and_ln1085_1_fu_2747_p2     |    and   |      0|  0|   2|           1|           1|
    |and_ln1085_fu_2741_p2       |    and   |      0|  0|   2|           1|           1|
    |and_ln1109_1_fu_2850_p2     |    and   |      0|  0|   2|           1|           1|
    |and_ln1109_fu_2844_p2       |    and   |      0|  0|   2|           1|           1|
    |and_ln1115_1_fu_2952_p2     |    and   |      0|  0|   2|           1|           1|
    |and_ln1115_fu_2946_p2       |    and   |      0|  0|   2|           1|           1|
    |and_ln840_fu_465_p2         |    and   |      0|  0|   2|           1|           1|
    |and_ln856_fu_517_p2         |    and   |      0|  0|   2|           1|           1|
    |and_ln863_fu_565_p2         |    and   |      0|  0|   2|           1|           1|
    |and_ln875_1_fu_661_p2       |    and   |      0|  0|   2|           1|           1|
    |and_ln875_fu_655_p2         |    and   |      0|  0|   2|           1|           1|
    |and_ln891_fu_727_p2         |    and   |      0|  0|   2|           1|           1|
    |and_ln898_1_fu_818_p2       |    and   |      0|  0|   2|           1|           1|
    |and_ln898_fu_812_p2         |    and   |      0|  0|   2|           1|           1|
    |and_ln905_1_fu_908_p2       |    and   |      0|  0|   2|           1|           1|
    |and_ln905_fu_902_p2         |    and   |      0|  0|   2|           1|           1|
    |and_ln910_1_fu_1012_p2      |    and   |      0|  0|   2|           1|           1|
    |and_ln910_fu_1006_p2        |    and   |      0|  0|   2|           1|           1|
    |and_ln926_fu_1074_p2        |    and   |      0|  0|   2|           1|           1|
    |and_ln933_1_fu_1165_p2      |    and   |      0|  0|   2|           1|           1|
    |and_ln933_fu_1159_p2        |    and   |      0|  0|   2|           1|           1|
    |and_ln940_1_fu_1255_p2      |    and   |      0|  0|   2|           1|           1|
    |and_ln940_fu_1249_p2        |    and   |      0|  0|   2|           1|           1|
    |and_ln945_1_fu_1359_p2      |    and   |      0|  0|   2|           1|           1|
    |and_ln945_fu_1353_p2        |    and   |      0|  0|   2|           1|           1|
    |and_ln961_fu_1421_p2        |    and   |      0|  0|   2|           1|           1|
    |and_ln968_1_fu_1512_p2      |    and   |      0|  0|   2|           1|           1|
    |and_ln968_fu_1506_p2        |    and   |      0|  0|   2|           1|           1|
    |and_ln975_1_fu_1602_p2      |    and   |      0|  0|   2|           1|           1|
    |and_ln975_fu_1596_p2        |    and   |      0|  0|   2|           1|           1|
    |and_ln980_1_fu_1706_p2      |    and   |      0|  0|   2|           1|           1|
    |and_ln980_fu_1700_p2        |    and   |      0|  0|   2|           1|           1|
    |and_ln996_fu_1768_p2        |    and   |      0|  0|   2|           1|           1|
    |icmp_ln1003_1_fu_1823_p2    |   icmp   |      0|  0|  18|          23|           1|
    |icmp_ln1003_2_fu_1835_p2    |   icmp   |      0|  0|  11|           8|           2|
    |icmp_ln1003_3_fu_1841_p2    |   icmp   |      0|  0|  18|          23|           1|
    |icmp_ln1003_fu_1817_p2      |   icmp   |      0|  0|  11|           8|           2|
    |icmp_ln1010_1_fu_1913_p2    |   icmp   |      0|  0|  18|          23|           1|
    |icmp_ln1010_2_fu_1925_p2    |   icmp   |      0|  0|  11|           8|           2|
    |icmp_ln1010_3_fu_1931_p2    |   icmp   |      0|  0|  18|          23|           1|
    |icmp_ln1010_fu_1907_p2      |   icmp   |      0|  0|  11|           8|           2|
    |icmp_ln1015_1_fu_2031_p2    |   icmp   |      0|  0|  18|          23|           1|
    |icmp_ln1015_2_fu_1989_p2    |   icmp   |      0|  0|  11|           8|           2|
    |icmp_ln1015_3_fu_1995_p2    |   icmp   |      0|  0|  18|          23|           1|
    |icmp_ln1015_fu_2025_p2      |   icmp   |      0|  0|  11|           8|           2|
    |icmp_ln1031_1_fu_2103_p2    |   icmp   |      0|  0|  18|          23|           1|
    |icmp_ln1031_fu_2097_p2      |   icmp   |      0|  0|  11|           8|           2|
    |icmp_ln1038_1_fu_2170_p2    |   icmp   |      0|  0|  18|          23|           1|
    |icmp_ln1038_2_fu_2182_p2    |   icmp   |      0|  0|  11|           8|           2|
    |icmp_ln1038_3_fu_2188_p2    |   icmp   |      0|  0|  18|          23|           1|
    |icmp_ln1038_fu_2164_p2      |   icmp   |      0|  0|  11|           8|           2|
    |icmp_ln1045_1_fu_2260_p2    |   icmp   |      0|  0|  18|          23|           1|
    |icmp_ln1045_2_fu_2272_p2    |   icmp   |      0|  0|  11|           8|           2|
    |icmp_ln1045_3_fu_2278_p2    |   icmp   |      0|  0|  18|          23|           1|
    |icmp_ln1045_fu_2254_p2      |   icmp   |      0|  0|  11|           8|           2|
    |icmp_ln1050_1_fu_2378_p2    |   icmp   |      0|  0|  18|          23|           1|
    |icmp_ln1050_2_fu_2336_p2    |   icmp   |      0|  0|  11|           8|           2|
    |icmp_ln1050_3_fu_2342_p2    |   icmp   |      0|  0|  18|          23|           1|
    |icmp_ln1050_fu_2372_p2      |   icmp   |      0|  0|  11|           8|           2|
    |icmp_ln1066_1_fu_2450_p2    |   icmp   |      0|  0|  18|          23|           1|
    |icmp_ln1066_fu_2444_p2      |   icmp   |      0|  0|  11|           8|           2|
    |icmp_ln1073_1_fu_2517_p2    |   icmp   |      0|  0|  18|          23|           1|
    |icmp_ln1073_2_fu_2529_p2    |   icmp   |      0|  0|  11|           8|           2|
    |icmp_ln1073_3_fu_2535_p2    |   icmp   |      0|  0|  18|          23|           1|
    |icmp_ln1073_fu_2511_p2      |   icmp   |      0|  0|  11|           8|           2|
    |icmp_ln1080_1_fu_2607_p2    |   icmp   |      0|  0|  18|          23|           1|
    |icmp_ln1080_2_fu_2619_p2    |   icmp   |      0|  0|  11|           8|           2|
    |icmp_ln1080_3_fu_2625_p2    |   icmp   |      0|  0|  18|          23|           1|
    |icmp_ln1080_fu_2601_p2      |   icmp   |      0|  0|  11|           8|           2|
    |icmp_ln1085_1_fu_2725_p2    |   icmp   |      0|  0|  18|          23|           1|
    |icmp_ln1085_2_fu_2683_p2    |   icmp   |      0|  0|  11|           8|           2|
    |icmp_ln1085_3_fu_2689_p2    |   icmp   |      0|  0|  18|          23|           1|
    |icmp_ln1085_fu_2719_p2      |   icmp   |      0|  0|  11|           8|           2|
    |icmp_ln1104_fu_2922_p2      |   icmp   |      0|  0|  11|           8|           8|
    |icmp_ln1105_fu_2928_p2      |   icmp   |      0|  0|  11|           8|           8|
    |icmp_ln1106_fu_2933_p2      |   icmp   |      0|  0|  11|           8|           8|
    |icmp_ln1109_1_fu_2814_p2    |   icmp   |      0|  0|  18|          23|           1|
    |icmp_ln1109_2_fu_2826_p2    |   icmp   |      0|  0|  11|           8|           2|
    |icmp_ln1109_3_fu_2832_p2    |   icmp   |      0|  0|  18|          23|           1|
    |icmp_ln1109_fu_2808_p2      |   icmp   |      0|  0|  11|           8|           2|
    |icmp_ln1115_1_fu_2904_p2    |   icmp   |      0|  0|  18|          23|           1|
    |icmp_ln1115_2_fu_2910_p2    |   icmp   |      0|  0|  11|           8|           2|
    |icmp_ln1115_3_fu_2916_p2    |   icmp   |      0|  0|  18|          23|           1|
    |icmp_ln1115_fu_2898_p2      |   icmp   |      0|  0|  11|           8|           2|
    |icmp_ln840_1_fu_453_p2      |   icmp   |      0|  0|  18|          23|           1|
    |icmp_ln840_fu_447_p2        |   icmp   |      0|  0|  11|           8|           2|
    |icmp_ln856_1_fu_507_p2      |   icmp   |      0|  0|  18|          23|           1|
    |icmp_ln856_fu_501_p2        |   icmp   |      0|  0|  11|           8|           2|
    |icmp_ln863_1_fu_553_p2      |   icmp   |      0|  0|  18|          23|           1|
    |icmp_ln863_fu_547_p2        |   icmp   |      0|  0|  11|           8|           2|
    |icmp_ln875_1_fu_639_p2      |   icmp   |      0|  0|  18|          23|           1|
    |icmp_ln875_2_fu_596_p2      |   icmp   |      0|  0|  11|           8|           2|
    |icmp_ln875_3_fu_602_p2      |   icmp   |      0|  0|  18|          23|           1|
    |icmp_ln875_fu_633_p2        |   icmp   |      0|  0|  11|           8|           2|
    |icmp_ln891_1_fu_715_p2      |   icmp   |      0|  0|  18|          23|           1|
    |icmp_ln891_fu_709_p2        |   icmp   |      0|  0|  11|           8|           2|
    |icmp_ln898_1_fu_782_p2      |   icmp   |      0|  0|  18|          23|           1|
    |icmp_ln898_2_fu_794_p2      |   icmp   |      0|  0|  11|           8|           2|
    |icmp_ln898_3_fu_800_p2      |   icmp   |      0|  0|  18|          23|           1|
    |icmp_ln898_fu_776_p2        |   icmp   |      0|  0|  11|           8|           2|
    |icmp_ln905_1_fu_872_p2      |   icmp   |      0|  0|  18|          23|           1|
    |icmp_ln905_2_fu_884_p2      |   icmp   |      0|  0|  11|           8|           2|
    |icmp_ln905_3_fu_890_p2      |   icmp   |      0|  0|  18|          23|           1|
    |icmp_ln905_fu_866_p2        |   icmp   |      0|  0|  11|           8|           2|
    |icmp_ln910_1_fu_990_p2      |   icmp   |      0|  0|  18|          23|           1|
    |icmp_ln910_2_fu_948_p2      |   icmp   |      0|  0|  11|           8|           2|
    |icmp_ln910_3_fu_954_p2      |   icmp   |      0|  0|  18|          23|           1|
    |icmp_ln910_fu_984_p2        |   icmp   |      0|  0|  11|           8|           2|
    |icmp_ln926_1_fu_1062_p2     |   icmp   |      0|  0|  18|          23|           1|
    |icmp_ln926_fu_1056_p2       |   icmp   |      0|  0|  11|           8|           2|
    |icmp_ln933_1_fu_1129_p2     |   icmp   |      0|  0|  18|          23|           1|
    |icmp_ln933_2_fu_1141_p2     |   icmp   |      0|  0|  11|           8|           2|
    |icmp_ln933_3_fu_1147_p2     |   icmp   |      0|  0|  18|          23|           1|
    |icmp_ln933_fu_1123_p2       |   icmp   |      0|  0|  11|           8|           2|
    |icmp_ln940_1_fu_1219_p2     |   icmp   |      0|  0|  18|          23|           1|
    |icmp_ln940_2_fu_1231_p2     |   icmp   |      0|  0|  11|           8|           2|
    |icmp_ln940_3_fu_1237_p2     |   icmp   |      0|  0|  18|          23|           1|
    |icmp_ln940_fu_1213_p2       |   icmp   |      0|  0|  11|           8|           2|
    |icmp_ln945_1_fu_1337_p2     |   icmp   |      0|  0|  18|          23|           1|
    |icmp_ln945_2_fu_1295_p2     |   icmp   |      0|  0|  11|           8|           2|
    |icmp_ln945_3_fu_1301_p2     |   icmp   |      0|  0|  18|          23|           1|
    |icmp_ln945_fu_1331_p2       |   icmp   |      0|  0|  11|           8|           2|
    |icmp_ln961_1_fu_1409_p2     |   icmp   |      0|  0|  18|          23|           1|
    |icmp_ln961_fu_1403_p2       |   icmp   |      0|  0|  11|           8|           2|
    |icmp_ln968_1_fu_1476_p2     |   icmp   |      0|  0|  18|          23|           1|
    |icmp_ln968_2_fu_1488_p2     |   icmp   |      0|  0|  11|           8|           2|
    |icmp_ln968_3_fu_1494_p2     |   icmp   |      0|  0|  18|          23|           1|
    |icmp_ln968_fu_1470_p2       |   icmp   |      0|  0|  11|           8|           2|
    |icmp_ln975_1_fu_1566_p2     |   icmp   |      0|  0|  18|          23|           1|
    |icmp_ln975_2_fu_1578_p2     |   icmp   |      0|  0|  11|           8|           2|
    |icmp_ln975_3_fu_1584_p2     |   icmp   |      0|  0|  18|          23|           1|
    |icmp_ln975_fu_1560_p2       |   icmp   |      0|  0|  11|           8|           2|
    |icmp_ln980_1_fu_1684_p2     |   icmp   |      0|  0|  18|          23|           1|
    |icmp_ln980_2_fu_1642_p2     |   icmp   |      0|  0|  11|           8|           2|
    |icmp_ln980_3_fu_1648_p2     |   icmp   |      0|  0|  18|          23|           1|
    |icmp_ln980_fu_1678_p2       |   icmp   |      0|  0|  11|           8|           2|
    |icmp_ln996_1_fu_1756_p2     |   icmp   |      0|  0|  18|          23|           1|
    |icmp_ln996_fu_1750_p2       |   icmp   |      0|  0|  11|           8|           2|
    |ap_block_state1             |    or    |      0|  0|   2|           1|           1|
    |or_ln1003_1_fu_1847_p2      |    or    |      0|  0|   2|           1|           1|
    |or_ln1003_fu_1829_p2        |    or    |      0|  0|   2|           1|           1|
    |or_ln1010_1_fu_1937_p2      |    or    |      0|  0|   2|           1|           1|
    |or_ln1010_fu_1919_p2        |    or    |      0|  0|   2|           1|           1|
    |or_ln1015_1_fu_2043_p2      |    or    |      0|  0|   2|           1|           1|
    |or_ln1015_fu_2037_p2        |    or    |      0|  0|   2|           1|           1|
    |or_ln1031_fu_2109_p2        |    or    |      0|  0|   2|           1|           1|
    |or_ln1038_1_fu_2194_p2      |    or    |      0|  0|   2|           1|           1|
    |or_ln1038_fu_2176_p2        |    or    |      0|  0|   2|           1|           1|
    |or_ln1045_1_fu_2284_p2      |    or    |      0|  0|   2|           1|           1|
    |or_ln1045_fu_2266_p2        |    or    |      0|  0|   2|           1|           1|
    |or_ln1050_1_fu_2390_p2      |    or    |      0|  0|   2|           1|           1|
    |or_ln1050_fu_2384_p2        |    or    |      0|  0|   2|           1|           1|
    |or_ln1066_fu_2456_p2        |    or    |      0|  0|   2|           1|           1|
    |or_ln1073_1_fu_2541_p2      |    or    |      0|  0|   2|           1|           1|
    |or_ln1073_fu_2523_p2        |    or    |      0|  0|   2|           1|           1|
    |or_ln1080_1_fu_2631_p2      |    or    |      0|  0|   2|           1|           1|
    |or_ln1080_fu_2613_p2        |    or    |      0|  0|   2|           1|           1|
    |or_ln1085_1_fu_2737_p2      |    or    |      0|  0|   2|           1|           1|
    |or_ln1085_fu_2731_p2        |    or    |      0|  0|   2|           1|           1|
    |or_ln1109_1_fu_2838_p2      |    or    |      0|  0|   2|           1|           1|
    |or_ln1109_fu_2820_p2        |    or    |      0|  0|   2|           1|           1|
    |or_ln1115_1_fu_2942_p2      |    or    |      0|  0|   2|           1|           1|
    |or_ln1115_fu_2938_p2        |    or    |      0|  0|   2|           1|           1|
    |or_ln1123_1_fu_2964_p2      |    or    |      0|  0|   2|           1|           1|
    |or_ln1123_2_fu_2983_p2      |    or    |      0|  0|   2|           1|           1|
    |or_ln1123_fu_2958_p2        |    or    |      0|  0|   2|           1|           1|
    |or_ln840_fu_459_p2          |    or    |      0|  0|   2|           1|           1|
    |or_ln856_fu_513_p2          |    or    |      0|  0|   2|           1|           1|
    |or_ln863_fu_559_p2          |    or    |      0|  0|   2|           1|           1|
    |or_ln875_1_fu_651_p2        |    or    |      0|  0|   2|           1|           1|
    |or_ln875_fu_645_p2          |    or    |      0|  0|   2|           1|           1|
    |or_ln891_fu_721_p2          |    or    |      0|  0|   2|           1|           1|
    |or_ln898_1_fu_806_p2        |    or    |      0|  0|   2|           1|           1|
    |or_ln898_fu_788_p2          |    or    |      0|  0|   2|           1|           1|
    |or_ln905_1_fu_896_p2        |    or    |      0|  0|   2|           1|           1|
    |or_ln905_fu_878_p2          |    or    |      0|  0|   2|           1|           1|
    |or_ln910_1_fu_1002_p2       |    or    |      0|  0|   2|           1|           1|
    |or_ln910_fu_996_p2          |    or    |      0|  0|   2|           1|           1|
    |or_ln926_fu_1068_p2         |    or    |      0|  0|   2|           1|           1|
    |or_ln933_1_fu_1153_p2       |    or    |      0|  0|   2|           1|           1|
    |or_ln933_fu_1135_p2         |    or    |      0|  0|   2|           1|           1|
    |or_ln940_1_fu_1243_p2       |    or    |      0|  0|   2|           1|           1|
    |or_ln940_fu_1225_p2         |    or    |      0|  0|   2|           1|           1|
    |or_ln945_1_fu_1349_p2       |    or    |      0|  0|   2|           1|           1|
    |or_ln945_fu_1343_p2         |    or    |      0|  0|   2|           1|           1|
    |or_ln961_fu_1415_p2         |    or    |      0|  0|   2|           1|           1|
    |or_ln968_1_fu_1500_p2       |    or    |      0|  0|   2|           1|           1|
    |or_ln968_fu_1482_p2         |    or    |      0|  0|   2|           1|           1|
    |or_ln975_1_fu_1590_p2       |    or    |      0|  0|   2|           1|           1|
    |or_ln975_fu_1572_p2         |    or    |      0|  0|   2|           1|           1|
    |or_ln980_1_fu_1696_p2       |    or    |      0|  0|   2|           1|           1|
    |or_ln980_fu_1690_p2         |    or    |      0|  0|   2|           1|           1|
    |or_ln996_fu_1762_p2         |    or    |      0|  0|   2|           1|           1|
    |d2_w1_2_fu_2856_p3          |  select  |      0|  0|  32|           1|          32|
    |dbest_w10_1_fu_1026_p3      |  select  |      0|  0|  32|           1|          32|
    |dbest_w13_2_fu_733_p3       |  select  |      0|  0|  32|           1|          32|
    |dbest_w14_1_fu_2414_p3      |  select  |      0|  0|  32|           1|          32|
    |dbest_w16_2_fu_1261_p3      |  select  |      0|  0|  32|           1|          32|
    |dbest_w17_1_fu_1720_p3      |  select  |      0|  0|  32|           1|          32|
    |dbest_w18_2_fu_2212_p3      |  select  |      0|  0|  32|           1|          32|
    |dbest_w19_2_fu_1171_p3      |  select  |      0|  0|  32|           1|          32|
    |dbest_w1_2_fu_1518_p3       |  select  |      0|  0|  32|           1|          32|
    |dbest_w21_2_fu_1955_p3      |  select  |      0|  0|  32|           1|          32|
    |dbest_w22_1_fu_2059_p3      |  select  |      0|  0|  32|           1|          32|
    |dbest_w23_2_fu_522_p3       |  select  |      0|  0|  32|           1|          32|
    |dbest_w23_fu_476_p3         |  select  |      0|  0|  32|           1|          32|
    |dbest_w24_2_fu_2559_p3      |  select  |      0|  0|  32|           1|          32|
    |dbest_w26_2_fu_2649_p3      |  select  |      0|  0|  32|           1|          32|
    |dbest_w27_2_fu_1080_p3      |  select  |      0|  0|  32|           1|          32|
    |dbest_w28_2_fu_2121_p3      |  select  |      0|  0|  32|           1|          32|
    |dbest_w29_1_fu_672_p3       |  select  |      0|  0|  32|           1|          32|
    |dbest_w2_1_fu_2761_p3       |  select  |      0|  0|  32|           1|          32|
    |dbest_w30_fu_571_p3         |  select  |      0|  0|  32|           1|          31|
    |dbest_w31_2_fu_824_p3       |  select  |      0|  0|  32|           1|          32|
    |dbest_w32_2_fu_1608_p3      |  select  |      0|  0|  32|           1|          32|
    |dbest_w3_2_fu_1774_p3       |  select  |      0|  0|  32|           1|          32|
    |dbest_w4_1_fu_1373_p3       |  select  |      0|  0|  32|           1|          32|
    |dbest_w5_2_fu_914_p3        |  select  |      0|  0|  32|           1|          32|
    |dbest_w6_2_fu_1865_p3       |  select  |      0|  0|  32|           1|          32|
    |dbest_w7_2_fu_2302_p3       |  select  |      0|  0|  32|           1|          32|
    |dbest_w8_2_fu_2468_p3       |  select  |      0|  0|  32|           1|          32|
    |dbest_w9_2_fu_1427_p3       |  select  |      0|  0|  32|           1|          32|
    |index_w14_fu_2659_p3        |  select  |      0|  0|   3|           1|           3|
    |index_w15_fu_1271_p3        |  select  |      0|  0|   3|           1|           3|
    |index_w19_fu_2312_p3        |  select  |      0|  0|   3|           1|           3|
    |index_w22_fu_1965_p3        |  select  |      0|  0|   3|           1|           3|
    |index_w5_fu_924_p3          |  select  |      0|  0|   3|           1|           3|
    |index_w7_fu_1618_p3         |  select  |      0|  0|   3|           1|           3|
    |muxOutput_w13_fu_608_p3     |  select  |      0|  0|  64|           1|          64|
    |out_r                       |  select  |      0|  0|   8|           1|           8|
    |select_ln1015_fu_2067_p3    |  select  |      0|  0|   8|           1|           8|
    |select_ln1050_fu_2406_p3    |  select  |      0|  0|   8|           1|           8|
    |select_ln1085_fu_2753_p3    |  select  |      0|  0|   8|           1|           8|
    |select_ln1123_1_fu_2976_p3  |  select  |      0|  0|   8|           1|           8|
    |select_ln1123_fu_2970_p3    |  select  |      0|  0|   8|           1|           8|
    |select_ln875_fu_680_p3      |  select  |      0|  0|   8|           1|           8|
    |select_ln910_fu_1018_p3     |  select  |      0|  0|   8|           1|           8|
    |select_ln945_fu_1365_p3     |  select  |      0|  0|   8|           1|           8|
    |select_ln980_fu_1712_p3     |  select  |      0|  0|   8|           1|           8|
    +----------------------------+----------+-------+---+----+------------+------------+
    |Total                       |          |      0|  0|2814|        1757|        1372|
    +----------------------------+----------+-------+---+----+------------+------------+

    * Multiplexer: 
    +------------------------------------+-----+-----------+-----+-----------+
    |                Name                | LUT | Input Size| Bits| Total Bits|
    +------------------------------------+-----+-----------+-----+-----------+
    |BestPointsClasses_address0          |   50|         11|    2|         22|
    |BestPointsClasses_address1          |   50|         11|    2|         22|
    |BestPointsClasses_d0                |   15|          3|    8|         24|
    |BestPointsDistances_address0        |  101|         21|    2|         42|
    |BestPointsDistances_address1        |   15|          3|    2|          6|
    |BestPointsDistances_d0              |   47|         10|   32|        320|
    |ap_NS_fsm                           |  373|         85|    1|         85|
    |ap_done                             |    9|          2|    1|          2|
    |distance_array_0_address0           |   27|          5|    2|         10|
    |distance_array_1_address0           |   27|          5|    2|         10|
    |grp_fu_394_opcode                   |   15|          3|    5|         15|
    |grp_fu_394_p0                       |   38|          7|   32|        224|
    |grp_fu_394_p1                       |  109|         23|   32|        736|
    |grp_fu_404_p0                       |   44|          9|   32|        288|
    |grp_p_hls_fptosi_double_s_fu_387_x  |   15|          3|   64|        192|
    |knownClasses_address0               |   44|          9|    3|         27|
    |reg_412                             |    9|          2|   32|         64|
    +------------------------------------+-----+-----------+-----+-----------+
    |Total                               |  988|        212|  254|       2089|
    +------------------------------------+-----+-----------+-----+-----------+

    * Register: 
    +-----------------------------------------------+----+----+-----+-----------+
    |                      Name                     | FF | LUT| Bits| Const Bits|
    +-----------------------------------------------+----+----+-----+-----------+
    |BestPointsClasses_ad_3_reg_3103                |   1|   0|    2|          1|
    |BestPointsClasses_ad_4_reg_3189                |   2|   0|    2|          0|
    |BestPointsClasses_ad_5_reg_3265                |   2|   0|    2|          0|
    |BestPointsClasses_ad_6_reg_3341                |   2|   0|    2|          0|
    |BestPointsClasses_ad_7_reg_3417                |   2|   0|    2|          0|
    |BestPointsClasses_ad_8_reg_3493                |   2|   0|    2|          0|
    |BestPointsClasses_ad_9_reg_3569                |   2|   0|    2|          0|
    |BestPointsDistances_3_reg_3109                 |   1|   0|    2|          1|
    |BestPointsDistances_4_reg_3195                 |   2|   0|    2|          0|
    |BestPointsDistances_5_reg_3271                 |   2|   0|    2|          0|
    |BestPointsDistances_6_reg_3347                 |   2|   0|    2|          0|
    |BestPointsDistances_7_reg_3423                 |   2|   0|    2|          0|
    |BestPointsDistances_8_reg_3499                 |   2|   0|    2|          0|
    |BestPointsDistances_9_reg_3575                 |   2|   0|    2|          0|
    |and_ln1003_1_reg_3379                          |   1|   0|    1|          0|
    |and_ln1010_1_reg_3391                          |   1|   0|    1|          0|
    |and_ln1038_1_reg_3455                          |   1|   0|    1|          0|
    |and_ln1045_1_reg_3467                          |   1|   0|    1|          0|
    |and_ln1073_1_reg_3531                          |   1|   0|    1|          0|
    |and_ln1080_1_reg_3543                          |   1|   0|    1|          0|
    |and_ln1109_1_reg_3607                          |   1|   0|    1|          0|
    |and_ln840_reg_3008                             |   1|   0|    1|          0|
    |and_ln863_reg_3060                             |   1|   0|    1|          0|
    |and_ln875_1_reg_3097                           |   1|   0|    1|          0|
    |and_ln898_1_reg_3151                           |   1|   0|    1|          0|
    |and_ln905_1_reg_3163                           |   1|   0|    1|          0|
    |and_ln933_1_reg_3227                           |   1|   0|    1|          0|
    |and_ln940_1_reg_3239                           |   1|   0|    1|          0|
    |and_ln968_1_reg_3303                           |   1|   0|    1|          0|
    |and_ln975_1_reg_3320                           |   1|   0|    1|          0|
    |ap_CS_fsm                                      |  84|   0|   84|          0|
    |ap_done_reg                                    |   1|   0|    1|          0|
    |c1_w1_reg_3618                                 |   8|   0|    8|          0|
    |d2_w1_2_reg_3612                               |  32|   0|   32|          0|
    |d2_w1_reg_3600                                 |  32|   0|   32|          0|
    |dbest_w10_1_reg_3210                           |  32|   0|   32|          0|
    |dbest_w13_2_reg_3144                           |  32|   0|   32|          0|
    |dbest_w14_1_reg_3514                           |  32|   0|   32|          0|
    |dbest_w16_2_reg_3244                           |  32|   0|   32|          0|
    |dbest_w17_1_reg_3362                           |  32|   0|   32|          0|
    |dbest_w18_2_reg_3460                           |  32|   0|   32|          0|
    |dbest_w19_2_reg_3232                           |  32|   0|   32|          0|
    |dbest_w1_2_reg_3308                            |  32|   0|   32|          0|
    |dbest_w21_2_reg_3396                           |  32|   0|   32|          0|
    |dbest_w22_1_reg_3433                           |  32|   0|   32|          0|
    |dbest_w23_2_reg_3053                           |  32|   0|   32|          0|
    |dbest_w23_reg_3019                             |  32|   0|   32|          0|
    |dbest_w24_2_reg_3536                           |  32|   0|   32|          0|
    |dbest_w26_2_reg_3548                           |  32|   0|   32|          0|
    |dbest_w27_2_reg_3220                           |  32|   0|   32|          0|
    |dbest_w28_2_reg_3448                           |  32|   0|   32|          0|
    |dbest_w2_1_reg_3590                            |  32|   0|   32|          0|
    |dbest_w31_2_reg_3156                           |  32|   0|   32|          0|
    |dbest_w32_2_reg_3325                           |  32|   0|   32|          0|
    |dbest_w3_2_reg_3372                            |  32|   0|   32|          0|
    |dbest_w4_1_reg_3286                            |  32|   0|   32|          0|
    |dbest_w5_2_reg_3168                            |  32|   0|   32|          0|
    |dbest_w6_2_reg_3384                            |  32|   0|   32|          0|
    |dbest_w7_2_reg_3472                            |  32|   0|   32|          0|
    |dbest_w8_2_reg_3524                            |  32|   0|   32|          0|
    |dbest_w9_2_reg_3296                            |  32|   0|   32|          0|
    |grp_p_hls_fptosi_double_s_fu_387_ap_start_reg  |   1|   0|    1|          0|
    |icmp_ln1015_2_reg_3407                         |   1|   0|    1|          0|
    |icmp_ln1015_3_reg_3412                         |   1|   0|    1|          0|
    |icmp_ln1050_2_reg_3483                         |   1|   0|    1|          0|
    |icmp_ln1050_3_reg_3488                         |   1|   0|    1|          0|
    |icmp_ln1085_2_reg_3559                         |   1|   0|    1|          0|
    |icmp_ln1085_3_reg_3564                         |   1|   0|    1|          0|
    |icmp_ln1115_1_reg_3631                         |   1|   0|    1|          0|
    |icmp_ln1115_2_reg_3636                         |   1|   0|    1|          0|
    |icmp_ln1115_3_reg_3641                         |   1|   0|    1|          0|
    |icmp_ln1115_reg_3626                           |   1|   0|    1|          0|
    |icmp_ln856_1_reg_3038                          |   1|   0|    1|          0|
    |icmp_ln856_reg_3033                            |   1|   0|    1|          0|
    |icmp_ln875_2_reg_3082                          |   1|   0|    1|          0|
    |icmp_ln875_3_reg_3087                          |   1|   0|    1|          0|
    |icmp_ln910_2_reg_3179                          |   1|   0|    1|          0|
    |icmp_ln910_3_reg_3184                          |   1|   0|    1|          0|
    |icmp_ln945_2_reg_3255                          |   1|   0|    1|          0|
    |icmp_ln945_3_reg_3260                          |   1|   0|    1|          0|
    |icmp_ln980_2_reg_3331                          |   1|   0|    1|          0|
    |icmp_ln980_3_reg_3336                          |   1|   0|    1|          0|
    |muxOutput_w13_reg_3092                         |  64|   0|   64|          0|
    |reg_407                                        |  32|   0|   32|          0|
    |reg_412                                        |  32|   0|   32|          0|
    |reg_419                                        |  64|   0|   64|          0|
    |reg_424                                        |  32|   0|   32|          0|
    |select_ln1015_reg_3438                         |   8|   0|    8|          0|
    |select_ln1050_reg_3509                         |   8|   0|    8|          0|
    |select_ln1085_reg_3585                         |   8|   0|    8|          0|
    |select_ln875_reg_3134                          |   8|   0|    8|          0|
    |select_ln910_reg_3205                          |   8|   0|    8|          0|
    |select_ln945_reg_3281                          |   8|   0|    8|          0|
    |select_ln980_reg_3357                          |   8|   0|    8|          0|
    |tmp_5_reg_3043                                 |   1|   0|    1|          0|
    +-----------------------------------------------+----+----+-----+-----------+
    |Total                                          |1333|   0| 1335|          2|
    +-----------------------------------------------+----+----+-----+-----------+



================================================================
== Interface
================================================================
* Summary: 
+---------------------------+-----+-----+------------+------------------+--------------+
|         RTL Ports         | Dir | Bits|  Protocol  |   Source Object  |    C Type    |
+---------------------------+-----+-----+------------+------------------+--------------+
|ap_clk                     |  in |    1| ap_ctrl_hs |     epilogue     | return value |
|ap_rst                     |  in |    1| ap_ctrl_hs |     epilogue     | return value |
|ap_start                   |  in |    1| ap_ctrl_hs |     epilogue     | return value |
|ap_done                    | out |    1| ap_ctrl_hs |     epilogue     | return value |
|ap_continue                |  in |    1| ap_ctrl_hs |     epilogue     | return value |
|ap_idle                    | out |    1| ap_ctrl_hs |     epilogue     | return value |
|ap_ready                   | out |    1| ap_ctrl_hs |     epilogue     | return value |
|knownClasses_address0      | out |    3|  ap_memory |   knownClasses   |     array    |
|knownClasses_ce0           | out |    1|  ap_memory |   knownClasses   |     array    |
|knownClasses_q0            |  in |    8|  ap_memory |   knownClasses   |     array    |
|distance_array_1_address0  | out |    2|  ap_memory | distance_array_1 |     array    |
|distance_array_1_ce0       | out |    1|  ap_memory | distance_array_1 |     array    |
|distance_array_1_q0        |  in |   32|  ap_memory | distance_array_1 |     array    |
|distance_array_0_address0  | out |    2|  ap_memory | distance_array_0 |     array    |
|distance_array_0_ce0       | out |    1|  ap_memory | distance_array_0 |     array    |
|distance_array_0_q0        |  in |   32|  ap_memory | distance_array_0 |     array    |
|out_r                      | out |    8|   ap_vld   |       out_r      |    pointer   |
|out_r_ap_vld               | out |    1|   ap_vld   |       out_r      |    pointer   |
+---------------------------+-----+-----+------------+------------------+--------------+

