

================================================================
== Vivado HLS Report for 'parallel_021'
================================================================
* Date:           Wed Sep 16 11:18:49 2020

* Version:        2019.2 (Build 2704478 on Wed Nov 06 22:10:23 MST 2019)
* Project:        knn
* Solution:       solution1
* Product family: zynq
* Target device:  xc7z020-clg484-1


================================================================
== Performance Estimates
================================================================
+ Timing: 
    * Summary: 
    +--------+----------+----------+------------+
    |  Clock |  Target  | Estimated| Uncertainty|
    +--------+----------+----------+------------+
    |ap_clk  | 10.00 ns | 8.457 ns |   1.25 ns  |
    +--------+----------+----------+------------+

+ Latency: 
    * Summary: 
    +---------+---------+----------+----------+-----+-----+---------+
    |  Latency (cycles) |  Latency (absolute) |  Interval | Pipeline|
    |   min   |   max   |    min   |    max   | min | max |   Type  |
    +---------+---------+----------+----------+-----+-----+---------+
    |      771|      771| 7.710 us | 7.710 us |  771|  771|   none  |
    +---------+---------+----------+----------+-----+-----+---------+

    + Detail: 
        * Instance: 
        N/A

        * Loop: 
        +----------+---------+---------+----------+-----------+-----------+------+----------+
        |          |  Latency (cycles) | Iteration|  Initiation Interval  | Trip |          |
        | Loop Name|   min   |   max   |  Latency |  achieved |   target  | Count| Pipelined|
        +----------+---------+---------+----------+-----------+-----------+------+----------+
        |- Loop 1  |      769|      769|       578|         64|          1|     4|    yes   |
        +----------+---------+---------+----------+-----------+-----------+------+----------+



================================================================
== Utilization Estimates
================================================================
* Summary: 
+-----------------+---------+-------+--------+-------+-----+
|       Name      | BRAM_18K| DSP48E|   FF   |  LUT  | URAM|
+-----------------+---------+-------+--------+-------+-----+
|DSP              |        -|      -|       -|      -|    -|
|Expression       |        -|      -|       0|   1295|    -|
|FIFO             |        -|      -|       -|      -|    -|
|Instance         |        -|     14|    1511|   2817|    -|
|Memory           |        -|      -|       -|      -|    -|
|Multiplexer      |        -|      -|       -|   3692|    -|
|Register         |        0|      -|   12919|   1792|    -|
+-----------------+---------+-------+--------+-------+-----+
|Total            |        0|     14|   14430|   9596|    0|
+-----------------+---------+-------+--------+-------+-----+
|Available        |      280|    220|  106400|  53200|    0|
+-----------------+---------+-------+--------+-------+-----+
|Utilization (%)  |        0|      6|      13|     18|    0|
+-----------------+---------+-------+--------+-------+-----+

+ Detail: 
    * Instance: 
    +---------------------------+----------------------+---------+-------+-----+-----+-----+
    |          Instance         |        Module        | BRAM_18K| DSP48E|  FF | LUT | URAM|
    +---------------------------+----------------------+---------+-------+-----+-----+-----+
    |knnFloat_8p128f_2bkb_U385  |knnFloat_8p128f_2bkb  |        0|      2|  205|  390|    0|
    |knnFloat_8p128f_2bkb_U386  |knnFloat_8p128f_2bkb  |        0|      2|  205|  390|    0|
    |knnFloat_8p128f_2bkb_U387  |knnFloat_8p128f_2bkb  |        0|      2|  205|  390|    0|
    |knnFloat_8p128f_2cud_U388  |knnFloat_8p128f_2cud  |        0|      2|  205|  390|    0|
    |knnFloat_8p128f_2dEe_U389  |knnFloat_8p128f_2dEe  |        0|      3|  143|  321|    0|
    |knnFloat_8p128f_2dEe_U390  |knnFloat_8p128f_2dEe  |        0|      3|  143|  321|    0|
    |knnFloat_8p128f_2eOg_U391  |knnFloat_8p128f_2eOg  |        0|      0|  405|  615|    0|
    +---------------------------+----------------------+---------+-------+-----+-----+-----+
    |Total                      |                      |        0|     14| 1511| 2817|    0|
    +---------------------------+----------------------+---------+-------+-----+-----+-----+

    * DSP48E: 
    N/A

    * Memory: 
    N/A

    * FIFO: 
    N/A

    * Expression: 
    +-----------------------+----------+-------+---+----+------------+------------+
    |     Variable Name     | Operation| DSP48E| FF| LUT| Bitwidth P0| Bitwidth P1|
    +-----------------------+----------+-------+---+----+------------+------------+
    |i_fu_4049_p2           |     +    |      0|  0|  12|           3|           1|
    |icmp_ln271_fu_4043_p2  |   icmp   |      0|  0|   9|           3|           4|
    |ap_block_state1        |    or    |      0|  0|   2|           1|           1|
    |or_ln276_fu_4068_p2    |    or    |      0|  0|  10|          10|           1|
    |or_ln277_fu_4083_p2    |    or    |      0|  0|  10|          10|           2|
    |or_ln278_fu_4097_p2    |    or    |      0|  0|  10|          10|           2|
    |or_ln279_fu_4111_p2    |    or    |      0|  0|  10|          10|           3|
    |or_ln280_fu_4125_p2    |    or    |      0|  0|  10|          10|           3|
    |or_ln281_fu_4139_p2    |    or    |      0|  0|  10|          10|           3|
    |or_ln282_fu_4153_p2    |    or    |      0|  0|  10|          10|           3|
    |or_ln283_fu_4167_p2    |    or    |      0|  0|  10|          10|           4|
    |or_ln284_fu_4181_p2    |    or    |      0|  0|  10|          10|           4|
    |or_ln285_fu_4195_p2    |    or    |      0|  0|  10|          10|           4|
    |or_ln286_fu_4209_p2    |    or    |      0|  0|  10|          10|           4|
    |or_ln287_fu_4223_p2    |    or    |      0|  0|  10|          10|           4|
    |or_ln288_fu_4237_p2    |    or    |      0|  0|  10|          10|           4|
    |or_ln289_fu_4251_p2    |    or    |      0|  0|  10|          10|           4|
    |or_ln290_fu_4265_p2    |    or    |      0|  0|  10|          10|           4|
    |or_ln291_fu_4279_p2    |    or    |      0|  0|  10|          10|           5|
    |or_ln292_fu_4293_p2    |    or    |      0|  0|  10|          10|           5|
    |or_ln293_fu_4307_p2    |    or    |      0|  0|  10|          10|           5|
    |or_ln294_fu_4321_p2    |    or    |      0|  0|  10|          10|           5|
    |or_ln295_fu_4335_p2    |    or    |      0|  0|  10|          10|           5|
    |or_ln296_fu_4349_p2    |    or    |      0|  0|  10|          10|           5|
    |or_ln297_fu_4363_p2    |    or    |      0|  0|  10|          10|           5|
    |or_ln298_fu_4377_p2    |    or    |      0|  0|  10|          10|           5|
    |or_ln299_fu_4391_p2    |    or    |      0|  0|  10|          10|           5|
    |or_ln300_fu_4405_p2    |    or    |      0|  0|  10|          10|           5|
    |or_ln301_fu_4419_p2    |    or    |      0|  0|  10|          10|           5|
    |or_ln302_fu_4433_p2    |    or    |      0|  0|  10|          10|           5|
    |or_ln303_fu_4447_p2    |    or    |      0|  0|  10|          10|           5|
    |or_ln304_fu_4461_p2    |    or    |      0|  0|  10|          10|           5|
    |or_ln305_fu_4475_p2    |    or    |      0|  0|  10|          10|           5|
    |or_ln306_fu_4489_p2    |    or    |      0|  0|  10|          10|           5|
    |or_ln307_fu_4503_p2    |    or    |      0|  0|  10|          10|           6|
    |or_ln308_fu_4517_p2    |    or    |      0|  0|  10|          10|           6|
    |or_ln309_fu_4531_p2    |    or    |      0|  0|  10|          10|           6|
    |or_ln310_fu_4545_p2    |    or    |      0|  0|  10|          10|           6|
    |or_ln311_fu_4559_p2    |    or    |      0|  0|  10|          10|           6|
    |or_ln312_fu_4573_p2    |    or    |      0|  0|  10|          10|           6|
    |or_ln313_fu_4587_p2    |    or    |      0|  0|  10|          10|           6|
    |or_ln314_fu_4601_p2    |    or    |      0|  0|  10|          10|           6|
    |or_ln315_fu_4615_p2    |    or    |      0|  0|  10|          10|           6|
    |or_ln316_fu_4629_p2    |    or    |      0|  0|  10|          10|           6|
    |or_ln317_fu_4643_p2    |    or    |      0|  0|  10|          10|           6|
    |or_ln318_fu_4657_p2    |    or    |      0|  0|  10|          10|           6|
    |or_ln319_fu_4671_p2    |    or    |      0|  0|  10|          10|           6|
    |or_ln320_fu_4685_p2    |    or    |      0|  0|  10|          10|           6|
    |or_ln321_fu_4699_p2    |    or    |      0|  0|  10|          10|           6|
    |or_ln322_fu_4713_p2    |    or    |      0|  0|  10|          10|           6|
    |or_ln323_fu_4727_p2    |    or    |      0|  0|  10|          10|           6|
    |or_ln324_fu_4741_p2    |    or    |      0|  0|  10|          10|           6|
    |or_ln325_fu_4755_p2    |    or    |      0|  0|  10|          10|           6|
    |or_ln326_fu_4769_p2    |    or    |      0|  0|  10|          10|           6|
    |or_ln327_fu_4783_p2    |    or    |      0|  0|  10|          10|           6|
    |or_ln328_fu_4797_p2    |    or    |      0|  0|  10|          10|           6|
    |or_ln329_fu_4811_p2    |    or    |      0|  0|  10|          10|           6|
    |or_ln330_fu_4825_p2    |    or    |      0|  0|  10|          10|           6|
    |or_ln331_fu_4839_p2    |    or    |      0|  0|  10|          10|           6|
    |or_ln332_fu_4853_p2    |    or    |      0|  0|  10|          10|           6|
    |or_ln333_fu_4867_p2    |    or    |      0|  0|  10|          10|           6|
    |or_ln334_fu_4881_p2    |    or    |      0|  0|  10|          10|           6|
    |or_ln335_fu_4895_p2    |    or    |      0|  0|  10|          10|           6|
    |or_ln336_fu_4909_p2    |    or    |      0|  0|  10|          10|           6|
    |or_ln337_fu_4923_p2    |    or    |      0|  0|  10|          10|           6|
    |or_ln338_fu_4937_p2    |    or    |      0|  0|  10|          10|           6|
    |or_ln339_fu_4951_p2    |    or    |      0|  0|  10|          10|           7|
    |or_ln340_fu_4965_p2    |    or    |      0|  0|  10|          10|           7|
    |or_ln341_fu_4979_p2    |    or    |      0|  0|  10|          10|           7|
    |or_ln342_fu_4993_p2    |    or    |      0|  0|  10|          10|           7|
    |or_ln343_fu_5007_p2    |    or    |      0|  0|  10|          10|           7|
    |or_ln344_fu_5021_p2    |    or    |      0|  0|  10|          10|           7|
    |or_ln345_fu_5035_p2    |    or    |      0|  0|  10|          10|           7|
    |or_ln346_fu_5049_p2    |    or    |      0|  0|  10|          10|           7|
    |or_ln347_fu_5063_p2    |    or    |      0|  0|  10|          10|           7|
    |or_ln348_fu_5077_p2    |    or    |      0|  0|  10|          10|           7|
    |or_ln349_fu_5091_p2    |    or    |      0|  0|  10|          10|           7|
    |or_ln350_fu_5539_p2    |    or    |      0|  0|  10|          10|           7|
    |or_ln351_fu_5763_p2    |    or    |      0|  0|  10|          10|           7|
    |or_ln352_fu_5791_p2    |    or    |      0|  0|  10|          10|           7|
    |or_ln353_fu_5805_p2    |    or    |      0|  0|  10|          10|           7|
    |or_ln354_fu_5819_p2    |    or    |      0|  0|  10|          10|           7|
    |or_ln355_fu_5105_p2    |    or    |      0|  0|  10|          10|           7|
    |or_ln356_fu_5119_p2    |    or    |      0|  0|  10|          10|           7|
    |or_ln357_fu_5133_p2    |    or    |      0|  0|  10|          10|           7|
    |or_ln358_fu_5147_p2    |    or    |      0|  0|  10|          10|           7|
    |or_ln359_fu_5161_p2    |    or    |      0|  0|  10|          10|           7|
    |or_ln360_fu_5175_p2    |    or    |      0|  0|  10|          10|           7|
    |or_ln361_fu_5189_p2    |    or    |      0|  0|  10|          10|           7|
    |or_ln362_fu_5203_p2    |    or    |      0|  0|  10|          10|           7|
    |or_ln363_fu_5217_p2    |    or    |      0|  0|  10|          10|           7|
    |or_ln364_fu_5231_p2    |    or    |      0|  0|  10|          10|           7|
    |or_ln365_fu_5245_p2    |    or    |      0|  0|  10|          10|           7|
    |or_ln366_fu_5259_p2    |    or    |      0|  0|  10|          10|           7|
    |or_ln367_fu_5273_p2    |    or    |      0|  0|  10|          10|           7|
    |or_ln368_fu_5287_p2    |    or    |      0|  0|  10|          10|           7|
    |or_ln369_fu_5301_p2    |    or    |      0|  0|  10|          10|           7|
    |or_ln370_fu_5315_p2    |    or    |      0|  0|  10|          10|           7|
    |or_ln371_fu_5329_p2    |    or    |      0|  0|  10|          10|           7|
    |or_ln372_fu_5343_p2    |    or    |      0|  0|  10|          10|           7|
    |or_ln373_fu_5357_p2    |    or    |      0|  0|  10|          10|           7|
    |or_ln374_fu_5371_p2    |    or    |      0|  0|  10|          10|           7|
    |or_ln375_fu_5385_p2    |    or    |      0|  0|  10|          10|           7|
    |or_ln376_fu_5399_p2    |    or    |      0|  0|  10|          10|           7|
    |or_ln377_fu_5413_p2    |    or    |      0|  0|  10|          10|           7|
    |or_ln378_fu_5427_p2    |    or    |      0|  0|  10|          10|           7|
    |or_ln379_fu_5441_p2    |    or    |      0|  0|  10|          10|           7|
    |or_ln380_fu_5455_p2    |    or    |      0|  0|  10|          10|           7|
    |or_ln381_fu_5469_p2    |    or    |      0|  0|  10|          10|           7|
    |or_ln382_fu_5483_p2    |    or    |      0|  0|  10|          10|           7|
    |or_ln383_fu_5497_p2    |    or    |      0|  0|  10|          10|           7|
    |or_ln384_fu_5511_p2    |    or    |      0|  0|  10|          10|           7|
    |or_ln385_fu_5525_p2    |    or    |      0|  0|  10|          10|           7|
    |or_ln386_fu_5553_p2    |    or    |      0|  0|  10|          10|           7|
    |or_ln387_fu_5567_p2    |    or    |      0|  0|  10|          10|           7|
    |or_ln388_fu_5581_p2    |    or    |      0|  0|  10|          10|           7|
    |or_ln389_fu_5595_p2    |    or    |      0|  0|  10|          10|           7|
    |or_ln390_fu_5609_p2    |    or    |      0|  0|  10|          10|           7|
    |or_ln391_fu_5623_p2    |    or    |      0|  0|  10|          10|           7|
    |or_ln392_fu_5637_p2    |    or    |      0|  0|  10|          10|           7|
    |or_ln393_fu_5651_p2    |    or    |      0|  0|  10|          10|           7|
    |or_ln394_fu_5665_p2    |    or    |      0|  0|  10|          10|           7|
    |or_ln395_fu_5679_p2    |    or    |      0|  0|  10|          10|           7|
    |or_ln396_fu_5693_p2    |    or    |      0|  0|  10|          10|           7|
    |or_ln397_fu_5707_p2    |    or    |      0|  0|  10|          10|           7|
    |or_ln398_fu_5721_p2    |    or    |      0|  0|  10|          10|           7|
    |or_ln399_fu_5735_p2    |    or    |      0|  0|  10|          10|           7|
    |or_ln400_fu_5749_p2    |    or    |      0|  0|  10|          10|           7|
    |or_ln401_fu_5777_p2    |    or    |      0|  0|  10|          10|           7|
    |or_ln402_fu_5833_p2    |    or    |      0|  0|  10|          10|           7|
    |ap_enable_pp0          |    xor   |      0|  0|   2|           1|           2|
    +-----------------------+----------+-------+---+----+------------+------------+
    |Total                  |          |      0|  0|1295|        1278|         777|
    +-----------------------+----------+-------+---+----+------------+------------+

    * Multiplexer: 
    +---------------------------------+-----+-----------+-----+-----------+
    |               Name              | LUT | Input Size| Bits| Total Bits|
    +---------------------------------+-----+-----------+-----+-----------+
    |ap_NS_fsm                        |  301|         67|    1|         67|
    |ap_done                          |    9|          2|    1|          2|
    |ap_enable_reg_pp0_iter9          |    9|          2|    1|          2|
    |ap_phi_mux_i_0_i_phi_fu_3664_p4  |    9|          2|    3|          6|
    |grp_fu_3672_opcode               |   15|          3|    2|          6|
    |grp_fu_3672_p0                   |  293|         65|   32|       2080|
    |grp_fu_3672_p1                   |   47|         10|   32|        320|
    |grp_fu_3676_opcode               |   15|          3|    2|          6|
    |grp_fu_3676_p0                   |  293|         65|   32|       2080|
    |grp_fu_3676_p1                   |   47|         10|   32|        320|
    |grp_fu_3680_opcode               |   15|          3|    2|          6|
    |grp_fu_3680_p0                   |  169|         38|   32|       1216|
    |grp_fu_3680_p1                   |  177|         40|   32|       1280|
    |grp_fu_3685_p0                   |   65|         16|   32|        512|
    |grp_fu_3685_p1                   |  293|         65|   32|       2080|
    |grp_fu_3689_p0                   |   44|          9|   32|        288|
    |grp_fu_3689_p1                   |   44|          9|   32|        288|
    |grp_fu_3693_p0                   |   50|         11|   32|        352|
    |grp_fu_3693_p1                   |   50|         11|   32|        352|
    |i_0_i_reg_3660                   |    9|          2|    3|          6|
    |knownFeatures_address0           |  293|         65|    9|        585|
    |knownFeatures_address1           |  293|         65|    9|        585|
    |xFeatures100_blk_n               |    9|          2|    1|          2|
    |xFeatures101_blk_n               |    9|          2|    1|          2|
    |xFeatures102_blk_n               |    9|          2|    1|          2|
    |xFeatures103_blk_n               |    9|          2|    1|          2|
    |xFeatures104_blk_n               |    9|          2|    1|          2|
    |xFeatures105_blk_n               |    9|          2|    1|          2|
    |xFeatures106_blk_n               |    9|          2|    1|          2|
    |xFeatures107_blk_n               |    9|          2|    1|          2|
    |xFeatures108_blk_n               |    9|          2|    1|          2|
    |xFeatures109_blk_n               |    9|          2|    1|          2|
    |xFeatures10_blk_n                |    9|          2|    1|          2|
    |xFeatures110_blk_n               |    9|          2|    1|          2|
    |xFeatures111_blk_n               |    9|          2|    1|          2|
    |xFeatures112_blk_n               |    9|          2|    1|          2|
    |xFeatures113_blk_n               |    9|          2|    1|          2|
    |xFeatures114_blk_n               |    9|          2|    1|          2|
    |xFeatures115_blk_n               |    9|          2|    1|          2|
    |xFeatures116_blk_n               |    9|          2|    1|          2|
    |xFeatures117_blk_n               |    9|          2|    1|          2|
    |xFeatures118_blk_n               |    9|          2|    1|          2|
    |xFeatures119_blk_n               |    9|          2|    1|          2|
    |xFeatures11_blk_n                |    9|          2|    1|          2|
    |xFeatures120_blk_n               |    9|          2|    1|          2|
    |xFeatures121_blk_n               |    9|          2|    1|          2|
    |xFeatures122_blk_n               |    9|          2|    1|          2|
    |xFeatures123_blk_n               |    9|          2|    1|          2|
    |xFeatures124_blk_n               |    9|          2|    1|          2|
    |xFeatures125_blk_n               |    9|          2|    1|          2|
    |xFeatures126_blk_n               |    9|          2|    1|          2|
    |xFeatures127_blk_n               |    9|          2|    1|          2|
    |xFeatures12_blk_n                |    9|          2|    1|          2|
    |xFeatures13_blk_n                |    9|          2|    1|          2|
    |xFeatures14_blk_n                |    9|          2|    1|          2|
    |xFeatures15_blk_n                |    9|          2|    1|          2|
    |xFeatures16_blk_n                |    9|          2|    1|          2|
    |xFeatures17_blk_n                |    9|          2|    1|          2|
    |xFeatures18_blk_n                |    9|          2|    1|          2|
    |xFeatures19_blk_n                |    9|          2|    1|          2|
    |xFeatures1_blk_n                 |    9|          2|    1|          2|
    |xFeatures20_blk_n                |    9|          2|    1|          2|
    |xFeatures21_blk_n                |    9|          2|    1|          2|
    |xFeatures22_blk_n                |    9|          2|    1|          2|
    |xFeatures23_blk_n                |    9|          2|    1|          2|
    |xFeatures24_blk_n                |    9|          2|    1|          2|
    |xFeatures25_blk_n                |    9|          2|    1|          2|
    |xFeatures26_blk_n                |    9|          2|    1|          2|
    |xFeatures27_blk_n                |    9|          2|    1|          2|
    |xFeatures28_blk_n                |    9|          2|    1|          2|
    |xFeatures29_blk_n                |    9|          2|    1|          2|
    |xFeatures2_blk_n                 |    9|          2|    1|          2|
    |xFeatures30_blk_n                |    9|          2|    1|          2|
    |xFeatures31_blk_n                |    9|          2|    1|          2|
    |xFeatures32_blk_n                |    9|          2|    1|          2|
    |xFeatures33_blk_n                |    9|          2|    1|          2|
    |xFeatures34_blk_n                |    9|          2|    1|          2|
    |xFeatures35_blk_n                |    9|          2|    1|          2|
    |xFeatures36_blk_n                |    9|          2|    1|          2|
    |xFeatures37_blk_n                |    9|          2|    1|          2|
    |xFeatures38_blk_n                |    9|          2|    1|          2|
    |xFeatures39_blk_n                |    9|          2|    1|          2|
    |xFeatures3_blk_n                 |    9|          2|    1|          2|
    |xFeatures40_blk_n                |    9|          2|    1|          2|
    |xFeatures41_blk_n                |    9|          2|    1|          2|
    |xFeatures42_blk_n                |    9|          2|    1|          2|
    |xFeatures43_blk_n                |    9|          2|    1|          2|
    |xFeatures44_blk_n                |    9|          2|    1|          2|
    |xFeatures45_blk_n                |    9|          2|    1|          2|
    |xFeatures46_blk_n                |    9|          2|    1|          2|
    |xFeatures47_blk_n                |    9|          2|    1|          2|
    |xFeatures48_blk_n                |    9|          2|    1|          2|
    |xFeatures49_blk_n                |    9|          2|    1|          2|
    |xFeatures4_blk_n                 |    9|          2|    1|          2|
    |xFeatures50_blk_n                |    9|          2|    1|          2|
    |xFeatures51_blk_n                |    9|          2|    1|          2|
    |xFeatures52_blk_n                |    9|          2|    1|          2|
    |xFeatures53_blk_n                |    9|          2|    1|          2|
    |xFeatures54_blk_n                |    9|          2|    1|          2|
    |xFeatures55_blk_n                |    9|          2|    1|          2|
    |xFeatures56_blk_n                |    9|          2|    1|          2|
    |xFeatures57_blk_n                |    9|          2|    1|          2|
    |xFeatures58_blk_n                |    9|          2|    1|          2|
    |xFeatures59_blk_n                |    9|          2|    1|          2|
    |xFeatures5_blk_n                 |    9|          2|    1|          2|
    |xFeatures60_blk_n                |    9|          2|    1|          2|
    |xFeatures61_blk_n                |    9|          2|    1|          2|
    |xFeatures62_blk_n                |    9|          2|    1|          2|
    |xFeatures63_blk_n                |    9|          2|    1|          2|
    |xFeatures64_blk_n                |    9|          2|    1|          2|
    |xFeatures65_blk_n                |    9|          2|    1|          2|
    |xFeatures66_blk_n                |    9|          2|    1|          2|
    |xFeatures67_blk_n                |    9|          2|    1|          2|
    |xFeatures68_blk_n                |    9|          2|    1|          2|
    |xFeatures69_blk_n                |    9|          2|    1|          2|
    |xFeatures6_blk_n                 |    9|          2|    1|          2|
    |xFeatures70_blk_n                |    9|          2|    1|          2|
    |xFeatures71_blk_n                |    9|          2|    1|          2|
    |xFeatures72_blk_n                |    9|          2|    1|          2|
    |xFeatures73_blk_n                |    9|          2|    1|          2|
    |xFeatures74_blk_n                |    9|          2|    1|          2|
    |xFeatures75_blk_n                |    9|          2|    1|          2|
    |xFeatures76_blk_n                |    9|          2|    1|          2|
    |xFeatures77_blk_n                |    9|          2|    1|          2|
    |xFeatures78_blk_n                |    9|          2|    1|          2|
    |xFeatures79_blk_n                |    9|          2|    1|          2|
    |xFeatures7_blk_n                 |    9|          2|    1|          2|
    |xFeatures80_blk_n                |    9|          2|    1|          2|
    |xFeatures81_blk_n                |    9|          2|    1|          2|
    |xFeatures82_blk_n                |    9|          2|    1|          2|
    |xFeatures83_blk_n                |    9|          2|    1|          2|
    |xFeatures84_blk_n                |    9|          2|    1|          2|
    |xFeatures85_blk_n                |    9|          2|    1|          2|
    |xFeatures86_blk_n                |    9|          2|    1|          2|
    |xFeatures87_blk_n                |    9|          2|    1|          2|
    |xFeatures88_blk_n                |    9|          2|    1|          2|
    |xFeatures89_blk_n                |    9|          2|    1|          2|
    |xFeatures8_blk_n                 |    9|          2|    1|          2|
    |xFeatures90_blk_n                |    9|          2|    1|          2|
    |xFeatures91_blk_n                |    9|          2|    1|          2|
    |xFeatures92_blk_n                |    9|          2|    1|          2|
    |xFeatures93_blk_n                |    9|          2|    1|          2|
    |xFeatures94_blk_n                |    9|          2|    1|          2|
    |xFeatures95_blk_n                |    9|          2|    1|          2|
    |xFeatures96_blk_n                |    9|          2|    1|          2|
    |xFeatures97_blk_n                |    9|          2|    1|          2|
    |xFeatures98_blk_n                |    9|          2|    1|          2|
    |xFeatures99_blk_n                |    9|          2|    1|          2|
    |xFeatures9_blk_n                 |    9|          2|    1|          2|
    |xFeatures_blk_n                  |    9|          2|    1|          2|
    +---------------------------------+-----+-----------+-----+-----------+
    |Total                            | 3692|        819|  545|      12695|
    +---------------------------------+-----+-----------+-----+-----------+

    * Register: 
    +---------------------------------+-----+----+-----+-----------+
    |               Name              |  FF | LUT| Bits| Const Bits|
    +---------------------------------+-----+----+-----+-----------+
    |ap_CS_fsm                        |   66|   0|   66|          0|
    |ap_done_reg                      |    1|   0|    1|          0|
    |ap_enable_reg_pp0_iter0          |    1|   0|    1|          0|
    |ap_enable_reg_pp0_iter1          |    1|   0|    1|          0|
    |ap_enable_reg_pp0_iter2          |    1|   0|    1|          0|
    |ap_enable_reg_pp0_iter3          |    1|   0|    1|          0|
    |ap_enable_reg_pp0_iter4          |    1|   0|    1|          0|
    |ap_enable_reg_pp0_iter5          |    1|   0|    1|          0|
    |ap_enable_reg_pp0_iter6          |    1|   0|    1|          0|
    |ap_enable_reg_pp0_iter7          |    1|   0|    1|          0|
    |ap_enable_reg_pp0_iter8          |    1|   0|    1|          0|
    |ap_enable_reg_pp0_iter9          |    1|   0|    1|          0|
    |distance_w103_reg_7656           |   32|   0|   32|          0|
    |distance_w125_reg_7687           |   32|   0|   32|          0|
    |distance_w20_reg_7717            |   32|   0|   32|          0|
    |distance_w30_reg_7666            |   32|   0|   32|          0|
    |distance_w32_reg_7676            |   32|   0|   32|          0|
    |distance_w47_reg_7712            |   32|   0|   32|          0|
    |distance_w57_reg_7722            |   32|   0|   32|          0|
    |distance_w89_reg_7651            |   32|   0|   32|          0|
    |distance_w98_reg_7661            |   32|   0|   32|          0|
    |i_0_i_reg_3660                   |    3|   0|    3|          0|
    |i_reg_6496                       |    3|   0|    3|          0|
    |icmp_ln271_reg_6492              |    1|   0|    1|          0|
    |knownFeatures_load_124_reg_7581  |   32|   0|   32|          0|
    |knownFeatures_load_125_reg_7586  |   32|   0|   32|          0|
    |knownFeatures_load_126_reg_7611  |   32|   0|   32|          0|
    |knownFeatures_load_127_reg_7646  |   32|   0|   32|          0|
    |knownFeatures_load_76_reg_7606   |   32|   0|   32|          0|
    |knownFeatures_load_77_reg_7626   |   32|   0|   32|          0|
    |knownFeatures_load_78_reg_7631   |   32|   0|   32|          0|
    |knownFeatures_load_79_reg_7641   |   32|   0|   32|          0|
    |reg_3702                         |   32|   0|   32|          0|
    |reg_3707                         |   32|   0|   32|          0|
    |reg_3712                         |   32|   0|   32|          0|
    |reg_3717                         |   32|   0|   32|          0|
    |reg_3722                         |   32|   0|   32|          0|
    |reg_3727                         |   32|   0|   32|          0|
    |reg_3732                         |   32|   0|   32|          0|
    |reg_3737                         |   32|   0|   32|          0|
    |reg_3742                         |   32|   0|   32|          0|
    |reg_3747                         |   32|   0|   32|          0|
    |reg_3752                         |   32|   0|   32|          0|
    |reg_3760                         |   32|   0|   32|          0|
    |reg_3768                         |   32|   0|   32|          0|
    |reg_3776                         |   32|   0|   32|          0|
    |reg_3784                         |   32|   0|   32|          0|
    |reg_3792                         |   32|   0|   32|          0|
    |reg_3800                         |   32|   0|   32|          0|
    |reg_3806                         |   32|   0|   32|          0|
    |reg_3812                         |   32|   0|   32|          0|
    |reg_3818                         |   32|   0|   32|          0|
    |reg_3825                         |   32|   0|   32|          0|
    |reg_3832                         |   32|   0|   32|          0|
    |reg_3838                         |   32|   0|   32|          0|
    |reg_3844                         |   32|   0|   32|          0|
    |reg_3850                         |   32|   0|   32|          0|
    |reg_3856                         |   32|   0|   32|          0|
    |reg_3863                         |   32|   0|   32|          0|
    |reg_3870                         |   32|   0|   32|          0|
    |reg_3875                         |   32|   0|   32|          0|
    |reg_3882                         |   32|   0|   32|          0|
    |reg_3889                         |   32|   0|   32|          0|
    |reg_3895                         |   32|   0|   32|          0|
    |reg_3901                         |   32|   0|   32|          0|
    |reg_3906                         |   32|   0|   32|          0|
    |reg_3911                         |   32|   0|   32|          0|
    |reg_3917                         |   32|   0|   32|          0|
    |reg_3922                         |   32|   0|   32|          0|
    |reg_3929                         |   32|   0|   32|          0|
    |reg_3936                         |   32|   0|   32|          0|
    |reg_3943                         |   32|   0|   32|          0|
    |reg_3949                         |   32|   0|   32|          0|
    |reg_3955                         |   32|   0|   32|          0|
    |reg_3960                         |   32|   0|   32|          0|
    |reg_3966                         |   32|   0|   32|          0|
    |reg_3972                         |   32|   0|   32|          0|
    |reg_3978                         |   32|   0|   32|          0|
    |reg_3983                         |   32|   0|   32|          0|
    |reg_3988                         |   32|   0|   32|          0|
    |reg_3995                         |   32|   0|   32|          0|
    |reg_4002                         |   32|   0|   32|          0|
    |reg_4009                         |   32|   0|   32|          0|
    |reg_4015                         |   32|   0|   32|          0|
    |reg_4021                         |   32|   0|   32|          0|
    |reg_4027                         |   32|   0|   32|          0|
    |reg_4033                         |   32|   0|   32|          0|
    |reg_4038                         |   32|   0|   32|          0|
    |temp_l77_i78_w1_reg_7681         |   32|   0|   32|          0|
    |tmp_100_i_reg_7226               |   32|   0|   32|          0|
    |tmp_101_i_reg_7231               |   32|   0|   32|          0|
    |tmp_102_i_reg_7246               |   32|   0|   32|          0|
    |tmp_103_i_reg_7251               |   32|   0|   32|          0|
    |tmp_104_i_reg_7266               |   32|   0|   32|          0|
    |tmp_105_i_reg_7271               |   32|   0|   32|          0|
    |tmp_106_i_reg_7286               |   32|   0|   32|          0|
    |tmp_107_i_reg_7291               |   32|   0|   32|          0|
    |tmp_108_i_reg_7306               |   32|   0|   32|          0|
    |tmp_109_i_reg_7311               |   32|   0|   32|          0|
    |tmp_110_i_reg_7326               |   32|   0|   32|          0|
    |tmp_111_i_reg_7331               |   32|   0|   32|          0|
    |tmp_112_i_reg_7346               |   32|   0|   32|          0|
    |tmp_113_i_reg_7351               |   32|   0|   32|          0|
    |tmp_114_i_reg_7366               |   32|   0|   32|          0|
    |tmp_115_i_reg_7371               |   32|   0|   32|          0|
    |tmp_116_i_reg_7386               |   32|   0|   32|          0|
    |tmp_117_i_reg_7391               |   32|   0|   32|          0|
    |tmp_118_i_reg_7406               |   32|   0|   32|          0|
    |tmp_119_i_reg_7411               |   32|   0|   32|          0|
    |tmp_120_i_reg_7426               |   32|   0|   32|          0|
    |tmp_121_i_reg_7636               |   32|   0|   32|          0|
    |tmp_122_i_reg_7671               |   32|   0|   32|          0|
    |tmp_123_i_reg_7692               |   32|   0|   32|          0|
    |tmp_124_i_reg_7697               |   32|   0|   32|          0|
    |tmp_125_i_reg_7702               |   32|   0|   32|          0|
    |tmp_126_i_reg_7707               |   32|   0|   32|          0|
    |tmp_127_i_reg_7727               |   32|   0|   32|          0|
    |tmp_34_i_reg_7546                |   32|   0|   32|          0|
    |tmp_36_i_reg_7591                |   32|   0|   32|          0|
    |tmp_3_i_reg_7481                 |   32|   0|   32|          0|
    |tmp_57_i_reg_6791                |   32|   0|   32|          0|
    |tmp_58_i_reg_6806                |   32|   0|   32|          0|
    |tmp_59_i_reg_6811                |   32|   0|   32|          0|
    |tmp_60_i_reg_6826                |   32|   0|   32|          0|
    |tmp_61_i_reg_6831                |   32|   0|   32|          0|
    |tmp_61_i_reg_6831_pp0_iter1_reg  |   32|   0|   32|          0|
    |tmp_62_i_reg_6846                |   32|   0|   32|          0|
    |tmp_62_i_reg_6846_pp0_iter1_reg  |   32|   0|   32|          0|
    |tmp_63_i_reg_6851                |   32|   0|   32|          0|
    |tmp_63_i_reg_6851_pp0_iter1_reg  |   32|   0|   32|          0|
    |tmp_64_i_reg_6866                |   32|   0|   32|          0|
    |tmp_64_i_reg_6866_pp0_iter1_reg  |   32|   0|   32|          0|
    |tmp_65_i_reg_6871                |   32|   0|   32|          0|
    |tmp_65_i_reg_6871_pp0_iter1_reg  |   32|   0|   32|          0|
    |tmp_66_i_reg_6886                |   32|   0|   32|          0|
    |tmp_66_i_reg_6886_pp0_iter1_reg  |   32|   0|   32|          0|
    |tmp_67_i_reg_6891                |   32|   0|   32|          0|
    |tmp_67_i_reg_6891_pp0_iter1_reg  |   32|   0|   32|          0|
    |tmp_68_i_reg_6906                |   32|   0|   32|          0|
    |tmp_68_i_reg_6906_pp0_iter1_reg  |   32|   0|   32|          0|
    |tmp_69_i_reg_6911                |   32|   0|   32|          0|
    |tmp_69_i_reg_6911_pp0_iter1_reg  |   32|   0|   32|          0|
    |tmp_70_i_reg_6926                |   32|   0|   32|          0|
    |tmp_70_i_reg_6926_pp0_iter1_reg  |   32|   0|   32|          0|
    |tmp_71_i_reg_6931                |   32|   0|   32|          0|
    |tmp_71_i_reg_6931_pp0_iter1_reg  |   32|   0|   32|          0|
    |tmp_72_i_reg_6946                |   32|   0|   32|          0|
    |tmp_72_i_reg_6946_pp0_iter1_reg  |   32|   0|   32|          0|
    |tmp_73_i_reg_6951                |   32|   0|   32|          0|
    |tmp_73_i_reg_6951_pp0_iter1_reg  |   32|   0|   32|          0|
    |tmp_74_i_reg_6966                |   32|   0|   32|          0|
    |tmp_75_i_reg_6971                |   32|   0|   32|          0|
    |tmp_76_i_reg_6986                |   32|   0|   32|          0|
    |tmp_77_i_reg_6991                |   32|   0|   32|          0|
    |tmp_78_i_reg_7006                |   32|   0|   32|          0|
    |tmp_79_i_reg_7011                |   32|   0|   32|          0|
    |tmp_80_i_reg_7026                |   32|   0|   32|          0|
    |tmp_81_i_reg_7031                |   32|   0|   32|          0|
    |tmp_82_i_reg_7046                |   32|   0|   32|          0|
    |tmp_83_i_reg_7051                |   32|   0|   32|          0|
    |tmp_84_i_reg_7066                |   32|   0|   32|          0|
    |tmp_85_i_reg_7071                |   32|   0|   32|          0|
    |tmp_86_i_reg_7086                |   32|   0|   32|          0|
    |tmp_87_i_reg_7091                |   32|   0|   32|          0|
    |tmp_88_i_reg_7106                |   32|   0|   32|          0|
    |tmp_89_i_reg_7111                |   32|   0|   32|          0|
    |tmp_90_i_reg_7126                |   32|   0|   32|          0|
    |tmp_91_i_reg_7131                |   32|   0|   32|          0|
    |tmp_92_i_reg_7146                |   32|   0|   32|          0|
    |tmp_93_i_reg_7151                |   32|   0|   32|          0|
    |tmp_94_i_reg_7166                |   32|   0|   32|          0|
    |tmp_95_i_reg_7171                |   32|   0|   32|          0|
    |tmp_96_i_reg_7186                |   32|   0|   32|          0|
    |tmp_97_i_reg_7191                |   32|   0|   32|          0|
    |tmp_98_i_reg_7206                |   32|   0|   32|          0|
    |tmp_99_i_reg_7211                |   32|   0|   32|          0|
    |tmp_reg_6501                     |    3|   0|   10|          7|
    |xFeatures100_read_reg_6352       |   32|   0|   32|          0|
    |xFeatures101_read_reg_6357       |   32|   0|   32|          0|
    |xFeatures102_read_reg_6362       |   32|   0|   32|          0|
    |xFeatures103_read_reg_6367       |   32|   0|   32|          0|
    |xFeatures104_read_reg_6372       |   32|   0|   32|          0|
    |xFeatures105_read_reg_6377       |   32|   0|   32|          0|
    |xFeatures106_read_reg_6382       |   32|   0|   32|          0|
    |xFeatures107_read_reg_6387       |   32|   0|   32|          0|
    |xFeatures108_read_reg_6392       |   32|   0|   32|          0|
    |xFeatures109_read_reg_6397       |   32|   0|   32|          0|
    |xFeatures10_read_reg_5902        |   32|   0|   32|          0|
    |xFeatures110_read_reg_6402       |   32|   0|   32|          0|
    |xFeatures111_read_reg_6407       |   32|   0|   32|          0|
    |xFeatures112_read_reg_6412       |   32|   0|   32|          0|
    |xFeatures113_read_reg_6417       |   32|   0|   32|          0|
    |xFeatures114_read_reg_6422       |   32|   0|   32|          0|
    |xFeatures115_read_reg_6427       |   32|   0|   32|          0|
    |xFeatures116_read_reg_6432       |   32|   0|   32|          0|
    |xFeatures117_read_reg_6437       |   32|   0|   32|          0|
    |xFeatures118_read_reg_6442       |   32|   0|   32|          0|
    |xFeatures119_read_reg_6447       |   32|   0|   32|          0|
    |xFeatures11_read_reg_5907        |   32|   0|   32|          0|
    |xFeatures120_read_reg_6452       |   32|   0|   32|          0|
    |xFeatures121_read_reg_6457       |   32|   0|   32|          0|
    |xFeatures122_read_reg_6462       |   32|   0|   32|          0|
    |xFeatures123_read_reg_6467       |   32|   0|   32|          0|
    |xFeatures124_read_reg_6472       |   32|   0|   32|          0|
    |xFeatures125_read_reg_6477       |   32|   0|   32|          0|
    |xFeatures126_read_reg_6482       |   32|   0|   32|          0|
    |xFeatures127_read_reg_6487       |   32|   0|   32|          0|
    |xFeatures12_read_reg_5912        |   32|   0|   32|          0|
    |xFeatures13_read_reg_5917        |   32|   0|   32|          0|
    |xFeatures14_read_reg_5922        |   32|   0|   32|          0|
    |xFeatures15_read_reg_5927        |   32|   0|   32|          0|
    |xFeatures16_read_reg_5932        |   32|   0|   32|          0|
    |xFeatures17_read_reg_5937        |   32|   0|   32|          0|
    |xFeatures18_read_reg_5942        |   32|   0|   32|          0|
    |xFeatures19_read_reg_5947        |   32|   0|   32|          0|
    |xFeatures1_read_reg_5857         |   32|   0|   32|          0|
    |xFeatures20_read_reg_5952        |   32|   0|   32|          0|
    |xFeatures21_read_reg_5957        |   32|   0|   32|          0|
    |xFeatures22_read_reg_5962        |   32|   0|   32|          0|
    |xFeatures23_read_reg_5967        |   32|   0|   32|          0|
    |xFeatures24_read_reg_5972        |   32|   0|   32|          0|
    |xFeatures25_read_reg_5977        |   32|   0|   32|          0|
    |xFeatures26_read_reg_5982        |   32|   0|   32|          0|
    |xFeatures27_read_reg_5987        |   32|   0|   32|          0|
    |xFeatures28_read_reg_5992        |   32|   0|   32|          0|
    |xFeatures29_read_reg_5997        |   32|   0|   32|          0|
    |xFeatures2_read_reg_5862         |   32|   0|   32|          0|
    |xFeatures30_read_reg_6002        |   32|   0|   32|          0|
    |xFeatures31_read_reg_6007        |   32|   0|   32|          0|
    |xFeatures32_read_reg_6012        |   32|   0|   32|          0|
    |xFeatures33_read_reg_6017        |   32|   0|   32|          0|
    |xFeatures34_read_reg_6022        |   32|   0|   32|          0|
    |xFeatures35_read_reg_6027        |   32|   0|   32|          0|
    |xFeatures36_read_reg_6032        |   32|   0|   32|          0|
    |xFeatures37_read_reg_6037        |   32|   0|   32|          0|
    |xFeatures38_read_reg_6042        |   32|   0|   32|          0|
    |xFeatures39_read_reg_6047        |   32|   0|   32|          0|
    |xFeatures3_read_reg_5867         |   32|   0|   32|          0|
    |xFeatures40_read_reg_6052        |   32|   0|   32|          0|
    |xFeatures41_read_reg_6057        |   32|   0|   32|          0|
    |xFeatures42_read_reg_6062        |   32|   0|   32|          0|
    |xFeatures43_read_reg_6067        |   32|   0|   32|          0|
    |xFeatures44_read_reg_6072        |   32|   0|   32|          0|
    |xFeatures45_read_reg_6077        |   32|   0|   32|          0|
    |xFeatures46_read_reg_6082        |   32|   0|   32|          0|
    |xFeatures47_read_reg_6087        |   32|   0|   32|          0|
    |xFeatures48_read_reg_6092        |   32|   0|   32|          0|
    |xFeatures49_read_reg_6097        |   32|   0|   32|          0|
    |xFeatures4_read_reg_5872         |   32|   0|   32|          0|
    |xFeatures50_read_reg_6102        |   32|   0|   32|          0|
    |xFeatures51_read_reg_6107        |   32|   0|   32|          0|
    |xFeatures52_read_reg_6112        |   32|   0|   32|          0|
    |xFeatures53_read_reg_6117        |   32|   0|   32|          0|
    |xFeatures54_read_reg_6122        |   32|   0|   32|          0|
    |xFeatures55_read_reg_6127        |   32|   0|   32|          0|
    |xFeatures56_read_reg_6132        |   32|   0|   32|          0|
    |xFeatures57_read_reg_6137        |   32|   0|   32|          0|
    |xFeatures58_read_reg_6142        |   32|   0|   32|          0|
    |xFeatures59_read_reg_6147        |   32|   0|   32|          0|
    |xFeatures5_read_reg_5877         |   32|   0|   32|          0|
    |xFeatures60_read_reg_6152        |   32|   0|   32|          0|
    |xFeatures61_read_reg_6157        |   32|   0|   32|          0|
    |xFeatures62_read_reg_6162        |   32|   0|   32|          0|
    |xFeatures63_read_reg_6167        |   32|   0|   32|          0|
    |xFeatures64_read_reg_6172        |   32|   0|   32|          0|
    |xFeatures65_read_reg_6177        |   32|   0|   32|          0|
    |xFeatures66_read_reg_6182        |   32|   0|   32|          0|
    |xFeatures67_read_reg_6187        |   32|   0|   32|          0|
    |xFeatures68_read_reg_6192        |   32|   0|   32|          0|
    |xFeatures69_read_reg_6197        |   32|   0|   32|          0|
    |xFeatures6_read_reg_5882         |   32|   0|   32|          0|
    |xFeatures70_read_reg_6202        |   32|   0|   32|          0|
    |xFeatures71_read_reg_6207        |   32|   0|   32|          0|
    |xFeatures72_read_reg_6212        |   32|   0|   32|          0|
    |xFeatures73_read_reg_6217        |   32|   0|   32|          0|
    |xFeatures74_read_reg_6222        |   32|   0|   32|          0|
    |xFeatures75_read_reg_6227        |   32|   0|   32|          0|
    |xFeatures76_read_reg_6232        |   32|   0|   32|          0|
    |xFeatures77_read_reg_6237        |   32|   0|   32|          0|
    |xFeatures78_read_reg_6242        |   32|   0|   32|          0|
    |xFeatures79_read_reg_6247        |   32|   0|   32|          0|
    |xFeatures7_read_reg_5887         |   32|   0|   32|          0|
    |xFeatures80_read_reg_6252        |   32|   0|   32|          0|
    |xFeatures81_read_reg_6257        |   32|   0|   32|          0|
    |xFeatures82_read_reg_6262        |   32|   0|   32|          0|
    |xFeatures83_read_reg_6267        |   32|   0|   32|          0|
    |xFeatures84_read_reg_6272        |   32|   0|   32|          0|
    |xFeatures85_read_reg_6277        |   32|   0|   32|          0|
    |xFeatures86_read_reg_6282        |   32|   0|   32|          0|
    |xFeatures87_read_reg_6287        |   32|   0|   32|          0|
    |xFeatures88_read_reg_6292        |   32|   0|   32|          0|
    |xFeatures89_read_reg_6297        |   32|   0|   32|          0|
    |xFeatures8_read_reg_5892         |   32|   0|   32|          0|
    |xFeatures90_read_reg_6302        |   32|   0|   32|          0|
    |xFeatures91_read_reg_6307        |   32|   0|   32|          0|
    |xFeatures92_read_reg_6312        |   32|   0|   32|          0|
    |xFeatures93_read_reg_6317        |   32|   0|   32|          0|
    |xFeatures94_read_reg_6322        |   32|   0|   32|          0|
    |xFeatures95_read_reg_6327        |   32|   0|   32|          0|
    |xFeatures96_read_reg_6332        |   32|   0|   32|          0|
    |xFeatures97_read_reg_6337        |   32|   0|   32|          0|
    |xFeatures98_read_reg_6342        |   32|   0|   32|          0|
    |xFeatures99_read_reg_6347        |   32|   0|   32|          0|
    |xFeatures9_read_reg_5897         |   32|   0|   32|          0|
    |xFeatures_read_reg_5852          |   32|   0|   32|          0|
    |distance_w125_reg_7687           |   64|  32|   32|          0|
    |i_0_i_reg_3660                   |   64|  32|    3|          0|
    |icmp_ln271_reg_6492              |   64|  32|    1|          0|
    |tmp_100_i_reg_7226               |   64|  32|   32|          0|
    |tmp_101_i_reg_7231               |   64|  32|   32|          0|
    |tmp_102_i_reg_7246               |   64|  32|   32|          0|
    |tmp_103_i_reg_7251               |   64|  32|   32|          0|
    |tmp_104_i_reg_7266               |   64|  32|   32|          0|
    |tmp_105_i_reg_7271               |   64|  32|   32|          0|
    |tmp_106_i_reg_7286               |   64|  32|   32|          0|
    |tmp_107_i_reg_7291               |   64|  32|   32|          0|
    |tmp_108_i_reg_7306               |   64|  32|   32|          0|
    |tmp_109_i_reg_7311               |   64|  32|   32|          0|
    |tmp_110_i_reg_7326               |   64|  32|   32|          0|
    |tmp_111_i_reg_7331               |   64|  32|   32|          0|
    |tmp_112_i_reg_7346               |   64|  32|   32|          0|
    |tmp_113_i_reg_7351               |   64|  32|   32|          0|
    |tmp_114_i_reg_7366               |   64|  32|   32|          0|
    |tmp_115_i_reg_7371               |   64|  32|   32|          0|
    |tmp_116_i_reg_7386               |   64|  32|   32|          0|
    |tmp_117_i_reg_7391               |   64|  32|   32|          0|
    |tmp_118_i_reg_7406               |   64|  32|   32|          0|
    |tmp_119_i_reg_7411               |   64|  32|   32|          0|
    |tmp_120_i_reg_7426               |   64|  32|   32|          0|
    |tmp_121_i_reg_7636               |   64|  32|   32|          0|
    |tmp_122_i_reg_7671               |   64|  32|   32|          0|
    |tmp_123_i_reg_7692               |   64|  32|   32|          0|
    |tmp_124_i_reg_7697               |   64|  32|   32|          0|
    |tmp_125_i_reg_7702               |   64|  32|   32|          0|
    |tmp_126_i_reg_7707               |   64|  32|   32|          0|
    |tmp_74_i_reg_6966                |   64|  32|   32|          0|
    |tmp_75_i_reg_6971                |   64|  32|   32|          0|
    |tmp_76_i_reg_6986                |   64|  32|   32|          0|
    |tmp_77_i_reg_6991                |   64|  32|   32|          0|
    |tmp_78_i_reg_7006                |   64|  32|   32|          0|
    |tmp_79_i_reg_7011                |   64|  32|   32|          0|
    |tmp_80_i_reg_7026                |   64|  32|   32|          0|
    |tmp_81_i_reg_7031                |   64|  32|   32|          0|
    |tmp_82_i_reg_7046                |   64|  32|   32|          0|
    |tmp_83_i_reg_7051                |   64|  32|   32|          0|
    |tmp_84_i_reg_7066                |   64|  32|   32|          0|
    |tmp_85_i_reg_7071                |   64|  32|   32|          0|
    |tmp_86_i_reg_7086                |   64|  32|   32|          0|
    |tmp_87_i_reg_7091                |   64|  32|   32|          0|
    |tmp_88_i_reg_7106                |   64|  32|   32|          0|
    |tmp_89_i_reg_7111                |   64|  32|   32|          0|
    |tmp_90_i_reg_7126                |   64|  32|   32|          0|
    |tmp_91_i_reg_7131                |   64|  32|   32|          0|
    |tmp_92_i_reg_7146                |   64|  32|   32|          0|
    |tmp_93_i_reg_7151                |   64|  32|   32|          0|
    |tmp_94_i_reg_7166                |   64|  32|   32|          0|
    |tmp_95_i_reg_7171                |   64|  32|   32|          0|
    |tmp_96_i_reg_7186                |   64|  32|   32|          0|
    |tmp_97_i_reg_7191                |   64|  32|   32|          0|
    |tmp_98_i_reg_7206                |   64|  32|   32|          0|
    |tmp_99_i_reg_7211                |   64|  32|   32|          0|
    +---------------------------------+-----+----+-----+-----------+
    |Total                            |12919|1792|11074|          7|
    +---------------------------------+-----+----+-----+-----------+



================================================================
== Interface
================================================================
* Summary: 
+-------------------------+-----+-----+------------+----------------+--------------+
|        RTL Ports        | Dir | Bits|  Protocol  |  Source Object |    C Type    |
+-------------------------+-----+-----+------------+----------------+--------------+
|ap_clk                   |  in |    1| ap_ctrl_hs |  parallel_021  | return value |
|ap_rst                   |  in |    1| ap_ctrl_hs |  parallel_021  | return value |
|ap_start                 |  in |    1| ap_ctrl_hs |  parallel_021  | return value |
|ap_done                  | out |    1| ap_ctrl_hs |  parallel_021  | return value |
|ap_continue              |  in |    1| ap_ctrl_hs |  parallel_021  | return value |
|ap_idle                  | out |    1| ap_ctrl_hs |  parallel_021  | return value |
|ap_ready                 | out |    1| ap_ctrl_hs |  parallel_021  | return value |
|knownFeatures_address0   | out |    9|  ap_memory |  knownFeatures |     array    |
|knownFeatures_ce0        | out |    1|  ap_memory |  knownFeatures |     array    |
|knownFeatures_q0         |  in |   32|  ap_memory |  knownFeatures |     array    |
|knownFeatures_address1   | out |    9|  ap_memory |  knownFeatures |     array    |
|knownFeatures_ce1        | out |    1|  ap_memory |  knownFeatures |     array    |
|knownFeatures_q1         |  in |   32|  ap_memory |  knownFeatures |     array    |
|xFeatures_dout           |  in |   32|   ap_fifo  |    xFeatures   |    pointer   |
|xFeatures_empty_n        |  in |    1|   ap_fifo  |    xFeatures   |    pointer   |
|xFeatures_read           | out |    1|   ap_fifo  |    xFeatures   |    pointer   |
|xFeatures1_dout          |  in |   32|   ap_fifo  |   xFeatures1   |    pointer   |
|xFeatures1_empty_n       |  in |    1|   ap_fifo  |   xFeatures1   |    pointer   |
|xFeatures1_read          | out |    1|   ap_fifo  |   xFeatures1   |    pointer   |
|xFeatures2_dout          |  in |   32|   ap_fifo  |   xFeatures2   |    pointer   |
|xFeatures2_empty_n       |  in |    1|   ap_fifo  |   xFeatures2   |    pointer   |
|xFeatures2_read          | out |    1|   ap_fifo  |   xFeatures2   |    pointer   |
|xFeatures3_dout          |  in |   32|   ap_fifo  |   xFeatures3   |    pointer   |
|xFeatures3_empty_n       |  in |    1|   ap_fifo  |   xFeatures3   |    pointer   |
|xFeatures3_read          | out |    1|   ap_fifo  |   xFeatures3   |    pointer   |
|xFeatures4_dout          |  in |   32|   ap_fifo  |   xFeatures4   |    pointer   |
|xFeatures4_empty_n       |  in |    1|   ap_fifo  |   xFeatures4   |    pointer   |
|xFeatures4_read          | out |    1|   ap_fifo  |   xFeatures4   |    pointer   |
|xFeatures5_dout          |  in |   32|   ap_fifo  |   xFeatures5   |    pointer   |
|xFeatures5_empty_n       |  in |    1|   ap_fifo  |   xFeatures5   |    pointer   |
|xFeatures5_read          | out |    1|   ap_fifo  |   xFeatures5   |    pointer   |
|xFeatures6_dout          |  in |   32|   ap_fifo  |   xFeatures6   |    pointer   |
|xFeatures6_empty_n       |  in |    1|   ap_fifo  |   xFeatures6   |    pointer   |
|xFeatures6_read          | out |    1|   ap_fifo  |   xFeatures6   |    pointer   |
|xFeatures7_dout          |  in |   32|   ap_fifo  |   xFeatures7   |    pointer   |
|xFeatures7_empty_n       |  in |    1|   ap_fifo  |   xFeatures7   |    pointer   |
|xFeatures7_read          | out |    1|   ap_fifo  |   xFeatures7   |    pointer   |
|xFeatures8_dout          |  in |   32|   ap_fifo  |   xFeatures8   |    pointer   |
|xFeatures8_empty_n       |  in |    1|   ap_fifo  |   xFeatures8   |    pointer   |
|xFeatures8_read          | out |    1|   ap_fifo  |   xFeatures8   |    pointer   |
|xFeatures9_dout          |  in |   32|   ap_fifo  |   xFeatures9   |    pointer   |
|xFeatures9_empty_n       |  in |    1|   ap_fifo  |   xFeatures9   |    pointer   |
|xFeatures9_read          | out |    1|   ap_fifo  |   xFeatures9   |    pointer   |
|xFeatures10_dout         |  in |   32|   ap_fifo  |   xFeatures10  |    pointer   |
|xFeatures10_empty_n      |  in |    1|   ap_fifo  |   xFeatures10  |    pointer   |
|xFeatures10_read         | out |    1|   ap_fifo  |   xFeatures10  |    pointer   |
|xFeatures11_dout         |  in |   32|   ap_fifo  |   xFeatures11  |    pointer   |
|xFeatures11_empty_n      |  in |    1|   ap_fifo  |   xFeatures11  |    pointer   |
|xFeatures11_read         | out |    1|   ap_fifo  |   xFeatures11  |    pointer   |
|xFeatures12_dout         |  in |   32|   ap_fifo  |   xFeatures12  |    pointer   |
|xFeatures12_empty_n      |  in |    1|   ap_fifo  |   xFeatures12  |    pointer   |
|xFeatures12_read         | out |    1|   ap_fifo  |   xFeatures12  |    pointer   |
|xFeatures13_dout         |  in |   32|   ap_fifo  |   xFeatures13  |    pointer   |
|xFeatures13_empty_n      |  in |    1|   ap_fifo  |   xFeatures13  |    pointer   |
|xFeatures13_read         | out |    1|   ap_fifo  |   xFeatures13  |    pointer   |
|xFeatures14_dout         |  in |   32|   ap_fifo  |   xFeatures14  |    pointer   |
|xFeatures14_empty_n      |  in |    1|   ap_fifo  |   xFeatures14  |    pointer   |
|xFeatures14_read         | out |    1|   ap_fifo  |   xFeatures14  |    pointer   |
|xFeatures15_dout         |  in |   32|   ap_fifo  |   xFeatures15  |    pointer   |
|xFeatures15_empty_n      |  in |    1|   ap_fifo  |   xFeatures15  |    pointer   |
|xFeatures15_read         | out |    1|   ap_fifo  |   xFeatures15  |    pointer   |
|xFeatures16_dout         |  in |   32|   ap_fifo  |   xFeatures16  |    pointer   |
|xFeatures16_empty_n      |  in |    1|   ap_fifo  |   xFeatures16  |    pointer   |
|xFeatures16_read         | out |    1|   ap_fifo  |   xFeatures16  |    pointer   |
|xFeatures17_dout         |  in |   32|   ap_fifo  |   xFeatures17  |    pointer   |
|xFeatures17_empty_n      |  in |    1|   ap_fifo  |   xFeatures17  |    pointer   |
|xFeatures17_read         | out |    1|   ap_fifo  |   xFeatures17  |    pointer   |
|xFeatures18_dout         |  in |   32|   ap_fifo  |   xFeatures18  |    pointer   |
|xFeatures18_empty_n      |  in |    1|   ap_fifo  |   xFeatures18  |    pointer   |
|xFeatures18_read         | out |    1|   ap_fifo  |   xFeatures18  |    pointer   |
|xFeatures19_dout         |  in |   32|   ap_fifo  |   xFeatures19  |    pointer   |
|xFeatures19_empty_n      |  in |    1|   ap_fifo  |   xFeatures19  |    pointer   |
|xFeatures19_read         | out |    1|   ap_fifo  |   xFeatures19  |    pointer   |
|xFeatures20_dout         |  in |   32|   ap_fifo  |   xFeatures20  |    pointer   |
|xFeatures20_empty_n      |  in |    1|   ap_fifo  |   xFeatures20  |    pointer   |
|xFeatures20_read         | out |    1|   ap_fifo  |   xFeatures20  |    pointer   |
|xFeatures21_dout         |  in |   32|   ap_fifo  |   xFeatures21  |    pointer   |
|xFeatures21_empty_n      |  in |    1|   ap_fifo  |   xFeatures21  |    pointer   |
|xFeatures21_read         | out |    1|   ap_fifo  |   xFeatures21  |    pointer   |
|xFeatures22_dout         |  in |   32|   ap_fifo  |   xFeatures22  |    pointer   |
|xFeatures22_empty_n      |  in |    1|   ap_fifo  |   xFeatures22  |    pointer   |
|xFeatures22_read         | out |    1|   ap_fifo  |   xFeatures22  |    pointer   |
|xFeatures23_dout         |  in |   32|   ap_fifo  |   xFeatures23  |    pointer   |
|xFeatures23_empty_n      |  in |    1|   ap_fifo  |   xFeatures23  |    pointer   |
|xFeatures23_read         | out |    1|   ap_fifo  |   xFeatures23  |    pointer   |
|xFeatures24_dout         |  in |   32|   ap_fifo  |   xFeatures24  |    pointer   |
|xFeatures24_empty_n      |  in |    1|   ap_fifo  |   xFeatures24  |    pointer   |
|xFeatures24_read         | out |    1|   ap_fifo  |   xFeatures24  |    pointer   |
|xFeatures25_dout         |  in |   32|   ap_fifo  |   xFeatures25  |    pointer   |
|xFeatures25_empty_n      |  in |    1|   ap_fifo  |   xFeatures25  |    pointer   |
|xFeatures25_read         | out |    1|   ap_fifo  |   xFeatures25  |    pointer   |
|xFeatures26_dout         |  in |   32|   ap_fifo  |   xFeatures26  |    pointer   |
|xFeatures26_empty_n      |  in |    1|   ap_fifo  |   xFeatures26  |    pointer   |
|xFeatures26_read         | out |    1|   ap_fifo  |   xFeatures26  |    pointer   |
|xFeatures27_dout         |  in |   32|   ap_fifo  |   xFeatures27  |    pointer   |
|xFeatures27_empty_n      |  in |    1|   ap_fifo  |   xFeatures27  |    pointer   |
|xFeatures27_read         | out |    1|   ap_fifo  |   xFeatures27  |    pointer   |
|xFeatures28_dout         |  in |   32|   ap_fifo  |   xFeatures28  |    pointer   |
|xFeatures28_empty_n      |  in |    1|   ap_fifo  |   xFeatures28  |    pointer   |
|xFeatures28_read         | out |    1|   ap_fifo  |   xFeatures28  |    pointer   |
|xFeatures29_dout         |  in |   32|   ap_fifo  |   xFeatures29  |    pointer   |
|xFeatures29_empty_n      |  in |    1|   ap_fifo  |   xFeatures29  |    pointer   |
|xFeatures29_read         | out |    1|   ap_fifo  |   xFeatures29  |    pointer   |
|xFeatures30_dout         |  in |   32|   ap_fifo  |   xFeatures30  |    pointer   |
|xFeatures30_empty_n      |  in |    1|   ap_fifo  |   xFeatures30  |    pointer   |
|xFeatures30_read         | out |    1|   ap_fifo  |   xFeatures30  |    pointer   |
|xFeatures31_dout         |  in |   32|   ap_fifo  |   xFeatures31  |    pointer   |
|xFeatures31_empty_n      |  in |    1|   ap_fifo  |   xFeatures31  |    pointer   |
|xFeatures31_read         | out |    1|   ap_fifo  |   xFeatures31  |    pointer   |
|xFeatures32_dout         |  in |   32|   ap_fifo  |   xFeatures32  |    pointer   |
|xFeatures32_empty_n      |  in |    1|   ap_fifo  |   xFeatures32  |    pointer   |
|xFeatures32_read         | out |    1|   ap_fifo  |   xFeatures32  |    pointer   |
|xFeatures33_dout         |  in |   32|   ap_fifo  |   xFeatures33  |    pointer   |
|xFeatures33_empty_n      |  in |    1|   ap_fifo  |   xFeatures33  |    pointer   |
|xFeatures33_read         | out |    1|   ap_fifo  |   xFeatures33  |    pointer   |
|xFeatures34_dout         |  in |   32|   ap_fifo  |   xFeatures34  |    pointer   |
|xFeatures34_empty_n      |  in |    1|   ap_fifo  |   xFeatures34  |    pointer   |
|xFeatures34_read         | out |    1|   ap_fifo  |   xFeatures34  |    pointer   |
|xFeatures35_dout         |  in |   32|   ap_fifo  |   xFeatures35  |    pointer   |
|xFeatures35_empty_n      |  in |    1|   ap_fifo  |   xFeatures35  |    pointer   |
|xFeatures35_read         | out |    1|   ap_fifo  |   xFeatures35  |    pointer   |
|xFeatures36_dout         |  in |   32|   ap_fifo  |   xFeatures36  |    pointer   |
|xFeatures36_empty_n      |  in |    1|   ap_fifo  |   xFeatures36  |    pointer   |
|xFeatures36_read         | out |    1|   ap_fifo  |   xFeatures36  |    pointer   |
|xFeatures37_dout         |  in |   32|   ap_fifo  |   xFeatures37  |    pointer   |
|xFeatures37_empty_n      |  in |    1|   ap_fifo  |   xFeatures37  |    pointer   |
|xFeatures37_read         | out |    1|   ap_fifo  |   xFeatures37  |    pointer   |
|xFeatures38_dout         |  in |   32|   ap_fifo  |   xFeatures38  |    pointer   |
|xFeatures38_empty_n      |  in |    1|   ap_fifo  |   xFeatures38  |    pointer   |
|xFeatures38_read         | out |    1|   ap_fifo  |   xFeatures38  |    pointer   |
|xFeatures39_dout         |  in |   32|   ap_fifo  |   xFeatures39  |    pointer   |
|xFeatures39_empty_n      |  in |    1|   ap_fifo  |   xFeatures39  |    pointer   |
|xFeatures39_read         | out |    1|   ap_fifo  |   xFeatures39  |    pointer   |
|xFeatures40_dout         |  in |   32|   ap_fifo  |   xFeatures40  |    pointer   |
|xFeatures40_empty_n      |  in |    1|   ap_fifo  |   xFeatures40  |    pointer   |
|xFeatures40_read         | out |    1|   ap_fifo  |   xFeatures40  |    pointer   |
|xFeatures41_dout         |  in |   32|   ap_fifo  |   xFeatures41  |    pointer   |
|xFeatures41_empty_n      |  in |    1|   ap_fifo  |   xFeatures41  |    pointer   |
|xFeatures41_read         | out |    1|   ap_fifo  |   xFeatures41  |    pointer   |
|xFeatures42_dout         |  in |   32|   ap_fifo  |   xFeatures42  |    pointer   |
|xFeatures42_empty_n      |  in |    1|   ap_fifo  |   xFeatures42  |    pointer   |
|xFeatures42_read         | out |    1|   ap_fifo  |   xFeatures42  |    pointer   |
|xFeatures43_dout         |  in |   32|   ap_fifo  |   xFeatures43  |    pointer   |
|xFeatures43_empty_n      |  in |    1|   ap_fifo  |   xFeatures43  |    pointer   |
|xFeatures43_read         | out |    1|   ap_fifo  |   xFeatures43  |    pointer   |
|xFeatures44_dout         |  in |   32|   ap_fifo  |   xFeatures44  |    pointer   |
|xFeatures44_empty_n      |  in |    1|   ap_fifo  |   xFeatures44  |    pointer   |
|xFeatures44_read         | out |    1|   ap_fifo  |   xFeatures44  |    pointer   |
|xFeatures45_dout         |  in |   32|   ap_fifo  |   xFeatures45  |    pointer   |
|xFeatures45_empty_n      |  in |    1|   ap_fifo  |   xFeatures45  |    pointer   |
|xFeatures45_read         | out |    1|   ap_fifo  |   xFeatures45  |    pointer   |
|xFeatures46_dout         |  in |   32|   ap_fifo  |   xFeatures46  |    pointer   |
|xFeatures46_empty_n      |  in |    1|   ap_fifo  |   xFeatures46  |    pointer   |
|xFeatures46_read         | out |    1|   ap_fifo  |   xFeatures46  |    pointer   |
|xFeatures47_dout         |  in |   32|   ap_fifo  |   xFeatures47  |    pointer   |
|xFeatures47_empty_n      |  in |    1|   ap_fifo  |   xFeatures47  |    pointer   |
|xFeatures47_read         | out |    1|   ap_fifo  |   xFeatures47  |    pointer   |
|xFeatures48_dout         |  in |   32|   ap_fifo  |   xFeatures48  |    pointer   |
|xFeatures48_empty_n      |  in |    1|   ap_fifo  |   xFeatures48  |    pointer   |
|xFeatures48_read         | out |    1|   ap_fifo  |   xFeatures48  |    pointer   |
|xFeatures49_dout         |  in |   32|   ap_fifo  |   xFeatures49  |    pointer   |
|xFeatures49_empty_n      |  in |    1|   ap_fifo  |   xFeatures49  |    pointer   |
|xFeatures49_read         | out |    1|   ap_fifo  |   xFeatures49  |    pointer   |
|xFeatures50_dout         |  in |   32|   ap_fifo  |   xFeatures50  |    pointer   |
|xFeatures50_empty_n      |  in |    1|   ap_fifo  |   xFeatures50  |    pointer   |
|xFeatures50_read         | out |    1|   ap_fifo  |   xFeatures50  |    pointer   |
|xFeatures51_dout         |  in |   32|   ap_fifo  |   xFeatures51  |    pointer   |
|xFeatures51_empty_n      |  in |    1|   ap_fifo  |   xFeatures51  |    pointer   |
|xFeatures51_read         | out |    1|   ap_fifo  |   xFeatures51  |    pointer   |
|xFeatures52_dout         |  in |   32|   ap_fifo  |   xFeatures52  |    pointer   |
|xFeatures52_empty_n      |  in |    1|   ap_fifo  |   xFeatures52  |    pointer   |
|xFeatures52_read         | out |    1|   ap_fifo  |   xFeatures52  |    pointer   |
|xFeatures53_dout         |  in |   32|   ap_fifo  |   xFeatures53  |    pointer   |
|xFeatures53_empty_n      |  in |    1|   ap_fifo  |   xFeatures53  |    pointer   |
|xFeatures53_read         | out |    1|   ap_fifo  |   xFeatures53  |    pointer   |
|xFeatures54_dout         |  in |   32|   ap_fifo  |   xFeatures54  |    pointer   |
|xFeatures54_empty_n      |  in |    1|   ap_fifo  |   xFeatures54  |    pointer   |
|xFeatures54_read         | out |    1|   ap_fifo  |   xFeatures54  |    pointer   |
|xFeatures55_dout         |  in |   32|   ap_fifo  |   xFeatures55  |    pointer   |
|xFeatures55_empty_n      |  in |    1|   ap_fifo  |   xFeatures55  |    pointer   |
|xFeatures55_read         | out |    1|   ap_fifo  |   xFeatures55  |    pointer   |
|xFeatures56_dout         |  in |   32|   ap_fifo  |   xFeatures56  |    pointer   |
|xFeatures56_empty_n      |  in |    1|   ap_fifo  |   xFeatures56  |    pointer   |
|xFeatures56_read         | out |    1|   ap_fifo  |   xFeatures56  |    pointer   |
|xFeatures57_dout         |  in |   32|   ap_fifo  |   xFeatures57  |    pointer   |
|xFeatures57_empty_n      |  in |    1|   ap_fifo  |   xFeatures57  |    pointer   |
|xFeatures57_read         | out |    1|   ap_fifo  |   xFeatures57  |    pointer   |
|xFeatures58_dout         |  in |   32|   ap_fifo  |   xFeatures58  |    pointer   |
|xFeatures58_empty_n      |  in |    1|   ap_fifo  |   xFeatures58  |    pointer   |
|xFeatures58_read         | out |    1|   ap_fifo  |   xFeatures58  |    pointer   |
|xFeatures59_dout         |  in |   32|   ap_fifo  |   xFeatures59  |    pointer   |
|xFeatures59_empty_n      |  in |    1|   ap_fifo  |   xFeatures59  |    pointer   |
|xFeatures59_read         | out |    1|   ap_fifo  |   xFeatures59  |    pointer   |
|xFeatures60_dout         |  in |   32|   ap_fifo  |   xFeatures60  |    pointer   |
|xFeatures60_empty_n      |  in |    1|   ap_fifo  |   xFeatures60  |    pointer   |
|xFeatures60_read         | out |    1|   ap_fifo  |   xFeatures60  |    pointer   |
|xFeatures61_dout         |  in |   32|   ap_fifo  |   xFeatures61  |    pointer   |
|xFeatures61_empty_n      |  in |    1|   ap_fifo  |   xFeatures61  |    pointer   |
|xFeatures61_read         | out |    1|   ap_fifo  |   xFeatures61  |    pointer   |
|xFeatures62_dout         |  in |   32|   ap_fifo  |   xFeatures62  |    pointer   |
|xFeatures62_empty_n      |  in |    1|   ap_fifo  |   xFeatures62  |    pointer   |
|xFeatures62_read         | out |    1|   ap_fifo  |   xFeatures62  |    pointer   |
|xFeatures63_dout         |  in |   32|   ap_fifo  |   xFeatures63  |    pointer   |
|xFeatures63_empty_n      |  in |    1|   ap_fifo  |   xFeatures63  |    pointer   |
|xFeatures63_read         | out |    1|   ap_fifo  |   xFeatures63  |    pointer   |
|xFeatures64_dout         |  in |   32|   ap_fifo  |   xFeatures64  |    pointer   |
|xFeatures64_empty_n      |  in |    1|   ap_fifo  |   xFeatures64  |    pointer   |
|xFeatures64_read         | out |    1|   ap_fifo  |   xFeatures64  |    pointer   |
|xFeatures65_dout         |  in |   32|   ap_fifo  |   xFeatures65  |    pointer   |
|xFeatures65_empty_n      |  in |    1|   ap_fifo  |   xFeatures65  |    pointer   |
|xFeatures65_read         | out |    1|   ap_fifo  |   xFeatures65  |    pointer   |
|xFeatures66_dout         |  in |   32|   ap_fifo  |   xFeatures66  |    pointer   |
|xFeatures66_empty_n      |  in |    1|   ap_fifo  |   xFeatures66  |    pointer   |
|xFeatures66_read         | out |    1|   ap_fifo  |   xFeatures66  |    pointer   |
|xFeatures67_dout         |  in |   32|   ap_fifo  |   xFeatures67  |    pointer   |
|xFeatures67_empty_n      |  in |    1|   ap_fifo  |   xFeatures67  |    pointer   |
|xFeatures67_read         | out |    1|   ap_fifo  |   xFeatures67  |    pointer   |
|xFeatures68_dout         |  in |   32|   ap_fifo  |   xFeatures68  |    pointer   |
|xFeatures68_empty_n      |  in |    1|   ap_fifo  |   xFeatures68  |    pointer   |
|xFeatures68_read         | out |    1|   ap_fifo  |   xFeatures68  |    pointer   |
|xFeatures69_dout         |  in |   32|   ap_fifo  |   xFeatures69  |    pointer   |
|xFeatures69_empty_n      |  in |    1|   ap_fifo  |   xFeatures69  |    pointer   |
|xFeatures69_read         | out |    1|   ap_fifo  |   xFeatures69  |    pointer   |
|xFeatures70_dout         |  in |   32|   ap_fifo  |   xFeatures70  |    pointer   |
|xFeatures70_empty_n      |  in |    1|   ap_fifo  |   xFeatures70  |    pointer   |
|xFeatures70_read         | out |    1|   ap_fifo  |   xFeatures70  |    pointer   |
|xFeatures71_dout         |  in |   32|   ap_fifo  |   xFeatures71  |    pointer   |
|xFeatures71_empty_n      |  in |    1|   ap_fifo  |   xFeatures71  |    pointer   |
|xFeatures71_read         | out |    1|   ap_fifo  |   xFeatures71  |    pointer   |
|xFeatures72_dout         |  in |   32|   ap_fifo  |   xFeatures72  |    pointer   |
|xFeatures72_empty_n      |  in |    1|   ap_fifo  |   xFeatures72  |    pointer   |
|xFeatures72_read         | out |    1|   ap_fifo  |   xFeatures72  |    pointer   |
|xFeatures73_dout         |  in |   32|   ap_fifo  |   xFeatures73  |    pointer   |
|xFeatures73_empty_n      |  in |    1|   ap_fifo  |   xFeatures73  |    pointer   |
|xFeatures73_read         | out |    1|   ap_fifo  |   xFeatures73  |    pointer   |
|xFeatures74_dout         |  in |   32|   ap_fifo  |   xFeatures74  |    pointer   |
|xFeatures74_empty_n      |  in |    1|   ap_fifo  |   xFeatures74  |    pointer   |
|xFeatures74_read         | out |    1|   ap_fifo  |   xFeatures74  |    pointer   |
|xFeatures75_dout         |  in |   32|   ap_fifo  |   xFeatures75  |    pointer   |
|xFeatures75_empty_n      |  in |    1|   ap_fifo  |   xFeatures75  |    pointer   |
|xFeatures75_read         | out |    1|   ap_fifo  |   xFeatures75  |    pointer   |
|xFeatures76_dout         |  in |   32|   ap_fifo  |   xFeatures76  |    pointer   |
|xFeatures76_empty_n      |  in |    1|   ap_fifo  |   xFeatures76  |    pointer   |
|xFeatures76_read         | out |    1|   ap_fifo  |   xFeatures76  |    pointer   |
|xFeatures77_dout         |  in |   32|   ap_fifo  |   xFeatures77  |    pointer   |
|xFeatures77_empty_n      |  in |    1|   ap_fifo  |   xFeatures77  |    pointer   |
|xFeatures77_read         | out |    1|   ap_fifo  |   xFeatures77  |    pointer   |
|xFeatures78_dout         |  in |   32|   ap_fifo  |   xFeatures78  |    pointer   |
|xFeatures78_empty_n      |  in |    1|   ap_fifo  |   xFeatures78  |    pointer   |
|xFeatures78_read         | out |    1|   ap_fifo  |   xFeatures78  |    pointer   |
|xFeatures79_dout         |  in |   32|   ap_fifo  |   xFeatures79  |    pointer   |
|xFeatures79_empty_n      |  in |    1|   ap_fifo  |   xFeatures79  |    pointer   |
|xFeatures79_read         | out |    1|   ap_fifo  |   xFeatures79  |    pointer   |
|xFeatures80_dout         |  in |   32|   ap_fifo  |   xFeatures80  |    pointer   |
|xFeatures80_empty_n      |  in |    1|   ap_fifo  |   xFeatures80  |    pointer   |
|xFeatures80_read         | out |    1|   ap_fifo  |   xFeatures80  |    pointer   |
|xFeatures81_dout         |  in |   32|   ap_fifo  |   xFeatures81  |    pointer   |
|xFeatures81_empty_n      |  in |    1|   ap_fifo  |   xFeatures81  |    pointer   |
|xFeatures81_read         | out |    1|   ap_fifo  |   xFeatures81  |    pointer   |
|xFeatures82_dout         |  in |   32|   ap_fifo  |   xFeatures82  |    pointer   |
|xFeatures82_empty_n      |  in |    1|   ap_fifo  |   xFeatures82  |    pointer   |
|xFeatures82_read         | out |    1|   ap_fifo  |   xFeatures82  |    pointer   |
|xFeatures83_dout         |  in |   32|   ap_fifo  |   xFeatures83  |    pointer   |
|xFeatures83_empty_n      |  in |    1|   ap_fifo  |   xFeatures83  |    pointer   |
|xFeatures83_read         | out |    1|   ap_fifo  |   xFeatures83  |    pointer   |
|xFeatures84_dout         |  in |   32|   ap_fifo  |   xFeatures84  |    pointer   |
|xFeatures84_empty_n      |  in |    1|   ap_fifo  |   xFeatures84  |    pointer   |
|xFeatures84_read         | out |    1|   ap_fifo  |   xFeatures84  |    pointer   |
|xFeatures85_dout         |  in |   32|   ap_fifo  |   xFeatures85  |    pointer   |
|xFeatures85_empty_n      |  in |    1|   ap_fifo  |   xFeatures85  |    pointer   |
|xFeatures85_read         | out |    1|   ap_fifo  |   xFeatures85  |    pointer   |
|xFeatures86_dout         |  in |   32|   ap_fifo  |   xFeatures86  |    pointer   |
|xFeatures86_empty_n      |  in |    1|   ap_fifo  |   xFeatures86  |    pointer   |
|xFeatures86_read         | out |    1|   ap_fifo  |   xFeatures86  |    pointer   |
|xFeatures87_dout         |  in |   32|   ap_fifo  |   xFeatures87  |    pointer   |
|xFeatures87_empty_n      |  in |    1|   ap_fifo  |   xFeatures87  |    pointer   |
|xFeatures87_read         | out |    1|   ap_fifo  |   xFeatures87  |    pointer   |
|xFeatures88_dout         |  in |   32|   ap_fifo  |   xFeatures88  |    pointer   |
|xFeatures88_empty_n      |  in |    1|   ap_fifo  |   xFeatures88  |    pointer   |
|xFeatures88_read         | out |    1|   ap_fifo  |   xFeatures88  |    pointer   |
|xFeatures89_dout         |  in |   32|   ap_fifo  |   xFeatures89  |    pointer   |
|xFeatures89_empty_n      |  in |    1|   ap_fifo  |   xFeatures89  |    pointer   |
|xFeatures89_read         | out |    1|   ap_fifo  |   xFeatures89  |    pointer   |
|xFeatures90_dout         |  in |   32|   ap_fifo  |   xFeatures90  |    pointer   |
|xFeatures90_empty_n      |  in |    1|   ap_fifo  |   xFeatures90  |    pointer   |
|xFeatures90_read         | out |    1|   ap_fifo  |   xFeatures90  |    pointer   |
|xFeatures91_dout         |  in |   32|   ap_fifo  |   xFeatures91  |    pointer   |
|xFeatures91_empty_n      |  in |    1|   ap_fifo  |   xFeatures91  |    pointer   |
|xFeatures91_read         | out |    1|   ap_fifo  |   xFeatures91  |    pointer   |
|xFeatures92_dout         |  in |   32|   ap_fifo  |   xFeatures92  |    pointer   |
|xFeatures92_empty_n      |  in |    1|   ap_fifo  |   xFeatures92  |    pointer   |
|xFeatures92_read         | out |    1|   ap_fifo  |   xFeatures92  |    pointer   |
|xFeatures93_dout         |  in |   32|   ap_fifo  |   xFeatures93  |    pointer   |
|xFeatures93_empty_n      |  in |    1|   ap_fifo  |   xFeatures93  |    pointer   |
|xFeatures93_read         | out |    1|   ap_fifo  |   xFeatures93  |    pointer   |
|xFeatures94_dout         |  in |   32|   ap_fifo  |   xFeatures94  |    pointer   |
|xFeatures94_empty_n      |  in |    1|   ap_fifo  |   xFeatures94  |    pointer   |
|xFeatures94_read         | out |    1|   ap_fifo  |   xFeatures94  |    pointer   |
|xFeatures95_dout         |  in |   32|   ap_fifo  |   xFeatures95  |    pointer   |
|xFeatures95_empty_n      |  in |    1|   ap_fifo  |   xFeatures95  |    pointer   |
|xFeatures95_read         | out |    1|   ap_fifo  |   xFeatures95  |    pointer   |
|xFeatures96_dout         |  in |   32|   ap_fifo  |   xFeatures96  |    pointer   |
|xFeatures96_empty_n      |  in |    1|   ap_fifo  |   xFeatures96  |    pointer   |
|xFeatures96_read         | out |    1|   ap_fifo  |   xFeatures96  |    pointer   |
|xFeatures97_dout         |  in |   32|   ap_fifo  |   xFeatures97  |    pointer   |
|xFeatures97_empty_n      |  in |    1|   ap_fifo  |   xFeatures97  |    pointer   |
|xFeatures97_read         | out |    1|   ap_fifo  |   xFeatures97  |    pointer   |
|xFeatures98_dout         |  in |   32|   ap_fifo  |   xFeatures98  |    pointer   |
|xFeatures98_empty_n      |  in |    1|   ap_fifo  |   xFeatures98  |    pointer   |
|xFeatures98_read         | out |    1|   ap_fifo  |   xFeatures98  |    pointer   |
|xFeatures99_dout         |  in |   32|   ap_fifo  |   xFeatures99  |    pointer   |
|xFeatures99_empty_n      |  in |    1|   ap_fifo  |   xFeatures99  |    pointer   |
|xFeatures99_read         | out |    1|   ap_fifo  |   xFeatures99  |    pointer   |
|xFeatures100_dout        |  in |   32|   ap_fifo  |  xFeatures100  |    pointer   |
|xFeatures100_empty_n     |  in |    1|   ap_fifo  |  xFeatures100  |    pointer   |
|xFeatures100_read        | out |    1|   ap_fifo  |  xFeatures100  |    pointer   |
|xFeatures101_dout        |  in |   32|   ap_fifo  |  xFeatures101  |    pointer   |
|xFeatures101_empty_n     |  in |    1|   ap_fifo  |  xFeatures101  |    pointer   |
|xFeatures101_read        | out |    1|   ap_fifo  |  xFeatures101  |    pointer   |
|xFeatures102_dout        |  in |   32|   ap_fifo  |  xFeatures102  |    pointer   |
|xFeatures102_empty_n     |  in |    1|   ap_fifo  |  xFeatures102  |    pointer   |
|xFeatures102_read        | out |    1|   ap_fifo  |  xFeatures102  |    pointer   |
|xFeatures103_dout        |  in |   32|   ap_fifo  |  xFeatures103  |    pointer   |
|xFeatures103_empty_n     |  in |    1|   ap_fifo  |  xFeatures103  |    pointer   |
|xFeatures103_read        | out |    1|   ap_fifo  |  xFeatures103  |    pointer   |
|xFeatures104_dout        |  in |   32|   ap_fifo  |  xFeatures104  |    pointer   |
|xFeatures104_empty_n     |  in |    1|   ap_fifo  |  xFeatures104  |    pointer   |
|xFeatures104_read        | out |    1|   ap_fifo  |  xFeatures104  |    pointer   |
|xFeatures105_dout        |  in |   32|   ap_fifo  |  xFeatures105  |    pointer   |
|xFeatures105_empty_n     |  in |    1|   ap_fifo  |  xFeatures105  |    pointer   |
|xFeatures105_read        | out |    1|   ap_fifo  |  xFeatures105  |    pointer   |
|xFeatures106_dout        |  in |   32|   ap_fifo  |  xFeatures106  |    pointer   |
|xFeatures106_empty_n     |  in |    1|   ap_fifo  |  xFeatures106  |    pointer   |
|xFeatures106_read        | out |    1|   ap_fifo  |  xFeatures106  |    pointer   |
|xFeatures107_dout        |  in |   32|   ap_fifo  |  xFeatures107  |    pointer   |
|xFeatures107_empty_n     |  in |    1|   ap_fifo  |  xFeatures107  |    pointer   |
|xFeatures107_read        | out |    1|   ap_fifo  |  xFeatures107  |    pointer   |
|xFeatures108_dout        |  in |   32|   ap_fifo  |  xFeatures108  |    pointer   |
|xFeatures108_empty_n     |  in |    1|   ap_fifo  |  xFeatures108  |    pointer   |
|xFeatures108_read        | out |    1|   ap_fifo  |  xFeatures108  |    pointer   |
|xFeatures109_dout        |  in |   32|   ap_fifo  |  xFeatures109  |    pointer   |
|xFeatures109_empty_n     |  in |    1|   ap_fifo  |  xFeatures109  |    pointer   |
|xFeatures109_read        | out |    1|   ap_fifo  |  xFeatures109  |    pointer   |
|xFeatures110_dout        |  in |   32|   ap_fifo  |  xFeatures110  |    pointer   |
|xFeatures110_empty_n     |  in |    1|   ap_fifo  |  xFeatures110  |    pointer   |
|xFeatures110_read        | out |    1|   ap_fifo  |  xFeatures110  |    pointer   |
|xFeatures111_dout        |  in |   32|   ap_fifo  |  xFeatures111  |    pointer   |
|xFeatures111_empty_n     |  in |    1|   ap_fifo  |  xFeatures111  |    pointer   |
|xFeatures111_read        | out |    1|   ap_fifo  |  xFeatures111  |    pointer   |
|xFeatures112_dout        |  in |   32|   ap_fifo  |  xFeatures112  |    pointer   |
|xFeatures112_empty_n     |  in |    1|   ap_fifo  |  xFeatures112  |    pointer   |
|xFeatures112_read        | out |    1|   ap_fifo  |  xFeatures112  |    pointer   |
|xFeatures113_dout        |  in |   32|   ap_fifo  |  xFeatures113  |    pointer   |
|xFeatures113_empty_n     |  in |    1|   ap_fifo  |  xFeatures113  |    pointer   |
|xFeatures113_read        | out |    1|   ap_fifo  |  xFeatures113  |    pointer   |
|xFeatures114_dout        |  in |   32|   ap_fifo  |  xFeatures114  |    pointer   |
|xFeatures114_empty_n     |  in |    1|   ap_fifo  |  xFeatures114  |    pointer   |
|xFeatures114_read        | out |    1|   ap_fifo  |  xFeatures114  |    pointer   |
|xFeatures115_dout        |  in |   32|   ap_fifo  |  xFeatures115  |    pointer   |
|xFeatures115_empty_n     |  in |    1|   ap_fifo  |  xFeatures115  |    pointer   |
|xFeatures115_read        | out |    1|   ap_fifo  |  xFeatures115  |    pointer   |
|xFeatures116_dout        |  in |   32|   ap_fifo  |  xFeatures116  |    pointer   |
|xFeatures116_empty_n     |  in |    1|   ap_fifo  |  xFeatures116  |    pointer   |
|xFeatures116_read        | out |    1|   ap_fifo  |  xFeatures116  |    pointer   |
|xFeatures117_dout        |  in |   32|   ap_fifo  |  xFeatures117  |    pointer   |
|xFeatures117_empty_n     |  in |    1|   ap_fifo  |  xFeatures117  |    pointer   |
|xFeatures117_read        | out |    1|   ap_fifo  |  xFeatures117  |    pointer   |
|xFeatures118_dout        |  in |   32|   ap_fifo  |  xFeatures118  |    pointer   |
|xFeatures118_empty_n     |  in |    1|   ap_fifo  |  xFeatures118  |    pointer   |
|xFeatures118_read        | out |    1|   ap_fifo  |  xFeatures118  |    pointer   |
|xFeatures119_dout        |  in |   32|   ap_fifo  |  xFeatures119  |    pointer   |
|xFeatures119_empty_n     |  in |    1|   ap_fifo  |  xFeatures119  |    pointer   |
|xFeatures119_read        | out |    1|   ap_fifo  |  xFeatures119  |    pointer   |
|xFeatures120_dout        |  in |   32|   ap_fifo  |  xFeatures120  |    pointer   |
|xFeatures120_empty_n     |  in |    1|   ap_fifo  |  xFeatures120  |    pointer   |
|xFeatures120_read        | out |    1|   ap_fifo  |  xFeatures120  |    pointer   |
|xFeatures121_dout        |  in |   32|   ap_fifo  |  xFeatures121  |    pointer   |
|xFeatures121_empty_n     |  in |    1|   ap_fifo  |  xFeatures121  |    pointer   |
|xFeatures121_read        | out |    1|   ap_fifo  |  xFeatures121  |    pointer   |
|xFeatures122_dout        |  in |   32|   ap_fifo  |  xFeatures122  |    pointer   |
|xFeatures122_empty_n     |  in |    1|   ap_fifo  |  xFeatures122  |    pointer   |
|xFeatures122_read        | out |    1|   ap_fifo  |  xFeatures122  |    pointer   |
|xFeatures123_dout        |  in |   32|   ap_fifo  |  xFeatures123  |    pointer   |
|xFeatures123_empty_n     |  in |    1|   ap_fifo  |  xFeatures123  |    pointer   |
|xFeatures123_read        | out |    1|   ap_fifo  |  xFeatures123  |    pointer   |
|xFeatures124_dout        |  in |   32|   ap_fifo  |  xFeatures124  |    pointer   |
|xFeatures124_empty_n     |  in |    1|   ap_fifo  |  xFeatures124  |    pointer   |
|xFeatures124_read        | out |    1|   ap_fifo  |  xFeatures124  |    pointer   |
|xFeatures125_dout        |  in |   32|   ap_fifo  |  xFeatures125  |    pointer   |
|xFeatures125_empty_n     |  in |    1|   ap_fifo  |  xFeatures125  |    pointer   |
|xFeatures125_read        | out |    1|   ap_fifo  |  xFeatures125  |    pointer   |
|xFeatures126_dout        |  in |   32|   ap_fifo  |  xFeatures126  |    pointer   |
|xFeatures126_empty_n     |  in |    1|   ap_fifo  |  xFeatures126  |    pointer   |
|xFeatures126_read        | out |    1|   ap_fifo  |  xFeatures126  |    pointer   |
|xFeatures127_dout        |  in |   32|   ap_fifo  |  xFeatures127  |    pointer   |
|xFeatures127_empty_n     |  in |    1|   ap_fifo  |  xFeatures127  |    pointer   |
|xFeatures127_read        | out |    1|   ap_fifo  |  xFeatures127  |    pointer   |
|distance_array_address0  | out |    2|  ap_memory | distance_array |     array    |
|distance_array_ce0       | out |    1|  ap_memory | distance_array |     array    |
|distance_array_we0       | out |    1|  ap_memory | distance_array |     array    |
|distance_array_d0        | out |   32|  ap_memory | distance_array |     array    |
+-------------------------+-----+-----+------------+----------------+--------------+

