

================================================================
== Vivado HLS Report for 'epilogue'
================================================================
* Date:           Mon Jun 22 03:15:09 2020

* Version:        2019.2 (Build 2704478 on Wed Nov 06 22:10:23 MST 2019)
* Project:        SVM
* Solution:       solution1
* Product family: zynq
* Target device:  xc7z020-clg484-1


================================================================
== Performance Estimates
================================================================
+ Timing: 
    * Summary: 
    +--------+----------+----------+------------+
    |  Clock |  Target  | Estimated| Uncertainty|
    +--------+----------+----------+------------+
    |ap_clk  | 10.00 ns | 9.717 ns |   1.25 ns  |
    +--------+----------+----------+------------+

+ Latency: 
    * Summary: 
    +---------+---------+----------+----------+-----+-----+---------+
    |  Latency (cycles) |  Latency (absolute) |  Interval | Pipeline|
    |   min   |   max   |    min   |    max   | min | max |   Type  |
    +---------+---------+----------+----------+-----+-----+---------+
    |      142|      142| 1.420 us | 1.420 us |  142|  142|   none  |
    +---------+---------+----------+----------+-----+-----+---------+

    + Detail: 
        * Instance: 
        N/A

        * Loop: 
        N/A



================================================================
== Utilization Estimates
================================================================
* Summary: 
+-----------------+---------+-------+--------+-------+-----+
|       Name      | BRAM_18K| DSP48E|   FF   |  LUT  | URAM|
+-----------------+---------+-------+--------+-------+-----+
|DSP              |        -|      -|       -|      -|    -|
|Expression       |        -|      -|       0|     37|    -|
|FIFO             |        -|      -|       -|      -|    -|
|Instance         |        -|     48|    4986|   9599|    -|
|Memory           |        -|      -|       -|      -|    -|
|Multiplexer      |        -|      -|       -|  14617|    -|
|Register         |        -|      -|   15666|      -|    -|
+-----------------+---------+-------+--------+-------+-----+
|Total            |        0|     48|   20652|  24253|    0|
+-----------------+---------+-------+--------+-------+-----+
|Available        |      280|    220|  106400|  53200|    0|
+-----------------+---------+-------+--------+-------+-----+
|Utilization (%)  |        0|     21|      19|     45|    0|
+-----------------+---------+-------+--------+-------+-----+

+ Detail: 
    * Instance: 
    +--------------------------+----------------------+---------+-------+-----+-----+-----+
    |         Instance         |        Module        | BRAM_18K| DSP48E|  FF | LUT | URAM|
    +--------------------------+----------------------+---------+-------+-----+-----+-----+
    |svmResult_fadd_32dEe_U27  |svmResult_fadd_32dEe  |        0|      2|  205|  390|    0|
    |svmResult_fadd_32dEe_U28  |svmResult_fadd_32dEe  |        0|      2|  205|  390|    0|
    |svmResult_fadd_32dEe_U29  |svmResult_fadd_32dEe  |        0|      2|  205|  390|    0|
    |svmResult_fadd_32dEe_U30  |svmResult_fadd_32dEe  |        0|      2|  205|  390|    0|
    |svmResult_fadd_32dEe_U31  |svmResult_fadd_32dEe  |        0|      2|  205|  390|    0|
    |svmResult_fadd_32dEe_U32  |svmResult_fadd_32dEe  |        0|      2|  205|  390|    0|
    |svmResult_fadd_32dEe_U33  |svmResult_fadd_32dEe  |        0|      2|  205|  390|    0|
    |svmResult_fadd_32dEe_U34  |svmResult_fadd_32dEe  |        0|      2|  205|  390|    0|
    |svmResult_fadd_32dEe_U35  |svmResult_fadd_32dEe  |        0|      2|  205|  390|    0|
    |svmResult_fadd_32dEe_U36  |svmResult_fadd_32dEe  |        0|      2|  205|  390|    0|
    |svmResult_fadd_32dEe_U37  |svmResult_fadd_32dEe  |        0|      2|  205|  390|    0|
    |svmResult_fadd_32dEe_U38  |svmResult_fadd_32dEe  |        0|      2|  205|  390|    0|
    |svmResult_fadd_32dEe_U39  |svmResult_fadd_32dEe  |        0|      2|  205|  390|    0|
    |svmResult_fadd_32dEe_U40  |svmResult_fadd_32dEe  |        0|      2|  205|  390|    0|
    |svmResult_fadd_32dEe_U41  |svmResult_fadd_32dEe  |        0|      2|  205|  390|    0|
    |svmResult_fadd_32dEe_U42  |svmResult_fadd_32dEe  |        0|      2|  205|  390|    0|
    |svmResult_fadd_32dEe_U43  |svmResult_fadd_32dEe  |        0|      2|  205|  390|    0|
    |svmResult_fadd_32dEe_U44  |svmResult_fadd_32dEe  |        0|      2|  205|  390|    0|
    |svmResult_fadd_32dEe_U45  |svmResult_fadd_32dEe  |        0|      2|  205|  390|    0|
    |svmResult_fadd_32dEe_U46  |svmResult_fadd_32dEe  |        0|      2|  205|  390|    0|
    |svmResult_fadd_32dEe_U47  |svmResult_fadd_32dEe  |        0|      2|  205|  390|    0|
    |svmResult_fadd_32dEe_U48  |svmResult_fadd_32dEe  |        0|      2|  205|  390|    0|
    |svmResult_fadd_32dEe_U49  |svmResult_fadd_32dEe  |        0|      2|  205|  390|    0|
    |svmResult_fadd_32dEe_U50  |svmResult_fadd_32dEe  |        0|      2|  205|  390|    0|
    |svmResult_fcmp_32eOg_U51  |svmResult_fcmp_32eOg  |        0|      0|   66|  239|    0|
    +--------------------------+----------------------+---------+-------+-----+-----+-----+
    |Total                     |                      |        0|     48| 4986| 9599|    0|
    +--------------------------+----------------------+---------+-------+-----+-----+-----+

    * DSP48E: 
    N/A

    * Memory: 
    N/A

    * FIFO: 
    N/A

    * Expression: 
    +---------------------------+----------+-------+---+----+------------+------------+
    |       Variable Name       | Operation| DSP48E| FF| LUT| Bitwidth P0| Bitwidth P1|
    +---------------------------+----------+-------+---+----+------------+------------+
    |and_ln2683_fu_15135_p2     |    and   |      0|  0|   2|           1|           1|
    |icmp_ln2683_1_fu_15125_p2  |   icmp   |      0|  0|  18|          23|           1|
    |icmp_ln2683_fu_15119_p2    |   icmp   |      0|  0|  11|           8|           2|
    |ap_block_state1            |    or    |      0|  0|   2|           1|           1|
    |or_ln2683_fu_15131_p2      |    or    |      0|  0|   2|           1|           1|
    |y                          |  select  |      0|  0|   2|           1|           2|
    +---------------------------+----------+-------+---+----+------------+------------+
    |Total                      |          |      0|  0|  37|          35|           8|
    +---------------------------+----------+-------+---+----+------------+------------+

    * Multiplexer: 
    +----------------------------------+-----+-----------+-----+-----------+
    |               Name               | LUT | Input Size| Bits| Total Bits|
    +----------------------------------+-----+-----------+-----+-----------+
    |ap_NS_fsm                         |  641|        144|    1|        144|
    |ap_done                           |    9|          2|    1|          2|
    |grp_fu_11892_p0                   |  213|         49|   32|       1568|
    |grp_fu_11892_p1                   |  181|         41|   32|       1312|
    |grp_fu_11896_p0                   |  225|         52|   32|       1664|
    |grp_fu_11896_p1                   |  233|         54|   32|       1728|
    |grp_fu_11900_p0                   |  301|         67|   32|       2144|
    |grp_fu_11900_p1                   |  305|         68|   32|       2176|
    |grp_fu_11904_p0                   |  269|         63|   32|       2016|
    |grp_fu_11904_p1                   |  293|         65|   32|       2080|
    |grp_fu_11908_p0                   |  257|         60|   32|       1920|
    |grp_fu_11908_p1                   |  249|         58|   32|       1856|
    |grp_fu_11912_p0                   |  257|         60|   32|       1920|
    |grp_fu_11912_p1                   |  261|         61|   32|       1952|
    |grp_fu_11916_p0                   |  249|         58|   32|       1856|
    |grp_fu_11916_p1                   |  249|         58|   32|       1856|
    |grp_fu_11920_p0                   |  205|         47|   32|       1504|
    |grp_fu_11920_p1                   |  205|         47|   32|       1504|
    |grp_fu_11924_p0                   |  317|         71|   32|       2272|
    |grp_fu_11924_p1                   |  309|         69|   32|       2208|
    |grp_fu_11928_p0                   |  261|         61|   32|       1952|
    |grp_fu_11928_p1                   |  269|         63|   32|       2016|
    |grp_fu_11932_p0                   |  261|         61|   32|       1952|
    |grp_fu_11932_p1                   |  249|         58|   32|       1856|
    |grp_fu_11936_p0                   |  209|         48|   32|       1536|
    |grp_fu_11936_p1                   |  221|         51|   32|       1632|
    |grp_fu_11940_p0                   |  201|         46|   32|       1472|
    |grp_fu_11940_p1                   |  189|         43|   32|       1376|
    |grp_fu_11944_p0                   |  173|         39|   32|       1248|
    |grp_fu_11944_p1                   |  177|         40|   32|       1280|
    |grp_fu_11948_p0                   |  137|         30|   32|        960|
    |grp_fu_11948_p1                   |  133|         29|   32|        928|
    |grp_fu_11952_p0                   |  101|         21|   32|        672|
    |grp_fu_11952_p1                   |  101|         21|   32|        672|
    |grp_fu_11956_p0                   |   59|         14|   32|        448|
    |grp_fu_11956_p1                   |   62|         15|   32|        480|
    |grp_fu_11960_p0                   |   56|         13|   32|        416|
    |grp_fu_11960_p1                   |   53|         12|   32|        384|
    |grp_fu_11964_p0                   |   38|          7|   32|        224|
    |grp_fu_11964_p1                   |   41|          8|   32|        256|
    |grp_fu_11968_p0                   |   27|          5|   32|        160|
    |grp_fu_11968_p1                   |   27|          5|   32|        160|
    |grp_fu_11972_p0                   |   15|          3|   32|         96|
    |grp_fu_11972_p1                   |   15|          3|   32|         96|
    |reg_11994                         |    9|          2|   32|         64|
    |reg_12005                         |    9|          2|   32|         64|
    |reg_12030                         |    9|          2|   32|         64|
    |reg_12054                         |    9|          2|   32|         64|
    |reg_12075                         |    9|          2|   32|         64|
    |reg_12108                         |    9|          2|   32|         64|
    |reg_12121                         |    9|          2|   32|         64|
    |reg_12133                         |    9|          2|   32|         64|
    |reg_12145                         |    9|          2|   32|         64|
    |reg_12158                         |    9|          2|   32|         64|
    |reg_12172                         |    9|          2|   32|         64|
    |reg_12185                         |    9|          2|   32|         64|
    |reg_12197                         |    9|          2|   32|         64|
    |reg_12210                         |    9|          2|   32|         64|
    |reg_12222                         |    9|          2|   32|         64|
    |reg_12232                         |    9|          2|   32|         64|
    |reg_12243                         |    9|          2|   32|         64|
    |reg_12257                         |    9|          2|   32|         64|
    |reg_12270                         |    9|          2|   32|         64|
    |reg_12281                         |    9|          2|   32|         64|
    |reg_12294                         |    9|          2|   32|         64|
    |reg_12309                         |    9|          2|   32|         64|
    |reg_12323                         |    9|          2|   32|         64|
    |reg_12334                         |    9|          2|   32|         64|
    |reg_12344                         |    9|          2|   32|         64|
    |reg_12355                         |    9|          2|   32|         64|
    |reg_12366                         |    9|          2|   32|         64|
    |reg_12378                         |    9|          2|   32|         64|
    |reg_12390                         |    9|          2|   32|         64|
    |reg_12403                         |    9|          2|   32|         64|
    |reg_12417                         |    9|          2|   32|         64|
    |reg_12428                         |    9|          2|   32|         64|
    |reg_12438                         |    9|          2|   32|         64|
    |reg_12454                         |    9|          2|   32|         64|
    |reg_12468                         |    9|          2|   32|         64|
    |reg_12480                         |    9|          2|   32|         64|
    |reg_12493                         |    9|          2|   32|         64|
    |reg_12505                         |    9|          2|   32|         64|
    |reg_12517                         |    9|          2|   32|         64|
    |reg_12530                         |    9|          2|   32|         64|
    |reg_12544                         |    9|          2|   32|         64|
    |reg_12555                         |    9|          2|   32|         64|
    |reg_12566                         |    9|          2|   32|         64|
    |reg_12587                         |    9|          2|   32|         64|
    |reg_12612                         |    9|          2|   32|         64|
    |reg_12625                         |    9|          2|   32|         64|
    |reg_12637                         |    9|          2|   32|         64|
    |reg_12665                         |    9|          2|   32|         64|
    |reg_12675                         |    9|          2|   32|         64|
    |reg_12685                         |    9|          2|   32|         64|
    |reg_12768                         |    9|          2|   32|         64|
    |reg_12905                         |    9|          2|   32|         64|
    |reg_13005                         |    9|          2|   32|         64|
    |reg_13013                         |    9|          2|   32|         64|
    |reg_13083                         |    9|          2|   32|         64|
    |reg_13092                         |    9|          2|   32|         64|
    |reg_13168                         |    9|          2|   32|         64|
    |reg_13179                         |    9|          2|   32|         64|
    |reg_13241                         |    9|          2|   32|         64|
    |reg_13251                         |    9|          2|   32|         64|
    |reg_13283                         |    9|          2|   32|         64|
    |reg_13293                         |    9|          2|   32|         64|
    |reg_13368                         |    9|          2|   32|         64|
    |reg_13377                         |    9|          2|   32|         64|
    |reg_13457                         |    9|          2|   32|         64|
    |reg_13466                         |    9|          2|   32|         64|
    |reg_13527                         |    9|          2|   32|         64|
    |reg_13538                         |    9|          2|   32|         64|
    |reg_13585                         |    9|          2|   32|         64|
    |reg_13595                         |    9|          2|   32|         64|
    |temp_l111_2_i2_array_23_address0  |  357|         81|    8|        648|
    |temp_l111_2_i2_array_23_address1  |  357|         81|    8|        648|
    |temp_l111_2_i2_array_24_address0  |  357|         81|    8|        648|
    |temp_l111_2_i2_array_24_address1  |  357|         81|    8|        648|
    |temp_l111_2_i2_array_25_address0  |  357|         81|    8|        648|
    |temp_l111_2_i2_array_25_address1  |  357|         81|    8|        648|
    |temp_l111_2_i2_array_26_address0  |  357|         81|    8|        648|
    |temp_l111_2_i2_array_26_address1  |  357|         81|    8|        648|
    |temp_l111_2_i2_array_27_address0  |  357|         81|    8|        648|
    |temp_l111_2_i2_array_27_address1  |  353|         80|    8|        640|
    |temp_l111_2_i2_array_28_address0  |  357|         81|    8|        648|
    |temp_l111_2_i2_array_28_address1  |  357|         81|    8|        648|
    |temp_l111_2_i2_array_29_address0  |  357|         81|    8|        648|
    |temp_l111_2_i2_array_29_address1  |  357|         81|    8|        648|
    |temp_l111_2_i2_array_address0     |  345|         78|    8|        624|
    |temp_l111_2_i2_array_address1     |  345|         78|    8|        624|
    +----------------------------------+-----+-----------+-----+-----------+
    |Total                             |14617|       3319| 3714|      70746|
    +----------------------------------+-----+-----------+-----+-----------+

    * Register: 
    +-------------------------------------+-----+----+-----+-----------+
    |                 Name                |  FF | LUT| Bits| Const Bits|
    +-------------------------------------+-----+----+-----+-----------+
    |ap_CS_fsm                            |  143|   0|  143|          0|
    |ap_done_reg                          |    1|   0|    1|          0|
    |icmp_ln2683_1_reg_22131              |    1|   0|    1|          0|
    |icmp_ln2683_reg_22126                |    1|   0|    1|          0|
    |reg_11994                            |   32|   0|   32|          0|
    |reg_12005                            |   32|   0|   32|          0|
    |reg_12016                            |   32|   0|   32|          0|
    |reg_12030                            |   32|   0|   32|          0|
    |reg_12043                            |   32|   0|   32|          0|
    |reg_12054                            |   32|   0|   32|          0|
    |reg_12065                            |   32|   0|   32|          0|
    |reg_12075                            |   32|   0|   32|          0|
    |reg_12086                            |   32|   0|   32|          0|
    |reg_12095                            |   32|   0|   32|          0|
    |reg_12108                            |   32|   0|   32|          0|
    |reg_12121                            |   32|   0|   32|          0|
    |reg_12133                            |   32|   0|   32|          0|
    |reg_12145                            |   32|   0|   32|          0|
    |reg_12158                            |   32|   0|   32|          0|
    |reg_12172                            |   32|   0|   32|          0|
    |reg_12185                            |   32|   0|   32|          0|
    |reg_12197                            |   32|   0|   32|          0|
    |reg_12210                            |   32|   0|   32|          0|
    |reg_12222                            |   32|   0|   32|          0|
    |reg_12232                            |   32|   0|   32|          0|
    |reg_12243                            |   32|   0|   32|          0|
    |reg_12257                            |   32|   0|   32|          0|
    |reg_12270                            |   32|   0|   32|          0|
    |reg_12281                            |   32|   0|   32|          0|
    |reg_12294                            |   32|   0|   32|          0|
    |reg_12309                            |   32|   0|   32|          0|
    |reg_12323                            |   32|   0|   32|          0|
    |reg_12334                            |   32|   0|   32|          0|
    |reg_12344                            |   32|   0|   32|          0|
    |reg_12355                            |   32|   0|   32|          0|
    |reg_12366                            |   32|   0|   32|          0|
    |reg_12378                            |   32|   0|   32|          0|
    |reg_12390                            |   32|   0|   32|          0|
    |reg_12403                            |   32|   0|   32|          0|
    |reg_12417                            |   32|   0|   32|          0|
    |reg_12428                            |   32|   0|   32|          0|
    |reg_12438                            |   32|   0|   32|          0|
    |reg_12454                            |   32|   0|   32|          0|
    |reg_12468                            |   32|   0|   32|          0|
    |reg_12480                            |   32|   0|   32|          0|
    |reg_12493                            |   32|   0|   32|          0|
    |reg_12505                            |   32|   0|   32|          0|
    |reg_12517                            |   32|   0|   32|          0|
    |reg_12530                            |   32|   0|   32|          0|
    |reg_12544                            |   32|   0|   32|          0|
    |reg_12555                            |   32|   0|   32|          0|
    |reg_12566                            |   32|   0|   32|          0|
    |reg_12577                            |   32|   0|   32|          0|
    |reg_12587                            |   32|   0|   32|          0|
    |reg_12598                            |   32|   0|   32|          0|
    |reg_12612                            |   32|   0|   32|          0|
    |reg_12625                            |   32|   0|   32|          0|
    |reg_12637                            |   32|   0|   32|          0|
    |reg_12651                            |   32|   0|   32|          0|
    |reg_12665                            |   32|   0|   32|          0|
    |reg_12675                            |   32|   0|   32|          0|
    |reg_12685                            |   32|   0|   32|          0|
    |reg_12698                            |   32|   0|   32|          0|
    |reg_12708                            |   32|   0|   32|          0|
    |reg_12720                            |   32|   0|   32|          0|
    |reg_12729                            |   32|   0|   32|          0|
    |reg_12742                            |   32|   0|   32|          0|
    |reg_12758                            |   32|   0|   32|          0|
    |reg_12768                            |   32|   0|   32|          0|
    |reg_12778                            |   32|   0|   32|          0|
    |reg_12785                            |   32|   0|   32|          0|
    |reg_12795                            |   32|   0|   32|          0|
    |reg_12805                            |   32|   0|   32|          0|
    |reg_12813                            |   32|   0|   32|          0|
    |reg_12824                            |   32|   0|   32|          0|
    |reg_12834                            |   32|   0|   32|          0|
    |reg_12849                            |   32|   0|   32|          0|
    |reg_12859                            |   32|   0|   32|          0|
    |reg_12869                            |   32|   0|   32|          0|
    |reg_12880                            |   32|   0|   32|          0|
    |reg_12891                            |   32|   0|   32|          0|
    |reg_12905                            |   32|   0|   32|          0|
    |reg_12915                            |   32|   0|   32|          0|
    |reg_12927                            |   32|   0|   32|          0|
    |reg_12937                            |   32|   0|   32|          0|
    |reg_12952                            |   32|   0|   32|          0|
    |reg_12963                            |   32|   0|   32|          0|
    |reg_12973                            |   32|   0|   32|          0|
    |reg_12985                            |   32|   0|   32|          0|
    |reg_12995                            |   32|   0|   32|          0|
    |reg_13005                            |   32|   0|   32|          0|
    |reg_13013                            |   32|   0|   32|          0|
    |reg_13021                            |   32|   0|   32|          0|
    |reg_13033                            |   32|   0|   32|          0|
    |reg_13045                            |   32|   0|   32|          0|
    |reg_13056                            |   32|   0|   32|          0|
    |reg_13068                            |   32|   0|   32|          0|
    |reg_13074                            |   32|   0|   32|          0|
    |reg_13083                            |   32|   0|   32|          0|
    |reg_13092                            |   32|   0|   32|          0|
    |reg_13101                            |   32|   0|   32|          0|
    |reg_13112                            |   32|   0|   32|          0|
    |reg_13119                            |   32|   0|   32|          0|
    |reg_13125                            |   32|   0|   32|          0|
    |reg_13138                            |   32|   0|   32|          0|
    |reg_13144                            |   32|   0|   32|          0|
    |reg_13157                            |   32|   0|   32|          0|
    |reg_13168                            |   32|   0|   32|          0|
    |reg_13179                            |   32|   0|   32|          0|
    |reg_13190                            |   32|   0|   32|          0|
    |reg_13199                            |   32|   0|   32|          0|
    |reg_13209                            |   32|   0|   32|          0|
    |reg_13218                            |   32|   0|   32|          0|
    |reg_13224                            |   32|   0|   32|          0|
    |reg_13233                            |   32|   0|   32|          0|
    |reg_13241                            |   32|   0|   32|          0|
    |reg_13251                            |   32|   0|   32|          0|
    |reg_13261                            |   32|   0|   32|          0|
    |reg_13269                            |   32|   0|   32|          0|
    |reg_13275                            |   32|   0|   32|          0|
    |reg_13283                            |   32|   0|   32|          0|
    |reg_13293                            |   32|   0|   32|          0|
    |reg_13302                            |   32|   0|   32|          0|
    |reg_13309                            |   32|   0|   32|          0|
    |reg_13318                            |   32|   0|   32|          0|
    |reg_13325                            |   32|   0|   32|          0|
    |reg_13334                            |   32|   0|   32|          0|
    |reg_13342                            |   32|   0|   32|          0|
    |reg_13351                            |   32|   0|   32|          0|
    |reg_13360                            |   32|   0|   32|          0|
    |reg_13368                            |   32|   0|   32|          0|
    |reg_13377                            |   32|   0|   32|          0|
    |reg_13386                            |   32|   0|   32|          0|
    |reg_13394                            |   32|   0|   32|          0|
    |reg_13402                            |   32|   0|   32|          0|
    |reg_13409                            |   32|   0|   32|          0|
    |reg_13417                            |   32|   0|   32|          0|
    |reg_13423                            |   32|   0|   32|          0|
    |reg_13435                            |   32|   0|   32|          0|
    |reg_13443                            |   32|   0|   32|          0|
    |reg_13450                            |   32|   0|   32|          0|
    |reg_13457                            |   32|   0|   32|          0|
    |reg_13466                            |   32|   0|   32|          0|
    |reg_13477                            |   32|   0|   32|          0|
    |reg_13483                            |   32|   0|   32|          0|
    |reg_13489                            |   32|   0|   32|          0|
    |reg_13495                            |   32|   0|   32|          0|
    |reg_13507                            |   32|   0|   32|          0|
    |reg_13513                            |   32|   0|   32|          0|
    |reg_13520                            |   32|   0|   32|          0|
    |reg_13527                            |   32|   0|   32|          0|
    |reg_13538                            |   32|   0|   32|          0|
    |reg_13548                            |   32|   0|   32|          0|
    |reg_13554                            |   32|   0|   32|          0|
    |reg_13563                            |   32|   0|   32|          0|
    |reg_13569                            |   32|   0|   32|          0|
    |reg_13578                            |   32|   0|   32|          0|
    |reg_13585                            |   32|   0|   32|          0|
    |reg_13595                            |   32|   0|   32|          0|
    |reg_13604                            |   32|   0|   32|          0|
    |reg_13610                            |   32|   0|   32|          0|
    |reg_13617                            |   32|   0|   32|          0|
    |reg_13623                            |   32|   0|   32|          0|
    |reg_13635                            |   32|   0|   32|          0|
    |reg_13648                            |   32|   0|   32|          0|
    |reg_13655                            |   32|   0|   32|          0|
    |reg_13661                            |   32|   0|   32|          0|
    |reg_13668                            |   32|   0|   32|          0|
    |reg_13679                            |   32|   0|   32|          0|
    |reg_13687                            |   32|   0|   32|          0|
    |reg_13695                            |   32|   0|   32|          0|
    |reg_13703                            |   32|   0|   32|          0|
    |reg_13712                            |   32|   0|   32|          0|
    |reg_13718                            |   32|   0|   32|          0|
    |reg_13730                            |   32|   0|   32|          0|
    |reg_13741                            |   32|   0|   32|          0|
    |reg_13748                            |   32|   0|   32|          0|
    |reg_13755                            |   32|   0|   32|          0|
    |reg_13762                            |   32|   0|   32|          0|
    |reg_13767                            |   32|   0|   32|          0|
    |reg_13773                            |   32|   0|   32|          0|
    |reg_13788                            |   32|   0|   32|          0|
    |reg_13803                            |   32|   0|   32|          0|
    |reg_13810                            |   32|   0|   32|          0|
    |reg_13816                            |   32|   0|   32|          0|
    |reg_13822                            |   32|   0|   32|          0|
    |reg_13829                            |   32|   0|   32|          0|
    |reg_13842                            |   32|   0|   32|          0|
    |reg_13850                            |   32|   0|   32|          0|
    |reg_13856                            |   32|   0|   32|          0|
    |reg_13862                            |   32|   0|   32|          0|
    |reg_13870                            |   32|   0|   32|          0|
    |reg_13877                            |   32|   0|   32|          0|
    |reg_13885                            |   32|   0|   32|          0|
    |reg_13893                            |   32|   0|   32|          0|
    |reg_13904                            |   32|   0|   32|          0|
    |reg_13912                            |   32|   0|   32|          0|
    |reg_13918                            |   32|   0|   32|          0|
    |reg_13926                            |   32|   0|   32|          0|
    |reg_13934                            |   32|   0|   32|          0|
    |reg_13940                            |   32|   0|   32|          0|
    |reg_13947                            |   32|   0|   32|          0|
    |reg_13953                            |   32|   0|   32|          0|
    |reg_13959                            |   32|   0|   32|          0|
    |reg_13966                            |   32|   0|   32|          0|
    |reg_13973                            |   32|   0|   32|          0|
    |reg_13979                            |   32|   0|   32|          0|
    |reg_13985                            |   32|   0|   32|          0|
    |reg_13991                            |   32|   0|   32|          0|
    |reg_13999                            |   32|   0|   32|          0|
    |reg_14007                            |   32|   0|   32|          0|
    |reg_14013                            |   32|   0|   32|          0|
    |reg_14020                            |   32|   0|   32|          0|
    |reg_14027                            |   32|   0|   32|          0|
    |reg_14034                            |   32|   0|   32|          0|
    |reg_14040                            |   32|   0|   32|          0|
    |reg_14046                            |   32|   0|   32|          0|
    |reg_14055                            |   32|   0|   32|          0|
    |reg_14064                            |   32|   0|   32|          0|
    |reg_14072                            |   32|   0|   32|          0|
    |reg_14081                            |   32|   0|   32|          0|
    |reg_14087                            |   32|   0|   32|          0|
    |reg_14095                            |   32|   0|   32|          0|
    |reg_14105                            |   32|   0|   32|          0|
    |reg_14112                            |   32|   0|   32|          0|
    |reg_14119                            |   32|   0|   32|          0|
    |reg_14126                            |   32|   0|   32|          0|
    |reg_14133                            |   32|   0|   32|          0|
    |reg_14139                            |   32|   0|   32|          0|
    |reg_14146                            |   32|   0|   32|          0|
    |reg_14153                            |   32|   0|   32|          0|
    |reg_14161                            |   32|   0|   32|          0|
    |reg_14168                            |   32|   0|   32|          0|
    |reg_14174                            |   32|   0|   32|          0|
    |reg_14185                            |   32|   0|   32|          0|
    |reg_14192                            |   32|   0|   32|          0|
    |reg_14199                            |   32|   0|   32|          0|
    |reg_14207                            |   32|   0|   32|          0|
    |reg_14214                            |   32|   0|   32|          0|
    |reg_14221                            |   32|   0|   32|          0|
    |reg_14228                            |   32|   0|   32|          0|
    |reg_14235                            |   32|   0|   32|          0|
    |reg_14242                            |   32|   0|   32|          0|
    |reg_14248                            |   32|   0|   32|          0|
    |reg_14254                            |   32|   0|   32|          0|
    |reg_14261                            |   32|   0|   32|          0|
    |reg_14267                            |   32|   0|   32|          0|
    |reg_14273                            |   32|   0|   32|          0|
    |reg_14279                            |   32|   0|   32|          0|
    |reg_14285                            |   32|   0|   32|          0|
    |reg_14293                            |   32|   0|   32|          0|
    |reg_14299                            |   32|   0|   32|          0|
    |reg_14306                            |   32|   0|   32|          0|
    |reg_14312                            |   32|   0|   32|          0|
    |reg_14318                            |   32|   0|   32|          0|
    |reg_14325                            |   32|   0|   32|          0|
    |reg_14332                            |   32|   0|   32|          0|
    |reg_14339                            |   32|   0|   32|          0|
    |reg_14347                            |   32|   0|   32|          0|
    |reg_14353                            |   32|   0|   32|          0|
    |reg_14365                            |   32|   0|   32|          0|
    |reg_14371                            |   32|   0|   32|          0|
    |reg_14378                            |   32|   0|   32|          0|
    |reg_14387                            |   32|   0|   32|          0|
    |reg_14394                            |   32|   0|   32|          0|
    |reg_14404                            |   32|   0|   32|          0|
    |reg_14411                            |   32|   0|   32|          0|
    |reg_14417                            |   32|   0|   32|          0|
    |reg_14425                            |   32|   0|   32|          0|
    |reg_14431                            |   32|   0|   32|          0|
    |reg_14437                            |   32|   0|   32|          0|
    |reg_14446                            |   32|   0|   32|          0|
    |reg_14452                            |   32|   0|   32|          0|
    |reg_14458                            |   32|   0|   32|          0|
    |reg_14464                            |   32|   0|   32|          0|
    |reg_14471                            |   32|   0|   32|          0|
    |reg_14478                            |   32|   0|   32|          0|
    |reg_14486                            |   32|   0|   32|          0|
    |reg_14494                            |   32|   0|   32|          0|
    |reg_14500                            |   32|   0|   32|          0|
    |reg_14506                            |   32|   0|   32|          0|
    |reg_14513                            |   32|   0|   32|          0|
    |reg_14520                            |   32|   0|   32|          0|
    |reg_14529                            |   32|   0|   32|          0|
    |reg_14535                            |   32|   0|   32|          0|
    |reg_14542                            |   32|   0|   32|          0|
    |reg_14550                            |   32|   0|   32|          0|
    |reg_14557                            |   32|   0|   32|          0|
    |reg_14563                            |   32|   0|   32|          0|
    |reg_14569                            |   32|   0|   32|          0|
    |reg_14576                            |   32|   0|   32|          0|
    |reg_14583                            |   32|   0|   32|          0|
    |reg_14591                            |   32|   0|   32|          0|
    |reg_14597                            |   32|   0|   32|          0|
    |reg_14603                            |   32|   0|   32|          0|
    |reg_14609                            |   32|   0|   32|          0|
    |reg_14616                            |   32|   0|   32|          0|
    |reg_14622                            |   32|   0|   32|          0|
    |reg_14628                            |   32|   0|   32|          0|
    |reg_14634                            |   32|   0|   32|          0|
    |reg_14641                            |   32|   0|   32|          0|
    |reg_14648                            |   32|   0|   32|          0|
    |reg_14655                            |   32|   0|   32|          0|
    |reg_14665                            |   32|   0|   32|          0|
    |reg_14672                            |   32|   0|   32|          0|
    |reg_14680                            |   32|   0|   32|          0|
    |reg_14690                            |   32|   0|   32|          0|
    |reg_14697                            |   32|   0|   32|          0|
    |reg_14705                            |   32|   0|   32|          0|
    |reg_14711                            |   32|   0|   32|          0|
    |reg_14719                            |   32|   0|   32|          0|
    |reg_14726                            |   32|   0|   32|          0|
    |reg_14732                            |   32|   0|   32|          0|
    |reg_14739                            |   32|   0|   32|          0|
    |reg_14748                            |   32|   0|   32|          0|
    |reg_14753                            |   32|   0|   32|          0|
    |reg_14760                            |   32|   0|   32|          0|
    |reg_14767                            |   32|   0|   32|          0|
    |reg_14774                            |   32|   0|   32|          0|
    |reg_14785                            |   32|   0|   32|          0|
    |reg_14794                            |   32|   0|   32|          0|
    |reg_14800                            |   32|   0|   32|          0|
    |reg_14807                            |   32|   0|   32|          0|
    |reg_14814                            |   32|   0|   32|          0|
    |reg_14823                            |   32|   0|   32|          0|
    |reg_14829                            |   32|   0|   32|          0|
    |reg_14835                            |   32|   0|   32|          0|
    |reg_14841                            |   32|   0|   32|          0|
    |reg_14847                            |   32|   0|   32|          0|
    |reg_14853                            |   32|   0|   32|          0|
    |reg_14859                            |   32|   0|   32|          0|
    |reg_14866                            |   32|   0|   32|          0|
    |reg_14872                            |   32|   0|   32|          0|
    |reg_14878                            |   32|   0|   32|          0|
    |reg_14885                            |   32|   0|   32|          0|
    |reg_14894                            |   32|   0|   32|          0|
    |reg_14900                            |   32|   0|   32|          0|
    |reg_14906                            |   32|   0|   32|          0|
    |reg_14912                            |   32|   0|   32|          0|
    |reg_14920                            |   32|   0|   32|          0|
    |reg_14926                            |   32|   0|   32|          0|
    |reg_14932                            |   32|   0|   32|          0|
    |reg_14938                            |   32|   0|   32|          0|
    |reg_14944                            |   32|   0|   32|          0|
    |reg_14952                            |   32|   0|   32|          0|
    |reg_14958                            |   32|   0|   32|          0|
    |reg_14964                            |   32|   0|   32|          0|
    |reg_14972                            |   32|   0|   32|          0|
    |reg_14978                            |   32|   0|   32|          0|
    |reg_14984                            |   32|   0|   32|          0|
    |reg_14990                            |   32|   0|   32|          0|
    |reg_14997                            |   32|   0|   32|          0|
    |reg_15003                            |   32|   0|   32|          0|
    |reg_15009                            |   32|   0|   32|          0|
    |reg_15015                            |   32|   0|   32|          0|
    |reg_15022                            |   32|   0|   32|          0|
    |reg_15031                            |   32|   0|   32|          0|
    |reg_15037                            |   32|   0|   32|          0|
    |reg_15044                            |   32|   0|   32|          0|
    |reg_15050                            |   32|   0|   32|          0|
    |reg_15056                            |   32|   0|   32|          0|
    |reg_15063                            |   32|   0|   32|          0|
    |reg_15069                            |   32|   0|   32|          0|
    |reg_15075                            |   32|   0|   32|          0|
    |reg_15082                            |   32|   0|   32|          0|
    |reg_15089                            |   32|   0|   32|          0|
    |reg_15095                            |   32|   0|   32|          0|
    |sum_w1001_reg_21511                  |   32|   0|   32|          0|
    |sum_w1007_reg_20241                  |   32|   0|   32|          0|
    |sum_w100_reg_20696                   |   32|   0|   32|          0|
    |sum_w1014_reg_17076                  |   32|   0|   32|          0|
    |sum_w1025_reg_20236                  |   32|   0|   32|          0|
    |sum_w1036_reg_21966                  |   32|   0|   32|          0|
    |sum_w105_reg_21241                   |   32|   0|   32|          0|
    |sum_w1064_reg_21936                  |   32|   0|   32|          0|
    |sum_w1107_reg_18341                  |   32|   0|   32|          0|
    |sum_w1112_reg_18006                  |   32|   0|   32|          0|
    |sum_w1121_reg_17401                  |   32|   0|   32|          0|
    |sum_w1138_reg_21971                  |   32|   0|   32|          0|
    |sum_w1157_reg_21976                  |   32|   0|   32|          0|
    |sum_w115_reg_18391                   |   32|   0|   32|          0|
    |sum_w1174_reg_21786                  |   32|   0|   32|          0|
    |sum_w1176_reg_22116                  |   32|   0|   32|          0|
    |sum_w1187_reg_21901                  |   32|   0|   32|          0|
    |sum_w118_reg_16581                   |   32|   0|   32|          0|
    |sum_w1194_reg_21426                  |   32|   0|   32|          0|
    |sum_w1198_reg_20061                  |   32|   0|   32|          0|
    |sum_w1202_reg_21336                  |   32|   0|   32|          0|
    |sum_w1210_reg_20066                  |   32|   0|   32|          0|
    |sum_w121_reg_18881                   |   32|   0|   32|          0|
    |sum_w1231_reg_19206                  |   32|   0|   32|          0|
    |sum_w1251_reg_19791                  |   32|   0|   32|          0|
    |sum_w125_reg_19121                   |   32|   0|   32|          0|
    |sum_w1267_reg_18606                  |   32|   0|   32|          0|
    |sum_w135_reg_20966                   |   32|   0|   32|          0|
    |sum_w144_reg_17696                   |   32|   0|   32|          0|
    |sum_w148_reg_20701                   |   32|   0|   32|          0|
    |sum_w159_reg_18251                   |   32|   0|   32|          0|
    |sum_w187_reg_21886                   |   32|   0|   32|          0|
    |sum_w193_reg_22011                   |   32|   0|   32|          0|
    |sum_w194_reg_21516                   |   32|   0|   32|          0|
    |sum_w196_reg_20511                   |   32|   0|   32|          0|
    |sum_w198_reg_16071                   |   32|   0|   32|          0|
    |sum_w199_reg_21051                   |   32|   0|   32|          0|
    |sum_w210_reg_21851                   |   32|   0|   32|          0|
    |sum_w212_reg_20601                   |   32|   0|   32|          0|
    |sum_w219_reg_17661                   |   32|   0|   32|          0|
    |sum_w223_reg_21601                   |   32|   0|   32|          0|
    |sum_w231_reg_21906                   |   32|   0|   32|          0|
    |sum_w236_reg_22026                   |   32|   0|   32|          0|
    |sum_w246_reg_20336                   |   32|   0|   32|          0|
    |sum_w259_reg_22031                   |   32|   0|   32|          0|
    |sum_w266_reg_19306                   |   32|   0|   32|          0|
    |sum_w269_reg_18306                   |   32|   0|   32|          0|
    |sum_w26_reg_16556                    |   32|   0|   32|          0|
    |sum_w280_reg_20961                   |   32|   0|   32|          0|
    |sum_w282_reg_20416                   |   32|   0|   32|          0|
    |sum_w28_reg_20871                    |   32|   0|   32|          0|
    |sum_w299_reg_21691                   |   32|   0|   32|          0|
    |sum_w305_reg_18621                   |   32|   0|   32|          0|
    |sum_w309_reg_16391                   |   32|   0|   32|          0|
    |sum_w312_reg_19221                   |   32|   0|   32|          0|
    |sum_w313_reg_21931                   |   32|   0|   32|          0|
    |sum_w317_reg_21236                   |   32|   0|   32|          0|
    |sum_w329_reg_18696                   |   32|   0|   32|          0|
    |sum_w332_reg_21826                   |   32|   0|   32|          0|
    |sum_w343_reg_20151                   |   32|   0|   32|          0|
    |sum_w346_reg_21331                   |   32|   0|   32|          0|
    |sum_w370_reg_21246                   |   32|   0|   32|          0|
    |sum_w388_reg_19986                   |   32|   0|   32|          0|
    |sum_w390_reg_16891                   |   32|   0|   32|          0|
    |sum_w393_reg_21961                   |   32|   0|   32|          0|
    |sum_w39_reg_18796                    |   32|   0|   32|          0|
    |sum_w404_reg_21151                   |   32|   0|   32|          0|
    |sum_w432_reg_17486                   |   32|   0|   32|          0|
    |sum_w43_reg_20331                    |   32|   0|   32|          0|
    |sum_w447_reg_21856                   |   32|   0|   32|          0|
    |sum_w454_reg_21861                   |   32|   0|   32|          0|
    |sum_w457_reg_16736                   |   32|   0|   32|          0|
    |sum_w45_reg_21796                    |   32|   0|   32|          0|
    |sum_w472_reg_21981                   |   32|   0|   32|          0|
    |sum_w47_reg_19551                    |   32|   0|   32|          0|
    |sum_w494_reg_21821                   |   32|   0|   32|          0|
    |sum_w497_reg_21146                   |   32|   0|   32|          0|
    |sum_w521_reg_17596                   |   32|   0|   32|          0|
    |sum_w524_reg_20326                   |   32|   0|   32|          0|
    |sum_w52_reg_21421                    |   32|   0|   32|          0|
    |sum_w537_reg_21061                   |   32|   0|   32|          0|
    |sum_w541_reg_22021                   |   32|   0|   32|          0|
    |sum_w546_reg_20516                   |   32|   0|   32|          0|
    |sum_w552_reg_17501                   |   32|   0|   32|          0|
    |sum_w577_reg_21696                   |   32|   0|   32|          0|
    |sum_w591_reg_20786                   |   32|   0|   32|          0|
    |sum_w610_reg_19971                   |   32|   0|   32|          0|
    |sum_w631_reg_16166                   |   32|   0|   32|          0|
    |sum_w718_reg_18781                   |   32|   0|   32|          0|
    |sum_w721_reg_21686                   |   32|   0|   32|          0|
    |sum_w726_reg_20421                   |   32|   0|   32|          0|
    |sum_w736_reg_17911                   |   32|   0|   32|          0|
    |sum_w741_reg_18431                   |   32|   0|   32|          0|
    |sum_w743_reg_19376                   |   32|   0|   32|          0|
    |sum_w75_reg_21781                    |   32|   0|   32|          0|
    |sum_w774_reg_17831                   |   32|   0|   32|          0|
    |sum_w780_reg_20606                   |   32|   0|   32|          0|
    |sum_w783_reg_21891                   |   32|   0|   32|          0|
    |sum_w811_reg_21896                   |   32|   0|   32|          0|
    |sum_w821_reg_18516                   |   32|   0|   32|          0|
    |sum_w830_reg_18626                   |   32|   0|   32|          0|
    |sum_w834_reg_18126                   |   32|   0|   32|          0|
    |sum_w851_reg_19886                   |   32|   0|   32|          0|
    |sum_w866_reg_17396                   |   32|   0|   32|          0|
    |sum_w880_reg_17166                   |   32|   0|   32|          0|
    |sum_w891_reg_20426                   |   32|   0|   32|          0|
    |sum_w910_reg_19796                   |   32|   0|   32|          0|
    |sum_w918_reg_21791                   |   32|   0|   32|          0|
    |sum_w922_reg_19811                   |   32|   0|   32|          0|
    |sum_w930_reg_17581                   |   32|   0|   32|          0|
    |sum_w941_reg_17566                   |   32|   0|   32|          0|
    |sum_w943_reg_21986                   |   32|   0|   32|          0|
    |sum_w946_reg_20691                   |   32|   0|   32|          0|
    |sum_w949_reg_21056                   |   32|   0|   32|          0|
    |sum_w965_reg_17856                   |   32|   0|   32|          0|
    |sum_w968_reg_18531                   |   32|   0|   32|          0|
    |sum_w980_reg_22016                   |   32|   0|   32|          0|
    |sum_w987_reg_19046                   |   32|   0|   32|          0|
    |temp_l111_2_i2_array_103_reg_15230   |   32|   0|   32|          0|
    |temp_l111_2_i2_array_1556_reg_20876  |   32|   0|   32|          0|
    |temp_l111_2_i2_array_1783_reg_19741  |   32|   0|   32|          0|
    |temp_l111_2_i2_array_360_reg_15676   |   32|   0|   32|          0|
    +-------------------------------------+-----+----+-----+-----------+
    |Total                                |15666|   0|15666|          0|
    +-------------------------------------+-----+----+-----+-----------+



================================================================
== Interface
================================================================
* Summary: 
+----------------------------------+-----+-----+------------+-------------------------+--------------+
|             RTL Ports            | Dir | Bits|  Protocol  |      Source Object      |    C Type    |
+----------------------------------+-----+-----+------------+-------------------------+--------------+
|ap_clk                            |  in |    1| ap_ctrl_hs |         epilogue        | return value |
|ap_rst                            |  in |    1| ap_ctrl_hs |         epilogue        | return value |
|ap_start                          |  in |    1| ap_ctrl_hs |         epilogue        | return value |
|ap_done                           | out |    1| ap_ctrl_hs |         epilogue        | return value |
|ap_continue                       |  in |    1| ap_ctrl_hs |         epilogue        | return value |
|ap_idle                           | out |    1| ap_ctrl_hs |         epilogue        | return value |
|ap_ready                          | out |    1| ap_ctrl_hs |         epilogue        | return value |
|temp_l111_2_i2_array_address0     | out |    8|  ap_memory |   temp_l111_2_i2_array  |     array    |
|temp_l111_2_i2_array_ce0          | out |    1|  ap_memory |   temp_l111_2_i2_array  |     array    |
|temp_l111_2_i2_array_q0           |  in |   32|  ap_memory |   temp_l111_2_i2_array  |     array    |
|temp_l111_2_i2_array_address1     | out |    8|  ap_memory |   temp_l111_2_i2_array  |     array    |
|temp_l111_2_i2_array_ce1          | out |    1|  ap_memory |   temp_l111_2_i2_array  |     array    |
|temp_l111_2_i2_array_q1           |  in |   32|  ap_memory |   temp_l111_2_i2_array  |     array    |
|temp_l111_2_i2_array_23_address0  | out |    8|  ap_memory | temp_l111_2_i2_array_23 |     array    |
|temp_l111_2_i2_array_23_ce0       | out |    1|  ap_memory | temp_l111_2_i2_array_23 |     array    |
|temp_l111_2_i2_array_23_q0        |  in |   32|  ap_memory | temp_l111_2_i2_array_23 |     array    |
|temp_l111_2_i2_array_23_address1  | out |    8|  ap_memory | temp_l111_2_i2_array_23 |     array    |
|temp_l111_2_i2_array_23_ce1       | out |    1|  ap_memory | temp_l111_2_i2_array_23 |     array    |
|temp_l111_2_i2_array_23_q1        |  in |   32|  ap_memory | temp_l111_2_i2_array_23 |     array    |
|temp_l111_2_i2_array_24_address0  | out |    8|  ap_memory | temp_l111_2_i2_array_24 |     array    |
|temp_l111_2_i2_array_24_ce0       | out |    1|  ap_memory | temp_l111_2_i2_array_24 |     array    |
|temp_l111_2_i2_array_24_q0        |  in |   32|  ap_memory | temp_l111_2_i2_array_24 |     array    |
|temp_l111_2_i2_array_24_address1  | out |    8|  ap_memory | temp_l111_2_i2_array_24 |     array    |
|temp_l111_2_i2_array_24_ce1       | out |    1|  ap_memory | temp_l111_2_i2_array_24 |     array    |
|temp_l111_2_i2_array_24_q1        |  in |   32|  ap_memory | temp_l111_2_i2_array_24 |     array    |
|temp_l111_2_i2_array_25_address0  | out |    8|  ap_memory | temp_l111_2_i2_array_25 |     array    |
|temp_l111_2_i2_array_25_ce0       | out |    1|  ap_memory | temp_l111_2_i2_array_25 |     array    |
|temp_l111_2_i2_array_25_q0        |  in |   32|  ap_memory | temp_l111_2_i2_array_25 |     array    |
|temp_l111_2_i2_array_25_address1  | out |    8|  ap_memory | temp_l111_2_i2_array_25 |     array    |
|temp_l111_2_i2_array_25_ce1       | out |    1|  ap_memory | temp_l111_2_i2_array_25 |     array    |
|temp_l111_2_i2_array_25_q1        |  in |   32|  ap_memory | temp_l111_2_i2_array_25 |     array    |
|temp_l111_2_i2_array_26_address0  | out |    8|  ap_memory | temp_l111_2_i2_array_26 |     array    |
|temp_l111_2_i2_array_26_ce0       | out |    1|  ap_memory | temp_l111_2_i2_array_26 |     array    |
|temp_l111_2_i2_array_26_q0        |  in |   32|  ap_memory | temp_l111_2_i2_array_26 |     array    |
|temp_l111_2_i2_array_26_address1  | out |    8|  ap_memory | temp_l111_2_i2_array_26 |     array    |
|temp_l111_2_i2_array_26_ce1       | out |    1|  ap_memory | temp_l111_2_i2_array_26 |     array    |
|temp_l111_2_i2_array_26_q1        |  in |   32|  ap_memory | temp_l111_2_i2_array_26 |     array    |
|temp_l111_2_i2_array_27_address0  | out |    8|  ap_memory | temp_l111_2_i2_array_27 |     array    |
|temp_l111_2_i2_array_27_ce0       | out |    1|  ap_memory | temp_l111_2_i2_array_27 |     array    |
|temp_l111_2_i2_array_27_q0        |  in |   32|  ap_memory | temp_l111_2_i2_array_27 |     array    |
|temp_l111_2_i2_array_27_address1  | out |    8|  ap_memory | temp_l111_2_i2_array_27 |     array    |
|temp_l111_2_i2_array_27_ce1       | out |    1|  ap_memory | temp_l111_2_i2_array_27 |     array    |
|temp_l111_2_i2_array_27_q1        |  in |   32|  ap_memory | temp_l111_2_i2_array_27 |     array    |
|temp_l111_2_i2_array_28_address0  | out |    8|  ap_memory | temp_l111_2_i2_array_28 |     array    |
|temp_l111_2_i2_array_28_ce0       | out |    1|  ap_memory | temp_l111_2_i2_array_28 |     array    |
|temp_l111_2_i2_array_28_q0        |  in |   32|  ap_memory | temp_l111_2_i2_array_28 |     array    |
|temp_l111_2_i2_array_28_address1  | out |    8|  ap_memory | temp_l111_2_i2_array_28 |     array    |
|temp_l111_2_i2_array_28_ce1       | out |    1|  ap_memory | temp_l111_2_i2_array_28 |     array    |
|temp_l111_2_i2_array_28_q1        |  in |   32|  ap_memory | temp_l111_2_i2_array_28 |     array    |
|temp_l111_2_i2_array_29_address0  | out |    8|  ap_memory | temp_l111_2_i2_array_29 |     array    |
|temp_l111_2_i2_array_29_ce0       | out |    1|  ap_memory | temp_l111_2_i2_array_29 |     array    |
|temp_l111_2_i2_array_29_q0        |  in |   32|  ap_memory | temp_l111_2_i2_array_29 |     array    |
|temp_l111_2_i2_array_29_address1  | out |    8|  ap_memory | temp_l111_2_i2_array_29 |     array    |
|temp_l111_2_i2_array_29_ce1       | out |    1|  ap_memory | temp_l111_2_i2_array_29 |     array    |
|temp_l111_2_i2_array_29_q1        |  in |   32|  ap_memory | temp_l111_2_i2_array_29 |     array    |
|y                                 | out |   32|   ap_vld   |            y            |    pointer   |
|y_ap_vld                          | out |    1|   ap_vld   |            y            |    pointer   |
+----------------------------------+-----+-----+------------+-------------------------+--------------+

