

================================================================
== Vivado HLS Report for 'parallel_0'
================================================================
* Date:           Wed Jul 15 19:25:40 2020

* Version:        2019.2 (Build 2704478 on Wed Nov 06 22:10:23 MST 2019)
* Project:        dotprod
* Solution:       solution1
* Product family: zynq
* Target device:  xc7z020-clg484-1


================================================================
== Performance Estimates
================================================================
+ Timing: 
    * Summary: 
    +--------+----------+-----------+------------+
    |  Clock |  Target  | Estimated | Uncertainty|
    +--------+----------+-----------+------------+
    |ap_clk  | 10.00 ns | 10.751 ns |   1.25 ns  |
    +--------+----------+-----------+------------+

+ Latency: 
    * Summary: 
    +---------+---------+----------+----------+-----+-----+---------+
    |  Latency (cycles) |  Latency (absolute) |  Interval | Pipeline|
    |   min   |   max   |    min   |    max   | min | max |   Type  |
    +---------+---------+----------+----------+-----+-----+---------+
    |       22|       22| 0.237 us | 0.237 us |   22|   22|   none  |
    +---------+---------+----------+----------+-----+-----+---------+

    + Detail: 
        * Instance: 
        N/A

        * Loop: 
        +----------+---------+---------+----------+-----------+-----------+------+----------+
        |          |  Latency (cycles) | Iteration|  Initiation Interval  | Trip |          |
        | Loop Name|   min   |   max   |  Latency |  achieved |   target  | Count| Pipelined|
        +----------+---------+---------+----------+-----------+-----------+------+----------+
        |- Loop 1  |       20|       20|         6|          1|          1|    16|    yes   |
        +----------+---------+---------+----------+-----------+-----------+------+----------+



================================================================
== Utilization Estimates
================================================================
* Summary: 
+-----------------+---------+-------+--------+-------+-----+
|       Name      | BRAM_18K| DSP48E|   FF   |  LUT  | URAM|
+-----------------+---------+-------+--------+-------+-----+
|DSP              |        -|     64|       -|      -|    -|
|Expression       |        -|      -|       0|   1101|    -|
|FIFO             |        -|      -|       -|      -|    -|
|Instance         |        -|      -|       -|      -|    -|
|Memory           |        -|      -|       -|      -|    -|
|Multiplexer      |        -|      -|       -|     57|    -|
|Register         |        0|      -|    2526|     64|    -|
+-----------------+---------+-------+--------+-------+-----+
|Total            |        0|     64|    2526|   1222|    0|
+-----------------+---------+-------+--------+-------+-----+
|Available        |      280|    220|  106400|  53200|    0|
+-----------------+---------+-------+--------+-------+-----+
|Utilization (%)  |        0|     29|       2|      2|    0|
+-----------------+---------+-------+--------+-------+-----+

+ Detail: 
    * Instance: 
    N/A

    * DSP48E: 
    +----------------------------+----------------------+--------------+
    |          Instance          |        Module        |  Expression  |
    +----------------------------+----------------------+--------------+
    |n4000_dotprod_parbkb_U1159  |n4000_dotprod_parbkb  |    i0 * i1   |
    |n4000_dotprod_parbkb_U1160  |n4000_dotprod_parbkb  |    i0 * i1   |
    |n4000_dotprod_parbkb_U1161  |n4000_dotprod_parbkb  |    i0 * i1   |
    |n4000_dotprod_parbkb_U1162  |n4000_dotprod_parbkb  |    i0 * i1   |
    |n4000_dotprod_parbkb_U1163  |n4000_dotprod_parbkb  |    i0 * i1   |
    |n4000_dotprod_parbkb_U1164  |n4000_dotprod_parbkb  |    i0 * i1   |
    |n4000_dotprod_parbkb_U1165  |n4000_dotprod_parbkb  |    i0 * i1   |
    |n4000_dotprod_parbkb_U1166  |n4000_dotprod_parbkb  |    i0 * i1   |
    |n4000_dotprod_parbkb_U1167  |n4000_dotprod_parbkb  |    i0 * i1   |
    |n4000_dotprod_parbkb_U1168  |n4000_dotprod_parbkb  |    i0 * i1   |
    |n4000_dotprod_parbkb_U1169  |n4000_dotprod_parbkb  |    i0 * i1   |
    |n4000_dotprod_parbkb_U1170  |n4000_dotprod_parbkb  |    i0 * i1   |
    |n4000_dotprod_parbkb_U1171  |n4000_dotprod_parbkb  |    i0 * i1   |
    |n4000_dotprod_parbkb_U1172  |n4000_dotprod_parbkb  |    i0 * i1   |
    |n4000_dotprod_parbkb_U1173  |n4000_dotprod_parbkb  |    i0 * i1   |
    |n4000_dotprod_parbkb_U1174  |n4000_dotprod_parbkb  |    i0 * i1   |
    |n4000_dotprod_parbkb_U1176  |n4000_dotprod_parbkb  |    i0 * i1   |
    |n4000_dotprod_parbkb_U1177  |n4000_dotprod_parbkb  |    i0 * i1   |
    |n4000_dotprod_parbkb_U1178  |n4000_dotprod_parbkb  |    i0 * i1   |
    |n4000_dotprod_parbkb_U1179  |n4000_dotprod_parbkb  |    i0 * i1   |
    |n4000_dotprod_parbkb_U1180  |n4000_dotprod_parbkb  |    i0 * i1   |
    |n4000_dotprod_parbkb_U1181  |n4000_dotprod_parbkb  |    i0 * i1   |
    |n4000_dotprod_parbkb_U1182  |n4000_dotprod_parbkb  |    i0 * i1   |
    |n4000_dotprod_parbkb_U1183  |n4000_dotprod_parbkb  |    i0 * i1   |
    |n4000_dotprod_parbkb_U1184  |n4000_dotprod_parbkb  |    i0 * i1   |
    |n4000_dotprod_parbkb_U1185  |n4000_dotprod_parbkb  |    i0 * i1   |
    |n4000_dotprod_parbkb_U1186  |n4000_dotprod_parbkb  |    i0 * i1   |
    |n4000_dotprod_parbkb_U1187  |n4000_dotprod_parbkb  |    i0 * i1   |
    |n4000_dotprod_parbkb_U1188  |n4000_dotprod_parbkb  |    i0 * i1   |
    |n4000_dotprod_parbkb_U1189  |n4000_dotprod_parbkb  |    i0 * i1   |
    |n4000_dotprod_parbkb_U1190  |n4000_dotprod_parbkb  |    i0 * i1   |
    |n4000_dotprod_parbkb_U1191  |n4000_dotprod_parbkb  |    i0 * i1   |
    |n4000_dotprod_parcud_U1175  |n4000_dotprod_parcud  | i0 + i1 * i2 |
    |n4000_dotprod_parcud_U1192  |n4000_dotprod_parcud  | i0 + i1 * i2 |
    |n4000_dotprod_parcud_U1193  |n4000_dotprod_parcud  | i0 + i1 * i2 |
    |n4000_dotprod_parcud_U1194  |n4000_dotprod_parcud  | i0 + i1 * i2 |
    |n4000_dotprod_parcud_U1195  |n4000_dotprod_parcud  | i0 + i1 * i2 |
    |n4000_dotprod_parcud_U1196  |n4000_dotprod_parcud  | i0 + i1 * i2 |
    |n4000_dotprod_parcud_U1197  |n4000_dotprod_parcud  | i0 + i1 * i2 |
    |n4000_dotprod_parcud_U1198  |n4000_dotprod_parcud  | i0 + i1 * i2 |
    |n4000_dotprod_parcud_U1199  |n4000_dotprod_parcud  | i0 + i1 * i2 |
    |n4000_dotprod_parcud_U1200  |n4000_dotprod_parcud  | i0 + i1 * i2 |
    |n4000_dotprod_parcud_U1201  |n4000_dotprod_parcud  | i0 + i1 * i2 |
    |n4000_dotprod_parcud_U1202  |n4000_dotprod_parcud  | i0 + i1 * i2 |
    |n4000_dotprod_parcud_U1203  |n4000_dotprod_parcud  | i0 + i1 * i2 |
    |n4000_dotprod_parcud_U1204  |n4000_dotprod_parcud  | i0 + i1 * i2 |
    |n4000_dotprod_parcud_U1205  |n4000_dotprod_parcud  | i0 + i1 * i2 |
    |n4000_dotprod_parcud_U1206  |n4000_dotprod_parcud  | i0 + i1 * i2 |
    |n4000_dotprod_parcud_U1207  |n4000_dotprod_parcud  | i0 + i1 * i2 |
    |n4000_dotprod_parcud_U1208  |n4000_dotprod_parcud  | i0 + i1 * i2 |
    |n4000_dotprod_parcud_U1209  |n4000_dotprod_parcud  | i0 + i1 * i2 |
    |n4000_dotprod_parcud_U1210  |n4000_dotprod_parcud  | i0 + i1 * i2 |
    |n4000_dotprod_parcud_U1211  |n4000_dotprod_parcud  | i0 + i1 * i2 |
    |n4000_dotprod_parcud_U1212  |n4000_dotprod_parcud  | i0 + i1 * i2 |
    |n4000_dotprod_parcud_U1213  |n4000_dotprod_parcud  | i0 + i1 * i2 |
    |n4000_dotprod_parcud_U1214  |n4000_dotprod_parcud  | i0 + i1 * i2 |
    |n4000_dotprod_parcud_U1215  |n4000_dotprod_parcud  | i0 + i1 * i2 |
    |n4000_dotprod_parcud_U1216  |n4000_dotprod_parcud  | i0 + i1 * i2 |
    |n4000_dotprod_parcud_U1217  |n4000_dotprod_parcud  | i0 + i1 * i2 |
    |n4000_dotprod_parcud_U1218  |n4000_dotprod_parcud  | i0 + i1 * i2 |
    |n4000_dotprod_parcud_U1219  |n4000_dotprod_parcud  | i0 + i1 * i2 |
    |n4000_dotprod_parcud_U1220  |n4000_dotprod_parcud  | i0 + i1 * i2 |
    |n4000_dotprod_parcud_U1221  |n4000_dotprod_parcud  | i0 + i1 * i2 |
    |n4000_dotprod_parcud_U1222  |n4000_dotprod_parcud  | i0 + i1 * i2 |
    +----------------------------+----------------------+--------------+

    * Memory: 
    N/A

    * FIFO: 
    N/A

    * Expression: 
    +--------------------------+----------+-------+---+----+------------+------------+
    |       Variable Name      | Operation| DSP48E| FF| LUT| Bitwidth P0| Bitwidth P1|
    +--------------------------+----------+-------+---+----+------------+------------+
    |add_ln268_127_fu_2549_p2  |     +    |      0|  0|  39|          32|          32|
    |add_ln268_130_fu_2553_p2  |     +    |      0|  0|  39|          32|          32|
    |add_ln268_131_fu_2557_p2  |     +    |      0|  0|  32|          32|          32|
    |add_ln268_134_fu_2563_p2  |     +    |      0|  0|  32|          32|          32|
    |add_ln268_137_fu_2511_p2  |     +    |      0|  0|  39|          32|          32|
    |add_ln268_138_fu_2567_p2  |     +    |      0|  0|  32|          32|          32|
    |add_ln268_139_fu_2572_p2  |     +    |      0|  0|  32|          32|          32|
    |add_ln268_142_fu_2578_p2  |     +    |      0|  0|  39|          32|          32|
    |add_ln268_145_fu_2582_p2  |     +    |      0|  0|  39|          32|          32|
    |add_ln268_146_fu_2586_p2  |     +    |      0|  0|  32|          32|          32|
    |add_ln268_149_fu_2592_p2  |     +    |      0|  0|  32|          32|          32|
    |add_ln268_152_fu_2515_p2  |     +    |      0|  0|  39|          32|          32|
    |add_ln268_153_fu_2596_p2  |     +    |      0|  0|  32|          32|          32|
    |add_ln268_154_fu_2601_p2  |     +    |      0|  0|  32|          32|          32|
    |add_ln268_155_fu_2646_p2  |     +    |      0|  0|  32|          32|          32|
    |add_ln268_158_fu_2607_p2  |     +    |      0|  0|  32|          32|          32|
    |add_ln268_161_fu_2519_p2  |     +    |      0|  0|  39|          32|          32|
    |add_ln268_162_fu_2611_p2  |     +    |      0|  0|  32|          32|          32|
    |add_ln268_165_fu_2616_p2  |     +    |      0|  0|  32|          32|          32|
    |add_ln268_168_fu_2523_p2  |     +    |      0|  0|  39|          32|          32|
    |add_ln268_169_fu_2620_p2  |     +    |      0|  0|  32|          32|          32|
    |add_ln268_170_fu_2625_p2  |     +    |      0|  0|  32|          32|          32|
    |add_ln268_173_fu_2527_p2  |     +    |      0|  0|  39|          32|          32|
    |add_ln268_176_fu_2531_p2  |     +    |      0|  0|  39|          32|          32|
    |add_ln268_177_fu_2631_p2  |     +    |      0|  0|  32|          32|          32|
    |add_ln268_180_fu_2535_p2  |     +    |      0|  0|  32|          32|          32|
    |add_ln268_183_fu_2539_p2  |     +    |      0|  0|  39|          32|          32|
    |add_ln268_184_fu_2543_p2  |     +    |      0|  0|  32|          32|          32|
    |add_ln268_185_fu_2635_p2  |     +    |      0|  0|  32|          32|          32|
    |add_ln268_186_fu_2640_p2  |     +    |      0|  0|  32|          32|          32|
    |add_ln268_fu_2650_p2      |     +    |      0|  0|  32|          32|          32|
    |i_fu_1999_p2              |     +    |      0|  0|  15|           5|           1|
    |icmp_ln132_fu_1993_p2     |   icmp   |      0|  0|  11|           5|           6|
    |ap_block_state1           |    or    |      0|  0|   2|           1|           1|
    |ap_enable_pp0             |    xor   |      0|  0|   2|           1|           2|
    |ap_enable_reg_pp0_iter1   |    xor   |      0|  0|   2|           2|           1|
    +--------------------------+----------+-------+---+----+------------+------------+
    |Total                     |          |      0|  0|1101|        1006|        1003|
    +--------------------------+----------+-------+---+----+------------+------------+

    * Multiplexer: 
    +-------------------------+----+-----------+-----+-----------+
    |           Name          | LUT| Input Size| Bits| Total Bits|
    +-------------------------+----+-----------+-----+-----------+
    |ap_NS_fsm                |  21|          4|    1|          4|
    |ap_done                  |   9|          2|    1|          2|
    |ap_enable_reg_pp0_iter1  |   9|          2|    1|          2|
    |ap_enable_reg_pp0_iter5  |   9|          2|    1|          2|
    |i_0_reg_1982             |   9|          2|    5|         10|
    +-------------------------+----+-----------+-----+-----------+
    |Total                    |  57|         12|    9|         20|
    +-------------------------+----+-----------+-----+-----------+

    * Register: 
    +-----------------------------------+----+----+-----+-----------+
    |                Name               | FF | LUT| Bits| Const Bits|
    +-----------------------------------+----+----+-----+-----------+
    |add_ln268_125_reg_4188             |  32|   0|   32|          0|
    |add_ln268_126_reg_4193             |  32|   0|   32|          0|
    |add_ln268_128_reg_4198             |  32|   0|   32|          0|
    |add_ln268_129_reg_4203             |  32|   0|   32|          0|
    |add_ln268_132_reg_4208             |  32|   0|   32|          0|
    |add_ln268_133_reg_4213             |  32|   0|   32|          0|
    |add_ln268_137_reg_4218             |  32|   0|   32|          0|
    |add_ln268_139_reg_4303             |  32|   0|   32|          0|
    |add_ln268_140_reg_4223             |  32|   0|   32|          0|
    |add_ln268_141_reg_4228             |  32|   0|   32|          0|
    |add_ln268_143_reg_4233             |  32|   0|   32|          0|
    |add_ln268_144_reg_4238             |  32|   0|   32|          0|
    |add_ln268_147_reg_4243             |  32|   0|   32|          0|
    |add_ln268_148_reg_4248             |  32|   0|   32|          0|
    |add_ln268_152_reg_4253             |  32|   0|   32|          0|
    |add_ln268_154_reg_4308             |  32|   0|   32|          0|
    |add_ln268_156_reg_4258             |  32|   0|   32|          0|
    |add_ln268_157_reg_4263             |  32|   0|   32|          0|
    |add_ln268_161_reg_4268             |  32|   0|   32|          0|
    |add_ln268_163_reg_4273             |  32|   0|   32|          0|
    |add_ln268_164_reg_4278             |  32|   0|   32|          0|
    |add_ln268_168_reg_4283             |  32|   0|   32|          0|
    |add_ln268_173_reg_4288             |  32|   0|   32|          0|
    |add_ln268_176_reg_4293             |  32|   0|   32|          0|
    |add_ln268_181_reg_4178             |  32|   0|   32|          0|
    |add_ln268_182_reg_4183             |  32|   0|   32|          0|
    |add_ln268_184_reg_4298             |  32|   0|   32|          0|
    |add_ln268_186_reg_4313             |  32|   0|   32|          0|
    |ap_CS_fsm                          |   3|   0|    3|          0|
    |ap_done_reg                        |   1|   0|    1|          0|
    |ap_enable_reg_pp0_iter0            |   1|   0|    1|          0|
    |ap_enable_reg_pp0_iter1            |   1|   0|    1|          0|
    |ap_enable_reg_pp0_iter2            |   1|   0|    1|          0|
    |ap_enable_reg_pp0_iter3            |   1|   0|    1|          0|
    |ap_enable_reg_pp0_iter4            |   1|   0|    1|          0|
    |ap_enable_reg_pp0_iter5            |   1|   0|    1|          0|
    |i_0_reg_1982                       |   5|   0|    5|          0|
    |lshr_ln_reg_3253                   |   4|   0|    4|          0|
    |temp_l83_i100_w1_reg_4113          |  32|   0|   32|          0|
    |temp_l83_i102_w1_reg_4128          |  32|   0|   32|          0|
    |temp_l83_i104_w1_reg_4143          |  32|   0|   32|          0|
    |temp_l83_i106_w1_reg_4158          |  32|   0|   32|          0|
    |temp_l83_i107_w1_reg_4163          |  32|   0|   32|          0|
    |temp_l83_i46_w1_reg_3728           |  32|   0|   32|          0|
    |temp_l83_i47_w1_reg_3733           |  32|   0|   32|          0|
    |temp_l83_i49_w1_reg_3748           |  32|   0|   32|          0|
    |temp_l83_i51_w1_reg_3763           |  32|   0|   32|          0|
    |temp_l83_i53_w1_reg_3778           |  32|   0|   32|          0|
    |temp_l83_i55_w1_reg_3793           |  32|   0|   32|          0|
    |temp_l83_i57_w1_reg_3808           |  32|   0|   32|          0|
    |temp_l83_i59_w1_reg_3823           |  32|   0|   32|          0|
    |temp_l83_i61_w1_reg_3838           |  32|   0|   32|          0|
    |temp_l83_i63_w1_reg_3853           |  32|   0|   32|          0|
    |temp_l83_i65_w1_reg_3868           |  32|   0|   32|          0|
    |temp_l83_i67_w1_reg_3883           |  32|   0|   32|          0|
    |temp_l83_i69_w1_reg_3898           |  32|   0|   32|          0|
    |temp_l83_i71_w1_reg_3913           |  32|   0|   32|          0|
    |temp_l83_i73_w1_reg_3488           |  32|   0|   32|          0|
    |temp_l83_i75_w1_reg_3503           |  32|   0|   32|          0|
    |temp_l83_i78_w1_reg_3948           |  32|   0|   32|          0|
    |temp_l83_i80_w1_reg_3963           |  32|   0|   32|          0|
    |temp_l83_i82_w1_reg_3978           |  32|   0|   32|          0|
    |temp_l83_i84_w1_reg_3993           |  32|   0|   32|          0|
    |temp_l83_i86_w1_reg_4008           |  32|   0|   32|          0|
    |temp_l83_i88_w1_reg_4023           |  32|   0|   32|          0|
    |temp_l83_i90_w1_reg_4038           |  32|   0|   32|          0|
    |temp_l83_i92_w1_reg_4053           |  32|   0|   32|          0|
    |temp_l83_i94_w1_reg_4068           |  32|   0|   32|          0|
    |temp_l83_i96_w1_reg_4083           |  32|   0|   32|          0|
    |temp_l83_i98_w1_reg_4098           |  32|   0|   32|          0|
    |trunc_ln268_reg_3249               |   1|   0|    1|          0|
    |x_14_load_reg_3828                 |  16|   0|   16|          0|
    |x_16_load_reg_3843                 |  16|   0|   16|          0|
    |x_18_load_reg_3858                 |  16|   0|   16|          0|
    |x_20_load_reg_3873                 |  16|   0|   16|          0|
    |x_22_load_reg_3888                 |  16|   0|   16|          0|
    |x_24_load_reg_3903                 |  16|   0|   16|          0|
    |x_26_load_reg_3918                 |  16|   0|   16|          0|
    |x_28_load_reg_3928                 |  16|   0|   16|          0|
    |x_43_load_reg_4028                 |  16|   0|   16|          0|
    |x_45_load_reg_4043                 |  16|   0|   16|          0|
    |x_51_load_reg_4088                 |  16|   0|   16|          0|
    |x_53_load_reg_4103                 |  16|   0|   16|          0|
    |x_6_load_reg_3768                  |  16|   0|   16|          0|
    |x_8_load_reg_3783                  |  16|   0|   16|          0|
    |y_14_load_reg_3833                 |  16|   0|   16|          0|
    |y_16_load_reg_3848                 |  16|   0|   16|          0|
    |y_18_load_reg_3863                 |  16|   0|   16|          0|
    |y_20_load_reg_3878                 |  16|   0|   16|          0|
    |y_22_load_reg_3893                 |  16|   0|   16|          0|
    |y_24_load_reg_3908                 |  16|   0|   16|          0|
    |y_26_load_reg_3923                 |  16|   0|   16|          0|
    |y_28_load_reg_3933                 |  16|   0|   16|          0|
    |y_43_load_reg_4033                 |  16|   0|   16|          0|
    |y_45_load_reg_4048                 |  16|   0|   16|          0|
    |y_51_load_reg_4093                 |  16|   0|   16|          0|
    |y_53_load_reg_4108                 |  16|   0|   16|          0|
    |y_6_load_reg_3773                  |  16|   0|   16|          0|
    |y_8_load_reg_3788                  |  16|   0|   16|          0|
    |zext_ln136_reg_3101                |   5|   0|   64|         59|
    |zext_ln136_reg_3101_pp0_iter1_reg  |   5|   0|   64|         59|
    |lshr_ln_reg_3253                   |  64|  32|    4|          0|
    |trunc_ln268_reg_3249               |  64|  32|    1|          0|
    +-----------------------------------+----+----+-----+-----------+
    |Total                              |2526|  64| 2521|        118|
    +-----------------------------------+----+----+-----+-----------+



================================================================
== Interface
================================================================
* Summary: 
+----------------------+-----+-----+------------+--------------+--------------+
|       RTL Ports      | Dir | Bits|  Protocol  | Source Object|    C Type    |
+----------------------+-----+-----+------------+--------------+--------------+
|ap_clk                |  in |    1| ap_ctrl_hs |  parallel_0  | return value |
|ap_rst                |  in |    1| ap_ctrl_hs |  parallel_0  | return value |
|ap_start              |  in |    1| ap_ctrl_hs |  parallel_0  | return value |
|ap_done               | out |    1| ap_ctrl_hs |  parallel_0  | return value |
|ap_continue           |  in |    1| ap_ctrl_hs |  parallel_0  | return value |
|ap_idle               | out |    1| ap_ctrl_hs |  parallel_0  | return value |
|ap_ready              | out |    1| ap_ctrl_hs |  parallel_0  | return value |
|x_0_address0          | out |    4|  ap_memory |      x_0     |     array    |
|x_0_ce0               | out |    1|  ap_memory |      x_0     |     array    |
|x_0_q0                |  in |   16|  ap_memory |      x_0     |     array    |
|x_1_address0          | out |    4|  ap_memory |      x_1     |     array    |
|x_1_ce0               | out |    1|  ap_memory |      x_1     |     array    |
|x_1_q0                |  in |   16|  ap_memory |      x_1     |     array    |
|x_2_address0          | out |    4|  ap_memory |      x_2     |     array    |
|x_2_ce0               | out |    1|  ap_memory |      x_2     |     array    |
|x_2_q0                |  in |   16|  ap_memory |      x_2     |     array    |
|x_3_address0          | out |    4|  ap_memory |      x_3     |     array    |
|x_3_ce0               | out |    1|  ap_memory |      x_3     |     array    |
|x_3_q0                |  in |   16|  ap_memory |      x_3     |     array    |
|x_4_address0          | out |    4|  ap_memory |      x_4     |     array    |
|x_4_ce0               | out |    1|  ap_memory |      x_4     |     array    |
|x_4_q0                |  in |   16|  ap_memory |      x_4     |     array    |
|x_5_address0          | out |    4|  ap_memory |      x_5     |     array    |
|x_5_ce0               | out |    1|  ap_memory |      x_5     |     array    |
|x_5_q0                |  in |   16|  ap_memory |      x_5     |     array    |
|x_6_address0          | out |    4|  ap_memory |      x_6     |     array    |
|x_6_ce0               | out |    1|  ap_memory |      x_6     |     array    |
|x_6_q0                |  in |   16|  ap_memory |      x_6     |     array    |
|x_7_address0          | out |    4|  ap_memory |      x_7     |     array    |
|x_7_ce0               | out |    1|  ap_memory |      x_7     |     array    |
|x_7_q0                |  in |   16|  ap_memory |      x_7     |     array    |
|x_8_address0          | out |    4|  ap_memory |      x_8     |     array    |
|x_8_ce0               | out |    1|  ap_memory |      x_8     |     array    |
|x_8_q0                |  in |   16|  ap_memory |      x_8     |     array    |
|x_9_address0          | out |    4|  ap_memory |      x_9     |     array    |
|x_9_ce0               | out |    1|  ap_memory |      x_9     |     array    |
|x_9_q0                |  in |   16|  ap_memory |      x_9     |     array    |
|x_10_address0         | out |    4|  ap_memory |     x_10     |     array    |
|x_10_ce0              | out |    1|  ap_memory |     x_10     |     array    |
|x_10_q0               |  in |   16|  ap_memory |     x_10     |     array    |
|x_11_address0         | out |    4|  ap_memory |     x_11     |     array    |
|x_11_ce0              | out |    1|  ap_memory |     x_11     |     array    |
|x_11_q0               |  in |   16|  ap_memory |     x_11     |     array    |
|x_12_address0         | out |    4|  ap_memory |     x_12     |     array    |
|x_12_ce0              | out |    1|  ap_memory |     x_12     |     array    |
|x_12_q0               |  in |   16|  ap_memory |     x_12     |     array    |
|x_13_address0         | out |    4|  ap_memory |     x_13     |     array    |
|x_13_ce0              | out |    1|  ap_memory |     x_13     |     array    |
|x_13_q0               |  in |   16|  ap_memory |     x_13     |     array    |
|x_14_address0         | out |    4|  ap_memory |     x_14     |     array    |
|x_14_ce0              | out |    1|  ap_memory |     x_14     |     array    |
|x_14_q0               |  in |   16|  ap_memory |     x_14     |     array    |
|x_15_address0         | out |    4|  ap_memory |     x_15     |     array    |
|x_15_ce0              | out |    1|  ap_memory |     x_15     |     array    |
|x_15_q0               |  in |   16|  ap_memory |     x_15     |     array    |
|x_16_address0         | out |    4|  ap_memory |     x_16     |     array    |
|x_16_ce0              | out |    1|  ap_memory |     x_16     |     array    |
|x_16_q0               |  in |   16|  ap_memory |     x_16     |     array    |
|x_17_address0         | out |    4|  ap_memory |     x_17     |     array    |
|x_17_ce0              | out |    1|  ap_memory |     x_17     |     array    |
|x_17_q0               |  in |   16|  ap_memory |     x_17     |     array    |
|x_18_address0         | out |    4|  ap_memory |     x_18     |     array    |
|x_18_ce0              | out |    1|  ap_memory |     x_18     |     array    |
|x_18_q0               |  in |   16|  ap_memory |     x_18     |     array    |
|x_19_address0         | out |    4|  ap_memory |     x_19     |     array    |
|x_19_ce0              | out |    1|  ap_memory |     x_19     |     array    |
|x_19_q0               |  in |   16|  ap_memory |     x_19     |     array    |
|x_20_address0         | out |    4|  ap_memory |     x_20     |     array    |
|x_20_ce0              | out |    1|  ap_memory |     x_20     |     array    |
|x_20_q0               |  in |   16|  ap_memory |     x_20     |     array    |
|x_21_address0         | out |    4|  ap_memory |     x_21     |     array    |
|x_21_ce0              | out |    1|  ap_memory |     x_21     |     array    |
|x_21_q0               |  in |   16|  ap_memory |     x_21     |     array    |
|x_22_address0         | out |    4|  ap_memory |     x_22     |     array    |
|x_22_ce0              | out |    1|  ap_memory |     x_22     |     array    |
|x_22_q0               |  in |   16|  ap_memory |     x_22     |     array    |
|x_23_address0         | out |    4|  ap_memory |     x_23     |     array    |
|x_23_ce0              | out |    1|  ap_memory |     x_23     |     array    |
|x_23_q0               |  in |   16|  ap_memory |     x_23     |     array    |
|x_24_address0         | out |    4|  ap_memory |     x_24     |     array    |
|x_24_ce0              | out |    1|  ap_memory |     x_24     |     array    |
|x_24_q0               |  in |   16|  ap_memory |     x_24     |     array    |
|x_25_address0         | out |    4|  ap_memory |     x_25     |     array    |
|x_25_ce0              | out |    1|  ap_memory |     x_25     |     array    |
|x_25_q0               |  in |   16|  ap_memory |     x_25     |     array    |
|x_26_address0         | out |    4|  ap_memory |     x_26     |     array    |
|x_26_ce0              | out |    1|  ap_memory |     x_26     |     array    |
|x_26_q0               |  in |   16|  ap_memory |     x_26     |     array    |
|x_27_address0         | out |    4|  ap_memory |     x_27     |     array    |
|x_27_ce0              | out |    1|  ap_memory |     x_27     |     array    |
|x_27_q0               |  in |   16|  ap_memory |     x_27     |     array    |
|x_28_address0         | out |    4|  ap_memory |     x_28     |     array    |
|x_28_ce0              | out |    1|  ap_memory |     x_28     |     array    |
|x_28_q0               |  in |   16|  ap_memory |     x_28     |     array    |
|x_29_address0         | out |    4|  ap_memory |     x_29     |     array    |
|x_29_ce0              | out |    1|  ap_memory |     x_29     |     array    |
|x_29_q0               |  in |   16|  ap_memory |     x_29     |     array    |
|x_30_address0         | out |    4|  ap_memory |     x_30     |     array    |
|x_30_ce0              | out |    1|  ap_memory |     x_30     |     array    |
|x_30_q0               |  in |   16|  ap_memory |     x_30     |     array    |
|x_31_address0         | out |    4|  ap_memory |     x_31     |     array    |
|x_31_ce0              | out |    1|  ap_memory |     x_31     |     array    |
|x_31_q0               |  in |   16|  ap_memory |     x_31     |     array    |
|x_32_address0         | out |    4|  ap_memory |     x_32     |     array    |
|x_32_ce0              | out |    1|  ap_memory |     x_32     |     array    |
|x_32_q0               |  in |   16|  ap_memory |     x_32     |     array    |
|x_33_address0         | out |    4|  ap_memory |     x_33     |     array    |
|x_33_ce0              | out |    1|  ap_memory |     x_33     |     array    |
|x_33_q0               |  in |   16|  ap_memory |     x_33     |     array    |
|x_34_address0         | out |    4|  ap_memory |     x_34     |     array    |
|x_34_ce0              | out |    1|  ap_memory |     x_34     |     array    |
|x_34_q0               |  in |   16|  ap_memory |     x_34     |     array    |
|x_35_address0         | out |    4|  ap_memory |     x_35     |     array    |
|x_35_ce0              | out |    1|  ap_memory |     x_35     |     array    |
|x_35_q0               |  in |   16|  ap_memory |     x_35     |     array    |
|x_36_address0         | out |    4|  ap_memory |     x_36     |     array    |
|x_36_ce0              | out |    1|  ap_memory |     x_36     |     array    |
|x_36_q0               |  in |   16|  ap_memory |     x_36     |     array    |
|x_37_address0         | out |    4|  ap_memory |     x_37     |     array    |
|x_37_ce0              | out |    1|  ap_memory |     x_37     |     array    |
|x_37_q0               |  in |   16|  ap_memory |     x_37     |     array    |
|x_38_address0         | out |    4|  ap_memory |     x_38     |     array    |
|x_38_ce0              | out |    1|  ap_memory |     x_38     |     array    |
|x_38_q0               |  in |   16|  ap_memory |     x_38     |     array    |
|x_39_address0         | out |    4|  ap_memory |     x_39     |     array    |
|x_39_ce0              | out |    1|  ap_memory |     x_39     |     array    |
|x_39_q0               |  in |   16|  ap_memory |     x_39     |     array    |
|x_40_address0         | out |    4|  ap_memory |     x_40     |     array    |
|x_40_ce0              | out |    1|  ap_memory |     x_40     |     array    |
|x_40_q0               |  in |   16|  ap_memory |     x_40     |     array    |
|x_41_address0         | out |    4|  ap_memory |     x_41     |     array    |
|x_41_ce0              | out |    1|  ap_memory |     x_41     |     array    |
|x_41_q0               |  in |   16|  ap_memory |     x_41     |     array    |
|x_42_address0         | out |    4|  ap_memory |     x_42     |     array    |
|x_42_ce0              | out |    1|  ap_memory |     x_42     |     array    |
|x_42_q0               |  in |   16|  ap_memory |     x_42     |     array    |
|x_43_address0         | out |    4|  ap_memory |     x_43     |     array    |
|x_43_ce0              | out |    1|  ap_memory |     x_43     |     array    |
|x_43_q0               |  in |   16|  ap_memory |     x_43     |     array    |
|x_44_address0         | out |    4|  ap_memory |     x_44     |     array    |
|x_44_ce0              | out |    1|  ap_memory |     x_44     |     array    |
|x_44_q0               |  in |   16|  ap_memory |     x_44     |     array    |
|x_45_address0         | out |    4|  ap_memory |     x_45     |     array    |
|x_45_ce0              | out |    1|  ap_memory |     x_45     |     array    |
|x_45_q0               |  in |   16|  ap_memory |     x_45     |     array    |
|x_46_address0         | out |    4|  ap_memory |     x_46     |     array    |
|x_46_ce0              | out |    1|  ap_memory |     x_46     |     array    |
|x_46_q0               |  in |   16|  ap_memory |     x_46     |     array    |
|x_47_address0         | out |    4|  ap_memory |     x_47     |     array    |
|x_47_ce0              | out |    1|  ap_memory |     x_47     |     array    |
|x_47_q0               |  in |   16|  ap_memory |     x_47     |     array    |
|x_48_address0         | out |    4|  ap_memory |     x_48     |     array    |
|x_48_ce0              | out |    1|  ap_memory |     x_48     |     array    |
|x_48_q0               |  in |   16|  ap_memory |     x_48     |     array    |
|x_49_address0         | out |    4|  ap_memory |     x_49     |     array    |
|x_49_ce0              | out |    1|  ap_memory |     x_49     |     array    |
|x_49_q0               |  in |   16|  ap_memory |     x_49     |     array    |
|x_50_address0         | out |    4|  ap_memory |     x_50     |     array    |
|x_50_ce0              | out |    1|  ap_memory |     x_50     |     array    |
|x_50_q0               |  in |   16|  ap_memory |     x_50     |     array    |
|x_51_address0         | out |    4|  ap_memory |     x_51     |     array    |
|x_51_ce0              | out |    1|  ap_memory |     x_51     |     array    |
|x_51_q0               |  in |   16|  ap_memory |     x_51     |     array    |
|x_52_address0         | out |    4|  ap_memory |     x_52     |     array    |
|x_52_ce0              | out |    1|  ap_memory |     x_52     |     array    |
|x_52_q0               |  in |   16|  ap_memory |     x_52     |     array    |
|x_53_address0         | out |    4|  ap_memory |     x_53     |     array    |
|x_53_ce0              | out |    1|  ap_memory |     x_53     |     array    |
|x_53_q0               |  in |   16|  ap_memory |     x_53     |     array    |
|x_54_address0         | out |    4|  ap_memory |     x_54     |     array    |
|x_54_ce0              | out |    1|  ap_memory |     x_54     |     array    |
|x_54_q0               |  in |   16|  ap_memory |     x_54     |     array    |
|x_55_address0         | out |    4|  ap_memory |     x_55     |     array    |
|x_55_ce0              | out |    1|  ap_memory |     x_55     |     array    |
|x_55_q0               |  in |   16|  ap_memory |     x_55     |     array    |
|x_56_address0         | out |    4|  ap_memory |     x_56     |     array    |
|x_56_ce0              | out |    1|  ap_memory |     x_56     |     array    |
|x_56_q0               |  in |   16|  ap_memory |     x_56     |     array    |
|x_57_address0         | out |    4|  ap_memory |     x_57     |     array    |
|x_57_ce0              | out |    1|  ap_memory |     x_57     |     array    |
|x_57_q0               |  in |   16|  ap_memory |     x_57     |     array    |
|x_58_address0         | out |    4|  ap_memory |     x_58     |     array    |
|x_58_ce0              | out |    1|  ap_memory |     x_58     |     array    |
|x_58_q0               |  in |   16|  ap_memory |     x_58     |     array    |
|x_59_address0         | out |    4|  ap_memory |     x_59     |     array    |
|x_59_ce0              | out |    1|  ap_memory |     x_59     |     array    |
|x_59_q0               |  in |   16|  ap_memory |     x_59     |     array    |
|x_60_address0         | out |    4|  ap_memory |     x_60     |     array    |
|x_60_ce0              | out |    1|  ap_memory |     x_60     |     array    |
|x_60_q0               |  in |   16|  ap_memory |     x_60     |     array    |
|x_61_address0         | out |    4|  ap_memory |     x_61     |     array    |
|x_61_ce0              | out |    1|  ap_memory |     x_61     |     array    |
|x_61_q0               |  in |   16|  ap_memory |     x_61     |     array    |
|x_62_address0         | out |    4|  ap_memory |     x_62     |     array    |
|x_62_ce0              | out |    1|  ap_memory |     x_62     |     array    |
|x_62_q0               |  in |   16|  ap_memory |     x_62     |     array    |
|x_63_address0         | out |    4|  ap_memory |     x_63     |     array    |
|x_63_ce0              | out |    1|  ap_memory |     x_63     |     array    |
|x_63_q0               |  in |   16|  ap_memory |     x_63     |     array    |
|y_0_address0          | out |    4|  ap_memory |      y_0     |     array    |
|y_0_ce0               | out |    1|  ap_memory |      y_0     |     array    |
|y_0_q0                |  in |   16|  ap_memory |      y_0     |     array    |
|y_1_address0          | out |    4|  ap_memory |      y_1     |     array    |
|y_1_ce0               | out |    1|  ap_memory |      y_1     |     array    |
|y_1_q0                |  in |   16|  ap_memory |      y_1     |     array    |
|y_2_address0          | out |    4|  ap_memory |      y_2     |     array    |
|y_2_ce0               | out |    1|  ap_memory |      y_2     |     array    |
|y_2_q0                |  in |   16|  ap_memory |      y_2     |     array    |
|y_3_address0          | out |    4|  ap_memory |      y_3     |     array    |
|y_3_ce0               | out |    1|  ap_memory |      y_3     |     array    |
|y_3_q0                |  in |   16|  ap_memory |      y_3     |     array    |
|y_4_address0          | out |    4|  ap_memory |      y_4     |     array    |
|y_4_ce0               | out |    1|  ap_memory |      y_4     |     array    |
|y_4_q0                |  in |   16|  ap_memory |      y_4     |     array    |
|y_5_address0          | out |    4|  ap_memory |      y_5     |     array    |
|y_5_ce0               | out |    1|  ap_memory |      y_5     |     array    |
|y_5_q0                |  in |   16|  ap_memory |      y_5     |     array    |
|y_6_address0          | out |    4|  ap_memory |      y_6     |     array    |
|y_6_ce0               | out |    1|  ap_memory |      y_6     |     array    |
|y_6_q0                |  in |   16|  ap_memory |      y_6     |     array    |
|y_7_address0          | out |    4|  ap_memory |      y_7     |     array    |
|y_7_ce0               | out |    1|  ap_memory |      y_7     |     array    |
|y_7_q0                |  in |   16|  ap_memory |      y_7     |     array    |
|y_8_address0          | out |    4|  ap_memory |      y_8     |     array    |
|y_8_ce0               | out |    1|  ap_memory |      y_8     |     array    |
|y_8_q0                |  in |   16|  ap_memory |      y_8     |     array    |
|y_9_address0          | out |    4|  ap_memory |      y_9     |     array    |
|y_9_ce0               | out |    1|  ap_memory |      y_9     |     array    |
|y_9_q0                |  in |   16|  ap_memory |      y_9     |     array    |
|y_10_address0         | out |    4|  ap_memory |     y_10     |     array    |
|y_10_ce0              | out |    1|  ap_memory |     y_10     |     array    |
|y_10_q0               |  in |   16|  ap_memory |     y_10     |     array    |
|y_11_address0         | out |    4|  ap_memory |     y_11     |     array    |
|y_11_ce0              | out |    1|  ap_memory |     y_11     |     array    |
|y_11_q0               |  in |   16|  ap_memory |     y_11     |     array    |
|y_12_address0         | out |    4|  ap_memory |     y_12     |     array    |
|y_12_ce0              | out |    1|  ap_memory |     y_12     |     array    |
|y_12_q0               |  in |   16|  ap_memory |     y_12     |     array    |
|y_13_address0         | out |    4|  ap_memory |     y_13     |     array    |
|y_13_ce0              | out |    1|  ap_memory |     y_13     |     array    |
|y_13_q0               |  in |   16|  ap_memory |     y_13     |     array    |
|y_14_address0         | out |    4|  ap_memory |     y_14     |     array    |
|y_14_ce0              | out |    1|  ap_memory |     y_14     |     array    |
|y_14_q0               |  in |   16|  ap_memory |     y_14     |     array    |
|y_15_address0         | out |    4|  ap_memory |     y_15     |     array    |
|y_15_ce0              | out |    1|  ap_memory |     y_15     |     array    |
|y_15_q0               |  in |   16|  ap_memory |     y_15     |     array    |
|y_16_address0         | out |    4|  ap_memory |     y_16     |     array    |
|y_16_ce0              | out |    1|  ap_memory |     y_16     |     array    |
|y_16_q0               |  in |   16|  ap_memory |     y_16     |     array    |
|y_17_address0         | out |    4|  ap_memory |     y_17     |     array    |
|y_17_ce0              | out |    1|  ap_memory |     y_17     |     array    |
|y_17_q0               |  in |   16|  ap_memory |     y_17     |     array    |
|y_18_address0         | out |    4|  ap_memory |     y_18     |     array    |
|y_18_ce0              | out |    1|  ap_memory |     y_18     |     array    |
|y_18_q0               |  in |   16|  ap_memory |     y_18     |     array    |
|y_19_address0         | out |    4|  ap_memory |     y_19     |     array    |
|y_19_ce0              | out |    1|  ap_memory |     y_19     |     array    |
|y_19_q0               |  in |   16|  ap_memory |     y_19     |     array    |
|y_20_address0         | out |    4|  ap_memory |     y_20     |     array    |
|y_20_ce0              | out |    1|  ap_memory |     y_20     |     array    |
|y_20_q0               |  in |   16|  ap_memory |     y_20     |     array    |
|y_21_address0         | out |    4|  ap_memory |     y_21     |     array    |
|y_21_ce0              | out |    1|  ap_memory |     y_21     |     array    |
|y_21_q0               |  in |   16|  ap_memory |     y_21     |     array    |
|y_22_address0         | out |    4|  ap_memory |     y_22     |     array    |
|y_22_ce0              | out |    1|  ap_memory |     y_22     |     array    |
|y_22_q0               |  in |   16|  ap_memory |     y_22     |     array    |
|y_23_address0         | out |    4|  ap_memory |     y_23     |     array    |
|y_23_ce0              | out |    1|  ap_memory |     y_23     |     array    |
|y_23_q0               |  in |   16|  ap_memory |     y_23     |     array    |
|y_24_address0         | out |    4|  ap_memory |     y_24     |     array    |
|y_24_ce0              | out |    1|  ap_memory |     y_24     |     array    |
|y_24_q0               |  in |   16|  ap_memory |     y_24     |     array    |
|y_25_address0         | out |    4|  ap_memory |     y_25     |     array    |
|y_25_ce0              | out |    1|  ap_memory |     y_25     |     array    |
|y_25_q0               |  in |   16|  ap_memory |     y_25     |     array    |
|y_26_address0         | out |    4|  ap_memory |     y_26     |     array    |
|y_26_ce0              | out |    1|  ap_memory |     y_26     |     array    |
|y_26_q0               |  in |   16|  ap_memory |     y_26     |     array    |
|y_27_address0         | out |    4|  ap_memory |     y_27     |     array    |
|y_27_ce0              | out |    1|  ap_memory |     y_27     |     array    |
|y_27_q0               |  in |   16|  ap_memory |     y_27     |     array    |
|y_28_address0         | out |    4|  ap_memory |     y_28     |     array    |
|y_28_ce0              | out |    1|  ap_memory |     y_28     |     array    |
|y_28_q0               |  in |   16|  ap_memory |     y_28     |     array    |
|y_29_address0         | out |    4|  ap_memory |     y_29     |     array    |
|y_29_ce0              | out |    1|  ap_memory |     y_29     |     array    |
|y_29_q0               |  in |   16|  ap_memory |     y_29     |     array    |
|y_30_address0         | out |    4|  ap_memory |     y_30     |     array    |
|y_30_ce0              | out |    1|  ap_memory |     y_30     |     array    |
|y_30_q0               |  in |   16|  ap_memory |     y_30     |     array    |
|y_31_address0         | out |    4|  ap_memory |     y_31     |     array    |
|y_31_ce0              | out |    1|  ap_memory |     y_31     |     array    |
|y_31_q0               |  in |   16|  ap_memory |     y_31     |     array    |
|y_32_address0         | out |    4|  ap_memory |     y_32     |     array    |
|y_32_ce0              | out |    1|  ap_memory |     y_32     |     array    |
|y_32_q0               |  in |   16|  ap_memory |     y_32     |     array    |
|y_33_address0         | out |    4|  ap_memory |     y_33     |     array    |
|y_33_ce0              | out |    1|  ap_memory |     y_33     |     array    |
|y_33_q0               |  in |   16|  ap_memory |     y_33     |     array    |
|y_34_address0         | out |    4|  ap_memory |     y_34     |     array    |
|y_34_ce0              | out |    1|  ap_memory |     y_34     |     array    |
|y_34_q0               |  in |   16|  ap_memory |     y_34     |     array    |
|y_35_address0         | out |    4|  ap_memory |     y_35     |     array    |
|y_35_ce0              | out |    1|  ap_memory |     y_35     |     array    |
|y_35_q0               |  in |   16|  ap_memory |     y_35     |     array    |
|y_36_address0         | out |    4|  ap_memory |     y_36     |     array    |
|y_36_ce0              | out |    1|  ap_memory |     y_36     |     array    |
|y_36_q0               |  in |   16|  ap_memory |     y_36     |     array    |
|y_37_address0         | out |    4|  ap_memory |     y_37     |     array    |
|y_37_ce0              | out |    1|  ap_memory |     y_37     |     array    |
|y_37_q0               |  in |   16|  ap_memory |     y_37     |     array    |
|y_38_address0         | out |    4|  ap_memory |     y_38     |     array    |
|y_38_ce0              | out |    1|  ap_memory |     y_38     |     array    |
|y_38_q0               |  in |   16|  ap_memory |     y_38     |     array    |
|y_39_address0         | out |    4|  ap_memory |     y_39     |     array    |
|y_39_ce0              | out |    1|  ap_memory |     y_39     |     array    |
|y_39_q0               |  in |   16|  ap_memory |     y_39     |     array    |
|y_40_address0         | out |    4|  ap_memory |     y_40     |     array    |
|y_40_ce0              | out |    1|  ap_memory |     y_40     |     array    |
|y_40_q0               |  in |   16|  ap_memory |     y_40     |     array    |
|y_41_address0         | out |    4|  ap_memory |     y_41     |     array    |
|y_41_ce0              | out |    1|  ap_memory |     y_41     |     array    |
|y_41_q0               |  in |   16|  ap_memory |     y_41     |     array    |
|y_42_address0         | out |    4|  ap_memory |     y_42     |     array    |
|y_42_ce0              | out |    1|  ap_memory |     y_42     |     array    |
|y_42_q0               |  in |   16|  ap_memory |     y_42     |     array    |
|y_43_address0         | out |    4|  ap_memory |     y_43     |     array    |
|y_43_ce0              | out |    1|  ap_memory |     y_43     |     array    |
|y_43_q0               |  in |   16|  ap_memory |     y_43     |     array    |
|y_44_address0         | out |    4|  ap_memory |     y_44     |     array    |
|y_44_ce0              | out |    1|  ap_memory |     y_44     |     array    |
|y_44_q0               |  in |   16|  ap_memory |     y_44     |     array    |
|y_45_address0         | out |    4|  ap_memory |     y_45     |     array    |
|y_45_ce0              | out |    1|  ap_memory |     y_45     |     array    |
|y_45_q0               |  in |   16|  ap_memory |     y_45     |     array    |
|y_46_address0         | out |    4|  ap_memory |     y_46     |     array    |
|y_46_ce0              | out |    1|  ap_memory |     y_46     |     array    |
|y_46_q0               |  in |   16|  ap_memory |     y_46     |     array    |
|y_47_address0         | out |    4|  ap_memory |     y_47     |     array    |
|y_47_ce0              | out |    1|  ap_memory |     y_47     |     array    |
|y_47_q0               |  in |   16|  ap_memory |     y_47     |     array    |
|y_48_address0         | out |    4|  ap_memory |     y_48     |     array    |
|y_48_ce0              | out |    1|  ap_memory |     y_48     |     array    |
|y_48_q0               |  in |   16|  ap_memory |     y_48     |     array    |
|y_49_address0         | out |    4|  ap_memory |     y_49     |     array    |
|y_49_ce0              | out |    1|  ap_memory |     y_49     |     array    |
|y_49_q0               |  in |   16|  ap_memory |     y_49     |     array    |
|y_50_address0         | out |    4|  ap_memory |     y_50     |     array    |
|y_50_ce0              | out |    1|  ap_memory |     y_50     |     array    |
|y_50_q0               |  in |   16|  ap_memory |     y_50     |     array    |
|y_51_address0         | out |    4|  ap_memory |     y_51     |     array    |
|y_51_ce0              | out |    1|  ap_memory |     y_51     |     array    |
|y_51_q0               |  in |   16|  ap_memory |     y_51     |     array    |
|y_52_address0         | out |    4|  ap_memory |     y_52     |     array    |
|y_52_ce0              | out |    1|  ap_memory |     y_52     |     array    |
|y_52_q0               |  in |   16|  ap_memory |     y_52     |     array    |
|y_53_address0         | out |    4|  ap_memory |     y_53     |     array    |
|y_53_ce0              | out |    1|  ap_memory |     y_53     |     array    |
|y_53_q0               |  in |   16|  ap_memory |     y_53     |     array    |
|y_54_address0         | out |    4|  ap_memory |     y_54     |     array    |
|y_54_ce0              | out |    1|  ap_memory |     y_54     |     array    |
|y_54_q0               |  in |   16|  ap_memory |     y_54     |     array    |
|y_55_address0         | out |    4|  ap_memory |     y_55     |     array    |
|y_55_ce0              | out |    1|  ap_memory |     y_55     |     array    |
|y_55_q0               |  in |   16|  ap_memory |     y_55     |     array    |
|y_56_address0         | out |    4|  ap_memory |     y_56     |     array    |
|y_56_ce0              | out |    1|  ap_memory |     y_56     |     array    |
|y_56_q0               |  in |   16|  ap_memory |     y_56     |     array    |
|y_57_address0         | out |    4|  ap_memory |     y_57     |     array    |
|y_57_ce0              | out |    1|  ap_memory |     y_57     |     array    |
|y_57_q0               |  in |   16|  ap_memory |     y_57     |     array    |
|y_58_address0         | out |    4|  ap_memory |     y_58     |     array    |
|y_58_ce0              | out |    1|  ap_memory |     y_58     |     array    |
|y_58_q0               |  in |   16|  ap_memory |     y_58     |     array    |
|y_59_address0         | out |    4|  ap_memory |     y_59     |     array    |
|y_59_ce0              | out |    1|  ap_memory |     y_59     |     array    |
|y_59_q0               |  in |   16|  ap_memory |     y_59     |     array    |
|y_60_address0         | out |    4|  ap_memory |     y_60     |     array    |
|y_60_ce0              | out |    1|  ap_memory |     y_60     |     array    |
|y_60_q0               |  in |   16|  ap_memory |     y_60     |     array    |
|y_61_address0         | out |    4|  ap_memory |     y_61     |     array    |
|y_61_ce0              | out |    1|  ap_memory |     y_61     |     array    |
|y_61_q0               |  in |   16|  ap_memory |     y_61     |     array    |
|y_62_address0         | out |    4|  ap_memory |     y_62     |     array    |
|y_62_ce0              | out |    1|  ap_memory |     y_62     |     array    |
|y_62_q0               |  in |   16|  ap_memory |     y_62     |     array    |
|y_63_address0         | out |    4|  ap_memory |     y_63     |     array    |
|y_63_ce0              | out |    1|  ap_memory |     y_63     |     array    |
|y_63_q0               |  in |   16|  ap_memory |     y_63     |     array    |
|sum_array_0_address0  | out |    3|  ap_memory |  sum_array_0 |     array    |
|sum_array_0_ce0       | out |    1|  ap_memory |  sum_array_0 |     array    |
|sum_array_0_we0       | out |    1|  ap_memory |  sum_array_0 |     array    |
|sum_array_0_d0        | out |   32|  ap_memory |  sum_array_0 |     array    |
|sum_array_1_address0  | out |    3|  ap_memory |  sum_array_1 |     array    |
|sum_array_1_ce0       | out |    1|  ap_memory |  sum_array_1 |     array    |
|sum_array_1_we0       | out |    1|  ap_memory |  sum_array_1 |     array    |
|sum_array_1_d0        | out |   32|  ap_memory |  sum_array_1 |     array    |
+----------------------+-----+-----+------------+--------------+--------------+

