

================================================================
== Vivado HLS Report for 'knn'
================================================================
* Date:           Sat Aug 22 17:17:48 2020

* Version:        2019.2 (Build 2704478 on Wed Nov 06 22:10:23 MST 2019)
* Project:        knn
* Solution:       solution1
* Product family: zynq
* Target device:  xc7z020-clg484-1


================================================================
== Performance Estimates
================================================================
+ Timing: 
    * Summary: 
    +--------+----------+----------+------------+
    |  Clock |  Target  | Estimated| Uncertainty|
    +--------+----------+----------+------------+
    |ap_clk  | 10.00 ns | 8.623 ns |   1.25 ns  |
    +--------+----------+----------+------------+

+ Latency: 
    * Summary: 
    +---------+---------+-----------+-----------+------+------+---------+
    |  Latency (cycles) |   Latency (absolute)  |   Interval  | Pipeline|
    |   min   |   max   |    min    |    max    |  min |  max |   Type  |
    +---------+---------+-----------+-----------+------+------+---------+
    |     9562|     9562| 95.620 us | 95.620 us |  9562|  9562|   none  |
    +---------+---------+-----------+-----------+------+------+---------+

    + Detail: 
        * Instance: 
        +-----------------------+------------+---------+---------+-----------+-----------+-----+-----+---------+
        |                       |            |  Latency (cycles) |   Latency (absolute)  |  Interval | Pipeline|
        |        Instance       |   Module   |   min   |   max   |    min    |    max    | min | max |   Type  |
        +-----------------------+------------+---------+---------+-----------+-----------+-----+-----+---------+
        |grp_updateBest_fu_265  |updateBest  |        9|        9| 90.000 ns | 90.000 ns |    9|    9|   none  |
        +-----------------------+------------+---------+---------+-----------+-----------+-----+-----+---------+

        * Loop: 
        +-------------+---------+---------+----------+-----------+-----------+------+----------+
        |             |  Latency (cycles) | Iteration|  Initiation Interval  | Trip |          |
        |  Loop Name  |   min   |   max   |  Latency |  achieved |   target  | Count| Pipelined|
        +-------------+---------+---------+----------+-----------+-----------+------+----------+
        |- Loop 1     |        3|        3|         1|          -|          -|     3|    no    |
        |- Loop 2     |     9552|     9552|      1194|          -|          -|     8|    no    |
        | + Loop 2.1  |     1152|     1152|        18|          -|          -|    64|    no    |
        +-------------+---------+---------+----------+-----------+-----------+------+----------+



================================================================
== Utilization Estimates
================================================================
* Summary: 
+-----------------+---------+-------+--------+-------+-----+
|       Name      | BRAM_18K| DSP48E|   FF   |  LUT  | URAM|
+-----------------+---------+-------+--------+-------+-----+
|DSP              |        -|      -|       -|      -|    -|
|Expression       |        -|      -|       0|    377|    -|
|FIFO             |        -|      -|       -|      -|    -|
|Instance         |        -|     14|    3171|   5791|    -|
|Memory           |        -|      -|       -|      -|    -|
|Multiplexer      |        -|      -|       -|    441|    -|
|Register         |        -|      -|     706|      -|    -|
+-----------------+---------+-------+--------+-------+-----+
|Total            |        0|     14|    3877|   6609|    0|
+-----------------+---------+-------+--------+-------+-----+
|Available        |      280|    220|  106400|  53200|    0|
+-----------------+---------+-------+--------+-------+-----+
|Utilization (%)  |        0|      6|       3|     12|    0|
+-----------------+---------+-------+--------+-------+-----+

+ Detail: 
    * Instance: 
    +--------------------------+----------------------+---------+-------+------+------+-----+
    |         Instance         |        Module        | BRAM_18K| DSP48E|  FF  |  LUT | URAM|
    +--------------------------+----------------------+---------+-------+------+------+-----+
    |knn_dadddsub_64nscud_U26  |knn_dadddsub_64nscud  |        0|      3|   445|  1149|    0|
    |knn_dcmp_64ns_64nbkb_U28  |knn_dcmp_64ns_64nbkb  |        0|      0|   130|   469|    0|
    |knn_dmul_64ns_64ndEe_U27  |knn_dmul_64ns_64ndEe  |        0|     11|   317|   578|    0|
    |knn_dsqrt_64ns_64eOg_U29  |knn_dsqrt_64ns_64eOg  |        0|      0|  1832|  2180|    0|
    |knn_mux_32_8_1_1_U33      |knn_mux_32_8_1_1      |        0|      0|     0|    15|    0|
    |knn_mux_42_1_1_1_U30      |knn_mux_42_1_1_1      |        0|      0|     0|    15|    0|
    |knn_mux_42_1_1_1_U31      |knn_mux_42_1_1_1      |        0|      0|     0|    15|    0|
    |knn_mux_42_1_1_1_U32      |knn_mux_42_1_1_1      |        0|      0|     0|    15|    0|
    |grp_updateBest_fu_265     |updateBest            |        0|      0|   447|  1355|    0|
    +--------------------------+----------------------+---------+-------+------+------+-----+
    |Total                     |                      |        0|     14|  3171|  5791|    0|
    +--------------------------+----------------------+---------+-------+------+------+-----+

    * DSP48E: 
    N/A

    * Memory: 
    N/A

    * FIFO: 
    N/A

    * Expression: 
    +--------------------------+----------+-------+---+----+------------+------------+
    |       Variable Name      | Operation| DSP48E| FF| LUT| Bitwidth P0| Bitwidth P1|
    +--------------------------+----------+-------+---+----+------------+------------+
    |add_ln71_fu_427_p2        |     +    |      0|  0|  13|          11|          11|
    |i_1_fu_324_p2             |     +    |      0|  0|  10|           2|           1|
    |i_fu_378_p2               |     +    |      0|  0|  13|           4|           1|
    |j_fu_412_p2               |     +    |      0|  0|  15|           7|           1|
    |and_ln145_1_fu_539_p2     |    and   |      0|  0|   2|           1|           1|
    |and_ln145_fu_533_p2       |    and   |      0|  0|   2|           1|           1|
    |and_ln148_1_fu_629_p2     |    and   |      0|  0|   2|           1|           1|
    |and_ln148_fu_623_p2       |    and   |      0|  0|   2|           1|           1|
    |icmp_ln113_fu_318_p2      |   icmp   |      0|  0|   8|           2|           2|
    |icmp_ln145_1_fu_503_p2    |   icmp   |      0|  0|  29|          52|           1|
    |icmp_ln145_2_fu_515_p2    |   icmp   |      0|  0|  13|          11|           2|
    |icmp_ln145_3_fu_521_p2    |   icmp   |      0|  0|  29|          52|           1|
    |icmp_ln145_fu_497_p2      |   icmp   |      0|  0|  13|          11|           2|
    |icmp_ln148_1_fu_577_p2    |   icmp   |      0|  0|  29|          52|           1|
    |icmp_ln148_2_fu_605_p2    |   icmp   |      0|  0|  13|          11|           2|
    |icmp_ln148_3_fu_611_p2    |   icmp   |      0|  0|  29|          52|           1|
    |icmp_ln148_fu_571_p2      |   icmp   |      0|  0|  13|          11|           2|
    |icmp_ln152_fu_654_p2      |   icmp   |      0|  0|  11|           8|           8|
    |icmp_ln154_fu_660_p2      |   icmp   |      0|  0|  11|           8|           8|
    |icmp_ln156_fu_400_p2      |   icmp   |      0|  0|  11|           8|           8|
    |icmp_ln66_fu_372_p2       |   icmp   |      0|  0|  11|           4|           5|
    |icmp_ln70_fu_406_p2       |   icmp   |      0|  0|  11|           7|           8|
    |or_ln145_1_fu_527_p2      |    or    |      0|  0|   2|           1|           1|
    |or_ln145_fu_509_p2        |    or    |      0|  0|   2|           1|           1|
    |or_ln148_1_fu_601_p2      |    or    |      0|  0|   2|           1|           1|
    |or_ln148_2_fu_617_p2      |    or    |      0|  0|   2|           1|           1|
    |or_ln148_fu_642_p2        |    or    |      0|  0|   2|           1|           1|
    |or_ln154_fu_676_p2        |    or    |      0|  0|   2|           1|           1|
    |c1_2_fu_697_p4            |  select  |      0|  0|   2|           1|           1|
    |mindist_1_fu_545_p3       |  select  |      0|  0|  64|           1|          64|
    |select_ln108_1_fu_646_p3  |  select  |      0|  0|   2|           1|           2|
    |select_ln108_2_fu_682_p3  |  select  |      0|  0|   2|           1|           2|
    |select_ln108_fu_635_p3    |  select  |      0|  0|   3|           1|           3|
    |xor_ln108_fu_666_p2       |    xor   |      0|  0|   2|           1|           2|
    +--------------------------+----------+-------+---+----+------------+------------+
    |Total                     |          |      0|  0| 377|         329|         149|
    +--------------------------+----------+-------+---+----+------------+------------+

    * Multiplexer: 
    +-------------------------+-----+-----------+-----+-----------+
    |           Name          | LUT | Input Size| Bits| Total Bits|
    +-------------------------+-----+-----------+-----+-----------+
    |ap_NS_fsm                |  249|         58|    1|         58|
    |c1_reg_183               |    9|          2|    8|         16|
    |c2_reg_171               |    9|          2|    8|         16|
    |c3_reg_159               |    9|          2|    8|         16|
    |d2_reg_207               |    9|          2|   64|        128|
    |d3_reg_195               |    9|          2|   64|        128|
    |distance_0_reg_242       |    9|          2|   64|        128|
    |grp_fu_295_opcode        |   15|          3|    2|          6|
    |grp_fu_295_p0            |   15|          3|   64|        192|
    |grp_fu_295_p1            |   15|          3|   64|        192|
    |grp_fu_304_p0            |   15|          3|   64|        192|
    |grp_fu_304_p1            |   15|          3|   64|        192|
    |i_0_i_reg_148            |    9|          2|    2|          4|
    |i_0_reg_231              |    9|          2|    4|          8|
    |j_0_reg_254              |    9|          2|    7|         14|
    |mindist_reg_219          |    9|          2|   64|        128|
    |write_flag4_0_i_reg_126  |    9|          2|    1|          2|
    |write_flag8_0_i_reg_115  |    9|          2|    1|          2|
    |write_flag_0_i_reg_137   |    9|          2|    1|          2|
    +-------------------------+-----+-----------+-----+-----------+
    |Total                    |  441|         99|  555|       1424|
    +-------------------------+-----+-----------+-----+-----------+

    * Register: 
    +------------------------------------+----+----+-----+-----------+
    |                Name                | FF | LUT| Bits| Const Bits|
    +------------------------------------+----+----+-----+-----------+
    |and_ln145_1_reg_844                 |   1|   0|    1|          0|
    |and_ln148_1_reg_865                 |   1|   0|    1|          0|
    |ap_CS_fsm                           |  57|   0|   57|          0|
    |c1_reg_183                          |   8|   0|    8|          0|
    |c2_reg_171                          |   8|   0|    8|          0|
    |c3_reg_159                          |   8|   0|    8|          0|
    |d2_reg_207                          |  64|   0|   64|          0|
    |d3_reg_195                          |  64|   0|   64|          0|
    |distance_0_reg_242                  |  64|   0|   64|          0|
    |distance_reg_809                    |  64|   0|   64|          0|
    |grp_updateBest_fu_265_ap_start_reg  |   1|   0|    1|          0|
    |i_0_i_reg_148                       |   2|   0|    2|          0|
    |i_0_reg_231                         |   4|   0|    4|          0|
    |i_reg_735                           |   4|   0|    4|          0|
    |icmp_ln148_1_reg_860                |   1|   0|    1|          0|
    |icmp_ln148_reg_855                  |   1|   0|    1|          0|
    |icmp_ln156_reg_750                  |   1|   0|    1|          0|
    |j_0_reg_254                         |   7|   0|    7|          0|
    |j_reg_758                           |   7|   0|    7|          0|
    |knownClasses_load_reg_804           |   8|   0|    8|          0|
    |knownFeatures_load_reg_783          |  64|   0|   64|          0|
    |mindist_reg_219                     |  64|   0|   64|          0|
    |tmp_2_reg_794                       |  64|   0|   64|          0|
    |tmp_reg_788                         |  64|   0|   64|          0|
    |write_flag4_0_i_reg_126             |   1|   0|    1|          0|
    |write_flag8_0_i_reg_115             |   1|   0|    1|          0|
    |write_flag_0_i_reg_137              |   1|   0|    1|          0|
    |xFeatures_load_reg_778              |  64|   0|   64|          0|
    |zext_ln70_reg_745                   |   4|   0|   11|          7|
    |zext_ln71_reg_740                   |   4|   0|   64|         60|
    +------------------------------------+----+----+-----+-----------+
    |Total                               | 706|   0|  773|         67|
    +------------------------------------+----+----+-----+-----------+



================================================================
== Interface
================================================================
* Summary: 
+------------------------+-----+-----+------------+---------------+--------------+
|        RTL Ports       | Dir | Bits|  Protocol  | Source Object |    C Type    |
+------------------------+-----+-----+------------+---------------+--------------+
|ap_clk                  |  in |    1| ap_ctrl_hs |      knn      | return value |
|ap_rst                  |  in |    1| ap_ctrl_hs |      knn      | return value |
|ap_start                |  in |    1| ap_ctrl_hs |      knn      | return value |
|ap_done                 | out |    1| ap_ctrl_hs |      knn      | return value |
|ap_idle                 | out |    1| ap_ctrl_hs |      knn      | return value |
|ap_ready                | out |    1| ap_ctrl_hs |      knn      | return value |
|ap_return               | out |    8| ap_ctrl_hs |      knn      | return value |
|xFeatures_address0      | out |    6|  ap_memory |   xFeatures   |     array    |
|xFeatures_ce0           | out |    1|  ap_memory |   xFeatures   |     array    |
|xFeatures_q0            |  in |   64|  ap_memory |   xFeatures   |     array    |
|knownFeatures_address0  | out |    9|  ap_memory | knownFeatures |     array    |
|knownFeatures_ce0       | out |    1|  ap_memory | knownFeatures |     array    |
|knownFeatures_q0        |  in |   64|  ap_memory | knownFeatures |     array    |
|knownClasses_address0   | out |    3|  ap_memory |  knownClasses |     array    |
|knownClasses_ce0        | out |    1|  ap_memory |  knownClasses |     array    |
|knownClasses_q0         |  in |    8|  ap_memory |  knownClasses |     array    |
+------------------------+-----+-----+------------+---------------+--------------+

