

================================================================
== Vivado HLS Report for 'epilogue'
================================================================
* Date:           Wed Jul 15 23:17:30 2020

* Version:        2019.2 (Build 2704478 on Wed Nov 06 22:10:23 MST 2019)
* Project:        dotprod
* Solution:       solution1
* Product family: zynq
* Target device:  xc7z020-clg484-1


================================================================
== Performance Estimates
================================================================
+ Timing: 
    * Summary: 
    +--------+----------+----------+------------+
    |  Clock |  Target  | Estimated| Uncertainty|
    +--------+----------+----------+------------+
    |ap_clk  | 10.00 ns | 9.400 ns |   1.25 ns  |
    +--------+----------+----------+------------+

+ Latency: 
    * Summary: 
    +---------+---------+----------+----------+-----+-----+---------+
    |  Latency (cycles) |  Latency (absolute) |  Interval | Pipeline|
    |   min   |   max   |    min   |    max   | min | max |   Type  |
    +---------+---------+----------+----------+-----+-----+---------+
    |       12|       12| 0.120 us | 0.120 us |   12|   12|   none  |
    +---------+---------+----------+----------+-----+-----+---------+

    + Detail: 
        * Instance: 
        N/A

        * Loop: 
        N/A



================================================================
== Utilization Estimates
================================================================
* Summary: 
+-----------------+---------+-------+--------+-------+-----+
|       Name      | BRAM_18K| DSP48E|   FF   |  LUT  | URAM|
+-----------------+---------+-------+--------+-------+-----+
|DSP              |        -|     16|       -|      -|    -|
|Expression       |        -|      -|       0|   6751|    -|
|FIFO             |        -|      -|       -|      -|    -|
|Instance         |        -|      -|       -|      -|    -|
|Memory           |        -|      -|       -|      -|    -|
|Multiplexer      |        -|      -|       -|   1762|    -|
|Register         |        -|      -|    5262|      -|    -|
+-----------------+---------+-------+--------+-------+-----+
|Total            |        0|     16|    5262|   8513|    0|
+-----------------+---------+-------+--------+-------+-----+
|Available        |      280|    220|  106400|  53200|    0|
+-----------------+---------+-------+--------+-------+-----+
|Utilization (%)  |        0|      7|       4|     16|    0|
+-----------------+---------+-------+--------+-------+-----+

+ Detail: 
    * Instance: 
    N/A

    * DSP48E: 
    +---------------------------+----------------------+--------------+
    |          Instance         |        Module        |  Expression  |
    +---------------------------+----------------------+--------------+
    |n4000_maxNodes_10bkb_U481  |n4000_maxNodes_10bkb  |    i0 * i1   |
    |n4000_maxNodes_10bkb_U482  |n4000_maxNodes_10bkb  |    i0 * i1   |
    |n4000_maxNodes_10bkb_U483  |n4000_maxNodes_10bkb  |    i0 * i1   |
    |n4000_maxNodes_10bkb_U484  |n4000_maxNodes_10bkb  |    i0 * i1   |
    |n4000_maxNodes_10bkb_U485  |n4000_maxNodes_10bkb  |    i0 * i1   |
    |n4000_maxNodes_10bkb_U486  |n4000_maxNodes_10bkb  |    i0 * i1   |
    |n4000_maxNodes_10bkb_U487  |n4000_maxNodes_10bkb  |    i0 * i1   |
    |n4000_maxNodes_10cud_U488  |n4000_maxNodes_10cud  | i0 + i1 * i2 |
    |n4000_maxNodes_10cud_U489  |n4000_maxNodes_10cud  | i0 + i1 * i2 |
    |n4000_maxNodes_10cud_U490  |n4000_maxNodes_10cud  | i0 + i1 * i2 |
    |n4000_maxNodes_10cud_U491  |n4000_maxNodes_10cud  | i0 + i1 * i2 |
    |n4000_maxNodes_10cud_U492  |n4000_maxNodes_10cud  | i0 + i1 * i2 |
    |n4000_maxNodes_10cud_U493  |n4000_maxNodes_10cud  | i0 + i1 * i2 |
    |n4000_maxNodes_10cud_U494  |n4000_maxNodes_10cud  | i0 + i1 * i2 |
    |n4000_maxNodes_10cud_U495  |n4000_maxNodes_10cud  | i0 + i1 * i2 |
    |n4000_maxNodes_10dEe_U496  |n4000_maxNodes_10dEe  | i0 + i1 * i2 |
    +---------------------------+----------------------+--------------+

    * Memory: 
    N/A

    * FIFO: 
    N/A

    * Expression: 
    +--------------------------+----------+-------+---+----+------------+------------+
    |       Variable Name      | Operation| DSP48E| FF| LUT| Bitwidth P0| Bitwidth P1|
    +--------------------------+----------+-------+---+----+------------+------------+
    |add_ln729_100_fu_4078_p2  |     +    |      0|  0|  32|          32|          32|
    |add_ln729_101_fu_4082_p2  |     +    |      0|  0|  32|          32|          32|
    |add_ln729_103_fu_4088_p2  |     +    |      0|  0|  32|          32|          32|
    |add_ln729_104_fu_4093_p2  |     +    |      0|  0|  32|          32|          32|
    |add_ln729_105_fu_4099_p2  |     +    |      0|  0|  39|          32|          32|
    |add_ln729_107_fu_4244_p2  |     +    |      0|  0|  32|          32|          32|
    |add_ln729_109_fu_3413_p2  |     +    |      0|  0|  39|          32|          32|
    |add_ln729_10_fu_3608_p2   |     +    |      0|  0|  32|          32|          32|
    |add_ln729_110_fu_3460_p2  |     +    |      0|  0|  32|          32|          32|
    |add_ln729_111_fu_4248_p2  |     +    |      0|  0|  32|          32|          32|
    |add_ln729_112_fu_4253_p2  |     +    |      0|  0|  32|          32|          32|
    |add_ln729_119_fu_3951_p2  |     +    |      0|  0|  32|          32|          32|
    |add_ln729_120_fu_3631_p2  |     +    |      0|  0|  39|          32|          32|
    |add_ln729_121_fu_3637_p2  |     +    |      0|  0|  39|          32|          32|
    |add_ln729_122_fu_3866_p2  |     +    |      0|  0|  32|          32|          32|
    |add_ln729_123_fu_3870_p2  |     +    |      0|  0|  32|          32|          32|
    |add_ln729_124_fu_3731_p2  |     +    |      0|  0|  32|          32|          32|
    |add_ln729_125_fu_3737_p2  |     +    |      0|  0|  32|          32|          32|
    |add_ln729_126_fu_3876_p2  |     +    |      0|  0|  32|          32|          32|
    |add_ln729_127_fu_3881_p2  |     +    |      0|  0|  32|          32|          32|
    |add_ln729_128_fu_3955_p2  |     +    |      0|  0|  32|          32|          32|
    |add_ln729_129_fu_4258_p2  |     +    |      0|  0|  32|          32|          32|
    |add_ln729_130_fu_4345_p2  |     +    |      0|  0|  32|          32|          32|
    |add_ln729_131_fu_4350_p2  |     +    |      0|  0|  32|          32|          32|
    |add_ln729_135_fu_4104_p2  |     +    |      0|  0|  32|          32|          32|
    |add_ln729_137_fu_4110_p2  |     +    |      0|  0|  32|          32|          32|
    |add_ln729_138_fu_4115_p2  |     +    |      0|  0|  32|          32|          32|
    |add_ln729_142_fu_3419_p2  |     +    |      0|  0|  32|          32|          32|
    |add_ln729_144_fu_3425_p2  |     +    |      0|  0|  32|          32|          32|
    |add_ln729_145_fu_4263_p2  |     +    |      0|  0|  32|          32|          32|
    |add_ln729_146_fu_4268_p2  |     +    |      0|  0|  32|          32|          32|
    |add_ln729_148_fu_3431_p2  |     +    |      0|  0|  39|          32|          32|
    |add_ln729_149_fu_3465_p2  |     +    |      0|  0|  32|          32|          32|
    |add_ln729_14_fu_3613_p2   |     +    |      0|  0|  32|          32|          32|
    |add_ln729_152_fu_3501_p2  |     +    |      0|  0|  32|          32|          32|
    |add_ln729_153_fu_3887_p2  |     +    |      0|  0|  32|          32|          32|
    |add_ln729_154_fu_3565_p2  |     +    |      0|  0|  39|          32|          32|
    |add_ln729_155_fu_3571_p2  |     +    |      0|  0|  39|          32|          32|
    |add_ln729_156_fu_3743_p2  |     +    |      0|  0|  32|          32|          32|
    |add_ln729_157_fu_3747_p2  |     +    |      0|  0|  32|          32|          32|
    |add_ln729_158_fu_3643_p2  |     +    |      0|  0|  32|          32|          32|
    |add_ln729_159_fu_3649_p2  |     +    |      0|  0|  32|          32|          32|
    |add_ln729_15_fu_3619_p2   |     +    |      0|  0|  32|          32|          32|
    |add_ln729_160_fu_3753_p2  |     +    |      0|  0|  32|          32|          32|
    |add_ln729_161_fu_3758_p2  |     +    |      0|  0|  32|          32|          32|
    |add_ln729_162_fu_3891_p2  |     +    |      0|  0|  32|          32|          32|
    |add_ln729_163_fu_4273_p2  |     +    |      0|  0|  32|          32|          32|
    |add_ln729_167_fu_3960_p2  |     +    |      0|  0|  32|          32|          32|
    |add_ln729_168_fu_3896_p2  |     +    |      0|  0|  39|          32|          32|
    |add_ln729_169_fu_3966_p2  |     +    |      0|  0|  32|          32|          32|
    |add_ln729_170_fu_3971_p2  |     +    |      0|  0|  32|          32|          32|
    |add_ln729_174_fu_4121_p2  |     +    |      0|  0|  32|          32|          32|
    |add_ln729_175_fu_3977_p2  |     +    |      0|  0|  39|          32|          32|
    |add_ln729_176_fu_4127_p2  |     +    |      0|  0|  32|          32|          32|
    |add_ln729_177_fu_4278_p2  |     +    |      0|  0|  32|          32|          32|
    |add_ln729_178_fu_4283_p2  |     +    |      0|  0|  32|          32|          32|
    |add_ln729_180_fu_3437_p2  |     +    |      0|  0|  39|          32|          32|
    |add_ln729_181_fu_3470_p2  |     +    |      0|  0|  32|          32|          32|
    |add_ln729_182_fu_3507_p2  |     +    |      0|  0|  32|          32|          32|
    |add_ln729_184_fu_3512_p2  |     +    |      0|  0|  32|          32|          32|
    |add_ln729_185_fu_3764_p2  |     +    |      0|  0|  32|          32|          32|
    |add_ln729_186_fu_3518_p2  |     +    |      0|  0|  39|          32|          32|
    |add_ln729_188_fu_3655_p2  |     +    |      0|  0|  32|          32|          32|
    |add_ln729_190_fu_3577_p2  |     +    |      0|  0|  32|          32|          32|
    |add_ln729_191_fu_3583_p2  |     +    |      0|  0|  32|          32|          32|
    |add_ln729_192_fu_3660_p2  |     +    |      0|  0|  32|          32|          32|
    |add_ln729_193_fu_3665_p2  |     +    |      0|  0|  32|          32|          32|
    |add_ln729_194_fu_3768_p2  |     +    |      0|  0|  32|          32|          32|
    |add_ln729_195_fu_4288_p2  |     +    |      0|  0|  32|          32|          32|
    |add_ln729_196_fu_4356_p2  |     +    |      0|  0|  32|          32|          32|
    |add_ln729_1_fu_3383_p2    |     +    |      0|  0|  32|          32|          32|
    |add_ln729_203_fu_4293_p2  |     +    |      0|  0|  32|          32|          32|
    |add_ln729_204_fu_3902_p2  |     +    |      0|  0|  39|          32|          32|
    |add_ln729_206_fu_4132_p2  |     +    |      0|  0|  32|          32|          32|
    |add_ln729_207_fu_4137_p2  |     +    |      0|  0|  32|          32|          32|
    |add_ln729_209_fu_4143_p2  |     +    |      0|  0|  32|          32|          32|
    |add_ln729_210_fu_4148_p2  |     +    |      0|  0|  32|          32|          32|
    |add_ln729_211_fu_4297_p2  |     +    |      0|  0|  32|          32|          32|
    |add_ln729_212_fu_4154_p2  |     +    |      0|  0|  32|          32|          32|
    |add_ln729_214_fu_4160_p2  |     +    |      0|  0|  32|          32|          32|
    |add_ln729_216_fu_3443_p2  |     +    |      0|  0|  39|          32|          32|
    |add_ln729_217_fu_3475_p2  |     +    |      0|  0|  32|          32|          32|
    |add_ln729_218_fu_4302_p2  |     +    |      0|  0|  32|          32|          32|
    |add_ln729_219_fu_3480_p2  |     +    |      0|  0|  39|          32|          32|
    |add_ln729_21_fu_3713_p2   |     +    |      0|  0|  32|          32|          32|
    |add_ln729_221_fu_3589_p2  |     +    |      0|  0|  32|          32|          32|
    |add_ln729_223_fu_3524_p2  |     +    |      0|  0|  32|          32|          32|
    |add_ln729_224_fu_3530_p2  |     +    |      0|  0|  32|          32|          32|
    |add_ln729_225_fu_3593_p2  |     +    |      0|  0|  32|          32|          32|
    |add_ln729_226_fu_3598_p2  |     +    |      0|  0|  32|          32|          32|
    |add_ln729_227_fu_4306_p2  |     +    |      0|  0|  32|          32|          32|
    |add_ln729_228_fu_4311_p2  |     +    |      0|  0|  32|          32|          32|
    |add_ln729_22_fu_4185_p2   |     +    |      0|  0|  32|          32|          32|
    |add_ln729_234_fu_3773_p2  |     +    |      0|  0|  32|          32|          32|
    |add_ln729_235_fu_3778_p2  |     +    |      0|  0|  32|          32|          32|
    |add_ln729_23_fu_3832_p2   |     +    |      0|  0|  39|          32|          32|
    |add_ln729_240_fu_3983_p2  |     +    |      0|  0|  32|          32|          32|
    |add_ln729_241_fu_3989_p2  |     +    |      0|  0|  32|          32|          32|
    |add_ln729_242_fu_4165_p2  |     +    |      0|  0|  32|          32|          32|
    |add_ln729_243_fu_4170_p2  |     +    |      0|  0|  32|          32|          32|
    |add_ln729_244_fu_4317_p2  |     +    |      0|  0|  32|          32|          32|
    |add_ln729_247_fu_3995_p2  |     +    |      0|  0|  39|          32|          32|
    |add_ln729_250_fu_3908_p2  |     +    |      0|  0|  39|          32|          32|
    |add_ln729_251_fu_4176_p2  |     +    |      0|  0|  32|          32|          32|
    |add_ln729_254_fu_3999_p2  |     +    |      0|  0|  32|          32|          32|
    |add_ln729_258_fu_4003_p2  |     +    |      0|  0|  39|          32|          32|
    |add_ln729_259_fu_4007_p2  |     +    |      0|  0|  32|          32|          32|
    |add_ln729_25_fu_4013_p2   |     +    |      0|  0|  32|          32|          32|
    |add_ln729_260_fu_4180_p2  |     +    |      0|  0|  32|          32|          32|
    |add_ln729_261_fu_4321_p2  |     +    |      0|  0|  32|          32|          32|
    |add_ln729_262_fu_4326_p2  |     +    |      0|  0|  32|          32|          32|
    |add_ln729_263_fu_4360_p2  |     +    |      0|  0|  32|          32|          32|
    |add_ln729_26_fu_4018_p2   |     +    |      0|  0|  32|          32|          32|
    |add_ln729_27_fu_3918_p2   |     +    |      0|  0|  32|          32|          32|
    |add_ln729_28_fu_3924_p2   |     +    |      0|  0|  32|          32|          32|
    |add_ln729_29_fu_4023_p2   |     +    |      0|  0|  32|          32|          32|
    |add_ln729_30_fu_4028_p2   |     +    |      0|  0|  32|          32|          32|
    |add_ln729_31_fu_4190_p2   |     +    |      0|  0|  32|          32|          32|
    |add_ln729_32_fu_4332_p2   |     +    |      0|  0|  32|          32|          32|
    |add_ln729_33_fu_4034_p2   |     +    |      0|  0|  39|          32|          32|
    |add_ln729_34_fu_4040_p2   |     +    |      0|  0|  39|          32|          32|
    |add_ln729_35_fu_4195_p2   |     +    |      0|  0|  32|          32|          32|
    |add_ln729_37_fu_3395_p2   |     +    |      0|  0|  39|          32|          32|
    |add_ln729_38_fu_3455_p2   |     +    |      0|  0|  32|          32|          32|
    |add_ln729_39_fu_4199_p2   |     +    |      0|  0|  32|          32|          32|
    |add_ln729_3_fu_3389_p2    |     +    |      0|  0|  32|          32|          32|
    |add_ln729_42_fu_3536_p2   |     +    |      0|  0|  32|          32|          32|
    |add_ln729_45_fu_3542_p2   |     +    |      0|  0|  32|          32|          32|
    |add_ln729_46_fu_3547_p2   |     +    |      0|  0|  32|          32|          32|
    |add_ln729_47_fu_4204_p2   |     +    |      0|  0|  32|          32|          32|
    |add_ln729_54_fu_4209_p2   |     +    |      0|  0|  32|          32|          32|
    |add_ln729_56_fu_3838_p2   |     +    |      0|  0|  39|          32|          32|
    |add_ln729_57_fu_4045_p2   |     +    |      0|  0|  32|          32|          32|
    |add_ln729_59_fu_3930_p2   |     +    |      0|  0|  32|          32|          32|
    |add_ln729_60_fu_3936_p2   |     +    |      0|  0|  32|          32|          32|
    |add_ln729_61_fu_4050_p2   |     +    |      0|  0|  32|          32|          32|
    |add_ln729_62_fu_4055_p2   |     +    |      0|  0|  32|          32|          32|
    |add_ln729_63_fu_4213_p2   |     +    |      0|  0|  32|          32|          32|
    |add_ln729_64_fu_4218_p2   |     +    |      0|  0|  32|          32|          32|
    |add_ln729_65_fu_4336_p2   |     +    |      0|  0|  32|          32|          32|
    |add_ln729_66_fu_4224_p2   |     +    |      0|  0|  32|          32|          32|
    |add_ln729_67_fu_4061_p2   |     +    |      0|  0|  39|          32|          32|
    |add_ln729_68_fu_4229_p2   |     +    |      0|  0|  32|          32|          32|
    |add_ln729_69_fu_4067_p2   |     +    |      0|  0|  32|          32|          32|
    |add_ln729_6_fu_3449_p2    |     +    |      0|  0|  32|          32|          32|
    |add_ln729_71_fu_4073_p2   |     +    |      0|  0|  32|          32|          32|
    |add_ln729_72_fu_4234_p2   |     +    |      0|  0|  32|          32|          32|
    |add_ln729_73_fu_3401_p2   |     +    |      0|  0|  39|          32|          32|
    |add_ln729_74_fu_3407_p2   |     +    |      0|  0|  39|          32|          32|
    |add_ln729_75_fu_3491_p2   |     +    |      0|  0|  32|          32|          32|
    |add_ln729_79_fu_3495_p2   |     +    |      0|  0|  32|          32|          32|
    |add_ln729_7_fu_3604_p2    |     +    |      0|  0|  32|          32|          32|
    |add_ln729_80_fu_4239_p2   |     +    |      0|  0|  32|          32|          32|
    |add_ln729_81_fu_3553_p2   |     +    |      0|  0|  32|          32|          32|
    |add_ln729_83_fu_3559_p2   |     +    |      0|  0|  32|          32|          32|
    |add_ln729_87_fu_3942_p2   |     +    |      0|  0|  32|          32|          32|
    |add_ln729_88_fu_3625_p2   |     +    |      0|  0|  39|          32|          32|
    |add_ln729_8_fu_3485_p2    |     +    |      0|  0|  39|          32|          32|
    |add_ln729_90_fu_3844_p2   |     +    |      0|  0|  32|          32|          32|
    |add_ln729_92_fu_3719_p2   |     +    |      0|  0|  32|          32|          32|
    |add_ln729_93_fu_3725_p2   |     +    |      0|  0|  32|          32|          32|
    |add_ln729_94_fu_3849_p2   |     +    |      0|  0|  32|          32|          32|
    |add_ln729_95_fu_3854_p2   |     +    |      0|  0|  32|          32|          32|
    |add_ln729_96_fu_3946_p2   |     +    |      0|  0|  32|          32|          32|
    |add_ln729_97_fu_4341_p2   |     +    |      0|  0|  32|          32|          32|
    |add_ln729_98_fu_3860_p2   |     +    |      0|  0|  39|          32|          32|
    |grp_fu_3032_p2            |     +    |      0|  0|  39|          32|          32|
    |grp_fu_3038_p2            |     +    |      0|  0|  39|          32|          32|
    |grp_fu_3044_p2            |     +    |      0|  0|  39|          32|          32|
    |grp_fu_3050_p2            |     +    |      0|  0|  39|          32|          32|
    |grp_fu_3056_p2            |     +    |      0|  0|  39|          32|          32|
    |grp_fu_3062_p2            |     +    |      0|  0|  39|          32|          32|
    |grp_fu_3068_p2            |     +    |      0|  0|  39|          32|          32|
    |grp_fu_3074_p2            |     +    |      0|  0|  39|          32|          32|
    |grp_fu_3080_p2            |     +    |      0|  0|  39|          32|          32|
    |grp_fu_3086_p2            |     +    |      0|  0|  39|          32|          32|
    |grp_fu_3092_p2            |     +    |      0|  0|  39|          32|          32|
    |grp_fu_3098_p2            |     +    |      0|  0|  39|          32|          32|
    |grp_fu_3104_p2            |     +    |      0|  0|  39|          32|          32|
    |grp_fu_3110_p2            |     +    |      0|  0|  39|          32|          32|
    |grp_fu_3116_p2            |     +    |      0|  0|  39|          32|          32|
    |grp_fu_3122_p2            |     +    |      0|  0|  39|          32|          32|
    |grp_fu_3267_p2            |     +    |      0|  0|  32|          32|          32|
    |grp_fu_3273_p2            |     +    |      0|  0|  32|          32|          32|
    |grp_fu_3279_p2            |     +    |      0|  0|  32|          32|          32|
    |grp_fu_3285_p2            |     +    |      0|  0|  32|          32|          32|
    |grp_fu_3291_p2            |     +    |      0|  0|  32|          32|          32|
    |grp_fu_3297_p2            |     +    |      0|  0|  32|          32|          32|
    |grp_fu_3303_p2            |     +    |      0|  0|  32|          32|          32|
    |grp_fu_3309_p2            |     +    |      0|  0|  32|          32|          32|
    |grp_fu_3315_p2            |     +    |      0|  0|  32|          32|          32|
    |grp_fu_3321_p2            |     +    |      0|  0|  32|          32|          32|
    |grp_fu_3327_p2            |     +    |      0|  0|  32|          32|          32|
    |grp_fu_3333_p2            |     +    |      0|  0|  39|          32|          32|
    |grp_fu_3339_p2            |     +    |      0|  0|  32|          32|          32|
    |grp_fu_3345_p2            |     +    |      0|  0|  32|          32|          32|
    |grp_fu_3351_p2            |     +    |      0|  0|  32|          32|          32|
    |grp_fu_3357_p2            |     +    |      0|  0|  32|          32|          32|
    |grp_fu_3363_p2            |     +    |      0|  0|  32|          32|          32|
    |grp_fu_3377_p2            |     +    |      0|  0|  32|          32|          32|
    |out_r                     |     +    |      0|  0|  32|          32|          32|
    |ap_block_state1           |    or    |      0|  0|   2|           1|           1|
    |ap_block_state7           |    or    |      0|  0|   2|           1|           1|
    +--------------------------+----------+-------+---+----+------------+------------+
    |Total                     |          |      0|  0|6751|        6434|        6434|
    +--------------------------+----------+-------+---+----+------------+------------+

    * Multiplexer: 
    +------------------------+----+-----------+-----+-----------+
    |          Name          | LUT| Input Size| Bits| Total Bits|
    +------------------------+----+-----------+-----+-----------+
    |ap_NS_fsm               |  59|         14|    1|         14|
    |ap_done                 |   9|          2|    1|          2|
    |reg_3132                |   9|          2|   32|         64|
    |reg_3137                |   9|          2|   32|         64|
    |reg_3142                |   9|          2|   32|         64|
    |reg_3147                |   9|          2|   32|         64|
    |reg_3152                |   9|          2|   32|         64|
    |reg_3165                |   9|          2|   32|         64|
    |reg_3170                |   9|          2|   32|         64|
    |reg_3175                |   9|          2|   32|         64|
    |reg_3180                |   9|          2|   32|         64|
    |reg_3185                |   9|          2|   32|         64|
    |reg_3222                |   9|          2|   32|         64|
    |sum_array_0_0_address0  |  47|         10|    5|         50|
    |sum_array_0_0_address1  |  47|         10|    5|         50|
    |sum_array_0_1_address0  |  47|         10|    5|         50|
    |sum_array_0_1_address1  |  47|         10|    5|         50|
    |sum_array_1_0_address0  |  47|         10|    5|         50|
    |sum_array_1_0_address1  |  47|         10|    5|         50|
    |sum_array_1_1_address0  |  47|         10|    5|         50|
    |sum_array_1_1_address1  |  47|         10|    5|         50|
    |sum_array_2_0_address0  |  47|         10|    5|         50|
    |sum_array_2_0_address1  |  47|         10|    5|         50|
    |sum_array_2_1_address0  |  47|         10|    5|         50|
    |sum_array_2_1_address1  |  47|         10|    5|         50|
    |sum_array_3_0_address0  |  47|         10|    5|         50|
    |sum_array_3_0_address1  |  47|         10|    5|         50|
    |sum_array_3_1_address0  |  47|         10|    5|         50|
    |sum_array_3_1_address1  |  47|         10|    5|         50|
    |sum_array_4_0_address0  |  47|         10|    5|         50|
    |sum_array_4_0_address1  |  47|         10|    5|         50|
    |sum_array_4_1_address0  |  47|         10|    5|         50|
    |sum_array_4_1_address1  |  47|         10|    5|         50|
    |sum_array_5_0_address0  |  47|         10|    5|         50|
    |sum_array_5_0_address1  |  47|         10|    5|         50|
    |sum_array_5_1_address0  |  47|         10|    5|         50|
    |sum_array_5_1_address1  |  47|         10|    5|         50|
    |sum_array_6_0_address0  |  47|         10|    5|         50|
    |sum_array_6_0_address1  |  44|          9|    5|         45|
    |sum_array_6_1_address0  |  44|          9|    4|         36|
    |sum_array_6_1_address1  |  44|          9|    4|         36|
    |x_0_0_blk_n             |   9|          2|    1|          2|
    |x_0_10_blk_n            |   9|          2|    1|          2|
    |x_0_11_blk_n            |   9|          2|    1|          2|
    |x_0_12_blk_n            |   9|          2|    1|          2|
    |x_0_1_blk_n             |   9|          2|    1|          2|
    |x_0_2_blk_n             |   9|          2|    1|          2|
    |x_0_3_blk_n             |   9|          2|    1|          2|
    |x_0_4_blk_n             |   9|          2|    1|          2|
    |x_0_5_blk_n             |   9|          2|    1|          2|
    |x_0_6_blk_n             |   9|          2|    1|          2|
    |x_0_7_blk_n             |   9|          2|    1|          2|
    |x_0_8_blk_n             |   9|          2|    1|          2|
    |x_0_9_blk_n             |   9|          2|    1|          2|
    |x_8_0_blk_n             |   9|          2|    1|          2|
    |x_8_1_blk_n             |   9|          2|    1|          2|
    |x_8_2_blk_n             |   9|          2|    1|          2|
    |y_0_0_blk_n             |   9|          2|    1|          2|
    |y_0_10_blk_n            |   9|          2|    1|          2|
    |y_0_11_blk_n            |   9|          2|    1|          2|
    |y_0_12_blk_n            |   9|          2|    1|          2|
    |y_0_1_blk_n             |   9|          2|    1|          2|
    |y_0_2_blk_n             |   9|          2|    1|          2|
    |y_0_3_blk_n             |   9|          2|    1|          2|
    |y_0_4_blk_n             |   9|          2|    1|          2|
    |y_0_5_blk_n             |   9|          2|    1|          2|
    |y_0_6_blk_n             |   9|          2|    1|          2|
    |y_0_7_blk_n             |   9|          2|    1|          2|
    |y_0_8_blk_n             |   9|          2|    1|          2|
    |y_0_9_blk_n             |   9|          2|    1|          2|
    |y_8_0_blk_n             |   9|          2|    1|          2|
    |y_8_1_blk_n             |   9|          2|    1|          2|
    |y_8_2_blk_n             |   9|          2|    1|          2|
    +------------------------+----+-----------+-----+-----------+
    |Total                   |1762|        379|  524|       2151|
    +------------------------+----+-----------+-----+-----------+

    * Register: 
    +--------------------------------+----+----+-----+-----------+
    |              Name              | FF | LUT| Bits| Const Bits|
    +--------------------------------+----+----+-----+-----------+
    |add_ln729_102_reg_6307          |  32|   0|   32|          0|
    |add_ln729_104_reg_6382          |  32|   0|   32|          0|
    |add_ln729_105_reg_6387          |  32|   0|   32|          0|
    |add_ln729_106_reg_4717          |  32|   0|   32|          0|
    |add_ln729_109_reg_4902          |  32|   0|   32|          0|
    |add_ln729_110_reg_5072          |  32|   0|   32|          0|
    |add_ln729_115_reg_5247          |  32|   0|   32|          0|
    |add_ln729_118_reg_5422          |  32|   0|   32|          0|
    |add_ln729_120_reg_5742          |  32|   0|   32|          0|
    |add_ln729_121_reg_5747          |  32|   0|   32|          0|
    |add_ln729_125_reg_5957          |  32|   0|   32|          0|
    |add_ln729_127_reg_6142          |  32|   0|   32|          0|
    |add_ln729_128_reg_6312          |  32|   0|   32|          0|
    |add_ln729_129_reg_6437          |  32|   0|   32|          0|
    |add_ln729_136_reg_6317          |  32|   0|   32|          0|
    |add_ln729_138_reg_6392          |  32|   0|   32|          0|
    |add_ln729_144_reg_4907          |  32|   0|   32|          0|
    |add_ln729_148_reg_4912          |  32|   0|   32|          0|
    |add_ln729_149_reg_5077          |  32|   0|   32|          0|
    |add_ln729_152_reg_5252          |  32|   0|   32|          0|
    |add_ln729_154_reg_5427          |  32|   0|   32|          0|
    |add_ln729_155_reg_5432          |  32|   0|   32|          0|
    |add_ln729_159_reg_5752          |  32|   0|   32|          0|
    |add_ln729_15_reg_5722           |  32|   0|   32|          0|
    |add_ln729_161_reg_5962          |  32|   0|   32|          0|
    |add_ln729_162_reg_6147          |  32|   0|   32|          0|
    |add_ln729_163_reg_6442          |  32|   0|   32|          0|
    |add_ln729_168_reg_6152          |  32|   0|   32|          0|
    |add_ln729_170_reg_6322          |  32|   0|   32|          0|
    |add_ln729_175_reg_6327          |  32|   0|   32|          0|
    |add_ln729_176_reg_6397          |  32|   0|   32|          0|
    |add_ln729_180_reg_4917          |  32|   0|   32|          0|
    |add_ln729_181_reg_5082          |  32|   0|   32|          0|
    |add_ln729_184_reg_5257          |  32|   0|   32|          0|
    |add_ln729_186_reg_5262          |  32|   0|   32|          0|
    |add_ln729_191_reg_5437          |  32|   0|   32|          0|
    |add_ln729_193_reg_5757          |  32|   0|   32|          0|
    |add_ln729_194_reg_5967          |  32|   0|   32|          0|
    |add_ln729_195_reg_6447          |  32|   0|   32|          0|
    |add_ln729_199_reg_5972          |  32|   0|   32|          0|
    |add_ln729_202_reg_6157          |  32|   0|   32|          0|
    |add_ln729_204_reg_6162          |  32|   0|   32|          0|
    |add_ln729_208_reg_6332          |  32|   0|   32|          0|
    |add_ln729_210_reg_6402          |  32|   0|   32|          0|
    |add_ln729_213_reg_4722          |  32|   0|   32|          0|
    |add_ln729_214_reg_6407          |  32|   0|   32|          0|
    |add_ln729_216_reg_4922          |  32|   0|   32|          0|
    |add_ln729_217_reg_5087          |  32|   0|   32|          0|
    |add_ln729_219_reg_5092          |  32|   0|   32|          0|
    |add_ln729_21_reg_5942           |  32|   0|   32|          0|
    |add_ln729_220_reg_5097          |  32|   0|   32|          0|
    |add_ln729_224_reg_5267          |  32|   0|   32|          0|
    |add_ln729_226_reg_5442          |  32|   0|   32|          0|
    |add_ln729_233_reg_5762          |  32|   0|   32|          0|
    |add_ln729_235_reg_5977          |  32|   0|   32|          0|
    |add_ln729_23_reg_6117           |  32|   0|   32|          0|
    |add_ln729_241_reg_6337          |  32|   0|   32|          0|
    |add_ln729_243_reg_6412          |  32|   0|   32|          0|
    |add_ln729_246_reg_6167          |  32|   0|   32|          0|
    |add_ln729_247_reg_6342          |  32|   0|   32|          0|
    |add_ln729_250_reg_6172          |  32|   0|   32|          0|
    |add_ln729_252_reg_6177          |  32|   0|   32|          0|
    |add_ln729_253_reg_6182          |  32|   0|   32|          0|
    |add_ln729_255_reg_6187          |  32|   0|   32|          0|
    |add_ln729_257_reg_6192          |  32|   0|   32|          0|
    |add_ln729_259_reg_6347          |  32|   0|   32|          0|
    |add_ln729_260_reg_6417          |  32|   0|   32|          0|
    |add_ln729_262_reg_6452          |  32|   0|   32|          0|
    |add_ln729_28_reg_6292           |  32|   0|   32|          0|
    |add_ln729_30_reg_6352           |  32|   0|   32|          0|
    |add_ln729_31_reg_6422           |  32|   0|   32|          0|
    |add_ln729_33_reg_6357           |  32|   0|   32|          0|
    |add_ln729_34_reg_6362           |  32|   0|   32|          0|
    |add_ln729_37_reg_4887           |  32|   0|   32|          0|
    |add_ln729_38_reg_5067           |  32|   0|   32|          0|
    |add_ln729_3_reg_4882            |  32|   0|   32|          0|
    |add_ln729_44_reg_5237           |  32|   0|   32|          0|
    |add_ln729_46_reg_5412           |  32|   0|   32|          0|
    |add_ln729_50_reg_5727           |  32|   0|   32|          0|
    |add_ln729_53_reg_5947           |  32|   0|   32|          0|
    |add_ln729_56_reg_6122           |  32|   0|   32|          0|
    |add_ln729_60_reg_6297           |  32|   0|   32|          0|
    |add_ln729_62_reg_6367           |  32|   0|   32|          0|
    |add_ln729_64_reg_6427           |  32|   0|   32|          0|
    |add_ln729_67_reg_6372           |  32|   0|   32|          0|
    |add_ln729_6_reg_5062            |  32|   0|   32|          0|
    |add_ln729_70_reg_4712           |  32|   0|   32|          0|
    |add_ln729_71_reg_6377           |  32|   0|   32|          0|
    |add_ln729_73_reg_4892           |  32|   0|   32|          0|
    |add_ln729_74_reg_4897           |  32|   0|   32|          0|
    |add_ln729_79_reg_5242           |  32|   0|   32|          0|
    |add_ln729_80_reg_6432           |  32|   0|   32|          0|
    |add_ln729_83_reg_5417           |  32|   0|   32|          0|
    |add_ln729_86_reg_5732           |  32|   0|   32|          0|
    |add_ln729_88_reg_5737           |  32|   0|   32|          0|
    |add_ln729_8_reg_5232            |  32|   0|   32|          0|
    |add_ln729_93_reg_5952           |  32|   0|   32|          0|
    |add_ln729_95_reg_6127           |  32|   0|   32|          0|
    |add_ln729_96_reg_6302           |  32|   0|   32|          0|
    |add_ln729_98_reg_6132           |  32|   0|   32|          0|
    |add_ln729_99_reg_6137           |  32|   0|   32|          0|
    |ap_CS_fsm                       |  13|   0|   13|          0|
    |ap_done_reg                     |   1|   0|    1|          0|
    |reg_3128                        |  32|   0|   32|          0|
    |reg_3132                        |  32|   0|   32|          0|
    |reg_3137                        |  32|   0|   32|          0|
    |reg_3142                        |  32|   0|   32|          0|
    |reg_3147                        |  32|   0|   32|          0|
    |reg_3152                        |  32|   0|   32|          0|
    |reg_3157                        |  32|   0|   32|          0|
    |reg_3161                        |  32|   0|   32|          0|
    |reg_3165                        |  32|   0|   32|          0|
    |reg_3170                        |  32|   0|   32|          0|
    |reg_3175                        |  32|   0|   32|          0|
    |reg_3180                        |  32|   0|   32|          0|
    |reg_3185                        |  32|   0|   32|          0|
    |reg_3190                        |  32|   0|   32|          0|
    |reg_3194                        |  32|   0|   32|          0|
    |reg_3198                        |  32|   0|   32|          0|
    |reg_3202                        |  32|   0|   32|          0|
    |reg_3206                        |  32|   0|   32|          0|
    |reg_3210                        |  32|   0|   32|          0|
    |reg_3214                        |  32|   0|   32|          0|
    |reg_3218                        |  32|   0|   32|          0|
    |reg_3222                        |  32|   0|   32|          0|
    |reg_3227                        |  32|   0|   32|          0|
    |reg_3231                        |  32|   0|   32|          0|
    |reg_3235                        |  32|   0|   32|          0|
    |reg_3239                        |  32|   0|   32|          0|
    |reg_3243                        |  32|   0|   32|          0|
    |reg_3247                        |  32|   0|   32|          0|
    |reg_3251                        |  32|   0|   32|          0|
    |reg_3255                        |  32|   0|   32|          0|
    |reg_3259                        |  32|   0|   32|          0|
    |reg_3263                        |  32|   0|   32|          0|
    |reg_3369                        |  32|   0|   32|          0|
    |reg_3373                        |  32|   0|   32|          0|
    |sum_array_0_1_load_14_reg_6197  |  32|   0|   32|          0|
    |sum_array_1_0_load_15_reg_6217  |  32|   0|   32|          0|
    |sum_array_1_0_load_reg_4592     |  32|   0|   32|          0|
    |sum_array_3_0_load_reg_4787     |  32|   0|   32|          0|
    |sum_array_5_1_load_2_reg_4832   |  32|   0|   32|          0|
    |sum_array_6_0_load_3_reg_4857   |  32|   0|   32|          0|
    |temp_l83_i10_w1_reg_5927        |  32|   0|   32|          0|
    |temp_l83_i12_w1_reg_5932        |  32|   0|   32|          0|
    |temp_l83_i2_w1_reg_5907         |  32|   0|   32|          0|
    |temp_l83_i3999_w1_reg_5937      |  32|   0|   32|          0|
    |temp_l83_i4_w1_reg_5912         |  32|   0|   32|          0|
    |temp_l83_i6_w1_reg_5917         |  32|   0|   32|          0|
    |temp_l83_i8_w1_reg_5922         |  32|   0|   32|          0|
    |x_0_0_read_reg_5562             |  16|   0|   16|          0|
    |x_0_10_read_reg_5662            |  16|   0|   16|          0|
    |x_0_11_read_reg_5672            |  16|   0|   16|          0|
    |x_0_12_read_reg_5682            |  16|   0|   16|          0|
    |x_0_1_read_reg_5572             |  16|   0|   16|          0|
    |x_0_2_read_reg_5582             |  16|   0|   16|          0|
    |x_0_3_read_reg_5592             |  16|   0|   16|          0|
    |x_0_4_read_reg_5602             |  16|   0|   16|          0|
    |x_0_5_read_reg_5612             |  16|   0|   16|          0|
    |x_0_6_read_reg_5622             |  16|   0|   16|          0|
    |x_0_7_read_reg_5632             |  16|   0|   16|          0|
    |x_0_8_read_reg_5642             |  16|   0|   16|          0|
    |x_0_9_read_reg_5652             |  16|   0|   16|          0|
    |x_8_0_read_reg_5692             |  16|   0|   16|          0|
    |x_8_1_read_reg_5702             |  16|   0|   16|          0|
    |x_8_2_read_reg_5712             |  16|   0|   16|          0|
    |y_0_0_read_reg_5567             |  16|   0|   16|          0|
    |y_0_10_read_reg_5667            |  16|   0|   16|          0|
    |y_0_11_read_reg_5677            |  16|   0|   16|          0|
    |y_0_12_read_reg_5687            |  16|   0|   16|          0|
    |y_0_1_read_reg_5577             |  16|   0|   16|          0|
    |y_0_2_read_reg_5587             |  16|   0|   16|          0|
    |y_0_3_read_reg_5597             |  16|   0|   16|          0|
    |y_0_4_read_reg_5607             |  16|   0|   16|          0|
    |y_0_5_read_reg_5617             |  16|   0|   16|          0|
    |y_0_6_read_reg_5627             |  16|   0|   16|          0|
    |y_0_7_read_reg_5637             |  16|   0|   16|          0|
    |y_0_8_read_reg_5647             |  16|   0|   16|          0|
    |y_0_9_read_reg_5657             |  16|   0|   16|          0|
    |y_8_0_read_reg_5697             |  16|   0|   16|          0|
    |y_8_1_read_reg_5707             |  16|   0|   16|          0|
    |y_8_2_read_reg_5717             |  16|   0|   16|          0|
    +--------------------------------+----+----+-----+-----------+
    |Total                           |5262|   0| 5262|          0|
    +--------------------------------+----+----+-----+-----------+



================================================================
== Interface
================================================================
* Summary: 
+------------------------+-----+-----+------------+---------------+--------------+
|        RTL Ports       | Dir | Bits|  Protocol  | Source Object |    C Type    |
+------------------------+-----+-----+------------+---------------+--------------+
|ap_clk                  |  in |    1| ap_ctrl_hs |    epilogue   | return value |
|ap_rst                  |  in |    1| ap_ctrl_hs |    epilogue   | return value |
|ap_start                |  in |    1| ap_ctrl_hs |    epilogue   | return value |
|ap_done                 | out |    1| ap_ctrl_hs |    epilogue   | return value |
|ap_continue             |  in |    1| ap_ctrl_hs |    epilogue   | return value |
|ap_idle                 | out |    1| ap_ctrl_hs |    epilogue   | return value |
|ap_ready                | out |    1| ap_ctrl_hs |    epilogue   | return value |
|sum_array_3_0_address0  | out |    5|  ap_memory | sum_array_3_0 |     array    |
|sum_array_3_0_ce0       | out |    1|  ap_memory | sum_array_3_0 |     array    |
|sum_array_3_0_q0        |  in |   32|  ap_memory | sum_array_3_0 |     array    |
|sum_array_3_0_address1  | out |    5|  ap_memory | sum_array_3_0 |     array    |
|sum_array_3_0_ce1       | out |    1|  ap_memory | sum_array_3_0 |     array    |
|sum_array_3_0_q1        |  in |   32|  ap_memory | sum_array_3_0 |     array    |
|sum_array_3_1_address0  | out |    5|  ap_memory | sum_array_3_1 |     array    |
|sum_array_3_1_ce0       | out |    1|  ap_memory | sum_array_3_1 |     array    |
|sum_array_3_1_q0        |  in |   32|  ap_memory | sum_array_3_1 |     array    |
|sum_array_3_1_address1  | out |    5|  ap_memory | sum_array_3_1 |     array    |
|sum_array_3_1_ce1       | out |    1|  ap_memory | sum_array_3_1 |     array    |
|sum_array_3_1_q1        |  in |   32|  ap_memory | sum_array_3_1 |     array    |
|x_8_0_dout              |  in |   16|   ap_fifo  |     x_8_0     |    pointer   |
|x_8_0_empty_n           |  in |    1|   ap_fifo  |     x_8_0     |    pointer   |
|x_8_0_read              | out |    1|   ap_fifo  |     x_8_0     |    pointer   |
|x_8_1_dout              |  in |   16|   ap_fifo  |     x_8_1     |    pointer   |
|x_8_1_empty_n           |  in |    1|   ap_fifo  |     x_8_1     |    pointer   |
|x_8_1_read              | out |    1|   ap_fifo  |     x_8_1     |    pointer   |
|x_8_2_dout              |  in |   16|   ap_fifo  |     x_8_2     |    pointer   |
|x_8_2_empty_n           |  in |    1|   ap_fifo  |     x_8_2     |    pointer   |
|x_8_2_read              | out |    1|   ap_fifo  |     x_8_2     |    pointer   |
|sum_array_2_0_address0  | out |    5|  ap_memory | sum_array_2_0 |     array    |
|sum_array_2_0_ce0       | out |    1|  ap_memory | sum_array_2_0 |     array    |
|sum_array_2_0_q0        |  in |   32|  ap_memory | sum_array_2_0 |     array    |
|sum_array_2_0_address1  | out |    5|  ap_memory | sum_array_2_0 |     array    |
|sum_array_2_0_ce1       | out |    1|  ap_memory | sum_array_2_0 |     array    |
|sum_array_2_0_q1        |  in |   32|  ap_memory | sum_array_2_0 |     array    |
|sum_array_2_1_address0  | out |    5|  ap_memory | sum_array_2_1 |     array    |
|sum_array_2_1_ce0       | out |    1|  ap_memory | sum_array_2_1 |     array    |
|sum_array_2_1_q0        |  in |   32|  ap_memory | sum_array_2_1 |     array    |
|sum_array_2_1_address1  | out |    5|  ap_memory | sum_array_2_1 |     array    |
|sum_array_2_1_ce1       | out |    1|  ap_memory | sum_array_2_1 |     array    |
|sum_array_2_1_q1        |  in |   32|  ap_memory | sum_array_2_1 |     array    |
|sum_array_5_0_address0  | out |    5|  ap_memory | sum_array_5_0 |     array    |
|sum_array_5_0_ce0       | out |    1|  ap_memory | sum_array_5_0 |     array    |
|sum_array_5_0_q0        |  in |   32|  ap_memory | sum_array_5_0 |     array    |
|sum_array_5_0_address1  | out |    5|  ap_memory | sum_array_5_0 |     array    |
|sum_array_5_0_ce1       | out |    1|  ap_memory | sum_array_5_0 |     array    |
|sum_array_5_0_q1        |  in |   32|  ap_memory | sum_array_5_0 |     array    |
|sum_array_5_1_address0  | out |    5|  ap_memory | sum_array_5_1 |     array    |
|sum_array_5_1_ce0       | out |    1|  ap_memory | sum_array_5_1 |     array    |
|sum_array_5_1_q0        |  in |   32|  ap_memory | sum_array_5_1 |     array    |
|sum_array_5_1_address1  | out |    5|  ap_memory | sum_array_5_1 |     array    |
|sum_array_5_1_ce1       | out |    1|  ap_memory | sum_array_5_1 |     array    |
|sum_array_5_1_q1        |  in |   32|  ap_memory | sum_array_5_1 |     array    |
|sum_array_4_0_address0  | out |    5|  ap_memory | sum_array_4_0 |     array    |
|sum_array_4_0_ce0       | out |    1|  ap_memory | sum_array_4_0 |     array    |
|sum_array_4_0_q0        |  in |   32|  ap_memory | sum_array_4_0 |     array    |
|sum_array_4_0_address1  | out |    5|  ap_memory | sum_array_4_0 |     array    |
|sum_array_4_0_ce1       | out |    1|  ap_memory | sum_array_4_0 |     array    |
|sum_array_4_0_q1        |  in |   32|  ap_memory | sum_array_4_0 |     array    |
|sum_array_4_1_address0  | out |    5|  ap_memory | sum_array_4_1 |     array    |
|sum_array_4_1_ce0       | out |    1|  ap_memory | sum_array_4_1 |     array    |
|sum_array_4_1_q0        |  in |   32|  ap_memory | sum_array_4_1 |     array    |
|sum_array_4_1_address1  | out |    5|  ap_memory | sum_array_4_1 |     array    |
|sum_array_4_1_ce1       | out |    1|  ap_memory | sum_array_4_1 |     array    |
|sum_array_4_1_q1        |  in |   32|  ap_memory | sum_array_4_1 |     array    |
|y_8_0_dout              |  in |   16|   ap_fifo  |     y_8_0     |    pointer   |
|y_8_0_empty_n           |  in |    1|   ap_fifo  |     y_8_0     |    pointer   |
|y_8_0_read              | out |    1|   ap_fifo  |     y_8_0     |    pointer   |
|y_8_1_dout              |  in |   16|   ap_fifo  |     y_8_1     |    pointer   |
|y_8_1_empty_n           |  in |    1|   ap_fifo  |     y_8_1     |    pointer   |
|y_8_1_read              | out |    1|   ap_fifo  |     y_8_1     |    pointer   |
|y_8_2_dout              |  in |   16|   ap_fifo  |     y_8_2     |    pointer   |
|y_8_2_empty_n           |  in |    1|   ap_fifo  |     y_8_2     |    pointer   |
|y_8_2_read              | out |    1|   ap_fifo  |     y_8_2     |    pointer   |
|sum_array_6_0_address0  | out |    5|  ap_memory | sum_array_6_0 |     array    |
|sum_array_6_0_ce0       | out |    1|  ap_memory | sum_array_6_0 |     array    |
|sum_array_6_0_q0        |  in |   32|  ap_memory | sum_array_6_0 |     array    |
|sum_array_6_0_address1  | out |    5|  ap_memory | sum_array_6_0 |     array    |
|sum_array_6_0_ce1       | out |    1|  ap_memory | sum_array_6_0 |     array    |
|sum_array_6_0_q1        |  in |   32|  ap_memory | sum_array_6_0 |     array    |
|sum_array_6_1_address0  | out |    4|  ap_memory | sum_array_6_1 |     array    |
|sum_array_6_1_ce0       | out |    1|  ap_memory | sum_array_6_1 |     array    |
|sum_array_6_1_q0        |  in |   32|  ap_memory | sum_array_6_1 |     array    |
|sum_array_6_1_address1  | out |    4|  ap_memory | sum_array_6_1 |     array    |
|sum_array_6_1_ce1       | out |    1|  ap_memory | sum_array_6_1 |     array    |
|sum_array_6_1_q1        |  in |   32|  ap_memory | sum_array_6_1 |     array    |
|x_0_0_dout              |  in |   16|   ap_fifo  |     x_0_0     |    pointer   |
|x_0_0_empty_n           |  in |    1|   ap_fifo  |     x_0_0     |    pointer   |
|x_0_0_read              | out |    1|   ap_fifo  |     x_0_0     |    pointer   |
|x_0_1_dout              |  in |   16|   ap_fifo  |     x_0_1     |    pointer   |
|x_0_1_empty_n           |  in |    1|   ap_fifo  |     x_0_1     |    pointer   |
|x_0_1_read              | out |    1|   ap_fifo  |     x_0_1     |    pointer   |
|x_0_2_dout              |  in |   16|   ap_fifo  |     x_0_2     |    pointer   |
|x_0_2_empty_n           |  in |    1|   ap_fifo  |     x_0_2     |    pointer   |
|x_0_2_read              | out |    1|   ap_fifo  |     x_0_2     |    pointer   |
|x_0_3_dout              |  in |   16|   ap_fifo  |     x_0_3     |    pointer   |
|x_0_3_empty_n           |  in |    1|   ap_fifo  |     x_0_3     |    pointer   |
|x_0_3_read              | out |    1|   ap_fifo  |     x_0_3     |    pointer   |
|x_0_4_dout              |  in |   16|   ap_fifo  |     x_0_4     |    pointer   |
|x_0_4_empty_n           |  in |    1|   ap_fifo  |     x_0_4     |    pointer   |
|x_0_4_read              | out |    1|   ap_fifo  |     x_0_4     |    pointer   |
|x_0_5_dout              |  in |   16|   ap_fifo  |     x_0_5     |    pointer   |
|x_0_5_empty_n           |  in |    1|   ap_fifo  |     x_0_5     |    pointer   |
|x_0_5_read              | out |    1|   ap_fifo  |     x_0_5     |    pointer   |
|x_0_6_dout              |  in |   16|   ap_fifo  |     x_0_6     |    pointer   |
|x_0_6_empty_n           |  in |    1|   ap_fifo  |     x_0_6     |    pointer   |
|x_0_6_read              | out |    1|   ap_fifo  |     x_0_6     |    pointer   |
|x_0_7_dout              |  in |   16|   ap_fifo  |     x_0_7     |    pointer   |
|x_0_7_empty_n           |  in |    1|   ap_fifo  |     x_0_7     |    pointer   |
|x_0_7_read              | out |    1|   ap_fifo  |     x_0_7     |    pointer   |
|x_0_8_dout              |  in |   16|   ap_fifo  |     x_0_8     |    pointer   |
|x_0_8_empty_n           |  in |    1|   ap_fifo  |     x_0_8     |    pointer   |
|x_0_8_read              | out |    1|   ap_fifo  |     x_0_8     |    pointer   |
|x_0_9_dout              |  in |   16|   ap_fifo  |     x_0_9     |    pointer   |
|x_0_9_empty_n           |  in |    1|   ap_fifo  |     x_0_9     |    pointer   |
|x_0_9_read              | out |    1|   ap_fifo  |     x_0_9     |    pointer   |
|x_0_10_dout             |  in |   16|   ap_fifo  |     x_0_10    |    pointer   |
|x_0_10_empty_n          |  in |    1|   ap_fifo  |     x_0_10    |    pointer   |
|x_0_10_read             | out |    1|   ap_fifo  |     x_0_10    |    pointer   |
|x_0_11_dout             |  in |   16|   ap_fifo  |     x_0_11    |    pointer   |
|x_0_11_empty_n          |  in |    1|   ap_fifo  |     x_0_11    |    pointer   |
|x_0_11_read             | out |    1|   ap_fifo  |     x_0_11    |    pointer   |
|x_0_12_dout             |  in |   16|   ap_fifo  |     x_0_12    |    pointer   |
|x_0_12_empty_n          |  in |    1|   ap_fifo  |     x_0_12    |    pointer   |
|x_0_12_read             | out |    1|   ap_fifo  |     x_0_12    |    pointer   |
|y_0_0_dout              |  in |   16|   ap_fifo  |     y_0_0     |    pointer   |
|y_0_0_empty_n           |  in |    1|   ap_fifo  |     y_0_0     |    pointer   |
|y_0_0_read              | out |    1|   ap_fifo  |     y_0_0     |    pointer   |
|y_0_1_dout              |  in |   16|   ap_fifo  |     y_0_1     |    pointer   |
|y_0_1_empty_n           |  in |    1|   ap_fifo  |     y_0_1     |    pointer   |
|y_0_1_read              | out |    1|   ap_fifo  |     y_0_1     |    pointer   |
|y_0_2_dout              |  in |   16|   ap_fifo  |     y_0_2     |    pointer   |
|y_0_2_empty_n           |  in |    1|   ap_fifo  |     y_0_2     |    pointer   |
|y_0_2_read              | out |    1|   ap_fifo  |     y_0_2     |    pointer   |
|y_0_3_dout              |  in |   16|   ap_fifo  |     y_0_3     |    pointer   |
|y_0_3_empty_n           |  in |    1|   ap_fifo  |     y_0_3     |    pointer   |
|y_0_3_read              | out |    1|   ap_fifo  |     y_0_3     |    pointer   |
|y_0_4_dout              |  in |   16|   ap_fifo  |     y_0_4     |    pointer   |
|y_0_4_empty_n           |  in |    1|   ap_fifo  |     y_0_4     |    pointer   |
|y_0_4_read              | out |    1|   ap_fifo  |     y_0_4     |    pointer   |
|y_0_5_dout              |  in |   16|   ap_fifo  |     y_0_5     |    pointer   |
|y_0_5_empty_n           |  in |    1|   ap_fifo  |     y_0_5     |    pointer   |
|y_0_5_read              | out |    1|   ap_fifo  |     y_0_5     |    pointer   |
|y_0_6_dout              |  in |   16|   ap_fifo  |     y_0_6     |    pointer   |
|y_0_6_empty_n           |  in |    1|   ap_fifo  |     y_0_6     |    pointer   |
|y_0_6_read              | out |    1|   ap_fifo  |     y_0_6     |    pointer   |
|y_0_7_dout              |  in |   16|   ap_fifo  |     y_0_7     |    pointer   |
|y_0_7_empty_n           |  in |    1|   ap_fifo  |     y_0_7     |    pointer   |
|y_0_7_read              | out |    1|   ap_fifo  |     y_0_7     |    pointer   |
|y_0_8_dout              |  in |   16|   ap_fifo  |     y_0_8     |    pointer   |
|y_0_8_empty_n           |  in |    1|   ap_fifo  |     y_0_8     |    pointer   |
|y_0_8_read              | out |    1|   ap_fifo  |     y_0_8     |    pointer   |
|y_0_9_dout              |  in |   16|   ap_fifo  |     y_0_9     |    pointer   |
|y_0_9_empty_n           |  in |    1|   ap_fifo  |     y_0_9     |    pointer   |
|y_0_9_read              | out |    1|   ap_fifo  |     y_0_9     |    pointer   |
|y_0_10_dout             |  in |   16|   ap_fifo  |     y_0_10    |    pointer   |
|y_0_10_empty_n          |  in |    1|   ap_fifo  |     y_0_10    |    pointer   |
|y_0_10_read             | out |    1|   ap_fifo  |     y_0_10    |    pointer   |
|y_0_11_dout             |  in |   16|   ap_fifo  |     y_0_11    |    pointer   |
|y_0_11_empty_n          |  in |    1|   ap_fifo  |     y_0_11    |    pointer   |
|y_0_11_read             | out |    1|   ap_fifo  |     y_0_11    |    pointer   |
|y_0_12_dout             |  in |   16|   ap_fifo  |     y_0_12    |    pointer   |
|y_0_12_empty_n          |  in |    1|   ap_fifo  |     y_0_12    |    pointer   |
|y_0_12_read             | out |    1|   ap_fifo  |     y_0_12    |    pointer   |
|sum_array_1_0_address0  | out |    5|  ap_memory | sum_array_1_0 |     array    |
|sum_array_1_0_ce0       | out |    1|  ap_memory | sum_array_1_0 |     array    |
|sum_array_1_0_q0        |  in |   32|  ap_memory | sum_array_1_0 |     array    |
|sum_array_1_0_address1  | out |    5|  ap_memory | sum_array_1_0 |     array    |
|sum_array_1_0_ce1       | out |    1|  ap_memory | sum_array_1_0 |     array    |
|sum_array_1_0_q1        |  in |   32|  ap_memory | sum_array_1_0 |     array    |
|sum_array_1_1_address0  | out |    5|  ap_memory | sum_array_1_1 |     array    |
|sum_array_1_1_ce0       | out |    1|  ap_memory | sum_array_1_1 |     array    |
|sum_array_1_1_q0        |  in |   32|  ap_memory | sum_array_1_1 |     array    |
|sum_array_1_1_address1  | out |    5|  ap_memory | sum_array_1_1 |     array    |
|sum_array_1_1_ce1       | out |    1|  ap_memory | sum_array_1_1 |     array    |
|sum_array_1_1_q1        |  in |   32|  ap_memory | sum_array_1_1 |     array    |
|sum_array_0_0_address0  | out |    5|  ap_memory | sum_array_0_0 |     array    |
|sum_array_0_0_ce0       | out |    1|  ap_memory | sum_array_0_0 |     array    |
|sum_array_0_0_q0        |  in |   32|  ap_memory | sum_array_0_0 |     array    |
|sum_array_0_0_address1  | out |    5|  ap_memory | sum_array_0_0 |     array    |
|sum_array_0_0_ce1       | out |    1|  ap_memory | sum_array_0_0 |     array    |
|sum_array_0_0_q1        |  in |   32|  ap_memory | sum_array_0_0 |     array    |
|sum_array_0_1_address0  | out |    5|  ap_memory | sum_array_0_1 |     array    |
|sum_array_0_1_ce0       | out |    1|  ap_memory | sum_array_0_1 |     array    |
|sum_array_0_1_q0        |  in |   32|  ap_memory | sum_array_0_1 |     array    |
|sum_array_0_1_address1  | out |    5|  ap_memory | sum_array_0_1 |     array    |
|sum_array_0_1_ce1       | out |    1|  ap_memory | sum_array_0_1 |     array    |
|sum_array_0_1_q1        |  in |   32|  ap_memory | sum_array_0_1 |     array    |
|out_r                   | out |   32|   ap_vld   |     out_r     |    pointer   |
|out_r_ap_vld            | out |    1|   ap_vld   |     out_r     |    pointer   |
+------------------------+-----+-----+------------+---------------+--------------+

