

================================================================
== Vivado HLS Report for 'epilogue'
================================================================
* Date:           Wed Sep 16 11:42:46 2020

* Version:        2019.2 (Build 2704478 on Wed Nov 06 22:10:23 MST 2019)
* Project:        knn
* Solution:       solution1
* Product family: zynq
* Target device:  xc7z020-clg484-1


================================================================
== Performance Estimates
================================================================
+ Timing: 
    * Summary: 
    +--------+----------+----------+------------+
    |  Clock |  Target  | Estimated| Uncertainty|
    +--------+----------+----------+------------+
    |ap_clk  | 10.00 ns | 8.750 ns |   1.25 ns  |
    +--------+----------+----------+------------+

+ Latency: 
    * Summary: 
    +---------+---------+----------+----------+-----+-----+---------+
    |  Latency (cycles) |  Latency (absolute) |  Interval | Pipeline|
    |   min   |   max   |    min   |    max   | min | max |   Type  |
    +---------+---------+----------+----------+-----+-----+---------+
    |       91|       91| 0.910 us | 0.910 us |   91|   91|   none  |
    +---------+---------+----------+----------+-----+-----+---------+

    + Detail: 
        * Instance: 
        +----------------------------------+-----------------------+---------+---------+-----------+-----------+-----+-----+---------+
        |                                  |                       |  Latency (cycles) |   Latency (absolute)  |  Interval | Pipeline|
        |             Instance             |         Module        |   min   |   max   |    min    |    max    | min | max |   Type  |
        +----------------------------------+-----------------------+---------+---------+-----------+-----------+-----+-----+---------+
        |grp_p_hls_fptosi_double_s_fu_380  |p_hls_fptosi_double_s  |        1|        1| 10.000 ns | 10.000 ns |    1|    1|   none  |
        +----------------------------------+-----------------------+---------+---------+-----------+-----------+-----+-----+---------+

        * Loop: 
        N/A



================================================================
== Utilization Estimates
================================================================
* Summary: 
+-----------------+---------+-------+--------+-------+-----+
|       Name      | BRAM_18K| DSP48E|   FF   |  LUT  | URAM|
+-----------------+---------+-------+--------+-------+-----+
|DSP              |        -|      -|       -|      -|    -|
|Expression       |        -|      -|       0|   2814|    -|
|FIFO             |        -|      -|       -|      -|    -|
|Instance         |        -|      0|     489|   1507|    -|
|Memory           |        1|      -|      64|      2|    0|
|Multiplexer      |        -|      -|       -|    973|    -|
|Register         |        -|      -|    1301|      -|    -|
+-----------------+---------+-------+--------+-------+-----+
|Total            |        1|      0|    1854|   5296|    0|
+-----------------+---------+-------+--------+-------+-----+
|Available        |      280|    220|  106400|  53200|    0|
+-----------------+---------+-------+--------+-------+-----+
|Utilization (%)  |    ~0   |      0|       1|      9|    0|
+-----------------+---------+-------+--------+-------+-----+

+ Detail: 
    * Instance: 
    +----------------------------------+-----------------------+---------+-------+-----+-----+-----+
    |             Instance             |         Module        | BRAM_18K| DSP48E|  FF | LUT | URAM|
    +----------------------------------+-----------------------+---------+-------+-----+-----+-----+
    |knnFloatNoSqrt_8phbi_U156         |knnFloatNoSqrt_8phbi   |        0|      0|   66|  239|    0|
    |knnFloatNoSqrt_8pibs_U157         |knnFloatNoSqrt_8pibs   |        0|      0|  412|  645|    0|
    |grp_p_hls_fptosi_double_s_fu_380  |p_hls_fptosi_double_s  |        0|      0|   11|  623|    0|
    +----------------------------------+-----------------------+---------+-------+-----+-----+-----+
    |Total                             |                       |        0|      0|  489| 1507|    0|
    +----------------------------------+-----------------------+---------+-------+-----+-----+-----+

    * DSP48E: 
    N/A

    * Memory: 
    +-----------------------+----------------------+---------+----+----+-----+------+-----+------+-------------+
    |         Memory        |        Module        | BRAM_18K| FF | LUT| URAM| Words| Bits| Banks| W*Bits*Banks|
    +-----------------------+----------------------+---------+----+----+-----+------+-----+------+-------------+
    |BestPointsClasses_U    |epilogue_BestPoinfYi  |        1|   0|   0|    0|     3|    8|     1|           24|
    |BestPointsDistances_U  |epilogue_BestPoing8j  |        0|  64|   2|    0|     3|   32|     1|           96|
    +-----------------------+----------------------+---------+----+----+-----+------+-----+------+-------------+
    |Total                  |                      |        1|  64|   2|    0|     6|   40|     2|          120|
    +-----------------------+----------------------+---------+----+----+-----+------+-----+------+-------------+

    * FIFO: 
    N/A

    * Expression: 
    +----------------------------+----------+-------+---+----+------------+------------+
    |        Variable Name       | Operation| DSP48E| FF| LUT| Bitwidth P0| Bitwidth P1|
    +----------------------------+----------+-------+---+----+------------+------------+
    |and_ln1004_fu_1408_p2       |    and   |      0|  0|   2|           1|           1|
    |and_ln1011_1_fu_1499_p2     |    and   |      0|  0|   2|           1|           1|
    |and_ln1011_fu_1493_p2       |    and   |      0|  0|   2|           1|           1|
    |and_ln1018_1_fu_1589_p2     |    and   |      0|  0|   2|           1|           1|
    |and_ln1018_fu_1583_p2       |    and   |      0|  0|   2|           1|           1|
    |and_ln1023_1_fu_1693_p2     |    and   |      0|  0|   2|           1|           1|
    |and_ln1023_fu_1687_p2       |    and   |      0|  0|   2|           1|           1|
    |and_ln1039_fu_1755_p2       |    and   |      0|  0|   2|           1|           1|
    |and_ln1046_1_fu_1846_p2     |    and   |      0|  0|   2|           1|           1|
    |and_ln1046_fu_1840_p2       |    and   |      0|  0|   2|           1|           1|
    |and_ln1053_1_fu_1936_p2     |    and   |      0|  0|   2|           1|           1|
    |and_ln1053_fu_1930_p2       |    and   |      0|  0|   2|           1|           1|
    |and_ln1058_1_fu_2040_p2     |    and   |      0|  0|   2|           1|           1|
    |and_ln1058_fu_2034_p2       |    and   |      0|  0|   2|           1|           1|
    |and_ln1074_fu_2102_p2       |    and   |      0|  0|   2|           1|           1|
    |and_ln1081_1_fu_2193_p2     |    and   |      0|  0|   2|           1|           1|
    |and_ln1081_fu_2187_p2       |    and   |      0|  0|   2|           1|           1|
    |and_ln1088_1_fu_2283_p2     |    and   |      0|  0|   2|           1|           1|
    |and_ln1088_fu_2277_p2       |    and   |      0|  0|   2|           1|           1|
    |and_ln1093_1_fu_2387_p2     |    and   |      0|  0|   2|           1|           1|
    |and_ln1093_fu_2381_p2       |    and   |      0|  0|   2|           1|           1|
    |and_ln1109_fu_2449_p2       |    and   |      0|  0|   2|           1|           1|
    |and_ln1116_1_fu_2540_p2     |    and   |      0|  0|   2|           1|           1|
    |and_ln1116_fu_2534_p2       |    and   |      0|  0|   2|           1|           1|
    |and_ln1123_1_fu_2630_p2     |    and   |      0|  0|   2|           1|           1|
    |and_ln1123_fu_2624_p2       |    and   |      0|  0|   2|           1|           1|
    |and_ln1128_1_fu_2734_p2     |    and   |      0|  0|   2|           1|           1|
    |and_ln1128_fu_2728_p2       |    and   |      0|  0|   2|           1|           1|
    |and_ln1152_1_fu_2837_p2     |    and   |      0|  0|   2|           1|           1|
    |and_ln1152_fu_2831_p2       |    and   |      0|  0|   2|           1|           1|
    |and_ln1158_1_fu_2939_p2     |    and   |      0|  0|   2|           1|           1|
    |and_ln1158_fu_2933_p2       |    and   |      0|  0|   2|           1|           1|
    |and_ln883_fu_452_p2         |    and   |      0|  0|   2|           1|           1|
    |and_ln899_fu_504_p2         |    and   |      0|  0|   2|           1|           1|
    |and_ln906_fu_552_p2         |    and   |      0|  0|   2|           1|           1|
    |and_ln918_1_fu_648_p2       |    and   |      0|  0|   2|           1|           1|
    |and_ln918_fu_642_p2         |    and   |      0|  0|   2|           1|           1|
    |and_ln934_fu_714_p2         |    and   |      0|  0|   2|           1|           1|
    |and_ln941_1_fu_805_p2       |    and   |      0|  0|   2|           1|           1|
    |and_ln941_fu_799_p2         |    and   |      0|  0|   2|           1|           1|
    |and_ln948_1_fu_895_p2       |    and   |      0|  0|   2|           1|           1|
    |and_ln948_fu_889_p2         |    and   |      0|  0|   2|           1|           1|
    |and_ln953_1_fu_999_p2       |    and   |      0|  0|   2|           1|           1|
    |and_ln953_fu_993_p2         |    and   |      0|  0|   2|           1|           1|
    |and_ln969_fu_1061_p2        |    and   |      0|  0|   2|           1|           1|
    |and_ln976_1_fu_1152_p2      |    and   |      0|  0|   2|           1|           1|
    |and_ln976_fu_1146_p2        |    and   |      0|  0|   2|           1|           1|
    |and_ln983_1_fu_1242_p2      |    and   |      0|  0|   2|           1|           1|
    |and_ln983_fu_1236_p2        |    and   |      0|  0|   2|           1|           1|
    |and_ln988_1_fu_1346_p2      |    and   |      0|  0|   2|           1|           1|
    |and_ln988_fu_1340_p2        |    and   |      0|  0|   2|           1|           1|
    |icmp_ln1004_1_fu_1396_p2    |   icmp   |      0|  0|  18|          23|           1|
    |icmp_ln1004_fu_1390_p2      |   icmp   |      0|  0|  11|           8|           2|
    |icmp_ln1011_1_fu_1463_p2    |   icmp   |      0|  0|  18|          23|           1|
    |icmp_ln1011_2_fu_1475_p2    |   icmp   |      0|  0|  11|           8|           2|
    |icmp_ln1011_3_fu_1481_p2    |   icmp   |      0|  0|  18|          23|           1|
    |icmp_ln1011_fu_1457_p2      |   icmp   |      0|  0|  11|           8|           2|
    |icmp_ln1018_1_fu_1553_p2    |   icmp   |      0|  0|  18|          23|           1|
    |icmp_ln1018_2_fu_1565_p2    |   icmp   |      0|  0|  11|           8|           2|
    |icmp_ln1018_3_fu_1571_p2    |   icmp   |      0|  0|  18|          23|           1|
    |icmp_ln1018_fu_1547_p2      |   icmp   |      0|  0|  11|           8|           2|
    |icmp_ln1023_1_fu_1671_p2    |   icmp   |      0|  0|  18|          23|           1|
    |icmp_ln1023_2_fu_1629_p2    |   icmp   |      0|  0|  11|           8|           2|
    |icmp_ln1023_3_fu_1635_p2    |   icmp   |      0|  0|  18|          23|           1|
    |icmp_ln1023_fu_1665_p2      |   icmp   |      0|  0|  11|           8|           2|
    |icmp_ln1039_1_fu_1743_p2    |   icmp   |      0|  0|  18|          23|           1|
    |icmp_ln1039_fu_1737_p2      |   icmp   |      0|  0|  11|           8|           2|
    |icmp_ln1046_1_fu_1810_p2    |   icmp   |      0|  0|  18|          23|           1|
    |icmp_ln1046_2_fu_1822_p2    |   icmp   |      0|  0|  11|           8|           2|
    |icmp_ln1046_3_fu_1828_p2    |   icmp   |      0|  0|  18|          23|           1|
    |icmp_ln1046_fu_1804_p2      |   icmp   |      0|  0|  11|           8|           2|
    |icmp_ln1053_1_fu_1900_p2    |   icmp   |      0|  0|  18|          23|           1|
    |icmp_ln1053_2_fu_1912_p2    |   icmp   |      0|  0|  11|           8|           2|
    |icmp_ln1053_3_fu_1918_p2    |   icmp   |      0|  0|  18|          23|           1|
    |icmp_ln1053_fu_1894_p2      |   icmp   |      0|  0|  11|           8|           2|
    |icmp_ln1058_1_fu_2018_p2    |   icmp   |      0|  0|  18|          23|           1|
    |icmp_ln1058_2_fu_1976_p2    |   icmp   |      0|  0|  11|           8|           2|
    |icmp_ln1058_3_fu_1982_p2    |   icmp   |      0|  0|  18|          23|           1|
    |icmp_ln1058_fu_2012_p2      |   icmp   |      0|  0|  11|           8|           2|
    |icmp_ln1074_1_fu_2090_p2    |   icmp   |      0|  0|  18|          23|           1|
    |icmp_ln1074_fu_2084_p2      |   icmp   |      0|  0|  11|           8|           2|
    |icmp_ln1081_1_fu_2157_p2    |   icmp   |      0|  0|  18|          23|           1|
    |icmp_ln1081_2_fu_2169_p2    |   icmp   |      0|  0|  11|           8|           2|
    |icmp_ln1081_3_fu_2175_p2    |   icmp   |      0|  0|  18|          23|           1|
    |icmp_ln1081_fu_2151_p2      |   icmp   |      0|  0|  11|           8|           2|
    |icmp_ln1088_1_fu_2247_p2    |   icmp   |      0|  0|  18|          23|           1|
    |icmp_ln1088_2_fu_2259_p2    |   icmp   |      0|  0|  11|           8|           2|
    |icmp_ln1088_3_fu_2265_p2    |   icmp   |      0|  0|  18|          23|           1|
    |icmp_ln1088_fu_2241_p2      |   icmp   |      0|  0|  11|           8|           2|
    |icmp_ln1093_1_fu_2365_p2    |   icmp   |      0|  0|  18|          23|           1|
    |icmp_ln1093_2_fu_2323_p2    |   icmp   |      0|  0|  11|           8|           2|
    |icmp_ln1093_3_fu_2329_p2    |   icmp   |      0|  0|  18|          23|           1|
    |icmp_ln1093_fu_2359_p2      |   icmp   |      0|  0|  11|           8|           2|
    |icmp_ln1109_1_fu_2437_p2    |   icmp   |      0|  0|  18|          23|           1|
    |icmp_ln1109_fu_2431_p2      |   icmp   |      0|  0|  11|           8|           2|
    |icmp_ln1116_1_fu_2504_p2    |   icmp   |      0|  0|  18|          23|           1|
    |icmp_ln1116_2_fu_2516_p2    |   icmp   |      0|  0|  11|           8|           2|
    |icmp_ln1116_3_fu_2522_p2    |   icmp   |      0|  0|  18|          23|           1|
    |icmp_ln1116_fu_2498_p2      |   icmp   |      0|  0|  11|           8|           2|
    |icmp_ln1123_1_fu_2594_p2    |   icmp   |      0|  0|  18|          23|           1|
    |icmp_ln1123_2_fu_2606_p2    |   icmp   |      0|  0|  11|           8|           2|
    |icmp_ln1123_3_fu_2612_p2    |   icmp   |      0|  0|  18|          23|           1|
    |icmp_ln1123_fu_2588_p2      |   icmp   |      0|  0|  11|           8|           2|
    |icmp_ln1128_1_fu_2712_p2    |   icmp   |      0|  0|  18|          23|           1|
    |icmp_ln1128_2_fu_2670_p2    |   icmp   |      0|  0|  11|           8|           2|
    |icmp_ln1128_3_fu_2676_p2    |   icmp   |      0|  0|  18|          23|           1|
    |icmp_ln1128_fu_2706_p2      |   icmp   |      0|  0|  11|           8|           2|
    |icmp_ln1147_fu_2909_p2      |   icmp   |      0|  0|  11|           8|           8|
    |icmp_ln1148_fu_2914_p2      |   icmp   |      0|  0|  11|           8|           8|
    |icmp_ln1150_fu_2920_p2      |   icmp   |      0|  0|  11|           8|           8|
    |icmp_ln1152_1_fu_2801_p2    |   icmp   |      0|  0|  18|          23|           1|
    |icmp_ln1152_2_fu_2813_p2    |   icmp   |      0|  0|  11|           8|           2|
    |icmp_ln1152_3_fu_2819_p2    |   icmp   |      0|  0|  18|          23|           1|
    |icmp_ln1152_fu_2795_p2      |   icmp   |      0|  0|  11|           8|           2|
    |icmp_ln1158_1_fu_2891_p2    |   icmp   |      0|  0|  18|          23|           1|
    |icmp_ln1158_2_fu_2897_p2    |   icmp   |      0|  0|  11|           8|           2|
    |icmp_ln1158_3_fu_2903_p2    |   icmp   |      0|  0|  18|          23|           1|
    |icmp_ln1158_fu_2885_p2      |   icmp   |      0|  0|  11|           8|           2|
    |icmp_ln883_1_fu_440_p2      |   icmp   |      0|  0|  18|          23|           1|
    |icmp_ln883_fu_434_p2        |   icmp   |      0|  0|  11|           8|           2|
    |icmp_ln899_1_fu_494_p2      |   icmp   |      0|  0|  18|          23|           1|
    |icmp_ln899_fu_488_p2        |   icmp   |      0|  0|  11|           8|           2|
    |icmp_ln906_1_fu_540_p2      |   icmp   |      0|  0|  18|          23|           1|
    |icmp_ln906_fu_534_p2        |   icmp   |      0|  0|  11|           8|           2|
    |icmp_ln918_1_fu_626_p2      |   icmp   |      0|  0|  18|          23|           1|
    |icmp_ln918_2_fu_583_p2      |   icmp   |      0|  0|  11|           8|           2|
    |icmp_ln918_3_fu_589_p2      |   icmp   |      0|  0|  18|          23|           1|
    |icmp_ln918_fu_620_p2        |   icmp   |      0|  0|  11|           8|           2|
    |icmp_ln934_1_fu_702_p2      |   icmp   |      0|  0|  18|          23|           1|
    |icmp_ln934_fu_696_p2        |   icmp   |      0|  0|  11|           8|           2|
    |icmp_ln941_1_fu_769_p2      |   icmp   |      0|  0|  18|          23|           1|
    |icmp_ln941_2_fu_781_p2      |   icmp   |      0|  0|  11|           8|           2|
    |icmp_ln941_3_fu_787_p2      |   icmp   |      0|  0|  18|          23|           1|
    |icmp_ln941_fu_763_p2        |   icmp   |      0|  0|  11|           8|           2|
    |icmp_ln948_1_fu_859_p2      |   icmp   |      0|  0|  18|          23|           1|
    |icmp_ln948_2_fu_871_p2      |   icmp   |      0|  0|  11|           8|           2|
    |icmp_ln948_3_fu_877_p2      |   icmp   |      0|  0|  18|          23|           1|
    |icmp_ln948_fu_853_p2        |   icmp   |      0|  0|  11|           8|           2|
    |icmp_ln953_1_fu_977_p2      |   icmp   |      0|  0|  18|          23|           1|
    |icmp_ln953_2_fu_935_p2      |   icmp   |      0|  0|  11|           8|           2|
    |icmp_ln953_3_fu_941_p2      |   icmp   |      0|  0|  18|          23|           1|
    |icmp_ln953_fu_971_p2        |   icmp   |      0|  0|  11|           8|           2|
    |icmp_ln969_1_fu_1049_p2     |   icmp   |      0|  0|  18|          23|           1|
    |icmp_ln969_fu_1043_p2       |   icmp   |      0|  0|  11|           8|           2|
    |icmp_ln976_1_fu_1116_p2     |   icmp   |      0|  0|  18|          23|           1|
    |icmp_ln976_2_fu_1128_p2     |   icmp   |      0|  0|  11|           8|           2|
    |icmp_ln976_3_fu_1134_p2     |   icmp   |      0|  0|  18|          23|           1|
    |icmp_ln976_fu_1110_p2       |   icmp   |      0|  0|  11|           8|           2|
    |icmp_ln983_1_fu_1206_p2     |   icmp   |      0|  0|  18|          23|           1|
    |icmp_ln983_2_fu_1218_p2     |   icmp   |      0|  0|  11|           8|           2|
    |icmp_ln983_3_fu_1224_p2     |   icmp   |      0|  0|  18|          23|           1|
    |icmp_ln983_fu_1200_p2       |   icmp   |      0|  0|  11|           8|           2|
    |icmp_ln988_1_fu_1324_p2     |   icmp   |      0|  0|  18|          23|           1|
    |icmp_ln988_2_fu_1282_p2     |   icmp   |      0|  0|  11|           8|           2|
    |icmp_ln988_3_fu_1288_p2     |   icmp   |      0|  0|  18|          23|           1|
    |icmp_ln988_fu_1318_p2       |   icmp   |      0|  0|  11|           8|           2|
    |ap_block_state1             |    or    |      0|  0|   2|           1|           1|
    |or_ln1004_fu_1402_p2        |    or    |      0|  0|   2|           1|           1|
    |or_ln1011_1_fu_1487_p2      |    or    |      0|  0|   2|           1|           1|
    |or_ln1011_fu_1469_p2        |    or    |      0|  0|   2|           1|           1|
    |or_ln1018_1_fu_1577_p2      |    or    |      0|  0|   2|           1|           1|
    |or_ln1018_fu_1559_p2        |    or    |      0|  0|   2|           1|           1|
    |or_ln1023_1_fu_1683_p2      |    or    |      0|  0|   2|           1|           1|
    |or_ln1023_fu_1677_p2        |    or    |      0|  0|   2|           1|           1|
    |or_ln1039_fu_1749_p2        |    or    |      0|  0|   2|           1|           1|
    |or_ln1046_1_fu_1834_p2      |    or    |      0|  0|   2|           1|           1|
    |or_ln1046_fu_1816_p2        |    or    |      0|  0|   2|           1|           1|
    |or_ln1053_1_fu_1924_p2      |    or    |      0|  0|   2|           1|           1|
    |or_ln1053_fu_1906_p2        |    or    |      0|  0|   2|           1|           1|
    |or_ln1058_1_fu_2030_p2      |    or    |      0|  0|   2|           1|           1|
    |or_ln1058_fu_2024_p2        |    or    |      0|  0|   2|           1|           1|
    |or_ln1074_fu_2096_p2        |    or    |      0|  0|   2|           1|           1|
    |or_ln1081_1_fu_2181_p2      |    or    |      0|  0|   2|           1|           1|
    |or_ln1081_fu_2163_p2        |    or    |      0|  0|   2|           1|           1|
    |or_ln1088_1_fu_2271_p2      |    or    |      0|  0|   2|           1|           1|
    |or_ln1088_fu_2253_p2        |    or    |      0|  0|   2|           1|           1|
    |or_ln1093_1_fu_2377_p2      |    or    |      0|  0|   2|           1|           1|
    |or_ln1093_fu_2371_p2        |    or    |      0|  0|   2|           1|           1|
    |or_ln1109_fu_2443_p2        |    or    |      0|  0|   2|           1|           1|
    |or_ln1116_1_fu_2528_p2      |    or    |      0|  0|   2|           1|           1|
    |or_ln1116_fu_2510_p2        |    or    |      0|  0|   2|           1|           1|
    |or_ln1123_1_fu_2618_p2      |    or    |      0|  0|   2|           1|           1|
    |or_ln1123_fu_2600_p2        |    or    |      0|  0|   2|           1|           1|
    |or_ln1128_1_fu_2724_p2      |    or    |      0|  0|   2|           1|           1|
    |or_ln1128_fu_2718_p2        |    or    |      0|  0|   2|           1|           1|
    |or_ln1152_1_fu_2825_p2      |    or    |      0|  0|   2|           1|           1|
    |or_ln1152_fu_2807_p2        |    or    |      0|  0|   2|           1|           1|
    |or_ln1158_1_fu_2929_p2      |    or    |      0|  0|   2|           1|           1|
    |or_ln1158_fu_2925_p2        |    or    |      0|  0|   2|           1|           1|
    |or_ln1166_1_fu_2951_p2      |    or    |      0|  0|   2|           1|           1|
    |or_ln1166_2_fu_2970_p2      |    or    |      0|  0|   2|           1|           1|
    |or_ln1166_fu_2945_p2        |    or    |      0|  0|   2|           1|           1|
    |or_ln883_fu_446_p2          |    or    |      0|  0|   2|           1|           1|
    |or_ln899_fu_500_p2          |    or    |      0|  0|   2|           1|           1|
    |or_ln906_fu_546_p2          |    or    |      0|  0|   2|           1|           1|
    |or_ln918_1_fu_638_p2        |    or    |      0|  0|   2|           1|           1|
    |or_ln918_fu_632_p2          |    or    |      0|  0|   2|           1|           1|
    |or_ln934_fu_708_p2          |    or    |      0|  0|   2|           1|           1|
    |or_ln941_1_fu_793_p2        |    or    |      0|  0|   2|           1|           1|
    |or_ln941_fu_775_p2          |    or    |      0|  0|   2|           1|           1|
    |or_ln948_1_fu_883_p2        |    or    |      0|  0|   2|           1|           1|
    |or_ln948_fu_865_p2          |    or    |      0|  0|   2|           1|           1|
    |or_ln953_1_fu_989_p2        |    or    |      0|  0|   2|           1|           1|
    |or_ln953_fu_983_p2          |    or    |      0|  0|   2|           1|           1|
    |or_ln969_fu_1055_p2         |    or    |      0|  0|   2|           1|           1|
    |or_ln976_1_fu_1140_p2       |    or    |      0|  0|   2|           1|           1|
    |or_ln976_fu_1122_p2         |    or    |      0|  0|   2|           1|           1|
    |or_ln983_1_fu_1230_p2       |    or    |      0|  0|   2|           1|           1|
    |or_ln983_fu_1212_p2         |    or    |      0|  0|   2|           1|           1|
    |or_ln988_1_fu_1336_p2       |    or    |      0|  0|   2|           1|           1|
    |or_ln988_fu_1330_p2         |    or    |      0|  0|   2|           1|           1|
    |d2_w1_2_fu_2843_p3          |  select  |      0|  0|  32|           1|          32|
    |dbest_w10_1_fu_659_p3       |  select  |      0|  0|  32|           1|          32|
    |dbest_w13_2_fu_2455_p3      |  select  |      0|  0|  32|           1|          32|
    |dbest_w15_1_fu_1352_p3      |  select  |      0|  0|  32|           1|          32|
    |dbest_w16_2_fu_2108_p3      |  select  |      0|  0|  32|           1|          32|
    |dbest_w17_2_fu_1414_p3      |  select  |      0|  0|  32|           1|          32|
    |dbest_w18_2_fu_509_p3       |  select  |      0|  0|  32|           1|          32|
    |dbest_w18_fu_463_p3         |  select  |      0|  0|  32|           1|          32|
    |dbest_w19_2_fu_901_p3       |  select  |      0|  0|  32|           1|          32|
    |dbest_w1_2_fu_1595_p3       |  select  |      0|  0|  32|           1|          32|
    |dbest_w20_2_fu_2546_p3      |  select  |      0|  0|  32|           1|          32|
    |dbest_w21_2_fu_2199_p3      |  select  |      0|  0|  32|           1|          32|
    |dbest_w23_1_fu_2046_p3      |  select  |      0|  0|  32|           1|          32|
    |dbest_w24_2_fu_720_p3       |  select  |      0|  0|  32|           1|          32|
    |dbest_w25_2_fu_1248_p3      |  select  |      0|  0|  32|           1|          32|
    |dbest_w26_fu_558_p3         |  select  |      0|  0|  32|           1|          31|
    |dbest_w27_2_fu_1158_p3      |  select  |      0|  0|  32|           1|          32|
    |dbest_w28_2_fu_1761_p3      |  select  |      0|  0|  32|           1|          32|
    |dbest_w29_1_fu_2740_p3      |  select  |      0|  0|  32|           1|          32|
    |dbest_w2_2_fu_1942_p3       |  select  |      0|  0|  32|           1|          32|
    |dbest_w30_2_fu_1852_p3      |  select  |      0|  0|  32|           1|          32|
    |dbest_w31_1_fu_1707_p3      |  select  |      0|  0|  32|           1|          32|
    |dbest_w32_2_fu_811_p3       |  select  |      0|  0|  32|           1|          32|
    |dbest_w3_2_fu_1067_p3       |  select  |      0|  0|  32|           1|          32|
    |dbest_w4_2_fu_2289_p3       |  select  |      0|  0|  32|           1|          32|
    |dbest_w6_1_fu_2401_p3       |  select  |      0|  0|  32|           1|          32|
    |dbest_w7_2_fu_2636_p3       |  select  |      0|  0|  32|           1|          32|
    |dbest_w8_1_fu_1005_p3       |  select  |      0|  0|  32|           1|          32|
    |dbest_w9_2_fu_1505_p3       |  select  |      0|  0|  32|           1|          32|
    |index_w10_fu_1605_p3        |  select  |      0|  0|   3|           1|           3|
    |index_w12_fu_2299_p3        |  select  |      0|  0|   3|           1|           3|
    |index_w15_fu_1258_p3        |  select  |      0|  0|   3|           1|           3|
    |index_w18_fu_2646_p3        |  select  |      0|  0|   3|           1|           3|
    |index_w24_fu_911_p3         |  select  |      0|  0|   3|           1|           3|
    |index_w4_fu_1952_p3         |  select  |      0|  0|   3|           1|           3|
    |muxOutput_w4_fu_595_p3      |  select  |      0|  0|  64|           1|          64|
    |out_r                       |  select  |      0|  0|   8|           1|           8|
    |select_ln1023_fu_1699_p3    |  select  |      0|  0|   8|           1|           8|
    |select_ln1058_fu_2054_p3    |  select  |      0|  0|   8|           1|           8|
    |select_ln1093_fu_2393_p3    |  select  |      0|  0|   8|           1|           8|
    |select_ln1128_fu_2748_p3    |  select  |      0|  0|   8|           1|           8|
    |select_ln1166_1_fu_2963_p3  |  select  |      0|  0|   8|           1|           8|
    |select_ln1166_fu_2957_p3    |  select  |      0|  0|   8|           1|           8|
    |select_ln918_fu_667_p3      |  select  |      0|  0|   8|           1|           8|
    |select_ln953_fu_1013_p3     |  select  |      0|  0|   8|           1|           8|
    |select_ln988_fu_1360_p3     |  select  |      0|  0|   8|           1|           8|
    +----------------------------+----------+-------+---+----+------------+------------+
    |Total                       |          |      0|  0|2814|        1757|        1372|
    +----------------------------+----------+-------+---+----+------------+------------+

    * Multiplexer: 
    +------------------------------------+-----+-----------+-----+-----------+
    |                Name                | LUT | Input Size| Bits| Total Bits|
    +------------------------------------+-----+-----------+-----+-----------+
    |BestPointsClasses_address0          |   50|         11|    2|         22|
    |BestPointsClasses_address1          |   50|         11|    2|         22|
    |BestPointsClasses_d0                |   15|          3|    8|         24|
    |BestPointsDistances_address0        |  101|         21|    2|         42|
    |BestPointsDistances_address1        |   15|          3|    2|          6|
    |BestPointsDistances_d0              |   47|         10|   32|        320|
    |ap_NS_fsm                           |  373|         85|    1|         85|
    |ap_done                             |    9|          2|    1|          2|
    |distance_array_0_address0           |   44|          9|    3|         27|
    |grp_fu_387_opcode                   |   15|          3|    5|         15|
    |grp_fu_387_p0                       |   33|          6|   32|        192|
    |grp_fu_387_p1                       |  109|         23|   32|        736|
    |grp_fu_396_p0                       |   44|          9|   32|        288|
    |grp_p_hls_fptosi_double_s_fu_380_x  |   15|          3|   64|        192|
    |knownClasses_address0               |   44|          9|    3|         27|
    |reg_404                             |    9|          2|   32|         64|
    +------------------------------------+-----+-----------+-----+-----------+
    |Total                               |  973|        210|  253|       2064|
    +------------------------------------+-----+-----------+-----+-----------+

    * Register: 
    +-----------------------------------------------+----+----+-----+-----------+
    |                      Name                     | FF | LUT| Bits| Const Bits|
    +-----------------------------------------------+----+----+-----+-----------+
    |BestPointsClasses_ad_3_reg_3090                |   1|   0|    2|          1|
    |BestPointsClasses_ad_4_reg_3176                |   2|   0|    2|          0|
    |BestPointsClasses_ad_5_reg_3252                |   2|   0|    2|          0|
    |BestPointsClasses_ad_6_reg_3328                |   2|   0|    2|          0|
    |BestPointsClasses_ad_7_reg_3404                |   2|   0|    2|          0|
    |BestPointsClasses_ad_8_reg_3480                |   2|   0|    2|          0|
    |BestPointsClasses_ad_9_reg_3556                |   2|   0|    2|          0|
    |BestPointsDistances_3_reg_3096                 |   1|   0|    2|          1|
    |BestPointsDistances_4_reg_3182                 |   2|   0|    2|          0|
    |BestPointsDistances_5_reg_3258                 |   2|   0|    2|          0|
    |BestPointsDistances_6_reg_3334                 |   2|   0|    2|          0|
    |BestPointsDistances_7_reg_3410                 |   2|   0|    2|          0|
    |BestPointsDistances_8_reg_3486                 |   2|   0|    2|          0|
    |BestPointsDistances_9_reg_3562                 |   2|   0|    2|          0|
    |and_ln1011_1_reg_3290                          |   1|   0|    1|          0|
    |and_ln1018_1_reg_3302                          |   1|   0|    1|          0|
    |and_ln1046_1_reg_3366                          |   1|   0|    1|          0|
    |and_ln1053_1_reg_3378                          |   1|   0|    1|          0|
    |and_ln1081_1_reg_3442                          |   1|   0|    1|          0|
    |and_ln1088_1_reg_3454                          |   1|   0|    1|          0|
    |and_ln1116_1_reg_3518                          |   1|   0|    1|          0|
    |and_ln1123_1_reg_3530                          |   1|   0|    1|          0|
    |and_ln1152_1_reg_3594                          |   1|   0|    1|          0|
    |and_ln883_reg_2995                             |   1|   0|    1|          0|
    |and_ln906_reg_3047                             |   1|   0|    1|          0|
    |and_ln918_1_reg_3084                           |   1|   0|    1|          0|
    |and_ln941_1_reg_3138                           |   1|   0|    1|          0|
    |and_ln948_1_reg_3150                           |   1|   0|    1|          0|
    |and_ln976_1_reg_3214                           |   1|   0|    1|          0|
    |and_ln983_1_reg_3226                           |   1|   0|    1|          0|
    |ap_CS_fsm                                      |  84|   0|   84|          0|
    |ap_done_reg                                    |   1|   0|    1|          0|
    |c1_w1_reg_3605                                 |   8|   0|    8|          0|
    |d2_w1_2_reg_3599                               |  32|   0|   32|          0|
    |d2_w1_reg_3587                                 |  32|   0|   32|          0|
    |dbest_w13_2_reg_3511                           |  32|   0|   32|          0|
    |dbest_w15_1_reg_3268                           |  32|   0|   32|          0|
    |dbest_w16_2_reg_3435                           |  32|   0|   32|          0|
    |dbest_w17_2_reg_3283                           |  32|   0|   32|          0|
    |dbest_w18_2_reg_3040                           |  32|   0|   32|          0|
    |dbest_w18_reg_3006                             |  32|   0|   32|          0|
    |dbest_w19_2_reg_3155                           |  32|   0|   32|          0|
    |dbest_w1_2_reg_3307                            |  32|   0|   32|          0|
    |dbest_w20_2_reg_3523                           |  32|   0|   32|          0|
    |dbest_w21_2_reg_3447                           |  32|   0|   32|          0|
    |dbest_w23_1_reg_3420                           |  32|   0|   32|          0|
    |dbest_w24_2_reg_3131                           |  32|   0|   32|          0|
    |dbest_w25_2_reg_3231                           |  32|   0|   32|          0|
    |dbest_w27_2_reg_3219                           |  32|   0|   32|          0|
    |dbest_w28_2_reg_3359                           |  32|   0|   32|          0|
    |dbest_w29_1_reg_3572                           |  32|   0|   32|          0|
    |dbest_w2_2_reg_3383                            |  32|   0|   32|          0|
    |dbest_w30_2_reg_3371                           |  32|   0|   32|          0|
    |dbest_w31_1_reg_3349                           |  32|   0|   32|          0|
    |dbest_w32_2_reg_3143                           |  32|   0|   32|          0|
    |dbest_w3_2_reg_3207                            |  32|   0|   32|          0|
    |dbest_w4_2_reg_3459                            |  32|   0|   32|          0|
    |dbest_w6_1_reg_3501                            |  32|   0|   32|          0|
    |dbest_w7_2_reg_3535                            |  32|   0|   32|          0|
    |dbest_w8_1_reg_3192                            |  32|   0|   32|          0|
    |dbest_w9_2_reg_3295                            |  32|   0|   32|          0|
    |grp_p_hls_fptosi_double_s_fu_380_ap_start_reg  |   1|   0|    1|          0|
    |icmp_ln1023_2_reg_3318                         |   1|   0|    1|          0|
    |icmp_ln1023_3_reg_3323                         |   1|   0|    1|          0|
    |icmp_ln1058_2_reg_3394                         |   1|   0|    1|          0|
    |icmp_ln1058_3_reg_3399                         |   1|   0|    1|          0|
    |icmp_ln1093_2_reg_3470                         |   1|   0|    1|          0|
    |icmp_ln1093_3_reg_3475                         |   1|   0|    1|          0|
    |icmp_ln1128_2_reg_3546                         |   1|   0|    1|          0|
    |icmp_ln1128_3_reg_3551                         |   1|   0|    1|          0|
    |icmp_ln1158_1_reg_3618                         |   1|   0|    1|          0|
    |icmp_ln1158_2_reg_3623                         |   1|   0|    1|          0|
    |icmp_ln1158_3_reg_3628                         |   1|   0|    1|          0|
    |icmp_ln1158_reg_3613                           |   1|   0|    1|          0|
    |icmp_ln899_1_reg_3025                          |   1|   0|    1|          0|
    |icmp_ln899_reg_3020                            |   1|   0|    1|          0|
    |icmp_ln918_2_reg_3069                          |   1|   0|    1|          0|
    |icmp_ln918_3_reg_3074                          |   1|   0|    1|          0|
    |icmp_ln953_2_reg_3166                          |   1|   0|    1|          0|
    |icmp_ln953_3_reg_3171                          |   1|   0|    1|          0|
    |icmp_ln988_2_reg_3242                          |   1|   0|    1|          0|
    |icmp_ln988_3_reg_3247                          |   1|   0|    1|          0|
    |muxOutput_w4_reg_3079                          |  64|   0|   64|          0|
    |reg_399                                        |  32|   0|   32|          0|
    |reg_404                                        |  32|   0|   32|          0|
    |reg_411                                        |  64|   0|   64|          0|
    |select_ln1023_reg_3344                         |   8|   0|    8|          0|
    |select_ln1058_reg_3425                         |   8|   0|    8|          0|
    |select_ln1093_reg_3496                         |   8|   0|    8|          0|
    |select_ln1128_reg_3577                         |   8|   0|    8|          0|
    |select_ln918_reg_3121                          |   8|   0|    8|          0|
    |select_ln953_reg_3197                          |   8|   0|    8|          0|
    |select_ln988_reg_3273                          |   8|   0|    8|          0|
    |tmp_4_reg_3030                                 |   1|   0|    1|          0|
    +-----------------------------------------------+----+----+-----+-----------+
    |Total                                          |1301|   0| 1303|          2|
    +-----------------------------------------------+----+----+-----+-----------+



================================================================
== Interface
================================================================
* Summary: 
+---------------------------+-----+-----+------------+------------------+--------------+
|         RTL Ports         | Dir | Bits|  Protocol  |   Source Object  |    C Type    |
+---------------------------+-----+-----+------------+------------------+--------------+
|ap_clk                     |  in |    1| ap_ctrl_hs |     epilogue     | return value |
|ap_rst                     |  in |    1| ap_ctrl_hs |     epilogue     | return value |
|ap_start                   |  in |    1| ap_ctrl_hs |     epilogue     | return value |
|ap_done                    | out |    1| ap_ctrl_hs |     epilogue     | return value |
|ap_continue                |  in |    1| ap_ctrl_hs |     epilogue     | return value |
|ap_idle                    | out |    1| ap_ctrl_hs |     epilogue     | return value |
|ap_ready                   | out |    1| ap_ctrl_hs |     epilogue     | return value |
|knownClasses_address0      | out |    3|  ap_memory |   knownClasses   |     array    |
|knownClasses_ce0           | out |    1|  ap_memory |   knownClasses   |     array    |
|knownClasses_q0            |  in |    8|  ap_memory |   knownClasses   |     array    |
|distance_array_0_address0  | out |    3|  ap_memory | distance_array_0 |     array    |
|distance_array_0_ce0       | out |    1|  ap_memory | distance_array_0 |     array    |
|distance_array_0_q0        |  in |   32|  ap_memory | distance_array_0 |     array    |
|out_r                      | out |    8|   ap_vld   |       out_r      |    pointer   |
|out_r_ap_vld               | out |    1|   ap_vld   |       out_r      |    pointer   |
+---------------------------+-----+-----+------------+------------------+--------------+

