

================================================================
== Vivado HLS Report for 'knnFloatNoSqrt_8p128f_1parallel'
================================================================
* Date:           Wed Sep 16 11:42:49 2020

* Version:        2019.2 (Build 2704478 on Wed Nov 06 22:10:23 MST 2019)
* Project:        knn
* Solution:       solution1
* Product family: zynq
* Target device:  xc7z020-clg484-1


================================================================
== Performance Estimates
================================================================
+ Timing: 
    * Summary: 
    +--------+----------+----------+------------+
    |  Clock |  Target  | Estimated| Uncertainty|
    +--------+----------+----------+------------+
    |ap_clk  | 10.00 ns | 9.578 ns |   1.25 ns  |
    +--------+----------+----------+------------+

+ Latency: 
    * Summary: 
    +---------+---------+----------+----------+-----+-----+----------+
    |  Latency (cycles) |  Latency (absolute) |  Interval | Pipeline |
    |   min   |   max   |    min   |    max   | min | max |   Type   |
    +---------+---------+----------+----------+-----+-----+----------+
    |      899|      899| 8.990 us | 8.990 us |  808|  808| dataflow |
    +---------+---------+----------+----------+-----+-----+----------+

    + Detail: 
        * Instance: 
        +---------------+------------+---------+---------+----------+----------+-----+-----+---------+
        |               |            |  Latency (cycles) |  Latency (absolute) |  Interval | Pipeline|
        |    Instance   |   Module   |   min   |   max   |    min   |    max   | min | max |   Type  |
        +---------------+------------+---------+---------+----------+----------+-----+-----+---------+
        |parallel_0_U0  |parallel_0  |      807|      807| 8.070 us | 8.070 us |  807|  807|   none  |
        |epilogue_U0    |epilogue    |       91|       91| 0.910 us | 0.910 us |   91|   91|   none  |
        +---------------+------------+---------+---------+----------+----------+-----+-----+---------+

        * Loop: 
        N/A



================================================================
== Utilization Estimates
================================================================
* Summary: 
+-----------------+---------+-------+--------+-------+-----+
|       Name      | BRAM_18K| DSP48E|   FF   |  LUT  | URAM|
+-----------------+---------+-------+--------+-------+-----+
|DSP              |        -|      -|       -|      -|    -|
|Expression       |        -|      -|       0|     32|    -|
|FIFO             |        -|      -|       -|      -|    -|
|Instance         |        1|     42|   20984|  20142|    0|
|Memory           |        0|      -|      64|      4|    0|
|Multiplexer      |        -|      -|       -|     36|    -|
|Register         |        -|      -|       6|      -|    -|
+-----------------+---------+-------+--------+-------+-----+
|Total            |        1|     42|   21054|  20214|    0|
+-----------------+---------+-------+--------+-------+-----+
|Available        |      280|    220|  106400|  53200|    0|
+-----------------+---------+-------+--------+-------+-----+
|Utilization (%)  |    ~0   |     19|      19|     37|    0|
+-----------------+---------+-------+--------+-------+-----+

+ Detail: 
    * Instance: 
    +---------------+------------+---------+-------+-------+-------+-----+
    |    Instance   |   Module   | BRAM_18K| DSP48E|   FF  |  LUT  | URAM|
    +---------------+------------+---------+-------+-------+-------+-----+
    |epilogue_U0    |epilogue    |        1|      0|   1854|   5296|    0|
    |parallel_0_U0  |parallel_0  |        0|     42|  19130|  14846|    0|
    +---------------+------------+---------+-------+-------+-------+-----+
    |Total          |            |        1|     42|  20984|  20142|    0|
    +---------------+------------+---------+-------+-------+-------+-----+

    * DSP48E: 
    N/A

    * Memory: 
    +--------------------+----------------------+---------+----+----+-----+------+-----+------+-------------+
    |       Memory       |        Module        | BRAM_18K| FF | LUT| URAM| Words| Bits| Banks| W*Bits*Banks|
    +--------------------+----------------------+---------+----+----+-----+------+-----+------+-------------+
    |distance_array_0_U  |knnFloatNoSqrt_8pjbC  |        0|  64|   4|    0|     8|   32|     2|          512|
    +--------------------+----------------------+---------+----+----+-----+------+-----+------+-------------+
    |Total               |                      |        0|  64|   4|    0|     8|   32|     2|          512|
    +--------------------+----------------------+---------+----+----+-----+------+-----+------+-------------+

    * FIFO: 
    N/A

    * Expression: 
    +--------------------------------+----------+-------+---+----+------------+------------+
    |          Variable Name         | Operation| DSP48E| FF| LUT| Bitwidth P0| Bitwidth P1|
    +--------------------------------+----------+-------+---+----+------------+------------+
    |epilogue_U0_ap_ready_count      |     +    |      0|  0|  10|           2|           1|
    |parallel_0_U0_ap_ready_count    |     +    |      0|  0|  10|           2|           1|
    |ap_idle                         |    and   |      0|  0|   2|           1|           1|
    |ap_sync_ready                   |    and   |      0|  0|   2|           1|           1|
    |epilogue_U0_ap_start            |    and   |      0|  0|   2|           1|           1|
    |parallel_0_U0_ap_start          |    and   |      0|  0|   2|           1|           1|
    |ap_sync_epilogue_U0_ap_ready    |    or    |      0|  0|   2|           1|           1|
    |ap_sync_parallel_0_U0_ap_ready  |    or    |      0|  0|   2|           1|           1|
    +--------------------------------+----------+-------+---+----+------------+------------+
    |Total                           |          |      0|  0|  32|          10|           8|
    +--------------------------------+----------+-------+---+----+------------+------------+

    * Multiplexer: 
    +------------------------------------+----+-----------+-----+-----------+
    |                Name                | LUT| Input Size| Bits| Total Bits|
    +------------------------------------+----+-----------+-----+-----------+
    |ap_sync_reg_epilogue_U0_ap_ready    |   9|          2|    1|          2|
    |ap_sync_reg_parallel_0_U0_ap_ready  |   9|          2|    1|          2|
    |epilogue_U0_ap_ready_count          |   9|          2|    2|          4|
    |parallel_0_U0_ap_ready_count        |   9|          2|    2|          4|
    +------------------------------------+----+-----------+-----+-----------+
    |Total                               |  36|          8|    6|         12|
    +------------------------------------+----+-----------+-----+-----------+

    * Register: 
    +------------------------------------+---+----+-----+-----------+
    |                Name                | FF| LUT| Bits| Const Bits|
    +------------------------------------+---+----+-----+-----------+
    |ap_sync_reg_epilogue_U0_ap_ready    |  1|   0|    1|          0|
    |ap_sync_reg_parallel_0_U0_ap_ready  |  1|   0|    1|          0|
    |epilogue_U0_ap_ready_count          |  2|   0|    2|          0|
    |parallel_0_U0_ap_ready_count        |  2|   0|    2|          0|
    +------------------------------------+---+----+-----+-----------+
    |Total                               |  6|   0|    6|          0|
    +------------------------------------+---+----+-----+-----------+



================================================================
== Interface
================================================================
* Summary: 
+----------------------------+-----+-----+------------+---------------------------------+--------------+
|          RTL Ports         | Dir | Bits|  Protocol  |          Source Object          |    C Type    |
+----------------------------+-----+-----+------------+---------------------------------+--------------+
|ap_clk                      |  in |    1| ap_ctrl_hs | knnFloatNoSqrt_8p128f_1parallel | return value |
|ap_rst                      |  in |    1| ap_ctrl_hs | knnFloatNoSqrt_8p128f_1parallel | return value |
|ap_start                    |  in |    1| ap_ctrl_hs | knnFloatNoSqrt_8p128f_1parallel | return value |
|ap_done                     | out |    1| ap_ctrl_hs | knnFloatNoSqrt_8p128f_1parallel | return value |
|ap_ready                    | out |    1| ap_ctrl_hs | knnFloatNoSqrt_8p128f_1parallel | return value |
|ap_idle                     | out |    1| ap_ctrl_hs | knnFloatNoSqrt_8p128f_1parallel | return value |
|xFeatures_0                 |  in |   32|   ap_none  |           xFeatures_0           |    pointer   |
|xFeatures_1                 |  in |   32|   ap_none  |           xFeatures_1           |    pointer   |
|xFeatures_2                 |  in |   32|   ap_none  |           xFeatures_2           |    pointer   |
|xFeatures_3                 |  in |   32|   ap_none  |           xFeatures_3           |    pointer   |
|xFeatures_4                 |  in |   32|   ap_none  |           xFeatures_4           |    pointer   |
|xFeatures_5                 |  in |   32|   ap_none  |           xFeatures_5           |    pointer   |
|xFeatures_6                 |  in |   32|   ap_none  |           xFeatures_6           |    pointer   |
|xFeatures_7                 |  in |   32|   ap_none  |           xFeatures_7           |    pointer   |
|xFeatures_8                 |  in |   32|   ap_none  |           xFeatures_8           |    pointer   |
|xFeatures_9                 |  in |   32|   ap_none  |           xFeatures_9           |    pointer   |
|xFeatures_10                |  in |   32|   ap_none  |           xFeatures_10          |    pointer   |
|xFeatures_11                |  in |   32|   ap_none  |           xFeatures_11          |    pointer   |
|xFeatures_12                |  in |   32|   ap_none  |           xFeatures_12          |    pointer   |
|xFeatures_13                |  in |   32|   ap_none  |           xFeatures_13          |    pointer   |
|xFeatures_14                |  in |   32|   ap_none  |           xFeatures_14          |    pointer   |
|xFeatures_15                |  in |   32|   ap_none  |           xFeatures_15          |    pointer   |
|xFeatures_16                |  in |   32|   ap_none  |           xFeatures_16          |    pointer   |
|xFeatures_17                |  in |   32|   ap_none  |           xFeatures_17          |    pointer   |
|xFeatures_18                |  in |   32|   ap_none  |           xFeatures_18          |    pointer   |
|xFeatures_19                |  in |   32|   ap_none  |           xFeatures_19          |    pointer   |
|xFeatures_20                |  in |   32|   ap_none  |           xFeatures_20          |    pointer   |
|xFeatures_21                |  in |   32|   ap_none  |           xFeatures_21          |    pointer   |
|xFeatures_22                |  in |   32|   ap_none  |           xFeatures_22          |    pointer   |
|xFeatures_23                |  in |   32|   ap_none  |           xFeatures_23          |    pointer   |
|xFeatures_24                |  in |   32|   ap_none  |           xFeatures_24          |    pointer   |
|xFeatures_25                |  in |   32|   ap_none  |           xFeatures_25          |    pointer   |
|xFeatures_26                |  in |   32|   ap_none  |           xFeatures_26          |    pointer   |
|xFeatures_27                |  in |   32|   ap_none  |           xFeatures_27          |    pointer   |
|xFeatures_28                |  in |   32|   ap_none  |           xFeatures_28          |    pointer   |
|xFeatures_29                |  in |   32|   ap_none  |           xFeatures_29          |    pointer   |
|xFeatures_30                |  in |   32|   ap_none  |           xFeatures_30          |    pointer   |
|xFeatures_31                |  in |   32|   ap_none  |           xFeatures_31          |    pointer   |
|xFeatures_32                |  in |   32|   ap_none  |           xFeatures_32          |    pointer   |
|xFeatures_33                |  in |   32|   ap_none  |           xFeatures_33          |    pointer   |
|xFeatures_34                |  in |   32|   ap_none  |           xFeatures_34          |    pointer   |
|xFeatures_35                |  in |   32|   ap_none  |           xFeatures_35          |    pointer   |
|xFeatures_36                |  in |   32|   ap_none  |           xFeatures_36          |    pointer   |
|xFeatures_37                |  in |   32|   ap_none  |           xFeatures_37          |    pointer   |
|xFeatures_38                |  in |   32|   ap_none  |           xFeatures_38          |    pointer   |
|xFeatures_39                |  in |   32|   ap_none  |           xFeatures_39          |    pointer   |
|xFeatures_40                |  in |   32|   ap_none  |           xFeatures_40          |    pointer   |
|xFeatures_41                |  in |   32|   ap_none  |           xFeatures_41          |    pointer   |
|xFeatures_42                |  in |   32|   ap_none  |           xFeatures_42          |    pointer   |
|xFeatures_43                |  in |   32|   ap_none  |           xFeatures_43          |    pointer   |
|xFeatures_44                |  in |   32|   ap_none  |           xFeatures_44          |    pointer   |
|xFeatures_45                |  in |   32|   ap_none  |           xFeatures_45          |    pointer   |
|xFeatures_46                |  in |   32|   ap_none  |           xFeatures_46          |    pointer   |
|xFeatures_47                |  in |   32|   ap_none  |           xFeatures_47          |    pointer   |
|xFeatures_48                |  in |   32|   ap_none  |           xFeatures_48          |    pointer   |
|xFeatures_49                |  in |   32|   ap_none  |           xFeatures_49          |    pointer   |
|xFeatures_50                |  in |   32|   ap_none  |           xFeatures_50          |    pointer   |
|xFeatures_51                |  in |   32|   ap_none  |           xFeatures_51          |    pointer   |
|xFeatures_52                |  in |   32|   ap_none  |           xFeatures_52          |    pointer   |
|xFeatures_53                |  in |   32|   ap_none  |           xFeatures_53          |    pointer   |
|xFeatures_54                |  in |   32|   ap_none  |           xFeatures_54          |    pointer   |
|xFeatures_55                |  in |   32|   ap_none  |           xFeatures_55          |    pointer   |
|xFeatures_56                |  in |   32|   ap_none  |           xFeatures_56          |    pointer   |
|xFeatures_57                |  in |   32|   ap_none  |           xFeatures_57          |    pointer   |
|xFeatures_58                |  in |   32|   ap_none  |           xFeatures_58          |    pointer   |
|xFeatures_59                |  in |   32|   ap_none  |           xFeatures_59          |    pointer   |
|xFeatures_60                |  in |   32|   ap_none  |           xFeatures_60          |    pointer   |
|xFeatures_61                |  in |   32|   ap_none  |           xFeatures_61          |    pointer   |
|xFeatures_62                |  in |   32|   ap_none  |           xFeatures_62          |    pointer   |
|xFeatures_63                |  in |   32|   ap_none  |           xFeatures_63          |    pointer   |
|xFeatures_64                |  in |   32|   ap_none  |           xFeatures_64          |    pointer   |
|xFeatures_65                |  in |   32|   ap_none  |           xFeatures_65          |    pointer   |
|xFeatures_66                |  in |   32|   ap_none  |           xFeatures_66          |    pointer   |
|xFeatures_67                |  in |   32|   ap_none  |           xFeatures_67          |    pointer   |
|xFeatures_68                |  in |   32|   ap_none  |           xFeatures_68          |    pointer   |
|xFeatures_69                |  in |   32|   ap_none  |           xFeatures_69          |    pointer   |
|xFeatures_70                |  in |   32|   ap_none  |           xFeatures_70          |    pointer   |
|xFeatures_71                |  in |   32|   ap_none  |           xFeatures_71          |    pointer   |
|xFeatures_72                |  in |   32|   ap_none  |           xFeatures_72          |    pointer   |
|xFeatures_73                |  in |   32|   ap_none  |           xFeatures_73          |    pointer   |
|xFeatures_74                |  in |   32|   ap_none  |           xFeatures_74          |    pointer   |
|xFeatures_75                |  in |   32|   ap_none  |           xFeatures_75          |    pointer   |
|xFeatures_76                |  in |   32|   ap_none  |           xFeatures_76          |    pointer   |
|xFeatures_77                |  in |   32|   ap_none  |           xFeatures_77          |    pointer   |
|xFeatures_78                |  in |   32|   ap_none  |           xFeatures_78          |    pointer   |
|xFeatures_79                |  in |   32|   ap_none  |           xFeatures_79          |    pointer   |
|xFeatures_80                |  in |   32|   ap_none  |           xFeatures_80          |    pointer   |
|xFeatures_81                |  in |   32|   ap_none  |           xFeatures_81          |    pointer   |
|xFeatures_82                |  in |   32|   ap_none  |           xFeatures_82          |    pointer   |
|xFeatures_83                |  in |   32|   ap_none  |           xFeatures_83          |    pointer   |
|xFeatures_84                |  in |   32|   ap_none  |           xFeatures_84          |    pointer   |
|xFeatures_85                |  in |   32|   ap_none  |           xFeatures_85          |    pointer   |
|xFeatures_86                |  in |   32|   ap_none  |           xFeatures_86          |    pointer   |
|xFeatures_87                |  in |   32|   ap_none  |           xFeatures_87          |    pointer   |
|xFeatures_88                |  in |   32|   ap_none  |           xFeatures_88          |    pointer   |
|xFeatures_89                |  in |   32|   ap_none  |           xFeatures_89          |    pointer   |
|xFeatures_90                |  in |   32|   ap_none  |           xFeatures_90          |    pointer   |
|xFeatures_91                |  in |   32|   ap_none  |           xFeatures_91          |    pointer   |
|xFeatures_92                |  in |   32|   ap_none  |           xFeatures_92          |    pointer   |
|xFeatures_93                |  in |   32|   ap_none  |           xFeatures_93          |    pointer   |
|xFeatures_94                |  in |   32|   ap_none  |           xFeatures_94          |    pointer   |
|xFeatures_95                |  in |   32|   ap_none  |           xFeatures_95          |    pointer   |
|xFeatures_96                |  in |   32|   ap_none  |           xFeatures_96          |    pointer   |
|xFeatures_97                |  in |   32|   ap_none  |           xFeatures_97          |    pointer   |
|xFeatures_98                |  in |   32|   ap_none  |           xFeatures_98          |    pointer   |
|xFeatures_99                |  in |   32|   ap_none  |           xFeatures_99          |    pointer   |
|xFeatures_100               |  in |   32|   ap_none  |          xFeatures_100          |    pointer   |
|xFeatures_101               |  in |   32|   ap_none  |          xFeatures_101          |    pointer   |
|xFeatures_102               |  in |   32|   ap_none  |          xFeatures_102          |    pointer   |
|xFeatures_103               |  in |   32|   ap_none  |          xFeatures_103          |    pointer   |
|xFeatures_104               |  in |   32|   ap_none  |          xFeatures_104          |    pointer   |
|xFeatures_105               |  in |   32|   ap_none  |          xFeatures_105          |    pointer   |
|xFeatures_106               |  in |   32|   ap_none  |          xFeatures_106          |    pointer   |
|xFeatures_107               |  in |   32|   ap_none  |          xFeatures_107          |    pointer   |
|xFeatures_108               |  in |   32|   ap_none  |          xFeatures_108          |    pointer   |
|xFeatures_109               |  in |   32|   ap_none  |          xFeatures_109          |    pointer   |
|xFeatures_110               |  in |   32|   ap_none  |          xFeatures_110          |    pointer   |
|xFeatures_111               |  in |   32|   ap_none  |          xFeatures_111          |    pointer   |
|xFeatures_112               |  in |   32|   ap_none  |          xFeatures_112          |    pointer   |
|xFeatures_113               |  in |   32|   ap_none  |          xFeatures_113          |    pointer   |
|xFeatures_114               |  in |   32|   ap_none  |          xFeatures_114          |    pointer   |
|xFeatures_115               |  in |   32|   ap_none  |          xFeatures_115          |    pointer   |
|xFeatures_116               |  in |   32|   ap_none  |          xFeatures_116          |    pointer   |
|xFeatures_117               |  in |   32|   ap_none  |          xFeatures_117          |    pointer   |
|xFeatures_118               |  in |   32|   ap_none  |          xFeatures_118          |    pointer   |
|xFeatures_119               |  in |   32|   ap_none  |          xFeatures_119          |    pointer   |
|xFeatures_120               |  in |   32|   ap_none  |          xFeatures_120          |    pointer   |
|xFeatures_121               |  in |   32|   ap_none  |          xFeatures_121          |    pointer   |
|xFeatures_122               |  in |   32|   ap_none  |          xFeatures_122          |    pointer   |
|xFeatures_123               |  in |   32|   ap_none  |          xFeatures_123          |    pointer   |
|xFeatures_124               |  in |   32|   ap_none  |          xFeatures_124          |    pointer   |
|xFeatures_125               |  in |   32|   ap_none  |          xFeatures_125          |    pointer   |
|xFeatures_126               |  in |   32|   ap_none  |          xFeatures_126          |    pointer   |
|xFeatures_127               |  in |   32|   ap_none  |          xFeatures_127          |    pointer   |
|knownClasses_address0       | out |    3|  ap_memory |           knownClasses          |     array    |
|knownClasses_ce0            | out |    1|  ap_memory |           knownClasses          |     array    |
|knownClasses_d0             | out |    8|  ap_memory |           knownClasses          |     array    |
|knownClasses_q0             |  in |    8|  ap_memory |           knownClasses          |     array    |
|knownClasses_we0            | out |    1|  ap_memory |           knownClasses          |     array    |
|knownClasses_address1       | out |    3|  ap_memory |           knownClasses          |     array    |
|knownClasses_ce1            | out |    1|  ap_memory |           knownClasses          |     array    |
|knownClasses_d1             | out |    8|  ap_memory |           knownClasses          |     array    |
|knownClasses_q1             |  in |    8|  ap_memory |           knownClasses          |     array    |
|knownClasses_we1            | out |    1|  ap_memory |           knownClasses          |     array    |
|knownFeatures_0_0_address0  | out |    9|  ap_memory |        knownFeatures_0_0        |     array    |
|knownFeatures_0_0_ce0       | out |    1|  ap_memory |        knownFeatures_0_0        |     array    |
|knownFeatures_0_0_d0        | out |   32|  ap_memory |        knownFeatures_0_0        |     array    |
|knownFeatures_0_0_q0        |  in |   32|  ap_memory |        knownFeatures_0_0        |     array    |
|knownFeatures_0_0_we0       | out |    1|  ap_memory |        knownFeatures_0_0        |     array    |
|knownFeatures_0_0_address1  | out |    9|  ap_memory |        knownFeatures_0_0        |     array    |
|knownFeatures_0_0_ce1       | out |    1|  ap_memory |        knownFeatures_0_0        |     array    |
|knownFeatures_0_0_d1        | out |   32|  ap_memory |        knownFeatures_0_0        |     array    |
|knownFeatures_0_0_q1        |  in |   32|  ap_memory |        knownFeatures_0_0        |     array    |
|knownFeatures_0_0_we1       | out |    1|  ap_memory |        knownFeatures_0_0        |     array    |
|knownFeatures_0_1_address0  | out |    9|  ap_memory |        knownFeatures_0_1        |     array    |
|knownFeatures_0_1_ce0       | out |    1|  ap_memory |        knownFeatures_0_1        |     array    |
|knownFeatures_0_1_d0        | out |   32|  ap_memory |        knownFeatures_0_1        |     array    |
|knownFeatures_0_1_q0        |  in |   32|  ap_memory |        knownFeatures_0_1        |     array    |
|knownFeatures_0_1_we0       | out |    1|  ap_memory |        knownFeatures_0_1        |     array    |
|knownFeatures_0_1_address1  | out |    9|  ap_memory |        knownFeatures_0_1        |     array    |
|knownFeatures_0_1_ce1       | out |    1|  ap_memory |        knownFeatures_0_1        |     array    |
|knownFeatures_0_1_d1        | out |   32|  ap_memory |        knownFeatures_0_1        |     array    |
|knownFeatures_0_1_q1        |  in |   32|  ap_memory |        knownFeatures_0_1        |     array    |
|knownFeatures_0_1_we1       | out |    1|  ap_memory |        knownFeatures_0_1        |     array    |
|knownFeatures_0_2_address0  | out |    9|  ap_memory |        knownFeatures_0_2        |     array    |
|knownFeatures_0_2_ce0       | out |    1|  ap_memory |        knownFeatures_0_2        |     array    |
|knownFeatures_0_2_d0        | out |   32|  ap_memory |        knownFeatures_0_2        |     array    |
|knownFeatures_0_2_q0        |  in |   32|  ap_memory |        knownFeatures_0_2        |     array    |
|knownFeatures_0_2_we0       | out |    1|  ap_memory |        knownFeatures_0_2        |     array    |
|knownFeatures_0_2_address1  | out |    9|  ap_memory |        knownFeatures_0_2        |     array    |
|knownFeatures_0_2_ce1       | out |    1|  ap_memory |        knownFeatures_0_2        |     array    |
|knownFeatures_0_2_d1        | out |   32|  ap_memory |        knownFeatures_0_2        |     array    |
|knownFeatures_0_2_q1        |  in |   32|  ap_memory |        knownFeatures_0_2        |     array    |
|knownFeatures_0_2_we1       | out |    1|  ap_memory |        knownFeatures_0_2        |     array    |
|out_r                       | out |    8|   ap_vld   |              out_r              |    pointer   |
|out_r_ap_vld                | out |    1|   ap_vld   |              out_r              |    pointer   |
+----------------------------+-----+-----+------------+---------------------------------+--------------+

