

================================================================
== Vivado HLS Report for 'parallel_0'
================================================================
* Date:           Wed Sep 16 11:42:42 2020

* Version:        2019.2 (Build 2704478 on Wed Nov 06 22:10:23 MST 2019)
* Project:        knn
* Solution:       solution1
* Product family: zynq
* Target device:  xc7z020-clg484-1


================================================================
== Performance Estimates
================================================================
+ Timing: 
    * Summary: 
    +--------+----------+----------+------------+
    |  Clock |  Target  | Estimated| Uncertainty|
    +--------+----------+----------+------------+
    |ap_clk  | 10.00 ns | 9.489 ns |   1.25 ns  |
    +--------+----------+----------+------------+

+ Latency: 
    * Summary: 
    +---------+---------+----------+----------+-----+-----+---------+
    |  Latency (cycles) |  Latency (absolute) |  Interval | Pipeline|
    |   min   |   max   |    min   |    max   | min | max |   Type  |
    +---------+---------+----------+----------+-----+-----+---------+
    |      807|      807| 8.070 us | 8.070 us |  807|  807|   none  |
    +---------+---------+----------+----------+-----+-----+---------+

    + Detail: 
        * Instance: 
        N/A

        * Loop: 
        +----------+---------+---------+----------+-----------+-----------+------+----------+
        |          |  Latency (cycles) | Iteration|  Initiation Interval  | Trip |          |
        | Loop Name|   min   |   max   |  Latency |  achieved |   target  | Count| Pipelined|
        +----------+---------+---------+----------+-----------+-----------+------+----------+
        |- Loop 1  |      805|      805|       652|         22|          1|     8|    yes   |
        +----------+---------+---------+----------+-----------+-----------+------+----------+



================================================================
== Utilization Estimates
================================================================
* Summary: 
+-----------------+---------+-------+--------+-------+-----+
|       Name      | BRAM_18K| DSP48E|   FF   |  LUT  | URAM|
+-----------------+---------+-------+--------+-------+-----+
|DSP              |        -|      -|       -|      -|    -|
|Expression       |        -|      -|       0|   1297|    -|
|FIFO             |        -|      -|       -|      -|    -|
|Instance         |        -|     42|    3318|   6606|    -|
|Memory           |        -|      -|       -|      -|    -|
|Multiplexer      |        -|      -|       -|   3071|    -|
|Register         |        0|      -|   15812|   3872|    -|
+-----------------+---------+-------+--------+-------+-----+
|Total            |        0|     42|   19130|  14846|    0|
+-----------------+---------+-------+--------+-------+-----+
|Available        |      280|    220|  106400|  53200|    0|
+-----------------+---------+-------+--------+-------+-----+
|Utilization (%)  |        0|     19|      17|     27|    0|
+-----------------+---------+-------+--------+-------+-----+

+ Detail: 
    * Instance: 
    +--------------------------+----------------------+---------+-------+-----+-----+-----+
    |         Instance         |        Module        | BRAM_18K| DSP48E|  FF | LUT | URAM|
    +--------------------------+----------------------+---------+-------+-----+-----+-----+
    |knnFloatNoSqrt_8pbkb_U1   |knnFloatNoSqrt_8pbkb  |        0|      2|  205|  390|    0|
    |knnFloatNoSqrt_8pbkb_U2   |knnFloatNoSqrt_8pbkb  |        0|      2|  205|  390|    0|
    |knnFloatNoSqrt_8pcud_U3   |knnFloatNoSqrt_8pcud  |        0|      2|  205|  390|    0|
    |knnFloatNoSqrt_8pcud_U4   |knnFloatNoSqrt_8pcud  |        0|      2|  205|  390|    0|
    |knnFloatNoSqrt_8pcud_U5   |knnFloatNoSqrt_8pcud  |        0|      2|  205|  390|    0|
    |knnFloatNoSqrt_8pcud_U6   |knnFloatNoSqrt_8pcud  |        0|      2|  205|  390|    0|
    |knnFloatNoSqrt_8pdEe_U7   |knnFloatNoSqrt_8pdEe  |        0|      2|  205|  390|    0|
    |knnFloatNoSqrt_8pdEe_U8   |knnFloatNoSqrt_8pdEe  |        0|      2|  205|  390|    0|
    |knnFloatNoSqrt_8pdEe_U9   |knnFloatNoSqrt_8pdEe  |        0|      2|  205|  390|    0|
    |knnFloatNoSqrt_8pdEe_U10  |knnFloatNoSqrt_8pdEe  |        0|      2|  205|  390|    0|
    |knnFloatNoSqrt_8pdEe_U11  |knnFloatNoSqrt_8pdEe  |        0|      2|  205|  390|    0|
    |knnFloatNoSqrt_8pdEe_U12  |knnFloatNoSqrt_8pdEe  |        0|      2|  205|  390|    0|
    |knnFloatNoSqrt_8peOg_U13  |knnFloatNoSqrt_8peOg  |        0|      3|  143|  321|    0|
    |knnFloatNoSqrt_8peOg_U14  |knnFloatNoSqrt_8peOg  |        0|      3|  143|  321|    0|
    |knnFloatNoSqrt_8peOg_U15  |knnFloatNoSqrt_8peOg  |        0|      3|  143|  321|    0|
    |knnFloatNoSqrt_8peOg_U16  |knnFloatNoSqrt_8peOg  |        0|      3|  143|  321|    0|
    |knnFloatNoSqrt_8peOg_U17  |knnFloatNoSqrt_8peOg  |        0|      3|  143|  321|    0|
    |knnFloatNoSqrt_8peOg_U18  |knnFloatNoSqrt_8peOg  |        0|      3|  143|  321|    0|
    +--------------------------+----------------------+---------+-------+-----+-----+-----+
    |Total                     |                      |        0|     42| 3318| 6606|    0|
    +--------------------------+----------------------+---------+-------+-----+-----+-----+

    * DSP48E: 
    N/A

    * Memory: 
    N/A

    * FIFO: 
    N/A

    * Expression: 
    +-----------------------+----------+-------+---+----+------------+------------+
    |     Variable Name     | Operation| DSP48E| FF| LUT| Bitwidth P0| Bitwidth P1|
    +-----------------------+----------+-------+---+----+------------+------------+
    |add_ln274_fu_3862_p2   |     +    |      0|  0|  15|           9|           6|
    |add_ln276_fu_3880_p2   |     +    |      0|  0|  15|           9|           6|
    |add_ln277_fu_2919_p2   |     +    |      0|  0|  15|           9|           1|
    |add_ln280_fu_2942_p2   |     +    |      0|  0|  15|           9|           2|
    |add_ln282_fu_2966_p2   |     +    |      0|  0|  15|           9|           2|
    |add_ln283_fu_2954_p2   |     +    |      0|  0|  15|           9|           2|
    |add_ln285_fu_2977_p2   |     +    |      0|  0|  15|           9|           2|
    |add_ln286_fu_2988_p2   |     +    |      0|  0|  15|           9|           3|
    |add_ln288_fu_3012_p2   |     +    |      0|  0|  15|           9|           3|
    |add_ln289_fu_3000_p2   |     +    |      0|  0|  15|           9|           3|
    |add_ln291_fu_3023_p2   |     +    |      0|  0|  15|           9|           3|
    |add_ln292_fu_3034_p2   |     +    |      0|  0|  15|           9|           3|
    |add_ln294_fu_3058_p2   |     +    |      0|  0|  15|           9|           3|
    |add_ln295_fu_3046_p2   |     +    |      0|  0|  15|           9|           3|
    |add_ln297_fu_3069_p2   |     +    |      0|  0|  15|           9|           3|
    |add_ln298_fu_3080_p2   |     +    |      0|  0|  15|           9|           4|
    |add_ln300_fu_3104_p2   |     +    |      0|  0|  15|           9|           4|
    |add_ln301_fu_3092_p2   |     +    |      0|  0|  15|           9|           4|
    |add_ln303_fu_3115_p2   |     +    |      0|  0|  15|           9|           4|
    |add_ln304_fu_3126_p2   |     +    |      0|  0|  15|           9|           4|
    |add_ln306_fu_3150_p2   |     +    |      0|  0|  15|           9|           4|
    |add_ln307_fu_3138_p2   |     +    |      0|  0|  15|           9|           4|
    |add_ln309_fu_3161_p2   |     +    |      0|  0|  15|           9|           4|
    |add_ln310_fu_3172_p2   |     +    |      0|  0|  15|           9|           4|
    |add_ln312_fu_3196_p2   |     +    |      0|  0|  15|           9|           4|
    |add_ln313_fu_3184_p2   |     +    |      0|  0|  15|           9|           4|
    |add_ln315_fu_3207_p2   |     +    |      0|  0|  15|           9|           4|
    |add_ln316_fu_3218_p2   |     +    |      0|  0|  15|           9|           4|
    |add_ln318_fu_3242_p2   |     +    |      0|  0|  15|           9|           4|
    |add_ln319_fu_3230_p2   |     +    |      0|  0|  15|           9|           4|
    |add_ln321_fu_3253_p2   |     +    |      0|  0|  15|           9|           4|
    |add_ln322_fu_3264_p2   |     +    |      0|  0|  15|           9|           5|
    |add_ln324_fu_3288_p2   |     +    |      0|  0|  15|           9|           5|
    |add_ln325_fu_3276_p2   |     +    |      0|  0|  15|           9|           5|
    |add_ln327_fu_3299_p2   |     +    |      0|  0|  15|           9|           5|
    |add_ln328_fu_3310_p2   |     +    |      0|  0|  15|           9|           5|
    |add_ln330_fu_3334_p2   |     +    |      0|  0|  15|           9|           5|
    |add_ln331_fu_3322_p2   |     +    |      0|  0|  15|           9|           5|
    |add_ln333_fu_3345_p2   |     +    |      0|  0|  15|           9|           5|
    |add_ln334_fu_3356_p2   |     +    |      0|  0|  15|           9|           5|
    |add_ln336_fu_3380_p2   |     +    |      0|  0|  15|           9|           5|
    |add_ln337_fu_3368_p2   |     +    |      0|  0|  15|           9|           5|
    |add_ln339_fu_3391_p2   |     +    |      0|  0|  15|           9|           5|
    |add_ln340_fu_3402_p2   |     +    |      0|  0|  15|           9|           5|
    |add_ln342_fu_3426_p2   |     +    |      0|  0|  15|           9|           5|
    |add_ln343_fu_3414_p2   |     +    |      0|  0|  15|           9|           5|
    |add_ln345_fu_3437_p2   |     +    |      0|  0|  15|           9|           5|
    |add_ln346_fu_3448_p2   |     +    |      0|  0|  15|           9|           5|
    |add_ln348_fu_3472_p2   |     +    |      0|  0|  15|           9|           5|
    |add_ln349_fu_3460_p2   |     +    |      0|  0|  15|           9|           5|
    |add_ln351_fu_3483_p2   |     +    |      0|  0|  15|           9|           5|
    |add_ln352_fu_3494_p2   |     +    |      0|  0|  15|           9|           5|
    |add_ln354_fu_3518_p2   |     +    |      0|  0|  15|           9|           5|
    |add_ln355_fu_3506_p2   |     +    |      0|  0|  15|           9|           5|
    |add_ln357_fu_3529_p2   |     +    |      0|  0|  15|           9|           5|
    |add_ln358_fu_3540_p2   |     +    |      0|  0|  15|           9|           5|
    |add_ln360_fu_3564_p2   |     +    |      0|  0|  15|           9|           5|
    |add_ln361_fu_3552_p2   |     +    |      0|  0|  15|           9|           5|
    |add_ln363_fu_3575_p2   |     +    |      0|  0|  15|           9|           5|
    |add_ln364_fu_3586_p2   |     +    |      0|  0|  15|           9|           5|
    |add_ln366_fu_3610_p2   |     +    |      0|  0|  15|           9|           5|
    |add_ln367_fu_3598_p2   |     +    |      0|  0|  15|           9|           5|
    |add_ln369_fu_3621_p2   |     +    |      0|  0|  15|           9|           5|
    |add_ln370_fu_3632_p2   |     +    |      0|  0|  15|           9|           6|
    |add_ln372_fu_3656_p2   |     +    |      0|  0|  15|           9|           6|
    |add_ln373_fu_3644_p2   |     +    |      0|  0|  15|           9|           6|
    |add_ln375_fu_3667_p2   |     +    |      0|  0|  15|           9|           6|
    |add_ln376_fu_3678_p2   |     +    |      0|  0|  15|           9|           6|
    |add_ln378_fu_3702_p2   |     +    |      0|  0|  15|           9|           6|
    |add_ln379_fu_3690_p2   |     +    |      0|  0|  15|           9|           6|
    |add_ln381_fu_3713_p2   |     +    |      0|  0|  15|           9|           6|
    |add_ln382_fu_3724_p2   |     +    |      0|  0|  15|           9|           6|
    |add_ln384_fu_3748_p2   |     +    |      0|  0|  15|           9|           6|
    |add_ln385_fu_3736_p2   |     +    |      0|  0|  15|           9|           6|
    |add_ln387_fu_3759_p2   |     +    |      0|  0|  15|           9|           6|
    |add_ln388_fu_3770_p2   |     +    |      0|  0|  15|           9|           6|
    |add_ln390_fu_3794_p2   |     +    |      0|  0|  15|           9|           6|
    |add_ln391_fu_3782_p2   |     +    |      0|  0|  15|           9|           6|
    |add_ln393_fu_3805_p2   |     +    |      0|  0|  15|           9|           6|
    |add_ln394_fu_3816_p2   |     +    |      0|  0|  15|           9|           6|
    |add_ln396_fu_3840_p2   |     +    |      0|  0|  15|           9|           6|
    |add_ln397_fu_3828_p2   |     +    |      0|  0|  15|           9|           6|
    |add_ln399_fu_3851_p2   |     +    |      0|  0|  15|           9|           6|
    |add_ln400_fu_3868_p2   |     +    |      0|  0|  15|           9|           6|
    |i_fu_2913_p2           |     +    |      0|  0|  13|           4|           1|
    |icmp_ln270_fu_2907_p2  |   icmp   |      0|  0|  11|           4|           5|
    |ap_block_state1        |    or    |      0|  0|   2|           1|           1|
    |or_ln279_fu_2931_p2    |    or    |      0|  0|   9|           9|           1|
    |ap_enable_pp0          |    xor   |      0|  0|   2|           1|           2|
    +-----------------------+----------+-------+---+----+------------+------------+
    |Total                  |          |      0|  0|1297|         775|         405|
    +-----------------------+----------+-------+---+----+------------+------------+

    * Multiplexer: 
    +---------------------------------------+-----+-----------+-----+-----------+
    |                  Name                 | LUT | Input Size| Bits| Total Bits|
    +---------------------------------------+-----+-----------+-----+-----------+
    |ap_NS_fsm                              |  117|         25|    1|         25|
    |ap_done                                |    9|          2|    1|          2|
    |ap_enable_reg_pp0_iter29               |    9|          2|    1|          2|
    |ap_phi_mux_i_0_phi_fu_2220_p4          |    9|          2|    4|          8|
    |ap_phi_mux_phi_mul1541_phi_fu_2244_p4  |    9|          2|    9|         18|
    |ap_phi_mux_phi_mul_phi_fu_2232_p4      |    9|          2|    9|         18|
    |grp_fu_2252_p0                         |  109|         23|   32|        736|
    |grp_fu_2252_p1                         |   41|          8|   32|        256|
    |grp_fu_2257_p0                         |  109|         23|   32|        736|
    |grp_fu_2257_p1                         |   41|          8|   32|        256|
    |grp_fu_2262_opcode                     |   15|          3|    2|          6|
    |grp_fu_2262_p0                         |  109|         23|   32|        736|
    |grp_fu_2262_p1                         |   41|          8|   32|        256|
    |grp_fu_2267_opcode                     |   15|          3|    2|          6|
    |grp_fu_2267_p0                         |  109|         23|   32|        736|
    |grp_fu_2267_p1                         |   41|          8|   32|        256|
    |grp_fu_2272_opcode                     |   15|          3|    2|          6|
    |grp_fu_2272_p0                         |  109|         23|   32|        736|
    |grp_fu_2272_p1                         |   41|          8|   32|        256|
    |grp_fu_2277_opcode                     |   15|          3|    2|          6|
    |grp_fu_2277_p0                         |  109|         23|   32|        736|
    |grp_fu_2277_p1                         |   41|          8|   32|        256|
    |grp_fu_2336_p0                         |   44|          9|   32|        288|
    |grp_fu_2336_p1                         |  109|         23|   32|        736|
    |grp_fu_2401_p0                         |   41|          8|   32|        256|
    |grp_fu_2401_p1                         |  105|         22|   32|        704|
    |grp_fu_2405_p0                         |   41|          8|   32|        256|
    |grp_fu_2405_p1                         |  105|         22|   32|        704|
    |grp_fu_2409_p0                         |   41|          8|   32|        256|
    |grp_fu_2409_p1                         |  105|         22|   32|        704|
    |grp_fu_2413_p0                         |   41|          8|   32|        256|
    |grp_fu_2413_p1                         |  105|         22|   32|        704|
    |grp_fu_2417_p0                         |   38|          7|   32|        224|
    |grp_fu_2417_p1                         |   93|         19|   32|        608|
    |grp_fu_2421_p0                         |   38|          7|   32|        224|
    |grp_fu_2421_p1                         |   38|          7|   32|        224|
    |grp_fu_2425_p0                         |   38|          7|   32|        224|
    |grp_fu_2425_p1                         |   38|          7|   32|        224|
    |grp_fu_2429_p0                         |   33|          6|   32|        192|
    |grp_fu_2429_p1                         |   33|          6|   32|        192|
    |grp_fu_2433_p0                         |   33|          6|   32|        192|
    |grp_fu_2433_p1                         |   33|          6|   32|        192|
    |grp_fu_2437_p0                         |   33|          6|   32|        192|
    |grp_fu_2437_p1                         |   33|          6|   32|        192|
    |grp_fu_2441_p0                         |   33|          6|   32|        192|
    |grp_fu_2441_p1                         |   33|          6|   32|        192|
    |i_0_reg_2216                           |    9|          2|    4|          8|
    |knownFeatures_0_address0               |  109|         23|    9|        207|
    |knownFeatures_0_address1               |  105|         22|    9|        198|
    |knownFeatures_1_address0               |  109|         23|    9|        207|
    |knownFeatures_1_address1               |  105|         22|    9|        198|
    |knownFeatures_2_address0               |  105|         22|    9|        198|
    |knownFeatures_2_address1               |  105|         22|    9|        198|
    |phi_mul1541_reg_2240                   |    9|          2|    9|         18|
    |phi_mul_reg_2228                       |    9|          2|    9|         18|
    +---------------------------------------+-----+-----------+-----+-----------+
    |Total                                  | 3071|        627| 1261|      15427|
    +---------------------------------------+-----+-----------+-----+-----------+

    * Register: 
    +---------------------------------+-----+----+-----+-----------+
    |               Name              |  FF | LUT| Bits| Const Bits|
    +---------------------------------+-----+----+-----+-----------+
    |add_ln274_reg_5430               |    9|   0|    9|          0|
    |add_ln276_reg_5445               |    9|   0|    9|          0|
    |ap_CS_fsm                        |   24|   0|   24|          0|
    |ap_done_reg                      |    1|   0|    1|          0|
    |ap_enable_reg_pp0_iter0          |    1|   0|    1|          0|
    |ap_enable_reg_pp0_iter1          |    1|   0|    1|          0|
    |ap_enable_reg_pp0_iter10         |    1|   0|    1|          0|
    |ap_enable_reg_pp0_iter11         |    1|   0|    1|          0|
    |ap_enable_reg_pp0_iter12         |    1|   0|    1|          0|
    |ap_enable_reg_pp0_iter13         |    1|   0|    1|          0|
    |ap_enable_reg_pp0_iter14         |    1|   0|    1|          0|
    |ap_enable_reg_pp0_iter15         |    1|   0|    1|          0|
    |ap_enable_reg_pp0_iter16         |    1|   0|    1|          0|
    |ap_enable_reg_pp0_iter17         |    1|   0|    1|          0|
    |ap_enable_reg_pp0_iter18         |    1|   0|    1|          0|
    |ap_enable_reg_pp0_iter19         |    1|   0|    1|          0|
    |ap_enable_reg_pp0_iter2          |    1|   0|    1|          0|
    |ap_enable_reg_pp0_iter20         |    1|   0|    1|          0|
    |ap_enable_reg_pp0_iter21         |    1|   0|    1|          0|
    |ap_enable_reg_pp0_iter22         |    1|   0|    1|          0|
    |ap_enable_reg_pp0_iter23         |    1|   0|    1|          0|
    |ap_enable_reg_pp0_iter24         |    1|   0|    1|          0|
    |ap_enable_reg_pp0_iter25         |    1|   0|    1|          0|
    |ap_enable_reg_pp0_iter26         |    1|   0|    1|          0|
    |ap_enable_reg_pp0_iter27         |    1|   0|    1|          0|
    |ap_enable_reg_pp0_iter28         |    1|   0|    1|          0|
    |ap_enable_reg_pp0_iter29         |    1|   0|    1|          0|
    |ap_enable_reg_pp0_iter3          |    1|   0|    1|          0|
    |ap_enable_reg_pp0_iter4          |    1|   0|    1|          0|
    |ap_enable_reg_pp0_iter5          |    1|   0|    1|          0|
    |ap_enable_reg_pp0_iter6          |    1|   0|    1|          0|
    |ap_enable_reg_pp0_iter7          |    1|   0|    1|          0|
    |ap_enable_reg_pp0_iter8          |    1|   0|    1|          0|
    |ap_enable_reg_pp0_iter9          |    1|   0|    1|          0|
    |distance_w105_reg_5918           |   32|   0|   32|          0|
    |distance_w31_reg_5958            |   32|   0|   32|          0|
    |distance_w33_reg_5948            |   32|   0|   32|          0|
    |distance_w34_reg_5943            |   32|   0|   32|          0|
    |distance_w42_reg_5928            |   32|   0|   32|          0|
    |distance_w45_reg_5938            |   32|   0|   32|          0|
    |distance_w46_reg_5933            |   32|   0|   32|          0|
    |distance_w55_reg_5923            |   32|   0|   32|          0|
    |distance_w88_reg_5953            |   32|   0|   32|          0|
    |i_0_reg_2216                     |    4|   0|    4|          0|
    |i_reg_3895                       |    4|   0|    4|          0|
    |icmp_ln270_reg_3891              |    1|   0|    1|          0|
    |knownFeatures_0_loa_40_reg_5485  |   32|   0|   32|          0|
    |knownFeatures_0_loa_41_reg_5515  |   32|   0|   32|          0|
    |knownFeatures_0_loa_42_reg_5580  |   32|   0|   32|          0|
    |knownFeatures_1_loa_40_reg_5495  |   32|   0|   32|          0|
    |knownFeatures_1_loa_41_reg_5525  |   32|   0|   32|          0|
    |knownFeatures_1_loa_42_reg_5585  |   32|   0|   32|          0|
    |knownFeatures_2_loa_40_reg_5505  |   32|   0|   32|          0|
    |knownFeatures_2_loa_41_reg_5535  |   32|   0|   32|          0|
    |phi_mul1541_reg_2240             |    9|   0|    9|          0|
    |phi_mul_reg_2228                 |    9|   0|    9|          0|
    |reg_2445                         |   32|   0|   32|          0|
    |reg_2450                         |   32|   0|   32|          0|
    |reg_2455                         |   32|   0|   32|          0|
    |reg_2460                         |   32|   0|   32|          0|
    |reg_2465                         |   32|   0|   32|          0|
    |reg_2470                         |   32|   0|   32|          0|
    |reg_2475                         |   32|   0|   32|          0|
    |reg_2480                         |   32|   0|   32|          0|
    |reg_2485                         |   32|   0|   32|          0|
    |reg_2490                         |   32|   0|   32|          0|
    |reg_2495                         |   32|   0|   32|          0|
    |reg_2500                         |   32|   0|   32|          0|
    |reg_2505                         |   32|   0|   32|          0|
    |reg_2510                         |   32|   0|   32|          0|
    |reg_2515                         |   32|   0|   32|          0|
    |reg_2520                         |   32|   0|   32|          0|
    |reg_2525                         |   32|   0|   32|          0|
    |reg_2530                         |   32|   0|   32|          0|
    |reg_2535                         |   32|   0|   32|          0|
    |reg_2540                         |   32|   0|   32|          0|
    |reg_2545                         |   32|   0|   32|          0|
    |reg_2550                         |   32|   0|   32|          0|
    |reg_2555                         |   32|   0|   32|          0|
    |reg_2560                         |   32|   0|   32|          0|
    |reg_2565                         |   32|   0|   32|          0|
    |reg_2570                         |   32|   0|   32|          0|
    |reg_2575                         |   32|   0|   32|          0|
    |reg_2580                         |   32|   0|   32|          0|
    |reg_2585                         |   32|   0|   32|          0|
    |reg_2590                         |   32|   0|   32|          0|
    |reg_2595                         |   32|   0|   32|          0|
    |reg_2601                         |   32|   0|   32|          0|
    |reg_2607                         |   32|   0|   32|          0|
    |reg_2613                         |   32|   0|   32|          0|
    |reg_2619                         |   32|   0|   32|          0|
    |reg_2625                         |   32|   0|   32|          0|
    |reg_2631                         |   32|   0|   32|          0|
    |reg_2637                         |   32|   0|   32|          0|
    |reg_2643                         |   32|   0|   32|          0|
    |reg_2649                         |   32|   0|   32|          0|
    |reg_2655                         |   32|   0|   32|          0|
    |reg_2661                         |   32|   0|   32|          0|
    |reg_2667                         |   32|   0|   32|          0|
    |reg_2673                         |   32|   0|   32|          0|
    |reg_2679                         |   32|   0|   32|          0|
    |reg_2685                         |   32|   0|   32|          0|
    |reg_2691                         |   32|   0|   32|          0|
    |reg_2697                         |   32|   0|   32|          0|
    |reg_2703                         |   32|   0|   32|          0|
    |reg_2709                         |   32|   0|   32|          0|
    |reg_2715                         |   32|   0|   32|          0|
    |reg_2721                         |   32|   0|   32|          0|
    |reg_2727                         |   32|   0|   32|          0|
    |reg_2733                         |   32|   0|   32|          0|
    |reg_2739                         |   32|   0|   32|          0|
    |reg_2744                         |   32|   0|   32|          0|
    |reg_2749                         |   32|   0|   32|          0|
    |reg_2754                         |   32|   0|   32|          0|
    |reg_2759                         |   32|   0|   32|          0|
    |reg_2765                         |   32|   0|   32|          0|
    |reg_2771                         |   32|   0|   32|          0|
    |reg_2776                         |   32|   0|   32|          0|
    |reg_2781                         |   32|   0|   32|          0|
    |reg_2786                         |   32|   0|   32|          0|
    |reg_2791                         |   32|   0|   32|          0|
    |reg_2797                         |   32|   0|   32|          0|
    |reg_2802                         |   32|   0|   32|          0|
    |reg_2807                         |   32|   0|   32|          0|
    |reg_2812                         |   32|   0|   32|          0|
    |reg_2817                         |   32|   0|   32|          0|
    |reg_2823                         |   32|   0|   32|          0|
    |reg_2828                         |   32|   0|   32|          0|
    |reg_2833                         |   32|   0|   32|          0|
    |reg_2838                         |   32|   0|   32|          0|
    |reg_2843                         |   32|   0|   32|          0|
    |reg_2849                         |   32|   0|   32|          0|
    |reg_2854                         |   32|   0|   32|          0|
    |reg_2859                         |   32|   0|   32|          0|
    |reg_2864                         |   32|   0|   32|          0|
    |reg_2869                         |   32|   0|   32|          0|
    |reg_2875                         |   32|   0|   32|          0|
    |reg_2880                         |   32|   0|   32|          0|
    |reg_2886                         |   32|   0|   32|          0|
    |reg_2891                         |   32|   0|   32|          0|
    |temp_l77_i121_w1_reg_5710        |   32|   0|   32|          0|
    |temp_l77_i122_w1_reg_5716        |   32|   0|   32|          0|
    |temp_l77_i123_w1_reg_5722        |   32|   0|   32|          0|
    |temp_l77_i124_w1_reg_5728        |   32|   0|   32|          0|
    |temp_l77_i125_w1_reg_5734        |   32|   0|   32|          0|
    |temp_l77_i126_w1_reg_5740        |   32|   0|   32|          0|
    |temp_l77_i127_w1_reg_5776        |   32|   0|   32|          0|
    |temp_l77_i128_w1_reg_5782        |   32|   0|   32|          0|
    |tmp_100_reg_5771                 |   32|   0|   32|          0|
    |tmp_101_reg_5788                 |   32|   0|   32|          0|
    |tmp_102_reg_5793                 |   32|   0|   32|          0|
    |tmp_103_reg_5798                 |   32|   0|   32|          0|
    |tmp_104_reg_5803                 |   32|   0|   32|          0|
    |tmp_105_reg_5808                 |   32|   0|   32|          0|
    |tmp_106_reg_5813                 |   32|   0|   32|          0|
    |tmp_107_reg_5818                 |   32|   0|   32|          0|
    |tmp_108_reg_5823                 |   32|   0|   32|          0|
    |tmp_109_reg_5828                 |   32|   0|   32|          0|
    |tmp_10_reg_4615                  |   32|   0|   32|          0|
    |tmp_110_reg_5833                 |   32|   0|   32|          0|
    |tmp_111_reg_5838                 |   32|   0|   32|          0|
    |tmp_112_reg_5843                 |   32|   0|   32|          0|
    |tmp_113_reg_5848                 |   32|   0|   32|          0|
    |tmp_114_reg_5853                 |   32|   0|   32|          0|
    |tmp_115_reg_5858                 |   32|   0|   32|          0|
    |tmp_116_reg_5863                 |   32|   0|   32|          0|
    |tmp_117_reg_5868                 |   32|   0|   32|          0|
    |tmp_118_reg_5873                 |   32|   0|   32|          0|
    |tmp_119_reg_5878                 |   32|   0|   32|          0|
    |tmp_11_reg_4680                  |   32|   0|   32|          0|
    |tmp_120_reg_5883                 |   32|   0|   32|          0|
    |tmp_121_reg_5888                 |   32|   0|   32|          0|
    |tmp_122_reg_5893                 |   32|   0|   32|          0|
    |tmp_123_reg_5898                 |   32|   0|   32|          0|
    |tmp_124_reg_5903                 |   32|   0|   32|          0|
    |tmp_125_reg_5908                 |   32|   0|   32|          0|
    |tmp_126_reg_5913                 |   32|   0|   32|          0|
    |tmp_12_reg_4685                  |   32|   0|   32|          0|
    |tmp_13_reg_4690                  |   32|   0|   32|          0|
    |tmp_14_reg_4695                  |   32|   0|   32|          0|
    |tmp_15_reg_4700                  |   32|   0|   32|          0|
    |tmp_16_reg_4705                  |   32|   0|   32|          0|
    |tmp_17_reg_4770                  |   32|   0|   32|          0|
    |tmp_18_reg_4775                  |   32|   0|   32|          0|
    |tmp_19_reg_4780                  |   32|   0|   32|          0|
    |tmp_1_reg_4505                   |   32|   0|   32|          0|
    |tmp_20_reg_4785                  |   32|   0|   32|          0|
    |tmp_21_reg_4790                  |   32|   0|   32|          0|
    |tmp_22_reg_4795                  |   32|   0|   32|          0|
    |tmp_23_reg_4860                  |   32|   0|   32|          0|
    |tmp_24_reg_4865                  |   32|   0|   32|          0|
    |tmp_25_reg_4870                  |   32|   0|   32|          0|
    |tmp_26_reg_4875                  |   32|   0|   32|          0|
    |tmp_27_reg_4880                  |   32|   0|   32|          0|
    |tmp_28_reg_4885                  |   32|   0|   32|          0|
    |tmp_29_reg_4950                  |   32|   0|   32|          0|
    |tmp_2_reg_4510                   |   32|   0|   32|          0|
    |tmp_30_reg_4955                  |   32|   0|   32|          0|
    |tmp_31_reg_4960                  |   32|   0|   32|          0|
    |tmp_32_reg_4965                  |   32|   0|   32|          0|
    |tmp_33_reg_4970                  |   32|   0|   32|          0|
    |tmp_34_reg_4975                  |   32|   0|   32|          0|
    |tmp_35_reg_5040                  |   32|   0|   32|          0|
    |tmp_36_reg_5045                  |   32|   0|   32|          0|
    |tmp_37_reg_5050                  |   32|   0|   32|          0|
    |tmp_38_reg_5055                  |   32|   0|   32|          0|
    |tmp_39_reg_5060                  |   32|   0|   32|          0|
    |tmp_3_reg_4515                   |   32|   0|   32|          0|
    |tmp_40_reg_5065                  |   32|   0|   32|          0|
    |tmp_41_reg_5130                  |   32|   0|   32|          0|
    |tmp_42_reg_5135                  |   32|   0|   32|          0|
    |tmp_43_reg_5140                  |   32|   0|   32|          0|
    |tmp_44_reg_5145                  |   32|   0|   32|          0|
    |tmp_45_reg_5150                  |   32|   0|   32|          0|
    |tmp_46_reg_5155                  |   32|   0|   32|          0|
    |tmp_47_reg_5220                  |   32|   0|   32|          0|
    |tmp_48_reg_5225                  |   32|   0|   32|          0|
    |tmp_49_reg_5230                  |   32|   0|   32|          0|
    |tmp_4_reg_4520                   |   32|   0|   32|          0|
    |tmp_50_reg_5235                  |   32|   0|   32|          0|
    |tmp_51_reg_5240                  |   32|   0|   32|          0|
    |tmp_52_reg_5245                  |   32|   0|   32|          0|
    |tmp_53_reg_5310                  |   32|   0|   32|          0|
    |tmp_54_reg_5315                  |   32|   0|   32|          0|
    |tmp_55_reg_5320                  |   32|   0|   32|          0|
    |tmp_56_reg_5325                  |   32|   0|   32|          0|
    |tmp_57_reg_5330                  |   32|   0|   32|          0|
    |tmp_58_reg_5335                  |   32|   0|   32|          0|
    |tmp_59_reg_5400                  |   32|   0|   32|          0|
    |tmp_5_reg_4525                   |   32|   0|   32|          0|
    |tmp_5_reg_4525_pp0_iter1_reg     |   32|   0|   32|          0|
    |tmp_60_reg_5405                  |   32|   0|   32|          0|
    |tmp_61_reg_5410                  |   32|   0|   32|          0|
    |tmp_62_reg_5415                  |   32|   0|   32|          0|
    |tmp_63_reg_5420                  |   32|   0|   32|          0|
    |tmp_64_reg_5425                  |   32|   0|   32|          0|
    |tmp_65_reg_5550                  |   32|   0|   32|          0|
    |tmp_66_reg_5555                  |   32|   0|   32|          0|
    |tmp_67_reg_5560                  |   32|   0|   32|          0|
    |tmp_68_reg_5565                  |   32|   0|   32|          0|
    |tmp_69_reg_5570                  |   32|   0|   32|          0|
    |tmp_6_reg_4590                   |   32|   0|   32|          0|
    |tmp_6_reg_4590_pp0_iter1_reg     |   32|   0|   32|          0|
    |tmp_70_reg_5575                  |   32|   0|   32|          0|
    |tmp_71_reg_5590                  |   32|   0|   32|          0|
    |tmp_72_reg_5595                  |   32|   0|   32|          0|
    |tmp_73_reg_5600                  |   32|   0|   32|          0|
    |tmp_74_reg_5605                  |   32|   0|   32|          0|
    |tmp_75_reg_5610                  |   32|   0|   32|          0|
    |tmp_76_reg_5615                  |   32|   0|   32|          0|
    |tmp_77_reg_5620                  |   32|   0|   32|          0|
    |tmp_78_reg_5625                  |   32|   0|   32|          0|
    |tmp_79_reg_5630                  |   32|   0|   32|          0|
    |tmp_7_reg_4595                   |   32|   0|   32|          0|
    |tmp_7_reg_4595_pp0_iter1_reg     |   32|   0|   32|          0|
    |tmp_80_reg_5635                  |   32|   0|   32|          0|
    |tmp_81_reg_5640                  |   32|   0|   32|          0|
    |tmp_82_reg_5645                  |   32|   0|   32|          0|
    |tmp_83_reg_5650                  |   32|   0|   32|          0|
    |tmp_84_reg_5655                  |   32|   0|   32|          0|
    |tmp_85_reg_5660                  |   32|   0|   32|          0|
    |tmp_86_reg_5665                  |   32|   0|   32|          0|
    |tmp_87_reg_5670                  |   32|   0|   32|          0|
    |tmp_88_reg_5675                  |   32|   0|   32|          0|
    |tmp_89_reg_5680                  |   32|   0|   32|          0|
    |tmp_8_reg_4600                   |   32|   0|   32|          0|
    |tmp_8_reg_4600_pp0_iter1_reg     |   32|   0|   32|          0|
    |tmp_90_reg_5685                  |   32|   0|   32|          0|
    |tmp_91_reg_5690                  |   32|   0|   32|          0|
    |tmp_92_reg_5695                  |   32|   0|   32|          0|
    |tmp_93_reg_5700                  |   32|   0|   32|          0|
    |tmp_94_reg_5705                  |   32|   0|   32|          0|
    |tmp_95_reg_5746                  |   32|   0|   32|          0|
    |tmp_96_reg_5751                  |   32|   0|   32|          0|
    |tmp_97_reg_5756                  |   32|   0|   32|          0|
    |tmp_98_reg_5761                  |   32|   0|   32|          0|
    |tmp_99_reg_5766                  |   32|   0|   32|          0|
    |tmp_9_reg_4605                   |   32|   0|   32|          0|
    |tmp_reg_4500                     |   32|   0|   32|          0|
    |tmp_s_reg_4610                   |   32|   0|   32|          0|
    |xFeatures_120_read_reg_5480      |   32|   0|   32|          0|
    |xFeatures_121_read_reg_5490      |   32|   0|   32|          0|
    |xFeatures_122_read_reg_5500      |   32|   0|   32|          0|
    |xFeatures_123_read_reg_5510      |   32|   0|   32|          0|
    |xFeatures_124_read_reg_5520      |   32|   0|   32|          0|
    |xFeatures_125_read_reg_5530      |   32|   0|   32|          0|
    |xFeatures_126_read_reg_5540      |   32|   0|   32|          0|
    |xFeatures_127_read_reg_5545      |   32|   0|   32|          0|
    |i_0_reg_2216                     |   64|  32|    4|          0|
    |icmp_ln270_reg_3891              |   64|  32|    1|          0|
    |tmp_100_reg_5771                 |   64|  32|   32|          0|
    |tmp_101_reg_5788                 |   64|  32|   32|          0|
    |tmp_102_reg_5793                 |   64|  32|   32|          0|
    |tmp_103_reg_5798                 |   64|  32|   32|          0|
    |tmp_104_reg_5803                 |   64|  32|   32|          0|
    |tmp_105_reg_5808                 |   64|  32|   32|          0|
    |tmp_106_reg_5813                 |   64|  32|   32|          0|
    |tmp_107_reg_5818                 |   64|  32|   32|          0|
    |tmp_108_reg_5823                 |   64|  32|   32|          0|
    |tmp_109_reg_5828                 |   64|  32|   32|          0|
    |tmp_10_reg_4615                  |   64|  32|   32|          0|
    |tmp_110_reg_5833                 |   64|  32|   32|          0|
    |tmp_111_reg_5838                 |   64|  32|   32|          0|
    |tmp_112_reg_5843                 |   64|  32|   32|          0|
    |tmp_113_reg_5848                 |   64|  32|   32|          0|
    |tmp_114_reg_5853                 |   64|  32|   32|          0|
    |tmp_115_reg_5858                 |   64|  32|   32|          0|
    |tmp_116_reg_5863                 |   64|  32|   32|          0|
    |tmp_117_reg_5868                 |   64|  32|   32|          0|
    |tmp_118_reg_5873                 |   64|  32|   32|          0|
    |tmp_119_reg_5878                 |   64|  32|   32|          0|
    |tmp_11_reg_4680                  |   64|  32|   32|          0|
    |tmp_120_reg_5883                 |   64|  32|   32|          0|
    |tmp_121_reg_5888                 |   64|  32|   32|          0|
    |tmp_122_reg_5893                 |   64|  32|   32|          0|
    |tmp_123_reg_5898                 |   64|  32|   32|          0|
    |tmp_124_reg_5903                 |   64|  32|   32|          0|
    |tmp_125_reg_5908                 |   64|  32|   32|          0|
    |tmp_126_reg_5913                 |   64|  32|   32|          0|
    |tmp_12_reg_4685                  |   64|  32|   32|          0|
    |tmp_13_reg_4690                  |   64|  32|   32|          0|
    |tmp_14_reg_4695                  |   64|  32|   32|          0|
    |tmp_15_reg_4700                  |   64|  32|   32|          0|
    |tmp_16_reg_4705                  |   64|  32|   32|          0|
    |tmp_17_reg_4770                  |   64|  32|   32|          0|
    |tmp_18_reg_4775                  |   64|  32|   32|          0|
    |tmp_19_reg_4780                  |   64|  32|   32|          0|
    |tmp_20_reg_4785                  |   64|  32|   32|          0|
    |tmp_21_reg_4790                  |   64|  32|   32|          0|
    |tmp_22_reg_4795                  |   64|  32|   32|          0|
    |tmp_23_reg_4860                  |   64|  32|   32|          0|
    |tmp_24_reg_4865                  |   64|  32|   32|          0|
    |tmp_25_reg_4870                  |   64|  32|   32|          0|
    |tmp_26_reg_4875                  |   64|  32|   32|          0|
    |tmp_27_reg_4880                  |   64|  32|   32|          0|
    |tmp_28_reg_4885                  |   64|  32|   32|          0|
    |tmp_29_reg_4950                  |   64|  32|   32|          0|
    |tmp_30_reg_4955                  |   64|  32|   32|          0|
    |tmp_31_reg_4960                  |   64|  32|   32|          0|
    |tmp_32_reg_4965                  |   64|  32|   32|          0|
    |tmp_33_reg_4970                  |   64|  32|   32|          0|
    |tmp_34_reg_4975                  |   64|  32|   32|          0|
    |tmp_35_reg_5040                  |   64|  32|   32|          0|
    |tmp_36_reg_5045                  |   64|  32|   32|          0|
    |tmp_37_reg_5050                  |   64|  32|   32|          0|
    |tmp_38_reg_5055                  |   64|  32|   32|          0|
    |tmp_39_reg_5060                  |   64|  32|   32|          0|
    |tmp_40_reg_5065                  |   64|  32|   32|          0|
    |tmp_41_reg_5130                  |   64|  32|   32|          0|
    |tmp_42_reg_5135                  |   64|  32|   32|          0|
    |tmp_43_reg_5140                  |   64|  32|   32|          0|
    |tmp_44_reg_5145                  |   64|  32|   32|          0|
    |tmp_45_reg_5150                  |   64|  32|   32|          0|
    |tmp_46_reg_5155                  |   64|  32|   32|          0|
    |tmp_47_reg_5220                  |   64|  32|   32|          0|
    |tmp_48_reg_5225                  |   64|  32|   32|          0|
    |tmp_49_reg_5230                  |   64|  32|   32|          0|
    |tmp_50_reg_5235                  |   64|  32|   32|          0|
    |tmp_51_reg_5240                  |   64|  32|   32|          0|
    |tmp_52_reg_5245                  |   64|  32|   32|          0|
    |tmp_53_reg_5310                  |   64|  32|   32|          0|
    |tmp_54_reg_5315                  |   64|  32|   32|          0|
    |tmp_55_reg_5320                  |   64|  32|   32|          0|
    |tmp_56_reg_5325                  |   64|  32|   32|          0|
    |tmp_57_reg_5330                  |   64|  32|   32|          0|
    |tmp_58_reg_5335                  |   64|  32|   32|          0|
    |tmp_59_reg_5400                  |   64|  32|   32|          0|
    |tmp_60_reg_5405                  |   64|  32|   32|          0|
    |tmp_61_reg_5410                  |   64|  32|   32|          0|
    |tmp_62_reg_5415                  |   64|  32|   32|          0|
    |tmp_63_reg_5420                  |   64|  32|   32|          0|
    |tmp_64_reg_5425                  |   64|  32|   32|          0|
    |tmp_65_reg_5550                  |   64|  32|   32|          0|
    |tmp_66_reg_5555                  |   64|  32|   32|          0|
    |tmp_67_reg_5560                  |   64|  32|   32|          0|
    |tmp_68_reg_5565                  |   64|  32|   32|          0|
    |tmp_69_reg_5570                  |   64|  32|   32|          0|
    |tmp_70_reg_5575                  |   64|  32|   32|          0|
    |tmp_71_reg_5590                  |   64|  32|   32|          0|
    |tmp_72_reg_5595                  |   64|  32|   32|          0|
    |tmp_73_reg_5600                  |   64|  32|   32|          0|
    |tmp_74_reg_5605                  |   64|  32|   32|          0|
    |tmp_75_reg_5610                  |   64|  32|   32|          0|
    |tmp_76_reg_5615                  |   64|  32|   32|          0|
    |tmp_77_reg_5620                  |   64|  32|   32|          0|
    |tmp_78_reg_5625                  |   64|  32|   32|          0|
    |tmp_79_reg_5630                  |   64|  32|   32|          0|
    |tmp_80_reg_5635                  |   64|  32|   32|          0|
    |tmp_81_reg_5640                  |   64|  32|   32|          0|
    |tmp_82_reg_5645                  |   64|  32|   32|          0|
    |tmp_83_reg_5650                  |   64|  32|   32|          0|
    |tmp_84_reg_5655                  |   64|  32|   32|          0|
    |tmp_85_reg_5660                  |   64|  32|   32|          0|
    |tmp_86_reg_5665                  |   64|  32|   32|          0|
    |tmp_87_reg_5670                  |   64|  32|   32|          0|
    |tmp_88_reg_5675                  |   64|  32|   32|          0|
    |tmp_89_reg_5680                  |   64|  32|   32|          0|
    |tmp_90_reg_5685                  |   64|  32|   32|          0|
    |tmp_91_reg_5690                  |   64|  32|   32|          0|
    |tmp_92_reg_5695                  |   64|  32|   32|          0|
    |tmp_93_reg_5700                  |   64|  32|   32|          0|
    |tmp_94_reg_5705                  |   64|  32|   32|          0|
    |tmp_95_reg_5746                  |   64|  32|   32|          0|
    |tmp_96_reg_5751                  |   64|  32|   32|          0|
    |tmp_97_reg_5756                  |   64|  32|   32|          0|
    |tmp_98_reg_5761                  |   64|  32|   32|          0|
    |tmp_99_reg_5766                  |   64|  32|   32|          0|
    |tmp_9_reg_4605                   |   64|  32|   32|          0|
    |tmp_s_reg_4610                   |   64|  32|   32|          0|
    +---------------------------------+-----+----+-----+-----------+
    |Total                            |15812|3872|11881|          0|
    +---------------------------------+-----+----+-----+-----------+



================================================================
== Interface
================================================================
* Summary: 
+--------------------------+-----+-----+------------+-----------------+--------------+
|         RTL Ports        | Dir | Bits|  Protocol  |  Source Object  |    C Type    |
+--------------------------+-----+-----+------------+-----------------+--------------+
|ap_clk                    |  in |    1| ap_ctrl_hs |    parallel_0   | return value |
|ap_rst                    |  in |    1| ap_ctrl_hs |    parallel_0   | return value |
|ap_start                  |  in |    1| ap_ctrl_hs |    parallel_0   | return value |
|ap_done                   | out |    1| ap_ctrl_hs |    parallel_0   | return value |
|ap_continue               |  in |    1| ap_ctrl_hs |    parallel_0   | return value |
|ap_idle                   | out |    1| ap_ctrl_hs |    parallel_0   | return value |
|ap_ready                  | out |    1| ap_ctrl_hs |    parallel_0   | return value |
|knownFeatures_0_address0  | out |    9|  ap_memory | knownFeatures_0 |     array    |
|knownFeatures_0_ce0       | out |    1|  ap_memory | knownFeatures_0 |     array    |
|knownFeatures_0_q0        |  in |   32|  ap_memory | knownFeatures_0 |     array    |
|knownFeatures_0_address1  | out |    9|  ap_memory | knownFeatures_0 |     array    |
|knownFeatures_0_ce1       | out |    1|  ap_memory | knownFeatures_0 |     array    |
|knownFeatures_0_q1        |  in |   32|  ap_memory | knownFeatures_0 |     array    |
|knownFeatures_1_address0  | out |    9|  ap_memory | knownFeatures_1 |     array    |
|knownFeatures_1_ce0       | out |    1|  ap_memory | knownFeatures_1 |     array    |
|knownFeatures_1_q0        |  in |   32|  ap_memory | knownFeatures_1 |     array    |
|knownFeatures_1_address1  | out |    9|  ap_memory | knownFeatures_1 |     array    |
|knownFeatures_1_ce1       | out |    1|  ap_memory | knownFeatures_1 |     array    |
|knownFeatures_1_q1        |  in |   32|  ap_memory | knownFeatures_1 |     array    |
|knownFeatures_2_address0  | out |    9|  ap_memory | knownFeatures_2 |     array    |
|knownFeatures_2_ce0       | out |    1|  ap_memory | knownFeatures_2 |     array    |
|knownFeatures_2_q0        |  in |   32|  ap_memory | knownFeatures_2 |     array    |
|knownFeatures_2_address1  | out |    9|  ap_memory | knownFeatures_2 |     array    |
|knownFeatures_2_ce1       | out |    1|  ap_memory | knownFeatures_2 |     array    |
|knownFeatures_2_q1        |  in |   32|  ap_memory | knownFeatures_2 |     array    |
|xFeatures_0               |  in |   32|   ap_none  |   xFeatures_0   |    pointer   |
|xFeatures_1               |  in |   32|   ap_none  |   xFeatures_1   |    pointer   |
|xFeatures_2               |  in |   32|   ap_none  |   xFeatures_2   |    pointer   |
|xFeatures_3               |  in |   32|   ap_none  |   xFeatures_3   |    pointer   |
|xFeatures_4               |  in |   32|   ap_none  |   xFeatures_4   |    pointer   |
|xFeatures_5               |  in |   32|   ap_none  |   xFeatures_5   |    pointer   |
|xFeatures_6               |  in |   32|   ap_none  |   xFeatures_6   |    pointer   |
|xFeatures_7               |  in |   32|   ap_none  |   xFeatures_7   |    pointer   |
|xFeatures_8               |  in |   32|   ap_none  |   xFeatures_8   |    pointer   |
|xFeatures_9               |  in |   32|   ap_none  |   xFeatures_9   |    pointer   |
|xFeatures_10              |  in |   32|   ap_none  |   xFeatures_10  |    pointer   |
|xFeatures_11              |  in |   32|   ap_none  |   xFeatures_11  |    pointer   |
|xFeatures_12              |  in |   32|   ap_none  |   xFeatures_12  |    pointer   |
|xFeatures_13              |  in |   32|   ap_none  |   xFeatures_13  |    pointer   |
|xFeatures_14              |  in |   32|   ap_none  |   xFeatures_14  |    pointer   |
|xFeatures_15              |  in |   32|   ap_none  |   xFeatures_15  |    pointer   |
|xFeatures_16              |  in |   32|   ap_none  |   xFeatures_16  |    pointer   |
|xFeatures_17              |  in |   32|   ap_none  |   xFeatures_17  |    pointer   |
|xFeatures_18              |  in |   32|   ap_none  |   xFeatures_18  |    pointer   |
|xFeatures_19              |  in |   32|   ap_none  |   xFeatures_19  |    pointer   |
|xFeatures_20              |  in |   32|   ap_none  |   xFeatures_20  |    pointer   |
|xFeatures_21              |  in |   32|   ap_none  |   xFeatures_21  |    pointer   |
|xFeatures_22              |  in |   32|   ap_none  |   xFeatures_22  |    pointer   |
|xFeatures_23              |  in |   32|   ap_none  |   xFeatures_23  |    pointer   |
|xFeatures_24              |  in |   32|   ap_none  |   xFeatures_24  |    pointer   |
|xFeatures_25              |  in |   32|   ap_none  |   xFeatures_25  |    pointer   |
|xFeatures_26              |  in |   32|   ap_none  |   xFeatures_26  |    pointer   |
|xFeatures_27              |  in |   32|   ap_none  |   xFeatures_27  |    pointer   |
|xFeatures_28              |  in |   32|   ap_none  |   xFeatures_28  |    pointer   |
|xFeatures_29              |  in |   32|   ap_none  |   xFeatures_29  |    pointer   |
|xFeatures_30              |  in |   32|   ap_none  |   xFeatures_30  |    pointer   |
|xFeatures_31              |  in |   32|   ap_none  |   xFeatures_31  |    pointer   |
|xFeatures_32              |  in |   32|   ap_none  |   xFeatures_32  |    pointer   |
|xFeatures_33              |  in |   32|   ap_none  |   xFeatures_33  |    pointer   |
|xFeatures_34              |  in |   32|   ap_none  |   xFeatures_34  |    pointer   |
|xFeatures_35              |  in |   32|   ap_none  |   xFeatures_35  |    pointer   |
|xFeatures_36              |  in |   32|   ap_none  |   xFeatures_36  |    pointer   |
|xFeatures_37              |  in |   32|   ap_none  |   xFeatures_37  |    pointer   |
|xFeatures_38              |  in |   32|   ap_none  |   xFeatures_38  |    pointer   |
|xFeatures_39              |  in |   32|   ap_none  |   xFeatures_39  |    pointer   |
|xFeatures_40              |  in |   32|   ap_none  |   xFeatures_40  |    pointer   |
|xFeatures_41              |  in |   32|   ap_none  |   xFeatures_41  |    pointer   |
|xFeatures_42              |  in |   32|   ap_none  |   xFeatures_42  |    pointer   |
|xFeatures_43              |  in |   32|   ap_none  |   xFeatures_43  |    pointer   |
|xFeatures_44              |  in |   32|   ap_none  |   xFeatures_44  |    pointer   |
|xFeatures_45              |  in |   32|   ap_none  |   xFeatures_45  |    pointer   |
|xFeatures_46              |  in |   32|   ap_none  |   xFeatures_46  |    pointer   |
|xFeatures_47              |  in |   32|   ap_none  |   xFeatures_47  |    pointer   |
|xFeatures_48              |  in |   32|   ap_none  |   xFeatures_48  |    pointer   |
|xFeatures_49              |  in |   32|   ap_none  |   xFeatures_49  |    pointer   |
|xFeatures_50              |  in |   32|   ap_none  |   xFeatures_50  |    pointer   |
|xFeatures_51              |  in |   32|   ap_none  |   xFeatures_51  |    pointer   |
|xFeatures_52              |  in |   32|   ap_none  |   xFeatures_52  |    pointer   |
|xFeatures_53              |  in |   32|   ap_none  |   xFeatures_53  |    pointer   |
|xFeatures_54              |  in |   32|   ap_none  |   xFeatures_54  |    pointer   |
|xFeatures_55              |  in |   32|   ap_none  |   xFeatures_55  |    pointer   |
|xFeatures_56              |  in |   32|   ap_none  |   xFeatures_56  |    pointer   |
|xFeatures_57              |  in |   32|   ap_none  |   xFeatures_57  |    pointer   |
|xFeatures_58              |  in |   32|   ap_none  |   xFeatures_58  |    pointer   |
|xFeatures_59              |  in |   32|   ap_none  |   xFeatures_59  |    pointer   |
|xFeatures_60              |  in |   32|   ap_none  |   xFeatures_60  |    pointer   |
|xFeatures_61              |  in |   32|   ap_none  |   xFeatures_61  |    pointer   |
|xFeatures_62              |  in |   32|   ap_none  |   xFeatures_62  |    pointer   |
|xFeatures_63              |  in |   32|   ap_none  |   xFeatures_63  |    pointer   |
|xFeatures_64              |  in |   32|   ap_none  |   xFeatures_64  |    pointer   |
|xFeatures_65              |  in |   32|   ap_none  |   xFeatures_65  |    pointer   |
|xFeatures_66              |  in |   32|   ap_none  |   xFeatures_66  |    pointer   |
|xFeatures_67              |  in |   32|   ap_none  |   xFeatures_67  |    pointer   |
|xFeatures_68              |  in |   32|   ap_none  |   xFeatures_68  |    pointer   |
|xFeatures_69              |  in |   32|   ap_none  |   xFeatures_69  |    pointer   |
|xFeatures_70              |  in |   32|   ap_none  |   xFeatures_70  |    pointer   |
|xFeatures_71              |  in |   32|   ap_none  |   xFeatures_71  |    pointer   |
|xFeatures_72              |  in |   32|   ap_none  |   xFeatures_72  |    pointer   |
|xFeatures_73              |  in |   32|   ap_none  |   xFeatures_73  |    pointer   |
|xFeatures_74              |  in |   32|   ap_none  |   xFeatures_74  |    pointer   |
|xFeatures_75              |  in |   32|   ap_none  |   xFeatures_75  |    pointer   |
|xFeatures_76              |  in |   32|   ap_none  |   xFeatures_76  |    pointer   |
|xFeatures_77              |  in |   32|   ap_none  |   xFeatures_77  |    pointer   |
|xFeatures_78              |  in |   32|   ap_none  |   xFeatures_78  |    pointer   |
|xFeatures_79              |  in |   32|   ap_none  |   xFeatures_79  |    pointer   |
|xFeatures_80              |  in |   32|   ap_none  |   xFeatures_80  |    pointer   |
|xFeatures_81              |  in |   32|   ap_none  |   xFeatures_81  |    pointer   |
|xFeatures_82              |  in |   32|   ap_none  |   xFeatures_82  |    pointer   |
|xFeatures_83              |  in |   32|   ap_none  |   xFeatures_83  |    pointer   |
|xFeatures_84              |  in |   32|   ap_none  |   xFeatures_84  |    pointer   |
|xFeatures_85              |  in |   32|   ap_none  |   xFeatures_85  |    pointer   |
|xFeatures_86              |  in |   32|   ap_none  |   xFeatures_86  |    pointer   |
|xFeatures_87              |  in |   32|   ap_none  |   xFeatures_87  |    pointer   |
|xFeatures_88              |  in |   32|   ap_none  |   xFeatures_88  |    pointer   |
|xFeatures_89              |  in |   32|   ap_none  |   xFeatures_89  |    pointer   |
|xFeatures_90              |  in |   32|   ap_none  |   xFeatures_90  |    pointer   |
|xFeatures_91              |  in |   32|   ap_none  |   xFeatures_91  |    pointer   |
|xFeatures_92              |  in |   32|   ap_none  |   xFeatures_92  |    pointer   |
|xFeatures_93              |  in |   32|   ap_none  |   xFeatures_93  |    pointer   |
|xFeatures_94              |  in |   32|   ap_none  |   xFeatures_94  |    pointer   |
|xFeatures_95              |  in |   32|   ap_none  |   xFeatures_95  |    pointer   |
|xFeatures_96              |  in |   32|   ap_none  |   xFeatures_96  |    pointer   |
|xFeatures_97              |  in |   32|   ap_none  |   xFeatures_97  |    pointer   |
|xFeatures_98              |  in |   32|   ap_none  |   xFeatures_98  |    pointer   |
|xFeatures_99              |  in |   32|   ap_none  |   xFeatures_99  |    pointer   |
|xFeatures_100             |  in |   32|   ap_none  |  xFeatures_100  |    pointer   |
|xFeatures_101             |  in |   32|   ap_none  |  xFeatures_101  |    pointer   |
|xFeatures_102             |  in |   32|   ap_none  |  xFeatures_102  |    pointer   |
|xFeatures_103             |  in |   32|   ap_none  |  xFeatures_103  |    pointer   |
|xFeatures_104             |  in |   32|   ap_none  |  xFeatures_104  |    pointer   |
|xFeatures_105             |  in |   32|   ap_none  |  xFeatures_105  |    pointer   |
|xFeatures_106             |  in |   32|   ap_none  |  xFeatures_106  |    pointer   |
|xFeatures_107             |  in |   32|   ap_none  |  xFeatures_107  |    pointer   |
|xFeatures_108             |  in |   32|   ap_none  |  xFeatures_108  |    pointer   |
|xFeatures_109             |  in |   32|   ap_none  |  xFeatures_109  |    pointer   |
|xFeatures_110             |  in |   32|   ap_none  |  xFeatures_110  |    pointer   |
|xFeatures_111             |  in |   32|   ap_none  |  xFeatures_111  |    pointer   |
|xFeatures_112             |  in |   32|   ap_none  |  xFeatures_112  |    pointer   |
|xFeatures_113             |  in |   32|   ap_none  |  xFeatures_113  |    pointer   |
|xFeatures_114             |  in |   32|   ap_none  |  xFeatures_114  |    pointer   |
|xFeatures_115             |  in |   32|   ap_none  |  xFeatures_115  |    pointer   |
|xFeatures_116             |  in |   32|   ap_none  |  xFeatures_116  |    pointer   |
|xFeatures_117             |  in |   32|   ap_none  |  xFeatures_117  |    pointer   |
|xFeatures_118             |  in |   32|   ap_none  |  xFeatures_118  |    pointer   |
|xFeatures_119             |  in |   32|   ap_none  |  xFeatures_119  |    pointer   |
|xFeatures_120             |  in |   32|   ap_none  |  xFeatures_120  |    pointer   |
|xFeatures_121             |  in |   32|   ap_none  |  xFeatures_121  |    pointer   |
|xFeatures_122             |  in |   32|   ap_none  |  xFeatures_122  |    pointer   |
|xFeatures_123             |  in |   32|   ap_none  |  xFeatures_123  |    pointer   |
|xFeatures_124             |  in |   32|   ap_none  |  xFeatures_124  |    pointer   |
|xFeatures_125             |  in |   32|   ap_none  |  xFeatures_125  |    pointer   |
|xFeatures_126             |  in |   32|   ap_none  |  xFeatures_126  |    pointer   |
|xFeatures_127             |  in |   32|   ap_none  |  xFeatures_127  |    pointer   |
|distance_array_address0   | out |    3|  ap_memory |  distance_array |     array    |
|distance_array_ce0        | out |    1|  ap_memory |  distance_array |     array    |
|distance_array_we0        | out |    1|  ap_memory |  distance_array |     array    |
|distance_array_d0         | out |   32|  ap_memory |  distance_array |     array    |
+--------------------------+-----+-----+------------+-----------------+--------------+

