

================================================================
== Vivado HLS Report for 'n4000_maxNodes_100_dotprod_parallel1'
================================================================
* Date:           Wed Jul 15 23:45:28 2020

* Version:        2019.2 (Build 2704478 on Wed Nov 06 22:10:23 MST 2019)
* Project:        dotprod
* Solution:       solution1
* Product family: zynq
* Target device:  xc7z020-clg484-1


================================================================
== Performance Estimates
================================================================
+ Timing: 
    * Summary: 
    +--------+----------+-----------+------------+
    |  Clock |  Target  | Estimated | Uncertainty|
    +--------+----------+-----------+------------+
    |ap_clk  | 10.00 ns | 10.751 ns |   1.25 ns  |
    +--------+----------+-----------+------------+

+ Latency: 
    * Summary: 
    +---------+---------+----------+----------+-----+-----+----------+
    |  Latency (cycles) |  Latency (absolute) |  Interval | Pipeline |
    |   min   |   max   |    min   |    max   | min | max |   Type   |
    +---------+---------+----------+----------+-----+-----+----------+
    |      322|      322| 3.462 us | 3.462 us |  256|  256| dataflow |
    +---------+---------+----------+----------+-----+-----+----------+

    + Detail: 
        * Instance: 
        +-----------------+--------------+---------+---------+----------+----------+-----+-----+---------+
        |                 |              |  Latency (cycles) |  Latency (absolute) |  Interval | Pipeline|
        |     Instance    |    Module    |   min   |   max   |    min   |    max   | min | max |   Type  |
        +-----------------+--------------+---------+---------+----------+----------+-----+-----+---------+
        |epilogue_U0      |epilogue      |       66|       66| 0.710 us | 0.710 us |   66|   66|   none  |
        |parallel_013_U0  |parallel_013  |      255|      255| 2.742 us | 2.742 us |  255|  255|   none  |
        +-----------------+--------------+---------+---------+----------+----------+-----+-----+---------+

        * Loop: 
        N/A



================================================================
== Utilization Estimates
================================================================
* Summary: 
+-----------------+---------+-------+--------+-------+-----+
|       Name      | BRAM_18K| DSP48E|   FF   |  LUT  | URAM|
+-----------------+---------+-------+--------+-------+-----+
|DSP              |        -|      -|       -|      -|    -|
|Expression       |        -|      -|       0|     14|    -|
|FIFO             |        0|      -|     160|    896|    -|
|Instance         |        0|     32|    4302|   6291|    -|
|Memory           |        4|      -|       0|      0|    0|
|Multiplexer      |        -|      -|       -|     18|    -|
|Register         |        -|      -|       2|      -|    -|
+-----------------+---------+-------+--------+-------+-----+
|Total            |        4|     32|    4464|   7219|    0|
+-----------------+---------+-------+--------+-------+-----+
|Available        |      280|    220|  106400|  53200|    0|
+-----------------+---------+-------+--------+-------+-----+
|Utilization (%)  |        1|     14|       4|     13|    0|
+-----------------+---------+-------+--------+-------+-----+

+ Detail: 
    * Instance: 
    +-----------------+--------------+---------+-------+------+------+-----+
    |     Instance    |    Module    | BRAM_18K| DSP48E|  FF  |  LUT | URAM|
    +-----------------+--------------+---------+-------+------+------+-----+
    |epilogue_U0      |epilogue      |        0|     16|  3236|  5605|    0|
    |parallel_013_U0  |parallel_013  |        0|     16|  1066|   686|    0|
    +-----------------+--------------+---------+-------+------+------+-----+
    |Total            |              |        0|     32|  4302|  6291|    0|
    +-----------------+--------------+---------+-------+------+------+-----+

    * DSP48E: 
    N/A

    * Memory: 
    +-----------------+----------------------+---------+---+----+-----+------+-----+------+-------------+
    |      Memory     |        Module        | BRAM_18K| FF| LUT| URAM| Words| Bits| Banks| W*Bits*Banks|
    +-----------------+----------------------+---------+---+----+-----+------+-----+------+-------------+
    |sum_array_0_0_U  |n4000_maxNodes_10eOg  |        2|  0|   0|    0|   125|   32|     2|         8000|
    |sum_array_0_1_U  |n4000_maxNodes_10fYi  |        2|  0|   0|    0|   124|   32|     2|         7936|
    +-----------------+----------------------+---------+---+----+-----+------+-----+------+-------------+
    |Total            |                      |        4|  0|   0|    0|   249|   64|     4|        15936|
    +-----------------+----------------------+---------+---+----+-----+------+-----+------+-------------+

    * FIFO: 
    +------------+---------+---+----+-----+------+-----+---------+
    |    Name    | BRAM_18K| FF| LUT| URAM| Depth| Bits| Size:D*B|
    +------------+---------+---+----+-----+------+-----+---------+
    |x_0_0_c_U   |        0|  5|   0|    -|     2|   16|       32|
    |x_0_10_c_U  |        0|  5|   0|    -|     2|   16|       32|
    |x_0_11_c_U  |        0|  5|   0|    -|     2|   16|       32|
    |x_0_12_c_U  |        0|  5|   0|    -|     2|   16|       32|
    |x_0_1_c_U   |        0|  5|   0|    -|     2|   16|       32|
    |x_0_2_c_U   |        0|  5|   0|    -|     2|   16|       32|
    |x_0_3_c_U   |        0|  5|   0|    -|     2|   16|       32|
    |x_0_4_c_U   |        0|  5|   0|    -|     2|   16|       32|
    |x_0_5_c_U   |        0|  5|   0|    -|     2|   16|       32|
    |x_0_6_c_U   |        0|  5|   0|    -|     2|   16|       32|
    |x_0_7_c_U   |        0|  5|   0|    -|     2|   16|       32|
    |x_0_8_c_U   |        0|  5|   0|    -|     2|   16|       32|
    |x_0_9_c_U   |        0|  5|   0|    -|     2|   16|       32|
    |x_2_0_c_U   |        0|  5|   0|    -|     2|   16|       32|
    |x_2_1_c_U   |        0|  5|   0|    -|     2|   16|       32|
    |x_2_2_c_U   |        0|  5|   0|    -|     2|   16|       32|
    |y_0_0_c_U   |        0|  5|   0|    -|     2|   16|       32|
    |y_0_10_c_U  |        0|  5|   0|    -|     2|   16|       32|
    |y_0_11_c_U  |        0|  5|   0|    -|     2|   16|       32|
    |y_0_12_c_U  |        0|  5|   0|    -|     2|   16|       32|
    |y_0_1_c_U   |        0|  5|   0|    -|     2|   16|       32|
    |y_0_2_c_U   |        0|  5|   0|    -|     2|   16|       32|
    |y_0_3_c_U   |        0|  5|   0|    -|     2|   16|       32|
    |y_0_4_c_U   |        0|  5|   0|    -|     2|   16|       32|
    |y_0_5_c_U   |        0|  5|   0|    -|     2|   16|       32|
    |y_0_6_c_U   |        0|  5|   0|    -|     2|   16|       32|
    |y_0_7_c_U   |        0|  5|   0|    -|     2|   16|       32|
    |y_0_8_c_U   |        0|  5|   0|    -|     2|   16|       32|
    |y_0_9_c_U   |        0|  5|   0|    -|     2|   16|       32|
    |y_2_0_c_U   |        0|  5|   0|    -|     2|   16|       32|
    |y_2_1_c_U   |        0|  5|   0|    -|     2|   16|       32|
    |y_2_2_c_U   |        0|  5|   0|    -|     2|   16|       32|
    +------------+---------+---+----+-----+------+-----+---------+
    |Total       |        0|160|   0|    0|    64|  512|     1024|
    +------------+---------+---+----+-----+------+-----+---------+

    * Expression: 
    +-------------------------------------+----------+-------+---+----+------------+------------+
    |            Variable Name            | Operation| DSP48E| FF| LUT| Bitwidth P0| Bitwidth P1|
    +-------------------------------------+----------+-------+---+----+------------+------------+
    |ap_channel_done_sum_array_0_0        |    and   |      0|  0|   2|           1|           1|
    |ap_channel_done_sum_array_0_1        |    and   |      0|  0|   2|           1|           1|
    |ap_idle                              |    and   |      0|  0|   2|           1|           1|
    |epilogue_U0_ap_start                 |    and   |      0|  0|   2|           1|           1|
    |parallel_013_U0_ap_continue          |    and   |      0|  0|   2|           1|           1|
    |ap_sync_channel_write_sum_array_0_0  |    or    |      0|  0|   2|           1|           1|
    |ap_sync_channel_write_sum_array_0_1  |    or    |      0|  0|   2|           1|           1|
    +-------------------------------------+----------+-------+---+----+------------+------------+
    |Total                                |          |      0|  0|  14|           7|           7|
    +-------------------------------------+----------+-------+---+----+------------+------------+

    * Multiplexer: 
    +-----------------------------------------+----+-----------+-----+-----------+
    |                   Name                  | LUT| Input Size| Bits| Total Bits|
    +-----------------------------------------+----+-----------+-----+-----------+
    |ap_sync_reg_channel_write_sum_array_0_0  |   9|          2|    1|          2|
    |ap_sync_reg_channel_write_sum_array_0_1  |   9|          2|    1|          2|
    +-----------------------------------------+----+-----------+-----+-----------+
    |Total                                    |  18|          4|    2|          4|
    +-----------------------------------------+----+-----------+-----+-----------+

    * Register: 
    +-----------------------------------------+---+----+-----+-----------+
    |                   Name                  | FF| LUT| Bits| Const Bits|
    +-----------------------------------------+---+----+-----+-----------+
    |ap_sync_reg_channel_write_sum_array_0_0  |  1|   0|    1|          0|
    |ap_sync_reg_channel_write_sum_array_0_1  |  1|   0|    1|          0|
    +-----------------------------------------+---+----+-----+-----------+
    |Total                                    |  2|   0|    2|          0|
    +-----------------------------------------+---+----+-----+-----------+



================================================================
== Interface
================================================================
* Summary: 
+-----------------+-----+-----+------------+--------------------------------------+--------------+
|    RTL Ports    | Dir | Bits|  Protocol  |             Source Object            |    C Type    |
+-----------------+-----+-----+------------+--------------------------------------+--------------+
|ap_clk           |  in |    1| ap_ctrl_hs | n4000_maxNodes_100_dotprod_parallel1 | return value |
|ap_rst           |  in |    1| ap_ctrl_hs | n4000_maxNodes_100_dotprod_parallel1 | return value |
|ap_start         |  in |    1| ap_ctrl_hs | n4000_maxNodes_100_dotprod_parallel1 | return value |
|ap_done          | out |    1| ap_ctrl_hs | n4000_maxNodes_100_dotprod_parallel1 | return value |
|ap_ready         | out |    1| ap_ctrl_hs | n4000_maxNodes_100_dotprod_parallel1 | return value |
|ap_idle          | out |    1| ap_ctrl_hs | n4000_maxNodes_100_dotprod_parallel1 | return value |
|y_0_0            |  in |   16|   ap_none  |                 y_0_0                |    pointer   |
|y_0_1            |  in |   16|   ap_none  |                 y_0_1                |    pointer   |
|y_0_2            |  in |   16|   ap_none  |                 y_0_2                |    pointer   |
|y_0_3            |  in |   16|   ap_none  |                 y_0_3                |    pointer   |
|y_0_4            |  in |   16|   ap_none  |                 y_0_4                |    pointer   |
|y_0_5            |  in |   16|   ap_none  |                 y_0_5                |    pointer   |
|y_0_6            |  in |   16|   ap_none  |                 y_0_6                |    pointer   |
|y_0_7            |  in |   16|   ap_none  |                 y_0_7                |    pointer   |
|y_0_8            |  in |   16|   ap_none  |                 y_0_8                |    pointer   |
|y_0_9            |  in |   16|   ap_none  |                 y_0_9                |    pointer   |
|y_0_10           |  in |   16|   ap_none  |                y_0_10                |    pointer   |
|y_0_11           |  in |   16|   ap_none  |                y_0_11                |    pointer   |
|y_0_12           |  in |   16|   ap_none  |                y_0_12                |    pointer   |
|y_1_0_address0   | out |    8|  ap_memory |                 y_1_0                |     array    |
|y_1_0_ce0        | out |    1|  ap_memory |                 y_1_0                |     array    |
|y_1_0_d0         | out |   16|  ap_memory |                 y_1_0                |     array    |
|y_1_0_q0         |  in |   16|  ap_memory |                 y_1_0                |     array    |
|y_1_0_we0        | out |    1|  ap_memory |                 y_1_0                |     array    |
|y_1_0_address1   | out |    8|  ap_memory |                 y_1_0                |     array    |
|y_1_0_ce1        | out |    1|  ap_memory |                 y_1_0                |     array    |
|y_1_0_d1         | out |   16|  ap_memory |                 y_1_0                |     array    |
|y_1_0_q1         |  in |   16|  ap_memory |                 y_1_0                |     array    |
|y_1_0_we1        | out |    1|  ap_memory |                 y_1_0                |     array    |
|y_1_1_address0   | out |    8|  ap_memory |                 y_1_1                |     array    |
|y_1_1_ce0        | out |    1|  ap_memory |                 y_1_1                |     array    |
|y_1_1_d0         | out |   16|  ap_memory |                 y_1_1                |     array    |
|y_1_1_q0         |  in |   16|  ap_memory |                 y_1_1                |     array    |
|y_1_1_we0        | out |    1|  ap_memory |                 y_1_1                |     array    |
|y_1_1_address1   | out |    8|  ap_memory |                 y_1_1                |     array    |
|y_1_1_ce1        | out |    1|  ap_memory |                 y_1_1                |     array    |
|y_1_1_d1         | out |   16|  ap_memory |                 y_1_1                |     array    |
|y_1_1_q1         |  in |   16|  ap_memory |                 y_1_1                |     array    |
|y_1_1_we1        | out |    1|  ap_memory |                 y_1_1                |     array    |
|y_1_2_address0   | out |    8|  ap_memory |                 y_1_2                |     array    |
|y_1_2_ce0        | out |    1|  ap_memory |                 y_1_2                |     array    |
|y_1_2_d0         | out |   16|  ap_memory |                 y_1_2                |     array    |
|y_1_2_q0         |  in |   16|  ap_memory |                 y_1_2                |     array    |
|y_1_2_we0        | out |    1|  ap_memory |                 y_1_2                |     array    |
|y_1_2_address1   | out |    8|  ap_memory |                 y_1_2                |     array    |
|y_1_2_ce1        | out |    1|  ap_memory |                 y_1_2                |     array    |
|y_1_2_d1         | out |   16|  ap_memory |                 y_1_2                |     array    |
|y_1_2_q1         |  in |   16|  ap_memory |                 y_1_2                |     array    |
|y_1_2_we1        | out |    1|  ap_memory |                 y_1_2                |     array    |
|y_1_3_address0   | out |    8|  ap_memory |                 y_1_3                |     array    |
|y_1_3_ce0        | out |    1|  ap_memory |                 y_1_3                |     array    |
|y_1_3_d0         | out |   16|  ap_memory |                 y_1_3                |     array    |
|y_1_3_q0         |  in |   16|  ap_memory |                 y_1_3                |     array    |
|y_1_3_we0        | out |    1|  ap_memory |                 y_1_3                |     array    |
|y_1_3_address1   | out |    8|  ap_memory |                 y_1_3                |     array    |
|y_1_3_ce1        | out |    1|  ap_memory |                 y_1_3                |     array    |
|y_1_3_d1         | out |   16|  ap_memory |                 y_1_3                |     array    |
|y_1_3_q1         |  in |   16|  ap_memory |                 y_1_3                |     array    |
|y_1_3_we1        | out |    1|  ap_memory |                 y_1_3                |     array    |
|y_1_4_address0   | out |    8|  ap_memory |                 y_1_4                |     array    |
|y_1_4_ce0        | out |    1|  ap_memory |                 y_1_4                |     array    |
|y_1_4_d0         | out |   16|  ap_memory |                 y_1_4                |     array    |
|y_1_4_q0         |  in |   16|  ap_memory |                 y_1_4                |     array    |
|y_1_4_we0        | out |    1|  ap_memory |                 y_1_4                |     array    |
|y_1_4_address1   | out |    8|  ap_memory |                 y_1_4                |     array    |
|y_1_4_ce1        | out |    1|  ap_memory |                 y_1_4                |     array    |
|y_1_4_d1         | out |   16|  ap_memory |                 y_1_4                |     array    |
|y_1_4_q1         |  in |   16|  ap_memory |                 y_1_4                |     array    |
|y_1_4_we1        | out |    1|  ap_memory |                 y_1_4                |     array    |
|y_1_5_address0   | out |    8|  ap_memory |                 y_1_5                |     array    |
|y_1_5_ce0        | out |    1|  ap_memory |                 y_1_5                |     array    |
|y_1_5_d0         | out |   16|  ap_memory |                 y_1_5                |     array    |
|y_1_5_q0         |  in |   16|  ap_memory |                 y_1_5                |     array    |
|y_1_5_we0        | out |    1|  ap_memory |                 y_1_5                |     array    |
|y_1_5_address1   | out |    8|  ap_memory |                 y_1_5                |     array    |
|y_1_5_ce1        | out |    1|  ap_memory |                 y_1_5                |     array    |
|y_1_5_d1         | out |   16|  ap_memory |                 y_1_5                |     array    |
|y_1_5_q1         |  in |   16|  ap_memory |                 y_1_5                |     array    |
|y_1_5_we1        | out |    1|  ap_memory |                 y_1_5                |     array    |
|y_1_6_address0   | out |    8|  ap_memory |                 y_1_6                |     array    |
|y_1_6_ce0        | out |    1|  ap_memory |                 y_1_6                |     array    |
|y_1_6_d0         | out |   16|  ap_memory |                 y_1_6                |     array    |
|y_1_6_q0         |  in |   16|  ap_memory |                 y_1_6                |     array    |
|y_1_6_we0        | out |    1|  ap_memory |                 y_1_6                |     array    |
|y_1_6_address1   | out |    8|  ap_memory |                 y_1_6                |     array    |
|y_1_6_ce1        | out |    1|  ap_memory |                 y_1_6                |     array    |
|y_1_6_d1         | out |   16|  ap_memory |                 y_1_6                |     array    |
|y_1_6_q1         |  in |   16|  ap_memory |                 y_1_6                |     array    |
|y_1_6_we1        | out |    1|  ap_memory |                 y_1_6                |     array    |
|y_1_7_address0   | out |    8|  ap_memory |                 y_1_7                |     array    |
|y_1_7_ce0        | out |    1|  ap_memory |                 y_1_7                |     array    |
|y_1_7_d0         | out |   16|  ap_memory |                 y_1_7                |     array    |
|y_1_7_q0         |  in |   16|  ap_memory |                 y_1_7                |     array    |
|y_1_7_we0        | out |    1|  ap_memory |                 y_1_7                |     array    |
|y_1_7_address1   | out |    8|  ap_memory |                 y_1_7                |     array    |
|y_1_7_ce1        | out |    1|  ap_memory |                 y_1_7                |     array    |
|y_1_7_d1         | out |   16|  ap_memory |                 y_1_7                |     array    |
|y_1_7_q1         |  in |   16|  ap_memory |                 y_1_7                |     array    |
|y_1_7_we1        | out |    1|  ap_memory |                 y_1_7                |     array    |
|y_1_8_address0   | out |    8|  ap_memory |                 y_1_8                |     array    |
|y_1_8_ce0        | out |    1|  ap_memory |                 y_1_8                |     array    |
|y_1_8_d0         | out |   16|  ap_memory |                 y_1_8                |     array    |
|y_1_8_q0         |  in |   16|  ap_memory |                 y_1_8                |     array    |
|y_1_8_we0        | out |    1|  ap_memory |                 y_1_8                |     array    |
|y_1_8_address1   | out |    8|  ap_memory |                 y_1_8                |     array    |
|y_1_8_ce1        | out |    1|  ap_memory |                 y_1_8                |     array    |
|y_1_8_d1         | out |   16|  ap_memory |                 y_1_8                |     array    |
|y_1_8_q1         |  in |   16|  ap_memory |                 y_1_8                |     array    |
|y_1_8_we1        | out |    1|  ap_memory |                 y_1_8                |     array    |
|y_1_9_address0   | out |    8|  ap_memory |                 y_1_9                |     array    |
|y_1_9_ce0        | out |    1|  ap_memory |                 y_1_9                |     array    |
|y_1_9_d0         | out |   16|  ap_memory |                 y_1_9                |     array    |
|y_1_9_q0         |  in |   16|  ap_memory |                 y_1_9                |     array    |
|y_1_9_we0        | out |    1|  ap_memory |                 y_1_9                |     array    |
|y_1_9_address1   | out |    8|  ap_memory |                 y_1_9                |     array    |
|y_1_9_ce1        | out |    1|  ap_memory |                 y_1_9                |     array    |
|y_1_9_d1         | out |   16|  ap_memory |                 y_1_9                |     array    |
|y_1_9_q1         |  in |   16|  ap_memory |                 y_1_9                |     array    |
|y_1_9_we1        | out |    1|  ap_memory |                 y_1_9                |     array    |
|y_1_10_address0  | out |    8|  ap_memory |                y_1_10                |     array    |
|y_1_10_ce0       | out |    1|  ap_memory |                y_1_10                |     array    |
|y_1_10_d0        | out |   16|  ap_memory |                y_1_10                |     array    |
|y_1_10_q0        |  in |   16|  ap_memory |                y_1_10                |     array    |
|y_1_10_we0       | out |    1|  ap_memory |                y_1_10                |     array    |
|y_1_10_address1  | out |    8|  ap_memory |                y_1_10                |     array    |
|y_1_10_ce1       | out |    1|  ap_memory |                y_1_10                |     array    |
|y_1_10_d1        | out |   16|  ap_memory |                y_1_10                |     array    |
|y_1_10_q1        |  in |   16|  ap_memory |                y_1_10                |     array    |
|y_1_10_we1       | out |    1|  ap_memory |                y_1_10                |     array    |
|y_1_11_address0  | out |    8|  ap_memory |                y_1_11                |     array    |
|y_1_11_ce0       | out |    1|  ap_memory |                y_1_11                |     array    |
|y_1_11_d0        | out |   16|  ap_memory |                y_1_11                |     array    |
|y_1_11_q0        |  in |   16|  ap_memory |                y_1_11                |     array    |
|y_1_11_we0       | out |    1|  ap_memory |                y_1_11                |     array    |
|y_1_11_address1  | out |    8|  ap_memory |                y_1_11                |     array    |
|y_1_11_ce1       | out |    1|  ap_memory |                y_1_11                |     array    |
|y_1_11_d1        | out |   16|  ap_memory |                y_1_11                |     array    |
|y_1_11_q1        |  in |   16|  ap_memory |                y_1_11                |     array    |
|y_1_11_we1       | out |    1|  ap_memory |                y_1_11                |     array    |
|y_1_12_address0  | out |    8|  ap_memory |                y_1_12                |     array    |
|y_1_12_ce0       | out |    1|  ap_memory |                y_1_12                |     array    |
|y_1_12_d0        | out |   16|  ap_memory |                y_1_12                |     array    |
|y_1_12_q0        |  in |   16|  ap_memory |                y_1_12                |     array    |
|y_1_12_we0       | out |    1|  ap_memory |                y_1_12                |     array    |
|y_1_12_address1  | out |    8|  ap_memory |                y_1_12                |     array    |
|y_1_12_ce1       | out |    1|  ap_memory |                y_1_12                |     array    |
|y_1_12_d1        | out |   16|  ap_memory |                y_1_12                |     array    |
|y_1_12_q1        |  in |   16|  ap_memory |                y_1_12                |     array    |
|y_1_12_we1       | out |    1|  ap_memory |                y_1_12                |     array    |
|y_1_13_address0  | out |    8|  ap_memory |                y_1_13                |     array    |
|y_1_13_ce0       | out |    1|  ap_memory |                y_1_13                |     array    |
|y_1_13_d0        | out |   16|  ap_memory |                y_1_13                |     array    |
|y_1_13_q0        |  in |   16|  ap_memory |                y_1_13                |     array    |
|y_1_13_we0       | out |    1|  ap_memory |                y_1_13                |     array    |
|y_1_13_address1  | out |    8|  ap_memory |                y_1_13                |     array    |
|y_1_13_ce1       | out |    1|  ap_memory |                y_1_13                |     array    |
|y_1_13_d1        | out |   16|  ap_memory |                y_1_13                |     array    |
|y_1_13_q1        |  in |   16|  ap_memory |                y_1_13                |     array    |
|y_1_13_we1       | out |    1|  ap_memory |                y_1_13                |     array    |
|y_1_14_address0  | out |    8|  ap_memory |                y_1_14                |     array    |
|y_1_14_ce0       | out |    1|  ap_memory |                y_1_14                |     array    |
|y_1_14_d0        | out |   16|  ap_memory |                y_1_14                |     array    |
|y_1_14_q0        |  in |   16|  ap_memory |                y_1_14                |     array    |
|y_1_14_we0       | out |    1|  ap_memory |                y_1_14                |     array    |
|y_1_14_address1  | out |    8|  ap_memory |                y_1_14                |     array    |
|y_1_14_ce1       | out |    1|  ap_memory |                y_1_14                |     array    |
|y_1_14_d1        | out |   16|  ap_memory |                y_1_14                |     array    |
|y_1_14_q1        |  in |   16|  ap_memory |                y_1_14                |     array    |
|y_1_14_we1       | out |    1|  ap_memory |                y_1_14                |     array    |
|y_1_15_address0  | out |    8|  ap_memory |                y_1_15                |     array    |
|y_1_15_ce0       | out |    1|  ap_memory |                y_1_15                |     array    |
|y_1_15_d0        | out |   16|  ap_memory |                y_1_15                |     array    |
|y_1_15_q0        |  in |   16|  ap_memory |                y_1_15                |     array    |
|y_1_15_we0       | out |    1|  ap_memory |                y_1_15                |     array    |
|y_1_15_address1  | out |    8|  ap_memory |                y_1_15                |     array    |
|y_1_15_ce1       | out |    1|  ap_memory |                y_1_15                |     array    |
|y_1_15_d1        | out |   16|  ap_memory |                y_1_15                |     array    |
|y_1_15_q1        |  in |   16|  ap_memory |                y_1_15                |     array    |
|y_1_15_we1       | out |    1|  ap_memory |                y_1_15                |     array    |
|y_2_0            |  in |   16|   ap_none  |                 y_2_0                |    pointer   |
|y_2_1            |  in |   16|   ap_none  |                 y_2_1                |    pointer   |
|y_2_2            |  in |   16|   ap_none  |                 y_2_2                |    pointer   |
|x_0_0            |  in |   16|   ap_none  |                 x_0_0                |    pointer   |
|x_0_1            |  in |   16|   ap_none  |                 x_0_1                |    pointer   |
|x_0_2            |  in |   16|   ap_none  |                 x_0_2                |    pointer   |
|x_0_3            |  in |   16|   ap_none  |                 x_0_3                |    pointer   |
|x_0_4            |  in |   16|   ap_none  |                 x_0_4                |    pointer   |
|x_0_5            |  in |   16|   ap_none  |                 x_0_5                |    pointer   |
|x_0_6            |  in |   16|   ap_none  |                 x_0_6                |    pointer   |
|x_0_7            |  in |   16|   ap_none  |                 x_0_7                |    pointer   |
|x_0_8            |  in |   16|   ap_none  |                 x_0_8                |    pointer   |
|x_0_9            |  in |   16|   ap_none  |                 x_0_9                |    pointer   |
|x_0_10           |  in |   16|   ap_none  |                x_0_10                |    pointer   |
|x_0_11           |  in |   16|   ap_none  |                x_0_11                |    pointer   |
|x_0_12           |  in |   16|   ap_none  |                x_0_12                |    pointer   |
|x_1_0_address0   | out |    8|  ap_memory |                 x_1_0                |     array    |
|x_1_0_ce0        | out |    1|  ap_memory |                 x_1_0                |     array    |
|x_1_0_d0         | out |   16|  ap_memory |                 x_1_0                |     array    |
|x_1_0_q0         |  in |   16|  ap_memory |                 x_1_0                |     array    |
|x_1_0_we0        | out |    1|  ap_memory |                 x_1_0                |     array    |
|x_1_0_address1   | out |    8|  ap_memory |                 x_1_0                |     array    |
|x_1_0_ce1        | out |    1|  ap_memory |                 x_1_0                |     array    |
|x_1_0_d1         | out |   16|  ap_memory |                 x_1_0                |     array    |
|x_1_0_q1         |  in |   16|  ap_memory |                 x_1_0                |     array    |
|x_1_0_we1        | out |    1|  ap_memory |                 x_1_0                |     array    |
|x_1_1_address0   | out |    8|  ap_memory |                 x_1_1                |     array    |
|x_1_1_ce0        | out |    1|  ap_memory |                 x_1_1                |     array    |
|x_1_1_d0         | out |   16|  ap_memory |                 x_1_1                |     array    |
|x_1_1_q0         |  in |   16|  ap_memory |                 x_1_1                |     array    |
|x_1_1_we0        | out |    1|  ap_memory |                 x_1_1                |     array    |
|x_1_1_address1   | out |    8|  ap_memory |                 x_1_1                |     array    |
|x_1_1_ce1        | out |    1|  ap_memory |                 x_1_1                |     array    |
|x_1_1_d1         | out |   16|  ap_memory |                 x_1_1                |     array    |
|x_1_1_q1         |  in |   16|  ap_memory |                 x_1_1                |     array    |
|x_1_1_we1        | out |    1|  ap_memory |                 x_1_1                |     array    |
|x_1_2_address0   | out |    8|  ap_memory |                 x_1_2                |     array    |
|x_1_2_ce0        | out |    1|  ap_memory |                 x_1_2                |     array    |
|x_1_2_d0         | out |   16|  ap_memory |                 x_1_2                |     array    |
|x_1_2_q0         |  in |   16|  ap_memory |                 x_1_2                |     array    |
|x_1_2_we0        | out |    1|  ap_memory |                 x_1_2                |     array    |
|x_1_2_address1   | out |    8|  ap_memory |                 x_1_2                |     array    |
|x_1_2_ce1        | out |    1|  ap_memory |                 x_1_2                |     array    |
|x_1_2_d1         | out |   16|  ap_memory |                 x_1_2                |     array    |
|x_1_2_q1         |  in |   16|  ap_memory |                 x_1_2                |     array    |
|x_1_2_we1        | out |    1|  ap_memory |                 x_1_2                |     array    |
|x_1_3_address0   | out |    8|  ap_memory |                 x_1_3                |     array    |
|x_1_3_ce0        | out |    1|  ap_memory |                 x_1_3                |     array    |
|x_1_3_d0         | out |   16|  ap_memory |                 x_1_3                |     array    |
|x_1_3_q0         |  in |   16|  ap_memory |                 x_1_3                |     array    |
|x_1_3_we0        | out |    1|  ap_memory |                 x_1_3                |     array    |
|x_1_3_address1   | out |    8|  ap_memory |                 x_1_3                |     array    |
|x_1_3_ce1        | out |    1|  ap_memory |                 x_1_3                |     array    |
|x_1_3_d1         | out |   16|  ap_memory |                 x_1_3                |     array    |
|x_1_3_q1         |  in |   16|  ap_memory |                 x_1_3                |     array    |
|x_1_3_we1        | out |    1|  ap_memory |                 x_1_3                |     array    |
|x_1_4_address0   | out |    8|  ap_memory |                 x_1_4                |     array    |
|x_1_4_ce0        | out |    1|  ap_memory |                 x_1_4                |     array    |
|x_1_4_d0         | out |   16|  ap_memory |                 x_1_4                |     array    |
|x_1_4_q0         |  in |   16|  ap_memory |                 x_1_4                |     array    |
|x_1_4_we0        | out |    1|  ap_memory |                 x_1_4                |     array    |
|x_1_4_address1   | out |    8|  ap_memory |                 x_1_4                |     array    |
|x_1_4_ce1        | out |    1|  ap_memory |                 x_1_4                |     array    |
|x_1_4_d1         | out |   16|  ap_memory |                 x_1_4                |     array    |
|x_1_4_q1         |  in |   16|  ap_memory |                 x_1_4                |     array    |
|x_1_4_we1        | out |    1|  ap_memory |                 x_1_4                |     array    |
|x_1_5_address0   | out |    8|  ap_memory |                 x_1_5                |     array    |
|x_1_5_ce0        | out |    1|  ap_memory |                 x_1_5                |     array    |
|x_1_5_d0         | out |   16|  ap_memory |                 x_1_5                |     array    |
|x_1_5_q0         |  in |   16|  ap_memory |                 x_1_5                |     array    |
|x_1_5_we0        | out |    1|  ap_memory |                 x_1_5                |     array    |
|x_1_5_address1   | out |    8|  ap_memory |                 x_1_5                |     array    |
|x_1_5_ce1        | out |    1|  ap_memory |                 x_1_5                |     array    |
|x_1_5_d1         | out |   16|  ap_memory |                 x_1_5                |     array    |
|x_1_5_q1         |  in |   16|  ap_memory |                 x_1_5                |     array    |
|x_1_5_we1        | out |    1|  ap_memory |                 x_1_5                |     array    |
|x_1_6_address0   | out |    8|  ap_memory |                 x_1_6                |     array    |
|x_1_6_ce0        | out |    1|  ap_memory |                 x_1_6                |     array    |
|x_1_6_d0         | out |   16|  ap_memory |                 x_1_6                |     array    |
|x_1_6_q0         |  in |   16|  ap_memory |                 x_1_6                |     array    |
|x_1_6_we0        | out |    1|  ap_memory |                 x_1_6                |     array    |
|x_1_6_address1   | out |    8|  ap_memory |                 x_1_6                |     array    |
|x_1_6_ce1        | out |    1|  ap_memory |                 x_1_6                |     array    |
|x_1_6_d1         | out |   16|  ap_memory |                 x_1_6                |     array    |
|x_1_6_q1         |  in |   16|  ap_memory |                 x_1_6                |     array    |
|x_1_6_we1        | out |    1|  ap_memory |                 x_1_6                |     array    |
|x_1_7_address0   | out |    8|  ap_memory |                 x_1_7                |     array    |
|x_1_7_ce0        | out |    1|  ap_memory |                 x_1_7                |     array    |
|x_1_7_d0         | out |   16|  ap_memory |                 x_1_7                |     array    |
|x_1_7_q0         |  in |   16|  ap_memory |                 x_1_7                |     array    |
|x_1_7_we0        | out |    1|  ap_memory |                 x_1_7                |     array    |
|x_1_7_address1   | out |    8|  ap_memory |                 x_1_7                |     array    |
|x_1_7_ce1        | out |    1|  ap_memory |                 x_1_7                |     array    |
|x_1_7_d1         | out |   16|  ap_memory |                 x_1_7                |     array    |
|x_1_7_q1         |  in |   16|  ap_memory |                 x_1_7                |     array    |
|x_1_7_we1        | out |    1|  ap_memory |                 x_1_7                |     array    |
|x_1_8_address0   | out |    8|  ap_memory |                 x_1_8                |     array    |
|x_1_8_ce0        | out |    1|  ap_memory |                 x_1_8                |     array    |
|x_1_8_d0         | out |   16|  ap_memory |                 x_1_8                |     array    |
|x_1_8_q0         |  in |   16|  ap_memory |                 x_1_8                |     array    |
|x_1_8_we0        | out |    1|  ap_memory |                 x_1_8                |     array    |
|x_1_8_address1   | out |    8|  ap_memory |                 x_1_8                |     array    |
|x_1_8_ce1        | out |    1|  ap_memory |                 x_1_8                |     array    |
|x_1_8_d1         | out |   16|  ap_memory |                 x_1_8                |     array    |
|x_1_8_q1         |  in |   16|  ap_memory |                 x_1_8                |     array    |
|x_1_8_we1        | out |    1|  ap_memory |                 x_1_8                |     array    |
|x_1_9_address0   | out |    8|  ap_memory |                 x_1_9                |     array    |
|x_1_9_ce0        | out |    1|  ap_memory |                 x_1_9                |     array    |
|x_1_9_d0         | out |   16|  ap_memory |                 x_1_9                |     array    |
|x_1_9_q0         |  in |   16|  ap_memory |                 x_1_9                |     array    |
|x_1_9_we0        | out |    1|  ap_memory |                 x_1_9                |     array    |
|x_1_9_address1   | out |    8|  ap_memory |                 x_1_9                |     array    |
|x_1_9_ce1        | out |    1|  ap_memory |                 x_1_9                |     array    |
|x_1_9_d1         | out |   16|  ap_memory |                 x_1_9                |     array    |
|x_1_9_q1         |  in |   16|  ap_memory |                 x_1_9                |     array    |
|x_1_9_we1        | out |    1|  ap_memory |                 x_1_9                |     array    |
|x_1_10_address0  | out |    8|  ap_memory |                x_1_10                |     array    |
|x_1_10_ce0       | out |    1|  ap_memory |                x_1_10                |     array    |
|x_1_10_d0        | out |   16|  ap_memory |                x_1_10                |     array    |
|x_1_10_q0        |  in |   16|  ap_memory |                x_1_10                |     array    |
|x_1_10_we0       | out |    1|  ap_memory |                x_1_10                |     array    |
|x_1_10_address1  | out |    8|  ap_memory |                x_1_10                |     array    |
|x_1_10_ce1       | out |    1|  ap_memory |                x_1_10                |     array    |
|x_1_10_d1        | out |   16|  ap_memory |                x_1_10                |     array    |
|x_1_10_q1        |  in |   16|  ap_memory |                x_1_10                |     array    |
|x_1_10_we1       | out |    1|  ap_memory |                x_1_10                |     array    |
|x_1_11_address0  | out |    8|  ap_memory |                x_1_11                |     array    |
|x_1_11_ce0       | out |    1|  ap_memory |                x_1_11                |     array    |
|x_1_11_d0        | out |   16|  ap_memory |                x_1_11                |     array    |
|x_1_11_q0        |  in |   16|  ap_memory |                x_1_11                |     array    |
|x_1_11_we0       | out |    1|  ap_memory |                x_1_11                |     array    |
|x_1_11_address1  | out |    8|  ap_memory |                x_1_11                |     array    |
|x_1_11_ce1       | out |    1|  ap_memory |                x_1_11                |     array    |
|x_1_11_d1        | out |   16|  ap_memory |                x_1_11                |     array    |
|x_1_11_q1        |  in |   16|  ap_memory |                x_1_11                |     array    |
|x_1_11_we1       | out |    1|  ap_memory |                x_1_11                |     array    |
|x_1_12_address0  | out |    8|  ap_memory |                x_1_12                |     array    |
|x_1_12_ce0       | out |    1|  ap_memory |                x_1_12                |     array    |
|x_1_12_d0        | out |   16|  ap_memory |                x_1_12                |     array    |
|x_1_12_q0        |  in |   16|  ap_memory |                x_1_12                |     array    |
|x_1_12_we0       | out |    1|  ap_memory |                x_1_12                |     array    |
|x_1_12_address1  | out |    8|  ap_memory |                x_1_12                |     array    |
|x_1_12_ce1       | out |    1|  ap_memory |                x_1_12                |     array    |
|x_1_12_d1        | out |   16|  ap_memory |                x_1_12                |     array    |
|x_1_12_q1        |  in |   16|  ap_memory |                x_1_12                |     array    |
|x_1_12_we1       | out |    1|  ap_memory |                x_1_12                |     array    |
|x_1_13_address0  | out |    8|  ap_memory |                x_1_13                |     array    |
|x_1_13_ce0       | out |    1|  ap_memory |                x_1_13                |     array    |
|x_1_13_d0        | out |   16|  ap_memory |                x_1_13                |     array    |
|x_1_13_q0        |  in |   16|  ap_memory |                x_1_13                |     array    |
|x_1_13_we0       | out |    1|  ap_memory |                x_1_13                |     array    |
|x_1_13_address1  | out |    8|  ap_memory |                x_1_13                |     array    |
|x_1_13_ce1       | out |    1|  ap_memory |                x_1_13                |     array    |
|x_1_13_d1        | out |   16|  ap_memory |                x_1_13                |     array    |
|x_1_13_q1        |  in |   16|  ap_memory |                x_1_13                |     array    |
|x_1_13_we1       | out |    1|  ap_memory |                x_1_13                |     array    |
|x_1_14_address0  | out |    8|  ap_memory |                x_1_14                |     array    |
|x_1_14_ce0       | out |    1|  ap_memory |                x_1_14                |     array    |
|x_1_14_d0        | out |   16|  ap_memory |                x_1_14                |     array    |
|x_1_14_q0        |  in |   16|  ap_memory |                x_1_14                |     array    |
|x_1_14_we0       | out |    1|  ap_memory |                x_1_14                |     array    |
|x_1_14_address1  | out |    8|  ap_memory |                x_1_14                |     array    |
|x_1_14_ce1       | out |    1|  ap_memory |                x_1_14                |     array    |
|x_1_14_d1        | out |   16|  ap_memory |                x_1_14                |     array    |
|x_1_14_q1        |  in |   16|  ap_memory |                x_1_14                |     array    |
|x_1_14_we1       | out |    1|  ap_memory |                x_1_14                |     array    |
|x_1_15_address0  | out |    8|  ap_memory |                x_1_15                |     array    |
|x_1_15_ce0       | out |    1|  ap_memory |                x_1_15                |     array    |
|x_1_15_d0        | out |   16|  ap_memory |                x_1_15                |     array    |
|x_1_15_q0        |  in |   16|  ap_memory |                x_1_15                |     array    |
|x_1_15_we0       | out |    1|  ap_memory |                x_1_15                |     array    |
|x_1_15_address1  | out |    8|  ap_memory |                x_1_15                |     array    |
|x_1_15_ce1       | out |    1|  ap_memory |                x_1_15                |     array    |
|x_1_15_d1        | out |   16|  ap_memory |                x_1_15                |     array    |
|x_1_15_q1        |  in |   16|  ap_memory |                x_1_15                |     array    |
|x_1_15_we1       | out |    1|  ap_memory |                x_1_15                |     array    |
|x_2_0            |  in |   16|   ap_none  |                 x_2_0                |    pointer   |
|x_2_1            |  in |   16|   ap_none  |                 x_2_1                |    pointer   |
|x_2_2            |  in |   16|   ap_none  |                 x_2_2                |    pointer   |
|out_r            | out |   32|   ap_vld   |                 out_r                |    pointer   |
|out_r_ap_vld     | out |    1|   ap_vld   |                 out_r                |    pointer   |
+-----------------+-----+-----+------------+--------------------------------------+--------------+

