

================================================================
== Vivado HLS Report for 'parallel_0'
================================================================
* Date:           Sat Aug 22 15:34:09 2020

* Version:        2019.2 (Build 2704478 on Wed Nov 06 22:10:23 MST 2019)
* Project:        knn
* Solution:       solution1
* Product family: zynq
* Target device:  xc7z020-clg484-1


================================================================
== Performance Estimates
================================================================
+ Timing: 
    * Summary: 
    +--------+----------+----------+------------+
    |  Clock |  Target  | Estimated| Uncertainty|
    +--------+----------+----------+------------+
    |ap_clk  | 10.00 ns | 9.433 ns |   1.25 ns  |
    +--------+----------+----------+------------+

+ Latency: 
    * Summary: 
    +---------+---------+----------+----------+-----+-----+---------+
    |  Latency (cycles) |  Latency (absolute) |  Interval | Pipeline|
    |   min   |   max   |    min   |    max   | min | max |   Type  |
    +---------+---------+----------+----------+-----+-----+---------+
    |      643|      643| 6.430 us | 6.430 us |  643|  643|   none  |
    +---------+---------+----------+----------+-----+-----+---------+

    + Detail: 
        * Instance: 
        N/A

        * Loop: 
        +----------+---------+---------+----------+-----------+-----------+------+----------+
        |          |  Latency (cycles) | Iteration|  Initiation Interval  | Trip |          |
        | Loop Name|   min   |   max   |  Latency |  achieved |   target  | Count| Pipelined|
        +----------+---------+---------+----------+-----------+-----------+------+----------+
        |- Loop 1  |      641|      641|       578|         64|          1|     2|    yes   |
        +----------+---------+---------+----------+-----------+-----------+------+----------+



================================================================
== Utilization Estimates
================================================================
* Summary: 
+-----------------+---------+-------+--------+-------+-----+
|       Name      | BRAM_18K| DSP48E|   FF   |  LUT  | URAM|
+-----------------+---------+-------+--------+-------+-----+
|DSP              |        -|      -|       -|      -|    -|
|Expression       |        -|      -|       0|   1166|    -|
|FIFO             |        -|      -|       -|      -|    -|
|Instance         |        -|     16|    2347|   5027|    -|
|Memory           |        -|      -|       -|      -|    -|
|Multiplexer      |        -|      -|       -|   3642|    -|
|Register         |        0|      -|   17876|   1792|    -|
+-----------------+---------+-------+--------+-------+-----+
|Total            |        0|     16|   20223|  11627|    0|
+-----------------+---------+-------+--------+-------+-----+
|Available        |      280|    220|  106400|  53200|    0|
+-----------------+---------+-------+--------+-------+-----+
|Utilization (%)  |        0|      7|      19|     21|    0|
+-----------------+---------+-------+--------+-------+-----+

+ Detail: 
    * Instance: 
    +----------------------------+----------------------+---------+-------+-----+------+-----+
    |          Instance          |        Module        | BRAM_18K| DSP48E|  FF |  LUT | URAM|
    +----------------------------+----------------------+---------+-------+-----+------+-----+
    |knn_8p128f_4paralbkb_U1067  |knn_8p128f_4paralbkb  |        0|      2|  205|   390|    0|
    |knn_8p128f_4paralbkb_U1068  |knn_8p128f_4paralbkb  |        0|      2|  205|   390|    0|
    |knn_8p128f_4paralcud_U1069  |knn_8p128f_4paralcud  |        0|      3|  143|   321|    0|
    |knn_8p128f_4paralcud_U1070  |knn_8p128f_4paralcud  |        0|      3|  143|   321|    0|
    |knn_8p128f_4paraldEe_U1071  |knn_8p128f_4paraldEe  |        0|      0|  128|   277|    0|
    |knn_8p128f_4paraldEe_U1072  |knn_8p128f_4paraldEe  |        0|      0|  128|   277|    0|
    |knn_8p128f_4paraleOg_U1073  |knn_8p128f_4paraleOg  |        0|      0|  100|   138|    0|
    |knn_8p128f_4paralfYi_U1074  |knn_8p128f_4paralfYi  |        0|      0|  405|   615|    0|
    |knn_8p128f_4paralg8j_U1075  |knn_8p128f_4paralg8j  |        0|      3|  445|  1149|    0|
    |knn_8p128f_4paralg8j_U1076  |knn_8p128f_4paralg8j  |        0|      3|  445|  1149|    0|
    +----------------------------+----------------------+---------+-------+-----+------+-----+
    |Total                       |                      |        0|     16| 2347|  5027|    0|
    +----------------------------+----------------------+---------+-------+-----+------+-----+

    * DSP48E: 
    N/A

    * Memory: 
    N/A

    * FIFO: 
    N/A

    * Expression: 
    +-----------------------+----------+-------+---+----+------------+------------+
    |     Variable Name     | Operation| DSP48E| FF| LUT| Bitwidth P0| Bitwidth P1|
    +-----------------------+----------+-------+---+----+------------+------------+
    |i_fu_4063_p2           |     +    |      0|  0|  10|           2|           1|
    |icmp_ln271_fu_4057_p2  |   icmp   |      0|  0|   9|           2|           3|
    |ap_block_state1        |    or    |      0|  0|   2|           1|           1|
    |or_ln276_fu_4082_p2    |    or    |      0|  0|   9|           9|           1|
    |or_ln277_fu_4097_p2    |    or    |      0|  0|   9|           9|           2|
    |or_ln278_fu_4111_p2    |    or    |      0|  0|   9|           9|           2|
    |or_ln279_fu_4125_p2    |    or    |      0|  0|   9|           9|           3|
    |or_ln280_fu_4139_p2    |    or    |      0|  0|   9|           9|           3|
    |or_ln281_fu_4153_p2    |    or    |      0|  0|   9|           9|           3|
    |or_ln282_fu_4167_p2    |    or    |      0|  0|   9|           9|           3|
    |or_ln283_fu_4181_p2    |    or    |      0|  0|   9|           9|           4|
    |or_ln284_fu_4195_p2    |    or    |      0|  0|   9|           9|           4|
    |or_ln285_fu_4209_p2    |    or    |      0|  0|   9|           9|           4|
    |or_ln286_fu_4223_p2    |    or    |      0|  0|   9|           9|           4|
    |or_ln287_fu_4237_p2    |    or    |      0|  0|   9|           9|           4|
    |or_ln288_fu_4251_p2    |    or    |      0|  0|   9|           9|           4|
    |or_ln289_fu_4265_p2    |    or    |      0|  0|   9|           9|           4|
    |or_ln290_fu_4279_p2    |    or    |      0|  0|   9|           9|           4|
    |or_ln291_fu_4293_p2    |    or    |      0|  0|   9|           9|           5|
    |or_ln292_fu_4307_p2    |    or    |      0|  0|   9|           9|           5|
    |or_ln293_fu_4321_p2    |    or    |      0|  0|   9|           9|           5|
    |or_ln294_fu_4335_p2    |    or    |      0|  0|   9|           9|           5|
    |or_ln295_fu_4349_p2    |    or    |      0|  0|   9|           9|           5|
    |or_ln296_fu_4363_p2    |    or    |      0|  0|   9|           9|           5|
    |or_ln297_fu_4377_p2    |    or    |      0|  0|   9|           9|           5|
    |or_ln298_fu_4391_p2    |    or    |      0|  0|   9|           9|           5|
    |or_ln299_fu_4405_p2    |    or    |      0|  0|   9|           9|           5|
    |or_ln300_fu_4419_p2    |    or    |      0|  0|   9|           9|           5|
    |or_ln301_fu_4433_p2    |    or    |      0|  0|   9|           9|           5|
    |or_ln302_fu_4447_p2    |    or    |      0|  0|   9|           9|           5|
    |or_ln303_fu_4461_p2    |    or    |      0|  0|   9|           9|           5|
    |or_ln304_fu_4475_p2    |    or    |      0|  0|   9|           9|           5|
    |or_ln305_fu_4489_p2    |    or    |      0|  0|   9|           9|           5|
    |or_ln306_fu_4503_p2    |    or    |      0|  0|   9|           9|           5|
    |or_ln307_fu_4517_p2    |    or    |      0|  0|   9|           9|           6|
    |or_ln308_fu_4531_p2    |    or    |      0|  0|   9|           9|           6|
    |or_ln309_fu_4545_p2    |    or    |      0|  0|   9|           9|           6|
    |or_ln310_fu_4559_p2    |    or    |      0|  0|   9|           9|           6|
    |or_ln311_fu_4573_p2    |    or    |      0|  0|   9|           9|           6|
    |or_ln312_fu_4587_p2    |    or    |      0|  0|   9|           9|           6|
    |or_ln313_fu_4601_p2    |    or    |      0|  0|   9|           9|           6|
    |or_ln314_fu_4615_p2    |    or    |      0|  0|   9|           9|           6|
    |or_ln315_fu_4629_p2    |    or    |      0|  0|   9|           9|           6|
    |or_ln316_fu_4643_p2    |    or    |      0|  0|   9|           9|           6|
    |or_ln317_fu_4657_p2    |    or    |      0|  0|   9|           9|           6|
    |or_ln318_fu_4671_p2    |    or    |      0|  0|   9|           9|           6|
    |or_ln319_fu_4685_p2    |    or    |      0|  0|   9|           9|           6|
    |or_ln320_fu_4699_p2    |    or    |      0|  0|   9|           9|           6|
    |or_ln321_fu_4713_p2    |    or    |      0|  0|   9|           9|           6|
    |or_ln322_fu_4727_p2    |    or    |      0|  0|   9|           9|           6|
    |or_ln323_fu_4741_p2    |    or    |      0|  0|   9|           9|           6|
    |or_ln324_fu_4755_p2    |    or    |      0|  0|   9|           9|           6|
    |or_ln325_fu_4769_p2    |    or    |      0|  0|   9|           9|           6|
    |or_ln326_fu_4783_p2    |    or    |      0|  0|   9|           9|           6|
    |or_ln327_fu_4797_p2    |    or    |      0|  0|   9|           9|           6|
    |or_ln328_fu_4811_p2    |    or    |      0|  0|   9|           9|           6|
    |or_ln329_fu_4825_p2    |    or    |      0|  0|   9|           9|           6|
    |or_ln330_fu_4839_p2    |    or    |      0|  0|   9|           9|           6|
    |or_ln331_fu_4853_p2    |    or    |      0|  0|   9|           9|           6|
    |or_ln332_fu_4867_p2    |    or    |      0|  0|   9|           9|           6|
    |or_ln333_fu_4881_p2    |    or    |      0|  0|   9|           9|           6|
    |or_ln334_fu_4895_p2    |    or    |      0|  0|   9|           9|           6|
    |or_ln335_fu_4909_p2    |    or    |      0|  0|   9|           9|           6|
    |or_ln336_fu_4923_p2    |    or    |      0|  0|   9|           9|           6|
    |or_ln337_fu_4937_p2    |    or    |      0|  0|   9|           9|           6|
    |or_ln338_fu_4951_p2    |    or    |      0|  0|   9|           9|           6|
    |or_ln339_fu_4965_p2    |    or    |      0|  0|   9|           9|           7|
    |or_ln340_fu_4979_p2    |    or    |      0|  0|   9|           9|           7|
    |or_ln341_fu_4993_p2    |    or    |      0|  0|   9|           9|           7|
    |or_ln342_fu_5007_p2    |    or    |      0|  0|   9|           9|           7|
    |or_ln343_fu_5021_p2    |    or    |      0|  0|   9|           9|           7|
    |or_ln344_fu_5035_p2    |    or    |      0|  0|   9|           9|           7|
    |or_ln345_fu_5049_p2    |    or    |      0|  0|   9|           9|           7|
    |or_ln346_fu_5063_p2    |    or    |      0|  0|   9|           9|           7|
    |or_ln347_fu_5077_p2    |    or    |      0|  0|   9|           9|           7|
    |or_ln348_fu_5091_p2    |    or    |      0|  0|   9|           9|           7|
    |or_ln349_fu_5105_p2    |    or    |      0|  0|   9|           9|           7|
    |or_ln350_fu_5553_p2    |    or    |      0|  0|   9|           9|           7|
    |or_ln351_fu_5777_p2    |    or    |      0|  0|   9|           9|           7|
    |or_ln352_fu_5805_p2    |    or    |      0|  0|   9|           9|           7|
    |or_ln353_fu_5819_p2    |    or    |      0|  0|   9|           9|           7|
    |or_ln354_fu_5833_p2    |    or    |      0|  0|   9|           9|           7|
    |or_ln355_fu_5119_p2    |    or    |      0|  0|   9|           9|           7|
    |or_ln356_fu_5133_p2    |    or    |      0|  0|   9|           9|           7|
    |or_ln357_fu_5147_p2    |    or    |      0|  0|   9|           9|           7|
    |or_ln358_fu_5161_p2    |    or    |      0|  0|   9|           9|           7|
    |or_ln359_fu_5175_p2    |    or    |      0|  0|   9|           9|           7|
    |or_ln360_fu_5189_p2    |    or    |      0|  0|   9|           9|           7|
    |or_ln361_fu_5203_p2    |    or    |      0|  0|   9|           9|           7|
    |or_ln362_fu_5217_p2    |    or    |      0|  0|   9|           9|           7|
    |or_ln363_fu_5231_p2    |    or    |      0|  0|   9|           9|           7|
    |or_ln364_fu_5245_p2    |    or    |      0|  0|   9|           9|           7|
    |or_ln365_fu_5259_p2    |    or    |      0|  0|   9|           9|           7|
    |or_ln366_fu_5273_p2    |    or    |      0|  0|   9|           9|           7|
    |or_ln367_fu_5287_p2    |    or    |      0|  0|   9|           9|           7|
    |or_ln368_fu_5301_p2    |    or    |      0|  0|   9|           9|           7|
    |or_ln369_fu_5315_p2    |    or    |      0|  0|   9|           9|           7|
    |or_ln370_fu_5329_p2    |    or    |      0|  0|   9|           9|           7|
    |or_ln371_fu_5343_p2    |    or    |      0|  0|   9|           9|           7|
    |or_ln372_fu_5357_p2    |    or    |      0|  0|   9|           9|           7|
    |or_ln373_fu_5371_p2    |    or    |      0|  0|   9|           9|           7|
    |or_ln374_fu_5385_p2    |    or    |      0|  0|   9|           9|           7|
    |or_ln375_fu_5399_p2    |    or    |      0|  0|   9|           9|           7|
    |or_ln376_fu_5413_p2    |    or    |      0|  0|   9|           9|           7|
    |or_ln377_fu_5427_p2    |    or    |      0|  0|   9|           9|           7|
    |or_ln378_fu_5441_p2    |    or    |      0|  0|   9|           9|           7|
    |or_ln379_fu_5455_p2    |    or    |      0|  0|   9|           9|           7|
    |or_ln380_fu_5469_p2    |    or    |      0|  0|   9|           9|           7|
    |or_ln381_fu_5483_p2    |    or    |      0|  0|   9|           9|           7|
    |or_ln382_fu_5497_p2    |    or    |      0|  0|   9|           9|           7|
    |or_ln383_fu_5511_p2    |    or    |      0|  0|   9|           9|           7|
    |or_ln384_fu_5525_p2    |    or    |      0|  0|   9|           9|           7|
    |or_ln385_fu_5539_p2    |    or    |      0|  0|   9|           9|           7|
    |or_ln386_fu_5567_p2    |    or    |      0|  0|   9|           9|           7|
    |or_ln387_fu_5581_p2    |    or    |      0|  0|   9|           9|           7|
    |or_ln388_fu_5595_p2    |    or    |      0|  0|   9|           9|           7|
    |or_ln389_fu_5609_p2    |    or    |      0|  0|   9|           9|           7|
    |or_ln390_fu_5623_p2    |    or    |      0|  0|   9|           9|           7|
    |or_ln391_fu_5637_p2    |    or    |      0|  0|   9|           9|           7|
    |or_ln392_fu_5651_p2    |    or    |      0|  0|   9|           9|           7|
    |or_ln393_fu_5665_p2    |    or    |      0|  0|   9|           9|           7|
    |or_ln394_fu_5679_p2    |    or    |      0|  0|   9|           9|           7|
    |or_ln395_fu_5693_p2    |    or    |      0|  0|   9|           9|           7|
    |or_ln396_fu_5707_p2    |    or    |      0|  0|   9|           9|           7|
    |or_ln397_fu_5721_p2    |    or    |      0|  0|   9|           9|           7|
    |or_ln398_fu_5735_p2    |    or    |      0|  0|   9|           9|           7|
    |or_ln399_fu_5749_p2    |    or    |      0|  0|   9|           9|           7|
    |or_ln400_fu_5763_p2    |    or    |      0|  0|   9|           9|           7|
    |or_ln401_fu_5791_p2    |    or    |      0|  0|   9|           9|           7|
    |or_ln402_fu_5847_p2    |    or    |      0|  0|   9|           9|           7|
    |ap_enable_pp0          |    xor   |      0|  0|   2|           1|           2|
    +-----------------------+----------+-------+---+----+------------+------------+
    |Total                  |          |      0|  0|1166|        1149|         776|
    +-----------------------+----------+-------+---+----+------------+------------+

    * Multiplexer: 
    +---------------------------------+-----+-----------+-----+-----------+
    |               Name              | LUT | Input Size| Bits| Total Bits|
    +---------------------------------+-----+-----------+-----+-----------+
    |ap_NS_fsm                        |  301|         67|    1|         67|
    |ap_done                          |    9|          2|    1|          2|
    |ap_enable_reg_pp0_iter9          |    9|          2|    1|          2|
    |ap_phi_mux_i_0_i_phi_fu_3664_p4  |    9|          2|    2|          4|
    |grp_fu_3672_p0                   |  165|         37|   32|       1184|
    |grp_fu_3672_p1                   |  173|         39|   32|       1248|
    |grp_fu_3677_p0                   |   62|         15|   32|        480|
    |grp_fu_3677_p1                   |  293|         65|   32|       2080|
    |grp_fu_3681_p0                   |   41|          8|   32|        256|
    |grp_fu_3681_p1                   |   41|          8|   32|        256|
    |grp_fu_3685_p0                   |   41|          8|   32|        256|
    |grp_fu_3685_p1                   |   41|          8|   32|        256|
    |grp_fu_3689_p0                   |   15|          3|   64|        192|
    |grp_fu_3692_p0                   |   15|          3|   64|        192|
    |grp_fu_3704_p0                   |  293|         65|   64|       4160|
    |grp_fu_3704_p1                   |   47|         10|   64|        640|
    |grp_fu_3708_p0                   |  293|         65|   64|       4160|
    |grp_fu_3708_p1                   |   47|         10|   64|        640|
    |i_0_i_reg_3660                   |    9|          2|    2|          4|
    |knownFeatures_address0           |  293|         65|    8|        520|
    |knownFeatures_address1           |  293|         65|    8|        520|
    |xFeatures_0_blk_n                |    9|          2|    1|          2|
    |xFeatures_100_blk_n              |    9|          2|    1|          2|
    |xFeatures_101_blk_n              |    9|          2|    1|          2|
    |xFeatures_102_blk_n              |    9|          2|    1|          2|
    |xFeatures_103_blk_n              |    9|          2|    1|          2|
    |xFeatures_104_blk_n              |    9|          2|    1|          2|
    |xFeatures_105_blk_n              |    9|          2|    1|          2|
    |xFeatures_106_blk_n              |    9|          2|    1|          2|
    |xFeatures_107_blk_n              |    9|          2|    1|          2|
    |xFeatures_108_blk_n              |    9|          2|    1|          2|
    |xFeatures_109_blk_n              |    9|          2|    1|          2|
    |xFeatures_10_blk_n               |    9|          2|    1|          2|
    |xFeatures_110_blk_n              |    9|          2|    1|          2|
    |xFeatures_111_blk_n              |    9|          2|    1|          2|
    |xFeatures_112_blk_n              |    9|          2|    1|          2|
    |xFeatures_113_blk_n              |    9|          2|    1|          2|
    |xFeatures_114_blk_n              |    9|          2|    1|          2|
    |xFeatures_115_blk_n              |    9|          2|    1|          2|
    |xFeatures_116_blk_n              |    9|          2|    1|          2|
    |xFeatures_117_blk_n              |    9|          2|    1|          2|
    |xFeatures_118_blk_n              |    9|          2|    1|          2|
    |xFeatures_119_blk_n              |    9|          2|    1|          2|
    |xFeatures_11_blk_n               |    9|          2|    1|          2|
    |xFeatures_120_blk_n              |    9|          2|    1|          2|
    |xFeatures_121_blk_n              |    9|          2|    1|          2|
    |xFeatures_122_blk_n              |    9|          2|    1|          2|
    |xFeatures_123_blk_n              |    9|          2|    1|          2|
    |xFeatures_124_blk_n              |    9|          2|    1|          2|
    |xFeatures_125_blk_n              |    9|          2|    1|          2|
    |xFeatures_126_blk_n              |    9|          2|    1|          2|
    |xFeatures_127_blk_n              |    9|          2|    1|          2|
    |xFeatures_12_blk_n               |    9|          2|    1|          2|
    |xFeatures_13_blk_n               |    9|          2|    1|          2|
    |xFeatures_14_blk_n               |    9|          2|    1|          2|
    |xFeatures_15_blk_n               |    9|          2|    1|          2|
    |xFeatures_16_blk_n               |    9|          2|    1|          2|
    |xFeatures_17_blk_n               |    9|          2|    1|          2|
    |xFeatures_18_blk_n               |    9|          2|    1|          2|
    |xFeatures_19_blk_n               |    9|          2|    1|          2|
    |xFeatures_1_blk_n                |    9|          2|    1|          2|
    |xFeatures_20_blk_n               |    9|          2|    1|          2|
    |xFeatures_21_blk_n               |    9|          2|    1|          2|
    |xFeatures_22_blk_n               |    9|          2|    1|          2|
    |xFeatures_23_blk_n               |    9|          2|    1|          2|
    |xFeatures_24_blk_n               |    9|          2|    1|          2|
    |xFeatures_25_blk_n               |    9|          2|    1|          2|
    |xFeatures_26_blk_n               |    9|          2|    1|          2|
    |xFeatures_27_blk_n               |    9|          2|    1|          2|
    |xFeatures_28_blk_n               |    9|          2|    1|          2|
    |xFeatures_29_blk_n               |    9|          2|    1|          2|
    |xFeatures_2_blk_n                |    9|          2|    1|          2|
    |xFeatures_30_blk_n               |    9|          2|    1|          2|
    |xFeatures_31_blk_n               |    9|          2|    1|          2|
    |xFeatures_32_blk_n               |    9|          2|    1|          2|
    |xFeatures_33_blk_n               |    9|          2|    1|          2|
    |xFeatures_34_blk_n               |    9|          2|    1|          2|
    |xFeatures_35_blk_n               |    9|          2|    1|          2|
    |xFeatures_36_blk_n               |    9|          2|    1|          2|
    |xFeatures_37_blk_n               |    9|          2|    1|          2|
    |xFeatures_38_blk_n               |    9|          2|    1|          2|
    |xFeatures_39_blk_n               |    9|          2|    1|          2|
    |xFeatures_3_blk_n                |    9|          2|    1|          2|
    |xFeatures_40_blk_n               |    9|          2|    1|          2|
    |xFeatures_41_blk_n               |    9|          2|    1|          2|
    |xFeatures_42_blk_n               |    9|          2|    1|          2|
    |xFeatures_43_blk_n               |    9|          2|    1|          2|
    |xFeatures_44_blk_n               |    9|          2|    1|          2|
    |xFeatures_45_blk_n               |    9|          2|    1|          2|
    |xFeatures_46_blk_n               |    9|          2|    1|          2|
    |xFeatures_47_blk_n               |    9|          2|    1|          2|
    |xFeatures_48_blk_n               |    9|          2|    1|          2|
    |xFeatures_49_blk_n               |    9|          2|    1|          2|
    |xFeatures_4_blk_n                |    9|          2|    1|          2|
    |xFeatures_50_blk_n               |    9|          2|    1|          2|
    |xFeatures_51_blk_n               |    9|          2|    1|          2|
    |xFeatures_52_blk_n               |    9|          2|    1|          2|
    |xFeatures_53_blk_n               |    9|          2|    1|          2|
    |xFeatures_54_blk_n               |    9|          2|    1|          2|
    |xFeatures_55_blk_n               |    9|          2|    1|          2|
    |xFeatures_56_blk_n               |    9|          2|    1|          2|
    |xFeatures_57_blk_n               |    9|          2|    1|          2|
    |xFeatures_58_blk_n               |    9|          2|    1|          2|
    |xFeatures_59_blk_n               |    9|          2|    1|          2|
    |xFeatures_5_blk_n                |    9|          2|    1|          2|
    |xFeatures_60_blk_n               |    9|          2|    1|          2|
    |xFeatures_61_blk_n               |    9|          2|    1|          2|
    |xFeatures_62_blk_n               |    9|          2|    1|          2|
    |xFeatures_63_blk_n               |    9|          2|    1|          2|
    |xFeatures_64_blk_n               |    9|          2|    1|          2|
    |xFeatures_65_blk_n               |    9|          2|    1|          2|
    |xFeatures_66_blk_n               |    9|          2|    1|          2|
    |xFeatures_67_blk_n               |    9|          2|    1|          2|
    |xFeatures_68_blk_n               |    9|          2|    1|          2|
    |xFeatures_69_blk_n               |    9|          2|    1|          2|
    |xFeatures_6_blk_n                |    9|          2|    1|          2|
    |xFeatures_70_blk_n               |    9|          2|    1|          2|
    |xFeatures_71_blk_n               |    9|          2|    1|          2|
    |xFeatures_72_blk_n               |    9|          2|    1|          2|
    |xFeatures_73_blk_n               |    9|          2|    1|          2|
    |xFeatures_74_blk_n               |    9|          2|    1|          2|
    |xFeatures_75_blk_n               |    9|          2|    1|          2|
    |xFeatures_76_blk_n               |    9|          2|    1|          2|
    |xFeatures_77_blk_n               |    9|          2|    1|          2|
    |xFeatures_78_blk_n               |    9|          2|    1|          2|
    |xFeatures_79_blk_n               |    9|          2|    1|          2|
    |xFeatures_7_blk_n                |    9|          2|    1|          2|
    |xFeatures_80_blk_n               |    9|          2|    1|          2|
    |xFeatures_81_blk_n               |    9|          2|    1|          2|
    |xFeatures_82_blk_n               |    9|          2|    1|          2|
    |xFeatures_83_blk_n               |    9|          2|    1|          2|
    |xFeatures_84_blk_n               |    9|          2|    1|          2|
    |xFeatures_85_blk_n               |    9|          2|    1|          2|
    |xFeatures_86_blk_n               |    9|          2|    1|          2|
    |xFeatures_87_blk_n               |    9|          2|    1|          2|
    |xFeatures_88_blk_n               |    9|          2|    1|          2|
    |xFeatures_89_blk_n               |    9|          2|    1|          2|
    |xFeatures_8_blk_n                |    9|          2|    1|          2|
    |xFeatures_90_blk_n               |    9|          2|    1|          2|
    |xFeatures_91_blk_n               |    9|          2|    1|          2|
    |xFeatures_92_blk_n               |    9|          2|    1|          2|
    |xFeatures_93_blk_n               |    9|          2|    1|          2|
    |xFeatures_94_blk_n               |    9|          2|    1|          2|
    |xFeatures_95_blk_n               |    9|          2|    1|          2|
    |xFeatures_96_blk_n               |    9|          2|    1|          2|
    |xFeatures_97_blk_n               |    9|          2|    1|          2|
    |xFeatures_98_blk_n               |    9|          2|    1|          2|
    |xFeatures_99_blk_n               |    9|          2|    1|          2|
    |xFeatures_9_blk_n                |    9|          2|    1|          2|
    +---------------------------------+-----+-----------+-----+-----------+
    |Total                            | 3642|        805|  791|      17375|
    +---------------------------------+-----+-----------+-----+-----------+

    * Register: 
    +----------------------------------+-----+----+-----+-----------+
    |               Name               |  FF | LUT| Bits| Const Bits|
    +----------------------------------+-----+----+-----+-----------+
    |ap_CS_fsm                         |   66|   0|   66|          0|
    |ap_done_reg                       |    1|   0|    1|          0|
    |ap_enable_reg_pp0_iter0           |    1|   0|    1|          0|
    |ap_enable_reg_pp0_iter1           |    1|   0|    1|          0|
    |ap_enable_reg_pp0_iter2           |    1|   0|    1|          0|
    |ap_enable_reg_pp0_iter3           |    1|   0|    1|          0|
    |ap_enable_reg_pp0_iter4           |    1|   0|    1|          0|
    |ap_enable_reg_pp0_iter5           |    1|   0|    1|          0|
    |ap_enable_reg_pp0_iter6           |    1|   0|    1|          0|
    |ap_enable_reg_pp0_iter7           |    1|   0|    1|          0|
    |ap_enable_reg_pp0_iter8           |    1|   0|    1|          0|
    |ap_enable_reg_pp0_iter9           |    1|   0|    1|          0|
    |distance_w103_reg_7660            |   32|   0|   32|          0|
    |distance_w125_reg_7730            |   32|   0|   32|          0|
    |distance_w126_reg_7705            |   32|   0|   32|          0|
    |distance_w17_reg_7735             |   32|   0|   32|          0|
    |distance_w20_reg_7740             |   32|   0|   32|          0|
    |distance_w30_reg_7690             |   32|   0|   32|          0|
    |distance_w32_reg_7725             |   32|   0|   32|          0|
    |distance_w49_reg_7675             |   32|   0|   32|          0|
    |distance_w53_reg_7710             |   32|   0|   32|          0|
    |distance_w57_reg_7745             |   32|   0|   32|          0|
    |distance_w66_reg_7720             |   32|   0|   32|          0|
    |distance_w67_reg_7665             |   32|   0|   32|          0|
    |distance_w68_reg_7715             |   32|   0|   32|          0|
    |distance_w89_reg_7650             |   32|   0|   32|          0|
    |distance_w98_reg_7655             |   32|   0|   32|          0|
    |i_0_i_reg_3660                    |    2|   0|    2|          0|
    |i_reg_6510                        |    2|   0|    2|          0|
    |icmp_ln271_reg_6506               |    1|   0|    1|          0|
    |knownFeatures_load_457_reg_7605   |   64|   0|   64|          0|
    |knownFeatures_load_458_reg_7625   |   64|   0|   64|          0|
    |knownFeatures_load_459_reg_7630   |   64|   0|   64|          0|
    |knownFeatures_load_460_reg_7635   |   64|   0|   64|          0|
    |knownFeatures_load_505_reg_7585   |   64|   0|   64|          0|
    |knownFeatures_load_506_reg_7590   |   64|   0|   64|          0|
    |knownFeatures_load_507_reg_7610   |   64|   0|   64|          0|
    |knownFeatures_load_508_reg_7640   |   64|   0|   64|          0|
    |reg_3712                          |   64|   0|   64|          0|
    |reg_3717                          |   64|   0|   64|          0|
    |reg_3722                          |   64|   0|   64|          0|
    |reg_3727                          |   64|   0|   64|          0|
    |reg_3732                          |   64|   0|   64|          0|
    |reg_3737                          |   64|   0|   64|          0|
    |reg_3742                          |   64|   0|   64|          0|
    |reg_3747                          |   64|   0|   64|          0|
    |reg_3752                          |   64|   0|   64|          0|
    |reg_3757                          |   64|   0|   64|          0|
    |reg_3762                          |   64|   0|   64|          0|
    |reg_3767                          |   64|   0|   64|          0|
    |reg_3772                          |   64|   0|   64|          0|
    |reg_3777                          |   64|   0|   64|          0|
    |reg_3782                          |   32|   0|   32|          0|
    |reg_3790                          |   32|   0|   32|          0|
    |reg_3798                          |   32|   0|   32|          0|
    |reg_3806                          |   32|   0|   32|          0|
    |reg_3814                          |   32|   0|   32|          0|
    |reg_3822                          |   32|   0|   32|          0|
    |reg_3830                          |   32|   0|   32|          0|
    |reg_3836                          |   32|   0|   32|          0|
    |reg_3842                          |   32|   0|   32|          0|
    |reg_3848                          |   32|   0|   32|          0|
    |reg_3854                          |   32|   0|   32|          0|
    |reg_3860                          |   32|   0|   32|          0|
    |reg_3866                          |   32|   0|   32|          0|
    |reg_3872                          |   32|   0|   32|          0|
    |reg_3877                          |   32|   0|   32|          0|
    |reg_3883                          |   32|   0|   32|          0|
    |reg_3889                          |   32|   0|   32|          0|
    |reg_3895                          |   32|   0|   32|          0|
    |reg_3900                          |   32|   0|   32|          0|
    |reg_3906                          |   32|   0|   32|          0|
    |reg_3912                          |   32|   0|   32|          0|
    |reg_3917                          |   32|   0|   32|          0|
    |reg_3923                          |   32|   0|   32|          0|
    |reg_3929                          |   32|   0|   32|          0|
    |reg_3934                          |   32|   0|   32|          0|
    |reg_3939                          |   32|   0|   32|          0|
    |reg_3946                          |   32|   0|   32|          0|
    |reg_3951                          |   32|   0|   32|          0|
    |reg_3957                          |   32|   0|   32|          0|
    |reg_3964                          |   32|   0|   32|          0|
    |reg_3971                          |   32|   0|   32|          0|
    |reg_3977                          |   32|   0|   32|          0|
    |reg_3983                          |   32|   0|   32|          0|
    |reg_3989                          |   32|   0|   32|          0|
    |reg_3995                          |   32|   0|   32|          0|
    |reg_4000                          |   32|   0|   32|          0|
    |reg_4007                          |   32|   0|   32|          0|
    |reg_4013                          |   32|   0|   32|          0|
    |reg_4019                          |   32|   0|   32|          0|
    |reg_4025                          |   32|   0|   32|          0|
    |reg_4030                          |   32|   0|   32|          0|
    |reg_4036                          |   32|   0|   32|          0|
    |reg_4042                          |   32|   0|   32|          0|
    |reg_4047                          |   32|   0|   32|          0|
    |reg_4052                          |   32|   0|   32|          0|
    |tmp_185_i_reg_6825                |   32|   0|   32|          0|
    |tmp_186_i_reg_6840                |   32|   0|   32|          0|
    |tmp_187_i_reg_6845                |   32|   0|   32|          0|
    |tmp_188_i_reg_6860                |   32|   0|   32|          0|
    |tmp_189_i_reg_6865                |   32|   0|   32|          0|
    |tmp_189_i_reg_6865_pp0_iter1_reg  |   32|   0|   32|          0|
    |tmp_190_i_reg_6880                |   32|   0|   32|          0|
    |tmp_190_i_reg_6880_pp0_iter1_reg  |   32|   0|   32|          0|
    |tmp_191_i_reg_6885                |   32|   0|   32|          0|
    |tmp_191_i_reg_6885_pp0_iter1_reg  |   32|   0|   32|          0|
    |tmp_192_i_reg_6900                |   32|   0|   32|          0|
    |tmp_192_i_reg_6900_pp0_iter1_reg  |   32|   0|   32|          0|
    |tmp_193_i_reg_6905                |   32|   0|   32|          0|
    |tmp_193_i_reg_6905_pp0_iter1_reg  |   32|   0|   32|          0|
    |tmp_194_i_reg_6920                |   32|   0|   32|          0|
    |tmp_194_i_reg_6920_pp0_iter1_reg  |   32|   0|   32|          0|
    |tmp_195_i_reg_6925                |   32|   0|   32|          0|
    |tmp_195_i_reg_6925_pp0_iter1_reg  |   32|   0|   32|          0|
    |tmp_196_i_reg_6940                |   32|   0|   32|          0|
    |tmp_196_i_reg_6940_pp0_iter1_reg  |   32|   0|   32|          0|
    |tmp_197_i_reg_6945                |   32|   0|   32|          0|
    |tmp_197_i_reg_6945_pp0_iter1_reg  |   32|   0|   32|          0|
    |tmp_198_i_reg_6960                |   32|   0|   32|          0|
    |tmp_198_i_reg_6960_pp0_iter1_reg  |   32|   0|   32|          0|
    |tmp_199_i_reg_6965                |   32|   0|   32|          0|
    |tmp_199_i_reg_6965_pp0_iter1_reg  |   32|   0|   32|          0|
    |tmp_200_i_reg_6980                |   32|   0|   32|          0|
    |tmp_200_i_reg_6980_pp0_iter1_reg  |   32|   0|   32|          0|
    |tmp_201_i_reg_6985                |   32|   0|   32|          0|
    |tmp_201_i_reg_6985_pp0_iter1_reg  |   32|   0|   32|          0|
    |tmp_202_i_reg_7000                |   32|   0|   32|          0|
    |tmp_203_i_reg_7005                |   32|   0|   32|          0|
    |tmp_204_i_reg_7020                |   32|   0|   32|          0|
    |tmp_205_i_reg_7025                |   32|   0|   32|          0|
    |tmp_206_i_reg_7040                |   32|   0|   32|          0|
    |tmp_207_i_reg_7045                |   32|   0|   32|          0|
    |tmp_208_i_reg_7060                |   32|   0|   32|          0|
    |tmp_209_i_reg_7065                |   32|   0|   32|          0|
    |tmp_210_i_reg_7080                |   32|   0|   32|          0|
    |tmp_211_i_reg_7085                |   32|   0|   32|          0|
    |tmp_212_i_reg_7100                |   32|   0|   32|          0|
    |tmp_213_i_reg_7105                |   32|   0|   32|          0|
    |tmp_214_i_reg_7120                |   32|   0|   32|          0|
    |tmp_215_i_reg_7125                |   32|   0|   32|          0|
    |tmp_216_i_reg_7140                |   32|   0|   32|          0|
    |tmp_217_i_reg_7145                |   32|   0|   32|          0|
    |tmp_218_i_reg_7160                |   32|   0|   32|          0|
    |tmp_219_i_reg_7165                |   32|   0|   32|          0|
    |tmp_220_i_reg_7180                |   32|   0|   32|          0|
    |tmp_221_i_reg_7185                |   32|   0|   32|          0|
    |tmp_222_i_reg_7200                |   32|   0|   32|          0|
    |tmp_223_i_reg_7205                |   32|   0|   32|          0|
    |tmp_224_i_reg_7220                |   32|   0|   32|          0|
    |tmp_225_i_reg_7225                |   32|   0|   32|          0|
    |tmp_226_i_reg_7240                |   32|   0|   32|          0|
    |tmp_227_i_reg_7245                |   32|   0|   32|          0|
    |tmp_228_i_reg_7260                |   32|   0|   32|          0|
    |tmp_229_i_reg_7265                |   32|   0|   32|          0|
    |tmp_230_i_reg_7280                |   32|   0|   32|          0|
    |tmp_231_i_reg_7285                |   32|   0|   32|          0|
    |tmp_232_i_reg_7300                |   32|   0|   32|          0|
    |tmp_233_i_reg_7305                |   32|   0|   32|          0|
    |tmp_234_i_reg_7320                |   32|   0|   32|          0|
    |tmp_235_i_reg_7325                |   32|   0|   32|          0|
    |tmp_236_i_reg_7340                |   32|   0|   32|          0|
    |tmp_237_i_reg_7345                |   32|   0|   32|          0|
    |tmp_238_i_reg_7360                |   32|   0|   32|          0|
    |tmp_239_i_reg_7365                |   32|   0|   32|          0|
    |tmp_240_i_reg_7380                |   32|   0|   32|          0|
    |tmp_241_i_reg_7385                |   32|   0|   32|          0|
    |tmp_242_i_reg_7400                |   32|   0|   32|          0|
    |tmp_243_i_reg_7405                |   32|   0|   32|          0|
    |tmp_244_i_reg_7420                |   32|   0|   32|          0|
    |tmp_245_i_reg_7425                |   32|   0|   32|          0|
    |tmp_246_i_reg_7440                |   32|   0|   32|          0|
    |tmp_247_i_reg_7445                |   32|   0|   32|          0|
    |tmp_248_i_reg_7460                |   32|   0|   32|          0|
    |tmp_249_i_reg_7645                |   32|   0|   32|          0|
    |tmp_250_i_reg_7670                |   32|   0|   32|          0|
    |tmp_251_i_reg_7680                |   32|   0|   32|          0|
    |tmp_252_i_reg_7685                |   32|   0|   32|          0|
    |tmp_253_i_reg_7695                |   32|   0|   32|          0|
    |tmp_254_i_reg_7700                |   32|   0|   32|          0|
    |tmp_255_i_reg_7750                |   32|   0|   32|          0|
    |tmp_reg_6515                      |    2|   0|    9|          7|
    |xFeatures_0_read_reg_5866         |   64|   0|   64|          0|
    |xFeatures_100_read_reg_6366       |   64|   0|   64|          0|
    |xFeatures_101_read_reg_6371       |   64|   0|   64|          0|
    |xFeatures_102_read_reg_6376       |   64|   0|   64|          0|
    |xFeatures_103_read_reg_6381       |   64|   0|   64|          0|
    |xFeatures_104_read_reg_6386       |   64|   0|   64|          0|
    |xFeatures_105_read_reg_6391       |   64|   0|   64|          0|
    |xFeatures_106_read_reg_6396       |   64|   0|   64|          0|
    |xFeatures_107_read_reg_6401       |   64|   0|   64|          0|
    |xFeatures_108_read_reg_6406       |   64|   0|   64|          0|
    |xFeatures_109_read_reg_6411       |   64|   0|   64|          0|
    |xFeatures_10_read_reg_5916        |   64|   0|   64|          0|
    |xFeatures_110_read_reg_6416       |   64|   0|   64|          0|
    |xFeatures_111_read_reg_6421       |   64|   0|   64|          0|
    |xFeatures_112_read_reg_6426       |   64|   0|   64|          0|
    |xFeatures_113_read_reg_6431       |   64|   0|   64|          0|
    |xFeatures_114_read_reg_6436       |   64|   0|   64|          0|
    |xFeatures_115_read_reg_6441       |   64|   0|   64|          0|
    |xFeatures_116_read_reg_6446       |   64|   0|   64|          0|
    |xFeatures_117_read_reg_6451       |   64|   0|   64|          0|
    |xFeatures_118_read_reg_6456       |   64|   0|   64|          0|
    |xFeatures_119_read_reg_6461       |   64|   0|   64|          0|
    |xFeatures_11_read_reg_5921        |   64|   0|   64|          0|
    |xFeatures_120_read_reg_6466       |   64|   0|   64|          0|
    |xFeatures_121_read_reg_6471       |   64|   0|   64|          0|
    |xFeatures_122_read_reg_6476       |   64|   0|   64|          0|
    |xFeatures_123_read_reg_6481       |   64|   0|   64|          0|
    |xFeatures_124_read_reg_6486       |   64|   0|   64|          0|
    |xFeatures_125_read_reg_6491       |   64|   0|   64|          0|
    |xFeatures_126_read_reg_6496       |   64|   0|   64|          0|
    |xFeatures_127_read_reg_6501       |   64|   0|   64|          0|
    |xFeatures_12_read_reg_5926        |   64|   0|   64|          0|
    |xFeatures_13_read_reg_5931        |   64|   0|   64|          0|
    |xFeatures_14_read_reg_5936        |   64|   0|   64|          0|
    |xFeatures_15_read_reg_5941        |   64|   0|   64|          0|
    |xFeatures_16_read_reg_5946        |   64|   0|   64|          0|
    |xFeatures_17_read_reg_5951        |   64|   0|   64|          0|
    |xFeatures_18_read_reg_5956        |   64|   0|   64|          0|
    |xFeatures_19_read_reg_5961        |   64|   0|   64|          0|
    |xFeatures_1_read_reg_5871         |   64|   0|   64|          0|
    |xFeatures_20_read_reg_5966        |   64|   0|   64|          0|
    |xFeatures_21_read_reg_5971        |   64|   0|   64|          0|
    |xFeatures_22_read_reg_5976        |   64|   0|   64|          0|
    |xFeatures_23_read_reg_5981        |   64|   0|   64|          0|
    |xFeatures_24_read_reg_5986        |   64|   0|   64|          0|
    |xFeatures_25_read_reg_5991        |   64|   0|   64|          0|
    |xFeatures_26_read_reg_5996        |   64|   0|   64|          0|
    |xFeatures_27_read_reg_6001        |   64|   0|   64|          0|
    |xFeatures_28_read_reg_6006        |   64|   0|   64|          0|
    |xFeatures_29_read_reg_6011        |   64|   0|   64|          0|
    |xFeatures_2_read_reg_5876         |   64|   0|   64|          0|
    |xFeatures_30_read_reg_6016        |   64|   0|   64|          0|
    |xFeatures_31_read_reg_6021        |   64|   0|   64|          0|
    |xFeatures_32_read_reg_6026        |   64|   0|   64|          0|
    |xFeatures_33_read_reg_6031        |   64|   0|   64|          0|
    |xFeatures_34_read_reg_6036        |   64|   0|   64|          0|
    |xFeatures_35_read_reg_6041        |   64|   0|   64|          0|
    |xFeatures_36_read_reg_6046        |   64|   0|   64|          0|
    |xFeatures_37_read_reg_6051        |   64|   0|   64|          0|
    |xFeatures_38_read_reg_6056        |   64|   0|   64|          0|
    |xFeatures_39_read_reg_6061        |   64|   0|   64|          0|
    |xFeatures_3_read_reg_5881         |   64|   0|   64|          0|
    |xFeatures_40_read_reg_6066        |   64|   0|   64|          0|
    |xFeatures_41_read_reg_6071        |   64|   0|   64|          0|
    |xFeatures_42_read_reg_6076        |   64|   0|   64|          0|
    |xFeatures_43_read_reg_6081        |   64|   0|   64|          0|
    |xFeatures_44_read_reg_6086        |   64|   0|   64|          0|
    |xFeatures_45_read_reg_6091        |   64|   0|   64|          0|
    |xFeatures_46_read_reg_6096        |   64|   0|   64|          0|
    |xFeatures_47_read_reg_6101        |   64|   0|   64|          0|
    |xFeatures_48_read_reg_6106        |   64|   0|   64|          0|
    |xFeatures_49_read_reg_6111        |   64|   0|   64|          0|
    |xFeatures_4_read_reg_5886         |   64|   0|   64|          0|
    |xFeatures_50_read_reg_6116        |   64|   0|   64|          0|
    |xFeatures_51_read_reg_6121        |   64|   0|   64|          0|
    |xFeatures_52_read_reg_6126        |   64|   0|   64|          0|
    |xFeatures_53_read_reg_6131        |   64|   0|   64|          0|
    |xFeatures_54_read_reg_6136        |   64|   0|   64|          0|
    |xFeatures_55_read_reg_6141        |   64|   0|   64|          0|
    |xFeatures_56_read_reg_6146        |   64|   0|   64|          0|
    |xFeatures_57_read_reg_6151        |   64|   0|   64|          0|
    |xFeatures_58_read_reg_6156        |   64|   0|   64|          0|
    |xFeatures_59_read_reg_6161        |   64|   0|   64|          0|
    |xFeatures_5_read_reg_5891         |   64|   0|   64|          0|
    |xFeatures_60_read_reg_6166        |   64|   0|   64|          0|
    |xFeatures_61_read_reg_6171        |   64|   0|   64|          0|
    |xFeatures_62_read_reg_6176        |   64|   0|   64|          0|
    |xFeatures_63_read_reg_6181        |   64|   0|   64|          0|
    |xFeatures_64_read_reg_6186        |   64|   0|   64|          0|
    |xFeatures_65_read_reg_6191        |   64|   0|   64|          0|
    |xFeatures_66_read_reg_6196        |   64|   0|   64|          0|
    |xFeatures_67_read_reg_6201        |   64|   0|   64|          0|
    |xFeatures_68_read_reg_6206        |   64|   0|   64|          0|
    |xFeatures_69_read_reg_6211        |   64|   0|   64|          0|
    |xFeatures_6_read_reg_5896         |   64|   0|   64|          0|
    |xFeatures_70_read_reg_6216        |   64|   0|   64|          0|
    |xFeatures_71_read_reg_6221        |   64|   0|   64|          0|
    |xFeatures_72_read_reg_6226        |   64|   0|   64|          0|
    |xFeatures_73_read_reg_6231        |   64|   0|   64|          0|
    |xFeatures_74_read_reg_6236        |   64|   0|   64|          0|
    |xFeatures_75_read_reg_6241        |   64|   0|   64|          0|
    |xFeatures_76_read_reg_6246        |   64|   0|   64|          0|
    |xFeatures_77_read_reg_6251        |   64|   0|   64|          0|
    |xFeatures_78_read_reg_6256        |   64|   0|   64|          0|
    |xFeatures_79_read_reg_6261        |   64|   0|   64|          0|
    |xFeatures_7_read_reg_5901         |   64|   0|   64|          0|
    |xFeatures_80_read_reg_6266        |   64|   0|   64|          0|
    |xFeatures_81_read_reg_6271        |   64|   0|   64|          0|
    |xFeatures_82_read_reg_6276        |   64|   0|   64|          0|
    |xFeatures_83_read_reg_6281        |   64|   0|   64|          0|
    |xFeatures_84_read_reg_6286        |   64|   0|   64|          0|
    |xFeatures_85_read_reg_6291        |   64|   0|   64|          0|
    |xFeatures_86_read_reg_6296        |   64|   0|   64|          0|
    |xFeatures_87_read_reg_6301        |   64|   0|   64|          0|
    |xFeatures_88_read_reg_6306        |   64|   0|   64|          0|
    |xFeatures_89_read_reg_6311        |   64|   0|   64|          0|
    |xFeatures_8_read_reg_5906         |   64|   0|   64|          0|
    |xFeatures_90_read_reg_6316        |   64|   0|   64|          0|
    |xFeatures_91_read_reg_6321        |   64|   0|   64|          0|
    |xFeatures_92_read_reg_6326        |   64|   0|   64|          0|
    |xFeatures_93_read_reg_6331        |   64|   0|   64|          0|
    |xFeatures_94_read_reg_6336        |   64|   0|   64|          0|
    |xFeatures_95_read_reg_6341        |   64|   0|   64|          0|
    |xFeatures_96_read_reg_6346        |   64|   0|   64|          0|
    |xFeatures_97_read_reg_6351        |   64|   0|   64|          0|
    |xFeatures_98_read_reg_6356        |   64|   0|   64|          0|
    |xFeatures_99_read_reg_6361        |   64|   0|   64|          0|
    |xFeatures_9_read_reg_5911         |   64|   0|   64|          0|
    |distance_w125_reg_7730            |   64|  32|   32|          0|
    |i_0_i_reg_3660                    |   64|  32|    2|          0|
    |icmp_ln271_reg_6506               |   64|  32|    1|          0|
    |tmp_202_i_reg_7000                |   64|  32|   32|          0|
    |tmp_203_i_reg_7005                |   64|  32|   32|          0|
    |tmp_204_i_reg_7020                |   64|  32|   32|          0|
    |tmp_205_i_reg_7025                |   64|  32|   32|          0|
    |tmp_206_i_reg_7040                |   64|  32|   32|          0|
    |tmp_207_i_reg_7045                |   64|  32|   32|          0|
    |tmp_208_i_reg_7060                |   64|  32|   32|          0|
    |tmp_209_i_reg_7065                |   64|  32|   32|          0|
    |tmp_210_i_reg_7080                |   64|  32|   32|          0|
    |tmp_211_i_reg_7085                |   64|  32|   32|          0|
    |tmp_212_i_reg_7100                |   64|  32|   32|          0|
    |tmp_213_i_reg_7105                |   64|  32|   32|          0|
    |tmp_214_i_reg_7120                |   64|  32|   32|          0|
    |tmp_215_i_reg_7125                |   64|  32|   32|          0|
    |tmp_216_i_reg_7140                |   64|  32|   32|          0|
    |tmp_217_i_reg_7145                |   64|  32|   32|          0|
    |tmp_218_i_reg_7160                |   64|  32|   32|          0|
    |tmp_219_i_reg_7165                |   64|  32|   32|          0|
    |tmp_220_i_reg_7180                |   64|  32|   32|          0|
    |tmp_221_i_reg_7185                |   64|  32|   32|          0|
    |tmp_222_i_reg_7200                |   64|  32|   32|          0|
    |tmp_223_i_reg_7205                |   64|  32|   32|          0|
    |tmp_224_i_reg_7220                |   64|  32|   32|          0|
    |tmp_225_i_reg_7225                |   64|  32|   32|          0|
    |tmp_226_i_reg_7240                |   64|  32|   32|          0|
    |tmp_227_i_reg_7245                |   64|  32|   32|          0|
    |tmp_228_i_reg_7260                |   64|  32|   32|          0|
    |tmp_229_i_reg_7265                |   64|  32|   32|          0|
    |tmp_230_i_reg_7280                |   64|  32|   32|          0|
    |tmp_231_i_reg_7285                |   64|  32|   32|          0|
    |tmp_232_i_reg_7300                |   64|  32|   32|          0|
    |tmp_233_i_reg_7305                |   64|  32|   32|          0|
    |tmp_234_i_reg_7320                |   64|  32|   32|          0|
    |tmp_235_i_reg_7325                |   64|  32|   32|          0|
    |tmp_236_i_reg_7340                |   64|  32|   32|          0|
    |tmp_237_i_reg_7345                |   64|  32|   32|          0|
    |tmp_238_i_reg_7360                |   64|  32|   32|          0|
    |tmp_239_i_reg_7365                |   64|  32|   32|          0|
    |tmp_240_i_reg_7380                |   64|  32|   32|          0|
    |tmp_241_i_reg_7385                |   64|  32|   32|          0|
    |tmp_242_i_reg_7400                |   64|  32|   32|          0|
    |tmp_243_i_reg_7405                |   64|  32|   32|          0|
    |tmp_244_i_reg_7420                |   64|  32|   32|          0|
    |tmp_245_i_reg_7425                |   64|  32|   32|          0|
    |tmp_246_i_reg_7440                |   64|  32|   32|          0|
    |tmp_247_i_reg_7445                |   64|  32|   32|          0|
    |tmp_248_i_reg_7460                |   64|  32|   32|          0|
    |tmp_249_i_reg_7645                |   64|  32|   32|          0|
    |tmp_250_i_reg_7670                |   64|  32|   32|          0|
    |tmp_251_i_reg_7680                |   64|  32|   32|          0|
    |tmp_252_i_reg_7685                |   64|  32|   32|          0|
    |tmp_253_i_reg_7695                |   64|  32|   32|          0|
    |tmp_254_i_reg_7700                |   64|  32|   32|          0|
    +----------------------------------+-----+----+-----+-----------+
    |Total                             |17876|1792|16030|          7|
    +----------------------------------+-----+----+-----+-----------+



================================================================
== Interface
================================================================
* Summary: 
+-------------------------+-----+-----+------------+----------------+--------------+
|        RTL Ports        | Dir | Bits|  Protocol  |  Source Object |    C Type    |
+-------------------------+-----+-----+------------+----------------+--------------+
|ap_clk                   |  in |    1| ap_ctrl_hs |   parallel_0   | return value |
|ap_rst                   |  in |    1| ap_ctrl_hs |   parallel_0   | return value |
|ap_start                 |  in |    1| ap_ctrl_hs |   parallel_0   | return value |
|ap_done                  | out |    1| ap_ctrl_hs |   parallel_0   | return value |
|ap_continue              |  in |    1| ap_ctrl_hs |   parallel_0   | return value |
|ap_idle                  | out |    1| ap_ctrl_hs |   parallel_0   | return value |
|ap_ready                 | out |    1| ap_ctrl_hs |   parallel_0   | return value |
|knownFeatures_address0   | out |    8|  ap_memory |  knownFeatures |     array    |
|knownFeatures_ce0        | out |    1|  ap_memory |  knownFeatures |     array    |
|knownFeatures_q0         |  in |   64|  ap_memory |  knownFeatures |     array    |
|knownFeatures_address1   | out |    8|  ap_memory |  knownFeatures |     array    |
|knownFeatures_ce1        | out |    1|  ap_memory |  knownFeatures |     array    |
|knownFeatures_q1         |  in |   64|  ap_memory |  knownFeatures |     array    |
|xFeatures_0_dout         |  in |   64|   ap_fifo  |   xFeatures_0  |    pointer   |
|xFeatures_0_empty_n      |  in |    1|   ap_fifo  |   xFeatures_0  |    pointer   |
|xFeatures_0_read         | out |    1|   ap_fifo  |   xFeatures_0  |    pointer   |
|xFeatures_1_dout         |  in |   64|   ap_fifo  |   xFeatures_1  |    pointer   |
|xFeatures_1_empty_n      |  in |    1|   ap_fifo  |   xFeatures_1  |    pointer   |
|xFeatures_1_read         | out |    1|   ap_fifo  |   xFeatures_1  |    pointer   |
|xFeatures_2_dout         |  in |   64|   ap_fifo  |   xFeatures_2  |    pointer   |
|xFeatures_2_empty_n      |  in |    1|   ap_fifo  |   xFeatures_2  |    pointer   |
|xFeatures_2_read         | out |    1|   ap_fifo  |   xFeatures_2  |    pointer   |
|xFeatures_3_dout         |  in |   64|   ap_fifo  |   xFeatures_3  |    pointer   |
|xFeatures_3_empty_n      |  in |    1|   ap_fifo  |   xFeatures_3  |    pointer   |
|xFeatures_3_read         | out |    1|   ap_fifo  |   xFeatures_3  |    pointer   |
|xFeatures_4_dout         |  in |   64|   ap_fifo  |   xFeatures_4  |    pointer   |
|xFeatures_4_empty_n      |  in |    1|   ap_fifo  |   xFeatures_4  |    pointer   |
|xFeatures_4_read         | out |    1|   ap_fifo  |   xFeatures_4  |    pointer   |
|xFeatures_5_dout         |  in |   64|   ap_fifo  |   xFeatures_5  |    pointer   |
|xFeatures_5_empty_n      |  in |    1|   ap_fifo  |   xFeatures_5  |    pointer   |
|xFeatures_5_read         | out |    1|   ap_fifo  |   xFeatures_5  |    pointer   |
|xFeatures_6_dout         |  in |   64|   ap_fifo  |   xFeatures_6  |    pointer   |
|xFeatures_6_empty_n      |  in |    1|   ap_fifo  |   xFeatures_6  |    pointer   |
|xFeatures_6_read         | out |    1|   ap_fifo  |   xFeatures_6  |    pointer   |
|xFeatures_7_dout         |  in |   64|   ap_fifo  |   xFeatures_7  |    pointer   |
|xFeatures_7_empty_n      |  in |    1|   ap_fifo  |   xFeatures_7  |    pointer   |
|xFeatures_7_read         | out |    1|   ap_fifo  |   xFeatures_7  |    pointer   |
|xFeatures_8_dout         |  in |   64|   ap_fifo  |   xFeatures_8  |    pointer   |
|xFeatures_8_empty_n      |  in |    1|   ap_fifo  |   xFeatures_8  |    pointer   |
|xFeatures_8_read         | out |    1|   ap_fifo  |   xFeatures_8  |    pointer   |
|xFeatures_9_dout         |  in |   64|   ap_fifo  |   xFeatures_9  |    pointer   |
|xFeatures_9_empty_n      |  in |    1|   ap_fifo  |   xFeatures_9  |    pointer   |
|xFeatures_9_read         | out |    1|   ap_fifo  |   xFeatures_9  |    pointer   |
|xFeatures_10_dout        |  in |   64|   ap_fifo  |  xFeatures_10  |    pointer   |
|xFeatures_10_empty_n     |  in |    1|   ap_fifo  |  xFeatures_10  |    pointer   |
|xFeatures_10_read        | out |    1|   ap_fifo  |  xFeatures_10  |    pointer   |
|xFeatures_11_dout        |  in |   64|   ap_fifo  |  xFeatures_11  |    pointer   |
|xFeatures_11_empty_n     |  in |    1|   ap_fifo  |  xFeatures_11  |    pointer   |
|xFeatures_11_read        | out |    1|   ap_fifo  |  xFeatures_11  |    pointer   |
|xFeatures_12_dout        |  in |   64|   ap_fifo  |  xFeatures_12  |    pointer   |
|xFeatures_12_empty_n     |  in |    1|   ap_fifo  |  xFeatures_12  |    pointer   |
|xFeatures_12_read        | out |    1|   ap_fifo  |  xFeatures_12  |    pointer   |
|xFeatures_13_dout        |  in |   64|   ap_fifo  |  xFeatures_13  |    pointer   |
|xFeatures_13_empty_n     |  in |    1|   ap_fifo  |  xFeatures_13  |    pointer   |
|xFeatures_13_read        | out |    1|   ap_fifo  |  xFeatures_13  |    pointer   |
|xFeatures_14_dout        |  in |   64|   ap_fifo  |  xFeatures_14  |    pointer   |
|xFeatures_14_empty_n     |  in |    1|   ap_fifo  |  xFeatures_14  |    pointer   |
|xFeatures_14_read        | out |    1|   ap_fifo  |  xFeatures_14  |    pointer   |
|xFeatures_15_dout        |  in |   64|   ap_fifo  |  xFeatures_15  |    pointer   |
|xFeatures_15_empty_n     |  in |    1|   ap_fifo  |  xFeatures_15  |    pointer   |
|xFeatures_15_read        | out |    1|   ap_fifo  |  xFeatures_15  |    pointer   |
|xFeatures_16_dout        |  in |   64|   ap_fifo  |  xFeatures_16  |    pointer   |
|xFeatures_16_empty_n     |  in |    1|   ap_fifo  |  xFeatures_16  |    pointer   |
|xFeatures_16_read        | out |    1|   ap_fifo  |  xFeatures_16  |    pointer   |
|xFeatures_17_dout        |  in |   64|   ap_fifo  |  xFeatures_17  |    pointer   |
|xFeatures_17_empty_n     |  in |    1|   ap_fifo  |  xFeatures_17  |    pointer   |
|xFeatures_17_read        | out |    1|   ap_fifo  |  xFeatures_17  |    pointer   |
|xFeatures_18_dout        |  in |   64|   ap_fifo  |  xFeatures_18  |    pointer   |
|xFeatures_18_empty_n     |  in |    1|   ap_fifo  |  xFeatures_18  |    pointer   |
|xFeatures_18_read        | out |    1|   ap_fifo  |  xFeatures_18  |    pointer   |
|xFeatures_19_dout        |  in |   64|   ap_fifo  |  xFeatures_19  |    pointer   |
|xFeatures_19_empty_n     |  in |    1|   ap_fifo  |  xFeatures_19  |    pointer   |
|xFeatures_19_read        | out |    1|   ap_fifo  |  xFeatures_19  |    pointer   |
|xFeatures_20_dout        |  in |   64|   ap_fifo  |  xFeatures_20  |    pointer   |
|xFeatures_20_empty_n     |  in |    1|   ap_fifo  |  xFeatures_20  |    pointer   |
|xFeatures_20_read        | out |    1|   ap_fifo  |  xFeatures_20  |    pointer   |
|xFeatures_21_dout        |  in |   64|   ap_fifo  |  xFeatures_21  |    pointer   |
|xFeatures_21_empty_n     |  in |    1|   ap_fifo  |  xFeatures_21  |    pointer   |
|xFeatures_21_read        | out |    1|   ap_fifo  |  xFeatures_21  |    pointer   |
|xFeatures_22_dout        |  in |   64|   ap_fifo  |  xFeatures_22  |    pointer   |
|xFeatures_22_empty_n     |  in |    1|   ap_fifo  |  xFeatures_22  |    pointer   |
|xFeatures_22_read        | out |    1|   ap_fifo  |  xFeatures_22  |    pointer   |
|xFeatures_23_dout        |  in |   64|   ap_fifo  |  xFeatures_23  |    pointer   |
|xFeatures_23_empty_n     |  in |    1|   ap_fifo  |  xFeatures_23  |    pointer   |
|xFeatures_23_read        | out |    1|   ap_fifo  |  xFeatures_23  |    pointer   |
|xFeatures_24_dout        |  in |   64|   ap_fifo  |  xFeatures_24  |    pointer   |
|xFeatures_24_empty_n     |  in |    1|   ap_fifo  |  xFeatures_24  |    pointer   |
|xFeatures_24_read        | out |    1|   ap_fifo  |  xFeatures_24  |    pointer   |
|xFeatures_25_dout        |  in |   64|   ap_fifo  |  xFeatures_25  |    pointer   |
|xFeatures_25_empty_n     |  in |    1|   ap_fifo  |  xFeatures_25  |    pointer   |
|xFeatures_25_read        | out |    1|   ap_fifo  |  xFeatures_25  |    pointer   |
|xFeatures_26_dout        |  in |   64|   ap_fifo  |  xFeatures_26  |    pointer   |
|xFeatures_26_empty_n     |  in |    1|   ap_fifo  |  xFeatures_26  |    pointer   |
|xFeatures_26_read        | out |    1|   ap_fifo  |  xFeatures_26  |    pointer   |
|xFeatures_27_dout        |  in |   64|   ap_fifo  |  xFeatures_27  |    pointer   |
|xFeatures_27_empty_n     |  in |    1|   ap_fifo  |  xFeatures_27  |    pointer   |
|xFeatures_27_read        | out |    1|   ap_fifo  |  xFeatures_27  |    pointer   |
|xFeatures_28_dout        |  in |   64|   ap_fifo  |  xFeatures_28  |    pointer   |
|xFeatures_28_empty_n     |  in |    1|   ap_fifo  |  xFeatures_28  |    pointer   |
|xFeatures_28_read        | out |    1|   ap_fifo  |  xFeatures_28  |    pointer   |
|xFeatures_29_dout        |  in |   64|   ap_fifo  |  xFeatures_29  |    pointer   |
|xFeatures_29_empty_n     |  in |    1|   ap_fifo  |  xFeatures_29  |    pointer   |
|xFeatures_29_read        | out |    1|   ap_fifo  |  xFeatures_29  |    pointer   |
|xFeatures_30_dout        |  in |   64|   ap_fifo  |  xFeatures_30  |    pointer   |
|xFeatures_30_empty_n     |  in |    1|   ap_fifo  |  xFeatures_30  |    pointer   |
|xFeatures_30_read        | out |    1|   ap_fifo  |  xFeatures_30  |    pointer   |
|xFeatures_31_dout        |  in |   64|   ap_fifo  |  xFeatures_31  |    pointer   |
|xFeatures_31_empty_n     |  in |    1|   ap_fifo  |  xFeatures_31  |    pointer   |
|xFeatures_31_read        | out |    1|   ap_fifo  |  xFeatures_31  |    pointer   |
|xFeatures_32_dout        |  in |   64|   ap_fifo  |  xFeatures_32  |    pointer   |
|xFeatures_32_empty_n     |  in |    1|   ap_fifo  |  xFeatures_32  |    pointer   |
|xFeatures_32_read        | out |    1|   ap_fifo  |  xFeatures_32  |    pointer   |
|xFeatures_33_dout        |  in |   64|   ap_fifo  |  xFeatures_33  |    pointer   |
|xFeatures_33_empty_n     |  in |    1|   ap_fifo  |  xFeatures_33  |    pointer   |
|xFeatures_33_read        | out |    1|   ap_fifo  |  xFeatures_33  |    pointer   |
|xFeatures_34_dout        |  in |   64|   ap_fifo  |  xFeatures_34  |    pointer   |
|xFeatures_34_empty_n     |  in |    1|   ap_fifo  |  xFeatures_34  |    pointer   |
|xFeatures_34_read        | out |    1|   ap_fifo  |  xFeatures_34  |    pointer   |
|xFeatures_35_dout        |  in |   64|   ap_fifo  |  xFeatures_35  |    pointer   |
|xFeatures_35_empty_n     |  in |    1|   ap_fifo  |  xFeatures_35  |    pointer   |
|xFeatures_35_read        | out |    1|   ap_fifo  |  xFeatures_35  |    pointer   |
|xFeatures_36_dout        |  in |   64|   ap_fifo  |  xFeatures_36  |    pointer   |
|xFeatures_36_empty_n     |  in |    1|   ap_fifo  |  xFeatures_36  |    pointer   |
|xFeatures_36_read        | out |    1|   ap_fifo  |  xFeatures_36  |    pointer   |
|xFeatures_37_dout        |  in |   64|   ap_fifo  |  xFeatures_37  |    pointer   |
|xFeatures_37_empty_n     |  in |    1|   ap_fifo  |  xFeatures_37  |    pointer   |
|xFeatures_37_read        | out |    1|   ap_fifo  |  xFeatures_37  |    pointer   |
|xFeatures_38_dout        |  in |   64|   ap_fifo  |  xFeatures_38  |    pointer   |
|xFeatures_38_empty_n     |  in |    1|   ap_fifo  |  xFeatures_38  |    pointer   |
|xFeatures_38_read        | out |    1|   ap_fifo  |  xFeatures_38  |    pointer   |
|xFeatures_39_dout        |  in |   64|   ap_fifo  |  xFeatures_39  |    pointer   |
|xFeatures_39_empty_n     |  in |    1|   ap_fifo  |  xFeatures_39  |    pointer   |
|xFeatures_39_read        | out |    1|   ap_fifo  |  xFeatures_39  |    pointer   |
|xFeatures_40_dout        |  in |   64|   ap_fifo  |  xFeatures_40  |    pointer   |
|xFeatures_40_empty_n     |  in |    1|   ap_fifo  |  xFeatures_40  |    pointer   |
|xFeatures_40_read        | out |    1|   ap_fifo  |  xFeatures_40  |    pointer   |
|xFeatures_41_dout        |  in |   64|   ap_fifo  |  xFeatures_41  |    pointer   |
|xFeatures_41_empty_n     |  in |    1|   ap_fifo  |  xFeatures_41  |    pointer   |
|xFeatures_41_read        | out |    1|   ap_fifo  |  xFeatures_41  |    pointer   |
|xFeatures_42_dout        |  in |   64|   ap_fifo  |  xFeatures_42  |    pointer   |
|xFeatures_42_empty_n     |  in |    1|   ap_fifo  |  xFeatures_42  |    pointer   |
|xFeatures_42_read        | out |    1|   ap_fifo  |  xFeatures_42  |    pointer   |
|xFeatures_43_dout        |  in |   64|   ap_fifo  |  xFeatures_43  |    pointer   |
|xFeatures_43_empty_n     |  in |    1|   ap_fifo  |  xFeatures_43  |    pointer   |
|xFeatures_43_read        | out |    1|   ap_fifo  |  xFeatures_43  |    pointer   |
|xFeatures_44_dout        |  in |   64|   ap_fifo  |  xFeatures_44  |    pointer   |
|xFeatures_44_empty_n     |  in |    1|   ap_fifo  |  xFeatures_44  |    pointer   |
|xFeatures_44_read        | out |    1|   ap_fifo  |  xFeatures_44  |    pointer   |
|xFeatures_45_dout        |  in |   64|   ap_fifo  |  xFeatures_45  |    pointer   |
|xFeatures_45_empty_n     |  in |    1|   ap_fifo  |  xFeatures_45  |    pointer   |
|xFeatures_45_read        | out |    1|   ap_fifo  |  xFeatures_45  |    pointer   |
|xFeatures_46_dout        |  in |   64|   ap_fifo  |  xFeatures_46  |    pointer   |
|xFeatures_46_empty_n     |  in |    1|   ap_fifo  |  xFeatures_46  |    pointer   |
|xFeatures_46_read        | out |    1|   ap_fifo  |  xFeatures_46  |    pointer   |
|xFeatures_47_dout        |  in |   64|   ap_fifo  |  xFeatures_47  |    pointer   |
|xFeatures_47_empty_n     |  in |    1|   ap_fifo  |  xFeatures_47  |    pointer   |
|xFeatures_47_read        | out |    1|   ap_fifo  |  xFeatures_47  |    pointer   |
|xFeatures_48_dout        |  in |   64|   ap_fifo  |  xFeatures_48  |    pointer   |
|xFeatures_48_empty_n     |  in |    1|   ap_fifo  |  xFeatures_48  |    pointer   |
|xFeatures_48_read        | out |    1|   ap_fifo  |  xFeatures_48  |    pointer   |
|xFeatures_49_dout        |  in |   64|   ap_fifo  |  xFeatures_49  |    pointer   |
|xFeatures_49_empty_n     |  in |    1|   ap_fifo  |  xFeatures_49  |    pointer   |
|xFeatures_49_read        | out |    1|   ap_fifo  |  xFeatures_49  |    pointer   |
|xFeatures_50_dout        |  in |   64|   ap_fifo  |  xFeatures_50  |    pointer   |
|xFeatures_50_empty_n     |  in |    1|   ap_fifo  |  xFeatures_50  |    pointer   |
|xFeatures_50_read        | out |    1|   ap_fifo  |  xFeatures_50  |    pointer   |
|xFeatures_51_dout        |  in |   64|   ap_fifo  |  xFeatures_51  |    pointer   |
|xFeatures_51_empty_n     |  in |    1|   ap_fifo  |  xFeatures_51  |    pointer   |
|xFeatures_51_read        | out |    1|   ap_fifo  |  xFeatures_51  |    pointer   |
|xFeatures_52_dout        |  in |   64|   ap_fifo  |  xFeatures_52  |    pointer   |
|xFeatures_52_empty_n     |  in |    1|   ap_fifo  |  xFeatures_52  |    pointer   |
|xFeatures_52_read        | out |    1|   ap_fifo  |  xFeatures_52  |    pointer   |
|xFeatures_53_dout        |  in |   64|   ap_fifo  |  xFeatures_53  |    pointer   |
|xFeatures_53_empty_n     |  in |    1|   ap_fifo  |  xFeatures_53  |    pointer   |
|xFeatures_53_read        | out |    1|   ap_fifo  |  xFeatures_53  |    pointer   |
|xFeatures_54_dout        |  in |   64|   ap_fifo  |  xFeatures_54  |    pointer   |
|xFeatures_54_empty_n     |  in |    1|   ap_fifo  |  xFeatures_54  |    pointer   |
|xFeatures_54_read        | out |    1|   ap_fifo  |  xFeatures_54  |    pointer   |
|xFeatures_55_dout        |  in |   64|   ap_fifo  |  xFeatures_55  |    pointer   |
|xFeatures_55_empty_n     |  in |    1|   ap_fifo  |  xFeatures_55  |    pointer   |
|xFeatures_55_read        | out |    1|   ap_fifo  |  xFeatures_55  |    pointer   |
|xFeatures_56_dout        |  in |   64|   ap_fifo  |  xFeatures_56  |    pointer   |
|xFeatures_56_empty_n     |  in |    1|   ap_fifo  |  xFeatures_56  |    pointer   |
|xFeatures_56_read        | out |    1|   ap_fifo  |  xFeatures_56  |    pointer   |
|xFeatures_57_dout        |  in |   64|   ap_fifo  |  xFeatures_57  |    pointer   |
|xFeatures_57_empty_n     |  in |    1|   ap_fifo  |  xFeatures_57  |    pointer   |
|xFeatures_57_read        | out |    1|   ap_fifo  |  xFeatures_57  |    pointer   |
|xFeatures_58_dout        |  in |   64|   ap_fifo  |  xFeatures_58  |    pointer   |
|xFeatures_58_empty_n     |  in |    1|   ap_fifo  |  xFeatures_58  |    pointer   |
|xFeatures_58_read        | out |    1|   ap_fifo  |  xFeatures_58  |    pointer   |
|xFeatures_59_dout        |  in |   64|   ap_fifo  |  xFeatures_59  |    pointer   |
|xFeatures_59_empty_n     |  in |    1|   ap_fifo  |  xFeatures_59  |    pointer   |
|xFeatures_59_read        | out |    1|   ap_fifo  |  xFeatures_59  |    pointer   |
|xFeatures_60_dout        |  in |   64|   ap_fifo  |  xFeatures_60  |    pointer   |
|xFeatures_60_empty_n     |  in |    1|   ap_fifo  |  xFeatures_60  |    pointer   |
|xFeatures_60_read        | out |    1|   ap_fifo  |  xFeatures_60  |    pointer   |
|xFeatures_61_dout        |  in |   64|   ap_fifo  |  xFeatures_61  |    pointer   |
|xFeatures_61_empty_n     |  in |    1|   ap_fifo  |  xFeatures_61  |    pointer   |
|xFeatures_61_read        | out |    1|   ap_fifo  |  xFeatures_61  |    pointer   |
|xFeatures_62_dout        |  in |   64|   ap_fifo  |  xFeatures_62  |    pointer   |
|xFeatures_62_empty_n     |  in |    1|   ap_fifo  |  xFeatures_62  |    pointer   |
|xFeatures_62_read        | out |    1|   ap_fifo  |  xFeatures_62  |    pointer   |
|xFeatures_63_dout        |  in |   64|   ap_fifo  |  xFeatures_63  |    pointer   |
|xFeatures_63_empty_n     |  in |    1|   ap_fifo  |  xFeatures_63  |    pointer   |
|xFeatures_63_read        | out |    1|   ap_fifo  |  xFeatures_63  |    pointer   |
|xFeatures_64_dout        |  in |   64|   ap_fifo  |  xFeatures_64  |    pointer   |
|xFeatures_64_empty_n     |  in |    1|   ap_fifo  |  xFeatures_64  |    pointer   |
|xFeatures_64_read        | out |    1|   ap_fifo  |  xFeatures_64  |    pointer   |
|xFeatures_65_dout        |  in |   64|   ap_fifo  |  xFeatures_65  |    pointer   |
|xFeatures_65_empty_n     |  in |    1|   ap_fifo  |  xFeatures_65  |    pointer   |
|xFeatures_65_read        | out |    1|   ap_fifo  |  xFeatures_65  |    pointer   |
|xFeatures_66_dout        |  in |   64|   ap_fifo  |  xFeatures_66  |    pointer   |
|xFeatures_66_empty_n     |  in |    1|   ap_fifo  |  xFeatures_66  |    pointer   |
|xFeatures_66_read        | out |    1|   ap_fifo  |  xFeatures_66  |    pointer   |
|xFeatures_67_dout        |  in |   64|   ap_fifo  |  xFeatures_67  |    pointer   |
|xFeatures_67_empty_n     |  in |    1|   ap_fifo  |  xFeatures_67  |    pointer   |
|xFeatures_67_read        | out |    1|   ap_fifo  |  xFeatures_67  |    pointer   |
|xFeatures_68_dout        |  in |   64|   ap_fifo  |  xFeatures_68  |    pointer   |
|xFeatures_68_empty_n     |  in |    1|   ap_fifo  |  xFeatures_68  |    pointer   |
|xFeatures_68_read        | out |    1|   ap_fifo  |  xFeatures_68  |    pointer   |
|xFeatures_69_dout        |  in |   64|   ap_fifo  |  xFeatures_69  |    pointer   |
|xFeatures_69_empty_n     |  in |    1|   ap_fifo  |  xFeatures_69  |    pointer   |
|xFeatures_69_read        | out |    1|   ap_fifo  |  xFeatures_69  |    pointer   |
|xFeatures_70_dout        |  in |   64|   ap_fifo  |  xFeatures_70  |    pointer   |
|xFeatures_70_empty_n     |  in |    1|   ap_fifo  |  xFeatures_70  |    pointer   |
|xFeatures_70_read        | out |    1|   ap_fifo  |  xFeatures_70  |    pointer   |
|xFeatures_71_dout        |  in |   64|   ap_fifo  |  xFeatures_71  |    pointer   |
|xFeatures_71_empty_n     |  in |    1|   ap_fifo  |  xFeatures_71  |    pointer   |
|xFeatures_71_read        | out |    1|   ap_fifo  |  xFeatures_71  |    pointer   |
|xFeatures_72_dout        |  in |   64|   ap_fifo  |  xFeatures_72  |    pointer   |
|xFeatures_72_empty_n     |  in |    1|   ap_fifo  |  xFeatures_72  |    pointer   |
|xFeatures_72_read        | out |    1|   ap_fifo  |  xFeatures_72  |    pointer   |
|xFeatures_73_dout        |  in |   64|   ap_fifo  |  xFeatures_73  |    pointer   |
|xFeatures_73_empty_n     |  in |    1|   ap_fifo  |  xFeatures_73  |    pointer   |
|xFeatures_73_read        | out |    1|   ap_fifo  |  xFeatures_73  |    pointer   |
|xFeatures_74_dout        |  in |   64|   ap_fifo  |  xFeatures_74  |    pointer   |
|xFeatures_74_empty_n     |  in |    1|   ap_fifo  |  xFeatures_74  |    pointer   |
|xFeatures_74_read        | out |    1|   ap_fifo  |  xFeatures_74  |    pointer   |
|xFeatures_75_dout        |  in |   64|   ap_fifo  |  xFeatures_75  |    pointer   |
|xFeatures_75_empty_n     |  in |    1|   ap_fifo  |  xFeatures_75  |    pointer   |
|xFeatures_75_read        | out |    1|   ap_fifo  |  xFeatures_75  |    pointer   |
|xFeatures_76_dout        |  in |   64|   ap_fifo  |  xFeatures_76  |    pointer   |
|xFeatures_76_empty_n     |  in |    1|   ap_fifo  |  xFeatures_76  |    pointer   |
|xFeatures_76_read        | out |    1|   ap_fifo  |  xFeatures_76  |    pointer   |
|xFeatures_77_dout        |  in |   64|   ap_fifo  |  xFeatures_77  |    pointer   |
|xFeatures_77_empty_n     |  in |    1|   ap_fifo  |  xFeatures_77  |    pointer   |
|xFeatures_77_read        | out |    1|   ap_fifo  |  xFeatures_77  |    pointer   |
|xFeatures_78_dout        |  in |   64|   ap_fifo  |  xFeatures_78  |    pointer   |
|xFeatures_78_empty_n     |  in |    1|   ap_fifo  |  xFeatures_78  |    pointer   |
|xFeatures_78_read        | out |    1|   ap_fifo  |  xFeatures_78  |    pointer   |
|xFeatures_79_dout        |  in |   64|   ap_fifo  |  xFeatures_79  |    pointer   |
|xFeatures_79_empty_n     |  in |    1|   ap_fifo  |  xFeatures_79  |    pointer   |
|xFeatures_79_read        | out |    1|   ap_fifo  |  xFeatures_79  |    pointer   |
|xFeatures_80_dout        |  in |   64|   ap_fifo  |  xFeatures_80  |    pointer   |
|xFeatures_80_empty_n     |  in |    1|   ap_fifo  |  xFeatures_80  |    pointer   |
|xFeatures_80_read        | out |    1|   ap_fifo  |  xFeatures_80  |    pointer   |
|xFeatures_81_dout        |  in |   64|   ap_fifo  |  xFeatures_81  |    pointer   |
|xFeatures_81_empty_n     |  in |    1|   ap_fifo  |  xFeatures_81  |    pointer   |
|xFeatures_81_read        | out |    1|   ap_fifo  |  xFeatures_81  |    pointer   |
|xFeatures_82_dout        |  in |   64|   ap_fifo  |  xFeatures_82  |    pointer   |
|xFeatures_82_empty_n     |  in |    1|   ap_fifo  |  xFeatures_82  |    pointer   |
|xFeatures_82_read        | out |    1|   ap_fifo  |  xFeatures_82  |    pointer   |
|xFeatures_83_dout        |  in |   64|   ap_fifo  |  xFeatures_83  |    pointer   |
|xFeatures_83_empty_n     |  in |    1|   ap_fifo  |  xFeatures_83  |    pointer   |
|xFeatures_83_read        | out |    1|   ap_fifo  |  xFeatures_83  |    pointer   |
|xFeatures_84_dout        |  in |   64|   ap_fifo  |  xFeatures_84  |    pointer   |
|xFeatures_84_empty_n     |  in |    1|   ap_fifo  |  xFeatures_84  |    pointer   |
|xFeatures_84_read        | out |    1|   ap_fifo  |  xFeatures_84  |    pointer   |
|xFeatures_85_dout        |  in |   64|   ap_fifo  |  xFeatures_85  |    pointer   |
|xFeatures_85_empty_n     |  in |    1|   ap_fifo  |  xFeatures_85  |    pointer   |
|xFeatures_85_read        | out |    1|   ap_fifo  |  xFeatures_85  |    pointer   |
|xFeatures_86_dout        |  in |   64|   ap_fifo  |  xFeatures_86  |    pointer   |
|xFeatures_86_empty_n     |  in |    1|   ap_fifo  |  xFeatures_86  |    pointer   |
|xFeatures_86_read        | out |    1|   ap_fifo  |  xFeatures_86  |    pointer   |
|xFeatures_87_dout        |  in |   64|   ap_fifo  |  xFeatures_87  |    pointer   |
|xFeatures_87_empty_n     |  in |    1|   ap_fifo  |  xFeatures_87  |    pointer   |
|xFeatures_87_read        | out |    1|   ap_fifo  |  xFeatures_87  |    pointer   |
|xFeatures_88_dout        |  in |   64|   ap_fifo  |  xFeatures_88  |    pointer   |
|xFeatures_88_empty_n     |  in |    1|   ap_fifo  |  xFeatures_88  |    pointer   |
|xFeatures_88_read        | out |    1|   ap_fifo  |  xFeatures_88  |    pointer   |
|xFeatures_89_dout        |  in |   64|   ap_fifo  |  xFeatures_89  |    pointer   |
|xFeatures_89_empty_n     |  in |    1|   ap_fifo  |  xFeatures_89  |    pointer   |
|xFeatures_89_read        | out |    1|   ap_fifo  |  xFeatures_89  |    pointer   |
|xFeatures_90_dout        |  in |   64|   ap_fifo  |  xFeatures_90  |    pointer   |
|xFeatures_90_empty_n     |  in |    1|   ap_fifo  |  xFeatures_90  |    pointer   |
|xFeatures_90_read        | out |    1|   ap_fifo  |  xFeatures_90  |    pointer   |
|xFeatures_91_dout        |  in |   64|   ap_fifo  |  xFeatures_91  |    pointer   |
|xFeatures_91_empty_n     |  in |    1|   ap_fifo  |  xFeatures_91  |    pointer   |
|xFeatures_91_read        | out |    1|   ap_fifo  |  xFeatures_91  |    pointer   |
|xFeatures_92_dout        |  in |   64|   ap_fifo  |  xFeatures_92  |    pointer   |
|xFeatures_92_empty_n     |  in |    1|   ap_fifo  |  xFeatures_92  |    pointer   |
|xFeatures_92_read        | out |    1|   ap_fifo  |  xFeatures_92  |    pointer   |
|xFeatures_93_dout        |  in |   64|   ap_fifo  |  xFeatures_93  |    pointer   |
|xFeatures_93_empty_n     |  in |    1|   ap_fifo  |  xFeatures_93  |    pointer   |
|xFeatures_93_read        | out |    1|   ap_fifo  |  xFeatures_93  |    pointer   |
|xFeatures_94_dout        |  in |   64|   ap_fifo  |  xFeatures_94  |    pointer   |
|xFeatures_94_empty_n     |  in |    1|   ap_fifo  |  xFeatures_94  |    pointer   |
|xFeatures_94_read        | out |    1|   ap_fifo  |  xFeatures_94  |    pointer   |
|xFeatures_95_dout        |  in |   64|   ap_fifo  |  xFeatures_95  |    pointer   |
|xFeatures_95_empty_n     |  in |    1|   ap_fifo  |  xFeatures_95  |    pointer   |
|xFeatures_95_read        | out |    1|   ap_fifo  |  xFeatures_95  |    pointer   |
|xFeatures_96_dout        |  in |   64|   ap_fifo  |  xFeatures_96  |    pointer   |
|xFeatures_96_empty_n     |  in |    1|   ap_fifo  |  xFeatures_96  |    pointer   |
|xFeatures_96_read        | out |    1|   ap_fifo  |  xFeatures_96  |    pointer   |
|xFeatures_97_dout        |  in |   64|   ap_fifo  |  xFeatures_97  |    pointer   |
|xFeatures_97_empty_n     |  in |    1|   ap_fifo  |  xFeatures_97  |    pointer   |
|xFeatures_97_read        | out |    1|   ap_fifo  |  xFeatures_97  |    pointer   |
|xFeatures_98_dout        |  in |   64|   ap_fifo  |  xFeatures_98  |    pointer   |
|xFeatures_98_empty_n     |  in |    1|   ap_fifo  |  xFeatures_98  |    pointer   |
|xFeatures_98_read        | out |    1|   ap_fifo  |  xFeatures_98  |    pointer   |
|xFeatures_99_dout        |  in |   64|   ap_fifo  |  xFeatures_99  |    pointer   |
|xFeatures_99_empty_n     |  in |    1|   ap_fifo  |  xFeatures_99  |    pointer   |
|xFeatures_99_read        | out |    1|   ap_fifo  |  xFeatures_99  |    pointer   |
|xFeatures_100_dout       |  in |   64|   ap_fifo  |  xFeatures_100 |    pointer   |
|xFeatures_100_empty_n    |  in |    1|   ap_fifo  |  xFeatures_100 |    pointer   |
|xFeatures_100_read       | out |    1|   ap_fifo  |  xFeatures_100 |    pointer   |
|xFeatures_101_dout       |  in |   64|   ap_fifo  |  xFeatures_101 |    pointer   |
|xFeatures_101_empty_n    |  in |    1|   ap_fifo  |  xFeatures_101 |    pointer   |
|xFeatures_101_read       | out |    1|   ap_fifo  |  xFeatures_101 |    pointer   |
|xFeatures_102_dout       |  in |   64|   ap_fifo  |  xFeatures_102 |    pointer   |
|xFeatures_102_empty_n    |  in |    1|   ap_fifo  |  xFeatures_102 |    pointer   |
|xFeatures_102_read       | out |    1|   ap_fifo  |  xFeatures_102 |    pointer   |
|xFeatures_103_dout       |  in |   64|   ap_fifo  |  xFeatures_103 |    pointer   |
|xFeatures_103_empty_n    |  in |    1|   ap_fifo  |  xFeatures_103 |    pointer   |
|xFeatures_103_read       | out |    1|   ap_fifo  |  xFeatures_103 |    pointer   |
|xFeatures_104_dout       |  in |   64|   ap_fifo  |  xFeatures_104 |    pointer   |
|xFeatures_104_empty_n    |  in |    1|   ap_fifo  |  xFeatures_104 |    pointer   |
|xFeatures_104_read       | out |    1|   ap_fifo  |  xFeatures_104 |    pointer   |
|xFeatures_105_dout       |  in |   64|   ap_fifo  |  xFeatures_105 |    pointer   |
|xFeatures_105_empty_n    |  in |    1|   ap_fifo  |  xFeatures_105 |    pointer   |
|xFeatures_105_read       | out |    1|   ap_fifo  |  xFeatures_105 |    pointer   |
|xFeatures_106_dout       |  in |   64|   ap_fifo  |  xFeatures_106 |    pointer   |
|xFeatures_106_empty_n    |  in |    1|   ap_fifo  |  xFeatures_106 |    pointer   |
|xFeatures_106_read       | out |    1|   ap_fifo  |  xFeatures_106 |    pointer   |
|xFeatures_107_dout       |  in |   64|   ap_fifo  |  xFeatures_107 |    pointer   |
|xFeatures_107_empty_n    |  in |    1|   ap_fifo  |  xFeatures_107 |    pointer   |
|xFeatures_107_read       | out |    1|   ap_fifo  |  xFeatures_107 |    pointer   |
|xFeatures_108_dout       |  in |   64|   ap_fifo  |  xFeatures_108 |    pointer   |
|xFeatures_108_empty_n    |  in |    1|   ap_fifo  |  xFeatures_108 |    pointer   |
|xFeatures_108_read       | out |    1|   ap_fifo  |  xFeatures_108 |    pointer   |
|xFeatures_109_dout       |  in |   64|   ap_fifo  |  xFeatures_109 |    pointer   |
|xFeatures_109_empty_n    |  in |    1|   ap_fifo  |  xFeatures_109 |    pointer   |
|xFeatures_109_read       | out |    1|   ap_fifo  |  xFeatures_109 |    pointer   |
|xFeatures_110_dout       |  in |   64|   ap_fifo  |  xFeatures_110 |    pointer   |
|xFeatures_110_empty_n    |  in |    1|   ap_fifo  |  xFeatures_110 |    pointer   |
|xFeatures_110_read       | out |    1|   ap_fifo  |  xFeatures_110 |    pointer   |
|xFeatures_111_dout       |  in |   64|   ap_fifo  |  xFeatures_111 |    pointer   |
|xFeatures_111_empty_n    |  in |    1|   ap_fifo  |  xFeatures_111 |    pointer   |
|xFeatures_111_read       | out |    1|   ap_fifo  |  xFeatures_111 |    pointer   |
|xFeatures_112_dout       |  in |   64|   ap_fifo  |  xFeatures_112 |    pointer   |
|xFeatures_112_empty_n    |  in |    1|   ap_fifo  |  xFeatures_112 |    pointer   |
|xFeatures_112_read       | out |    1|   ap_fifo  |  xFeatures_112 |    pointer   |
|xFeatures_113_dout       |  in |   64|   ap_fifo  |  xFeatures_113 |    pointer   |
|xFeatures_113_empty_n    |  in |    1|   ap_fifo  |  xFeatures_113 |    pointer   |
|xFeatures_113_read       | out |    1|   ap_fifo  |  xFeatures_113 |    pointer   |
|xFeatures_114_dout       |  in |   64|   ap_fifo  |  xFeatures_114 |    pointer   |
|xFeatures_114_empty_n    |  in |    1|   ap_fifo  |  xFeatures_114 |    pointer   |
|xFeatures_114_read       | out |    1|   ap_fifo  |  xFeatures_114 |    pointer   |
|xFeatures_115_dout       |  in |   64|   ap_fifo  |  xFeatures_115 |    pointer   |
|xFeatures_115_empty_n    |  in |    1|   ap_fifo  |  xFeatures_115 |    pointer   |
|xFeatures_115_read       | out |    1|   ap_fifo  |  xFeatures_115 |    pointer   |
|xFeatures_116_dout       |  in |   64|   ap_fifo  |  xFeatures_116 |    pointer   |
|xFeatures_116_empty_n    |  in |    1|   ap_fifo  |  xFeatures_116 |    pointer   |
|xFeatures_116_read       | out |    1|   ap_fifo  |  xFeatures_116 |    pointer   |
|xFeatures_117_dout       |  in |   64|   ap_fifo  |  xFeatures_117 |    pointer   |
|xFeatures_117_empty_n    |  in |    1|   ap_fifo  |  xFeatures_117 |    pointer   |
|xFeatures_117_read       | out |    1|   ap_fifo  |  xFeatures_117 |    pointer   |
|xFeatures_118_dout       |  in |   64|   ap_fifo  |  xFeatures_118 |    pointer   |
|xFeatures_118_empty_n    |  in |    1|   ap_fifo  |  xFeatures_118 |    pointer   |
|xFeatures_118_read       | out |    1|   ap_fifo  |  xFeatures_118 |    pointer   |
|xFeatures_119_dout       |  in |   64|   ap_fifo  |  xFeatures_119 |    pointer   |
|xFeatures_119_empty_n    |  in |    1|   ap_fifo  |  xFeatures_119 |    pointer   |
|xFeatures_119_read       | out |    1|   ap_fifo  |  xFeatures_119 |    pointer   |
|xFeatures_120_dout       |  in |   64|   ap_fifo  |  xFeatures_120 |    pointer   |
|xFeatures_120_empty_n    |  in |    1|   ap_fifo  |  xFeatures_120 |    pointer   |
|xFeatures_120_read       | out |    1|   ap_fifo  |  xFeatures_120 |    pointer   |
|xFeatures_121_dout       |  in |   64|   ap_fifo  |  xFeatures_121 |    pointer   |
|xFeatures_121_empty_n    |  in |    1|   ap_fifo  |  xFeatures_121 |    pointer   |
|xFeatures_121_read       | out |    1|   ap_fifo  |  xFeatures_121 |    pointer   |
|xFeatures_122_dout       |  in |   64|   ap_fifo  |  xFeatures_122 |    pointer   |
|xFeatures_122_empty_n    |  in |    1|   ap_fifo  |  xFeatures_122 |    pointer   |
|xFeatures_122_read       | out |    1|   ap_fifo  |  xFeatures_122 |    pointer   |
|xFeatures_123_dout       |  in |   64|   ap_fifo  |  xFeatures_123 |    pointer   |
|xFeatures_123_empty_n    |  in |    1|   ap_fifo  |  xFeatures_123 |    pointer   |
|xFeatures_123_read       | out |    1|   ap_fifo  |  xFeatures_123 |    pointer   |
|xFeatures_124_dout       |  in |   64|   ap_fifo  |  xFeatures_124 |    pointer   |
|xFeatures_124_empty_n    |  in |    1|   ap_fifo  |  xFeatures_124 |    pointer   |
|xFeatures_124_read       | out |    1|   ap_fifo  |  xFeatures_124 |    pointer   |
|xFeatures_125_dout       |  in |   64|   ap_fifo  |  xFeatures_125 |    pointer   |
|xFeatures_125_empty_n    |  in |    1|   ap_fifo  |  xFeatures_125 |    pointer   |
|xFeatures_125_read       | out |    1|   ap_fifo  |  xFeatures_125 |    pointer   |
|xFeatures_126_dout       |  in |   64|   ap_fifo  |  xFeatures_126 |    pointer   |
|xFeatures_126_empty_n    |  in |    1|   ap_fifo  |  xFeatures_126 |    pointer   |
|xFeatures_126_read       | out |    1|   ap_fifo  |  xFeatures_126 |    pointer   |
|xFeatures_127_dout       |  in |   64|   ap_fifo  |  xFeatures_127 |    pointer   |
|xFeatures_127_empty_n    |  in |    1|   ap_fifo  |  xFeatures_127 |    pointer   |
|xFeatures_127_read       | out |    1|   ap_fifo  |  xFeatures_127 |    pointer   |
|distance_array_address0  | out |    1|  ap_memory | distance_array |     array    |
|distance_array_ce0       | out |    1|  ap_memory | distance_array |     array    |
|distance_array_we0       | out |    1|  ap_memory | distance_array |     array    |
|distance_array_d0        | out |   64|  ap_memory | distance_array |     array    |
+-------------------------+-----+-----+------------+----------------+--------------+

