

================================================================
== Vivado HLS Report for 'epilogue'
================================================================
* Date:           Mon Jun 22 03:17:58 2020

* Version:        2019.2 (Build 2704478 on Wed Nov 06 22:10:23 MST 2019)
* Project:        SVM
* Solution:       solution1
* Product family: zynq
* Target device:  xc7z020-clg484-1


================================================================
== Performance Estimates
================================================================
+ Timing: 
    * Summary: 
    +--------+----------+----------+------------+
    |  Clock |  Target  | Estimated| Uncertainty|
    +--------+----------+----------+------------+
    |ap_clk  | 10.00 ns | 9.628 ns |   1.25 ns  |
    +--------+----------+----------+------------+

+ Latency: 
    * Summary: 
    +---------+---------+----------+----------+-----+-----+---------+
    |  Latency (cycles) |  Latency (absolute) |  Interval | Pipeline|
    |   min   |   max   |    min   |    max   | min | max |   Type  |
    +---------+---------+----------+----------+-----+-----+---------+
    |      105|      105| 1.050 us | 1.050 us |  105|  105|   none  |
    +---------+---------+----------+----------+-----+-----+---------+

    + Detail: 
        * Instance: 
        N/A

        * Loop: 
        N/A



================================================================
== Utilization Estimates
================================================================
* Summary: 
+-----------------+---------+-------+--------+-------+-----+
|       Name      | BRAM_18K| DSP48E|   FF   |  LUT  | URAM|
+-----------------+---------+-------+--------+-------+-----+
|DSP              |        -|      -|       -|      -|    -|
|Expression       |        -|      -|       0|     37|    -|
|FIFO             |        -|      -|       -|      -|    -|
|Instance         |        -|     70|    7241|  13889|    -|
|Memory           |        -|      -|       -|      -|    -|
|Multiplexer      |        -|      -|       -|  16681|    -|
|Register         |        -|      -|   19853|      -|    -|
+-----------------+---------+-------+--------+-------+-----+
|Total            |        0|     70|   27094|  30607|    0|
+-----------------+---------+-------+--------+-------+-----+
|Available        |      280|    220|  106400|  53200|    0|
+-----------------+---------+-------+--------+-------+-----+
|Utilization (%)  |        0|     31|      25|     57|    0|
+-----------------+---------+-------+--------+-------+-----+

+ Detail: 
    * Instance: 
    +--------------------------+----------------------+---------+-------+-----+-----+-----+
    |         Instance         |        Module        | BRAM_18K| DSP48E|  FF | LUT | URAM|
    +--------------------------+----------------------+---------+-------+-----+-----+-----+
    |svmResult_fadd_32dEe_U48  |svmResult_fadd_32dEe  |        0|      2|  205|  390|    0|
    |svmResult_fadd_32dEe_U49  |svmResult_fadd_32dEe  |        0|      2|  205|  390|    0|
    |svmResult_fadd_32dEe_U50  |svmResult_fadd_32dEe  |        0|      2|  205|  390|    0|
    |svmResult_fadd_32dEe_U51  |svmResult_fadd_32dEe  |        0|      2|  205|  390|    0|
    |svmResult_fadd_32dEe_U52  |svmResult_fadd_32dEe  |        0|      2|  205|  390|    0|
    |svmResult_fadd_32dEe_U53  |svmResult_fadd_32dEe  |        0|      2|  205|  390|    0|
    |svmResult_fadd_32dEe_U54  |svmResult_fadd_32dEe  |        0|      2|  205|  390|    0|
    |svmResult_fadd_32dEe_U55  |svmResult_fadd_32dEe  |        0|      2|  205|  390|    0|
    |svmResult_fadd_32dEe_U56  |svmResult_fadd_32dEe  |        0|      2|  205|  390|    0|
    |svmResult_fadd_32dEe_U57  |svmResult_fadd_32dEe  |        0|      2|  205|  390|    0|
    |svmResult_fadd_32dEe_U58  |svmResult_fadd_32dEe  |        0|      2|  205|  390|    0|
    |svmResult_fadd_32dEe_U59  |svmResult_fadd_32dEe  |        0|      2|  205|  390|    0|
    |svmResult_fadd_32dEe_U60  |svmResult_fadd_32dEe  |        0|      2|  205|  390|    0|
    |svmResult_fadd_32dEe_U61  |svmResult_fadd_32dEe  |        0|      2|  205|  390|    0|
    |svmResult_fadd_32dEe_U62  |svmResult_fadd_32dEe  |        0|      2|  205|  390|    0|
    |svmResult_fadd_32dEe_U63  |svmResult_fadd_32dEe  |        0|      2|  205|  390|    0|
    |svmResult_fadd_32dEe_U64  |svmResult_fadd_32dEe  |        0|      2|  205|  390|    0|
    |svmResult_fadd_32dEe_U65  |svmResult_fadd_32dEe  |        0|      2|  205|  390|    0|
    |svmResult_fadd_32dEe_U66  |svmResult_fadd_32dEe  |        0|      2|  205|  390|    0|
    |svmResult_fadd_32dEe_U67  |svmResult_fadd_32dEe  |        0|      2|  205|  390|    0|
    |svmResult_fadd_32dEe_U68  |svmResult_fadd_32dEe  |        0|      2|  205|  390|    0|
    |svmResult_fadd_32dEe_U69  |svmResult_fadd_32dEe  |        0|      2|  205|  390|    0|
    |svmResult_fadd_32dEe_U70  |svmResult_fadd_32dEe  |        0|      2|  205|  390|    0|
    |svmResult_fadd_32dEe_U71  |svmResult_fadd_32dEe  |        0|      2|  205|  390|    0|
    |svmResult_fadd_32dEe_U72  |svmResult_fadd_32dEe  |        0|      2|  205|  390|    0|
    |svmResult_fadd_32dEe_U73  |svmResult_fadd_32dEe  |        0|      2|  205|  390|    0|
    |svmResult_fadd_32dEe_U74  |svmResult_fadd_32dEe  |        0|      2|  205|  390|    0|
    |svmResult_fadd_32dEe_U75  |svmResult_fadd_32dEe  |        0|      2|  205|  390|    0|
    |svmResult_fadd_32dEe_U76  |svmResult_fadd_32dEe  |        0|      2|  205|  390|    0|
    |svmResult_fadd_32dEe_U77  |svmResult_fadd_32dEe  |        0|      2|  205|  390|    0|
    |svmResult_fadd_32dEe_U78  |svmResult_fadd_32dEe  |        0|      2|  205|  390|    0|
    |svmResult_fadd_32dEe_U79  |svmResult_fadd_32dEe  |        0|      2|  205|  390|    0|
    |svmResult_fadd_32dEe_U80  |svmResult_fadd_32dEe  |        0|      2|  205|  390|    0|
    |svmResult_fadd_32dEe_U81  |svmResult_fadd_32dEe  |        0|      2|  205|  390|    0|
    |svmResult_fadd_32dEe_U82  |svmResult_fadd_32dEe  |        0|      2|  205|  390|    0|
    |svmResult_fcmp_32eOg_U83  |svmResult_fcmp_32eOg  |        0|      0|   66|  239|    0|
    +--------------------------+----------------------+---------+-------+-----+-----+-----+
    |Total                     |                      |        0|     70| 7241|13889|    0|
    +--------------------------+----------------------+---------+-------+-----+-----+-----+

    * DSP48E: 
    N/A

    * Memory: 
    N/A

    * FIFO: 
    N/A

    * Expression: 
    +---------------------------+----------+-------+---+----+------------+------------+
    |       Variable Name       | Operation| DSP48E| FF| LUT| Bitwidth P0| Bitwidth P1|
    +---------------------------+----------+-------+---+----+------------+------------+
    |and_ln2683_fu_15657_p2     |    and   |      0|  0|   2|           1|           1|
    |icmp_ln2683_1_fu_15647_p2  |   icmp   |      0|  0|  18|          23|           1|
    |icmp_ln2683_fu_15641_p2    |   icmp   |      0|  0|  11|           8|           2|
    |ap_block_state1            |    or    |      0|  0|   2|           1|           1|
    |or_ln2683_fu_15653_p2      |    or    |      0|  0|   2|           1|           1|
    |y                          |  select  |      0|  0|   2|           1|           2|
    +---------------------------+----------+-------+---+----+------------+------------+
    |Total                      |          |      0|  0|  37|          35|           8|
    +---------------------------+----------+-------+---+----+------------+------------+

    * Multiplexer: 
    +----------------------------------+-----+-----------+-----+-----------+
    |               Name               | LUT | Input Size| Bits| Total Bits|
    +----------------------------------+-----+-----------+-----+-----------+
    |ap_NS_fsm                         |  469|        107|    1|        107|
    |ap_done                           |    9|          2|    1|          2|
    |grp_fu_11819_p0                   |  197|         45|   32|       1440|
    |grp_fu_11819_p1                   |  193|         44|   32|       1408|
    |grp_fu_11823_p0                   |  189|         43|   32|       1376|
    |grp_fu_11823_p1                   |  193|         44|   32|       1408|
    |grp_fu_11827_p0                   |  205|         47|   32|       1504|
    |grp_fu_11827_p1                   |  209|         48|   32|       1536|
    |grp_fu_11831_p0                   |  201|         46|   32|       1472|
    |grp_fu_11831_p1                   |  213|         49|   32|       1568|
    |grp_fu_11835_p0                   |  245|         57|   32|       1824|
    |grp_fu_11835_p1                   |  253|         59|   32|       1888|
    |grp_fu_11839_p0                   |  233|         54|   32|       1728|
    |grp_fu_11839_p1                   |  233|         54|   32|       1728|
    |grp_fu_11843_p0                   |  221|         51|   32|       1632|
    |grp_fu_11843_p1                   |  225|         52|   32|       1664|
    |grp_fu_11847_p0                   |  225|         52|   32|       1664|
    |grp_fu_11847_p1                   |  229|         53|   32|       1696|
    |grp_fu_11851_p0                   |  225|         52|   32|       1664|
    |grp_fu_11851_p1                   |  233|         54|   32|       1728|
    |grp_fu_11855_p0                   |  213|         49|   32|       1568|
    |grp_fu_11855_p1                   |  213|         49|   32|       1568|
    |grp_fu_11859_p0                   |  225|         52|   32|       1664|
    |grp_fu_11859_p1                   |  225|         52|   32|       1664|
    |grp_fu_11863_p0                   |  213|         49|   32|       1568|
    |grp_fu_11863_p1                   |  213|         49|   32|       1568|
    |grp_fu_11867_p0                   |  193|         44|   32|       1408|
    |grp_fu_11867_p1                   |  197|         45|   32|       1440|
    |grp_fu_11871_p0                   |  177|         40|   32|       1280|
    |grp_fu_11871_p1                   |  173|         39|   32|       1248|
    |grp_fu_11875_p0                   |  145|         32|   32|       1024|
    |grp_fu_11875_p1                   |  137|         30|   32|        960|
    |grp_fu_11879_p0                   |  181|         41|   32|       1312|
    |grp_fu_11879_p1                   |  189|         43|   32|       1376|
    |grp_fu_11883_p0                   |  173|         39|   32|       1248|
    |grp_fu_11883_p1                   |  173|         39|   32|       1248|
    |grp_fu_11887_p0                   |  157|         35|   32|       1120|
    |grp_fu_11887_p1                   |  157|         35|   32|       1120|
    |grp_fu_11891_p0                   |  149|         33|   32|       1056|
    |grp_fu_11891_p1                   |  149|         33|   32|       1056|
    |grp_fu_11895_p0                   |  129|         28|   32|        896|
    |grp_fu_11895_p1                   |  125|         27|   32|        864|
    |grp_fu_11899_p0                   |  117|         25|   32|        800|
    |grp_fu_11899_p1                   |  109|         23|   32|        736|
    |grp_fu_11903_p0                   |  109|         23|   32|        736|
    |grp_fu_11903_p1                   |  105|         22|   32|        704|
    |grp_fu_11907_p0                   |   97|         20|   32|        640|
    |grp_fu_11907_p1                   |   97|         20|   32|        640|
    |grp_fu_11911_p0                   |   97|         20|   32|        640|
    |grp_fu_11911_p1                   |   97|         20|   32|        640|
    |grp_fu_11915_p0                   |   89|         18|   32|        576|
    |grp_fu_11915_p1                   |   85|         17|   32|        544|
    |grp_fu_11919_p0                   |   56|         13|   32|        416|
    |grp_fu_11919_p1                   |   56|         13|   32|        416|
    |grp_fu_11923_p0                   |   50|         11|   32|        352|
    |grp_fu_11923_p1                   |   50|         11|   32|        352|
    |grp_fu_11927_p0                   |   44|          9|   32|        288|
    |grp_fu_11927_p1                   |   44|          9|   32|        288|
    |grp_fu_11931_p0                   |   41|          8|   32|        256|
    |grp_fu_11931_p1                   |   41|          8|   32|        256|
    |grp_fu_11935_p0                   |   33|          6|   32|        192|
    |grp_fu_11935_p1                   |   33|          6|   32|        192|
    |grp_fu_11939_p0                   |   27|          5|   32|        160|
    |grp_fu_11939_p1                   |   27|          5|   32|        160|
    |grp_fu_11943_p0                   |   27|          5|   32|        160|
    |grp_fu_11943_p1                   |   27|          5|   32|        160|
    |grp_fu_11947_p0                   |   15|          3|   32|         96|
    |grp_fu_11947_p1                   |   15|          3|   32|         96|
    |grp_fu_11951_p0                   |   15|          3|   32|         96|
    |grp_fu_11951_p1                   |   15|          3|   32|         96|
    |reg_11965                         |    9|          2|   32|         64|
    |reg_11976                         |    9|          2|   32|         64|
    |reg_11986                         |    9|          2|   32|         64|
    |reg_11996                         |    9|          2|   32|         64|
    |reg_12004                         |    9|          2|   32|         64|
    |reg_12012                         |    9|          2|   32|         64|
    |reg_12023                         |    9|          2|   32|         64|
    |reg_12034                         |    9|          2|   32|         64|
    |reg_12055                         |    9|          2|   32|         64|
    |reg_12067                         |    9|          2|   32|         64|
    |reg_12080                         |    9|          2|   32|         64|
    |reg_12090                         |    9|          2|   32|         64|
    |reg_12100                         |    9|          2|   32|         64|
    |reg_12110                         |    9|          2|   32|         64|
    |reg_12120                         |    9|          2|   32|         64|
    |reg_12129                         |    9|          2|   32|         64|
    |reg_12141                         |    9|          2|   32|         64|
    |reg_12153                         |    9|          2|   32|         64|
    |reg_12163                         |    9|          2|   32|         64|
    |reg_12183                         |    9|          2|   32|         64|
    |reg_12195                         |    9|          2|   32|         64|
    |reg_12207                         |    9|          2|   32|         64|
    |reg_12215                         |    9|          2|   32|         64|
    |reg_12223                         |    9|          2|   32|         64|
    |reg_12235                         |    9|          2|   32|         64|
    |reg_12258                         |    9|          2|   32|         64|
    |reg_12270                         |    9|          2|   32|         64|
    |reg_12283                         |    9|          2|   32|         64|
    |reg_12337                         |    9|          2|   32|         64|
    |reg_12347                         |    9|          2|   32|         64|
    |reg_12357                         |    9|          2|   32|         64|
    |reg_12368                         |    9|          2|   32|         64|
    |reg_12379                         |    9|          2|   32|         64|
    |reg_12412                         |    9|          2|   32|         64|
    |reg_12423                         |    9|          2|   32|         64|
    |reg_12434                         |    9|          2|   32|         64|
    |reg_12445                         |    9|          2|   32|         64|
    |reg_12456                         |    9|          2|   32|         64|
    |reg_12479                         |    9|          2|   32|         64|
    |reg_12488                         |    9|          2|   32|         64|
    |reg_12515                         |    9|          2|   32|         64|
    |reg_12526                         |    9|          2|   32|         64|
    |reg_12540                         |    9|          2|   32|         64|
    |reg_12552                         |    9|          2|   32|         64|
    |reg_12563                         |    9|          2|   32|         64|
    |reg_12573                         |    9|          2|   32|         64|
    |reg_12585                         |    9|          2|   32|         64|
    |reg_12621                         |    9|          2|   32|         64|
    |reg_12633                         |    9|          2|   32|         64|
    |reg_12645                         |    9|          2|   32|         64|
    |reg_12657                         |    9|          2|   32|         64|
    |reg_12669                         |    9|          2|   32|         64|
    |reg_12681                         |    9|          2|   32|         64|
    |reg_12713                         |    9|          2|   32|         64|
    |reg_12723                         |    9|          2|   32|         64|
    |reg_12753                         |    9|          2|   32|         64|
    |reg_12765                         |    9|          2|   32|         64|
    |reg_12776                         |    9|          2|   32|         64|
    |reg_12787                         |    9|          2|   32|         64|
    |reg_12797                         |    9|          2|   32|         64|
    |reg_12807                         |    9|          2|   32|         64|
    |reg_12819                         |    9|          2|   32|         64|
    |reg_12851                         |    9|          2|   32|         64|
    |reg_12861                         |    9|          2|   32|         64|
    |reg_12871                         |    9|          2|   32|         64|
    |reg_12894                         |    9|          2|   32|         64|
    |reg_12904                         |    9|          2|   32|         64|
    |reg_12915                         |    9|          2|   32|         64|
    |reg_12944                         |    9|          2|   32|         64|
    |reg_12954                         |    9|          2|   32|         64|
    |reg_12974                         |    9|          2|   32|         64|
    |reg_13018                         |    9|          2|   32|         64|
    |reg_13028                         |    9|          2|   32|         64|
    |reg_13040                         |    9|          2|   32|         64|
    |reg_13063                         |    9|          2|   32|         64|
    |reg_13075                         |    9|          2|   32|         64|
    |reg_13084                         |    9|          2|   32|         64|
    |reg_13093                         |    9|          2|   32|         64|
    |reg_13104                         |    9|          2|   32|         64|
    |reg_13115                         |    9|          2|   32|         64|
    |reg_13127                         |    9|          2|   32|         64|
    |reg_13149                         |    9|          2|   32|         64|
    |reg_13159                         |    9|          2|   32|         64|
    |reg_13170                         |    9|          2|   32|         64|
    |reg_13316                         |    9|          2|   32|         64|
    |reg_13327                         |    9|          2|   32|         64|
    |reg_13853                         |    9|          2|   32|         64|
    |reg_13861                         |    9|          2|   32|         64|
    |reg_13954                         |    9|          2|   32|         64|
    |reg_13973                         |    9|          2|   32|         64|
    |reg_13981                         |    9|          2|   32|         64|
    |reg_13989                         |    9|          2|   32|         64|
    |reg_13997                         |    9|          2|   32|         64|
    |reg_14007                         |    9|          2|   32|         64|
    |reg_14118                         |    9|          2|   32|         64|
    |reg_14127                         |    9|          2|   32|         64|
    |reg_14136                         |    9|          2|   32|         64|
    |reg_14146                         |    9|          2|   32|         64|
    |reg_14156                         |    9|          2|   32|         64|
    |reg_14163                         |    9|          2|   32|         64|
    |reg_14228                         |    9|          2|   32|         64|
    |reg_14237                         |    9|          2|   32|         64|
    |reg_14246                         |    9|          2|   32|         64|
    |reg_14254                         |    9|          2|   32|         64|
    |reg_14268                         |    9|          2|   32|         64|
    |reg_14283                         |    9|          2|   32|         64|
    |reg_14294                         |    9|          2|   32|         64|
    |reg_14360                         |    9|          2|   32|         64|
    |reg_14368                         |    9|          2|   32|         64|
    |reg_14383                         |    9|          2|   32|         64|
    |reg_14390                         |    9|          2|   32|         64|
    |reg_14400                         |    9|          2|   32|         64|
    |reg_14463                         |    9|          2|   32|         64|
    |reg_14475                         |    9|          2|   32|         64|
    |reg_14484                         |    9|          2|   32|         64|
    |temp_l111_2_i2_array_44_address0  |  193|         44|    7|        308|
    |temp_l111_2_i2_array_44_address1  |  189|         43|    7|        301|
    |temp_l111_2_i2_array_45_address0  |  193|         44|    7|        308|
    |temp_l111_2_i2_array_45_address1  |  189|         43|    7|        301|
    |temp_l111_2_i2_array_46_address0  |  193|         44|    7|        308|
    |temp_l111_2_i2_array_46_address1  |  189|         43|    7|        301|
    |temp_l111_2_i2_array_47_address0  |  193|         44|    7|        308|
    |temp_l111_2_i2_array_47_address1  |  189|         43|    7|        301|
    |temp_l111_2_i2_array_48_address0  |  189|         43|    7|        301|
    |temp_l111_2_i2_array_48_address1  |  189|         43|    7|        301|
    |temp_l111_2_i2_array_49_address0  |  193|         44|    7|        308|
    |temp_l111_2_i2_array_49_address1  |  189|         43|    7|        301|
    |temp_l111_2_i2_array_50_address0  |  193|         44|    7|        308|
    |temp_l111_2_i2_array_50_address1  |  189|         43|    7|        301|
    |temp_l111_2_i2_array_51_address0  |  193|         44|    7|        308|
    |temp_l111_2_i2_array_51_address1  |  189|         43|    7|        301|
    |temp_l111_2_i2_array_52_address0  |  193|         44|    7|        308|
    |temp_l111_2_i2_array_52_address1  |  189|         43|    7|        301|
    |temp_l111_2_i2_array_53_address0  |  193|         44|    7|        308|
    |temp_l111_2_i2_array_53_address1  |  189|         43|    7|        301|
    |temp_l111_2_i2_array_54_address0  |  193|         44|    7|        308|
    |temp_l111_2_i2_array_54_address1  |  189|         43|    7|        301|
    |temp_l111_2_i2_array_55_address0  |  193|         44|    7|        308|
    |temp_l111_2_i2_array_55_address1  |  189|         43|    7|        301|
    |temp_l111_2_i2_array_56_address0  |  193|         44|    7|        308|
    |temp_l111_2_i2_array_56_address1  |  189|         43|    7|        301|
    |temp_l111_2_i2_array_57_address0  |  193|         44|    7|        308|
    |temp_l111_2_i2_array_57_address1  |  189|         43|    7|        301|
    |temp_l111_2_i2_array_address0     |  189|         43|    7|        301|
    |temp_l111_2_i2_array_address1     |  189|         43|    7|        301|
    +----------------------------------+-----+-----------+-----+-----------+
    |Total                             |16681|       3763| 6068|      84462|
    +----------------------------------+-----+-----------+-----+-----------+

    * Register: 
    +-------------------------------------+-----+----+-----+-----------+
    |                 Name                |  FF | LUT| Bits| Const Bits|
    +-------------------------------------+-----+----+-----+-----------+
    |ap_CS_fsm                            |  106|   0|  106|          0|
    |ap_done_reg                          |    1|   0|    1|          0|
    |icmp_ln2683_1_reg_23022              |    1|   0|    1|          0|
    |icmp_ln2683_reg_23017                |    1|   0|    1|          0|
    |reg_11965                            |   32|   0|   32|          0|
    |reg_11976                            |   32|   0|   32|          0|
    |reg_11986                            |   32|   0|   32|          0|
    |reg_11996                            |   32|   0|   32|          0|
    |reg_12004                            |   32|   0|   32|          0|
    |reg_12012                            |   32|   0|   32|          0|
    |reg_12023                            |   32|   0|   32|          0|
    |reg_12034                            |   32|   0|   32|          0|
    |reg_12045                            |   32|   0|   32|          0|
    |reg_12055                            |   32|   0|   32|          0|
    |reg_12067                            |   32|   0|   32|          0|
    |reg_12080                            |   32|   0|   32|          0|
    |reg_12090                            |   32|   0|   32|          0|
    |reg_12100                            |   32|   0|   32|          0|
    |reg_12110                            |   32|   0|   32|          0|
    |reg_12120                            |   32|   0|   32|          0|
    |reg_12129                            |   32|   0|   32|          0|
    |reg_12141                            |   32|   0|   32|          0|
    |reg_12153                            |   32|   0|   32|          0|
    |reg_12163                            |   32|   0|   32|          0|
    |reg_12173                            |   32|   0|   32|          0|
    |reg_12183                            |   32|   0|   32|          0|
    |reg_12195                            |   32|   0|   32|          0|
    |reg_12207                            |   32|   0|   32|          0|
    |reg_12215                            |   32|   0|   32|          0|
    |reg_12223                            |   32|   0|   32|          0|
    |reg_12235                            |   32|   0|   32|          0|
    |reg_12247                            |   32|   0|   32|          0|
    |reg_12258                            |   32|   0|   32|          0|
    |reg_12270                            |   32|   0|   32|          0|
    |reg_12283                            |   32|   0|   32|          0|
    |reg_12297                            |   32|   0|   32|          0|
    |reg_12308                            |   32|   0|   32|          0|
    |reg_12319                            |   32|   0|   32|          0|
    |reg_12329                            |   32|   0|   32|          0|
    |reg_12337                            |   32|   0|   32|          0|
    |reg_12347                            |   32|   0|   32|          0|
    |reg_12357                            |   32|   0|   32|          0|
    |reg_12368                            |   32|   0|   32|          0|
    |reg_12379                            |   32|   0|   32|          0|
    |reg_12390                            |   32|   0|   32|          0|
    |reg_12403                            |   32|   0|   32|          0|
    |reg_12412                            |   32|   0|   32|          0|
    |reg_12423                            |   32|   0|   32|          0|
    |reg_12434                            |   32|   0|   32|          0|
    |reg_12445                            |   32|   0|   32|          0|
    |reg_12456                            |   32|   0|   32|          0|
    |reg_12468                            |   32|   0|   32|          0|
    |reg_12479                            |   32|   0|   32|          0|
    |reg_12488                            |   32|   0|   32|          0|
    |reg_12497                            |   32|   0|   32|          0|
    |reg_12506                            |   32|   0|   32|          0|
    |reg_12515                            |   32|   0|   32|          0|
    |reg_12526                            |   32|   0|   32|          0|
    |reg_12540                            |   32|   0|   32|          0|
    |reg_12552                            |   32|   0|   32|          0|
    |reg_12563                            |   32|   0|   32|          0|
    |reg_12573                            |   32|   0|   32|          0|
    |reg_12585                            |   32|   0|   32|          0|
    |reg_12597                            |   32|   0|   32|          0|
    |reg_12610                            |   32|   0|   32|          0|
    |reg_12621                            |   32|   0|   32|          0|
    |reg_12633                            |   32|   0|   32|          0|
    |reg_12645                            |   32|   0|   32|          0|
    |reg_12657                            |   32|   0|   32|          0|
    |reg_12669                            |   32|   0|   32|          0|
    |reg_12681                            |   32|   0|   32|          0|
    |reg_12693                            |   32|   0|   32|          0|
    |reg_12703                            |   32|   0|   32|          0|
    |reg_12713                            |   32|   0|   32|          0|
    |reg_12723                            |   32|   0|   32|          0|
    |reg_12733                            |   32|   0|   32|          0|
    |reg_12743                            |   32|   0|   32|          0|
    |reg_12753                            |   32|   0|   32|          0|
    |reg_12765                            |   32|   0|   32|          0|
    |reg_12776                            |   32|   0|   32|          0|
    |reg_12787                            |   32|   0|   32|          0|
    |reg_12797                            |   32|   0|   32|          0|
    |reg_12807                            |   32|   0|   32|          0|
    |reg_12819                            |   32|   0|   32|          0|
    |reg_12831                            |   32|   0|   32|          0|
    |reg_12841                            |   32|   0|   32|          0|
    |reg_12851                            |   32|   0|   32|          0|
    |reg_12861                            |   32|   0|   32|          0|
    |reg_12871                            |   32|   0|   32|          0|
    |reg_12883                            |   32|   0|   32|          0|
    |reg_12894                            |   32|   0|   32|          0|
    |reg_12904                            |   32|   0|   32|          0|
    |reg_12915                            |   32|   0|   32|          0|
    |reg_12926                            |   32|   0|   32|          0|
    |reg_12935                            |   32|   0|   32|          0|
    |reg_12944                            |   32|   0|   32|          0|
    |reg_12954                            |   32|   0|   32|          0|
    |reg_12963                            |   32|   0|   32|          0|
    |reg_12974                            |   32|   0|   32|          0|
    |reg_12986                            |   32|   0|   32|          0|
    |reg_12997                            |   32|   0|   32|          0|
    |reg_13008                            |   32|   0|   32|          0|
    |reg_13018                            |   32|   0|   32|          0|
    |reg_13028                            |   32|   0|   32|          0|
    |reg_13040                            |   32|   0|   32|          0|
    |reg_13052                            |   32|   0|   32|          0|
    |reg_13063                            |   32|   0|   32|          0|
    |reg_13075                            |   32|   0|   32|          0|
    |reg_13084                            |   32|   0|   32|          0|
    |reg_13093                            |   32|   0|   32|          0|
    |reg_13104                            |   32|   0|   32|          0|
    |reg_13115                            |   32|   0|   32|          0|
    |reg_13127                            |   32|   0|   32|          0|
    |reg_13140                            |   32|   0|   32|          0|
    |reg_13149                            |   32|   0|   32|          0|
    |reg_13159                            |   32|   0|   32|          0|
    |reg_13170                            |   32|   0|   32|          0|
    |reg_13181                            |   32|   0|   32|          0|
    |reg_13189                            |   32|   0|   32|          0|
    |reg_13197                            |   32|   0|   32|          0|
    |reg_13209                            |   32|   0|   32|          0|
    |reg_13219                            |   32|   0|   32|          0|
    |reg_13231                            |   32|   0|   32|          0|
    |reg_13247                            |   32|   0|   32|          0|
    |reg_13258                            |   32|   0|   32|          0|
    |reg_13274                            |   32|   0|   32|          0|
    |reg_13287                            |   32|   0|   32|          0|
    |reg_13297                            |   32|   0|   32|          0|
    |reg_13310                            |   32|   0|   32|          0|
    |reg_13316                            |   32|   0|   32|          0|
    |reg_13327                            |   32|   0|   32|          0|
    |reg_13338                            |   32|   0|   32|          0|
    |reg_13344                            |   32|   0|   32|          0|
    |reg_13353                            |   32|   0|   32|          0|
    |reg_13362                            |   32|   0|   32|          0|
    |reg_13372                            |   32|   0|   32|          0|
    |reg_13385                            |   32|   0|   32|          0|
    |reg_13394                            |   32|   0|   32|          0|
    |reg_13405                            |   32|   0|   32|          0|
    |reg_13413                            |   32|   0|   32|          0|
    |reg_13426                            |   32|   0|   32|          0|
    |reg_13434                            |   32|   0|   32|          0|
    |reg_13447                            |   32|   0|   32|          0|
    |reg_13455                            |   32|   0|   32|          0|
    |reg_13469                            |   32|   0|   32|          0|
    |reg_13482                            |   32|   0|   32|          0|
    |reg_13493                            |   32|   0|   32|          0|
    |reg_13505                            |   32|   0|   32|          0|
    |reg_13514                            |   32|   0|   32|          0|
    |reg_13525                            |   32|   0|   32|          0|
    |reg_13533                            |   32|   0|   32|          0|
    |reg_13542                            |   32|   0|   32|          0|
    |reg_13552                            |   32|   0|   32|          0|
    |reg_13564                            |   32|   0|   32|          0|
    |reg_13575                            |   32|   0|   32|          0|
    |reg_13584                            |   32|   0|   32|          0|
    |reg_13597                            |   32|   0|   32|          0|
    |reg_13607                            |   32|   0|   32|          0|
    |reg_13618                            |   32|   0|   32|          0|
    |reg_13630                            |   32|   0|   32|          0|
    |reg_13640                            |   32|   0|   32|          0|
    |reg_13651                            |   32|   0|   32|          0|
    |reg_13663                            |   32|   0|   32|          0|
    |reg_13675                            |   32|   0|   32|          0|
    |reg_13682                            |   32|   0|   32|          0|
    |reg_13692                            |   32|   0|   32|          0|
    |reg_13704                            |   32|   0|   32|          0|
    |reg_13714                            |   32|   0|   32|          0|
    |reg_13723                            |   32|   0|   32|          0|
    |reg_13731                            |   32|   0|   32|          0|
    |reg_13741                            |   32|   0|   32|          0|
    |reg_13750                            |   32|   0|   32|          0|
    |reg_13759                            |   32|   0|   32|          0|
    |reg_13766                            |   32|   0|   32|          0|
    |reg_13776                            |   32|   0|   32|          0|
    |reg_13786                            |   32|   0|   32|          0|
    |reg_13797                            |   32|   0|   32|          0|
    |reg_13806                            |   32|   0|   32|          0|
    |reg_13817                            |   32|   0|   32|          0|
    |reg_13827                            |   32|   0|   32|          0|
    |reg_13836                            |   32|   0|   32|          0|
    |reg_13846                            |   32|   0|   32|          0|
    |reg_13853                            |   32|   0|   32|          0|
    |reg_13861                            |   32|   0|   32|          0|
    |reg_13869                            |   32|   0|   32|          0|
    |reg_13876                            |   32|   0|   32|          0|
    |reg_13883                            |   32|   0|   32|          0|
    |reg_13892                            |   32|   0|   32|          0|
    |reg_13904                            |   32|   0|   32|          0|
    |reg_13912                            |   32|   0|   32|          0|
    |reg_13922                            |   32|   0|   32|          0|
    |reg_13929                            |   32|   0|   32|          0|
    |reg_13937                            |   32|   0|   32|          0|
    |reg_13946                            |   32|   0|   32|          0|
    |reg_13954                            |   32|   0|   32|          0|
    |reg_13964                            |   32|   0|   32|          0|
    |reg_13973                            |   32|   0|   32|          0|
    |reg_13981                            |   32|   0|   32|          0|
    |reg_13989                            |   32|   0|   32|          0|
    |reg_13997                            |   32|   0|   32|          0|
    |reg_14007                            |   32|   0|   32|          0|
    |reg_14016                            |   32|   0|   32|          0|
    |reg_14022                            |   32|   0|   32|          0|
    |reg_14030                            |   32|   0|   32|          0|
    |reg_14038                            |   32|   0|   32|          0|
    |reg_14047                            |   32|   0|   32|          0|
    |reg_14056                            |   32|   0|   32|          0|
    |reg_14063                            |   32|   0|   32|          0|
    |reg_14069                            |   32|   0|   32|          0|
    |reg_14075                            |   32|   0|   32|          0|
    |reg_14082                            |   32|   0|   32|          0|
    |reg_14089                            |   32|   0|   32|          0|
    |reg_14098                            |   32|   0|   32|          0|
    |reg_14106                            |   32|   0|   32|          0|
    |reg_14118                            |   32|   0|   32|          0|
    |reg_14127                            |   32|   0|   32|          0|
    |reg_14136                            |   32|   0|   32|          0|
    |reg_14146                            |   32|   0|   32|          0|
    |reg_14156                            |   32|   0|   32|          0|
    |reg_14163                            |   32|   0|   32|          0|
    |reg_14170                            |   32|   0|   32|          0|
    |reg_14178                            |   32|   0|   32|          0|
    |reg_14185                            |   32|   0|   32|          0|
    |reg_14195                            |   32|   0|   32|          0|
    |reg_14204                            |   32|   0|   32|          0|
    |reg_14214                            |   32|   0|   32|          0|
    |reg_14222                            |   32|   0|   32|          0|
    |reg_14228                            |   32|   0|   32|          0|
    |reg_14237                            |   32|   0|   32|          0|
    |reg_14246                            |   32|   0|   32|          0|
    |reg_14254                            |   32|   0|   32|          0|
    |reg_14262                            |   32|   0|   32|          0|
    |reg_14268                            |   32|   0|   32|          0|
    |reg_14275                            |   32|   0|   32|          0|
    |reg_14283                            |   32|   0|   32|          0|
    |reg_14294                            |   32|   0|   32|          0|
    |reg_14305                            |   32|   0|   32|          0|
    |reg_14312                            |   32|   0|   32|          0|
    |reg_14318                            |   32|   0|   32|          0|
    |reg_14325                            |   32|   0|   32|          0|
    |reg_14334                            |   32|   0|   32|          0|
    |reg_14347                            |   32|   0|   32|          0|
    |reg_14360                            |   32|   0|   32|          0|
    |reg_14368                            |   32|   0|   32|          0|
    |reg_14375                            |   32|   0|   32|          0|
    |reg_14383                            |   32|   0|   32|          0|
    |reg_14390                            |   32|   0|   32|          0|
    |reg_14400                            |   32|   0|   32|          0|
    |reg_14410                            |   32|   0|   32|          0|
    |reg_14417                            |   32|   0|   32|          0|
    |reg_14423                            |   32|   0|   32|          0|
    |reg_14430                            |   32|   0|   32|          0|
    |reg_14436                            |   32|   0|   32|          0|
    |reg_14442                            |   32|   0|   32|          0|
    |reg_14451                            |   32|   0|   32|          0|
    |reg_14457                            |   32|   0|   32|          0|
    |reg_14463                            |   32|   0|   32|          0|
    |reg_14470                            |   32|   0|   32|          0|
    |reg_14475                            |   32|   0|   32|          0|
    |reg_14484                            |   32|   0|   32|          0|
    |reg_14493                            |   32|   0|   32|          0|
    |reg_14500                            |   32|   0|   32|          0|
    |reg_14507                            |   32|   0|   32|          0|
    |reg_14514                            |   32|   0|   32|          0|
    |reg_14521                            |   32|   0|   32|          0|
    |reg_14530                            |   32|   0|   32|          0|
    |reg_14537                            |   32|   0|   32|          0|
    |reg_14544                            |   32|   0|   32|          0|
    |reg_14551                            |   32|   0|   32|          0|
    |reg_14559                            |   32|   0|   32|          0|
    |reg_14567                            |   32|   0|   32|          0|
    |reg_14573                            |   32|   0|   32|          0|
    |reg_14581                            |   32|   0|   32|          0|
    |reg_14587                            |   32|   0|   32|          0|
    |reg_14594                            |   32|   0|   32|          0|
    |reg_14601                            |   32|   0|   32|          0|
    |reg_14607                            |   32|   0|   32|          0|
    |reg_14617                            |   32|   0|   32|          0|
    |reg_14627                            |   32|   0|   32|          0|
    |reg_14637                            |   32|   0|   32|          0|
    |reg_14644                            |   32|   0|   32|          0|
    |reg_14650                            |   32|   0|   32|          0|
    |reg_14656                            |   32|   0|   32|          0|
    |reg_14665                            |   32|   0|   32|          0|
    |reg_14675                            |   32|   0|   32|          0|
    |reg_14684                            |   32|   0|   32|          0|
    |reg_14694                            |   32|   0|   32|          0|
    |reg_14702                            |   32|   0|   32|          0|
    |reg_14709                            |   32|   0|   32|          0|
    |reg_14716                            |   32|   0|   32|          0|
    |reg_14722                            |   32|   0|   32|          0|
    |reg_14728                            |   32|   0|   32|          0|
    |reg_14735                            |   32|   0|   32|          0|
    |reg_14741                            |   32|   0|   32|          0|
    |reg_14750                            |   32|   0|   32|          0|
    |reg_14757                            |   32|   0|   32|          0|
    |reg_14764                            |   32|   0|   32|          0|
    |reg_14772                            |   32|   0|   32|          0|
    |reg_14779                            |   32|   0|   32|          0|
    |reg_14786                            |   32|   0|   32|          0|
    |reg_14792                            |   32|   0|   32|          0|
    |reg_14800                            |   32|   0|   32|          0|
    |reg_14806                            |   32|   0|   32|          0|
    |reg_14813                            |   32|   0|   32|          0|
    |reg_14821                            |   32|   0|   32|          0|
    |reg_14828                            |   32|   0|   32|          0|
    |reg_14838                            |   32|   0|   32|          0|
    |reg_14845                            |   32|   0|   32|          0|
    |reg_14853                            |   32|   0|   32|          0|
    |reg_14859                            |   32|   0|   32|          0|
    |reg_14866                            |   32|   0|   32|          0|
    |reg_14873                            |   32|   0|   32|          0|
    |reg_14879                            |   32|   0|   32|          0|
    |reg_14886                            |   32|   0|   32|          0|
    |reg_14893                            |   32|   0|   32|          0|
    |reg_14899                            |   32|   0|   32|          0|
    |reg_14907                            |   32|   0|   32|          0|
    |reg_14914                            |   32|   0|   32|          0|
    |reg_14920                            |   32|   0|   32|          0|
    |reg_14926                            |   32|   0|   32|          0|
    |reg_14932                            |   32|   0|   32|          0|
    |reg_14940                            |   32|   0|   32|          0|
    |reg_14945                            |   32|   0|   32|          0|
    |reg_14953                            |   32|   0|   32|          0|
    |reg_14959                            |   32|   0|   32|          0|
    |reg_14965                            |   32|   0|   32|          0|
    |reg_14972                            |   32|   0|   32|          0|
    |reg_14978                            |   32|   0|   32|          0|
    |reg_14984                            |   32|   0|   32|          0|
    |reg_14991                            |   32|   0|   32|          0|
    |reg_14999                            |   32|   0|   32|          0|
    |reg_15006                            |   32|   0|   32|          0|
    |reg_15012                            |   32|   0|   32|          0|
    |reg_15018                            |   32|   0|   32|          0|
    |reg_15024                            |   32|   0|   32|          0|
    |reg_15030                            |   32|   0|   32|          0|
    |reg_15036                            |   32|   0|   32|          0|
    |reg_15043                            |   32|   0|   32|          0|
    |reg_15051                            |   32|   0|   32|          0|
    |reg_15058                            |   32|   0|   32|          0|
    |reg_15065                            |   32|   0|   32|          0|
    |reg_15071                            |   32|   0|   32|          0|
    |reg_15077                            |   32|   0|   32|          0|
    |reg_15083                            |   32|   0|   32|          0|
    |reg_15090                            |   32|   0|   32|          0|
    |reg_15097                            |   32|   0|   32|          0|
    |reg_15104                            |   32|   0|   32|          0|
    |reg_15110                            |   32|   0|   32|          0|
    |reg_15116                            |   32|   0|   32|          0|
    |reg_15122                            |   32|   0|   32|          0|
    |reg_15129                            |   32|   0|   32|          0|
    |reg_15135                            |   32|   0|   32|          0|
    |reg_15142                            |   32|   0|   32|          0|
    |reg_15149                            |   32|   0|   32|          0|
    |reg_15156                            |   32|   0|   32|          0|
    |reg_15162                            |   32|   0|   32|          0|
    |reg_15170                            |   32|   0|   32|          0|
    |reg_15176                            |   32|   0|   32|          0|
    |reg_15183                            |   32|   0|   32|          0|
    |reg_15189                            |   32|   0|   32|          0|
    |reg_15195                            |   32|   0|   32|          0|
    |reg_15202                            |   32|   0|   32|          0|
    |reg_15208                            |   32|   0|   32|          0|
    |reg_15214                            |   32|   0|   32|          0|
    |reg_15220                            |   32|   0|   32|          0|
    |reg_15227                            |   32|   0|   32|          0|
    |reg_15233                            |   32|   0|   32|          0|
    |reg_15241                            |   32|   0|   32|          0|
    |reg_15249                            |   32|   0|   32|          0|
    |reg_15257                            |   32|   0|   32|          0|
    |reg_15264                            |   32|   0|   32|          0|
    |reg_15271                            |   32|   0|   32|          0|
    |reg_15278                            |   32|   0|   32|          0|
    |reg_15286                            |   32|   0|   32|          0|
    |reg_15292                            |   32|   0|   32|          0|
    |reg_15299                            |   32|   0|   32|          0|
    |reg_15307                            |   32|   0|   32|          0|
    |reg_15313                            |   32|   0|   32|          0|
    |reg_15319                            |   32|   0|   32|          0|
    |reg_15326                            |   32|   0|   32|          0|
    |reg_15333                            |   32|   0|   32|          0|
    |reg_15340                            |   32|   0|   32|          0|
    |reg_15346                            |   32|   0|   32|          0|
    |reg_15352                            |   32|   0|   32|          0|
    |reg_15360                            |   32|   0|   32|          0|
    |reg_15366                            |   32|   0|   32|          0|
    |reg_15372                            |   32|   0|   32|          0|
    |reg_15379                            |   32|   0|   32|          0|
    |reg_15386                            |   32|   0|   32|          0|
    |reg_15392                            |   32|   0|   32|          0|
    |reg_15398                            |   32|   0|   32|          0|
    |reg_15404                            |   32|   0|   32|          0|
    |reg_15411                            |   32|   0|   32|          0|
    |reg_15417                            |   32|   0|   32|          0|
    |reg_15425                            |   32|   0|   32|          0|
    |reg_15431                            |   32|   0|   32|          0|
    |reg_15437                            |   32|   0|   32|          0|
    |reg_15443                            |   32|   0|   32|          0|
    |reg_15450                            |   32|   0|   32|          0|
    |reg_15457                            |   32|   0|   32|          0|
    |reg_15464                            |   32|   0|   32|          0|
    |reg_15470                            |   32|   0|   32|          0|
    |reg_15477                            |   32|   0|   32|          0|
    |reg_15483                            |   32|   0|   32|          0|
    |reg_15489                            |   32|   0|   32|          0|
    |reg_15495                            |   32|   0|   32|          0|
    |reg_15501                            |   32|   0|   32|          0|
    |reg_15509                            |   32|   0|   32|          0|
    |reg_15516                            |   32|   0|   32|          0|
    |reg_15523                            |   32|   0|   32|          0|
    |reg_15529                            |   32|   0|   32|          0|
    |reg_15535                            |   32|   0|   32|          0|
    |reg_15542                            |   32|   0|   32|          0|
    |reg_15548                            |   32|   0|   32|          0|
    |reg_15555                            |   32|   0|   32|          0|
    |reg_15561                            |   32|   0|   32|          0|
    |reg_15567                            |   32|   0|   32|          0|
    |reg_15574                            |   32|   0|   32|          0|
    |reg_15580                            |   32|   0|   32|          0|
    |reg_15587                            |   32|   0|   32|          0|
    |reg_15593                            |   32|   0|   32|          0|
    |reg_15599                            |   32|   0|   32|          0|
    |reg_15605                            |   32|   0|   32|          0|
    |reg_15611                            |   32|   0|   32|          0|
    |reg_15617                            |   32|   0|   32|          0|
    |sum_w1001_reg_22632                  |   32|   0|   32|          0|
    |sum_w1002_reg_20572                  |   32|   0|   32|          0|
    |sum_w1014_reg_17817                  |   32|   0|   32|          0|
    |sum_w1020_reg_20012                  |   32|   0|   32|          0|
    |sum_w1026_reg_22437                  |   32|   0|   32|          0|
    |sum_w1028_reg_22712                  |   32|   0|   32|          0|
    |sum_w1031_reg_21387                  |   32|   0|   32|          0|
    |sum_w1032_reg_22807                  |   32|   0|   32|          0|
    |sum_w1034_reg_22062                  |   32|   0|   32|          0|
    |sum_w103_reg_17962                   |   32|   0|   32|          0|
    |sum_w1055_reg_22512                  |   32|   0|   32|          0|
    |sum_w1057_reg_22427                  |   32|   0|   32|          0|
    |sum_w1063_reg_22532                  |   32|   0|   32|          0|
    |sum_w1065_reg_22862                  |   32|   0|   32|          0|
    |sum_w1069_reg_18847                  |   32|   0|   32|          0|
    |sum_w1098_reg_20182                  |   32|   0|   32|          0|
    |sum_w10_reg_20177                    |   32|   0|   32|          0|
    |sum_w1107_reg_18332                  |   32|   0|   32|          0|
    |sum_w110_reg_17712                   |   32|   0|   32|          0|
    |sum_w1112_reg_20152                  |   32|   0|   32|          0|
    |sum_w1118_reg_20232                  |   32|   0|   32|          0|
    |sum_w1123_reg_22262                  |   32|   0|   32|          0|
    |sum_w1130_reg_20872                  |   32|   0|   32|          0|
    |sum_w113_reg_18447                   |   32|   0|   32|          0|
    |sum_w1140_reg_20787                  |   32|   0|   32|          0|
    |sum_w1147_reg_19202                  |   32|   0|   32|          0|
    |sum_w1150_reg_19342                  |   32|   0|   32|          0|
    |sum_w1165_reg_19132                  |   32|   0|   32|          0|
    |sum_w1170_reg_22687                  |   32|   0|   32|          0|
    |sum_w118_reg_17322                   |   32|   0|   32|          0|
    |sum_w1191_reg_21037                  |   32|   0|   32|          0|
    |sum_w1193_reg_19662                  |   32|   0|   32|          0|
    |sum_w1194_reg_22872                  |   32|   0|   32|          0|
    |sum_w1197_reg_22297                  |   32|   0|   32|          0|
    |sum_w1198_reg_22527                  |   32|   0|   32|          0|
    |sum_w1202_reg_22502                  |   32|   0|   32|          0|
    |sum_w1204_reg_22887                  |   32|   0|   32|          0|
    |sum_w1206_reg_20702                  |   32|   0|   32|          0|
    |sum_w120_reg_19137                   |   32|   0|   32|          0|
    |sum_w1210_reg_20162                  |   32|   0|   32|          0|
    |sum_w1217_reg_18772                  |   32|   0|   32|          0|
    |sum_w1225_reg_21892                  |   32|   0|   32|          0|
    |sum_w1229_reg_20237                  |   32|   0|   32|          0|
    |sum_w1236_reg_20527                  |   32|   0|   32|          0|
    |sum_w123_reg_20892                   |   32|   0|   32|          0|
    |sum_w1244_reg_22842                  |   32|   0|   32|          0|
    |sum_w1249_reg_17307                  |   32|   0|   32|          0|
    |sum_w1251_reg_22592                  |   32|   0|   32|          0|
    |sum_w1260_reg_20377                  |   32|   0|   32|          0|
    |sum_w1262_reg_20522                  |   32|   0|   32|          0|
    |sum_w1273_reg_19152                  |   32|   0|   32|          0|
    |sum_w142_reg_22587                   |   32|   0|   32|          0|
    |sum_w145_reg_22682                   |   32|   0|   32|          0|
    |sum_w14_reg_18607                    |   32|   0|   32|          0|
    |sum_w154_reg_18967                   |   32|   0|   32|          0|
    |sum_w164_reg_22447                   |   32|   0|   32|          0|
    |sum_w165_reg_21407                   |   32|   0|   32|          0|
    |sum_w168_reg_22772                   |   32|   0|   32|          0|
    |sum_w176_reg_22107                   |   32|   0|   32|          0|
    |sum_w183_reg_20432                   |   32|   0|   32|          0|
    |sum_w184_reg_21117                   |   32|   0|   32|          0|
    |sum_w199_reg_22797                   |   32|   0|   32|          0|
    |sum_w206_reg_22567                   |   32|   0|   32|          0|
    |sum_w210_reg_22702                   |   32|   0|   32|          0|
    |sum_w212_reg_22492                   |   32|   0|   32|          0|
    |sum_w216_reg_18092                   |   32|   0|   32|          0|
    |sum_w219_reg_19472                   |   32|   0|   32|          0|
    |sum_w22_reg_21047                    |   32|   0|   32|          0|
    |sum_w246_reg_21557                   |   32|   0|   32|          0|
    |sum_w253_reg_20762                   |   32|   0|   32|          0|
    |sum_w266_reg_20552                   |   32|   0|   32|          0|
    |sum_w280_reg_22457                   |   32|   0|   32|          0|
    |sum_w282_reg_22572                   |   32|   0|   32|          0|
    |sum_w283_reg_22432                   |   32|   0|   32|          0|
    |sum_w28_reg_22782                    |   32|   0|   32|          0|
    |sum_w292_reg_22857                   |   32|   0|   32|          0|
    |sum_w29_reg_21382                    |   32|   0|   32|          0|
    |sum_w303_reg_21552                   |   32|   0|   32|          0|
    |sum_w305_reg_19832                   |   32|   0|   32|          0|
    |sum_w314_reg_22497                   |   32|   0|   32|          0|
    |sum_w316_reg_22257                   |   32|   0|   32|          0|
    |sum_w317_reg_22247                   |   32|   0|   32|          0|
    |sum_w329_reg_20337                   |   32|   0|   32|          0|
    |sum_w340_reg_21217                   |   32|   0|   32|          0|
    |sum_w345_reg_22867                   |   32|   0|   32|          0|
    |sum_w354_reg_17482                   |   32|   0|   32|          0|
    |sum_w357_reg_21042                   |   32|   0|   32|          0|
    |sum_w360_reg_19997                   |   32|   0|   32|          0|
    |sum_w372_reg_18127                   |   32|   0|   32|          0|
    |sum_w375_reg_20262                   |   32|   0|   32|          0|
    |sum_w378_reg_18482                   |   32|   0|   32|          0|
    |sum_w37_reg_18612                    |   32|   0|   32|          0|
    |sum_w380_reg_21902                   |   32|   0|   32|          0|
    |sum_w385_reg_18647                   |   32|   0|   32|          0|
    |sum_w390_reg_18267                   |   32|   0|   32|          0|
    |sum_w415_reg_22852                   |   32|   0|   32|          0|
    |sum_w418_reg_22067                   |   32|   0|   32|          0|
    |sum_w42_reg_21377                    |   32|   0|   32|          0|
    |sum_w432_reg_18307                   |   32|   0|   32|          0|
    |sum_w43_reg_22442                    |   32|   0|   32|          0|
    |sum_w449_reg_21722                   |   32|   0|   32|          0|
    |sum_w457_reg_17317                   |   32|   0|   32|          0|
    |sum_w467_reg_21897                   |   32|   0|   32|          0|
    |sum_w473_reg_18137                   |   32|   0|   32|          0|
    |sum_w476_reg_22577                   |   32|   0|   32|          0|
    |sum_w485_reg_19302                   |   32|   0|   32|          0|
    |sum_w488_reg_22072                   |   32|   0|   32|          0|
    |sum_w497_reg_22252                   |   32|   0|   32|          0|
    |sum_w508_reg_19512                   |   32|   0|   32|          0|
    |sum_w509_reg_18972                   |   32|   0|   32|          0|
    |sum_w513_reg_22767                   |   32|   0|   32|          0|
    |sum_w514_reg_21887                   |   32|   0|   32|          0|
    |sum_w522_reg_20372                   |   32|   0|   32|          0|
    |sum_w524_reg_22232                   |   32|   0|   32|          0|
    |sum_w525_reg_19637                   |   32|   0|   32|          0|
    |sum_w534_reg_21572                   |   32|   0|   32|          0|
    |sum_w537_reg_22882                   |   32|   0|   32|          0|
    |sum_w546_reg_22722                   |   32|   0|   32|          0|
    |sum_w569_reg_17947                   |   32|   0|   32|          0|
    |sum_w572_reg_18152                   |   32|   0|   32|          0|
    |sum_w576_reg_21732                   |   32|   0|   32|          0|
    |sum_w577_reg_22727                   |   32|   0|   32|          0|
    |sum_w595_reg_20707                   |   32|   0|   32|          0|
    |sum_w5_reg_18962                     |   32|   0|   32|          0|
    |sum_w606_reg_20717                   |   32|   0|   32|          0|
    |sum_w615_reg_18797                   |   32|   0|   32|          0|
    |sum_w624_reg_18322                   |   32|   0|   32|          0|
    |sum_w628_reg_22787                   |   32|   0|   32|          0|
    |sum_w635_reg_19117                   |   32|   0|   32|          0|
    |sum_w639_reg_22507                   |   32|   0|   32|          0|
    |sum_w63_reg_19477                    |   32|   0|   32|          0|
    |sum_w640_reg_22582                   |   32|   0|   32|          0|
    |sum_w648_reg_18992                   |   32|   0|   32|          0|
    |sum_w652_reg_17312                   |   32|   0|   32|          0|
    |sum_w655_reg_21717                   |   32|   0|   32|          0|
    |sum_w660_reg_19687                   |   32|   0|   32|          0|
    |sum_w664_reg_22242                   |   32|   0|   32|          0|
    |sum_w666_reg_22057                   |   32|   0|   32|          0|
    |sum_w67_reg_17507                    |   32|   0|   32|          0|
    |sum_w683_reg_20357                   |   32|   0|   32|          0|
    |sum_w698_reg_22717                   |   32|   0|   32|          0|
    |sum_w699_reg_22642                   |   32|   0|   32|          0|
    |sum_w704_reg_20517                   |   32|   0|   32|          0|
    |sum_w722_reg_18132                   |   32|   0|   32|          0|
    |sum_w726_reg_22517                   |   32|   0|   32|          0|
    |sum_w728_reg_17772                   |   32|   0|   32|          0|
    |sum_w743_reg_18947                   |   32|   0|   32|          0|
    |sum_w752_reg_22762                   |   32|   0|   32|          0|
    |sum_w75_reg_22847                    |   32|   0|   32|          0|
    |sum_w769_reg_18327                   |   32|   0|   32|          0|
    |sum_w770_reg_21212                   |   32|   0|   32|          0|
    |sum_w774_reg_19807                   |   32|   0|   32|          0|
    |sum_w783_reg_22877                   |   32|   0|   32|          0|
    |sum_w803_reg_22237                   |   32|   0|   32|          0|
    |sum_w809_reg_20537                   |   32|   0|   32|          0|
    |sum_w815_reg_20197                   |   32|   0|   32|          0|
    |sum_w821_reg_19982                   |   32|   0|   32|          0|
    |sum_w824_reg_21727                   |   32|   0|   32|          0|
    |sum_w830_reg_19167                   |   32|   0|   32|          0|
    |sum_w836_reg_21052                   |   32|   0|   32|          0|
    |sum_w843_reg_22777                   |   32|   0|   32|          0|
    |sum_w844_reg_19312                   |   32|   0|   32|          0|
    |sum_w846_reg_22422                   |   32|   0|   32|          0|
    |sum_w851_reg_19817                   |   32|   0|   32|          0|
    |sum_w855_reg_20567                   |   32|   0|   32|          0|
    |sum_w860_reg_19977                   |   32|   0|   32|          0|
    |sum_w862_reg_22522                   |   32|   0|   32|          0|
    |sum_w863_reg_22792                   |   32|   0|   32|          0|
    |sum_w871_reg_18292                   |   32|   0|   32|          0|
    |sum_w882_reg_17977                   |   32|   0|   32|          0|
    |sum_w902_reg_21392                   |   32|   0|   32|          0|
    |sum_w906_reg_18977                   |   32|   0|   32|          0|
    |sum_w910_reg_22597                   |   32|   0|   32|          0|
    |sum_w914_reg_17627                   |   32|   0|   32|          0|
    |sum_w916_reg_20342                   |   32|   0|   32|          0|
    |sum_w920_reg_19337                   |   32|   0|   32|          0|
    |sum_w926_reg_22692                   |   32|   0|   32|          0|
    |sum_w933_reg_18802                   |   32|   0|   32|          0|
    |sum_w935_reg_22637                   |   32|   0|   32|          0|
    |sum_w936_reg_22647                   |   32|   0|   32|          0|
    |sum_w938_reg_22697                   |   32|   0|   32|          0|
    |sum_w941_reg_19307                   |   32|   0|   32|          0|
    |sum_w949_reg_22802                   |   32|   0|   32|          0|
    |sum_w950_reg_19742                   |   32|   0|   32|          0|
    |sum_w951_reg_20077                   |   32|   0|   32|          0|
    |sum_w981_reg_20877                   |   32|   0|   32|          0|
    |sum_w984_reg_22707                   |   32|   0|   32|          0|
    |sum_w985_reg_22452                   |   32|   0|   32|          0|
    |sum_w994_reg_19837                   |   32|   0|   32|          0|
    |temp_l111_2_i2_array_1140_reg_17737  |   32|   0|   32|          0|
    |temp_l111_2_i2_array_1230_reg_18697  |   32|   0|   32|          0|
    |temp_l111_2_i2_array_1783_reg_21242  |   32|   0|   32|          0|
    |temp_l111_2_i2_array_235_reg_16062   |   32|   0|   32|          0|
    |temp_l111_2_i2_array_531_reg_16997   |   32|   0|   32|          0|
    |temp_l111_2_i2_array_893_reg_17397   |   32|   0|   32|          0|
    |temp_l111_2_i2_array_925_reg_17982   |   32|   0|   32|          0|
    +-------------------------------------+-----+----+-----+-----------+
    |Total                                |19853|   0|19853|          0|
    +-------------------------------------+-----+----+-----+-----------+



================================================================
== Interface
================================================================
* Summary: 
+----------------------------------+-----+-----+------------+-------------------------+--------------+
|             RTL Ports            | Dir | Bits|  Protocol  |      Source Object      |    C Type    |
+----------------------------------+-----+-----+------------+-------------------------+--------------+
|ap_clk                            |  in |    1| ap_ctrl_hs |         epilogue        | return value |
|ap_rst                            |  in |    1| ap_ctrl_hs |         epilogue        | return value |
|ap_start                          |  in |    1| ap_ctrl_hs |         epilogue        | return value |
|ap_done                           | out |    1| ap_ctrl_hs |         epilogue        | return value |
|ap_continue                       |  in |    1| ap_ctrl_hs |         epilogue        | return value |
|ap_idle                           | out |    1| ap_ctrl_hs |         epilogue        | return value |
|ap_ready                          | out |    1| ap_ctrl_hs |         epilogue        | return value |
|temp_l111_2_i2_array_address0     | out |    7|  ap_memory |   temp_l111_2_i2_array  |     array    |
|temp_l111_2_i2_array_ce0          | out |    1|  ap_memory |   temp_l111_2_i2_array  |     array    |
|temp_l111_2_i2_array_q0           |  in |   32|  ap_memory |   temp_l111_2_i2_array  |     array    |
|temp_l111_2_i2_array_address1     | out |    7|  ap_memory |   temp_l111_2_i2_array  |     array    |
|temp_l111_2_i2_array_ce1          | out |    1|  ap_memory |   temp_l111_2_i2_array  |     array    |
|temp_l111_2_i2_array_q1           |  in |   32|  ap_memory |   temp_l111_2_i2_array  |     array    |
|temp_l111_2_i2_array_44_address0  | out |    7|  ap_memory | temp_l111_2_i2_array_44 |     array    |
|temp_l111_2_i2_array_44_ce0       | out |    1|  ap_memory | temp_l111_2_i2_array_44 |     array    |
|temp_l111_2_i2_array_44_q0        |  in |   32|  ap_memory | temp_l111_2_i2_array_44 |     array    |
|temp_l111_2_i2_array_44_address1  | out |    7|  ap_memory | temp_l111_2_i2_array_44 |     array    |
|temp_l111_2_i2_array_44_ce1       | out |    1|  ap_memory | temp_l111_2_i2_array_44 |     array    |
|temp_l111_2_i2_array_44_q1        |  in |   32|  ap_memory | temp_l111_2_i2_array_44 |     array    |
|temp_l111_2_i2_array_45_address0  | out |    7|  ap_memory | temp_l111_2_i2_array_45 |     array    |
|temp_l111_2_i2_array_45_ce0       | out |    1|  ap_memory | temp_l111_2_i2_array_45 |     array    |
|temp_l111_2_i2_array_45_q0        |  in |   32|  ap_memory | temp_l111_2_i2_array_45 |     array    |
|temp_l111_2_i2_array_45_address1  | out |    7|  ap_memory | temp_l111_2_i2_array_45 |     array    |
|temp_l111_2_i2_array_45_ce1       | out |    1|  ap_memory | temp_l111_2_i2_array_45 |     array    |
|temp_l111_2_i2_array_45_q1        |  in |   32|  ap_memory | temp_l111_2_i2_array_45 |     array    |
|temp_l111_2_i2_array_46_address0  | out |    7|  ap_memory | temp_l111_2_i2_array_46 |     array    |
|temp_l111_2_i2_array_46_ce0       | out |    1|  ap_memory | temp_l111_2_i2_array_46 |     array    |
|temp_l111_2_i2_array_46_q0        |  in |   32|  ap_memory | temp_l111_2_i2_array_46 |     array    |
|temp_l111_2_i2_array_46_address1  | out |    7|  ap_memory | temp_l111_2_i2_array_46 |     array    |
|temp_l111_2_i2_array_46_ce1       | out |    1|  ap_memory | temp_l111_2_i2_array_46 |     array    |
|temp_l111_2_i2_array_46_q1        |  in |   32|  ap_memory | temp_l111_2_i2_array_46 |     array    |
|temp_l111_2_i2_array_47_address0  | out |    7|  ap_memory | temp_l111_2_i2_array_47 |     array    |
|temp_l111_2_i2_array_47_ce0       | out |    1|  ap_memory | temp_l111_2_i2_array_47 |     array    |
|temp_l111_2_i2_array_47_q0        |  in |   32|  ap_memory | temp_l111_2_i2_array_47 |     array    |
|temp_l111_2_i2_array_47_address1  | out |    7|  ap_memory | temp_l111_2_i2_array_47 |     array    |
|temp_l111_2_i2_array_47_ce1       | out |    1|  ap_memory | temp_l111_2_i2_array_47 |     array    |
|temp_l111_2_i2_array_47_q1        |  in |   32|  ap_memory | temp_l111_2_i2_array_47 |     array    |
|temp_l111_2_i2_array_48_address0  | out |    7|  ap_memory | temp_l111_2_i2_array_48 |     array    |
|temp_l111_2_i2_array_48_ce0       | out |    1|  ap_memory | temp_l111_2_i2_array_48 |     array    |
|temp_l111_2_i2_array_48_q0        |  in |   32|  ap_memory | temp_l111_2_i2_array_48 |     array    |
|temp_l111_2_i2_array_48_address1  | out |    7|  ap_memory | temp_l111_2_i2_array_48 |     array    |
|temp_l111_2_i2_array_48_ce1       | out |    1|  ap_memory | temp_l111_2_i2_array_48 |     array    |
|temp_l111_2_i2_array_48_q1        |  in |   32|  ap_memory | temp_l111_2_i2_array_48 |     array    |
|temp_l111_2_i2_array_49_address0  | out |    7|  ap_memory | temp_l111_2_i2_array_49 |     array    |
|temp_l111_2_i2_array_49_ce0       | out |    1|  ap_memory | temp_l111_2_i2_array_49 |     array    |
|temp_l111_2_i2_array_49_q0        |  in |   32|  ap_memory | temp_l111_2_i2_array_49 |     array    |
|temp_l111_2_i2_array_49_address1  | out |    7|  ap_memory | temp_l111_2_i2_array_49 |     array    |
|temp_l111_2_i2_array_49_ce1       | out |    1|  ap_memory | temp_l111_2_i2_array_49 |     array    |
|temp_l111_2_i2_array_49_q1        |  in |   32|  ap_memory | temp_l111_2_i2_array_49 |     array    |
|temp_l111_2_i2_array_50_address0  | out |    7|  ap_memory | temp_l111_2_i2_array_50 |     array    |
|temp_l111_2_i2_array_50_ce0       | out |    1|  ap_memory | temp_l111_2_i2_array_50 |     array    |
|temp_l111_2_i2_array_50_q0        |  in |   32|  ap_memory | temp_l111_2_i2_array_50 |     array    |
|temp_l111_2_i2_array_50_address1  | out |    7|  ap_memory | temp_l111_2_i2_array_50 |     array    |
|temp_l111_2_i2_array_50_ce1       | out |    1|  ap_memory | temp_l111_2_i2_array_50 |     array    |
|temp_l111_2_i2_array_50_q1        |  in |   32|  ap_memory | temp_l111_2_i2_array_50 |     array    |
|temp_l111_2_i2_array_51_address0  | out |    7|  ap_memory | temp_l111_2_i2_array_51 |     array    |
|temp_l111_2_i2_array_51_ce0       | out |    1|  ap_memory | temp_l111_2_i2_array_51 |     array    |
|temp_l111_2_i2_array_51_q0        |  in |   32|  ap_memory | temp_l111_2_i2_array_51 |     array    |
|temp_l111_2_i2_array_51_address1  | out |    7|  ap_memory | temp_l111_2_i2_array_51 |     array    |
|temp_l111_2_i2_array_51_ce1       | out |    1|  ap_memory | temp_l111_2_i2_array_51 |     array    |
|temp_l111_2_i2_array_51_q1        |  in |   32|  ap_memory | temp_l111_2_i2_array_51 |     array    |
|temp_l111_2_i2_array_52_address0  | out |    7|  ap_memory | temp_l111_2_i2_array_52 |     array    |
|temp_l111_2_i2_array_52_ce0       | out |    1|  ap_memory | temp_l111_2_i2_array_52 |     array    |
|temp_l111_2_i2_array_52_q0        |  in |   32|  ap_memory | temp_l111_2_i2_array_52 |     array    |
|temp_l111_2_i2_array_52_address1  | out |    7|  ap_memory | temp_l111_2_i2_array_52 |     array    |
|temp_l111_2_i2_array_52_ce1       | out |    1|  ap_memory | temp_l111_2_i2_array_52 |     array    |
|temp_l111_2_i2_array_52_q1        |  in |   32|  ap_memory | temp_l111_2_i2_array_52 |     array    |
|temp_l111_2_i2_array_53_address0  | out |    7|  ap_memory | temp_l111_2_i2_array_53 |     array    |
|temp_l111_2_i2_array_53_ce0       | out |    1|  ap_memory | temp_l111_2_i2_array_53 |     array    |
|temp_l111_2_i2_array_53_q0        |  in |   32|  ap_memory | temp_l111_2_i2_array_53 |     array    |
|temp_l111_2_i2_array_53_address1  | out |    7|  ap_memory | temp_l111_2_i2_array_53 |     array    |
|temp_l111_2_i2_array_53_ce1       | out |    1|  ap_memory | temp_l111_2_i2_array_53 |     array    |
|temp_l111_2_i2_array_53_q1        |  in |   32|  ap_memory | temp_l111_2_i2_array_53 |     array    |
|temp_l111_2_i2_array_54_address0  | out |    7|  ap_memory | temp_l111_2_i2_array_54 |     array    |
|temp_l111_2_i2_array_54_ce0       | out |    1|  ap_memory | temp_l111_2_i2_array_54 |     array    |
|temp_l111_2_i2_array_54_q0        |  in |   32|  ap_memory | temp_l111_2_i2_array_54 |     array    |
|temp_l111_2_i2_array_54_address1  | out |    7|  ap_memory | temp_l111_2_i2_array_54 |     array    |
|temp_l111_2_i2_array_54_ce1       | out |    1|  ap_memory | temp_l111_2_i2_array_54 |     array    |
|temp_l111_2_i2_array_54_q1        |  in |   32|  ap_memory | temp_l111_2_i2_array_54 |     array    |
|temp_l111_2_i2_array_55_address0  | out |    7|  ap_memory | temp_l111_2_i2_array_55 |     array    |
|temp_l111_2_i2_array_55_ce0       | out |    1|  ap_memory | temp_l111_2_i2_array_55 |     array    |
|temp_l111_2_i2_array_55_q0        |  in |   32|  ap_memory | temp_l111_2_i2_array_55 |     array    |
|temp_l111_2_i2_array_55_address1  | out |    7|  ap_memory | temp_l111_2_i2_array_55 |     array    |
|temp_l111_2_i2_array_55_ce1       | out |    1|  ap_memory | temp_l111_2_i2_array_55 |     array    |
|temp_l111_2_i2_array_55_q1        |  in |   32|  ap_memory | temp_l111_2_i2_array_55 |     array    |
|temp_l111_2_i2_array_56_address0  | out |    7|  ap_memory | temp_l111_2_i2_array_56 |     array    |
|temp_l111_2_i2_array_56_ce0       | out |    1|  ap_memory | temp_l111_2_i2_array_56 |     array    |
|temp_l111_2_i2_array_56_q0        |  in |   32|  ap_memory | temp_l111_2_i2_array_56 |     array    |
|temp_l111_2_i2_array_56_address1  | out |    7|  ap_memory | temp_l111_2_i2_array_56 |     array    |
|temp_l111_2_i2_array_56_ce1       | out |    1|  ap_memory | temp_l111_2_i2_array_56 |     array    |
|temp_l111_2_i2_array_56_q1        |  in |   32|  ap_memory | temp_l111_2_i2_array_56 |     array    |
|temp_l111_2_i2_array_57_address0  | out |    7|  ap_memory | temp_l111_2_i2_array_57 |     array    |
|temp_l111_2_i2_array_57_ce0       | out |    1|  ap_memory | temp_l111_2_i2_array_57 |     array    |
|temp_l111_2_i2_array_57_q0        |  in |   32|  ap_memory | temp_l111_2_i2_array_57 |     array    |
|temp_l111_2_i2_array_57_address1  | out |    7|  ap_memory | temp_l111_2_i2_array_57 |     array    |
|temp_l111_2_i2_array_57_ce1       | out |    1|  ap_memory | temp_l111_2_i2_array_57 |     array    |
|temp_l111_2_i2_array_57_q1        |  in |   32|  ap_memory | temp_l111_2_i2_array_57 |     array    |
|y                                 | out |   32|   ap_vld   |            y            |    pointer   |
|y_ap_vld                          | out |    1|   ap_vld   |            y            |    pointer   |
+----------------------------------+-----+-----+------------+-------------------------+--------------+

