

================================================================
== Vivado HLS Report for 'knnNoEpilogue10000p3_1'
================================================================
* Date:           Tue Sep 22 15:38:25 2020

* Version:        2019.2 (Build 2704478 on Wed Nov 06 22:10:23 MST 2019)
* Project:        knn
* Solution:       solution1
* Product family: zynq
* Target device:  xc7z020-clg484-1


================================================================
== Performance Estimates
================================================================
+ Timing: 
    * Summary: 
    +--------+----------+----------+------------+
    |  Clock |  Target  | Estimated| Uncertainty|
    +--------+----------+----------+------------+
    |ap_clk  | 10.00 ns | 3.634 ns |   1.25 ns  |
    +--------+----------+----------+------------+

+ Latency: 
    * Summary: 
    +---------+---------+----------+----------+-----+-----+---------+
    |  Latency (cycles) |  Latency (absolute) |  Interval | Pipeline|
    |   min   |   max   |    min   |    max   | min | max |   Type  |
    +---------+---------+----------+----------+-----+-----+---------+
    |        0|        0|   0 ns   |   0 ns   |    0|    0|   none  |
    +---------+---------+----------+----------+-----+-----+---------+

    + Detail: 
        * Instance: 
        N/A

        * Loop: 
        N/A



================================================================
== Utilization Estimates
================================================================
* Summary: 
+-----------------+---------+-------+--------+-------+-----+
|       Name      | BRAM_18K| DSP48E|   FF   |  LUT  | URAM|
+-----------------+---------+-------+--------+-------+-----+
|DSP              |        -|      -|       -|      -|    -|
|Expression       |        -|      -|       0|      2|    -|
|FIFO             |        -|      -|       -|      -|    -|
|Instance         |        -|      -|       -|      -|    -|
|Memory           |        -|      -|       -|      -|    -|
|Multiplexer      |        -|      -|       -|    585|    -|
|Register         |        -|      -|       2|      -|    -|
+-----------------+---------+-------+--------+-------+-----+
|Total            |        0|      0|       2|    587|    0|
+-----------------+---------+-------+--------+-------+-----+
|Available        |      280|    220|  106400|  53200|    0|
+-----------------+---------+-------+--------+-------+-----+
|Utilization (%)  |        0|      0|   ~0   |      1|    0|
+-----------------+---------+-------+--------+-------+-----+

+ Detail: 
    * Instance: 
    N/A

    * DSP48E: 
    N/A

    * Memory: 
    N/A

    * FIFO: 
    N/A

    * Expression: 
    +-----------------+----------+-------+---+----+------------+------------+
    |  Variable Name  | Operation| DSP48E| FF| LUT| Bitwidth P0| Bitwidth P1|
    +-----------------+----------+-------+---+----+------------+------------+
    |ap_block_state1  |    or    |      0|  0|   2|           1|           1|
    +-----------------+----------+-------+---+----+------------+------------+
    |Total            |          |      0|  0|   2|           1|           1|
    +-----------------+----------+-------+---+----+------------+------------+

    * Multiplexer: 
    +--------------------------+----+-----------+-----+-----------+
    |           Name           | LUT| Input Size| Bits| Total Bits|
    +--------------------------+----+-----------+-----+-----------+
    |ap_done                   |   9|          2|    1|          2|
    |xFeatures_0_out1_blk_n    |   9|          2|    1|          2|
    |xFeatures_0_out_blk_n     |   9|          2|    1|          2|
    |xFeatures_10_out11_blk_n  |   9|          2|    1|          2|
    |xFeatures_10_out_blk_n    |   9|          2|    1|          2|
    |xFeatures_11_out12_blk_n  |   9|          2|    1|          2|
    |xFeatures_11_out_blk_n    |   9|          2|    1|          2|
    |xFeatures_12_out13_blk_n  |   9|          2|    1|          2|
    |xFeatures_12_out_blk_n    |   9|          2|    1|          2|
    |xFeatures_13_out14_blk_n  |   9|          2|    1|          2|
    |xFeatures_13_out_blk_n    |   9|          2|    1|          2|
    |xFeatures_14_out15_blk_n  |   9|          2|    1|          2|
    |xFeatures_14_out_blk_n    |   9|          2|    1|          2|
    |xFeatures_15_out16_blk_n  |   9|          2|    1|          2|
    |xFeatures_15_out_blk_n    |   9|          2|    1|          2|
    |xFeatures_16_out17_blk_n  |   9|          2|    1|          2|
    |xFeatures_16_out_blk_n    |   9|          2|    1|          2|
    |xFeatures_17_out18_blk_n  |   9|          2|    1|          2|
    |xFeatures_17_out_blk_n    |   9|          2|    1|          2|
    |xFeatures_18_out19_blk_n  |   9|          2|    1|          2|
    |xFeatures_18_out_blk_n    |   9|          2|    1|          2|
    |xFeatures_19_out20_blk_n  |   9|          2|    1|          2|
    |xFeatures_19_out_blk_n    |   9|          2|    1|          2|
    |xFeatures_1_out2_blk_n    |   9|          2|    1|          2|
    |xFeatures_1_out_blk_n     |   9|          2|    1|          2|
    |xFeatures_20_out21_blk_n  |   9|          2|    1|          2|
    |xFeatures_20_out_blk_n    |   9|          2|    1|          2|
    |xFeatures_21_out22_blk_n  |   9|          2|    1|          2|
    |xFeatures_21_out_blk_n    |   9|          2|    1|          2|
    |xFeatures_22_out23_blk_n  |   9|          2|    1|          2|
    |xFeatures_22_out_blk_n    |   9|          2|    1|          2|
    |xFeatures_23_out24_blk_n  |   9|          2|    1|          2|
    |xFeatures_23_out_blk_n    |   9|          2|    1|          2|
    |xFeatures_24_out25_blk_n  |   9|          2|    1|          2|
    |xFeatures_24_out_blk_n    |   9|          2|    1|          2|
    |xFeatures_25_out26_blk_n  |   9|          2|    1|          2|
    |xFeatures_25_out_blk_n    |   9|          2|    1|          2|
    |xFeatures_26_out27_blk_n  |   9|          2|    1|          2|
    |xFeatures_26_out_blk_n    |   9|          2|    1|          2|
    |xFeatures_27_out28_blk_n  |   9|          2|    1|          2|
    |xFeatures_27_out_blk_n    |   9|          2|    1|          2|
    |xFeatures_28_out29_blk_n  |   9|          2|    1|          2|
    |xFeatures_28_out_blk_n    |   9|          2|    1|          2|
    |xFeatures_29_out30_blk_n  |   9|          2|    1|          2|
    |xFeatures_29_out_blk_n    |   9|          2|    1|          2|
    |xFeatures_2_out3_blk_n    |   9|          2|    1|          2|
    |xFeatures_2_out_blk_n     |   9|          2|    1|          2|
    |xFeatures_30_out31_blk_n  |   9|          2|    1|          2|
    |xFeatures_30_out_blk_n    |   9|          2|    1|          2|
    |xFeatures_31_out32_blk_n  |   9|          2|    1|          2|
    |xFeatures_31_out_blk_n    |   9|          2|    1|          2|
    |xFeatures_3_out4_blk_n    |   9|          2|    1|          2|
    |xFeatures_3_out_blk_n     |   9|          2|    1|          2|
    |xFeatures_4_out5_blk_n    |   9|          2|    1|          2|
    |xFeatures_4_out_blk_n     |   9|          2|    1|          2|
    |xFeatures_5_out6_blk_n    |   9|          2|    1|          2|
    |xFeatures_5_out_blk_n     |   9|          2|    1|          2|
    |xFeatures_6_out7_blk_n    |   9|          2|    1|          2|
    |xFeatures_6_out_blk_n     |   9|          2|    1|          2|
    |xFeatures_7_out8_blk_n    |   9|          2|    1|          2|
    |xFeatures_7_out_blk_n     |   9|          2|    1|          2|
    |xFeatures_8_out9_blk_n    |   9|          2|    1|          2|
    |xFeatures_8_out_blk_n     |   9|          2|    1|          2|
    |xFeatures_9_out10_blk_n   |   9|          2|    1|          2|
    |xFeatures_9_out_blk_n     |   9|          2|    1|          2|
    +--------------------------+----+-----------+-----+-----------+
    |Total                     | 585|        130|   65|        130|
    +--------------------------+----+-----------+-----+-----------+

    * Register: 
    +-------------+---+----+-----+-----------+
    |     Name    | FF| LUT| Bits| Const Bits|
    +-------------+---+----+-----+-----------+
    |ap_CS_fsm    |  1|   0|    1|          0|
    |ap_done_reg  |  1|   0|    1|          0|
    +-------------+---+----+-----+-----------+
    |Total        |  2|   0|    2|          0|
    +-------------+---+----+-----+-----------+



================================================================
== Interface
================================================================
* Summary: 
+---------------------------+-----+-----+------------+------------------------+--------------+
|         RTL Ports         | Dir | Bits|  Protocol  |      Source Object     |    C Type    |
+---------------------------+-----+-----+------------+------------------------+--------------+
|ap_clk                     |  in |    1| ap_ctrl_hs | knnNoEpilogue10000p3.1 | return value |
|ap_rst                     |  in |    1| ap_ctrl_hs | knnNoEpilogue10000p3.1 | return value |
|ap_start                   |  in |    1| ap_ctrl_hs | knnNoEpilogue10000p3.1 | return value |
|ap_done                    | out |    1| ap_ctrl_hs | knnNoEpilogue10000p3.1 | return value |
|ap_continue                |  in |    1| ap_ctrl_hs | knnNoEpilogue10000p3.1 | return value |
|ap_idle                    | out |    1| ap_ctrl_hs | knnNoEpilogue10000p3.1 | return value |
|ap_ready                   | out |    1| ap_ctrl_hs | knnNoEpilogue10000p3.1 | return value |
|xFeatures_0                |  in |   32|   ap_none  |       xFeatures_0      |    pointer   |
|xFeatures_1                |  in |   32|   ap_none  |       xFeatures_1      |    pointer   |
|xFeatures_2                |  in |   32|   ap_none  |       xFeatures_2      |    pointer   |
|xFeatures_3                |  in |   32|   ap_none  |       xFeatures_3      |    pointer   |
|xFeatures_4                |  in |   32|   ap_none  |       xFeatures_4      |    pointer   |
|xFeatures_5                |  in |   32|   ap_none  |       xFeatures_5      |    pointer   |
|xFeatures_6                |  in |   32|   ap_none  |       xFeatures_6      |    pointer   |
|xFeatures_7                |  in |   32|   ap_none  |       xFeatures_7      |    pointer   |
|xFeatures_8                |  in |   32|   ap_none  |       xFeatures_8      |    pointer   |
|xFeatures_9                |  in |   32|   ap_none  |       xFeatures_9      |    pointer   |
|xFeatures_10               |  in |   32|   ap_none  |      xFeatures_10      |    pointer   |
|xFeatures_11               |  in |   32|   ap_none  |      xFeatures_11      |    pointer   |
|xFeatures_12               |  in |   32|   ap_none  |      xFeatures_12      |    pointer   |
|xFeatures_13               |  in |   32|   ap_none  |      xFeatures_13      |    pointer   |
|xFeatures_14               |  in |   32|   ap_none  |      xFeatures_14      |    pointer   |
|xFeatures_15               |  in |   32|   ap_none  |      xFeatures_15      |    pointer   |
|xFeatures_16               |  in |   32|   ap_none  |      xFeatures_16      |    pointer   |
|xFeatures_17               |  in |   32|   ap_none  |      xFeatures_17      |    pointer   |
|xFeatures_18               |  in |   32|   ap_none  |      xFeatures_18      |    pointer   |
|xFeatures_19               |  in |   32|   ap_none  |      xFeatures_19      |    pointer   |
|xFeatures_20               |  in |   32|   ap_none  |      xFeatures_20      |    pointer   |
|xFeatures_21               |  in |   32|   ap_none  |      xFeatures_21      |    pointer   |
|xFeatures_22               |  in |   32|   ap_none  |      xFeatures_22      |    pointer   |
|xFeatures_23               |  in |   32|   ap_none  |      xFeatures_23      |    pointer   |
|xFeatures_24               |  in |   32|   ap_none  |      xFeatures_24      |    pointer   |
|xFeatures_25               |  in |   32|   ap_none  |      xFeatures_25      |    pointer   |
|xFeatures_26               |  in |   32|   ap_none  |      xFeatures_26      |    pointer   |
|xFeatures_27               |  in |   32|   ap_none  |      xFeatures_27      |    pointer   |
|xFeatures_28               |  in |   32|   ap_none  |      xFeatures_28      |    pointer   |
|xFeatures_29               |  in |   32|   ap_none  |      xFeatures_29      |    pointer   |
|xFeatures_30               |  in |   32|   ap_none  |      xFeatures_30      |    pointer   |
|xFeatures_31               |  in |   32|   ap_none  |      xFeatures_31      |    pointer   |
|xFeatures_0_out_din        | out |   32|   ap_fifo  |     xFeatures_0_out    |    pointer   |
|xFeatures_0_out_full_n     |  in |    1|   ap_fifo  |     xFeatures_0_out    |    pointer   |
|xFeatures_0_out_write      | out |    1|   ap_fifo  |     xFeatures_0_out    |    pointer   |
|xFeatures_0_out1_din       | out |   32|   ap_fifo  |    xFeatures_0_out1    |    pointer   |
|xFeatures_0_out1_full_n    |  in |    1|   ap_fifo  |    xFeatures_0_out1    |    pointer   |
|xFeatures_0_out1_write     | out |    1|   ap_fifo  |    xFeatures_0_out1    |    pointer   |
|xFeatures_1_out_din        | out |   32|   ap_fifo  |     xFeatures_1_out    |    pointer   |
|xFeatures_1_out_full_n     |  in |    1|   ap_fifo  |     xFeatures_1_out    |    pointer   |
|xFeatures_1_out_write      | out |    1|   ap_fifo  |     xFeatures_1_out    |    pointer   |
|xFeatures_1_out2_din       | out |   32|   ap_fifo  |    xFeatures_1_out2    |    pointer   |
|xFeatures_1_out2_full_n    |  in |    1|   ap_fifo  |    xFeatures_1_out2    |    pointer   |
|xFeatures_1_out2_write     | out |    1|   ap_fifo  |    xFeatures_1_out2    |    pointer   |
|xFeatures_2_out_din        | out |   32|   ap_fifo  |     xFeatures_2_out    |    pointer   |
|xFeatures_2_out_full_n     |  in |    1|   ap_fifo  |     xFeatures_2_out    |    pointer   |
|xFeatures_2_out_write      | out |    1|   ap_fifo  |     xFeatures_2_out    |    pointer   |
|xFeatures_2_out3_din       | out |   32|   ap_fifo  |    xFeatures_2_out3    |    pointer   |
|xFeatures_2_out3_full_n    |  in |    1|   ap_fifo  |    xFeatures_2_out3    |    pointer   |
|xFeatures_2_out3_write     | out |    1|   ap_fifo  |    xFeatures_2_out3    |    pointer   |
|xFeatures_3_out_din        | out |   32|   ap_fifo  |     xFeatures_3_out    |    pointer   |
|xFeatures_3_out_full_n     |  in |    1|   ap_fifo  |     xFeatures_3_out    |    pointer   |
|xFeatures_3_out_write      | out |    1|   ap_fifo  |     xFeatures_3_out    |    pointer   |
|xFeatures_3_out4_din       | out |   32|   ap_fifo  |    xFeatures_3_out4    |    pointer   |
|xFeatures_3_out4_full_n    |  in |    1|   ap_fifo  |    xFeatures_3_out4    |    pointer   |
|xFeatures_3_out4_write     | out |    1|   ap_fifo  |    xFeatures_3_out4    |    pointer   |
|xFeatures_4_out_din        | out |   32|   ap_fifo  |     xFeatures_4_out    |    pointer   |
|xFeatures_4_out_full_n     |  in |    1|   ap_fifo  |     xFeatures_4_out    |    pointer   |
|xFeatures_4_out_write      | out |    1|   ap_fifo  |     xFeatures_4_out    |    pointer   |
|xFeatures_4_out5_din       | out |   32|   ap_fifo  |    xFeatures_4_out5    |    pointer   |
|xFeatures_4_out5_full_n    |  in |    1|   ap_fifo  |    xFeatures_4_out5    |    pointer   |
|xFeatures_4_out5_write     | out |    1|   ap_fifo  |    xFeatures_4_out5    |    pointer   |
|xFeatures_5_out_din        | out |   32|   ap_fifo  |     xFeatures_5_out    |    pointer   |
|xFeatures_5_out_full_n     |  in |    1|   ap_fifo  |     xFeatures_5_out    |    pointer   |
|xFeatures_5_out_write      | out |    1|   ap_fifo  |     xFeatures_5_out    |    pointer   |
|xFeatures_5_out6_din       | out |   32|   ap_fifo  |    xFeatures_5_out6    |    pointer   |
|xFeatures_5_out6_full_n    |  in |    1|   ap_fifo  |    xFeatures_5_out6    |    pointer   |
|xFeatures_5_out6_write     | out |    1|   ap_fifo  |    xFeatures_5_out6    |    pointer   |
|xFeatures_6_out_din        | out |   32|   ap_fifo  |     xFeatures_6_out    |    pointer   |
|xFeatures_6_out_full_n     |  in |    1|   ap_fifo  |     xFeatures_6_out    |    pointer   |
|xFeatures_6_out_write      | out |    1|   ap_fifo  |     xFeatures_6_out    |    pointer   |
|xFeatures_6_out7_din       | out |   32|   ap_fifo  |    xFeatures_6_out7    |    pointer   |
|xFeatures_6_out7_full_n    |  in |    1|   ap_fifo  |    xFeatures_6_out7    |    pointer   |
|xFeatures_6_out7_write     | out |    1|   ap_fifo  |    xFeatures_6_out7    |    pointer   |
|xFeatures_7_out_din        | out |   32|   ap_fifo  |     xFeatures_7_out    |    pointer   |
|xFeatures_7_out_full_n     |  in |    1|   ap_fifo  |     xFeatures_7_out    |    pointer   |
|xFeatures_7_out_write      | out |    1|   ap_fifo  |     xFeatures_7_out    |    pointer   |
|xFeatures_7_out8_din       | out |   32|   ap_fifo  |    xFeatures_7_out8    |    pointer   |
|xFeatures_7_out8_full_n    |  in |    1|   ap_fifo  |    xFeatures_7_out8    |    pointer   |
|xFeatures_7_out8_write     | out |    1|   ap_fifo  |    xFeatures_7_out8    |    pointer   |
|xFeatures_8_out_din        | out |   32|   ap_fifo  |     xFeatures_8_out    |    pointer   |
|xFeatures_8_out_full_n     |  in |    1|   ap_fifo  |     xFeatures_8_out    |    pointer   |
|xFeatures_8_out_write      | out |    1|   ap_fifo  |     xFeatures_8_out    |    pointer   |
|xFeatures_8_out9_din       | out |   32|   ap_fifo  |    xFeatures_8_out9    |    pointer   |
|xFeatures_8_out9_full_n    |  in |    1|   ap_fifo  |    xFeatures_8_out9    |    pointer   |
|xFeatures_8_out9_write     | out |    1|   ap_fifo  |    xFeatures_8_out9    |    pointer   |
|xFeatures_9_out_din        | out |   32|   ap_fifo  |     xFeatures_9_out    |    pointer   |
|xFeatures_9_out_full_n     |  in |    1|   ap_fifo  |     xFeatures_9_out    |    pointer   |
|xFeatures_9_out_write      | out |    1|   ap_fifo  |     xFeatures_9_out    |    pointer   |
|xFeatures_9_out10_din      | out |   32|   ap_fifo  |    xFeatures_9_out10   |    pointer   |
|xFeatures_9_out10_full_n   |  in |    1|   ap_fifo  |    xFeatures_9_out10   |    pointer   |
|xFeatures_9_out10_write    | out |    1|   ap_fifo  |    xFeatures_9_out10   |    pointer   |
|xFeatures_10_out_din       | out |   32|   ap_fifo  |    xFeatures_10_out    |    pointer   |
|xFeatures_10_out_full_n    |  in |    1|   ap_fifo  |    xFeatures_10_out    |    pointer   |
|xFeatures_10_out_write     | out |    1|   ap_fifo  |    xFeatures_10_out    |    pointer   |
|xFeatures_10_out11_din     | out |   32|   ap_fifo  |   xFeatures_10_out11   |    pointer   |
|xFeatures_10_out11_full_n  |  in |    1|   ap_fifo  |   xFeatures_10_out11   |    pointer   |
|xFeatures_10_out11_write   | out |    1|   ap_fifo  |   xFeatures_10_out11   |    pointer   |
|xFeatures_11_out_din       | out |   32|   ap_fifo  |    xFeatures_11_out    |    pointer   |
|xFeatures_11_out_full_n    |  in |    1|   ap_fifo  |    xFeatures_11_out    |    pointer   |
|xFeatures_11_out_write     | out |    1|   ap_fifo  |    xFeatures_11_out    |    pointer   |
|xFeatures_11_out12_din     | out |   32|   ap_fifo  |   xFeatures_11_out12   |    pointer   |
|xFeatures_11_out12_full_n  |  in |    1|   ap_fifo  |   xFeatures_11_out12   |    pointer   |
|xFeatures_11_out12_write   | out |    1|   ap_fifo  |   xFeatures_11_out12   |    pointer   |
|xFeatures_12_out_din       | out |   32|   ap_fifo  |    xFeatures_12_out    |    pointer   |
|xFeatures_12_out_full_n    |  in |    1|   ap_fifo  |    xFeatures_12_out    |    pointer   |
|xFeatures_12_out_write     | out |    1|   ap_fifo  |    xFeatures_12_out    |    pointer   |
|xFeatures_12_out13_din     | out |   32|   ap_fifo  |   xFeatures_12_out13   |    pointer   |
|xFeatures_12_out13_full_n  |  in |    1|   ap_fifo  |   xFeatures_12_out13   |    pointer   |
|xFeatures_12_out13_write   | out |    1|   ap_fifo  |   xFeatures_12_out13   |    pointer   |
|xFeatures_13_out_din       | out |   32|   ap_fifo  |    xFeatures_13_out    |    pointer   |
|xFeatures_13_out_full_n    |  in |    1|   ap_fifo  |    xFeatures_13_out    |    pointer   |
|xFeatures_13_out_write     | out |    1|   ap_fifo  |    xFeatures_13_out    |    pointer   |
|xFeatures_13_out14_din     | out |   32|   ap_fifo  |   xFeatures_13_out14   |    pointer   |
|xFeatures_13_out14_full_n  |  in |    1|   ap_fifo  |   xFeatures_13_out14   |    pointer   |
|xFeatures_13_out14_write   | out |    1|   ap_fifo  |   xFeatures_13_out14   |    pointer   |
|xFeatures_14_out_din       | out |   32|   ap_fifo  |    xFeatures_14_out    |    pointer   |
|xFeatures_14_out_full_n    |  in |    1|   ap_fifo  |    xFeatures_14_out    |    pointer   |
|xFeatures_14_out_write     | out |    1|   ap_fifo  |    xFeatures_14_out    |    pointer   |
|xFeatures_14_out15_din     | out |   32|   ap_fifo  |   xFeatures_14_out15   |    pointer   |
|xFeatures_14_out15_full_n  |  in |    1|   ap_fifo  |   xFeatures_14_out15   |    pointer   |
|xFeatures_14_out15_write   | out |    1|   ap_fifo  |   xFeatures_14_out15   |    pointer   |
|xFeatures_15_out_din       | out |   32|   ap_fifo  |    xFeatures_15_out    |    pointer   |
|xFeatures_15_out_full_n    |  in |    1|   ap_fifo  |    xFeatures_15_out    |    pointer   |
|xFeatures_15_out_write     | out |    1|   ap_fifo  |    xFeatures_15_out    |    pointer   |
|xFeatures_15_out16_din     | out |   32|   ap_fifo  |   xFeatures_15_out16   |    pointer   |
|xFeatures_15_out16_full_n  |  in |    1|   ap_fifo  |   xFeatures_15_out16   |    pointer   |
|xFeatures_15_out16_write   | out |    1|   ap_fifo  |   xFeatures_15_out16   |    pointer   |
|xFeatures_16_out_din       | out |   32|   ap_fifo  |    xFeatures_16_out    |    pointer   |
|xFeatures_16_out_full_n    |  in |    1|   ap_fifo  |    xFeatures_16_out    |    pointer   |
|xFeatures_16_out_write     | out |    1|   ap_fifo  |    xFeatures_16_out    |    pointer   |
|xFeatures_16_out17_din     | out |   32|   ap_fifo  |   xFeatures_16_out17   |    pointer   |
|xFeatures_16_out17_full_n  |  in |    1|   ap_fifo  |   xFeatures_16_out17   |    pointer   |
|xFeatures_16_out17_write   | out |    1|   ap_fifo  |   xFeatures_16_out17   |    pointer   |
|xFeatures_17_out_din       | out |   32|   ap_fifo  |    xFeatures_17_out    |    pointer   |
|xFeatures_17_out_full_n    |  in |    1|   ap_fifo  |    xFeatures_17_out    |    pointer   |
|xFeatures_17_out_write     | out |    1|   ap_fifo  |    xFeatures_17_out    |    pointer   |
|xFeatures_17_out18_din     | out |   32|   ap_fifo  |   xFeatures_17_out18   |    pointer   |
|xFeatures_17_out18_full_n  |  in |    1|   ap_fifo  |   xFeatures_17_out18   |    pointer   |
|xFeatures_17_out18_write   | out |    1|   ap_fifo  |   xFeatures_17_out18   |    pointer   |
|xFeatures_18_out_din       | out |   32|   ap_fifo  |    xFeatures_18_out    |    pointer   |
|xFeatures_18_out_full_n    |  in |    1|   ap_fifo  |    xFeatures_18_out    |    pointer   |
|xFeatures_18_out_write     | out |    1|   ap_fifo  |    xFeatures_18_out    |    pointer   |
|xFeatures_18_out19_din     | out |   32|   ap_fifo  |   xFeatures_18_out19   |    pointer   |
|xFeatures_18_out19_full_n  |  in |    1|   ap_fifo  |   xFeatures_18_out19   |    pointer   |
|xFeatures_18_out19_write   | out |    1|   ap_fifo  |   xFeatures_18_out19   |    pointer   |
|xFeatures_19_out_din       | out |   32|   ap_fifo  |    xFeatures_19_out    |    pointer   |
|xFeatures_19_out_full_n    |  in |    1|   ap_fifo  |    xFeatures_19_out    |    pointer   |
|xFeatures_19_out_write     | out |    1|   ap_fifo  |    xFeatures_19_out    |    pointer   |
|xFeatures_19_out20_din     | out |   32|   ap_fifo  |   xFeatures_19_out20   |    pointer   |
|xFeatures_19_out20_full_n  |  in |    1|   ap_fifo  |   xFeatures_19_out20   |    pointer   |
|xFeatures_19_out20_write   | out |    1|   ap_fifo  |   xFeatures_19_out20   |    pointer   |
|xFeatures_20_out_din       | out |   32|   ap_fifo  |    xFeatures_20_out    |    pointer   |
|xFeatures_20_out_full_n    |  in |    1|   ap_fifo  |    xFeatures_20_out    |    pointer   |
|xFeatures_20_out_write     | out |    1|   ap_fifo  |    xFeatures_20_out    |    pointer   |
|xFeatures_20_out21_din     | out |   32|   ap_fifo  |   xFeatures_20_out21   |    pointer   |
|xFeatures_20_out21_full_n  |  in |    1|   ap_fifo  |   xFeatures_20_out21   |    pointer   |
|xFeatures_20_out21_write   | out |    1|   ap_fifo  |   xFeatures_20_out21   |    pointer   |
|xFeatures_21_out_din       | out |   32|   ap_fifo  |    xFeatures_21_out    |    pointer   |
|xFeatures_21_out_full_n    |  in |    1|   ap_fifo  |    xFeatures_21_out    |    pointer   |
|xFeatures_21_out_write     | out |    1|   ap_fifo  |    xFeatures_21_out    |    pointer   |
|xFeatures_21_out22_din     | out |   32|   ap_fifo  |   xFeatures_21_out22   |    pointer   |
|xFeatures_21_out22_full_n  |  in |    1|   ap_fifo  |   xFeatures_21_out22   |    pointer   |
|xFeatures_21_out22_write   | out |    1|   ap_fifo  |   xFeatures_21_out22   |    pointer   |
|xFeatures_22_out_din       | out |   32|   ap_fifo  |    xFeatures_22_out    |    pointer   |
|xFeatures_22_out_full_n    |  in |    1|   ap_fifo  |    xFeatures_22_out    |    pointer   |
|xFeatures_22_out_write     | out |    1|   ap_fifo  |    xFeatures_22_out    |    pointer   |
|xFeatures_22_out23_din     | out |   32|   ap_fifo  |   xFeatures_22_out23   |    pointer   |
|xFeatures_22_out23_full_n  |  in |    1|   ap_fifo  |   xFeatures_22_out23   |    pointer   |
|xFeatures_22_out23_write   | out |    1|   ap_fifo  |   xFeatures_22_out23   |    pointer   |
|xFeatures_23_out_din       | out |   32|   ap_fifo  |    xFeatures_23_out    |    pointer   |
|xFeatures_23_out_full_n    |  in |    1|   ap_fifo  |    xFeatures_23_out    |    pointer   |
|xFeatures_23_out_write     | out |    1|   ap_fifo  |    xFeatures_23_out    |    pointer   |
|xFeatures_23_out24_din     | out |   32|   ap_fifo  |   xFeatures_23_out24   |    pointer   |
|xFeatures_23_out24_full_n  |  in |    1|   ap_fifo  |   xFeatures_23_out24   |    pointer   |
|xFeatures_23_out24_write   | out |    1|   ap_fifo  |   xFeatures_23_out24   |    pointer   |
|xFeatures_24_out_din       | out |   32|   ap_fifo  |    xFeatures_24_out    |    pointer   |
|xFeatures_24_out_full_n    |  in |    1|   ap_fifo  |    xFeatures_24_out    |    pointer   |
|xFeatures_24_out_write     | out |    1|   ap_fifo  |    xFeatures_24_out    |    pointer   |
|xFeatures_24_out25_din     | out |   32|   ap_fifo  |   xFeatures_24_out25   |    pointer   |
|xFeatures_24_out25_full_n  |  in |    1|   ap_fifo  |   xFeatures_24_out25   |    pointer   |
|xFeatures_24_out25_write   | out |    1|   ap_fifo  |   xFeatures_24_out25   |    pointer   |
|xFeatures_25_out_din       | out |   32|   ap_fifo  |    xFeatures_25_out    |    pointer   |
|xFeatures_25_out_full_n    |  in |    1|   ap_fifo  |    xFeatures_25_out    |    pointer   |
|xFeatures_25_out_write     | out |    1|   ap_fifo  |    xFeatures_25_out    |    pointer   |
|xFeatures_25_out26_din     | out |   32|   ap_fifo  |   xFeatures_25_out26   |    pointer   |
|xFeatures_25_out26_full_n  |  in |    1|   ap_fifo  |   xFeatures_25_out26   |    pointer   |
|xFeatures_25_out26_write   | out |    1|   ap_fifo  |   xFeatures_25_out26   |    pointer   |
|xFeatures_26_out_din       | out |   32|   ap_fifo  |    xFeatures_26_out    |    pointer   |
|xFeatures_26_out_full_n    |  in |    1|   ap_fifo  |    xFeatures_26_out    |    pointer   |
|xFeatures_26_out_write     | out |    1|   ap_fifo  |    xFeatures_26_out    |    pointer   |
|xFeatures_26_out27_din     | out |   32|   ap_fifo  |   xFeatures_26_out27   |    pointer   |
|xFeatures_26_out27_full_n  |  in |    1|   ap_fifo  |   xFeatures_26_out27   |    pointer   |
|xFeatures_26_out27_write   | out |    1|   ap_fifo  |   xFeatures_26_out27   |    pointer   |
|xFeatures_27_out_din       | out |   32|   ap_fifo  |    xFeatures_27_out    |    pointer   |
|xFeatures_27_out_full_n    |  in |    1|   ap_fifo  |    xFeatures_27_out    |    pointer   |
|xFeatures_27_out_write     | out |    1|   ap_fifo  |    xFeatures_27_out    |    pointer   |
|xFeatures_27_out28_din     | out |   32|   ap_fifo  |   xFeatures_27_out28   |    pointer   |
|xFeatures_27_out28_full_n  |  in |    1|   ap_fifo  |   xFeatures_27_out28   |    pointer   |
|xFeatures_27_out28_write   | out |    1|   ap_fifo  |   xFeatures_27_out28   |    pointer   |
|xFeatures_28_out_din       | out |   32|   ap_fifo  |    xFeatures_28_out    |    pointer   |
|xFeatures_28_out_full_n    |  in |    1|   ap_fifo  |    xFeatures_28_out    |    pointer   |
|xFeatures_28_out_write     | out |    1|   ap_fifo  |    xFeatures_28_out    |    pointer   |
|xFeatures_28_out29_din     | out |   32|   ap_fifo  |   xFeatures_28_out29   |    pointer   |
|xFeatures_28_out29_full_n  |  in |    1|   ap_fifo  |   xFeatures_28_out29   |    pointer   |
|xFeatures_28_out29_write   | out |    1|   ap_fifo  |   xFeatures_28_out29   |    pointer   |
|xFeatures_29_out_din       | out |   32|   ap_fifo  |    xFeatures_29_out    |    pointer   |
|xFeatures_29_out_full_n    |  in |    1|   ap_fifo  |    xFeatures_29_out    |    pointer   |
|xFeatures_29_out_write     | out |    1|   ap_fifo  |    xFeatures_29_out    |    pointer   |
|xFeatures_29_out30_din     | out |   32|   ap_fifo  |   xFeatures_29_out30   |    pointer   |
|xFeatures_29_out30_full_n  |  in |    1|   ap_fifo  |   xFeatures_29_out30   |    pointer   |
|xFeatures_29_out30_write   | out |    1|   ap_fifo  |   xFeatures_29_out30   |    pointer   |
|xFeatures_30_out_din       | out |   32|   ap_fifo  |    xFeatures_30_out    |    pointer   |
|xFeatures_30_out_full_n    |  in |    1|   ap_fifo  |    xFeatures_30_out    |    pointer   |
|xFeatures_30_out_write     | out |    1|   ap_fifo  |    xFeatures_30_out    |    pointer   |
|xFeatures_30_out31_din     | out |   32|   ap_fifo  |   xFeatures_30_out31   |    pointer   |
|xFeatures_30_out31_full_n  |  in |    1|   ap_fifo  |   xFeatures_30_out31   |    pointer   |
|xFeatures_30_out31_write   | out |    1|   ap_fifo  |   xFeatures_30_out31   |    pointer   |
|xFeatures_31_out_din       | out |   32|   ap_fifo  |    xFeatures_31_out    |    pointer   |
|xFeatures_31_out_full_n    |  in |    1|   ap_fifo  |    xFeatures_31_out    |    pointer   |
|xFeatures_31_out_write     | out |    1|   ap_fifo  |    xFeatures_31_out    |    pointer   |
|xFeatures_31_out32_din     | out |   32|   ap_fifo  |   xFeatures_31_out32   |    pointer   |
|xFeatures_31_out32_full_n  |  in |    1|   ap_fifo  |   xFeatures_31_out32   |    pointer   |
|xFeatures_31_out32_write   | out |    1|   ap_fifo  |   xFeatures_31_out32   |    pointer   |
+---------------------------+-----+-----+------------+------------------------+--------------+

