

================================================================
== Vivado HLS Report for 'knn_8p64f_2parallel_1'
================================================================
* Date:           Sat Aug 22 15:15:11 2020

* Version:        2019.2 (Build 2704478 on Wed Nov 06 22:10:23 MST 2019)
* Project:        knn
* Solution:       solution1
* Product family: zynq
* Target device:  xc7z020-clg484-1


================================================================
== Performance Estimates
================================================================
+ Timing: 
    * Summary: 
    +--------+----------+----------+------------+
    |  Clock |  Target  | Estimated| Uncertainty|
    +--------+----------+----------+------------+
    |ap_clk  | 10.00 ns | 3.634 ns |   1.25 ns  |
    +--------+----------+----------+------------+

+ Latency: 
    * Summary: 
    +---------+---------+----------+----------+-----+-----+---------+
    |  Latency (cycles) |  Latency (absolute) |  Interval | Pipeline|
    |   min   |   max   |    min   |    max   | min | max |   Type  |
    +---------+---------+----------+----------+-----+-----+---------+
    |        0|        0|   0 ns   |   0 ns   |    0|    0|   none  |
    +---------+---------+----------+----------+-----+-----+---------+

    + Detail: 
        * Instance: 
        N/A

        * Loop: 
        N/A



================================================================
== Utilization Estimates
================================================================
* Summary: 
+-----------------+---------+-------+--------+-------+-----+
|       Name      | BRAM_18K| DSP48E|   FF   |  LUT  | URAM|
+-----------------+---------+-------+--------+-------+-----+
|DSP              |        -|      -|       -|      -|    -|
|Expression       |        -|      -|       0|      2|    -|
|FIFO             |        -|      -|       -|      -|    -|
|Instance         |        -|      -|       -|      -|    -|
|Memory           |        -|      -|       -|      -|    -|
|Multiplexer      |        -|      -|       -|   1161|    -|
|Register         |        -|      -|       2|      -|    -|
+-----------------+---------+-------+--------+-------+-----+
|Total            |        0|      0|       2|   1163|    0|
+-----------------+---------+-------+--------+-------+-----+
|Available        |      280|    220|  106400|  53200|    0|
+-----------------+---------+-------+--------+-------+-----+
|Utilization (%)  |        0|      0|   ~0   |      2|    0|
+-----------------+---------+-------+--------+-------+-----+

+ Detail: 
    * Instance: 
    N/A

    * DSP48E: 
    N/A

    * Memory: 
    N/A

    * FIFO: 
    N/A

    * Expression: 
    +-----------------+----------+-------+---+----+------------+------------+
    |  Variable Name  | Operation| DSP48E| FF| LUT| Bitwidth P0| Bitwidth P1|
    +-----------------+----------+-------+---+----+------------+------------+
    |ap_block_state1  |    or    |      0|  0|   2|           1|           1|
    +-----------------+----------+-------+---+----+------------+------------+
    |Total            |          |      0|  0|   2|           1|           1|
    +-----------------+----------+-------+---+----+------------+------------+

    * Multiplexer: 
    +--------------------------+----+-----------+-----+-----------+
    |           Name           | LUT| Input Size| Bits| Total Bits|
    +--------------------------+----+-----------+-----+-----------+
    |ap_done                   |   9|          2|    1|          2|
    |xFeatures_0_out1_blk_n    |   9|          2|    1|          2|
    |xFeatures_0_out_blk_n     |   9|          2|    1|          2|
    |xFeatures_10_out11_blk_n  |   9|          2|    1|          2|
    |xFeatures_10_out_blk_n    |   9|          2|    1|          2|
    |xFeatures_11_out12_blk_n  |   9|          2|    1|          2|
    |xFeatures_11_out_blk_n    |   9|          2|    1|          2|
    |xFeatures_12_out13_blk_n  |   9|          2|    1|          2|
    |xFeatures_12_out_blk_n    |   9|          2|    1|          2|
    |xFeatures_13_out14_blk_n  |   9|          2|    1|          2|
    |xFeatures_13_out_blk_n    |   9|          2|    1|          2|
    |xFeatures_14_out15_blk_n  |   9|          2|    1|          2|
    |xFeatures_14_out_blk_n    |   9|          2|    1|          2|
    |xFeatures_15_out16_blk_n  |   9|          2|    1|          2|
    |xFeatures_15_out_blk_n    |   9|          2|    1|          2|
    |xFeatures_16_out17_blk_n  |   9|          2|    1|          2|
    |xFeatures_16_out_blk_n    |   9|          2|    1|          2|
    |xFeatures_17_out18_blk_n  |   9|          2|    1|          2|
    |xFeatures_17_out_blk_n    |   9|          2|    1|          2|
    |xFeatures_18_out19_blk_n  |   9|          2|    1|          2|
    |xFeatures_18_out_blk_n    |   9|          2|    1|          2|
    |xFeatures_19_out20_blk_n  |   9|          2|    1|          2|
    |xFeatures_19_out_blk_n    |   9|          2|    1|          2|
    |xFeatures_1_out2_blk_n    |   9|          2|    1|          2|
    |xFeatures_1_out_blk_n     |   9|          2|    1|          2|
    |xFeatures_20_out21_blk_n  |   9|          2|    1|          2|
    |xFeatures_20_out_blk_n    |   9|          2|    1|          2|
    |xFeatures_21_out22_blk_n  |   9|          2|    1|          2|
    |xFeatures_21_out_blk_n    |   9|          2|    1|          2|
    |xFeatures_22_out23_blk_n  |   9|          2|    1|          2|
    |xFeatures_22_out_blk_n    |   9|          2|    1|          2|
    |xFeatures_23_out24_blk_n  |   9|          2|    1|          2|
    |xFeatures_23_out_blk_n    |   9|          2|    1|          2|
    |xFeatures_24_out25_blk_n  |   9|          2|    1|          2|
    |xFeatures_24_out_blk_n    |   9|          2|    1|          2|
    |xFeatures_25_out26_blk_n  |   9|          2|    1|          2|
    |xFeatures_25_out_blk_n    |   9|          2|    1|          2|
    |xFeatures_26_out27_blk_n  |   9|          2|    1|          2|
    |xFeatures_26_out_blk_n    |   9|          2|    1|          2|
    |xFeatures_27_out28_blk_n  |   9|          2|    1|          2|
    |xFeatures_27_out_blk_n    |   9|          2|    1|          2|
    |xFeatures_28_out29_blk_n  |   9|          2|    1|          2|
    |xFeatures_28_out_blk_n    |   9|          2|    1|          2|
    |xFeatures_29_out30_blk_n  |   9|          2|    1|          2|
    |xFeatures_29_out_blk_n    |   9|          2|    1|          2|
    |xFeatures_2_out3_blk_n    |   9|          2|    1|          2|
    |xFeatures_2_out_blk_n     |   9|          2|    1|          2|
    |xFeatures_30_out31_blk_n  |   9|          2|    1|          2|
    |xFeatures_30_out_blk_n    |   9|          2|    1|          2|
    |xFeatures_31_out32_blk_n  |   9|          2|    1|          2|
    |xFeatures_31_out_blk_n    |   9|          2|    1|          2|
    |xFeatures_32_out33_blk_n  |   9|          2|    1|          2|
    |xFeatures_32_out_blk_n    |   9|          2|    1|          2|
    |xFeatures_33_out34_blk_n  |   9|          2|    1|          2|
    |xFeatures_33_out_blk_n    |   9|          2|    1|          2|
    |xFeatures_34_out35_blk_n  |   9|          2|    1|          2|
    |xFeatures_34_out_blk_n    |   9|          2|    1|          2|
    |xFeatures_35_out36_blk_n  |   9|          2|    1|          2|
    |xFeatures_35_out_blk_n    |   9|          2|    1|          2|
    |xFeatures_36_out37_blk_n  |   9|          2|    1|          2|
    |xFeatures_36_out_blk_n    |   9|          2|    1|          2|
    |xFeatures_37_out38_blk_n  |   9|          2|    1|          2|
    |xFeatures_37_out_blk_n    |   9|          2|    1|          2|
    |xFeatures_38_out39_blk_n  |   9|          2|    1|          2|
    |xFeatures_38_out_blk_n    |   9|          2|    1|          2|
    |xFeatures_39_out40_blk_n  |   9|          2|    1|          2|
    |xFeatures_39_out_blk_n    |   9|          2|    1|          2|
    |xFeatures_3_out4_blk_n    |   9|          2|    1|          2|
    |xFeatures_3_out_blk_n     |   9|          2|    1|          2|
    |xFeatures_40_out41_blk_n  |   9|          2|    1|          2|
    |xFeatures_40_out_blk_n    |   9|          2|    1|          2|
    |xFeatures_41_out42_blk_n  |   9|          2|    1|          2|
    |xFeatures_41_out_blk_n    |   9|          2|    1|          2|
    |xFeatures_42_out43_blk_n  |   9|          2|    1|          2|
    |xFeatures_42_out_blk_n    |   9|          2|    1|          2|
    |xFeatures_43_out44_blk_n  |   9|          2|    1|          2|
    |xFeatures_43_out_blk_n    |   9|          2|    1|          2|
    |xFeatures_44_out45_blk_n  |   9|          2|    1|          2|
    |xFeatures_44_out_blk_n    |   9|          2|    1|          2|
    |xFeatures_45_out46_blk_n  |   9|          2|    1|          2|
    |xFeatures_45_out_blk_n    |   9|          2|    1|          2|
    |xFeatures_46_out47_blk_n  |   9|          2|    1|          2|
    |xFeatures_46_out_blk_n    |   9|          2|    1|          2|
    |xFeatures_47_out48_blk_n  |   9|          2|    1|          2|
    |xFeatures_47_out_blk_n    |   9|          2|    1|          2|
    |xFeatures_48_out49_blk_n  |   9|          2|    1|          2|
    |xFeatures_48_out_blk_n    |   9|          2|    1|          2|
    |xFeatures_49_out50_blk_n  |   9|          2|    1|          2|
    |xFeatures_49_out_blk_n    |   9|          2|    1|          2|
    |xFeatures_4_out5_blk_n    |   9|          2|    1|          2|
    |xFeatures_4_out_blk_n     |   9|          2|    1|          2|
    |xFeatures_50_out51_blk_n  |   9|          2|    1|          2|
    |xFeatures_50_out_blk_n    |   9|          2|    1|          2|
    |xFeatures_51_out52_blk_n  |   9|          2|    1|          2|
    |xFeatures_51_out_blk_n    |   9|          2|    1|          2|
    |xFeatures_52_out53_blk_n  |   9|          2|    1|          2|
    |xFeatures_52_out_blk_n    |   9|          2|    1|          2|
    |xFeatures_53_out54_blk_n  |   9|          2|    1|          2|
    |xFeatures_53_out_blk_n    |   9|          2|    1|          2|
    |xFeatures_54_out55_blk_n  |   9|          2|    1|          2|
    |xFeatures_54_out_blk_n    |   9|          2|    1|          2|
    |xFeatures_55_out56_blk_n  |   9|          2|    1|          2|
    |xFeatures_55_out_blk_n    |   9|          2|    1|          2|
    |xFeatures_56_out57_blk_n  |   9|          2|    1|          2|
    |xFeatures_56_out_blk_n    |   9|          2|    1|          2|
    |xFeatures_57_out58_blk_n  |   9|          2|    1|          2|
    |xFeatures_57_out_blk_n    |   9|          2|    1|          2|
    |xFeatures_58_out59_blk_n  |   9|          2|    1|          2|
    |xFeatures_58_out_blk_n    |   9|          2|    1|          2|
    |xFeatures_59_out60_blk_n  |   9|          2|    1|          2|
    |xFeatures_59_out_blk_n    |   9|          2|    1|          2|
    |xFeatures_5_out6_blk_n    |   9|          2|    1|          2|
    |xFeatures_5_out_blk_n     |   9|          2|    1|          2|
    |xFeatures_60_out61_blk_n  |   9|          2|    1|          2|
    |xFeatures_60_out_blk_n    |   9|          2|    1|          2|
    |xFeatures_61_out62_blk_n  |   9|          2|    1|          2|
    |xFeatures_61_out_blk_n    |   9|          2|    1|          2|
    |xFeatures_62_out63_blk_n  |   9|          2|    1|          2|
    |xFeatures_62_out_blk_n    |   9|          2|    1|          2|
    |xFeatures_63_out64_blk_n  |   9|          2|    1|          2|
    |xFeatures_63_out_blk_n    |   9|          2|    1|          2|
    |xFeatures_6_out7_blk_n    |   9|          2|    1|          2|
    |xFeatures_6_out_blk_n     |   9|          2|    1|          2|
    |xFeatures_7_out8_blk_n    |   9|          2|    1|          2|
    |xFeatures_7_out_blk_n     |   9|          2|    1|          2|
    |xFeatures_8_out9_blk_n    |   9|          2|    1|          2|
    |xFeatures_8_out_blk_n     |   9|          2|    1|          2|
    |xFeatures_9_out10_blk_n   |   9|          2|    1|          2|
    |xFeatures_9_out_blk_n     |   9|          2|    1|          2|
    +--------------------------+----+-----------+-----+-----------+
    |Total                     |1161|        258|  129|        258|
    +--------------------------+----+-----------+-----+-----------+

    * Register: 
    +-------------+---+----+-----+-----------+
    |     Name    | FF| LUT| Bits| Const Bits|
    +-------------+---+----+-----+-----------+
    |ap_CS_fsm    |  1|   0|    1|          0|
    |ap_done_reg  |  1|   0|    1|          0|
    +-------------+---+----+-----+-----------+
    |Total        |  2|   0|    2|          0|
    +-------------+---+----+-----+-----------+



================================================================
== Interface
================================================================
* Summary: 
+---------------------------+-----+-----+------------+------------------------+--------------+
|         RTL Ports         | Dir | Bits|  Protocol  |      Source Object     |    C Type    |
+---------------------------+-----+-----+------------+------------------------+--------------+
|ap_clk                     |  in |    1| ap_ctrl_hs | knn_8p64f_2parallel_.1 | return value |
|ap_rst                     |  in |    1| ap_ctrl_hs | knn_8p64f_2parallel_.1 | return value |
|ap_start                   |  in |    1| ap_ctrl_hs | knn_8p64f_2parallel_.1 | return value |
|ap_done                    | out |    1| ap_ctrl_hs | knn_8p64f_2parallel_.1 | return value |
|ap_continue                |  in |    1| ap_ctrl_hs | knn_8p64f_2parallel_.1 | return value |
|ap_idle                    | out |    1| ap_ctrl_hs | knn_8p64f_2parallel_.1 | return value |
|ap_ready                   | out |    1| ap_ctrl_hs | knn_8p64f_2parallel_.1 | return value |
|xFeatures_0                |  in |   64|   ap_none  |       xFeatures_0      |    pointer   |
|xFeatures_1                |  in |   64|   ap_none  |       xFeatures_1      |    pointer   |
|xFeatures_2                |  in |   64|   ap_none  |       xFeatures_2      |    pointer   |
|xFeatures_3                |  in |   64|   ap_none  |       xFeatures_3      |    pointer   |
|xFeatures_4                |  in |   64|   ap_none  |       xFeatures_4      |    pointer   |
|xFeatures_5                |  in |   64|   ap_none  |       xFeatures_5      |    pointer   |
|xFeatures_6                |  in |   64|   ap_none  |       xFeatures_6      |    pointer   |
|xFeatures_7                |  in |   64|   ap_none  |       xFeatures_7      |    pointer   |
|xFeatures_8                |  in |   64|   ap_none  |       xFeatures_8      |    pointer   |
|xFeatures_9                |  in |   64|   ap_none  |       xFeatures_9      |    pointer   |
|xFeatures_10               |  in |   64|   ap_none  |      xFeatures_10      |    pointer   |
|xFeatures_11               |  in |   64|   ap_none  |      xFeatures_11      |    pointer   |
|xFeatures_12               |  in |   64|   ap_none  |      xFeatures_12      |    pointer   |
|xFeatures_13               |  in |   64|   ap_none  |      xFeatures_13      |    pointer   |
|xFeatures_14               |  in |   64|   ap_none  |      xFeatures_14      |    pointer   |
|xFeatures_15               |  in |   64|   ap_none  |      xFeatures_15      |    pointer   |
|xFeatures_16               |  in |   64|   ap_none  |      xFeatures_16      |    pointer   |
|xFeatures_17               |  in |   64|   ap_none  |      xFeatures_17      |    pointer   |
|xFeatures_18               |  in |   64|   ap_none  |      xFeatures_18      |    pointer   |
|xFeatures_19               |  in |   64|   ap_none  |      xFeatures_19      |    pointer   |
|xFeatures_20               |  in |   64|   ap_none  |      xFeatures_20      |    pointer   |
|xFeatures_21               |  in |   64|   ap_none  |      xFeatures_21      |    pointer   |
|xFeatures_22               |  in |   64|   ap_none  |      xFeatures_22      |    pointer   |
|xFeatures_23               |  in |   64|   ap_none  |      xFeatures_23      |    pointer   |
|xFeatures_24               |  in |   64|   ap_none  |      xFeatures_24      |    pointer   |
|xFeatures_25               |  in |   64|   ap_none  |      xFeatures_25      |    pointer   |
|xFeatures_26               |  in |   64|   ap_none  |      xFeatures_26      |    pointer   |
|xFeatures_27               |  in |   64|   ap_none  |      xFeatures_27      |    pointer   |
|xFeatures_28               |  in |   64|   ap_none  |      xFeatures_28      |    pointer   |
|xFeatures_29               |  in |   64|   ap_none  |      xFeatures_29      |    pointer   |
|xFeatures_30               |  in |   64|   ap_none  |      xFeatures_30      |    pointer   |
|xFeatures_31               |  in |   64|   ap_none  |      xFeatures_31      |    pointer   |
|xFeatures_32               |  in |   64|   ap_none  |      xFeatures_32      |    pointer   |
|xFeatures_33               |  in |   64|   ap_none  |      xFeatures_33      |    pointer   |
|xFeatures_34               |  in |   64|   ap_none  |      xFeatures_34      |    pointer   |
|xFeatures_35               |  in |   64|   ap_none  |      xFeatures_35      |    pointer   |
|xFeatures_36               |  in |   64|   ap_none  |      xFeatures_36      |    pointer   |
|xFeatures_37               |  in |   64|   ap_none  |      xFeatures_37      |    pointer   |
|xFeatures_38               |  in |   64|   ap_none  |      xFeatures_38      |    pointer   |
|xFeatures_39               |  in |   64|   ap_none  |      xFeatures_39      |    pointer   |
|xFeatures_40               |  in |   64|   ap_none  |      xFeatures_40      |    pointer   |
|xFeatures_41               |  in |   64|   ap_none  |      xFeatures_41      |    pointer   |
|xFeatures_42               |  in |   64|   ap_none  |      xFeatures_42      |    pointer   |
|xFeatures_43               |  in |   64|   ap_none  |      xFeatures_43      |    pointer   |
|xFeatures_44               |  in |   64|   ap_none  |      xFeatures_44      |    pointer   |
|xFeatures_45               |  in |   64|   ap_none  |      xFeatures_45      |    pointer   |
|xFeatures_46               |  in |   64|   ap_none  |      xFeatures_46      |    pointer   |
|xFeatures_47               |  in |   64|   ap_none  |      xFeatures_47      |    pointer   |
|xFeatures_48               |  in |   64|   ap_none  |      xFeatures_48      |    pointer   |
|xFeatures_49               |  in |   64|   ap_none  |      xFeatures_49      |    pointer   |
|xFeatures_50               |  in |   64|   ap_none  |      xFeatures_50      |    pointer   |
|xFeatures_51               |  in |   64|   ap_none  |      xFeatures_51      |    pointer   |
|xFeatures_52               |  in |   64|   ap_none  |      xFeatures_52      |    pointer   |
|xFeatures_53               |  in |   64|   ap_none  |      xFeatures_53      |    pointer   |
|xFeatures_54               |  in |   64|   ap_none  |      xFeatures_54      |    pointer   |
|xFeatures_55               |  in |   64|   ap_none  |      xFeatures_55      |    pointer   |
|xFeatures_56               |  in |   64|   ap_none  |      xFeatures_56      |    pointer   |
|xFeatures_57               |  in |   64|   ap_none  |      xFeatures_57      |    pointer   |
|xFeatures_58               |  in |   64|   ap_none  |      xFeatures_58      |    pointer   |
|xFeatures_59               |  in |   64|   ap_none  |      xFeatures_59      |    pointer   |
|xFeatures_60               |  in |   64|   ap_none  |      xFeatures_60      |    pointer   |
|xFeatures_61               |  in |   64|   ap_none  |      xFeatures_61      |    pointer   |
|xFeatures_62               |  in |   64|   ap_none  |      xFeatures_62      |    pointer   |
|xFeatures_63               |  in |   64|   ap_none  |      xFeatures_63      |    pointer   |
|xFeatures_0_out_din        | out |   64|   ap_fifo  |     xFeatures_0_out    |    pointer   |
|xFeatures_0_out_full_n     |  in |    1|   ap_fifo  |     xFeatures_0_out    |    pointer   |
|xFeatures_0_out_write      | out |    1|   ap_fifo  |     xFeatures_0_out    |    pointer   |
|xFeatures_0_out1_din       | out |   64|   ap_fifo  |    xFeatures_0_out1    |    pointer   |
|xFeatures_0_out1_full_n    |  in |    1|   ap_fifo  |    xFeatures_0_out1    |    pointer   |
|xFeatures_0_out1_write     | out |    1|   ap_fifo  |    xFeatures_0_out1    |    pointer   |
|xFeatures_1_out_din        | out |   64|   ap_fifo  |     xFeatures_1_out    |    pointer   |
|xFeatures_1_out_full_n     |  in |    1|   ap_fifo  |     xFeatures_1_out    |    pointer   |
|xFeatures_1_out_write      | out |    1|   ap_fifo  |     xFeatures_1_out    |    pointer   |
|xFeatures_1_out2_din       | out |   64|   ap_fifo  |    xFeatures_1_out2    |    pointer   |
|xFeatures_1_out2_full_n    |  in |    1|   ap_fifo  |    xFeatures_1_out2    |    pointer   |
|xFeatures_1_out2_write     | out |    1|   ap_fifo  |    xFeatures_1_out2    |    pointer   |
|xFeatures_2_out_din        | out |   64|   ap_fifo  |     xFeatures_2_out    |    pointer   |
|xFeatures_2_out_full_n     |  in |    1|   ap_fifo  |     xFeatures_2_out    |    pointer   |
|xFeatures_2_out_write      | out |    1|   ap_fifo  |     xFeatures_2_out    |    pointer   |
|xFeatures_2_out3_din       | out |   64|   ap_fifo  |    xFeatures_2_out3    |    pointer   |
|xFeatures_2_out3_full_n    |  in |    1|   ap_fifo  |    xFeatures_2_out3    |    pointer   |
|xFeatures_2_out3_write     | out |    1|   ap_fifo  |    xFeatures_2_out3    |    pointer   |
|xFeatures_3_out_din        | out |   64|   ap_fifo  |     xFeatures_3_out    |    pointer   |
|xFeatures_3_out_full_n     |  in |    1|   ap_fifo  |     xFeatures_3_out    |    pointer   |
|xFeatures_3_out_write      | out |    1|   ap_fifo  |     xFeatures_3_out    |    pointer   |
|xFeatures_3_out4_din       | out |   64|   ap_fifo  |    xFeatures_3_out4    |    pointer   |
|xFeatures_3_out4_full_n    |  in |    1|   ap_fifo  |    xFeatures_3_out4    |    pointer   |
|xFeatures_3_out4_write     | out |    1|   ap_fifo  |    xFeatures_3_out4    |    pointer   |
|xFeatures_4_out_din        | out |   64|   ap_fifo  |     xFeatures_4_out    |    pointer   |
|xFeatures_4_out_full_n     |  in |    1|   ap_fifo  |     xFeatures_4_out    |    pointer   |
|xFeatures_4_out_write      | out |    1|   ap_fifo  |     xFeatures_4_out    |    pointer   |
|xFeatures_4_out5_din       | out |   64|   ap_fifo  |    xFeatures_4_out5    |    pointer   |
|xFeatures_4_out5_full_n    |  in |    1|   ap_fifo  |    xFeatures_4_out5    |    pointer   |
|xFeatures_4_out5_write     | out |    1|   ap_fifo  |    xFeatures_4_out5    |    pointer   |
|xFeatures_5_out_din        | out |   64|   ap_fifo  |     xFeatures_5_out    |    pointer   |
|xFeatures_5_out_full_n     |  in |    1|   ap_fifo  |     xFeatures_5_out    |    pointer   |
|xFeatures_5_out_write      | out |    1|   ap_fifo  |     xFeatures_5_out    |    pointer   |
|xFeatures_5_out6_din       | out |   64|   ap_fifo  |    xFeatures_5_out6    |    pointer   |
|xFeatures_5_out6_full_n    |  in |    1|   ap_fifo  |    xFeatures_5_out6    |    pointer   |
|xFeatures_5_out6_write     | out |    1|   ap_fifo  |    xFeatures_5_out6    |    pointer   |
|xFeatures_6_out_din        | out |   64|   ap_fifo  |     xFeatures_6_out    |    pointer   |
|xFeatures_6_out_full_n     |  in |    1|   ap_fifo  |     xFeatures_6_out    |    pointer   |
|xFeatures_6_out_write      | out |    1|   ap_fifo  |     xFeatures_6_out    |    pointer   |
|xFeatures_6_out7_din       | out |   64|   ap_fifo  |    xFeatures_6_out7    |    pointer   |
|xFeatures_6_out7_full_n    |  in |    1|   ap_fifo  |    xFeatures_6_out7    |    pointer   |
|xFeatures_6_out7_write     | out |    1|   ap_fifo  |    xFeatures_6_out7    |    pointer   |
|xFeatures_7_out_din        | out |   64|   ap_fifo  |     xFeatures_7_out    |    pointer   |
|xFeatures_7_out_full_n     |  in |    1|   ap_fifo  |     xFeatures_7_out    |    pointer   |
|xFeatures_7_out_write      | out |    1|   ap_fifo  |     xFeatures_7_out    |    pointer   |
|xFeatures_7_out8_din       | out |   64|   ap_fifo  |    xFeatures_7_out8    |    pointer   |
|xFeatures_7_out8_full_n    |  in |    1|   ap_fifo  |    xFeatures_7_out8    |    pointer   |
|xFeatures_7_out8_write     | out |    1|   ap_fifo  |    xFeatures_7_out8    |    pointer   |
|xFeatures_8_out_din        | out |   64|   ap_fifo  |     xFeatures_8_out    |    pointer   |
|xFeatures_8_out_full_n     |  in |    1|   ap_fifo  |     xFeatures_8_out    |    pointer   |
|xFeatures_8_out_write      | out |    1|   ap_fifo  |     xFeatures_8_out    |    pointer   |
|xFeatures_8_out9_din       | out |   64|   ap_fifo  |    xFeatures_8_out9    |    pointer   |
|xFeatures_8_out9_full_n    |  in |    1|   ap_fifo  |    xFeatures_8_out9    |    pointer   |
|xFeatures_8_out9_write     | out |    1|   ap_fifo  |    xFeatures_8_out9    |    pointer   |
|xFeatures_9_out_din        | out |   64|   ap_fifo  |     xFeatures_9_out    |    pointer   |
|xFeatures_9_out_full_n     |  in |    1|   ap_fifo  |     xFeatures_9_out    |    pointer   |
|xFeatures_9_out_write      | out |    1|   ap_fifo  |     xFeatures_9_out    |    pointer   |
|xFeatures_9_out10_din      | out |   64|   ap_fifo  |    xFeatures_9_out10   |    pointer   |
|xFeatures_9_out10_full_n   |  in |    1|   ap_fifo  |    xFeatures_9_out10   |    pointer   |
|xFeatures_9_out10_write    | out |    1|   ap_fifo  |    xFeatures_9_out10   |    pointer   |
|xFeatures_10_out_din       | out |   64|   ap_fifo  |    xFeatures_10_out    |    pointer   |
|xFeatures_10_out_full_n    |  in |    1|   ap_fifo  |    xFeatures_10_out    |    pointer   |
|xFeatures_10_out_write     | out |    1|   ap_fifo  |    xFeatures_10_out    |    pointer   |
|xFeatures_10_out11_din     | out |   64|   ap_fifo  |   xFeatures_10_out11   |    pointer   |
|xFeatures_10_out11_full_n  |  in |    1|   ap_fifo  |   xFeatures_10_out11   |    pointer   |
|xFeatures_10_out11_write   | out |    1|   ap_fifo  |   xFeatures_10_out11   |    pointer   |
|xFeatures_11_out_din       | out |   64|   ap_fifo  |    xFeatures_11_out    |    pointer   |
|xFeatures_11_out_full_n    |  in |    1|   ap_fifo  |    xFeatures_11_out    |    pointer   |
|xFeatures_11_out_write     | out |    1|   ap_fifo  |    xFeatures_11_out    |    pointer   |
|xFeatures_11_out12_din     | out |   64|   ap_fifo  |   xFeatures_11_out12   |    pointer   |
|xFeatures_11_out12_full_n  |  in |    1|   ap_fifo  |   xFeatures_11_out12   |    pointer   |
|xFeatures_11_out12_write   | out |    1|   ap_fifo  |   xFeatures_11_out12   |    pointer   |
|xFeatures_12_out_din       | out |   64|   ap_fifo  |    xFeatures_12_out    |    pointer   |
|xFeatures_12_out_full_n    |  in |    1|   ap_fifo  |    xFeatures_12_out    |    pointer   |
|xFeatures_12_out_write     | out |    1|   ap_fifo  |    xFeatures_12_out    |    pointer   |
|xFeatures_12_out13_din     | out |   64|   ap_fifo  |   xFeatures_12_out13   |    pointer   |
|xFeatures_12_out13_full_n  |  in |    1|   ap_fifo  |   xFeatures_12_out13   |    pointer   |
|xFeatures_12_out13_write   | out |    1|   ap_fifo  |   xFeatures_12_out13   |    pointer   |
|xFeatures_13_out_din       | out |   64|   ap_fifo  |    xFeatures_13_out    |    pointer   |
|xFeatures_13_out_full_n    |  in |    1|   ap_fifo  |    xFeatures_13_out    |    pointer   |
|xFeatures_13_out_write     | out |    1|   ap_fifo  |    xFeatures_13_out    |    pointer   |
|xFeatures_13_out14_din     | out |   64|   ap_fifo  |   xFeatures_13_out14   |    pointer   |
|xFeatures_13_out14_full_n  |  in |    1|   ap_fifo  |   xFeatures_13_out14   |    pointer   |
|xFeatures_13_out14_write   | out |    1|   ap_fifo  |   xFeatures_13_out14   |    pointer   |
|xFeatures_14_out_din       | out |   64|   ap_fifo  |    xFeatures_14_out    |    pointer   |
|xFeatures_14_out_full_n    |  in |    1|   ap_fifo  |    xFeatures_14_out    |    pointer   |
|xFeatures_14_out_write     | out |    1|   ap_fifo  |    xFeatures_14_out    |    pointer   |
|xFeatures_14_out15_din     | out |   64|   ap_fifo  |   xFeatures_14_out15   |    pointer   |
|xFeatures_14_out15_full_n  |  in |    1|   ap_fifo  |   xFeatures_14_out15   |    pointer   |
|xFeatures_14_out15_write   | out |    1|   ap_fifo  |   xFeatures_14_out15   |    pointer   |
|xFeatures_15_out_din       | out |   64|   ap_fifo  |    xFeatures_15_out    |    pointer   |
|xFeatures_15_out_full_n    |  in |    1|   ap_fifo  |    xFeatures_15_out    |    pointer   |
|xFeatures_15_out_write     | out |    1|   ap_fifo  |    xFeatures_15_out    |    pointer   |
|xFeatures_15_out16_din     | out |   64|   ap_fifo  |   xFeatures_15_out16   |    pointer   |
|xFeatures_15_out16_full_n  |  in |    1|   ap_fifo  |   xFeatures_15_out16   |    pointer   |
|xFeatures_15_out16_write   | out |    1|   ap_fifo  |   xFeatures_15_out16   |    pointer   |
|xFeatures_16_out_din       | out |   64|   ap_fifo  |    xFeatures_16_out    |    pointer   |
|xFeatures_16_out_full_n    |  in |    1|   ap_fifo  |    xFeatures_16_out    |    pointer   |
|xFeatures_16_out_write     | out |    1|   ap_fifo  |    xFeatures_16_out    |    pointer   |
|xFeatures_16_out17_din     | out |   64|   ap_fifo  |   xFeatures_16_out17   |    pointer   |
|xFeatures_16_out17_full_n  |  in |    1|   ap_fifo  |   xFeatures_16_out17   |    pointer   |
|xFeatures_16_out17_write   | out |    1|   ap_fifo  |   xFeatures_16_out17   |    pointer   |
|xFeatures_17_out_din       | out |   64|   ap_fifo  |    xFeatures_17_out    |    pointer   |
|xFeatures_17_out_full_n    |  in |    1|   ap_fifo  |    xFeatures_17_out    |    pointer   |
|xFeatures_17_out_write     | out |    1|   ap_fifo  |    xFeatures_17_out    |    pointer   |
|xFeatures_17_out18_din     | out |   64|   ap_fifo  |   xFeatures_17_out18   |    pointer   |
|xFeatures_17_out18_full_n  |  in |    1|   ap_fifo  |   xFeatures_17_out18   |    pointer   |
|xFeatures_17_out18_write   | out |    1|   ap_fifo  |   xFeatures_17_out18   |    pointer   |
|xFeatures_18_out_din       | out |   64|   ap_fifo  |    xFeatures_18_out    |    pointer   |
|xFeatures_18_out_full_n    |  in |    1|   ap_fifo  |    xFeatures_18_out    |    pointer   |
|xFeatures_18_out_write     | out |    1|   ap_fifo  |    xFeatures_18_out    |    pointer   |
|xFeatures_18_out19_din     | out |   64|   ap_fifo  |   xFeatures_18_out19   |    pointer   |
|xFeatures_18_out19_full_n  |  in |    1|   ap_fifo  |   xFeatures_18_out19   |    pointer   |
|xFeatures_18_out19_write   | out |    1|   ap_fifo  |   xFeatures_18_out19   |    pointer   |
|xFeatures_19_out_din       | out |   64|   ap_fifo  |    xFeatures_19_out    |    pointer   |
|xFeatures_19_out_full_n    |  in |    1|   ap_fifo  |    xFeatures_19_out    |    pointer   |
|xFeatures_19_out_write     | out |    1|   ap_fifo  |    xFeatures_19_out    |    pointer   |
|xFeatures_19_out20_din     | out |   64|   ap_fifo  |   xFeatures_19_out20   |    pointer   |
|xFeatures_19_out20_full_n  |  in |    1|   ap_fifo  |   xFeatures_19_out20   |    pointer   |
|xFeatures_19_out20_write   | out |    1|   ap_fifo  |   xFeatures_19_out20   |    pointer   |
|xFeatures_20_out_din       | out |   64|   ap_fifo  |    xFeatures_20_out    |    pointer   |
|xFeatures_20_out_full_n    |  in |    1|   ap_fifo  |    xFeatures_20_out    |    pointer   |
|xFeatures_20_out_write     | out |    1|   ap_fifo  |    xFeatures_20_out    |    pointer   |
|xFeatures_20_out21_din     | out |   64|   ap_fifo  |   xFeatures_20_out21   |    pointer   |
|xFeatures_20_out21_full_n  |  in |    1|   ap_fifo  |   xFeatures_20_out21   |    pointer   |
|xFeatures_20_out21_write   | out |    1|   ap_fifo  |   xFeatures_20_out21   |    pointer   |
|xFeatures_21_out_din       | out |   64|   ap_fifo  |    xFeatures_21_out    |    pointer   |
|xFeatures_21_out_full_n    |  in |    1|   ap_fifo  |    xFeatures_21_out    |    pointer   |
|xFeatures_21_out_write     | out |    1|   ap_fifo  |    xFeatures_21_out    |    pointer   |
|xFeatures_21_out22_din     | out |   64|   ap_fifo  |   xFeatures_21_out22   |    pointer   |
|xFeatures_21_out22_full_n  |  in |    1|   ap_fifo  |   xFeatures_21_out22   |    pointer   |
|xFeatures_21_out22_write   | out |    1|   ap_fifo  |   xFeatures_21_out22   |    pointer   |
|xFeatures_22_out_din       | out |   64|   ap_fifo  |    xFeatures_22_out    |    pointer   |
|xFeatures_22_out_full_n    |  in |    1|   ap_fifo  |    xFeatures_22_out    |    pointer   |
|xFeatures_22_out_write     | out |    1|   ap_fifo  |    xFeatures_22_out    |    pointer   |
|xFeatures_22_out23_din     | out |   64|   ap_fifo  |   xFeatures_22_out23   |    pointer   |
|xFeatures_22_out23_full_n  |  in |    1|   ap_fifo  |   xFeatures_22_out23   |    pointer   |
|xFeatures_22_out23_write   | out |    1|   ap_fifo  |   xFeatures_22_out23   |    pointer   |
|xFeatures_23_out_din       | out |   64|   ap_fifo  |    xFeatures_23_out    |    pointer   |
|xFeatures_23_out_full_n    |  in |    1|   ap_fifo  |    xFeatures_23_out    |    pointer   |
|xFeatures_23_out_write     | out |    1|   ap_fifo  |    xFeatures_23_out    |    pointer   |
|xFeatures_23_out24_din     | out |   64|   ap_fifo  |   xFeatures_23_out24   |    pointer   |
|xFeatures_23_out24_full_n  |  in |    1|   ap_fifo  |   xFeatures_23_out24   |    pointer   |
|xFeatures_23_out24_write   | out |    1|   ap_fifo  |   xFeatures_23_out24   |    pointer   |
|xFeatures_24_out_din       | out |   64|   ap_fifo  |    xFeatures_24_out    |    pointer   |
|xFeatures_24_out_full_n    |  in |    1|   ap_fifo  |    xFeatures_24_out    |    pointer   |
|xFeatures_24_out_write     | out |    1|   ap_fifo  |    xFeatures_24_out    |    pointer   |
|xFeatures_24_out25_din     | out |   64|   ap_fifo  |   xFeatures_24_out25   |    pointer   |
|xFeatures_24_out25_full_n  |  in |    1|   ap_fifo  |   xFeatures_24_out25   |    pointer   |
|xFeatures_24_out25_write   | out |    1|   ap_fifo  |   xFeatures_24_out25   |    pointer   |
|xFeatures_25_out_din       | out |   64|   ap_fifo  |    xFeatures_25_out    |    pointer   |
|xFeatures_25_out_full_n    |  in |    1|   ap_fifo  |    xFeatures_25_out    |    pointer   |
|xFeatures_25_out_write     | out |    1|   ap_fifo  |    xFeatures_25_out    |    pointer   |
|xFeatures_25_out26_din     | out |   64|   ap_fifo  |   xFeatures_25_out26   |    pointer   |
|xFeatures_25_out26_full_n  |  in |    1|   ap_fifo  |   xFeatures_25_out26   |    pointer   |
|xFeatures_25_out26_write   | out |    1|   ap_fifo  |   xFeatures_25_out26   |    pointer   |
|xFeatures_26_out_din       | out |   64|   ap_fifo  |    xFeatures_26_out    |    pointer   |
|xFeatures_26_out_full_n    |  in |    1|   ap_fifo  |    xFeatures_26_out    |    pointer   |
|xFeatures_26_out_write     | out |    1|   ap_fifo  |    xFeatures_26_out    |    pointer   |
|xFeatures_26_out27_din     | out |   64|   ap_fifo  |   xFeatures_26_out27   |    pointer   |
|xFeatures_26_out27_full_n  |  in |    1|   ap_fifo  |   xFeatures_26_out27   |    pointer   |
|xFeatures_26_out27_write   | out |    1|   ap_fifo  |   xFeatures_26_out27   |    pointer   |
|xFeatures_27_out_din       | out |   64|   ap_fifo  |    xFeatures_27_out    |    pointer   |
|xFeatures_27_out_full_n    |  in |    1|   ap_fifo  |    xFeatures_27_out    |    pointer   |
|xFeatures_27_out_write     | out |    1|   ap_fifo  |    xFeatures_27_out    |    pointer   |
|xFeatures_27_out28_din     | out |   64|   ap_fifo  |   xFeatures_27_out28   |    pointer   |
|xFeatures_27_out28_full_n  |  in |    1|   ap_fifo  |   xFeatures_27_out28   |    pointer   |
|xFeatures_27_out28_write   | out |    1|   ap_fifo  |   xFeatures_27_out28   |    pointer   |
|xFeatures_28_out_din       | out |   64|   ap_fifo  |    xFeatures_28_out    |    pointer   |
|xFeatures_28_out_full_n    |  in |    1|   ap_fifo  |    xFeatures_28_out    |    pointer   |
|xFeatures_28_out_write     | out |    1|   ap_fifo  |    xFeatures_28_out    |    pointer   |
|xFeatures_28_out29_din     | out |   64|   ap_fifo  |   xFeatures_28_out29   |    pointer   |
|xFeatures_28_out29_full_n  |  in |    1|   ap_fifo  |   xFeatures_28_out29   |    pointer   |
|xFeatures_28_out29_write   | out |    1|   ap_fifo  |   xFeatures_28_out29   |    pointer   |
|xFeatures_29_out_din       | out |   64|   ap_fifo  |    xFeatures_29_out    |    pointer   |
|xFeatures_29_out_full_n    |  in |    1|   ap_fifo  |    xFeatures_29_out    |    pointer   |
|xFeatures_29_out_write     | out |    1|   ap_fifo  |    xFeatures_29_out    |    pointer   |
|xFeatures_29_out30_din     | out |   64|   ap_fifo  |   xFeatures_29_out30   |    pointer   |
|xFeatures_29_out30_full_n  |  in |    1|   ap_fifo  |   xFeatures_29_out30   |    pointer   |
|xFeatures_29_out30_write   | out |    1|   ap_fifo  |   xFeatures_29_out30   |    pointer   |
|xFeatures_30_out_din       | out |   64|   ap_fifo  |    xFeatures_30_out    |    pointer   |
|xFeatures_30_out_full_n    |  in |    1|   ap_fifo  |    xFeatures_30_out    |    pointer   |
|xFeatures_30_out_write     | out |    1|   ap_fifo  |    xFeatures_30_out    |    pointer   |
|xFeatures_30_out31_din     | out |   64|   ap_fifo  |   xFeatures_30_out31   |    pointer   |
|xFeatures_30_out31_full_n  |  in |    1|   ap_fifo  |   xFeatures_30_out31   |    pointer   |
|xFeatures_30_out31_write   | out |    1|   ap_fifo  |   xFeatures_30_out31   |    pointer   |
|xFeatures_31_out_din       | out |   64|   ap_fifo  |    xFeatures_31_out    |    pointer   |
|xFeatures_31_out_full_n    |  in |    1|   ap_fifo  |    xFeatures_31_out    |    pointer   |
|xFeatures_31_out_write     | out |    1|   ap_fifo  |    xFeatures_31_out    |    pointer   |
|xFeatures_31_out32_din     | out |   64|   ap_fifo  |   xFeatures_31_out32   |    pointer   |
|xFeatures_31_out32_full_n  |  in |    1|   ap_fifo  |   xFeatures_31_out32   |    pointer   |
|xFeatures_31_out32_write   | out |    1|   ap_fifo  |   xFeatures_31_out32   |    pointer   |
|xFeatures_32_out_din       | out |   64|   ap_fifo  |    xFeatures_32_out    |    pointer   |
|xFeatures_32_out_full_n    |  in |    1|   ap_fifo  |    xFeatures_32_out    |    pointer   |
|xFeatures_32_out_write     | out |    1|   ap_fifo  |    xFeatures_32_out    |    pointer   |
|xFeatures_32_out33_din     | out |   64|   ap_fifo  |   xFeatures_32_out33   |    pointer   |
|xFeatures_32_out33_full_n  |  in |    1|   ap_fifo  |   xFeatures_32_out33   |    pointer   |
|xFeatures_32_out33_write   | out |    1|   ap_fifo  |   xFeatures_32_out33   |    pointer   |
|xFeatures_33_out_din       | out |   64|   ap_fifo  |    xFeatures_33_out    |    pointer   |
|xFeatures_33_out_full_n    |  in |    1|   ap_fifo  |    xFeatures_33_out    |    pointer   |
|xFeatures_33_out_write     | out |    1|   ap_fifo  |    xFeatures_33_out    |    pointer   |
|xFeatures_33_out34_din     | out |   64|   ap_fifo  |   xFeatures_33_out34   |    pointer   |
|xFeatures_33_out34_full_n  |  in |    1|   ap_fifo  |   xFeatures_33_out34   |    pointer   |
|xFeatures_33_out34_write   | out |    1|   ap_fifo  |   xFeatures_33_out34   |    pointer   |
|xFeatures_34_out_din       | out |   64|   ap_fifo  |    xFeatures_34_out    |    pointer   |
|xFeatures_34_out_full_n    |  in |    1|   ap_fifo  |    xFeatures_34_out    |    pointer   |
|xFeatures_34_out_write     | out |    1|   ap_fifo  |    xFeatures_34_out    |    pointer   |
|xFeatures_34_out35_din     | out |   64|   ap_fifo  |   xFeatures_34_out35   |    pointer   |
|xFeatures_34_out35_full_n  |  in |    1|   ap_fifo  |   xFeatures_34_out35   |    pointer   |
|xFeatures_34_out35_write   | out |    1|   ap_fifo  |   xFeatures_34_out35   |    pointer   |
|xFeatures_35_out_din       | out |   64|   ap_fifo  |    xFeatures_35_out    |    pointer   |
|xFeatures_35_out_full_n    |  in |    1|   ap_fifo  |    xFeatures_35_out    |    pointer   |
|xFeatures_35_out_write     | out |    1|   ap_fifo  |    xFeatures_35_out    |    pointer   |
|xFeatures_35_out36_din     | out |   64|   ap_fifo  |   xFeatures_35_out36   |    pointer   |
|xFeatures_35_out36_full_n  |  in |    1|   ap_fifo  |   xFeatures_35_out36   |    pointer   |
|xFeatures_35_out36_write   | out |    1|   ap_fifo  |   xFeatures_35_out36   |    pointer   |
|xFeatures_36_out_din       | out |   64|   ap_fifo  |    xFeatures_36_out    |    pointer   |
|xFeatures_36_out_full_n    |  in |    1|   ap_fifo  |    xFeatures_36_out    |    pointer   |
|xFeatures_36_out_write     | out |    1|   ap_fifo  |    xFeatures_36_out    |    pointer   |
|xFeatures_36_out37_din     | out |   64|   ap_fifo  |   xFeatures_36_out37   |    pointer   |
|xFeatures_36_out37_full_n  |  in |    1|   ap_fifo  |   xFeatures_36_out37   |    pointer   |
|xFeatures_36_out37_write   | out |    1|   ap_fifo  |   xFeatures_36_out37   |    pointer   |
|xFeatures_37_out_din       | out |   64|   ap_fifo  |    xFeatures_37_out    |    pointer   |
|xFeatures_37_out_full_n    |  in |    1|   ap_fifo  |    xFeatures_37_out    |    pointer   |
|xFeatures_37_out_write     | out |    1|   ap_fifo  |    xFeatures_37_out    |    pointer   |
|xFeatures_37_out38_din     | out |   64|   ap_fifo  |   xFeatures_37_out38   |    pointer   |
|xFeatures_37_out38_full_n  |  in |    1|   ap_fifo  |   xFeatures_37_out38   |    pointer   |
|xFeatures_37_out38_write   | out |    1|   ap_fifo  |   xFeatures_37_out38   |    pointer   |
|xFeatures_38_out_din       | out |   64|   ap_fifo  |    xFeatures_38_out    |    pointer   |
|xFeatures_38_out_full_n    |  in |    1|   ap_fifo  |    xFeatures_38_out    |    pointer   |
|xFeatures_38_out_write     | out |    1|   ap_fifo  |    xFeatures_38_out    |    pointer   |
|xFeatures_38_out39_din     | out |   64|   ap_fifo  |   xFeatures_38_out39   |    pointer   |
|xFeatures_38_out39_full_n  |  in |    1|   ap_fifo  |   xFeatures_38_out39   |    pointer   |
|xFeatures_38_out39_write   | out |    1|   ap_fifo  |   xFeatures_38_out39   |    pointer   |
|xFeatures_39_out_din       | out |   64|   ap_fifo  |    xFeatures_39_out    |    pointer   |
|xFeatures_39_out_full_n    |  in |    1|   ap_fifo  |    xFeatures_39_out    |    pointer   |
|xFeatures_39_out_write     | out |    1|   ap_fifo  |    xFeatures_39_out    |    pointer   |
|xFeatures_39_out40_din     | out |   64|   ap_fifo  |   xFeatures_39_out40   |    pointer   |
|xFeatures_39_out40_full_n  |  in |    1|   ap_fifo  |   xFeatures_39_out40   |    pointer   |
|xFeatures_39_out40_write   | out |    1|   ap_fifo  |   xFeatures_39_out40   |    pointer   |
|xFeatures_40_out_din       | out |   64|   ap_fifo  |    xFeatures_40_out    |    pointer   |
|xFeatures_40_out_full_n    |  in |    1|   ap_fifo  |    xFeatures_40_out    |    pointer   |
|xFeatures_40_out_write     | out |    1|   ap_fifo  |    xFeatures_40_out    |    pointer   |
|xFeatures_40_out41_din     | out |   64|   ap_fifo  |   xFeatures_40_out41   |    pointer   |
|xFeatures_40_out41_full_n  |  in |    1|   ap_fifo  |   xFeatures_40_out41   |    pointer   |
|xFeatures_40_out41_write   | out |    1|   ap_fifo  |   xFeatures_40_out41   |    pointer   |
|xFeatures_41_out_din       | out |   64|   ap_fifo  |    xFeatures_41_out    |    pointer   |
|xFeatures_41_out_full_n    |  in |    1|   ap_fifo  |    xFeatures_41_out    |    pointer   |
|xFeatures_41_out_write     | out |    1|   ap_fifo  |    xFeatures_41_out    |    pointer   |
|xFeatures_41_out42_din     | out |   64|   ap_fifo  |   xFeatures_41_out42   |    pointer   |
|xFeatures_41_out42_full_n  |  in |    1|   ap_fifo  |   xFeatures_41_out42   |    pointer   |
|xFeatures_41_out42_write   | out |    1|   ap_fifo  |   xFeatures_41_out42   |    pointer   |
|xFeatures_42_out_din       | out |   64|   ap_fifo  |    xFeatures_42_out    |    pointer   |
|xFeatures_42_out_full_n    |  in |    1|   ap_fifo  |    xFeatures_42_out    |    pointer   |
|xFeatures_42_out_write     | out |    1|   ap_fifo  |    xFeatures_42_out    |    pointer   |
|xFeatures_42_out43_din     | out |   64|   ap_fifo  |   xFeatures_42_out43   |    pointer   |
|xFeatures_42_out43_full_n  |  in |    1|   ap_fifo  |   xFeatures_42_out43   |    pointer   |
|xFeatures_42_out43_write   | out |    1|   ap_fifo  |   xFeatures_42_out43   |    pointer   |
|xFeatures_43_out_din       | out |   64|   ap_fifo  |    xFeatures_43_out    |    pointer   |
|xFeatures_43_out_full_n    |  in |    1|   ap_fifo  |    xFeatures_43_out    |    pointer   |
|xFeatures_43_out_write     | out |    1|   ap_fifo  |    xFeatures_43_out    |    pointer   |
|xFeatures_43_out44_din     | out |   64|   ap_fifo  |   xFeatures_43_out44   |    pointer   |
|xFeatures_43_out44_full_n  |  in |    1|   ap_fifo  |   xFeatures_43_out44   |    pointer   |
|xFeatures_43_out44_write   | out |    1|   ap_fifo  |   xFeatures_43_out44   |    pointer   |
|xFeatures_44_out_din       | out |   64|   ap_fifo  |    xFeatures_44_out    |    pointer   |
|xFeatures_44_out_full_n    |  in |    1|   ap_fifo  |    xFeatures_44_out    |    pointer   |
|xFeatures_44_out_write     | out |    1|   ap_fifo  |    xFeatures_44_out    |    pointer   |
|xFeatures_44_out45_din     | out |   64|   ap_fifo  |   xFeatures_44_out45   |    pointer   |
|xFeatures_44_out45_full_n  |  in |    1|   ap_fifo  |   xFeatures_44_out45   |    pointer   |
|xFeatures_44_out45_write   | out |    1|   ap_fifo  |   xFeatures_44_out45   |    pointer   |
|xFeatures_45_out_din       | out |   64|   ap_fifo  |    xFeatures_45_out    |    pointer   |
|xFeatures_45_out_full_n    |  in |    1|   ap_fifo  |    xFeatures_45_out    |    pointer   |
|xFeatures_45_out_write     | out |    1|   ap_fifo  |    xFeatures_45_out    |    pointer   |
|xFeatures_45_out46_din     | out |   64|   ap_fifo  |   xFeatures_45_out46   |    pointer   |
|xFeatures_45_out46_full_n  |  in |    1|   ap_fifo  |   xFeatures_45_out46   |    pointer   |
|xFeatures_45_out46_write   | out |    1|   ap_fifo  |   xFeatures_45_out46   |    pointer   |
|xFeatures_46_out_din       | out |   64|   ap_fifo  |    xFeatures_46_out    |    pointer   |
|xFeatures_46_out_full_n    |  in |    1|   ap_fifo  |    xFeatures_46_out    |    pointer   |
|xFeatures_46_out_write     | out |    1|   ap_fifo  |    xFeatures_46_out    |    pointer   |
|xFeatures_46_out47_din     | out |   64|   ap_fifo  |   xFeatures_46_out47   |    pointer   |
|xFeatures_46_out47_full_n  |  in |    1|   ap_fifo  |   xFeatures_46_out47   |    pointer   |
|xFeatures_46_out47_write   | out |    1|   ap_fifo  |   xFeatures_46_out47   |    pointer   |
|xFeatures_47_out_din       | out |   64|   ap_fifo  |    xFeatures_47_out    |    pointer   |
|xFeatures_47_out_full_n    |  in |    1|   ap_fifo  |    xFeatures_47_out    |    pointer   |
|xFeatures_47_out_write     | out |    1|   ap_fifo  |    xFeatures_47_out    |    pointer   |
|xFeatures_47_out48_din     | out |   64|   ap_fifo  |   xFeatures_47_out48   |    pointer   |
|xFeatures_47_out48_full_n  |  in |    1|   ap_fifo  |   xFeatures_47_out48   |    pointer   |
|xFeatures_47_out48_write   | out |    1|   ap_fifo  |   xFeatures_47_out48   |    pointer   |
|xFeatures_48_out_din       | out |   64|   ap_fifo  |    xFeatures_48_out    |    pointer   |
|xFeatures_48_out_full_n    |  in |    1|   ap_fifo  |    xFeatures_48_out    |    pointer   |
|xFeatures_48_out_write     | out |    1|   ap_fifo  |    xFeatures_48_out    |    pointer   |
|xFeatures_48_out49_din     | out |   64|   ap_fifo  |   xFeatures_48_out49   |    pointer   |
|xFeatures_48_out49_full_n  |  in |    1|   ap_fifo  |   xFeatures_48_out49   |    pointer   |
|xFeatures_48_out49_write   | out |    1|   ap_fifo  |   xFeatures_48_out49   |    pointer   |
|xFeatures_49_out_din       | out |   64|   ap_fifo  |    xFeatures_49_out    |    pointer   |
|xFeatures_49_out_full_n    |  in |    1|   ap_fifo  |    xFeatures_49_out    |    pointer   |
|xFeatures_49_out_write     | out |    1|   ap_fifo  |    xFeatures_49_out    |    pointer   |
|xFeatures_49_out50_din     | out |   64|   ap_fifo  |   xFeatures_49_out50   |    pointer   |
|xFeatures_49_out50_full_n  |  in |    1|   ap_fifo  |   xFeatures_49_out50   |    pointer   |
|xFeatures_49_out50_write   | out |    1|   ap_fifo  |   xFeatures_49_out50   |    pointer   |
|xFeatures_50_out_din       | out |   64|   ap_fifo  |    xFeatures_50_out    |    pointer   |
|xFeatures_50_out_full_n    |  in |    1|   ap_fifo  |    xFeatures_50_out    |    pointer   |
|xFeatures_50_out_write     | out |    1|   ap_fifo  |    xFeatures_50_out    |    pointer   |
|xFeatures_50_out51_din     | out |   64|   ap_fifo  |   xFeatures_50_out51   |    pointer   |
|xFeatures_50_out51_full_n  |  in |    1|   ap_fifo  |   xFeatures_50_out51   |    pointer   |
|xFeatures_50_out51_write   | out |    1|   ap_fifo  |   xFeatures_50_out51   |    pointer   |
|xFeatures_51_out_din       | out |   64|   ap_fifo  |    xFeatures_51_out    |    pointer   |
|xFeatures_51_out_full_n    |  in |    1|   ap_fifo  |    xFeatures_51_out    |    pointer   |
|xFeatures_51_out_write     | out |    1|   ap_fifo  |    xFeatures_51_out    |    pointer   |
|xFeatures_51_out52_din     | out |   64|   ap_fifo  |   xFeatures_51_out52   |    pointer   |
|xFeatures_51_out52_full_n  |  in |    1|   ap_fifo  |   xFeatures_51_out52   |    pointer   |
|xFeatures_51_out52_write   | out |    1|   ap_fifo  |   xFeatures_51_out52   |    pointer   |
|xFeatures_52_out_din       | out |   64|   ap_fifo  |    xFeatures_52_out    |    pointer   |
|xFeatures_52_out_full_n    |  in |    1|   ap_fifo  |    xFeatures_52_out    |    pointer   |
|xFeatures_52_out_write     | out |    1|   ap_fifo  |    xFeatures_52_out    |    pointer   |
|xFeatures_52_out53_din     | out |   64|   ap_fifo  |   xFeatures_52_out53   |    pointer   |
|xFeatures_52_out53_full_n  |  in |    1|   ap_fifo  |   xFeatures_52_out53   |    pointer   |
|xFeatures_52_out53_write   | out |    1|   ap_fifo  |   xFeatures_52_out53   |    pointer   |
|xFeatures_53_out_din       | out |   64|   ap_fifo  |    xFeatures_53_out    |    pointer   |
|xFeatures_53_out_full_n    |  in |    1|   ap_fifo  |    xFeatures_53_out    |    pointer   |
|xFeatures_53_out_write     | out |    1|   ap_fifo  |    xFeatures_53_out    |    pointer   |
|xFeatures_53_out54_din     | out |   64|   ap_fifo  |   xFeatures_53_out54   |    pointer   |
|xFeatures_53_out54_full_n  |  in |    1|   ap_fifo  |   xFeatures_53_out54   |    pointer   |
|xFeatures_53_out54_write   | out |    1|   ap_fifo  |   xFeatures_53_out54   |    pointer   |
|xFeatures_54_out_din       | out |   64|   ap_fifo  |    xFeatures_54_out    |    pointer   |
|xFeatures_54_out_full_n    |  in |    1|   ap_fifo  |    xFeatures_54_out    |    pointer   |
|xFeatures_54_out_write     | out |    1|   ap_fifo  |    xFeatures_54_out    |    pointer   |
|xFeatures_54_out55_din     | out |   64|   ap_fifo  |   xFeatures_54_out55   |    pointer   |
|xFeatures_54_out55_full_n  |  in |    1|   ap_fifo  |   xFeatures_54_out55   |    pointer   |
|xFeatures_54_out55_write   | out |    1|   ap_fifo  |   xFeatures_54_out55   |    pointer   |
|xFeatures_55_out_din       | out |   64|   ap_fifo  |    xFeatures_55_out    |    pointer   |
|xFeatures_55_out_full_n    |  in |    1|   ap_fifo  |    xFeatures_55_out    |    pointer   |
|xFeatures_55_out_write     | out |    1|   ap_fifo  |    xFeatures_55_out    |    pointer   |
|xFeatures_55_out56_din     | out |   64|   ap_fifo  |   xFeatures_55_out56   |    pointer   |
|xFeatures_55_out56_full_n  |  in |    1|   ap_fifo  |   xFeatures_55_out56   |    pointer   |
|xFeatures_55_out56_write   | out |    1|   ap_fifo  |   xFeatures_55_out56   |    pointer   |
|xFeatures_56_out_din       | out |   64|   ap_fifo  |    xFeatures_56_out    |    pointer   |
|xFeatures_56_out_full_n    |  in |    1|   ap_fifo  |    xFeatures_56_out    |    pointer   |
|xFeatures_56_out_write     | out |    1|   ap_fifo  |    xFeatures_56_out    |    pointer   |
|xFeatures_56_out57_din     | out |   64|   ap_fifo  |   xFeatures_56_out57   |    pointer   |
|xFeatures_56_out57_full_n  |  in |    1|   ap_fifo  |   xFeatures_56_out57   |    pointer   |
|xFeatures_56_out57_write   | out |    1|   ap_fifo  |   xFeatures_56_out57   |    pointer   |
|xFeatures_57_out_din       | out |   64|   ap_fifo  |    xFeatures_57_out    |    pointer   |
|xFeatures_57_out_full_n    |  in |    1|   ap_fifo  |    xFeatures_57_out    |    pointer   |
|xFeatures_57_out_write     | out |    1|   ap_fifo  |    xFeatures_57_out    |    pointer   |
|xFeatures_57_out58_din     | out |   64|   ap_fifo  |   xFeatures_57_out58   |    pointer   |
|xFeatures_57_out58_full_n  |  in |    1|   ap_fifo  |   xFeatures_57_out58   |    pointer   |
|xFeatures_57_out58_write   | out |    1|   ap_fifo  |   xFeatures_57_out58   |    pointer   |
|xFeatures_58_out_din       | out |   64|   ap_fifo  |    xFeatures_58_out    |    pointer   |
|xFeatures_58_out_full_n    |  in |    1|   ap_fifo  |    xFeatures_58_out    |    pointer   |
|xFeatures_58_out_write     | out |    1|   ap_fifo  |    xFeatures_58_out    |    pointer   |
|xFeatures_58_out59_din     | out |   64|   ap_fifo  |   xFeatures_58_out59   |    pointer   |
|xFeatures_58_out59_full_n  |  in |    1|   ap_fifo  |   xFeatures_58_out59   |    pointer   |
|xFeatures_58_out59_write   | out |    1|   ap_fifo  |   xFeatures_58_out59   |    pointer   |
|xFeatures_59_out_din       | out |   64|   ap_fifo  |    xFeatures_59_out    |    pointer   |
|xFeatures_59_out_full_n    |  in |    1|   ap_fifo  |    xFeatures_59_out    |    pointer   |
|xFeatures_59_out_write     | out |    1|   ap_fifo  |    xFeatures_59_out    |    pointer   |
|xFeatures_59_out60_din     | out |   64|   ap_fifo  |   xFeatures_59_out60   |    pointer   |
|xFeatures_59_out60_full_n  |  in |    1|   ap_fifo  |   xFeatures_59_out60   |    pointer   |
|xFeatures_59_out60_write   | out |    1|   ap_fifo  |   xFeatures_59_out60   |    pointer   |
|xFeatures_60_out_din       | out |   64|   ap_fifo  |    xFeatures_60_out    |    pointer   |
|xFeatures_60_out_full_n    |  in |    1|   ap_fifo  |    xFeatures_60_out    |    pointer   |
|xFeatures_60_out_write     | out |    1|   ap_fifo  |    xFeatures_60_out    |    pointer   |
|xFeatures_60_out61_din     | out |   64|   ap_fifo  |   xFeatures_60_out61   |    pointer   |
|xFeatures_60_out61_full_n  |  in |    1|   ap_fifo  |   xFeatures_60_out61   |    pointer   |
|xFeatures_60_out61_write   | out |    1|   ap_fifo  |   xFeatures_60_out61   |    pointer   |
|xFeatures_61_out_din       | out |   64|   ap_fifo  |    xFeatures_61_out    |    pointer   |
|xFeatures_61_out_full_n    |  in |    1|   ap_fifo  |    xFeatures_61_out    |    pointer   |
|xFeatures_61_out_write     | out |    1|   ap_fifo  |    xFeatures_61_out    |    pointer   |
|xFeatures_61_out62_din     | out |   64|   ap_fifo  |   xFeatures_61_out62   |    pointer   |
|xFeatures_61_out62_full_n  |  in |    1|   ap_fifo  |   xFeatures_61_out62   |    pointer   |
|xFeatures_61_out62_write   | out |    1|   ap_fifo  |   xFeatures_61_out62   |    pointer   |
|xFeatures_62_out_din       | out |   64|   ap_fifo  |    xFeatures_62_out    |    pointer   |
|xFeatures_62_out_full_n    |  in |    1|   ap_fifo  |    xFeatures_62_out    |    pointer   |
|xFeatures_62_out_write     | out |    1|   ap_fifo  |    xFeatures_62_out    |    pointer   |
|xFeatures_62_out63_din     | out |   64|   ap_fifo  |   xFeatures_62_out63   |    pointer   |
|xFeatures_62_out63_full_n  |  in |    1|   ap_fifo  |   xFeatures_62_out63   |    pointer   |
|xFeatures_62_out63_write   | out |    1|   ap_fifo  |   xFeatures_62_out63   |    pointer   |
|xFeatures_63_out_din       | out |   64|   ap_fifo  |    xFeatures_63_out    |    pointer   |
|xFeatures_63_out_full_n    |  in |    1|   ap_fifo  |    xFeatures_63_out    |    pointer   |
|xFeatures_63_out_write     | out |    1|   ap_fifo  |    xFeatures_63_out    |    pointer   |
|xFeatures_63_out64_din     | out |   64|   ap_fifo  |   xFeatures_63_out64   |    pointer   |
|xFeatures_63_out64_full_n  |  in |    1|   ap_fifo  |   xFeatures_63_out64   |    pointer   |
|xFeatures_63_out64_write   | out |    1|   ap_fifo  |   xFeatures_63_out64   |    pointer   |
+---------------------------+-----+-----+------------+------------------------+--------------+

