

================================================================
== Vivado HLS Report for 'knnFloatNoSqrt1000p128f_2parallel'
================================================================
* Date:           Mon Sep 21 15:51:09 2020

* Version:        2019.2 (Build 2704478 on Wed Nov 06 22:10:23 MST 2019)
* Project:        knn
* Solution:       solution1
* Product family: zynq
* Target device:  xc7z020-clg484-1


================================================================
== Performance Estimates
================================================================
+ Timing: 
    * Summary: 
    +--------+----------+----------+------------+
    |  Clock |  Target  | Estimated| Uncertainty|
    +--------+----------+----------+------------+
    |ap_clk  | 10.00 ns | 8.741 ns |   1.25 ns  |
    +--------+----------+----------+------------+

+ Latency: 
    * Summary: 
    +---------+---------+----------+----------+------+------+----------+
    |  Latency (cycles) |  Latency (absolute) |   Interval  | Pipeline |
    |   min   |   max   |    min   |    max   |  min |  max |   Type   |
    +---------+---------+----------+----------+------+------+----------+
    |    12567|    12567| 0.126 ms | 0.126 ms |  8459|  8459| dataflow |
    +---------+---------+----------+----------+------+------+----------+

    + Detail: 
        * Instance: 
        +---------------------------+------------------------+---------+---------+-----------+-----------+------+------+---------+
        |                           |                        |  Latency (cycles) |   Latency (absolute)  |   Interval  | Pipeline|
        |          Instance         |         Module         |   min   |   max   |    min    |    max    |  min |  max |   Type  |
        +---------------------------+------------------------+---------+---------+-----------+-----------+------+------+---------+
        |parallel_023_U0            |parallel_023            |     8458|     8458| 84.580 us | 84.580 us |  8458|  8458|   none  |
        |parallel_0_U0              |parallel_0              |     8458|     8458| 84.580 us | 84.580 us |  8458|  8458|   none  |
        |epilogue_U0                |epilogue                |      104|      104|  1.040 us |  1.040 us |   104|   104|   none  |
        |epilogue_024_U0            |epilogue_024            |     4002|     4002| 40.020 us | 40.020 us |  4002|  4002|   none  |
        |epilogue_0_U0              |epilogue_0              |     4002|     4002| 40.020 us | 40.020 us |  4002|  4002|   none  |
        |knnFloatNoSqrt1000p1_1_U0  |knnFloatNoSqrt1000p1_1  |        0|        0|    0 ns   |    0 ns   |     0|     0|   none  |
        +---------------------------+------------------------+---------+---------+-----------+-----------+------+------+---------+

        * Loop: 
        N/A



================================================================
== Utilization Estimates
================================================================
* Summary: 
+-----------------+---------+-------+--------+-------+-----+
|       Name      | BRAM_18K| DSP48E|   FF   |  LUT  | URAM|
+-----------------+---------+-------+--------+-------+-----+
|DSP              |        -|      -|       -|      -|    -|
|Expression       |        -|      -|       0|    128|    -|
|FIFO             |        0|      -|    1340|  11648|    -|
|Instance         |        0|    112|   47363|  40952|    -|
|Memory           |        2|      -|       0|      0|    0|
|Multiplexer      |        -|      -|       -|    198|    -|
|Register         |        -|      -|      27|      -|    -|
+-----------------+---------+-------+--------+-------+-----+
|Total            |        2|    112|   48730|  52926|    0|
+-----------------+---------+-------+--------+-------+-----+
|Available        |      280|    220|  106400|  53200|    0|
+-----------------+---------+-------+--------+-------+-----+
|Utilization (%)  |    ~0   |     50|      45|     99|    0|
+-----------------+---------+-------+--------+-------+-----+

+ Detail: 
    * Instance: 
    +---------------------------+------------------------+---------+-------+-------+-------+-----+
    |          Instance         |         Module         | BRAM_18K| DSP48E|   FF  |  LUT  | URAM|
    +---------------------------+------------------------+---------+-------+-------+-------+-----+
    |epilogue_U0                |epilogue                |        0|      0|   1581|   2979|    0|
    |epilogue_0_U0              |epilogue_0              |        0|      0|    616|   1090|    0|
    |epilogue_024_U0            |epilogue_024            |        0|      0|    616|   1090|    0|
    |knnFloatNoSqrt1000p1_1_U0  |knnFloatNoSqrt1000p1_1  |        0|      0|      2|   2315|    0|
    |parallel_0_U0              |parallel_0              |        0|     56|  22274|  16739|    0|
    |parallel_023_U0            |parallel_023            |        0|     56|  22274|  16739|    0|
    +---------------------------+------------------------+---------+-------+-------+-------+-----+
    |Total                      |                        |        0|    112|  47363|  40952|    0|
    +---------------------------+------------------------+---------+-------+-------+-------+-----+

    * DSP48E: 
    N/A

    * Memory: 
    +--------------------+----------------------+---------+---+----+-----+------+-----+------+-------------+
    |       Memory       |        Module        | BRAM_18K| FF| LUT| URAM| Words| Bits| Banks| W*Bits*Banks|
    +--------------------+----------------------+---------+---+----+-----+------+-----+------+-------------+
    |distance_array_0_U  |knnFloatNoSqrt100jbC  |        1|  0|   0|    0|   500|   32|     2|        32000|
    |distance_array_1_U  |knnFloatNoSqrt100jbC  |        1|  0|   0|    0|   500|   32|     2|        32000|
    +--------------------+----------------------+---------+---+----+-----+------+-----+------+-------------+
    |Total               |                      |        2|  0|   0|    0|  1000|   64|     4|        64000|
    +--------------------+----------------------+---------+---+----+-----+------+-----+------+-------------+

    * FIFO: 
    +----------------------+---------+----+----+-----+------+-----+---------+
    |         Name         | BRAM_18K| FF | LUT| URAM| Depth| Bits| Size:D*B|
    +----------------------+---------+----+----+-----+------+-----+---------+
    |BPC0_0_U              |        0|   5|   0|    -|     2|    8|       16|
    |BPC0_1_U              |        0|   5|   0|    -|     2|    8|       16|
    |BPC0_2_U              |        0|   5|   0|    -|     2|    8|       16|
    |BPC1_0_U              |        0|   5|   0|    -|     2|    8|       16|
    |BPC1_1_U              |        0|   5|   0|    -|     2|    8|       16|
    |BPC1_2_U              |        0|   5|   0|    -|     2|    8|       16|
    |BPD0_0_U              |        0|   5|   0|    -|     2|   32|       64|
    |BPD0_1_U              |        0|   5|   0|    -|     2|   32|       64|
    |BPD0_2_U              |        0|   5|   0|    -|     2|   32|       64|
    |BPD1_0_U              |        0|   5|   0|    -|     2|   32|       64|
    |BPD1_1_U              |        0|   5|   0|    -|     2|   32|       64|
    |BPD1_2_U              |        0|   5|   0|    -|     2|   32|       64|
    |xFeatures_0_c1_U      |        0|   5|   0|    -|     2|   32|       64|
    |xFeatures_0_c_U       |        0|   5|   0|    -|     2|   32|       64|
    |xFeatures_100_c101_U  |        0|   5|   0|    -|     2|   32|       64|
    |xFeatures_100_c_U     |        0|   5|   0|    -|     2|   32|       64|
    |xFeatures_101_c102_U  |        0|   5|   0|    -|     2|   32|       64|
    |xFeatures_101_c_U     |        0|   5|   0|    -|     2|   32|       64|
    |xFeatures_102_c103_U  |        0|   5|   0|    -|     2|   32|       64|
    |xFeatures_102_c_U     |        0|   5|   0|    -|     2|   32|       64|
    |xFeatures_103_c104_U  |        0|   5|   0|    -|     2|   32|       64|
    |xFeatures_103_c_U     |        0|   5|   0|    -|     2|   32|       64|
    |xFeatures_104_c105_U  |        0|   5|   0|    -|     2|   32|       64|
    |xFeatures_104_c_U     |        0|   5|   0|    -|     2|   32|       64|
    |xFeatures_105_c106_U  |        0|   5|   0|    -|     2|   32|       64|
    |xFeatures_105_c_U     |        0|   5|   0|    -|     2|   32|       64|
    |xFeatures_106_c107_U  |        0|   5|   0|    -|     2|   32|       64|
    |xFeatures_106_c_U     |        0|   5|   0|    -|     2|   32|       64|
    |xFeatures_107_c108_U  |        0|   5|   0|    -|     2|   32|       64|
    |xFeatures_107_c_U     |        0|   5|   0|    -|     2|   32|       64|
    |xFeatures_108_c109_U  |        0|   5|   0|    -|     2|   32|       64|
    |xFeatures_108_c_U     |        0|   5|   0|    -|     2|   32|       64|
    |xFeatures_109_c110_U  |        0|   5|   0|    -|     2|   32|       64|
    |xFeatures_109_c_U     |        0|   5|   0|    -|     2|   32|       64|
    |xFeatures_10_c11_U    |        0|   5|   0|    -|     2|   32|       64|
    |xFeatures_10_c_U      |        0|   5|   0|    -|     2|   32|       64|
    |xFeatures_110_c111_U  |        0|   5|   0|    -|     2|   32|       64|
    |xFeatures_110_c_U     |        0|   5|   0|    -|     2|   32|       64|
    |xFeatures_111_c112_U  |        0|   5|   0|    -|     2|   32|       64|
    |xFeatures_111_c_U     |        0|   5|   0|    -|     2|   32|       64|
    |xFeatures_112_c113_U  |        0|   5|   0|    -|     2|   32|       64|
    |xFeatures_112_c_U     |        0|   5|   0|    -|     2|   32|       64|
    |xFeatures_113_c114_U  |        0|   5|   0|    -|     2|   32|       64|
    |xFeatures_113_c_U     |        0|   5|   0|    -|     2|   32|       64|
    |xFeatures_114_c115_U  |        0|   5|   0|    -|     2|   32|       64|
    |xFeatures_114_c_U     |        0|   5|   0|    -|     2|   32|       64|
    |xFeatures_115_c116_U  |        0|   5|   0|    -|     2|   32|       64|
    |xFeatures_115_c_U     |        0|   5|   0|    -|     2|   32|       64|
    |xFeatures_116_c117_U  |        0|   5|   0|    -|     2|   32|       64|
    |xFeatures_116_c_U     |        0|   5|   0|    -|     2|   32|       64|
    |xFeatures_117_c118_U  |        0|   5|   0|    -|     2|   32|       64|
    |xFeatures_117_c_U     |        0|   5|   0|    -|     2|   32|       64|
    |xFeatures_118_c119_U  |        0|   5|   0|    -|     2|   32|       64|
    |xFeatures_118_c_U     |        0|   5|   0|    -|     2|   32|       64|
    |xFeatures_119_c120_U  |        0|   5|   0|    -|     2|   32|       64|
    |xFeatures_119_c_U     |        0|   5|   0|    -|     2|   32|       64|
    |xFeatures_11_c12_U    |        0|   5|   0|    -|     2|   32|       64|
    |xFeatures_11_c_U      |        0|   5|   0|    -|     2|   32|       64|
    |xFeatures_120_c121_U  |        0|   5|   0|    -|     2|   32|       64|
    |xFeatures_120_c_U     |        0|   5|   0|    -|     2|   32|       64|
    |xFeatures_121_c122_U  |        0|   5|   0|    -|     2|   32|       64|
    |xFeatures_121_c_U     |        0|   5|   0|    -|     2|   32|       64|
    |xFeatures_122_c123_U  |        0|   5|   0|    -|     2|   32|       64|
    |xFeatures_122_c_U     |        0|   5|   0|    -|     2|   32|       64|
    |xFeatures_123_c124_U  |        0|   5|   0|    -|     2|   32|       64|
    |xFeatures_123_c_U     |        0|   5|   0|    -|     2|   32|       64|
    |xFeatures_124_c125_U  |        0|   5|   0|    -|     2|   32|       64|
    |xFeatures_124_c_U     |        0|   5|   0|    -|     2|   32|       64|
    |xFeatures_125_c126_U  |        0|   5|   0|    -|     2|   32|       64|
    |xFeatures_125_c_U     |        0|   5|   0|    -|     2|   32|       64|
    |xFeatures_126_c127_U  |        0|   5|   0|    -|     2|   32|       64|
    |xFeatures_126_c_U     |        0|   5|   0|    -|     2|   32|       64|
    |xFeatures_127_c128_U  |        0|   5|   0|    -|     2|   32|       64|
    |xFeatures_127_c_U     |        0|   5|   0|    -|     2|   32|       64|
    |xFeatures_12_c13_U    |        0|   5|   0|    -|     2|   32|       64|
    |xFeatures_12_c_U      |        0|   5|   0|    -|     2|   32|       64|
    |xFeatures_13_c14_U    |        0|   5|   0|    -|     2|   32|       64|
    |xFeatures_13_c_U      |        0|   5|   0|    -|     2|   32|       64|
    |xFeatures_14_c15_U    |        0|   5|   0|    -|     2|   32|       64|
    |xFeatures_14_c_U      |        0|   5|   0|    -|     2|   32|       64|
    |xFeatures_15_c16_U    |        0|   5|   0|    -|     2|   32|       64|
    |xFeatures_15_c_U      |        0|   5|   0|    -|     2|   32|       64|
    |xFeatures_16_c17_U    |        0|   5|   0|    -|     2|   32|       64|
    |xFeatures_16_c_U      |        0|   5|   0|    -|     2|   32|       64|
    |xFeatures_17_c18_U    |        0|   5|   0|    -|     2|   32|       64|
    |xFeatures_17_c_U      |        0|   5|   0|    -|     2|   32|       64|
    |xFeatures_18_c19_U    |        0|   5|   0|    -|     2|   32|       64|
    |xFeatures_18_c_U      |        0|   5|   0|    -|     2|   32|       64|
    |xFeatures_19_c20_U    |        0|   5|   0|    -|     2|   32|       64|
    |xFeatures_19_c_U      |        0|   5|   0|    -|     2|   32|       64|
    |xFeatures_1_c2_U      |        0|   5|   0|    -|     2|   32|       64|
    |xFeatures_1_c_U       |        0|   5|   0|    -|     2|   32|       64|
    |xFeatures_20_c21_U    |        0|   5|   0|    -|     2|   32|       64|
    |xFeatures_20_c_U      |        0|   5|   0|    -|     2|   32|       64|
    |xFeatures_21_c22_U    |        0|   5|   0|    -|     2|   32|       64|
    |xFeatures_21_c_U      |        0|   5|   0|    -|     2|   32|       64|
    |xFeatures_22_c23_U    |        0|   5|   0|    -|     2|   32|       64|
    |xFeatures_22_c_U      |        0|   5|   0|    -|     2|   32|       64|
    |xFeatures_23_c24_U    |        0|   5|   0|    -|     2|   32|       64|
    |xFeatures_23_c_U      |        0|   5|   0|    -|     2|   32|       64|
    |xFeatures_24_c25_U    |        0|   5|   0|    -|     2|   32|       64|
    |xFeatures_24_c_U      |        0|   5|   0|    -|     2|   32|       64|
    |xFeatures_25_c26_U    |        0|   5|   0|    -|     2|   32|       64|
    |xFeatures_25_c_U      |        0|   5|   0|    -|     2|   32|       64|
    |xFeatures_26_c27_U    |        0|   5|   0|    -|     2|   32|       64|
    |xFeatures_26_c_U      |        0|   5|   0|    -|     2|   32|       64|
    |xFeatures_27_c28_U    |        0|   5|   0|    -|     2|   32|       64|
    |xFeatures_27_c_U      |        0|   5|   0|    -|     2|   32|       64|
    |xFeatures_28_c29_U    |        0|   5|   0|    -|     2|   32|       64|
    |xFeatures_28_c_U      |        0|   5|   0|    -|     2|   32|       64|
    |xFeatures_29_c30_U    |        0|   5|   0|    -|     2|   32|       64|
    |xFeatures_29_c_U      |        0|   5|   0|    -|     2|   32|       64|
    |xFeatures_2_c3_U      |        0|   5|   0|    -|     2|   32|       64|
    |xFeatures_2_c_U       |        0|   5|   0|    -|     2|   32|       64|
    |xFeatures_30_c31_U    |        0|   5|   0|    -|     2|   32|       64|
    |xFeatures_30_c_U      |        0|   5|   0|    -|     2|   32|       64|
    |xFeatures_31_c32_U    |        0|   5|   0|    -|     2|   32|       64|
    |xFeatures_31_c_U      |        0|   5|   0|    -|     2|   32|       64|
    |xFeatures_32_c33_U    |        0|   5|   0|    -|     2|   32|       64|
    |xFeatures_32_c_U      |        0|   5|   0|    -|     2|   32|       64|
    |xFeatures_33_c34_U    |        0|   5|   0|    -|     2|   32|       64|
    |xFeatures_33_c_U      |        0|   5|   0|    -|     2|   32|       64|
    |xFeatures_34_c35_U    |        0|   5|   0|    -|     2|   32|       64|
    |xFeatures_34_c_U      |        0|   5|   0|    -|     2|   32|       64|
    |xFeatures_35_c36_U    |        0|   5|   0|    -|     2|   32|       64|
    |xFeatures_35_c_U      |        0|   5|   0|    -|     2|   32|       64|
    |xFeatures_36_c37_U    |        0|   5|   0|    -|     2|   32|       64|
    |xFeatures_36_c_U      |        0|   5|   0|    -|     2|   32|       64|
    |xFeatures_37_c38_U    |        0|   5|   0|    -|     2|   32|       64|
    |xFeatures_37_c_U      |        0|   5|   0|    -|     2|   32|       64|
    |xFeatures_38_c39_U    |        0|   5|   0|    -|     2|   32|       64|
    |xFeatures_38_c_U      |        0|   5|   0|    -|     2|   32|       64|
    |xFeatures_39_c40_U    |        0|   5|   0|    -|     2|   32|       64|
    |xFeatures_39_c_U      |        0|   5|   0|    -|     2|   32|       64|
    |xFeatures_3_c4_U      |        0|   5|   0|    -|     2|   32|       64|
    |xFeatures_3_c_U       |        0|   5|   0|    -|     2|   32|       64|
    |xFeatures_40_c41_U    |        0|   5|   0|    -|     2|   32|       64|
    |xFeatures_40_c_U      |        0|   5|   0|    -|     2|   32|       64|
    |xFeatures_41_c42_U    |        0|   5|   0|    -|     2|   32|       64|
    |xFeatures_41_c_U      |        0|   5|   0|    -|     2|   32|       64|
    |xFeatures_42_c43_U    |        0|   5|   0|    -|     2|   32|       64|
    |xFeatures_42_c_U      |        0|   5|   0|    -|     2|   32|       64|
    |xFeatures_43_c44_U    |        0|   5|   0|    -|     2|   32|       64|
    |xFeatures_43_c_U      |        0|   5|   0|    -|     2|   32|       64|
    |xFeatures_44_c45_U    |        0|   5|   0|    -|     2|   32|       64|
    |xFeatures_44_c_U      |        0|   5|   0|    -|     2|   32|       64|
    |xFeatures_45_c46_U    |        0|   5|   0|    -|     2|   32|       64|
    |xFeatures_45_c_U      |        0|   5|   0|    -|     2|   32|       64|
    |xFeatures_46_c47_U    |        0|   5|   0|    -|     2|   32|       64|
    |xFeatures_46_c_U      |        0|   5|   0|    -|     2|   32|       64|
    |xFeatures_47_c48_U    |        0|   5|   0|    -|     2|   32|       64|
    |xFeatures_47_c_U      |        0|   5|   0|    -|     2|   32|       64|
    |xFeatures_48_c49_U    |        0|   5|   0|    -|     2|   32|       64|
    |xFeatures_48_c_U      |        0|   5|   0|    -|     2|   32|       64|
    |xFeatures_49_c50_U    |        0|   5|   0|    -|     2|   32|       64|
    |xFeatures_49_c_U      |        0|   5|   0|    -|     2|   32|       64|
    |xFeatures_4_c5_U      |        0|   5|   0|    -|     2|   32|       64|
    |xFeatures_4_c_U       |        0|   5|   0|    -|     2|   32|       64|
    |xFeatures_50_c51_U    |        0|   5|   0|    -|     2|   32|       64|
    |xFeatures_50_c_U      |        0|   5|   0|    -|     2|   32|       64|
    |xFeatures_51_c52_U    |        0|   5|   0|    -|     2|   32|       64|
    |xFeatures_51_c_U      |        0|   5|   0|    -|     2|   32|       64|
    |xFeatures_52_c53_U    |        0|   5|   0|    -|     2|   32|       64|
    |xFeatures_52_c_U      |        0|   5|   0|    -|     2|   32|       64|
    |xFeatures_53_c54_U    |        0|   5|   0|    -|     2|   32|       64|
    |xFeatures_53_c_U      |        0|   5|   0|    -|     2|   32|       64|
    |xFeatures_54_c55_U    |        0|   5|   0|    -|     2|   32|       64|
    |xFeatures_54_c_U      |        0|   5|   0|    -|     2|   32|       64|
    |xFeatures_55_c56_U    |        0|   5|   0|    -|     2|   32|       64|
    |xFeatures_55_c_U      |        0|   5|   0|    -|     2|   32|       64|
    |xFeatures_56_c57_U    |        0|   5|   0|    -|     2|   32|       64|
    |xFeatures_56_c_U      |        0|   5|   0|    -|     2|   32|       64|
    |xFeatures_57_c58_U    |        0|   5|   0|    -|     2|   32|       64|
    |xFeatures_57_c_U      |        0|   5|   0|    -|     2|   32|       64|
    |xFeatures_58_c59_U    |        0|   5|   0|    -|     2|   32|       64|
    |xFeatures_58_c_U      |        0|   5|   0|    -|     2|   32|       64|
    |xFeatures_59_c60_U    |        0|   5|   0|    -|     2|   32|       64|
    |xFeatures_59_c_U      |        0|   5|   0|    -|     2|   32|       64|
    |xFeatures_5_c6_U      |        0|   5|   0|    -|     2|   32|       64|
    |xFeatures_5_c_U       |        0|   5|   0|    -|     2|   32|       64|
    |xFeatures_60_c61_U    |        0|   5|   0|    -|     2|   32|       64|
    |xFeatures_60_c_U      |        0|   5|   0|    -|     2|   32|       64|
    |xFeatures_61_c62_U    |        0|   5|   0|    -|     2|   32|       64|
    |xFeatures_61_c_U      |        0|   5|   0|    -|     2|   32|       64|
    |xFeatures_62_c63_U    |        0|   5|   0|    -|     2|   32|       64|
    |xFeatures_62_c_U      |        0|   5|   0|    -|     2|   32|       64|
    |xFeatures_63_c64_U    |        0|   5|   0|    -|     2|   32|       64|
    |xFeatures_63_c_U      |        0|   5|   0|    -|     2|   32|       64|
    |xFeatures_64_c65_U    |        0|   5|   0|    -|     2|   32|       64|
    |xFeatures_64_c_U      |        0|   5|   0|    -|     2|   32|       64|
    |xFeatures_65_c66_U    |        0|   5|   0|    -|     2|   32|       64|
    |xFeatures_65_c_U      |        0|   5|   0|    -|     2|   32|       64|
    |xFeatures_66_c67_U    |        0|   5|   0|    -|     2|   32|       64|
    |xFeatures_66_c_U      |        0|   5|   0|    -|     2|   32|       64|
    |xFeatures_67_c68_U    |        0|   5|   0|    -|     2|   32|       64|
    |xFeatures_67_c_U      |        0|   5|   0|    -|     2|   32|       64|
    |xFeatures_68_c69_U    |        0|   5|   0|    -|     2|   32|       64|
    |xFeatures_68_c_U      |        0|   5|   0|    -|     2|   32|       64|
    |xFeatures_69_c70_U    |        0|   5|   0|    -|     2|   32|       64|
    |xFeatures_69_c_U      |        0|   5|   0|    -|     2|   32|       64|
    |xFeatures_6_c7_U      |        0|   5|   0|    -|     2|   32|       64|
    |xFeatures_6_c_U       |        0|   5|   0|    -|     2|   32|       64|
    |xFeatures_70_c71_U    |        0|   5|   0|    -|     2|   32|       64|
    |xFeatures_70_c_U      |        0|   5|   0|    -|     2|   32|       64|
    |xFeatures_71_c72_U    |        0|   5|   0|    -|     2|   32|       64|
    |xFeatures_71_c_U      |        0|   5|   0|    -|     2|   32|       64|
    |xFeatures_72_c73_U    |        0|   5|   0|    -|     2|   32|       64|
    |xFeatures_72_c_U      |        0|   5|   0|    -|     2|   32|       64|
    |xFeatures_73_c74_U    |        0|   5|   0|    -|     2|   32|       64|
    |xFeatures_73_c_U      |        0|   5|   0|    -|     2|   32|       64|
    |xFeatures_74_c75_U    |        0|   5|   0|    -|     2|   32|       64|
    |xFeatures_74_c_U      |        0|   5|   0|    -|     2|   32|       64|
    |xFeatures_75_c76_U    |        0|   5|   0|    -|     2|   32|       64|
    |xFeatures_75_c_U      |        0|   5|   0|    -|     2|   32|       64|
    |xFeatures_76_c77_U    |        0|   5|   0|    -|     2|   32|       64|
    |xFeatures_76_c_U      |        0|   5|   0|    -|     2|   32|       64|
    |xFeatures_77_c78_U    |        0|   5|   0|    -|     2|   32|       64|
    |xFeatures_77_c_U      |        0|   5|   0|    -|     2|   32|       64|
    |xFeatures_78_c79_U    |        0|   5|   0|    -|     2|   32|       64|
    |xFeatures_78_c_U      |        0|   5|   0|    -|     2|   32|       64|
    |xFeatures_79_c80_U    |        0|   5|   0|    -|     2|   32|       64|
    |xFeatures_79_c_U      |        0|   5|   0|    -|     2|   32|       64|
    |xFeatures_7_c8_U      |        0|   5|   0|    -|     2|   32|       64|
    |xFeatures_7_c_U       |        0|   5|   0|    -|     2|   32|       64|
    |xFeatures_80_c81_U    |        0|   5|   0|    -|     2|   32|       64|
    |xFeatures_80_c_U      |        0|   5|   0|    -|     2|   32|       64|
    |xFeatures_81_c82_U    |        0|   5|   0|    -|     2|   32|       64|
    |xFeatures_81_c_U      |        0|   5|   0|    -|     2|   32|       64|
    |xFeatures_82_c83_U    |        0|   5|   0|    -|     2|   32|       64|
    |xFeatures_82_c_U      |        0|   5|   0|    -|     2|   32|       64|
    |xFeatures_83_c84_U    |        0|   5|   0|    -|     2|   32|       64|
    |xFeatures_83_c_U      |        0|   5|   0|    -|     2|   32|       64|
    |xFeatures_84_c85_U    |        0|   5|   0|    -|     2|   32|       64|
    |xFeatures_84_c_U      |        0|   5|   0|    -|     2|   32|       64|
    |xFeatures_85_c86_U    |        0|   5|   0|    -|     2|   32|       64|
    |xFeatures_85_c_U      |        0|   5|   0|    -|     2|   32|       64|
    |xFeatures_86_c87_U    |        0|   5|   0|    -|     2|   32|       64|
    |xFeatures_86_c_U      |        0|   5|   0|    -|     2|   32|       64|
    |xFeatures_87_c88_U    |        0|   5|   0|    -|     2|   32|       64|
    |xFeatures_87_c_U      |        0|   5|   0|    -|     2|   32|       64|
    |xFeatures_88_c89_U    |        0|   5|   0|    -|     2|   32|       64|
    |xFeatures_88_c_U      |        0|   5|   0|    -|     2|   32|       64|
    |xFeatures_89_c90_U    |        0|   5|   0|    -|     2|   32|       64|
    |xFeatures_89_c_U      |        0|   5|   0|    -|     2|   32|       64|
    |xFeatures_8_c9_U      |        0|   5|   0|    -|     2|   32|       64|
    |xFeatures_8_c_U       |        0|   5|   0|    -|     2|   32|       64|
    |xFeatures_90_c91_U    |        0|   5|   0|    -|     2|   32|       64|
    |xFeatures_90_c_U      |        0|   5|   0|    -|     2|   32|       64|
    |xFeatures_91_c92_U    |        0|   5|   0|    -|     2|   32|       64|
    |xFeatures_91_c_U      |        0|   5|   0|    -|     2|   32|       64|
    |xFeatures_92_c93_U    |        0|   5|   0|    -|     2|   32|       64|
    |xFeatures_92_c_U      |        0|   5|   0|    -|     2|   32|       64|
    |xFeatures_93_c94_U    |        0|   5|   0|    -|     2|   32|       64|
    |xFeatures_93_c_U      |        0|   5|   0|    -|     2|   32|       64|
    |xFeatures_94_c95_U    |        0|   5|   0|    -|     2|   32|       64|
    |xFeatures_94_c_U      |        0|   5|   0|    -|     2|   32|       64|
    |xFeatures_95_c96_U    |        0|   5|   0|    -|     2|   32|       64|
    |xFeatures_95_c_U      |        0|   5|   0|    -|     2|   32|       64|
    |xFeatures_96_c97_U    |        0|   5|   0|    -|     2|   32|       64|
    |xFeatures_96_c_U      |        0|   5|   0|    -|     2|   32|       64|
    |xFeatures_97_c98_U    |        0|   5|   0|    -|     2|   32|       64|
    |xFeatures_97_c_U      |        0|   5|   0|    -|     2|   32|       64|
    |xFeatures_98_c99_U    |        0|   5|   0|    -|     2|   32|       64|
    |xFeatures_98_c_U      |        0|   5|   0|    -|     2|   32|       64|
    |xFeatures_99_c100_U   |        0|   5|   0|    -|     2|   32|       64|
    |xFeatures_99_c_U      |        0|   5|   0|    -|     2|   32|       64|
    |xFeatures_9_c10_U     |        0|   5|   0|    -|     2|   32|       64|
    |xFeatures_9_c_U       |        0|   5|   0|    -|     2|   32|       64|
    +----------------------+---------+----+----+-----+------+-----+---------+
    |Total                 |        0|1340|   0|    0|   536| 8432|    16864|
    +----------------------+---------+----+----+-----+------+-----+---------+

    * Expression: 
    +--------------------------------------------+----------+-------+---+----+------------+------------+
    |                Variable Name               | Operation| DSP48E| FF| LUT| Bitwidth P0| Bitwidth P1|
    +--------------------------------------------+----------+-------+---+----+------------+------------+
    |epilogue_024_U0_ap_ready_count              |     +    |      0|  0|  10|           2|           1|
    |epilogue_0_U0_ap_ready_count                |     +    |      0|  0|  10|           2|           1|
    |knnFloatNoSqrt1000p1_1_U0_ap_ready_count    |     +    |      0|  0|  10|           2|           1|
    |parallel_023_U0_ap_ready_count              |     +    |      0|  0|  10|           2|           1|
    |parallel_0_U0_ap_ready_count                |     +    |      0|  0|  10|           2|           1|
    |ap_channel_done_BPC0_0                      |    and   |      0|  0|   2|           1|           1|
    |ap_channel_done_BPC0_1                      |    and   |      0|  0|   2|           1|           1|
    |ap_channel_done_BPC0_2                      |    and   |      0|  0|   2|           1|           1|
    |ap_channel_done_BPC1_0                      |    and   |      0|  0|   2|           1|           1|
    |ap_channel_done_BPC1_1                      |    and   |      0|  0|   2|           1|           1|
    |ap_channel_done_BPC1_2                      |    and   |      0|  0|   2|           1|           1|
    |ap_channel_done_BPD0_0                      |    and   |      0|  0|   2|           1|           1|
    |ap_channel_done_BPD0_1                      |    and   |      0|  0|   2|           1|           1|
    |ap_channel_done_BPD0_2                      |    and   |      0|  0|   2|           1|           1|
    |ap_channel_done_BPD1_0                      |    and   |      0|  0|   2|           1|           1|
    |ap_channel_done_BPD1_1                      |    and   |      0|  0|   2|           1|           1|
    |ap_channel_done_BPD1_2                      |    and   |      0|  0|   2|           1|           1|
    |ap_idle                                     |    and   |      0|  0|   2|           1|           1|
    |ap_sync_ready                               |    and   |      0|  0|   2|           1|           1|
    |epilogue_024_U0_ap_continue                 |    and   |      0|  0|   2|           1|           1|
    |epilogue_024_U0_ap_start                    |    and   |      0|  0|   2|           1|           1|
    |epilogue_0_U0_ap_continue                   |    and   |      0|  0|   2|           1|           1|
    |epilogue_0_U0_ap_start                      |    and   |      0|  0|   2|           1|           1|
    |epilogue_U0_ap_start                        |    and   |      0|  0|   2|           1|           1|
    |knnFloatNoSqrt1000p1_1_U0_ap_start          |    and   |      0|  0|   2|           1|           1|
    |parallel_023_U0_ap_start                    |    and   |      0|  0|   2|           1|           1|
    |parallel_0_U0_ap_start                      |    and   |      0|  0|   2|           1|           1|
    |ap_sync_channel_write_BPC0_0                |    or    |      0|  0|   2|           1|           1|
    |ap_sync_channel_write_BPC0_1                |    or    |      0|  0|   2|           1|           1|
    |ap_sync_channel_write_BPC0_2                |    or    |      0|  0|   2|           1|           1|
    |ap_sync_channel_write_BPC1_0                |    or    |      0|  0|   2|           1|           1|
    |ap_sync_channel_write_BPC1_1                |    or    |      0|  0|   2|           1|           1|
    |ap_sync_channel_write_BPC1_2                |    or    |      0|  0|   2|           1|           1|
    |ap_sync_channel_write_BPD0_0                |    or    |      0|  0|   2|           1|           1|
    |ap_sync_channel_write_BPD0_1                |    or    |      0|  0|   2|           1|           1|
    |ap_sync_channel_write_BPD0_2                |    or    |      0|  0|   2|           1|           1|
    |ap_sync_channel_write_BPD1_0                |    or    |      0|  0|   2|           1|           1|
    |ap_sync_channel_write_BPD1_1                |    or    |      0|  0|   2|           1|           1|
    |ap_sync_channel_write_BPD1_2                |    or    |      0|  0|   2|           1|           1|
    |ap_sync_epilogue_024_U0_ap_ready            |    or    |      0|  0|   2|           1|           1|
    |ap_sync_epilogue_0_U0_ap_ready              |    or    |      0|  0|   2|           1|           1|
    |ap_sync_knnFloatNoSqrt1000p1_1_U0_ap_ready  |    or    |      0|  0|   2|           1|           1|
    |ap_sync_parallel_023_U0_ap_ready            |    or    |      0|  0|   2|           1|           1|
    |ap_sync_parallel_0_U0_ap_ready              |    or    |      0|  0|   2|           1|           1|
    +--------------------------------------------+----------+-------+---+----+------------+------------+
    |Total                                       |          |      0|  0| 128|          49|          44|
    +--------------------------------------------+----------+-------+---+----+------------+------------+

    * Multiplexer: 
    +------------------------------------------------+----+-----------+-----+-----------+
    |                      Name                      | LUT| Input Size| Bits| Total Bits|
    +------------------------------------------------+----+-----------+-----+-----------+
    |ap_sync_reg_channel_write_BPC0_0                |   9|          2|    1|          2|
    |ap_sync_reg_channel_write_BPC0_1                |   9|          2|    1|          2|
    |ap_sync_reg_channel_write_BPC0_2                |   9|          2|    1|          2|
    |ap_sync_reg_channel_write_BPC1_0                |   9|          2|    1|          2|
    |ap_sync_reg_channel_write_BPC1_1                |   9|          2|    1|          2|
    |ap_sync_reg_channel_write_BPC1_2                |   9|          2|    1|          2|
    |ap_sync_reg_channel_write_BPD0_0                |   9|          2|    1|          2|
    |ap_sync_reg_channel_write_BPD0_1                |   9|          2|    1|          2|
    |ap_sync_reg_channel_write_BPD0_2                |   9|          2|    1|          2|
    |ap_sync_reg_channel_write_BPD1_0                |   9|          2|    1|          2|
    |ap_sync_reg_channel_write_BPD1_1                |   9|          2|    1|          2|
    |ap_sync_reg_channel_write_BPD1_2                |   9|          2|    1|          2|
    |ap_sync_reg_epilogue_024_U0_ap_ready            |   9|          2|    1|          2|
    |ap_sync_reg_epilogue_0_U0_ap_ready              |   9|          2|    1|          2|
    |ap_sync_reg_knnFloatNoSqrt1000p1_1_U0_ap_ready  |   9|          2|    1|          2|
    |ap_sync_reg_parallel_023_U0_ap_ready            |   9|          2|    1|          2|
    |ap_sync_reg_parallel_0_U0_ap_ready              |   9|          2|    1|          2|
    |epilogue_024_U0_ap_ready_count                  |   9|          2|    2|          4|
    |epilogue_0_U0_ap_ready_count                    |   9|          2|    2|          4|
    |knnFloatNoSqrt1000p1_1_U0_ap_ready_count        |   9|          2|    2|          4|
    |parallel_023_U0_ap_ready_count                  |   9|          2|    2|          4|
    |parallel_0_U0_ap_ready_count                    |   9|          2|    2|          4|
    +------------------------------------------------+----+-----------+-----+-----------+
    |Total                                           | 198|         44|   27|         54|
    +------------------------------------------------+----+-----------+-----+-----------+

    * Register: 
    +------------------------------------------------+---+----+-----+-----------+
    |                      Name                      | FF| LUT| Bits| Const Bits|
    +------------------------------------------------+---+----+-----+-----------+
    |ap_sync_reg_channel_write_BPC0_0                |  1|   0|    1|          0|
    |ap_sync_reg_channel_write_BPC0_1                |  1|   0|    1|          0|
    |ap_sync_reg_channel_write_BPC0_2                |  1|   0|    1|          0|
    |ap_sync_reg_channel_write_BPC1_0                |  1|   0|    1|          0|
    |ap_sync_reg_channel_write_BPC1_1                |  1|   0|    1|          0|
    |ap_sync_reg_channel_write_BPC1_2                |  1|   0|    1|          0|
    |ap_sync_reg_channel_write_BPD0_0                |  1|   0|    1|          0|
    |ap_sync_reg_channel_write_BPD0_1                |  1|   0|    1|          0|
    |ap_sync_reg_channel_write_BPD0_2                |  1|   0|    1|          0|
    |ap_sync_reg_channel_write_BPD1_0                |  1|   0|    1|          0|
    |ap_sync_reg_channel_write_BPD1_1                |  1|   0|    1|          0|
    |ap_sync_reg_channel_write_BPD1_2                |  1|   0|    1|          0|
    |ap_sync_reg_epilogue_024_U0_ap_ready            |  1|   0|    1|          0|
    |ap_sync_reg_epilogue_0_U0_ap_ready              |  1|   0|    1|          0|
    |ap_sync_reg_knnFloatNoSqrt1000p1_1_U0_ap_ready  |  1|   0|    1|          0|
    |ap_sync_reg_parallel_023_U0_ap_ready            |  1|   0|    1|          0|
    |ap_sync_reg_parallel_0_U0_ap_ready              |  1|   0|    1|          0|
    |epilogue_024_U0_ap_ready_count                  |  2|   0|    2|          0|
    |epilogue_0_U0_ap_ready_count                    |  2|   0|    2|          0|
    |knnFloatNoSqrt1000p1_1_U0_ap_ready_count        |  2|   0|    2|          0|
    |parallel_023_U0_ap_ready_count                  |  2|   0|    2|          0|
    |parallel_0_U0_ap_ready_count                    |  2|   0|    2|          0|
    +------------------------------------------------+---+----+-----+-----------+
    |Total                                           | 27|   0|   27|          0|
    +------------------------------------------------+---+----+-----+-----------+



================================================================
== Interface
================================================================
* Summary: 
+----------------------------+-----+-----+------------+-----------------------------------+--------------+
|          RTL Ports         | Dir | Bits|  Protocol  |           Source Object           |    C Type    |
+----------------------------+-----+-----+------------+-----------------------------------+--------------+
|ap_clk                      |  in |    1| ap_ctrl_hs | knnFloatNoSqrt1000p128f_2parallel | return value |
|ap_rst                      |  in |    1| ap_ctrl_hs | knnFloatNoSqrt1000p128f_2parallel | return value |
|ap_start                    |  in |    1| ap_ctrl_hs | knnFloatNoSqrt1000p128f_2parallel | return value |
|ap_done                     | out |    1| ap_ctrl_hs | knnFloatNoSqrt1000p128f_2parallel | return value |
|ap_ready                    | out |    1| ap_ctrl_hs | knnFloatNoSqrt1000p128f_2parallel | return value |
|ap_idle                     | out |    1| ap_ctrl_hs | knnFloatNoSqrt1000p128f_2parallel | return value |
|xFeatures_0                 |  in |   32|   ap_none  |            xFeatures_0            |    pointer   |
|xFeatures_1                 |  in |   32|   ap_none  |            xFeatures_1            |    pointer   |
|xFeatures_2                 |  in |   32|   ap_none  |            xFeatures_2            |    pointer   |
|xFeatures_3                 |  in |   32|   ap_none  |            xFeatures_3            |    pointer   |
|xFeatures_4                 |  in |   32|   ap_none  |            xFeatures_4            |    pointer   |
|xFeatures_5                 |  in |   32|   ap_none  |            xFeatures_5            |    pointer   |
|xFeatures_6                 |  in |   32|   ap_none  |            xFeatures_6            |    pointer   |
|xFeatures_7                 |  in |   32|   ap_none  |            xFeatures_7            |    pointer   |
|xFeatures_8                 |  in |   32|   ap_none  |            xFeatures_8            |    pointer   |
|xFeatures_9                 |  in |   32|   ap_none  |            xFeatures_9            |    pointer   |
|xFeatures_10                |  in |   32|   ap_none  |            xFeatures_10           |    pointer   |
|xFeatures_11                |  in |   32|   ap_none  |            xFeatures_11           |    pointer   |
|xFeatures_12                |  in |   32|   ap_none  |            xFeatures_12           |    pointer   |
|xFeatures_13                |  in |   32|   ap_none  |            xFeatures_13           |    pointer   |
|xFeatures_14                |  in |   32|   ap_none  |            xFeatures_14           |    pointer   |
|xFeatures_15                |  in |   32|   ap_none  |            xFeatures_15           |    pointer   |
|xFeatures_16                |  in |   32|   ap_none  |            xFeatures_16           |    pointer   |
|xFeatures_17                |  in |   32|   ap_none  |            xFeatures_17           |    pointer   |
|xFeatures_18                |  in |   32|   ap_none  |            xFeatures_18           |    pointer   |
|xFeatures_19                |  in |   32|   ap_none  |            xFeatures_19           |    pointer   |
|xFeatures_20                |  in |   32|   ap_none  |            xFeatures_20           |    pointer   |
|xFeatures_21                |  in |   32|   ap_none  |            xFeatures_21           |    pointer   |
|xFeatures_22                |  in |   32|   ap_none  |            xFeatures_22           |    pointer   |
|xFeatures_23                |  in |   32|   ap_none  |            xFeatures_23           |    pointer   |
|xFeatures_24                |  in |   32|   ap_none  |            xFeatures_24           |    pointer   |
|xFeatures_25                |  in |   32|   ap_none  |            xFeatures_25           |    pointer   |
|xFeatures_26                |  in |   32|   ap_none  |            xFeatures_26           |    pointer   |
|xFeatures_27                |  in |   32|   ap_none  |            xFeatures_27           |    pointer   |
|xFeatures_28                |  in |   32|   ap_none  |            xFeatures_28           |    pointer   |
|xFeatures_29                |  in |   32|   ap_none  |            xFeatures_29           |    pointer   |
|xFeatures_30                |  in |   32|   ap_none  |            xFeatures_30           |    pointer   |
|xFeatures_31                |  in |   32|   ap_none  |            xFeatures_31           |    pointer   |
|xFeatures_32                |  in |   32|   ap_none  |            xFeatures_32           |    pointer   |
|xFeatures_33                |  in |   32|   ap_none  |            xFeatures_33           |    pointer   |
|xFeatures_34                |  in |   32|   ap_none  |            xFeatures_34           |    pointer   |
|xFeatures_35                |  in |   32|   ap_none  |            xFeatures_35           |    pointer   |
|xFeatures_36                |  in |   32|   ap_none  |            xFeatures_36           |    pointer   |
|xFeatures_37                |  in |   32|   ap_none  |            xFeatures_37           |    pointer   |
|xFeatures_38                |  in |   32|   ap_none  |            xFeatures_38           |    pointer   |
|xFeatures_39                |  in |   32|   ap_none  |            xFeatures_39           |    pointer   |
|xFeatures_40                |  in |   32|   ap_none  |            xFeatures_40           |    pointer   |
|xFeatures_41                |  in |   32|   ap_none  |            xFeatures_41           |    pointer   |
|xFeatures_42                |  in |   32|   ap_none  |            xFeatures_42           |    pointer   |
|xFeatures_43                |  in |   32|   ap_none  |            xFeatures_43           |    pointer   |
|xFeatures_44                |  in |   32|   ap_none  |            xFeatures_44           |    pointer   |
|xFeatures_45                |  in |   32|   ap_none  |            xFeatures_45           |    pointer   |
|xFeatures_46                |  in |   32|   ap_none  |            xFeatures_46           |    pointer   |
|xFeatures_47                |  in |   32|   ap_none  |            xFeatures_47           |    pointer   |
|xFeatures_48                |  in |   32|   ap_none  |            xFeatures_48           |    pointer   |
|xFeatures_49                |  in |   32|   ap_none  |            xFeatures_49           |    pointer   |
|xFeatures_50                |  in |   32|   ap_none  |            xFeatures_50           |    pointer   |
|xFeatures_51                |  in |   32|   ap_none  |            xFeatures_51           |    pointer   |
|xFeatures_52                |  in |   32|   ap_none  |            xFeatures_52           |    pointer   |
|xFeatures_53                |  in |   32|   ap_none  |            xFeatures_53           |    pointer   |
|xFeatures_54                |  in |   32|   ap_none  |            xFeatures_54           |    pointer   |
|xFeatures_55                |  in |   32|   ap_none  |            xFeatures_55           |    pointer   |
|xFeatures_56                |  in |   32|   ap_none  |            xFeatures_56           |    pointer   |
|xFeatures_57                |  in |   32|   ap_none  |            xFeatures_57           |    pointer   |
|xFeatures_58                |  in |   32|   ap_none  |            xFeatures_58           |    pointer   |
|xFeatures_59                |  in |   32|   ap_none  |            xFeatures_59           |    pointer   |
|xFeatures_60                |  in |   32|   ap_none  |            xFeatures_60           |    pointer   |
|xFeatures_61                |  in |   32|   ap_none  |            xFeatures_61           |    pointer   |
|xFeatures_62                |  in |   32|   ap_none  |            xFeatures_62           |    pointer   |
|xFeatures_63                |  in |   32|   ap_none  |            xFeatures_63           |    pointer   |
|xFeatures_64                |  in |   32|   ap_none  |            xFeatures_64           |    pointer   |
|xFeatures_65                |  in |   32|   ap_none  |            xFeatures_65           |    pointer   |
|xFeatures_66                |  in |   32|   ap_none  |            xFeatures_66           |    pointer   |
|xFeatures_67                |  in |   32|   ap_none  |            xFeatures_67           |    pointer   |
|xFeatures_68                |  in |   32|   ap_none  |            xFeatures_68           |    pointer   |
|xFeatures_69                |  in |   32|   ap_none  |            xFeatures_69           |    pointer   |
|xFeatures_70                |  in |   32|   ap_none  |            xFeatures_70           |    pointer   |
|xFeatures_71                |  in |   32|   ap_none  |            xFeatures_71           |    pointer   |
|xFeatures_72                |  in |   32|   ap_none  |            xFeatures_72           |    pointer   |
|xFeatures_73                |  in |   32|   ap_none  |            xFeatures_73           |    pointer   |
|xFeatures_74                |  in |   32|   ap_none  |            xFeatures_74           |    pointer   |
|xFeatures_75                |  in |   32|   ap_none  |            xFeatures_75           |    pointer   |
|xFeatures_76                |  in |   32|   ap_none  |            xFeatures_76           |    pointer   |
|xFeatures_77                |  in |   32|   ap_none  |            xFeatures_77           |    pointer   |
|xFeatures_78                |  in |   32|   ap_none  |            xFeatures_78           |    pointer   |
|xFeatures_79                |  in |   32|   ap_none  |            xFeatures_79           |    pointer   |
|xFeatures_80                |  in |   32|   ap_none  |            xFeatures_80           |    pointer   |
|xFeatures_81                |  in |   32|   ap_none  |            xFeatures_81           |    pointer   |
|xFeatures_82                |  in |   32|   ap_none  |            xFeatures_82           |    pointer   |
|xFeatures_83                |  in |   32|   ap_none  |            xFeatures_83           |    pointer   |
|xFeatures_84                |  in |   32|   ap_none  |            xFeatures_84           |    pointer   |
|xFeatures_85                |  in |   32|   ap_none  |            xFeatures_85           |    pointer   |
|xFeatures_86                |  in |   32|   ap_none  |            xFeatures_86           |    pointer   |
|xFeatures_87                |  in |   32|   ap_none  |            xFeatures_87           |    pointer   |
|xFeatures_88                |  in |   32|   ap_none  |            xFeatures_88           |    pointer   |
|xFeatures_89                |  in |   32|   ap_none  |            xFeatures_89           |    pointer   |
|xFeatures_90                |  in |   32|   ap_none  |            xFeatures_90           |    pointer   |
|xFeatures_91                |  in |   32|   ap_none  |            xFeatures_91           |    pointer   |
|xFeatures_92                |  in |   32|   ap_none  |            xFeatures_92           |    pointer   |
|xFeatures_93                |  in |   32|   ap_none  |            xFeatures_93           |    pointer   |
|xFeatures_94                |  in |   32|   ap_none  |            xFeatures_94           |    pointer   |
|xFeatures_95                |  in |   32|   ap_none  |            xFeatures_95           |    pointer   |
|xFeatures_96                |  in |   32|   ap_none  |            xFeatures_96           |    pointer   |
|xFeatures_97                |  in |   32|   ap_none  |            xFeatures_97           |    pointer   |
|xFeatures_98                |  in |   32|   ap_none  |            xFeatures_98           |    pointer   |
|xFeatures_99                |  in |   32|   ap_none  |            xFeatures_99           |    pointer   |
|xFeatures_100               |  in |   32|   ap_none  |           xFeatures_100           |    pointer   |
|xFeatures_101               |  in |   32|   ap_none  |           xFeatures_101           |    pointer   |
|xFeatures_102               |  in |   32|   ap_none  |           xFeatures_102           |    pointer   |
|xFeatures_103               |  in |   32|   ap_none  |           xFeatures_103           |    pointer   |
|xFeatures_104               |  in |   32|   ap_none  |           xFeatures_104           |    pointer   |
|xFeatures_105               |  in |   32|   ap_none  |           xFeatures_105           |    pointer   |
|xFeatures_106               |  in |   32|   ap_none  |           xFeatures_106           |    pointer   |
|xFeatures_107               |  in |   32|   ap_none  |           xFeatures_107           |    pointer   |
|xFeatures_108               |  in |   32|   ap_none  |           xFeatures_108           |    pointer   |
|xFeatures_109               |  in |   32|   ap_none  |           xFeatures_109           |    pointer   |
|xFeatures_110               |  in |   32|   ap_none  |           xFeatures_110           |    pointer   |
|xFeatures_111               |  in |   32|   ap_none  |           xFeatures_111           |    pointer   |
|xFeatures_112               |  in |   32|   ap_none  |           xFeatures_112           |    pointer   |
|xFeatures_113               |  in |   32|   ap_none  |           xFeatures_113           |    pointer   |
|xFeatures_114               |  in |   32|   ap_none  |           xFeatures_114           |    pointer   |
|xFeatures_115               |  in |   32|   ap_none  |           xFeatures_115           |    pointer   |
|xFeatures_116               |  in |   32|   ap_none  |           xFeatures_116           |    pointer   |
|xFeatures_117               |  in |   32|   ap_none  |           xFeatures_117           |    pointer   |
|xFeatures_118               |  in |   32|   ap_none  |           xFeatures_118           |    pointer   |
|xFeatures_119               |  in |   32|   ap_none  |           xFeatures_119           |    pointer   |
|xFeatures_120               |  in |   32|   ap_none  |           xFeatures_120           |    pointer   |
|xFeatures_121               |  in |   32|   ap_none  |           xFeatures_121           |    pointer   |
|xFeatures_122               |  in |   32|   ap_none  |           xFeatures_122           |    pointer   |
|xFeatures_123               |  in |   32|   ap_none  |           xFeatures_123           |    pointer   |
|xFeatures_124               |  in |   32|   ap_none  |           xFeatures_124           |    pointer   |
|xFeatures_125               |  in |   32|   ap_none  |           xFeatures_125           |    pointer   |
|xFeatures_126               |  in |   32|   ap_none  |           xFeatures_126           |    pointer   |
|xFeatures_127               |  in |   32|   ap_none  |           xFeatures_127           |    pointer   |
|knownClasses0_address0      | out |    9|  ap_memory |           knownClasses0           |     array    |
|knownClasses0_ce0           | out |    1|  ap_memory |           knownClasses0           |     array    |
|knownClasses0_d0            | out |    8|  ap_memory |           knownClasses0           |     array    |
|knownClasses0_q0            |  in |    8|  ap_memory |           knownClasses0           |     array    |
|knownClasses0_we0           | out |    1|  ap_memory |           knownClasses0           |     array    |
|knownClasses0_address1      | out |    9|  ap_memory |           knownClasses0           |     array    |
|knownClasses0_ce1           | out |    1|  ap_memory |           knownClasses0           |     array    |
|knownClasses0_d1            | out |    8|  ap_memory |           knownClasses0           |     array    |
|knownClasses0_q1            |  in |    8|  ap_memory |           knownClasses0           |     array    |
|knownClasses0_we1           | out |    1|  ap_memory |           knownClasses0           |     array    |
|knownClasses1_address0      | out |    9|  ap_memory |           knownClasses1           |     array    |
|knownClasses1_ce0           | out |    1|  ap_memory |           knownClasses1           |     array    |
|knownClasses1_d0            | out |    8|  ap_memory |           knownClasses1           |     array    |
|knownClasses1_q0            |  in |    8|  ap_memory |           knownClasses1           |     array    |
|knownClasses1_we0           | out |    1|  ap_memory |           knownClasses1           |     array    |
|knownClasses1_address1      | out |    9|  ap_memory |           knownClasses1           |     array    |
|knownClasses1_ce1           | out |    1|  ap_memory |           knownClasses1           |     array    |
|knownClasses1_d1            | out |    8|  ap_memory |           knownClasses1           |     array    |
|knownClasses1_q1            |  in |    8|  ap_memory |           knownClasses1           |     array    |
|knownClasses1_we1           | out |    1|  ap_memory |           knownClasses1           |     array    |
|knownFeatures_0_0_address0  | out |   14|  ap_memory |         knownFeatures_0_0         |     array    |
|knownFeatures_0_0_ce0       | out |    1|  ap_memory |         knownFeatures_0_0         |     array    |
|knownFeatures_0_0_d0        | out |   32|  ap_memory |         knownFeatures_0_0         |     array    |
|knownFeatures_0_0_q0        |  in |   32|  ap_memory |         knownFeatures_0_0         |     array    |
|knownFeatures_0_0_we0       | out |    1|  ap_memory |         knownFeatures_0_0         |     array    |
|knownFeatures_0_0_address1  | out |   14|  ap_memory |         knownFeatures_0_0         |     array    |
|knownFeatures_0_0_ce1       | out |    1|  ap_memory |         knownFeatures_0_0         |     array    |
|knownFeatures_0_0_d1        | out |   32|  ap_memory |         knownFeatures_0_0         |     array    |
|knownFeatures_0_0_q1        |  in |   32|  ap_memory |         knownFeatures_0_0         |     array    |
|knownFeatures_0_0_we1       | out |    1|  ap_memory |         knownFeatures_0_0         |     array    |
|knownFeatures_0_1_address0  | out |   14|  ap_memory |         knownFeatures_0_1         |     array    |
|knownFeatures_0_1_ce0       | out |    1|  ap_memory |         knownFeatures_0_1         |     array    |
|knownFeatures_0_1_d0        | out |   32|  ap_memory |         knownFeatures_0_1         |     array    |
|knownFeatures_0_1_q0        |  in |   32|  ap_memory |         knownFeatures_0_1         |     array    |
|knownFeatures_0_1_we0       | out |    1|  ap_memory |         knownFeatures_0_1         |     array    |
|knownFeatures_0_1_address1  | out |   14|  ap_memory |         knownFeatures_0_1         |     array    |
|knownFeatures_0_1_ce1       | out |    1|  ap_memory |         knownFeatures_0_1         |     array    |
|knownFeatures_0_1_d1        | out |   32|  ap_memory |         knownFeatures_0_1         |     array    |
|knownFeatures_0_1_q1        |  in |   32|  ap_memory |         knownFeatures_0_1         |     array    |
|knownFeatures_0_1_we1       | out |    1|  ap_memory |         knownFeatures_0_1         |     array    |
|knownFeatures_0_2_address0  | out |   14|  ap_memory |         knownFeatures_0_2         |     array    |
|knownFeatures_0_2_ce0       | out |    1|  ap_memory |         knownFeatures_0_2         |     array    |
|knownFeatures_0_2_d0        | out |   32|  ap_memory |         knownFeatures_0_2         |     array    |
|knownFeatures_0_2_q0        |  in |   32|  ap_memory |         knownFeatures_0_2         |     array    |
|knownFeatures_0_2_we0       | out |    1|  ap_memory |         knownFeatures_0_2         |     array    |
|knownFeatures_0_2_address1  | out |   14|  ap_memory |         knownFeatures_0_2         |     array    |
|knownFeatures_0_2_ce1       | out |    1|  ap_memory |         knownFeatures_0_2         |     array    |
|knownFeatures_0_2_d1        | out |   32|  ap_memory |         knownFeatures_0_2         |     array    |
|knownFeatures_0_2_q1        |  in |   32|  ap_memory |         knownFeatures_0_2         |     array    |
|knownFeatures_0_2_we1       | out |    1|  ap_memory |         knownFeatures_0_2         |     array    |
|knownFeatures_0_3_address0  | out |   14|  ap_memory |         knownFeatures_0_3         |     array    |
|knownFeatures_0_3_ce0       | out |    1|  ap_memory |         knownFeatures_0_3         |     array    |
|knownFeatures_0_3_d0        | out |   32|  ap_memory |         knownFeatures_0_3         |     array    |
|knownFeatures_0_3_q0        |  in |   32|  ap_memory |         knownFeatures_0_3         |     array    |
|knownFeatures_0_3_we0       | out |    1|  ap_memory |         knownFeatures_0_3         |     array    |
|knownFeatures_0_3_address1  | out |   14|  ap_memory |         knownFeatures_0_3         |     array    |
|knownFeatures_0_3_ce1       | out |    1|  ap_memory |         knownFeatures_0_3         |     array    |
|knownFeatures_0_3_d1        | out |   32|  ap_memory |         knownFeatures_0_3         |     array    |
|knownFeatures_0_3_q1        |  in |   32|  ap_memory |         knownFeatures_0_3         |     array    |
|knownFeatures_0_3_we1       | out |    1|  ap_memory |         knownFeatures_0_3         |     array    |
|knownFeatures_1_0_address0  | out |   14|  ap_memory |         knownFeatures_1_0         |     array    |
|knownFeatures_1_0_ce0       | out |    1|  ap_memory |         knownFeatures_1_0         |     array    |
|knownFeatures_1_0_d0        | out |   32|  ap_memory |         knownFeatures_1_0         |     array    |
|knownFeatures_1_0_q0        |  in |   32|  ap_memory |         knownFeatures_1_0         |     array    |
|knownFeatures_1_0_we0       | out |    1|  ap_memory |         knownFeatures_1_0         |     array    |
|knownFeatures_1_0_address1  | out |   14|  ap_memory |         knownFeatures_1_0         |     array    |
|knownFeatures_1_0_ce1       | out |    1|  ap_memory |         knownFeatures_1_0         |     array    |
|knownFeatures_1_0_d1        | out |   32|  ap_memory |         knownFeatures_1_0         |     array    |
|knownFeatures_1_0_q1        |  in |   32|  ap_memory |         knownFeatures_1_0         |     array    |
|knownFeatures_1_0_we1       | out |    1|  ap_memory |         knownFeatures_1_0         |     array    |
|knownFeatures_1_1_address0  | out |   14|  ap_memory |         knownFeatures_1_1         |     array    |
|knownFeatures_1_1_ce0       | out |    1|  ap_memory |         knownFeatures_1_1         |     array    |
|knownFeatures_1_1_d0        | out |   32|  ap_memory |         knownFeatures_1_1         |     array    |
|knownFeatures_1_1_q0        |  in |   32|  ap_memory |         knownFeatures_1_1         |     array    |
|knownFeatures_1_1_we0       | out |    1|  ap_memory |         knownFeatures_1_1         |     array    |
|knownFeatures_1_1_address1  | out |   14|  ap_memory |         knownFeatures_1_1         |     array    |
|knownFeatures_1_1_ce1       | out |    1|  ap_memory |         knownFeatures_1_1         |     array    |
|knownFeatures_1_1_d1        | out |   32|  ap_memory |         knownFeatures_1_1         |     array    |
|knownFeatures_1_1_q1        |  in |   32|  ap_memory |         knownFeatures_1_1         |     array    |
|knownFeatures_1_1_we1       | out |    1|  ap_memory |         knownFeatures_1_1         |     array    |
|knownFeatures_1_2_address0  | out |   14|  ap_memory |         knownFeatures_1_2         |     array    |
|knownFeatures_1_2_ce0       | out |    1|  ap_memory |         knownFeatures_1_2         |     array    |
|knownFeatures_1_2_d0        | out |   32|  ap_memory |         knownFeatures_1_2         |     array    |
|knownFeatures_1_2_q0        |  in |   32|  ap_memory |         knownFeatures_1_2         |     array    |
|knownFeatures_1_2_we0       | out |    1|  ap_memory |         knownFeatures_1_2         |     array    |
|knownFeatures_1_2_address1  | out |   14|  ap_memory |         knownFeatures_1_2         |     array    |
|knownFeatures_1_2_ce1       | out |    1|  ap_memory |         knownFeatures_1_2         |     array    |
|knownFeatures_1_2_d1        | out |   32|  ap_memory |         knownFeatures_1_2         |     array    |
|knownFeatures_1_2_q1        |  in |   32|  ap_memory |         knownFeatures_1_2         |     array    |
|knownFeatures_1_2_we1       | out |    1|  ap_memory |         knownFeatures_1_2         |     array    |
|knownFeatures_1_3_address0  | out |   14|  ap_memory |         knownFeatures_1_3         |     array    |
|knownFeatures_1_3_ce0       | out |    1|  ap_memory |         knownFeatures_1_3         |     array    |
|knownFeatures_1_3_d0        | out |   32|  ap_memory |         knownFeatures_1_3         |     array    |
|knownFeatures_1_3_q0        |  in |   32|  ap_memory |         knownFeatures_1_3         |     array    |
|knownFeatures_1_3_we0       | out |    1|  ap_memory |         knownFeatures_1_3         |     array    |
|knownFeatures_1_3_address1  | out |   14|  ap_memory |         knownFeatures_1_3         |     array    |
|knownFeatures_1_3_ce1       | out |    1|  ap_memory |         knownFeatures_1_3         |     array    |
|knownFeatures_1_3_d1        | out |   32|  ap_memory |         knownFeatures_1_3         |     array    |
|knownFeatures_1_3_q1        |  in |   32|  ap_memory |         knownFeatures_1_3         |     array    |
|knownFeatures_1_3_we1       | out |    1|  ap_memory |         knownFeatures_1_3         |     array    |
|out_r                       | out |    8|   ap_vld   |               out_r               |    pointer   |
|out_r_ap_vld                | out |    1|   ap_vld   |               out_r               |    pointer   |
+----------------------------+-----+-----+------------+-----------------------------------+--------------+

