

================================================================
== Vivado HLS Report for 'parallel_0'
================================================================
* Date:           Mon Sep 21 15:50:58 2020

* Version:        2019.2 (Build 2704478 on Wed Nov 06 22:10:23 MST 2019)
* Project:        knn
* Solution:       solution1
* Product family: zynq
* Target device:  xc7z020-clg484-1


================================================================
== Performance Estimates
================================================================
+ Timing: 
    * Summary: 
    +--------+----------+----------+------------+
    |  Clock |  Target  | Estimated| Uncertainty|
    +--------+----------+----------+------------+
    |ap_clk  | 10.00 ns | 8.317 ns |   1.25 ns  |
    +--------+----------+----------+------------+

+ Latency: 
    * Summary: 
    +---------+---------+-----------+-----------+------+------+---------+
    |  Latency (cycles) |   Latency (absolute)  |   Interval  | Pipeline|
    |   min   |   max   |    min    |    max    |  min |  max |   Type  |
    +---------+---------+-----------+-----------+------+------+---------+
    |     8458|     8458| 84.580 us | 84.580 us |  8458|  8458|   none  |
    +---------+---------+-----------+-----------+------+------+---------+

    + Detail: 
        * Instance: 
        N/A

        * Loop: 
        +----------+---------+---------+----------+-----------+-----------+------+----------+
        |          |  Latency (cycles) | Iteration|  Initiation Interval  | Trip |          |
        | Loop Name|   min   |   max   |  Latency |  achieved |   target  | Count| Pipelined|
        +----------+---------+---------+----------+-----------+-----------+------+----------+
        |- Loop 1  |     8456|     8456|       473|         16|          1|   500|    yes   |
        +----------+---------+---------+----------+-----------+-----------+------+----------+



================================================================
== Utilization Estimates
================================================================
* Summary: 
+-----------------+---------+-------+--------+-------+-----+
|       Name      | BRAM_18K| DSP48E|   FF   |  LUT  | URAM|
+-----------------+---------+-------+--------+-------+-----+
|DSP              |        -|      -|       -|      -|    -|
|Expression       |        -|      -|       0|    466|    -|
|FIFO             |        -|      -|       -|      -|    -|
|Instance         |        -|     56|    4424|   8808|    -|
|Memory           |        -|      -|       -|      -|    -|
|Multiplexer      |        -|      -|       -|   4969|    -|
|Register         |        0|      -|   17850|   2496|    -|
+-----------------+---------+-------+--------+-------+-----+
|Total            |        0|     56|   22274|  16739|    0|
+-----------------+---------+-------+--------+-------+-----+
|Available        |      280|    220|  106400|  53200|    0|
+-----------------+---------+-------+--------+-------+-----+
|Utilization (%)  |        0|     25|      20|     31|    0|
+-----------------+---------+-------+--------+-------+-----+

+ Detail: 
    * Instance: 
    +---------------------------+----------------------+---------+-------+-----+-----+-----+
    |          Instance         |        Module        | BRAM_18K| DSP48E|  FF | LUT | URAM|
    +---------------------------+----------------------+---------+-------+-----+-----+-----+
    |knnFloatNoSqrt100bkb_U545  |knnFloatNoSqrt100bkb  |        0|      2|  205|  390|    0|
    |knnFloatNoSqrt100bkb_U546  |knnFloatNoSqrt100bkb  |        0|      2|  205|  390|    0|
    |knnFloatNoSqrt100bkb_U547  |knnFloatNoSqrt100bkb  |        0|      2|  205|  390|    0|
    |knnFloatNoSqrt100bkb_U548  |knnFloatNoSqrt100bkb  |        0|      2|  205|  390|    0|
    |knnFloatNoSqrt100bkb_U549  |knnFloatNoSqrt100bkb  |        0|      2|  205|  390|    0|
    |knnFloatNoSqrt100bkb_U550  |knnFloatNoSqrt100bkb  |        0|      2|  205|  390|    0|
    |knnFloatNoSqrt100bkb_U551  |knnFloatNoSqrt100bkb  |        0|      2|  205|  390|    0|
    |knnFloatNoSqrt100bkb_U552  |knnFloatNoSqrt100bkb  |        0|      2|  205|  390|    0|
    |knnFloatNoSqrt100cud_U553  |knnFloatNoSqrt100cud  |        0|      2|  205|  390|    0|
    |knnFloatNoSqrt100cud_U554  |knnFloatNoSqrt100cud  |        0|      2|  205|  390|    0|
    |knnFloatNoSqrt100cud_U555  |knnFloatNoSqrt100cud  |        0|      2|  205|  390|    0|
    |knnFloatNoSqrt100cud_U556  |knnFloatNoSqrt100cud  |        0|      2|  205|  390|    0|
    |knnFloatNoSqrt100cud_U557  |knnFloatNoSqrt100cud  |        0|      2|  205|  390|    0|
    |knnFloatNoSqrt100cud_U558  |knnFloatNoSqrt100cud  |        0|      2|  205|  390|    0|
    |knnFloatNoSqrt100cud_U559  |knnFloatNoSqrt100cud  |        0|      2|  205|  390|    0|
    |knnFloatNoSqrt100cud_U560  |knnFloatNoSqrt100cud  |        0|      2|  205|  390|    0|
    |knnFloatNoSqrt100dEe_U561  |knnFloatNoSqrt100dEe  |        0|      3|  143|  321|    0|
    |knnFloatNoSqrt100dEe_U562  |knnFloatNoSqrt100dEe  |        0|      3|  143|  321|    0|
    |knnFloatNoSqrt100dEe_U563  |knnFloatNoSqrt100dEe  |        0|      3|  143|  321|    0|
    |knnFloatNoSqrt100dEe_U564  |knnFloatNoSqrt100dEe  |        0|      3|  143|  321|    0|
    |knnFloatNoSqrt100dEe_U565  |knnFloatNoSqrt100dEe  |        0|      3|  143|  321|    0|
    |knnFloatNoSqrt100dEe_U566  |knnFloatNoSqrt100dEe  |        0|      3|  143|  321|    0|
    |knnFloatNoSqrt100dEe_U567  |knnFloatNoSqrt100dEe  |        0|      3|  143|  321|    0|
    |knnFloatNoSqrt100dEe_U568  |knnFloatNoSqrt100dEe  |        0|      3|  143|  321|    0|
    +---------------------------+----------------------+---------+-------+-----+-----+-----+
    |Total                      |                      |        0|     56| 4424| 8808|    0|
    +---------------------------+----------------------+---------+-------+-----+-----+-----+

    * DSP48E: 
    N/A

    * Memory: 
    N/A

    * FIFO: 
    N/A

    * Expression: 
    +-----------------------+----------+-------+---+----+------------+------------+
    |     Variable Name     | Operation| DSP48E| FF| LUT| Bitwidth P0| Bitwidth P1|
    +-----------------------+----------+-------+---+----+------------+------------+
    |i_fu_4401_p2           |     +    |      0|  0|  15|           9|           1|
    |icmp_ln271_fu_4395_p2  |   icmp   |      0|  0|  13|           9|           5|
    |ap_block_state1        |    or    |      0|  0|   2|           1|           1|
    |or_ln279_fu_4423_p2    |    or    |      0|  0|  14|          14|           1|
    |or_ln283_fu_4441_p2    |    or    |      0|  0|  14|          14|           2|
    |or_ln287_fu_4458_p2    |    or    |      0|  0|  14|          14|           2|
    |or_ln291_fu_4475_p2    |    or    |      0|  0|  14|          14|           3|
    |or_ln295_fu_4492_p2    |    or    |      0|  0|  14|          14|           3|
    |or_ln299_fu_4509_p2    |    or    |      0|  0|  14|          14|           3|
    |or_ln303_fu_4526_p2    |    or    |      0|  0|  14|          14|           3|
    |or_ln307_fu_4543_p2    |    or    |      0|  0|  14|          14|           4|
    |or_ln311_fu_4560_p2    |    or    |      0|  0|  14|          14|           4|
    |or_ln315_fu_4577_p2    |    or    |      0|  0|  14|          14|           4|
    |or_ln319_fu_4594_p2    |    or    |      0|  0|  14|          14|           4|
    |or_ln323_fu_4611_p2    |    or    |      0|  0|  14|          14|           4|
    |or_ln327_fu_4628_p2    |    or    |      0|  0|  14|          14|           4|
    |or_ln331_fu_4645_p2    |    or    |      0|  0|  14|          14|           4|
    |or_ln335_fu_4662_p2    |    or    |      0|  0|  14|          14|           4|
    |or_ln339_fu_4679_p2    |    or    |      0|  0|  14|          14|           5|
    |or_ln343_fu_4696_p2    |    or    |      0|  0|  14|          14|           5|
    |or_ln347_fu_4713_p2    |    or    |      0|  0|  14|          14|           5|
    |or_ln351_fu_4904_p2    |    or    |      0|  0|  14|          14|           5|
    |or_ln355_fu_4729_p2    |    or    |      0|  0|  14|          14|           5|
    |or_ln359_fu_4746_p2    |    or    |      0|  0|  14|          14|           5|
    |or_ln363_fu_4760_p2    |    or    |      0|  0|  14|          14|           5|
    |or_ln367_fu_4777_p2    |    or    |      0|  0|  14|          14|           5|
    |or_ln371_fu_4791_p2    |    or    |      0|  0|  14|          14|           5|
    |or_ln375_fu_4808_p2    |    or    |      0|  0|  14|          14|           5|
    |or_ln379_fu_4822_p2    |    or    |      0|  0|  14|          14|           5|
    |or_ln383_fu_4839_p2    |    or    |      0|  0|  14|          14|           5|
    |or_ln387_fu_4853_p2    |    or    |      0|  0|  14|          14|           5|
    |or_ln391_fu_4870_p2    |    or    |      0|  0|  14|          14|           5|
    |or_ln395_fu_4887_p2    |    or    |      0|  0|  14|          14|           5|
    |or_ln399_fu_4921_p2    |    or    |      0|  0|  14|          14|           5|
    |ap_enable_pp0          |    xor   |      0|  0|   2|           1|           2|
    +-----------------------+----------+-------+---+----+------------+------------+
    |Total                  |          |      0|  0| 466|         454|         138|
    +-----------------------+----------+-------+---+----+------------+------------+

    * Multiplexer: 
    +---------------------------------+----+-----------+-----+-----------+
    |               Name              | LUT| Input Size| Bits| Total Bits|
    +---------------------------------+----+-----------+-----+-----------+
    |ap_NS_fsm                        |  93|         19|    1|         19|
    |ap_done                          |   9|          2|    1|          2|
    |ap_enable_reg_pp0_iter29         |   9|          2|    1|          2|
    |ap_phi_mux_i_0_i_phi_fu_3503_p4  |   9|          2|    9|         18|
    |grp_fu_3511_p0                   |  85|         17|   32|        544|
    |grp_fu_3511_p1                   |  41|          8|   32|        256|
    |grp_fu_3515_p0                   |  85|         17|   32|        544|
    |grp_fu_3515_p1                   |  41|          8|   32|        256|
    |grp_fu_3519_p0                   |  85|         17|   32|        544|
    |grp_fu_3519_p1                   |  41|          8|   32|        256|
    |grp_fu_3523_p0                   |  85|         17|   32|        544|
    |grp_fu_3523_p1                   |  53|         12|   32|        384|
    |grp_fu_3527_p0                   |  85|         17|   32|        544|
    |grp_fu_3527_p1                   |  50|         11|   32|        352|
    |grp_fu_3531_p0                   |  85|         17|   32|        544|
    |grp_fu_3531_p1                   |  50|         11|   32|        352|
    |grp_fu_3535_p0                   |  85|         17|   32|        544|
    |grp_fu_3535_p1                   |  50|         11|   32|        352|
    |grp_fu_3539_p0                   |  85|         17|   32|        544|
    |grp_fu_3539_p1                   |  38|          7|   32|        224|
    |grp_fu_3543_p0                   |  65|         16|   32|        512|
    |grp_fu_3543_p1                   |  85|         17|   32|        544|
    |grp_fu_3548_p0                   |  85|         17|   32|        544|
    |grp_fu_3548_p1                   |  65|         16|   32|        512|
    |grp_fu_3552_p0                   |  65|         16|   32|        512|
    |grp_fu_3552_p1                   |  85|         17|   32|        544|
    |grp_fu_3556_p0                   |  65|         16|   32|        512|
    |grp_fu_3556_p1                   |  85|         17|   32|        544|
    |grp_fu_3560_p0                   |  59|         14|   32|        448|
    |grp_fu_3560_p1                   |  85|         17|   32|        544|
    |grp_fu_3564_p0                   |  59|         14|   32|        448|
    |grp_fu_3564_p1                   |  85|         17|   32|        544|
    |grp_fu_3568_p0                   |  59|         14|   32|        448|
    |grp_fu_3568_p1                   |  85|         17|   32|        544|
    |grp_fu_3572_p0                   |  59|         14|   32|        448|
    |grp_fu_3572_p1                   |  85|         17|   32|        544|
    |grp_fu_3576_p0                   |  50|         11|   32|        352|
    |grp_fu_3576_p1                   |  50|         11|   32|        352|
    |grp_fu_3580_p0                   |  47|         10|   32|        320|
    |grp_fu_3580_p1                   |  47|         10|   32|        320|
    |grp_fu_3584_p0                   |  50|         11|   32|        352|
    |grp_fu_3584_p1                   |  50|         11|   32|        352|
    |grp_fu_3588_p0                   |  50|         11|   32|        352|
    |grp_fu_3588_p1                   |  50|         11|   32|        352|
    |grp_fu_3592_p0                   |  50|         11|   32|        352|
    |grp_fu_3592_p1                   |  50|         11|   32|        352|
    |grp_fu_3596_p0                   |  50|         11|   32|        352|
    |grp_fu_3596_p1                   |  50|         11|   32|        352|
    |grp_fu_3600_p0                   |  50|         11|   32|        352|
    |grp_fu_3600_p1                   |  50|         11|   32|        352|
    |grp_fu_3604_p0                   |  47|         10|   32|        320|
    |grp_fu_3604_p1                   |  47|         10|   32|        320|
    |i_0_i_reg_3499                   |   9|          2|    9|         18|
    |knownFeatures_0_address0         |  85|         17|   14|        238|
    |knownFeatures_0_address1         |  85|         17|   14|        238|
    |knownFeatures_1_address0         |  85|         17|   14|        238|
    |knownFeatures_1_address1         |  85|         17|   14|        238|
    |knownFeatures_2_address0         |  85|         17|   14|        238|
    |knownFeatures_2_address1         |  85|         17|   14|        238|
    |knownFeatures_3_address0         |  85|         17|   14|        238|
    |knownFeatures_3_address1         |  85|         17|   14|        238|
    |xFeatures_0_blk_n                |   9|          2|    1|          2|
    |xFeatures_100_blk_n              |   9|          2|    1|          2|
    |xFeatures_101_blk_n              |   9|          2|    1|          2|
    |xFeatures_102_blk_n              |   9|          2|    1|          2|
    |xFeatures_103_blk_n              |   9|          2|    1|          2|
    |xFeatures_104_blk_n              |   9|          2|    1|          2|
    |xFeatures_105_blk_n              |   9|          2|    1|          2|
    |xFeatures_106_blk_n              |   9|          2|    1|          2|
    |xFeatures_107_blk_n              |   9|          2|    1|          2|
    |xFeatures_108_blk_n              |   9|          2|    1|          2|
    |xFeatures_109_blk_n              |   9|          2|    1|          2|
    |xFeatures_10_blk_n               |   9|          2|    1|          2|
    |xFeatures_110_blk_n              |   9|          2|    1|          2|
    |xFeatures_111_blk_n              |   9|          2|    1|          2|
    |xFeatures_112_blk_n              |   9|          2|    1|          2|
    |xFeatures_113_blk_n              |   9|          2|    1|          2|
    |xFeatures_114_blk_n              |   9|          2|    1|          2|
    |xFeatures_115_blk_n              |   9|          2|    1|          2|
    |xFeatures_116_blk_n              |   9|          2|    1|          2|
    |xFeatures_117_blk_n              |   9|          2|    1|          2|
    |xFeatures_118_blk_n              |   9|          2|    1|          2|
    |xFeatures_119_blk_n              |   9|          2|    1|          2|
    |xFeatures_11_blk_n               |   9|          2|    1|          2|
    |xFeatures_120_blk_n              |   9|          2|    1|          2|
    |xFeatures_121_blk_n              |   9|          2|    1|          2|
    |xFeatures_122_blk_n              |   9|          2|    1|          2|
    |xFeatures_123_blk_n              |   9|          2|    1|          2|
    |xFeatures_124_blk_n              |   9|          2|    1|          2|
    |xFeatures_125_blk_n              |   9|          2|    1|          2|
    |xFeatures_126_blk_n              |   9|          2|    1|          2|
    |xFeatures_127_blk_n              |   9|          2|    1|          2|
    |xFeatures_12_blk_n               |   9|          2|    1|          2|
    |xFeatures_13_blk_n               |   9|          2|    1|          2|
    |xFeatures_14_blk_n               |   9|          2|    1|          2|
    |xFeatures_15_blk_n               |   9|          2|    1|          2|
    |xFeatures_16_blk_n               |   9|          2|    1|          2|
    |xFeatures_17_blk_n               |   9|          2|    1|          2|
    |xFeatures_18_blk_n               |   9|          2|    1|          2|
    |xFeatures_19_blk_n               |   9|          2|    1|          2|
    |xFeatures_1_blk_n                |   9|          2|    1|          2|
    |xFeatures_20_blk_n               |   9|          2|    1|          2|
    |xFeatures_21_blk_n               |   9|          2|    1|          2|
    |xFeatures_22_blk_n               |   9|          2|    1|          2|
    |xFeatures_23_blk_n               |   9|          2|    1|          2|
    |xFeatures_24_blk_n               |   9|          2|    1|          2|
    |xFeatures_25_blk_n               |   9|          2|    1|          2|
    |xFeatures_26_blk_n               |   9|          2|    1|          2|
    |xFeatures_27_blk_n               |   9|          2|    1|          2|
    |xFeatures_28_blk_n               |   9|          2|    1|          2|
    |xFeatures_29_blk_n               |   9|          2|    1|          2|
    |xFeatures_2_blk_n                |   9|          2|    1|          2|
    |xFeatures_30_blk_n               |   9|          2|    1|          2|
    |xFeatures_31_blk_n               |   9|          2|    1|          2|
    |xFeatures_32_blk_n               |   9|          2|    1|          2|
    |xFeatures_33_blk_n               |   9|          2|    1|          2|
    |xFeatures_34_blk_n               |   9|          2|    1|          2|
    |xFeatures_35_blk_n               |   9|          2|    1|          2|
    |xFeatures_36_blk_n               |   9|          2|    1|          2|
    |xFeatures_37_blk_n               |   9|          2|    1|          2|
    |xFeatures_38_blk_n               |   9|          2|    1|          2|
    |xFeatures_39_blk_n               |   9|          2|    1|          2|
    |xFeatures_3_blk_n                |   9|          2|    1|          2|
    |xFeatures_40_blk_n               |   9|          2|    1|          2|
    |xFeatures_41_blk_n               |   9|          2|    1|          2|
    |xFeatures_42_blk_n               |   9|          2|    1|          2|
    |xFeatures_43_blk_n               |   9|          2|    1|          2|
    |xFeatures_44_blk_n               |   9|          2|    1|          2|
    |xFeatures_45_blk_n               |   9|          2|    1|          2|
    |xFeatures_46_blk_n               |   9|          2|    1|          2|
    |xFeatures_47_blk_n               |   9|          2|    1|          2|
    |xFeatures_48_blk_n               |   9|          2|    1|          2|
    |xFeatures_49_blk_n               |   9|          2|    1|          2|
    |xFeatures_4_blk_n                |   9|          2|    1|          2|
    |xFeatures_50_blk_n               |   9|          2|    1|          2|
    |xFeatures_51_blk_n               |   9|          2|    1|          2|
    |xFeatures_52_blk_n               |   9|          2|    1|          2|
    |xFeatures_53_blk_n               |   9|          2|    1|          2|
    |xFeatures_54_blk_n               |   9|          2|    1|          2|
    |xFeatures_55_blk_n               |   9|          2|    1|          2|
    |xFeatures_56_blk_n               |   9|          2|    1|          2|
    |xFeatures_57_blk_n               |   9|          2|    1|          2|
    |xFeatures_58_blk_n               |   9|          2|    1|          2|
    |xFeatures_59_blk_n               |   9|          2|    1|          2|
    |xFeatures_5_blk_n                |   9|          2|    1|          2|
    |xFeatures_60_blk_n               |   9|          2|    1|          2|
    |xFeatures_61_blk_n               |   9|          2|    1|          2|
    |xFeatures_62_blk_n               |   9|          2|    1|          2|
    |xFeatures_63_blk_n               |   9|          2|    1|          2|
    |xFeatures_64_blk_n               |   9|          2|    1|          2|
    |xFeatures_65_blk_n               |   9|          2|    1|          2|
    |xFeatures_66_blk_n               |   9|          2|    1|          2|
    |xFeatures_67_blk_n               |   9|          2|    1|          2|
    |xFeatures_68_blk_n               |   9|          2|    1|          2|
    |xFeatures_69_blk_n               |   9|          2|    1|          2|
    |xFeatures_6_blk_n                |   9|          2|    1|          2|
    |xFeatures_70_blk_n               |   9|          2|    1|          2|
    |xFeatures_71_blk_n               |   9|          2|    1|          2|
    |xFeatures_72_blk_n               |   9|          2|    1|          2|
    |xFeatures_73_blk_n               |   9|          2|    1|          2|
    |xFeatures_74_blk_n               |   9|          2|    1|          2|
    |xFeatures_75_blk_n               |   9|          2|    1|          2|
    |xFeatures_76_blk_n               |   9|          2|    1|          2|
    |xFeatures_77_blk_n               |   9|          2|    1|          2|
    |xFeatures_78_blk_n               |   9|          2|    1|          2|
    |xFeatures_79_blk_n               |   9|          2|    1|          2|
    |xFeatures_7_blk_n                |   9|          2|    1|          2|
    |xFeatures_80_blk_n               |   9|          2|    1|          2|
    |xFeatures_81_blk_n               |   9|          2|    1|          2|
    |xFeatures_82_blk_n               |   9|          2|    1|          2|
    |xFeatures_83_blk_n               |   9|          2|    1|          2|
    |xFeatures_84_blk_n               |   9|          2|    1|          2|
    |xFeatures_85_blk_n               |   9|          2|    1|          2|
    |xFeatures_86_blk_n               |   9|          2|    1|          2|
    |xFeatures_87_blk_n               |   9|          2|    1|          2|
    |xFeatures_88_blk_n               |   9|          2|    1|          2|
    |xFeatures_89_blk_n               |   9|          2|    1|          2|
    |xFeatures_8_blk_n                |   9|          2|    1|          2|
    |xFeatures_90_blk_n               |   9|          2|    1|          2|
    |xFeatures_91_blk_n               |   9|          2|    1|          2|
    |xFeatures_92_blk_n               |   9|          2|    1|          2|
    |xFeatures_93_blk_n               |   9|          2|    1|          2|
    |xFeatures_94_blk_n               |   9|          2|    1|          2|
    |xFeatures_95_blk_n               |   9|          2|    1|          2|
    |xFeatures_96_blk_n               |   9|          2|    1|          2|
    |xFeatures_97_blk_n               |   9|          2|    1|          2|
    |xFeatures_98_blk_n               |   9|          2|    1|          2|
    |xFeatures_99_blk_n               |   9|          2|    1|          2|
    |xFeatures_9_blk_n                |   9|          2|    1|          2|
    +---------------------------------+----+-----------+-----+-----------+
    |Total                            |4969|       1059| 1797|      22699|
    +---------------------------------+----+-----------+-----+-----------+

    * Register: 
    +-------------------------------------+-----+----+-----+-----------+
    |                 Name                |  FF | LUT| Bits| Const Bits|
    +-------------------------------------+-----+----+-----+-----------+
    |ap_CS_fsm                            |   18|   0|   18|          0|
    |ap_done_reg                          |    1|   0|    1|          0|
    |ap_enable_reg_pp0_iter0              |    1|   0|    1|          0|
    |ap_enable_reg_pp0_iter1              |    1|   0|    1|          0|
    |ap_enable_reg_pp0_iter10             |    1|   0|    1|          0|
    |ap_enable_reg_pp0_iter11             |    1|   0|    1|          0|
    |ap_enable_reg_pp0_iter12             |    1|   0|    1|          0|
    |ap_enable_reg_pp0_iter13             |    1|   0|    1|          0|
    |ap_enable_reg_pp0_iter14             |    1|   0|    1|          0|
    |ap_enable_reg_pp0_iter15             |    1|   0|    1|          0|
    |ap_enable_reg_pp0_iter16             |    1|   0|    1|          0|
    |ap_enable_reg_pp0_iter17             |    1|   0|    1|          0|
    |ap_enable_reg_pp0_iter18             |    1|   0|    1|          0|
    |ap_enable_reg_pp0_iter19             |    1|   0|    1|          0|
    |ap_enable_reg_pp0_iter2              |    1|   0|    1|          0|
    |ap_enable_reg_pp0_iter20             |    1|   0|    1|          0|
    |ap_enable_reg_pp0_iter21             |    1|   0|    1|          0|
    |ap_enable_reg_pp0_iter22             |    1|   0|    1|          0|
    |ap_enable_reg_pp0_iter23             |    1|   0|    1|          0|
    |ap_enable_reg_pp0_iter24             |    1|   0|    1|          0|
    |ap_enable_reg_pp0_iter25             |    1|   0|    1|          0|
    |ap_enable_reg_pp0_iter26             |    1|   0|    1|          0|
    |ap_enable_reg_pp0_iter27             |    1|   0|    1|          0|
    |ap_enable_reg_pp0_iter28             |    1|   0|    1|          0|
    |ap_enable_reg_pp0_iter29             |    1|   0|    1|          0|
    |ap_enable_reg_pp0_iter3              |    1|   0|    1|          0|
    |ap_enable_reg_pp0_iter4              |    1|   0|    1|          0|
    |ap_enable_reg_pp0_iter5              |    1|   0|    1|          0|
    |ap_enable_reg_pp0_iter6              |    1|   0|    1|          0|
    |ap_enable_reg_pp0_iter7              |    1|   0|    1|          0|
    |ap_enable_reg_pp0_iter8              |    1|   0|    1|          0|
    |ap_enable_reg_pp0_iter9              |    1|   0|    1|          0|
    |distance_w113_reg_6964               |   32|   0|   32|          0|
    |distance_w114_reg_6939               |   32|   0|   32|          0|
    |distance_w124_reg_6999               |   32|   0|   32|          0|
    |distance_w14_reg_7004                |   32|   0|   32|          0|
    |distance_w16_reg_7014                |   32|   0|   32|          0|
    |distance_w17_reg_7029                |   32|   0|   32|          0|
    |distance_w18_reg_7024                |   32|   0|   32|          0|
    |distance_w20_reg_7039                |   32|   0|   32|          0|
    |distance_w23_reg_7019                |   32|   0|   32|          0|
    |distance_w30_reg_6909                |   32|   0|   32|          0|
    |distance_w31_reg_6944                |   32|   0|   32|          0|
    |distance_w32_reg_6924                |   32|   0|   32|          0|
    |distance_w47_reg_7034                |   32|   0|   32|          0|
    |distance_w48_reg_6974                |   32|   0|   32|          0|
    |distance_w49_reg_6914                |   32|   0|   32|          0|
    |distance_w50_reg_6984                |   32|   0|   32|          0|
    |distance_w53_reg_6934                |   32|   0|   32|          0|
    |distance_w60_reg_6959                |   32|   0|   32|          0|
    |distance_w65_reg_6929                |   32|   0|   32|          0|
    |distance_w66_reg_6899                |   32|   0|   32|          0|
    |distance_w67_reg_6919                |   32|   0|   32|          0|
    |distance_w68_reg_6979                |   32|   0|   32|          0|
    |distance_w69_reg_6954                |   32|   0|   32|          0|
    |distance_w71_reg_7009                |   32|   0|   32|          0|
    |distance_w75_reg_6969                |   32|   0|   32|          0|
    |distance_w82_reg_6994                |   32|   0|   32|          0|
    |distance_w86_reg_6989                |   32|   0|   32|          0|
    |distance_w86_reg_6989_pp0_iter4_reg  |   32|   0|   32|          0|
    |distance_w97_reg_6904                |   32|   0|   32|          0|
    |distance_w98_reg_6949                |   32|   0|   32|          0|
    |i_0_i_reg_3499                       |    9|   0|    9|          0|
    |i_reg_5587                           |    9|   0|    9|          0|
    |icmp_ln271_reg_5583                  |    1|   0|    1|          0|
    |knownFeatures_0_loa_19_reg_6529      |   32|   0|   32|          0|
    |knownFeatures_0_loa_31_reg_6549      |   32|   0|   32|          0|
    |knownFeatures_1_loa_19_reg_6534      |   32|   0|   32|          0|
    |knownFeatures_1_loa_31_reg_6554      |   32|   0|   32|          0|
    |knownFeatures_2_loa_19_reg_6539      |   32|   0|   32|          0|
    |knownFeatures_2_loa_31_reg_6559      |   32|   0|   32|          0|
    |knownFeatures_3_loa_19_reg_6544      |   32|   0|   32|          0|
    |knownFeatures_3_loa_31_reg_6564      |   32|   0|   32|          0|
    |reg_3608                             |   32|   0|   32|          0|
    |reg_3613                             |   32|   0|   32|          0|
    |reg_3618                             |   32|   0|   32|          0|
    |reg_3623                             |   32|   0|   32|          0|
    |reg_3629                             |   32|   0|   32|          0|
    |reg_3635                             |   32|   0|   32|          0|
    |reg_3641                             |   32|   0|   32|          0|
    |reg_3647                             |   32|   0|   32|          0|
    |reg_3652                             |   32|   0|   32|          0|
    |reg_3657                             |   32|   0|   32|          0|
    |reg_3662                             |   32|   0|   32|          0|
    |reg_3667                             |   32|   0|   32|          0|
    |reg_3673                             |   32|   0|   32|          0|
    |reg_3679                             |   32|   0|   32|          0|
    |reg_3685                             |   32|   0|   32|          0|
    |reg_3691                             |   32|   0|   32|          0|
    |reg_3696                             |   32|   0|   32|          0|
    |reg_3701                             |   32|   0|   32|          0|
    |reg_3706                             |   32|   0|   32|          0|
    |reg_3711                             |   32|   0|   32|          0|
    |reg_3717                             |   32|   0|   32|          0|
    |reg_3723                             |   32|   0|   32|          0|
    |reg_3729                             |   32|   0|   32|          0|
    |reg_3735                             |   32|   0|   32|          0|
    |reg_3740                             |   32|   0|   32|          0|
    |reg_3746                             |   32|   0|   32|          0|
    |reg_3752                             |   32|   0|   32|          0|
    |reg_3758                             |   32|   0|   32|          0|
    |reg_3764                             |   32|   0|   32|          0|
    |reg_3769                             |   32|   0|   32|          0|
    |reg_3774                             |   32|   0|   32|          0|
    |reg_3779                             |   32|   0|   32|          0|
    |reg_3784                             |   32|   0|   32|          0|
    |reg_3789                             |   32|   0|   32|          0|
    |reg_3794                             |   32|   0|   32|          0|
    |reg_3799                             |   32|   0|   32|          0|
    |reg_3805                             |   32|   0|   32|          0|
    |reg_3811                             |   32|   0|   32|          0|
    |reg_3817                             |   32|   0|   32|          0|
    |reg_3823                             |   32|   0|   32|          0|
    |reg_3828                             |   32|   0|   32|          0|
    |reg_3836                             |   32|   0|   32|          0|
    |reg_3844                             |   32|   0|   32|          0|
    |reg_3852                             |   32|   0|   32|          0|
    |reg_3860                             |   32|   0|   32|          0|
    |reg_3868                             |   32|   0|   32|          0|
    |reg_3876                             |   32|   0|   32|          0|
    |reg_3884                             |   32|   0|   32|          0|
    |reg_3892                             |   32|   0|   32|          0|
    |reg_3902                             |   32|   0|   32|          0|
    |reg_3912                             |   32|   0|   32|          0|
    |reg_3922                             |   32|   0|   32|          0|
    |reg_3930                             |   32|   0|   32|          0|
    |reg_3938                             |   32|   0|   32|          0|
    |reg_3946                             |   32|   0|   32|          0|
    |reg_3954                             |   32|   0|   32|          0|
    |reg_3964                             |   32|   0|   32|          0|
    |reg_3972                             |   32|   0|   32|          0|
    |reg_3980                             |   32|   0|   32|          0|
    |reg_3990                             |   32|   0|   32|          0|
    |reg_4000                             |   32|   0|   32|          0|
    |reg_4010                             |   32|   0|   32|          0|
    |reg_4018                             |   32|   0|   32|          0|
    |reg_4026                             |   32|   0|   32|          0|
    |reg_4034                             |   32|   0|   32|          0|
    |reg_4044                             |   32|   0|   32|          0|
    |reg_4054                             |   32|   0|   32|          0|
    |reg_4064                             |   32|   0|   32|          0|
    |reg_4074                             |   32|   0|   32|          0|
    |reg_4084                             |   32|   0|   32|          0|
    |reg_4094                             |   32|   0|   32|          0|
    |reg_4104                             |   32|   0|   32|          0|
    |reg_4112                             |   32|   0|   32|          0|
    |reg_4118                             |   32|   0|   32|          0|
    |reg_4124                             |   32|   0|   32|          0|
    |reg_4130                             |   32|   0|   32|          0|
    |reg_4136                             |   32|   0|   32|          0|
    |reg_4142                             |   32|   0|   32|          0|
    |reg_4148                             |   32|   0|   32|          0|
    |reg_4154                             |   32|   0|   32|          0|
    |reg_4159                             |   32|   0|   32|          0|
    |reg_4165                             |   32|   0|   32|          0|
    |reg_4171                             |   32|   0|   32|          0|
    |reg_4177                             |   32|   0|   32|          0|
    |reg_4183                             |   32|   0|   32|          0|
    |reg_4189                             |   32|   0|   32|          0|
    |reg_4195                             |   32|   0|   32|          0|
    |reg_4202                             |   32|   0|   32|          0|
    |reg_4207                             |   32|   0|   32|          0|
    |reg_4213                             |   32|   0|   32|          0|
    |reg_4219                             |   32|   0|   32|          0|
    |reg_4225                             |   32|   0|   32|          0|
    |reg_4231                             |   32|   0|   32|          0|
    |reg_4238                             |   32|   0|   32|          0|
    |reg_4244                             |   32|   0|   32|          0|
    |reg_4251                             |   32|   0|   32|          0|
    |reg_4257                             |   32|   0|   32|          0|
    |reg_4263                             |   32|   0|   32|          0|
    |reg_4270                             |   32|   0|   32|          0|
    |reg_4277                             |   32|   0|   32|          0|
    |reg_4284                             |   32|   0|   32|          0|
    |reg_4289                             |   32|   0|   32|          0|
    |reg_4295                             |   32|   0|   32|          0|
    |reg_4302                             |   32|   0|   32|          0|
    |reg_4309                             |   32|   0|   32|          0|
    |reg_4316                             |   32|   0|   32|          0|
    |reg_4321                             |   32|   0|   32|          0|
    |reg_4327                             |   32|   0|   32|          0|
    |reg_4334                             |   32|   0|   32|          0|
    |reg_4341                             |   32|   0|   32|          0|
    |reg_4348                             |   32|   0|   32|          0|
    |reg_4353                             |   32|   0|   32|          0|
    |reg_4359                             |   32|   0|   32|          0|
    |reg_4365                             |   32|   0|   32|          0|
    |reg_4372                             |   32|   0|   32|          0|
    |reg_4378                             |   32|   0|   32|          0|
    |reg_4383                             |   32|   0|   32|          0|
    |reg_4389                             |   32|   0|   32|          0|
    |tmp_100_i_reg_6599                   |   32|   0|   32|          0|
    |tmp_101_i_reg_6604                   |   32|   0|   32|          0|
    |tmp_102_i_reg_6609                   |   32|   0|   32|          0|
    |tmp_103_i_reg_6614                   |   32|   0|   32|          0|
    |tmp_104_i_reg_6619                   |   32|   0|   32|          0|
    |tmp_105_i_reg_6624                   |   32|   0|   32|          0|
    |tmp_106_i_reg_6629                   |   32|   0|   32|          0|
    |tmp_107_i_reg_6634                   |   32|   0|   32|          0|
    |tmp_108_i_reg_6639                   |   32|   0|   32|          0|
    |tmp_109_i_reg_6644                   |   32|   0|   32|          0|
    |tmp_10_i_reg_6774                    |   32|   0|   32|          0|
    |tmp_110_i_reg_6649                   |   32|   0|   32|          0|
    |tmp_111_i_reg_6654                   |   32|   0|   32|          0|
    |tmp_112_i_reg_6659                   |   32|   0|   32|          0|
    |tmp_113_i_reg_6664                   |   32|   0|   32|          0|
    |tmp_114_i_reg_6669                   |   32|   0|   32|          0|
    |tmp_115_i_reg_6674                   |   32|   0|   32|          0|
    |tmp_116_i_reg_6679                   |   32|   0|   32|          0|
    |tmp_117_i_reg_6684                   |   32|   0|   32|          0|
    |tmp_118_i_reg_6689                   |   32|   0|   32|          0|
    |tmp_119_i_reg_6694                   |   32|   0|   32|          0|
    |tmp_11_i_reg_6779                    |   32|   0|   32|          0|
    |tmp_120_i_reg_6699                   |   32|   0|   32|          0|
    |tmp_121_i_reg_6844                   |   32|   0|   32|          0|
    |tmp_122_i_reg_6874                   |   32|   0|   32|          0|
    |tmp_123_i_reg_6879                   |   32|   0|   32|          0|
    |tmp_124_i_reg_6884                   |   32|   0|   32|          0|
    |tmp_125_i_reg_6889                   |   32|   0|   32|          0|
    |tmp_126_i_reg_6894                   |   32|   0|   32|          0|
    |tmp_12_i_reg_6784                    |   32|   0|   32|          0|
    |tmp_14_i_reg_6869                    |   32|   0|   32|          0|
    |tmp_15_i_reg_6739                    |   32|   0|   32|          0|
    |tmp_16_i_reg_6744                    |   32|   0|   32|          0|
    |tmp_17_i_reg_6819                    |   32|   0|   32|          0|
    |tmp_18_i_reg_6824                    |   32|   0|   32|          0|
    |tmp_19_i_reg_6849                    |   32|   0|   32|          0|
    |tmp_21_i_reg_6749                    |   32|   0|   32|          0|
    |tmp_22_i_reg_6754                    |   32|   0|   32|          0|
    |tmp_24_i_reg_6704                    |   32|   0|   32|          0|
    |tmp_25_i_reg_6709                    |   32|   0|   32|          0|
    |tmp_28_i_reg_6829                    |   32|   0|   32|          0|
    |tmp_29_i_reg_6789                    |   32|   0|   32|          0|
    |tmp_2_i_reg_6729                     |   32|   0|   32|          0|
    |tmp_30_i_reg_6714                    |   32|   0|   32|          0|
    |tmp_31_i_reg_6719                    |   32|   0|   32|          0|
    |tmp_32_i_reg_6834                    |   32|   0|   32|          0|
    |tmp_33_i_reg_6839                    |   32|   0|   32|          0|
    |tmp_35_i_reg_6854                    |   32|   0|   32|          0|
    |tmp_36_i_reg_6859                    |   32|   0|   32|          0|
    |tmp_37_i_reg_6864                    |   32|   0|   32|          0|
    |tmp_3_i_reg_6734                     |   32|   0|   32|          0|
    |tmp_40_i_reg_6794                    |   32|   0|   32|          0|
    |tmp_41_i_reg_6799                    |   32|   0|   32|          0|
    |tmp_42_i_reg_6804                    |   32|   0|   32|          0|
    |tmp_43_i_reg_6759                    |   32|   0|   32|          0|
    |tmp_44_i_reg_6764                    |   32|   0|   32|          0|
    |tmp_45_i_reg_6724                    |   32|   0|   32|          0|
    |tmp_47_reg_5986                      |    9|   0|   64|         55|
    |tmp_48_i_reg_6085                    |   32|   0|   32|          0|
    |tmp_49_i_reg_6090                    |   32|   0|   32|          0|
    |tmp_50_i_reg_6095                    |   32|   0|   32|          0|
    |tmp_50_i_reg_6095_pp0_iter1_reg      |   32|   0|   32|          0|
    |tmp_50_reg_6001                      |    9|   0|   64|         55|
    |tmp_51_i_reg_6100                    |   32|   0|   32|          0|
    |tmp_51_i_reg_6100_pp0_iter1_reg      |   32|   0|   32|          0|
    |tmp_52_i_reg_6105                    |   32|   0|   32|          0|
    |tmp_52_reg_6048                      |    9|   0|   64|         55|
    |tmp_53_i_reg_6110                    |   32|   0|   32|          0|
    |tmp_54_i_reg_6162                    |   32|   0|   32|          0|
    |tmp_54_reg_6125                      |    9|   0|   64|         55|
    |tmp_55_i_reg_6167                    |   32|   0|   32|          0|
    |tmp_56_i_reg_6172                    |   32|   0|   32|          0|
    |tmp_56_reg_6212                      |    9|   0|   64|         55|
    |tmp_57_i_reg_6177                    |   32|   0|   32|          0|
    |tmp_58_i_reg_6182                    |   32|   0|   32|          0|
    |tmp_59_i_reg_6187                    |   32|   0|   32|          0|
    |tmp_60_i_reg_6192                    |   32|   0|   32|          0|
    |tmp_61_i_reg_6197                    |   32|   0|   32|          0|
    |tmp_62_i_reg_6249                    |   32|   0|   32|          0|
    |tmp_63_i_reg_6254                    |   32|   0|   32|          0|
    |tmp_64_i_reg_6259                    |   32|   0|   32|          0|
    |tmp_65_i_reg_6264                    |   32|   0|   32|          0|
    |tmp_66_i_reg_6269                    |   32|   0|   32|          0|
    |tmp_67_i_reg_6274                    |   32|   0|   32|          0|
    |tmp_68_i_reg_6279                    |   32|   0|   32|          0|
    |tmp_69_i_reg_6284                    |   32|   0|   32|          0|
    |tmp_70_i_reg_6329                    |   32|   0|   32|          0|
    |tmp_71_i_reg_6334                    |   32|   0|   32|          0|
    |tmp_72_i_reg_6339                    |   32|   0|   32|          0|
    |tmp_73_i_reg_6344                    |   32|   0|   32|          0|
    |tmp_74_i_reg_6349                    |   32|   0|   32|          0|
    |tmp_75_i_reg_6354                    |   32|   0|   32|          0|
    |tmp_76_i_reg_6359                    |   32|   0|   32|          0|
    |tmp_77_i_reg_6364                    |   32|   0|   32|          0|
    |tmp_78_i_reg_6409                    |   32|   0|   32|          0|
    |tmp_79_i_reg_6414                    |   32|   0|   32|          0|
    |tmp_80_i_reg_6419                    |   32|   0|   32|          0|
    |tmp_81_i_reg_6424                    |   32|   0|   32|          0|
    |tmp_82_i_reg_6429                    |   32|   0|   32|          0|
    |tmp_83_i_reg_6434                    |   32|   0|   32|          0|
    |tmp_84_i_reg_6439                    |   32|   0|   32|          0|
    |tmp_85_i_reg_6444                    |   32|   0|   32|          0|
    |tmp_86_i_reg_6489                    |   32|   0|   32|          0|
    |tmp_87_i_reg_6494                    |   32|   0|   32|          0|
    |tmp_88_i_reg_6499                    |   32|   0|   32|          0|
    |tmp_89_i_reg_6504                    |   32|   0|   32|          0|
    |tmp_8_i_reg_6809                     |   32|   0|   32|          0|
    |tmp_90_i_reg_6509                    |   32|   0|   32|          0|
    |tmp_91_i_reg_6514                    |   32|   0|   32|          0|
    |tmp_92_i_reg_6519                    |   32|   0|   32|          0|
    |tmp_93_i_reg_6524                    |   32|   0|   32|          0|
    |tmp_94_i_reg_6569                    |   32|   0|   32|          0|
    |tmp_95_i_reg_6574                    |   32|   0|   32|          0|
    |tmp_96_i_reg_6579                    |   32|   0|   32|          0|
    |tmp_97_i_reg_6584                    |   32|   0|   32|          0|
    |tmp_98_i_reg_6589                    |   32|   0|   32|          0|
    |tmp_99_i_reg_6594                    |   32|   0|   32|          0|
    |tmp_9_i_reg_6814                     |   32|   0|   32|          0|
    |tmp_i_266_reg_6769                   |   32|   0|   32|          0|
    |tmp_reg_5592                         |    9|   0|   14|          5|
    |xFeatures_0_read_reg_4943            |   32|   0|   32|          0|
    |xFeatures_100_read_reg_5443          |   32|   0|   32|          0|
    |xFeatures_101_read_reg_5448          |   32|   0|   32|          0|
    |xFeatures_102_read_reg_5453          |   32|   0|   32|          0|
    |xFeatures_103_read_reg_5458          |   32|   0|   32|          0|
    |xFeatures_104_read_reg_5463          |   32|   0|   32|          0|
    |xFeatures_105_read_reg_5468          |   32|   0|   32|          0|
    |xFeatures_106_read_reg_5473          |   32|   0|   32|          0|
    |xFeatures_107_read_reg_5478          |   32|   0|   32|          0|
    |xFeatures_108_read_reg_5483          |   32|   0|   32|          0|
    |xFeatures_109_read_reg_5488          |   32|   0|   32|          0|
    |xFeatures_10_read_reg_4993           |   32|   0|   32|          0|
    |xFeatures_110_read_reg_5493          |   32|   0|   32|          0|
    |xFeatures_111_read_reg_5498          |   32|   0|   32|          0|
    |xFeatures_112_read_reg_5503          |   32|   0|   32|          0|
    |xFeatures_113_read_reg_5508          |   32|   0|   32|          0|
    |xFeatures_114_read_reg_5513          |   32|   0|   32|          0|
    |xFeatures_115_read_reg_5518          |   32|   0|   32|          0|
    |xFeatures_116_read_reg_5523          |   32|   0|   32|          0|
    |xFeatures_117_read_reg_5528          |   32|   0|   32|          0|
    |xFeatures_118_read_reg_5533          |   32|   0|   32|          0|
    |xFeatures_119_read_reg_5538          |   32|   0|   32|          0|
    |xFeatures_11_read_reg_4998           |   32|   0|   32|          0|
    |xFeatures_120_read_reg_5543          |   32|   0|   32|          0|
    |xFeatures_121_read_reg_5548          |   32|   0|   32|          0|
    |xFeatures_122_read_reg_5553          |   32|   0|   32|          0|
    |xFeatures_123_read_reg_5558          |   32|   0|   32|          0|
    |xFeatures_124_read_reg_5563          |   32|   0|   32|          0|
    |xFeatures_125_read_reg_5568          |   32|   0|   32|          0|
    |xFeatures_126_read_reg_5573          |   32|   0|   32|          0|
    |xFeatures_127_read_reg_5578          |   32|   0|   32|          0|
    |xFeatures_12_read_reg_5003           |   32|   0|   32|          0|
    |xFeatures_13_read_reg_5008           |   32|   0|   32|          0|
    |xFeatures_14_read_reg_5013           |   32|   0|   32|          0|
    |xFeatures_15_read_reg_5018           |   32|   0|   32|          0|
    |xFeatures_16_read_reg_5023           |   32|   0|   32|          0|
    |xFeatures_17_read_reg_5028           |   32|   0|   32|          0|
    |xFeatures_18_read_reg_5033           |   32|   0|   32|          0|
    |xFeatures_19_read_reg_5038           |   32|   0|   32|          0|
    |xFeatures_1_read_reg_4948            |   32|   0|   32|          0|
    |xFeatures_20_read_reg_5043           |   32|   0|   32|          0|
    |xFeatures_21_read_reg_5048           |   32|   0|   32|          0|
    |xFeatures_22_read_reg_5053           |   32|   0|   32|          0|
    |xFeatures_23_read_reg_5058           |   32|   0|   32|          0|
    |xFeatures_24_read_reg_5063           |   32|   0|   32|          0|
    |xFeatures_25_read_reg_5068           |   32|   0|   32|          0|
    |xFeatures_26_read_reg_5073           |   32|   0|   32|          0|
    |xFeatures_27_read_reg_5078           |   32|   0|   32|          0|
    |xFeatures_28_read_reg_5083           |   32|   0|   32|          0|
    |xFeatures_29_read_reg_5088           |   32|   0|   32|          0|
    |xFeatures_2_read_reg_4953            |   32|   0|   32|          0|
    |xFeatures_30_read_reg_5093           |   32|   0|   32|          0|
    |xFeatures_31_read_reg_5098           |   32|   0|   32|          0|
    |xFeatures_32_read_reg_5103           |   32|   0|   32|          0|
    |xFeatures_33_read_reg_5108           |   32|   0|   32|          0|
    |xFeatures_34_read_reg_5113           |   32|   0|   32|          0|
    |xFeatures_35_read_reg_5118           |   32|   0|   32|          0|
    |xFeatures_36_read_reg_5123           |   32|   0|   32|          0|
    |xFeatures_37_read_reg_5128           |   32|   0|   32|          0|
    |xFeatures_38_read_reg_5133           |   32|   0|   32|          0|
    |xFeatures_39_read_reg_5138           |   32|   0|   32|          0|
    |xFeatures_3_read_reg_4958            |   32|   0|   32|          0|
    |xFeatures_40_read_reg_5143           |   32|   0|   32|          0|
    |xFeatures_41_read_reg_5148           |   32|   0|   32|          0|
    |xFeatures_42_read_reg_5153           |   32|   0|   32|          0|
    |xFeatures_43_read_reg_5158           |   32|   0|   32|          0|
    |xFeatures_44_read_reg_5163           |   32|   0|   32|          0|
    |xFeatures_45_read_reg_5168           |   32|   0|   32|          0|
    |xFeatures_46_read_reg_5173           |   32|   0|   32|          0|
    |xFeatures_47_read_reg_5178           |   32|   0|   32|          0|
    |xFeatures_48_read_reg_5183           |   32|   0|   32|          0|
    |xFeatures_49_read_reg_5188           |   32|   0|   32|          0|
    |xFeatures_4_read_reg_4963            |   32|   0|   32|          0|
    |xFeatures_50_read_reg_5193           |   32|   0|   32|          0|
    |xFeatures_51_read_reg_5198           |   32|   0|   32|          0|
    |xFeatures_52_read_reg_5203           |   32|   0|   32|          0|
    |xFeatures_53_read_reg_5208           |   32|   0|   32|          0|
    |xFeatures_54_read_reg_5213           |   32|   0|   32|          0|
    |xFeatures_55_read_reg_5218           |   32|   0|   32|          0|
    |xFeatures_56_read_reg_5223           |   32|   0|   32|          0|
    |xFeatures_57_read_reg_5228           |   32|   0|   32|          0|
    |xFeatures_58_read_reg_5233           |   32|   0|   32|          0|
    |xFeatures_59_read_reg_5238           |   32|   0|   32|          0|
    |xFeatures_5_read_reg_4968            |   32|   0|   32|          0|
    |xFeatures_60_read_reg_5243           |   32|   0|   32|          0|
    |xFeatures_61_read_reg_5248           |   32|   0|   32|          0|
    |xFeatures_62_read_reg_5253           |   32|   0|   32|          0|
    |xFeatures_63_read_reg_5258           |   32|   0|   32|          0|
    |xFeatures_64_read_reg_5263           |   32|   0|   32|          0|
    |xFeatures_65_read_reg_5268           |   32|   0|   32|          0|
    |xFeatures_66_read_reg_5273           |   32|   0|   32|          0|
    |xFeatures_67_read_reg_5278           |   32|   0|   32|          0|
    |xFeatures_68_read_reg_5283           |   32|   0|   32|          0|
    |xFeatures_69_read_reg_5288           |   32|   0|   32|          0|
    |xFeatures_6_read_reg_4973            |   32|   0|   32|          0|
    |xFeatures_70_read_reg_5293           |   32|   0|   32|          0|
    |xFeatures_71_read_reg_5298           |   32|   0|   32|          0|
    |xFeatures_72_read_reg_5303           |   32|   0|   32|          0|
    |xFeatures_73_read_reg_5308           |   32|   0|   32|          0|
    |xFeatures_74_read_reg_5313           |   32|   0|   32|          0|
    |xFeatures_75_read_reg_5318           |   32|   0|   32|          0|
    |xFeatures_76_read_reg_5323           |   32|   0|   32|          0|
    |xFeatures_77_read_reg_5328           |   32|   0|   32|          0|
    |xFeatures_78_read_reg_5333           |   32|   0|   32|          0|
    |xFeatures_79_read_reg_5338           |   32|   0|   32|          0|
    |xFeatures_7_read_reg_4978            |   32|   0|   32|          0|
    |xFeatures_80_read_reg_5343           |   32|   0|   32|          0|
    |xFeatures_81_read_reg_5348           |   32|   0|   32|          0|
    |xFeatures_82_read_reg_5353           |   32|   0|   32|          0|
    |xFeatures_83_read_reg_5358           |   32|   0|   32|          0|
    |xFeatures_84_read_reg_5363           |   32|   0|   32|          0|
    |xFeatures_85_read_reg_5368           |   32|   0|   32|          0|
    |xFeatures_86_read_reg_5373           |   32|   0|   32|          0|
    |xFeatures_87_read_reg_5378           |   32|   0|   32|          0|
    |xFeatures_88_read_reg_5383           |   32|   0|   32|          0|
    |xFeatures_89_read_reg_5388           |   32|   0|   32|          0|
    |xFeatures_8_read_reg_4983            |   32|   0|   32|          0|
    |xFeatures_90_read_reg_5393           |   32|   0|   32|          0|
    |xFeatures_91_read_reg_5398           |   32|   0|   32|          0|
    |xFeatures_92_read_reg_5403           |   32|   0|   32|          0|
    |xFeatures_93_read_reg_5408           |   32|   0|   32|          0|
    |xFeatures_94_read_reg_5413           |   32|   0|   32|          0|
    |xFeatures_95_read_reg_5418           |   32|   0|   32|          0|
    |xFeatures_96_read_reg_5423           |   32|   0|   32|          0|
    |xFeatures_97_read_reg_5428           |   32|   0|   32|          0|
    |xFeatures_98_read_reg_5433           |   32|   0|   32|          0|
    |xFeatures_99_read_reg_5438           |   32|   0|   32|          0|
    |xFeatures_9_read_reg_4988            |   32|   0|   32|          0|
    |distance_w124_reg_6999               |   64|  32|   32|          0|
    |i_0_i_reg_3499                       |   64|  32|    9|          0|
    |icmp_ln271_reg_5583                  |   64|  32|    1|          0|
    |tmp_100_i_reg_6599                   |   64|  32|   32|          0|
    |tmp_101_i_reg_6604                   |   64|  32|   32|          0|
    |tmp_102_i_reg_6609                   |   64|  32|   32|          0|
    |tmp_103_i_reg_6614                   |   64|  32|   32|          0|
    |tmp_104_i_reg_6619                   |   64|  32|   32|          0|
    |tmp_105_i_reg_6624                   |   64|  32|   32|          0|
    |tmp_106_i_reg_6629                   |   64|  32|   32|          0|
    |tmp_107_i_reg_6634                   |   64|  32|   32|          0|
    |tmp_108_i_reg_6639                   |   64|  32|   32|          0|
    |tmp_109_i_reg_6644                   |   64|  32|   32|          0|
    |tmp_110_i_reg_6649                   |   64|  32|   32|          0|
    |tmp_111_i_reg_6654                   |   64|  32|   32|          0|
    |tmp_112_i_reg_6659                   |   64|  32|   32|          0|
    |tmp_113_i_reg_6664                   |   64|  32|   32|          0|
    |tmp_114_i_reg_6669                   |   64|  32|   32|          0|
    |tmp_115_i_reg_6674                   |   64|  32|   32|          0|
    |tmp_116_i_reg_6679                   |   64|  32|   32|          0|
    |tmp_117_i_reg_6684                   |   64|  32|   32|          0|
    |tmp_118_i_reg_6689                   |   64|  32|   32|          0|
    |tmp_119_i_reg_6694                   |   64|  32|   32|          0|
    |tmp_120_i_reg_6699                   |   64|  32|   32|          0|
    |tmp_121_i_reg_6844                   |   64|  32|   32|          0|
    |tmp_122_i_reg_6874                   |   64|  32|   32|          0|
    |tmp_123_i_reg_6879                   |   64|  32|   32|          0|
    |tmp_124_i_reg_6884                   |   64|  32|   32|          0|
    |tmp_125_i_reg_6889                   |   64|  32|   32|          0|
    |tmp_126_i_reg_6894                   |   64|  32|   32|          0|
    |tmp_52_i_reg_6105                    |   64|  32|   32|          0|
    |tmp_53_i_reg_6110                    |   64|  32|   32|          0|
    |tmp_54_i_reg_6162                    |   64|  32|   32|          0|
    |tmp_55_i_reg_6167                    |   64|  32|   32|          0|
    |tmp_56_i_reg_6172                    |   64|  32|   32|          0|
    |tmp_57_i_reg_6177                    |   64|  32|   32|          0|
    |tmp_58_i_reg_6182                    |   64|  32|   32|          0|
    |tmp_59_i_reg_6187                    |   64|  32|   32|          0|
    |tmp_60_i_reg_6192                    |   64|  32|   32|          0|
    |tmp_61_i_reg_6197                    |   64|  32|   32|          0|
    |tmp_62_i_reg_6249                    |   64|  32|   32|          0|
    |tmp_63_i_reg_6254                    |   64|  32|   32|          0|
    |tmp_64_i_reg_6259                    |   64|  32|   32|          0|
    |tmp_65_i_reg_6264                    |   64|  32|   32|          0|
    |tmp_66_i_reg_6269                    |   64|  32|   32|          0|
    |tmp_67_i_reg_6274                    |   64|  32|   32|          0|
    |tmp_68_i_reg_6279                    |   64|  32|   32|          0|
    |tmp_69_i_reg_6284                    |   64|  32|   32|          0|
    |tmp_70_i_reg_6329                    |   64|  32|   32|          0|
    |tmp_71_i_reg_6334                    |   64|  32|   32|          0|
    |tmp_72_i_reg_6339                    |   64|  32|   32|          0|
    |tmp_73_i_reg_6344                    |   64|  32|   32|          0|
    |tmp_74_i_reg_6349                    |   64|  32|   32|          0|
    |tmp_75_i_reg_6354                    |   64|  32|   32|          0|
    |tmp_76_i_reg_6359                    |   64|  32|   32|          0|
    |tmp_77_i_reg_6364                    |   64|  32|   32|          0|
    |tmp_78_i_reg_6409                    |   64|  32|   32|          0|
    |tmp_79_i_reg_6414                    |   64|  32|   32|          0|
    |tmp_80_i_reg_6419                    |   64|  32|   32|          0|
    |tmp_81_i_reg_6424                    |   64|  32|   32|          0|
    |tmp_82_i_reg_6429                    |   64|  32|   32|          0|
    |tmp_83_i_reg_6434                    |   64|  32|   32|          0|
    |tmp_84_i_reg_6439                    |   64|  32|   32|          0|
    |tmp_85_i_reg_6444                    |   64|  32|   32|          0|
    |tmp_86_i_reg_6489                    |   64|  32|   32|          0|
    |tmp_87_i_reg_6494                    |   64|  32|   32|          0|
    |tmp_88_i_reg_6499                    |   64|  32|   32|          0|
    |tmp_89_i_reg_6504                    |   64|  32|   32|          0|
    |tmp_90_i_reg_6509                    |   64|  32|   32|          0|
    |tmp_91_i_reg_6514                    |   64|  32|   32|          0|
    |tmp_92_i_reg_6519                    |   64|  32|   32|          0|
    |tmp_93_i_reg_6524                    |   64|  32|   32|          0|
    |tmp_94_i_reg_6569                    |   64|  32|   32|          0|
    |tmp_95_i_reg_6574                    |   64|  32|   32|          0|
    |tmp_96_i_reg_6579                    |   64|  32|   32|          0|
    |tmp_97_i_reg_6584                    |   64|  32|   32|          0|
    |tmp_98_i_reg_6589                    |   64|  32|   32|          0|
    |tmp_99_i_reg_6594                    |   64|  32|   32|          0|
    +-------------------------------------+-----+----+-----+-----------+
    |Total                                |17850|2496|15580|        280|
    +-------------------------------------+-----+----+-----+-----------+



================================================================
== Interface
================================================================
* Summary: 
+--------------------------+-----+-----+------------+-----------------+--------------+
|         RTL Ports        | Dir | Bits|  Protocol  |  Source Object  |    C Type    |
+--------------------------+-----+-----+------------+-----------------+--------------+
|ap_clk                    |  in |    1| ap_ctrl_hs |    parallel_0   | return value |
|ap_rst                    |  in |    1| ap_ctrl_hs |    parallel_0   | return value |
|ap_start                  |  in |    1| ap_ctrl_hs |    parallel_0   | return value |
|ap_done                   | out |    1| ap_ctrl_hs |    parallel_0   | return value |
|ap_continue               |  in |    1| ap_ctrl_hs |    parallel_0   | return value |
|ap_idle                   | out |    1| ap_ctrl_hs |    parallel_0   | return value |
|ap_ready                  | out |    1| ap_ctrl_hs |    parallel_0   | return value |
|knownFeatures_0_address0  | out |   14|  ap_memory | knownFeatures_0 |     array    |
|knownFeatures_0_ce0       | out |    1|  ap_memory | knownFeatures_0 |     array    |
|knownFeatures_0_q0        |  in |   32|  ap_memory | knownFeatures_0 |     array    |
|knownFeatures_0_address1  | out |   14|  ap_memory | knownFeatures_0 |     array    |
|knownFeatures_0_ce1       | out |    1|  ap_memory | knownFeatures_0 |     array    |
|knownFeatures_0_q1        |  in |   32|  ap_memory | knownFeatures_0 |     array    |
|knownFeatures_1_address0  | out |   14|  ap_memory | knownFeatures_1 |     array    |
|knownFeatures_1_ce0       | out |    1|  ap_memory | knownFeatures_1 |     array    |
|knownFeatures_1_q0        |  in |   32|  ap_memory | knownFeatures_1 |     array    |
|knownFeatures_1_address1  | out |   14|  ap_memory | knownFeatures_1 |     array    |
|knownFeatures_1_ce1       | out |    1|  ap_memory | knownFeatures_1 |     array    |
|knownFeatures_1_q1        |  in |   32|  ap_memory | knownFeatures_1 |     array    |
|knownFeatures_2_address0  | out |   14|  ap_memory | knownFeatures_2 |     array    |
|knownFeatures_2_ce0       | out |    1|  ap_memory | knownFeatures_2 |     array    |
|knownFeatures_2_q0        |  in |   32|  ap_memory | knownFeatures_2 |     array    |
|knownFeatures_2_address1  | out |   14|  ap_memory | knownFeatures_2 |     array    |
|knownFeatures_2_ce1       | out |    1|  ap_memory | knownFeatures_2 |     array    |
|knownFeatures_2_q1        |  in |   32|  ap_memory | knownFeatures_2 |     array    |
|knownFeatures_3_address0  | out |   14|  ap_memory | knownFeatures_3 |     array    |
|knownFeatures_3_ce0       | out |    1|  ap_memory | knownFeatures_3 |     array    |
|knownFeatures_3_q0        |  in |   32|  ap_memory | knownFeatures_3 |     array    |
|knownFeatures_3_address1  | out |   14|  ap_memory | knownFeatures_3 |     array    |
|knownFeatures_3_ce1       | out |    1|  ap_memory | knownFeatures_3 |     array    |
|knownFeatures_3_q1        |  in |   32|  ap_memory | knownFeatures_3 |     array    |
|xFeatures_0_dout          |  in |   32|   ap_fifo  |   xFeatures_0   |    pointer   |
|xFeatures_0_empty_n       |  in |    1|   ap_fifo  |   xFeatures_0   |    pointer   |
|xFeatures_0_read          | out |    1|   ap_fifo  |   xFeatures_0   |    pointer   |
|xFeatures_1_dout          |  in |   32|   ap_fifo  |   xFeatures_1   |    pointer   |
|xFeatures_1_empty_n       |  in |    1|   ap_fifo  |   xFeatures_1   |    pointer   |
|xFeatures_1_read          | out |    1|   ap_fifo  |   xFeatures_1   |    pointer   |
|xFeatures_2_dout          |  in |   32|   ap_fifo  |   xFeatures_2   |    pointer   |
|xFeatures_2_empty_n       |  in |    1|   ap_fifo  |   xFeatures_2   |    pointer   |
|xFeatures_2_read          | out |    1|   ap_fifo  |   xFeatures_2   |    pointer   |
|xFeatures_3_dout          |  in |   32|   ap_fifo  |   xFeatures_3   |    pointer   |
|xFeatures_3_empty_n       |  in |    1|   ap_fifo  |   xFeatures_3   |    pointer   |
|xFeatures_3_read          | out |    1|   ap_fifo  |   xFeatures_3   |    pointer   |
|xFeatures_4_dout          |  in |   32|   ap_fifo  |   xFeatures_4   |    pointer   |
|xFeatures_4_empty_n       |  in |    1|   ap_fifo  |   xFeatures_4   |    pointer   |
|xFeatures_4_read          | out |    1|   ap_fifo  |   xFeatures_4   |    pointer   |
|xFeatures_5_dout          |  in |   32|   ap_fifo  |   xFeatures_5   |    pointer   |
|xFeatures_5_empty_n       |  in |    1|   ap_fifo  |   xFeatures_5   |    pointer   |
|xFeatures_5_read          | out |    1|   ap_fifo  |   xFeatures_5   |    pointer   |
|xFeatures_6_dout          |  in |   32|   ap_fifo  |   xFeatures_6   |    pointer   |
|xFeatures_6_empty_n       |  in |    1|   ap_fifo  |   xFeatures_6   |    pointer   |
|xFeatures_6_read          | out |    1|   ap_fifo  |   xFeatures_6   |    pointer   |
|xFeatures_7_dout          |  in |   32|   ap_fifo  |   xFeatures_7   |    pointer   |
|xFeatures_7_empty_n       |  in |    1|   ap_fifo  |   xFeatures_7   |    pointer   |
|xFeatures_7_read          | out |    1|   ap_fifo  |   xFeatures_7   |    pointer   |
|xFeatures_8_dout          |  in |   32|   ap_fifo  |   xFeatures_8   |    pointer   |
|xFeatures_8_empty_n       |  in |    1|   ap_fifo  |   xFeatures_8   |    pointer   |
|xFeatures_8_read          | out |    1|   ap_fifo  |   xFeatures_8   |    pointer   |
|xFeatures_9_dout          |  in |   32|   ap_fifo  |   xFeatures_9   |    pointer   |
|xFeatures_9_empty_n       |  in |    1|   ap_fifo  |   xFeatures_9   |    pointer   |
|xFeatures_9_read          | out |    1|   ap_fifo  |   xFeatures_9   |    pointer   |
|xFeatures_10_dout         |  in |   32|   ap_fifo  |   xFeatures_10  |    pointer   |
|xFeatures_10_empty_n      |  in |    1|   ap_fifo  |   xFeatures_10  |    pointer   |
|xFeatures_10_read         | out |    1|   ap_fifo  |   xFeatures_10  |    pointer   |
|xFeatures_11_dout         |  in |   32|   ap_fifo  |   xFeatures_11  |    pointer   |
|xFeatures_11_empty_n      |  in |    1|   ap_fifo  |   xFeatures_11  |    pointer   |
|xFeatures_11_read         | out |    1|   ap_fifo  |   xFeatures_11  |    pointer   |
|xFeatures_12_dout         |  in |   32|   ap_fifo  |   xFeatures_12  |    pointer   |
|xFeatures_12_empty_n      |  in |    1|   ap_fifo  |   xFeatures_12  |    pointer   |
|xFeatures_12_read         | out |    1|   ap_fifo  |   xFeatures_12  |    pointer   |
|xFeatures_13_dout         |  in |   32|   ap_fifo  |   xFeatures_13  |    pointer   |
|xFeatures_13_empty_n      |  in |    1|   ap_fifo  |   xFeatures_13  |    pointer   |
|xFeatures_13_read         | out |    1|   ap_fifo  |   xFeatures_13  |    pointer   |
|xFeatures_14_dout         |  in |   32|   ap_fifo  |   xFeatures_14  |    pointer   |
|xFeatures_14_empty_n      |  in |    1|   ap_fifo  |   xFeatures_14  |    pointer   |
|xFeatures_14_read         | out |    1|   ap_fifo  |   xFeatures_14  |    pointer   |
|xFeatures_15_dout         |  in |   32|   ap_fifo  |   xFeatures_15  |    pointer   |
|xFeatures_15_empty_n      |  in |    1|   ap_fifo  |   xFeatures_15  |    pointer   |
|xFeatures_15_read         | out |    1|   ap_fifo  |   xFeatures_15  |    pointer   |
|xFeatures_16_dout         |  in |   32|   ap_fifo  |   xFeatures_16  |    pointer   |
|xFeatures_16_empty_n      |  in |    1|   ap_fifo  |   xFeatures_16  |    pointer   |
|xFeatures_16_read         | out |    1|   ap_fifo  |   xFeatures_16  |    pointer   |
|xFeatures_17_dout         |  in |   32|   ap_fifo  |   xFeatures_17  |    pointer   |
|xFeatures_17_empty_n      |  in |    1|   ap_fifo  |   xFeatures_17  |    pointer   |
|xFeatures_17_read         | out |    1|   ap_fifo  |   xFeatures_17  |    pointer   |
|xFeatures_18_dout         |  in |   32|   ap_fifo  |   xFeatures_18  |    pointer   |
|xFeatures_18_empty_n      |  in |    1|   ap_fifo  |   xFeatures_18  |    pointer   |
|xFeatures_18_read         | out |    1|   ap_fifo  |   xFeatures_18  |    pointer   |
|xFeatures_19_dout         |  in |   32|   ap_fifo  |   xFeatures_19  |    pointer   |
|xFeatures_19_empty_n      |  in |    1|   ap_fifo  |   xFeatures_19  |    pointer   |
|xFeatures_19_read         | out |    1|   ap_fifo  |   xFeatures_19  |    pointer   |
|xFeatures_20_dout         |  in |   32|   ap_fifo  |   xFeatures_20  |    pointer   |
|xFeatures_20_empty_n      |  in |    1|   ap_fifo  |   xFeatures_20  |    pointer   |
|xFeatures_20_read         | out |    1|   ap_fifo  |   xFeatures_20  |    pointer   |
|xFeatures_21_dout         |  in |   32|   ap_fifo  |   xFeatures_21  |    pointer   |
|xFeatures_21_empty_n      |  in |    1|   ap_fifo  |   xFeatures_21  |    pointer   |
|xFeatures_21_read         | out |    1|   ap_fifo  |   xFeatures_21  |    pointer   |
|xFeatures_22_dout         |  in |   32|   ap_fifo  |   xFeatures_22  |    pointer   |
|xFeatures_22_empty_n      |  in |    1|   ap_fifo  |   xFeatures_22  |    pointer   |
|xFeatures_22_read         | out |    1|   ap_fifo  |   xFeatures_22  |    pointer   |
|xFeatures_23_dout         |  in |   32|   ap_fifo  |   xFeatures_23  |    pointer   |
|xFeatures_23_empty_n      |  in |    1|   ap_fifo  |   xFeatures_23  |    pointer   |
|xFeatures_23_read         | out |    1|   ap_fifo  |   xFeatures_23  |    pointer   |
|xFeatures_24_dout         |  in |   32|   ap_fifo  |   xFeatures_24  |    pointer   |
|xFeatures_24_empty_n      |  in |    1|   ap_fifo  |   xFeatures_24  |    pointer   |
|xFeatures_24_read         | out |    1|   ap_fifo  |   xFeatures_24  |    pointer   |
|xFeatures_25_dout         |  in |   32|   ap_fifo  |   xFeatures_25  |    pointer   |
|xFeatures_25_empty_n      |  in |    1|   ap_fifo  |   xFeatures_25  |    pointer   |
|xFeatures_25_read         | out |    1|   ap_fifo  |   xFeatures_25  |    pointer   |
|xFeatures_26_dout         |  in |   32|   ap_fifo  |   xFeatures_26  |    pointer   |
|xFeatures_26_empty_n      |  in |    1|   ap_fifo  |   xFeatures_26  |    pointer   |
|xFeatures_26_read         | out |    1|   ap_fifo  |   xFeatures_26  |    pointer   |
|xFeatures_27_dout         |  in |   32|   ap_fifo  |   xFeatures_27  |    pointer   |
|xFeatures_27_empty_n      |  in |    1|   ap_fifo  |   xFeatures_27  |    pointer   |
|xFeatures_27_read         | out |    1|   ap_fifo  |   xFeatures_27  |    pointer   |
|xFeatures_28_dout         |  in |   32|   ap_fifo  |   xFeatures_28  |    pointer   |
|xFeatures_28_empty_n      |  in |    1|   ap_fifo  |   xFeatures_28  |    pointer   |
|xFeatures_28_read         | out |    1|   ap_fifo  |   xFeatures_28  |    pointer   |
|xFeatures_29_dout         |  in |   32|   ap_fifo  |   xFeatures_29  |    pointer   |
|xFeatures_29_empty_n      |  in |    1|   ap_fifo  |   xFeatures_29  |    pointer   |
|xFeatures_29_read         | out |    1|   ap_fifo  |   xFeatures_29  |    pointer   |
|xFeatures_30_dout         |  in |   32|   ap_fifo  |   xFeatures_30  |    pointer   |
|xFeatures_30_empty_n      |  in |    1|   ap_fifo  |   xFeatures_30  |    pointer   |
|xFeatures_30_read         | out |    1|   ap_fifo  |   xFeatures_30  |    pointer   |
|xFeatures_31_dout         |  in |   32|   ap_fifo  |   xFeatures_31  |    pointer   |
|xFeatures_31_empty_n      |  in |    1|   ap_fifo  |   xFeatures_31  |    pointer   |
|xFeatures_31_read         | out |    1|   ap_fifo  |   xFeatures_31  |    pointer   |
|xFeatures_32_dout         |  in |   32|   ap_fifo  |   xFeatures_32  |    pointer   |
|xFeatures_32_empty_n      |  in |    1|   ap_fifo  |   xFeatures_32  |    pointer   |
|xFeatures_32_read         | out |    1|   ap_fifo  |   xFeatures_32  |    pointer   |
|xFeatures_33_dout         |  in |   32|   ap_fifo  |   xFeatures_33  |    pointer   |
|xFeatures_33_empty_n      |  in |    1|   ap_fifo  |   xFeatures_33  |    pointer   |
|xFeatures_33_read         | out |    1|   ap_fifo  |   xFeatures_33  |    pointer   |
|xFeatures_34_dout         |  in |   32|   ap_fifo  |   xFeatures_34  |    pointer   |
|xFeatures_34_empty_n      |  in |    1|   ap_fifo  |   xFeatures_34  |    pointer   |
|xFeatures_34_read         | out |    1|   ap_fifo  |   xFeatures_34  |    pointer   |
|xFeatures_35_dout         |  in |   32|   ap_fifo  |   xFeatures_35  |    pointer   |
|xFeatures_35_empty_n      |  in |    1|   ap_fifo  |   xFeatures_35  |    pointer   |
|xFeatures_35_read         | out |    1|   ap_fifo  |   xFeatures_35  |    pointer   |
|xFeatures_36_dout         |  in |   32|   ap_fifo  |   xFeatures_36  |    pointer   |
|xFeatures_36_empty_n      |  in |    1|   ap_fifo  |   xFeatures_36  |    pointer   |
|xFeatures_36_read         | out |    1|   ap_fifo  |   xFeatures_36  |    pointer   |
|xFeatures_37_dout         |  in |   32|   ap_fifo  |   xFeatures_37  |    pointer   |
|xFeatures_37_empty_n      |  in |    1|   ap_fifo  |   xFeatures_37  |    pointer   |
|xFeatures_37_read         | out |    1|   ap_fifo  |   xFeatures_37  |    pointer   |
|xFeatures_38_dout         |  in |   32|   ap_fifo  |   xFeatures_38  |    pointer   |
|xFeatures_38_empty_n      |  in |    1|   ap_fifo  |   xFeatures_38  |    pointer   |
|xFeatures_38_read         | out |    1|   ap_fifo  |   xFeatures_38  |    pointer   |
|xFeatures_39_dout         |  in |   32|   ap_fifo  |   xFeatures_39  |    pointer   |
|xFeatures_39_empty_n      |  in |    1|   ap_fifo  |   xFeatures_39  |    pointer   |
|xFeatures_39_read         | out |    1|   ap_fifo  |   xFeatures_39  |    pointer   |
|xFeatures_40_dout         |  in |   32|   ap_fifo  |   xFeatures_40  |    pointer   |
|xFeatures_40_empty_n      |  in |    1|   ap_fifo  |   xFeatures_40  |    pointer   |
|xFeatures_40_read         | out |    1|   ap_fifo  |   xFeatures_40  |    pointer   |
|xFeatures_41_dout         |  in |   32|   ap_fifo  |   xFeatures_41  |    pointer   |
|xFeatures_41_empty_n      |  in |    1|   ap_fifo  |   xFeatures_41  |    pointer   |
|xFeatures_41_read         | out |    1|   ap_fifo  |   xFeatures_41  |    pointer   |
|xFeatures_42_dout         |  in |   32|   ap_fifo  |   xFeatures_42  |    pointer   |
|xFeatures_42_empty_n      |  in |    1|   ap_fifo  |   xFeatures_42  |    pointer   |
|xFeatures_42_read         | out |    1|   ap_fifo  |   xFeatures_42  |    pointer   |
|xFeatures_43_dout         |  in |   32|   ap_fifo  |   xFeatures_43  |    pointer   |
|xFeatures_43_empty_n      |  in |    1|   ap_fifo  |   xFeatures_43  |    pointer   |
|xFeatures_43_read         | out |    1|   ap_fifo  |   xFeatures_43  |    pointer   |
|xFeatures_44_dout         |  in |   32|   ap_fifo  |   xFeatures_44  |    pointer   |
|xFeatures_44_empty_n      |  in |    1|   ap_fifo  |   xFeatures_44  |    pointer   |
|xFeatures_44_read         | out |    1|   ap_fifo  |   xFeatures_44  |    pointer   |
|xFeatures_45_dout         |  in |   32|   ap_fifo  |   xFeatures_45  |    pointer   |
|xFeatures_45_empty_n      |  in |    1|   ap_fifo  |   xFeatures_45  |    pointer   |
|xFeatures_45_read         | out |    1|   ap_fifo  |   xFeatures_45  |    pointer   |
|xFeatures_46_dout         |  in |   32|   ap_fifo  |   xFeatures_46  |    pointer   |
|xFeatures_46_empty_n      |  in |    1|   ap_fifo  |   xFeatures_46  |    pointer   |
|xFeatures_46_read         | out |    1|   ap_fifo  |   xFeatures_46  |    pointer   |
|xFeatures_47_dout         |  in |   32|   ap_fifo  |   xFeatures_47  |    pointer   |
|xFeatures_47_empty_n      |  in |    1|   ap_fifo  |   xFeatures_47  |    pointer   |
|xFeatures_47_read         | out |    1|   ap_fifo  |   xFeatures_47  |    pointer   |
|xFeatures_48_dout         |  in |   32|   ap_fifo  |   xFeatures_48  |    pointer   |
|xFeatures_48_empty_n      |  in |    1|   ap_fifo  |   xFeatures_48  |    pointer   |
|xFeatures_48_read         | out |    1|   ap_fifo  |   xFeatures_48  |    pointer   |
|xFeatures_49_dout         |  in |   32|   ap_fifo  |   xFeatures_49  |    pointer   |
|xFeatures_49_empty_n      |  in |    1|   ap_fifo  |   xFeatures_49  |    pointer   |
|xFeatures_49_read         | out |    1|   ap_fifo  |   xFeatures_49  |    pointer   |
|xFeatures_50_dout         |  in |   32|   ap_fifo  |   xFeatures_50  |    pointer   |
|xFeatures_50_empty_n      |  in |    1|   ap_fifo  |   xFeatures_50  |    pointer   |
|xFeatures_50_read         | out |    1|   ap_fifo  |   xFeatures_50  |    pointer   |
|xFeatures_51_dout         |  in |   32|   ap_fifo  |   xFeatures_51  |    pointer   |
|xFeatures_51_empty_n      |  in |    1|   ap_fifo  |   xFeatures_51  |    pointer   |
|xFeatures_51_read         | out |    1|   ap_fifo  |   xFeatures_51  |    pointer   |
|xFeatures_52_dout         |  in |   32|   ap_fifo  |   xFeatures_52  |    pointer   |
|xFeatures_52_empty_n      |  in |    1|   ap_fifo  |   xFeatures_52  |    pointer   |
|xFeatures_52_read         | out |    1|   ap_fifo  |   xFeatures_52  |    pointer   |
|xFeatures_53_dout         |  in |   32|   ap_fifo  |   xFeatures_53  |    pointer   |
|xFeatures_53_empty_n      |  in |    1|   ap_fifo  |   xFeatures_53  |    pointer   |
|xFeatures_53_read         | out |    1|   ap_fifo  |   xFeatures_53  |    pointer   |
|xFeatures_54_dout         |  in |   32|   ap_fifo  |   xFeatures_54  |    pointer   |
|xFeatures_54_empty_n      |  in |    1|   ap_fifo  |   xFeatures_54  |    pointer   |
|xFeatures_54_read         | out |    1|   ap_fifo  |   xFeatures_54  |    pointer   |
|xFeatures_55_dout         |  in |   32|   ap_fifo  |   xFeatures_55  |    pointer   |
|xFeatures_55_empty_n      |  in |    1|   ap_fifo  |   xFeatures_55  |    pointer   |
|xFeatures_55_read         | out |    1|   ap_fifo  |   xFeatures_55  |    pointer   |
|xFeatures_56_dout         |  in |   32|   ap_fifo  |   xFeatures_56  |    pointer   |
|xFeatures_56_empty_n      |  in |    1|   ap_fifo  |   xFeatures_56  |    pointer   |
|xFeatures_56_read         | out |    1|   ap_fifo  |   xFeatures_56  |    pointer   |
|xFeatures_57_dout         |  in |   32|   ap_fifo  |   xFeatures_57  |    pointer   |
|xFeatures_57_empty_n      |  in |    1|   ap_fifo  |   xFeatures_57  |    pointer   |
|xFeatures_57_read         | out |    1|   ap_fifo  |   xFeatures_57  |    pointer   |
|xFeatures_58_dout         |  in |   32|   ap_fifo  |   xFeatures_58  |    pointer   |
|xFeatures_58_empty_n      |  in |    1|   ap_fifo  |   xFeatures_58  |    pointer   |
|xFeatures_58_read         | out |    1|   ap_fifo  |   xFeatures_58  |    pointer   |
|xFeatures_59_dout         |  in |   32|   ap_fifo  |   xFeatures_59  |    pointer   |
|xFeatures_59_empty_n      |  in |    1|   ap_fifo  |   xFeatures_59  |    pointer   |
|xFeatures_59_read         | out |    1|   ap_fifo  |   xFeatures_59  |    pointer   |
|xFeatures_60_dout         |  in |   32|   ap_fifo  |   xFeatures_60  |    pointer   |
|xFeatures_60_empty_n      |  in |    1|   ap_fifo  |   xFeatures_60  |    pointer   |
|xFeatures_60_read         | out |    1|   ap_fifo  |   xFeatures_60  |    pointer   |
|xFeatures_61_dout         |  in |   32|   ap_fifo  |   xFeatures_61  |    pointer   |
|xFeatures_61_empty_n      |  in |    1|   ap_fifo  |   xFeatures_61  |    pointer   |
|xFeatures_61_read         | out |    1|   ap_fifo  |   xFeatures_61  |    pointer   |
|xFeatures_62_dout         |  in |   32|   ap_fifo  |   xFeatures_62  |    pointer   |
|xFeatures_62_empty_n      |  in |    1|   ap_fifo  |   xFeatures_62  |    pointer   |
|xFeatures_62_read         | out |    1|   ap_fifo  |   xFeatures_62  |    pointer   |
|xFeatures_63_dout         |  in |   32|   ap_fifo  |   xFeatures_63  |    pointer   |
|xFeatures_63_empty_n      |  in |    1|   ap_fifo  |   xFeatures_63  |    pointer   |
|xFeatures_63_read         | out |    1|   ap_fifo  |   xFeatures_63  |    pointer   |
|xFeatures_64_dout         |  in |   32|   ap_fifo  |   xFeatures_64  |    pointer   |
|xFeatures_64_empty_n      |  in |    1|   ap_fifo  |   xFeatures_64  |    pointer   |
|xFeatures_64_read         | out |    1|   ap_fifo  |   xFeatures_64  |    pointer   |
|xFeatures_65_dout         |  in |   32|   ap_fifo  |   xFeatures_65  |    pointer   |
|xFeatures_65_empty_n      |  in |    1|   ap_fifo  |   xFeatures_65  |    pointer   |
|xFeatures_65_read         | out |    1|   ap_fifo  |   xFeatures_65  |    pointer   |
|xFeatures_66_dout         |  in |   32|   ap_fifo  |   xFeatures_66  |    pointer   |
|xFeatures_66_empty_n      |  in |    1|   ap_fifo  |   xFeatures_66  |    pointer   |
|xFeatures_66_read         | out |    1|   ap_fifo  |   xFeatures_66  |    pointer   |
|xFeatures_67_dout         |  in |   32|   ap_fifo  |   xFeatures_67  |    pointer   |
|xFeatures_67_empty_n      |  in |    1|   ap_fifo  |   xFeatures_67  |    pointer   |
|xFeatures_67_read         | out |    1|   ap_fifo  |   xFeatures_67  |    pointer   |
|xFeatures_68_dout         |  in |   32|   ap_fifo  |   xFeatures_68  |    pointer   |
|xFeatures_68_empty_n      |  in |    1|   ap_fifo  |   xFeatures_68  |    pointer   |
|xFeatures_68_read         | out |    1|   ap_fifo  |   xFeatures_68  |    pointer   |
|xFeatures_69_dout         |  in |   32|   ap_fifo  |   xFeatures_69  |    pointer   |
|xFeatures_69_empty_n      |  in |    1|   ap_fifo  |   xFeatures_69  |    pointer   |
|xFeatures_69_read         | out |    1|   ap_fifo  |   xFeatures_69  |    pointer   |
|xFeatures_70_dout         |  in |   32|   ap_fifo  |   xFeatures_70  |    pointer   |
|xFeatures_70_empty_n      |  in |    1|   ap_fifo  |   xFeatures_70  |    pointer   |
|xFeatures_70_read         | out |    1|   ap_fifo  |   xFeatures_70  |    pointer   |
|xFeatures_71_dout         |  in |   32|   ap_fifo  |   xFeatures_71  |    pointer   |
|xFeatures_71_empty_n      |  in |    1|   ap_fifo  |   xFeatures_71  |    pointer   |
|xFeatures_71_read         | out |    1|   ap_fifo  |   xFeatures_71  |    pointer   |
|xFeatures_72_dout         |  in |   32|   ap_fifo  |   xFeatures_72  |    pointer   |
|xFeatures_72_empty_n      |  in |    1|   ap_fifo  |   xFeatures_72  |    pointer   |
|xFeatures_72_read         | out |    1|   ap_fifo  |   xFeatures_72  |    pointer   |
|xFeatures_73_dout         |  in |   32|   ap_fifo  |   xFeatures_73  |    pointer   |
|xFeatures_73_empty_n      |  in |    1|   ap_fifo  |   xFeatures_73  |    pointer   |
|xFeatures_73_read         | out |    1|   ap_fifo  |   xFeatures_73  |    pointer   |
|xFeatures_74_dout         |  in |   32|   ap_fifo  |   xFeatures_74  |    pointer   |
|xFeatures_74_empty_n      |  in |    1|   ap_fifo  |   xFeatures_74  |    pointer   |
|xFeatures_74_read         | out |    1|   ap_fifo  |   xFeatures_74  |    pointer   |
|xFeatures_75_dout         |  in |   32|   ap_fifo  |   xFeatures_75  |    pointer   |
|xFeatures_75_empty_n      |  in |    1|   ap_fifo  |   xFeatures_75  |    pointer   |
|xFeatures_75_read         | out |    1|   ap_fifo  |   xFeatures_75  |    pointer   |
|xFeatures_76_dout         |  in |   32|   ap_fifo  |   xFeatures_76  |    pointer   |
|xFeatures_76_empty_n      |  in |    1|   ap_fifo  |   xFeatures_76  |    pointer   |
|xFeatures_76_read         | out |    1|   ap_fifo  |   xFeatures_76  |    pointer   |
|xFeatures_77_dout         |  in |   32|   ap_fifo  |   xFeatures_77  |    pointer   |
|xFeatures_77_empty_n      |  in |    1|   ap_fifo  |   xFeatures_77  |    pointer   |
|xFeatures_77_read         | out |    1|   ap_fifo  |   xFeatures_77  |    pointer   |
|xFeatures_78_dout         |  in |   32|   ap_fifo  |   xFeatures_78  |    pointer   |
|xFeatures_78_empty_n      |  in |    1|   ap_fifo  |   xFeatures_78  |    pointer   |
|xFeatures_78_read         | out |    1|   ap_fifo  |   xFeatures_78  |    pointer   |
|xFeatures_79_dout         |  in |   32|   ap_fifo  |   xFeatures_79  |    pointer   |
|xFeatures_79_empty_n      |  in |    1|   ap_fifo  |   xFeatures_79  |    pointer   |
|xFeatures_79_read         | out |    1|   ap_fifo  |   xFeatures_79  |    pointer   |
|xFeatures_80_dout         |  in |   32|   ap_fifo  |   xFeatures_80  |    pointer   |
|xFeatures_80_empty_n      |  in |    1|   ap_fifo  |   xFeatures_80  |    pointer   |
|xFeatures_80_read         | out |    1|   ap_fifo  |   xFeatures_80  |    pointer   |
|xFeatures_81_dout         |  in |   32|   ap_fifo  |   xFeatures_81  |    pointer   |
|xFeatures_81_empty_n      |  in |    1|   ap_fifo  |   xFeatures_81  |    pointer   |
|xFeatures_81_read         | out |    1|   ap_fifo  |   xFeatures_81  |    pointer   |
|xFeatures_82_dout         |  in |   32|   ap_fifo  |   xFeatures_82  |    pointer   |
|xFeatures_82_empty_n      |  in |    1|   ap_fifo  |   xFeatures_82  |    pointer   |
|xFeatures_82_read         | out |    1|   ap_fifo  |   xFeatures_82  |    pointer   |
|xFeatures_83_dout         |  in |   32|   ap_fifo  |   xFeatures_83  |    pointer   |
|xFeatures_83_empty_n      |  in |    1|   ap_fifo  |   xFeatures_83  |    pointer   |
|xFeatures_83_read         | out |    1|   ap_fifo  |   xFeatures_83  |    pointer   |
|xFeatures_84_dout         |  in |   32|   ap_fifo  |   xFeatures_84  |    pointer   |
|xFeatures_84_empty_n      |  in |    1|   ap_fifo  |   xFeatures_84  |    pointer   |
|xFeatures_84_read         | out |    1|   ap_fifo  |   xFeatures_84  |    pointer   |
|xFeatures_85_dout         |  in |   32|   ap_fifo  |   xFeatures_85  |    pointer   |
|xFeatures_85_empty_n      |  in |    1|   ap_fifo  |   xFeatures_85  |    pointer   |
|xFeatures_85_read         | out |    1|   ap_fifo  |   xFeatures_85  |    pointer   |
|xFeatures_86_dout         |  in |   32|   ap_fifo  |   xFeatures_86  |    pointer   |
|xFeatures_86_empty_n      |  in |    1|   ap_fifo  |   xFeatures_86  |    pointer   |
|xFeatures_86_read         | out |    1|   ap_fifo  |   xFeatures_86  |    pointer   |
|xFeatures_87_dout         |  in |   32|   ap_fifo  |   xFeatures_87  |    pointer   |
|xFeatures_87_empty_n      |  in |    1|   ap_fifo  |   xFeatures_87  |    pointer   |
|xFeatures_87_read         | out |    1|   ap_fifo  |   xFeatures_87  |    pointer   |
|xFeatures_88_dout         |  in |   32|   ap_fifo  |   xFeatures_88  |    pointer   |
|xFeatures_88_empty_n      |  in |    1|   ap_fifo  |   xFeatures_88  |    pointer   |
|xFeatures_88_read         | out |    1|   ap_fifo  |   xFeatures_88  |    pointer   |
|xFeatures_89_dout         |  in |   32|   ap_fifo  |   xFeatures_89  |    pointer   |
|xFeatures_89_empty_n      |  in |    1|   ap_fifo  |   xFeatures_89  |    pointer   |
|xFeatures_89_read         | out |    1|   ap_fifo  |   xFeatures_89  |    pointer   |
|xFeatures_90_dout         |  in |   32|   ap_fifo  |   xFeatures_90  |    pointer   |
|xFeatures_90_empty_n      |  in |    1|   ap_fifo  |   xFeatures_90  |    pointer   |
|xFeatures_90_read         | out |    1|   ap_fifo  |   xFeatures_90  |    pointer   |
|xFeatures_91_dout         |  in |   32|   ap_fifo  |   xFeatures_91  |    pointer   |
|xFeatures_91_empty_n      |  in |    1|   ap_fifo  |   xFeatures_91  |    pointer   |
|xFeatures_91_read         | out |    1|   ap_fifo  |   xFeatures_91  |    pointer   |
|xFeatures_92_dout         |  in |   32|   ap_fifo  |   xFeatures_92  |    pointer   |
|xFeatures_92_empty_n      |  in |    1|   ap_fifo  |   xFeatures_92  |    pointer   |
|xFeatures_92_read         | out |    1|   ap_fifo  |   xFeatures_92  |    pointer   |
|xFeatures_93_dout         |  in |   32|   ap_fifo  |   xFeatures_93  |    pointer   |
|xFeatures_93_empty_n      |  in |    1|   ap_fifo  |   xFeatures_93  |    pointer   |
|xFeatures_93_read         | out |    1|   ap_fifo  |   xFeatures_93  |    pointer   |
|xFeatures_94_dout         |  in |   32|   ap_fifo  |   xFeatures_94  |    pointer   |
|xFeatures_94_empty_n      |  in |    1|   ap_fifo  |   xFeatures_94  |    pointer   |
|xFeatures_94_read         | out |    1|   ap_fifo  |   xFeatures_94  |    pointer   |
|xFeatures_95_dout         |  in |   32|   ap_fifo  |   xFeatures_95  |    pointer   |
|xFeatures_95_empty_n      |  in |    1|   ap_fifo  |   xFeatures_95  |    pointer   |
|xFeatures_95_read         | out |    1|   ap_fifo  |   xFeatures_95  |    pointer   |
|xFeatures_96_dout         |  in |   32|   ap_fifo  |   xFeatures_96  |    pointer   |
|xFeatures_96_empty_n      |  in |    1|   ap_fifo  |   xFeatures_96  |    pointer   |
|xFeatures_96_read         | out |    1|   ap_fifo  |   xFeatures_96  |    pointer   |
|xFeatures_97_dout         |  in |   32|   ap_fifo  |   xFeatures_97  |    pointer   |
|xFeatures_97_empty_n      |  in |    1|   ap_fifo  |   xFeatures_97  |    pointer   |
|xFeatures_97_read         | out |    1|   ap_fifo  |   xFeatures_97  |    pointer   |
|xFeatures_98_dout         |  in |   32|   ap_fifo  |   xFeatures_98  |    pointer   |
|xFeatures_98_empty_n      |  in |    1|   ap_fifo  |   xFeatures_98  |    pointer   |
|xFeatures_98_read         | out |    1|   ap_fifo  |   xFeatures_98  |    pointer   |
|xFeatures_99_dout         |  in |   32|   ap_fifo  |   xFeatures_99  |    pointer   |
|xFeatures_99_empty_n      |  in |    1|   ap_fifo  |   xFeatures_99  |    pointer   |
|xFeatures_99_read         | out |    1|   ap_fifo  |   xFeatures_99  |    pointer   |
|xFeatures_100_dout        |  in |   32|   ap_fifo  |  xFeatures_100  |    pointer   |
|xFeatures_100_empty_n     |  in |    1|   ap_fifo  |  xFeatures_100  |    pointer   |
|xFeatures_100_read        | out |    1|   ap_fifo  |  xFeatures_100  |    pointer   |
|xFeatures_101_dout        |  in |   32|   ap_fifo  |  xFeatures_101  |    pointer   |
|xFeatures_101_empty_n     |  in |    1|   ap_fifo  |  xFeatures_101  |    pointer   |
|xFeatures_101_read        | out |    1|   ap_fifo  |  xFeatures_101  |    pointer   |
|xFeatures_102_dout        |  in |   32|   ap_fifo  |  xFeatures_102  |    pointer   |
|xFeatures_102_empty_n     |  in |    1|   ap_fifo  |  xFeatures_102  |    pointer   |
|xFeatures_102_read        | out |    1|   ap_fifo  |  xFeatures_102  |    pointer   |
|xFeatures_103_dout        |  in |   32|   ap_fifo  |  xFeatures_103  |    pointer   |
|xFeatures_103_empty_n     |  in |    1|   ap_fifo  |  xFeatures_103  |    pointer   |
|xFeatures_103_read        | out |    1|   ap_fifo  |  xFeatures_103  |    pointer   |
|xFeatures_104_dout        |  in |   32|   ap_fifo  |  xFeatures_104  |    pointer   |
|xFeatures_104_empty_n     |  in |    1|   ap_fifo  |  xFeatures_104  |    pointer   |
|xFeatures_104_read        | out |    1|   ap_fifo  |  xFeatures_104  |    pointer   |
|xFeatures_105_dout        |  in |   32|   ap_fifo  |  xFeatures_105  |    pointer   |
|xFeatures_105_empty_n     |  in |    1|   ap_fifo  |  xFeatures_105  |    pointer   |
|xFeatures_105_read        | out |    1|   ap_fifo  |  xFeatures_105  |    pointer   |
|xFeatures_106_dout        |  in |   32|   ap_fifo  |  xFeatures_106  |    pointer   |
|xFeatures_106_empty_n     |  in |    1|   ap_fifo  |  xFeatures_106  |    pointer   |
|xFeatures_106_read        | out |    1|   ap_fifo  |  xFeatures_106  |    pointer   |
|xFeatures_107_dout        |  in |   32|   ap_fifo  |  xFeatures_107  |    pointer   |
|xFeatures_107_empty_n     |  in |    1|   ap_fifo  |  xFeatures_107  |    pointer   |
|xFeatures_107_read        | out |    1|   ap_fifo  |  xFeatures_107  |    pointer   |
|xFeatures_108_dout        |  in |   32|   ap_fifo  |  xFeatures_108  |    pointer   |
|xFeatures_108_empty_n     |  in |    1|   ap_fifo  |  xFeatures_108  |    pointer   |
|xFeatures_108_read        | out |    1|   ap_fifo  |  xFeatures_108  |    pointer   |
|xFeatures_109_dout        |  in |   32|   ap_fifo  |  xFeatures_109  |    pointer   |
|xFeatures_109_empty_n     |  in |    1|   ap_fifo  |  xFeatures_109  |    pointer   |
|xFeatures_109_read        | out |    1|   ap_fifo  |  xFeatures_109  |    pointer   |
|xFeatures_110_dout        |  in |   32|   ap_fifo  |  xFeatures_110  |    pointer   |
|xFeatures_110_empty_n     |  in |    1|   ap_fifo  |  xFeatures_110  |    pointer   |
|xFeatures_110_read        | out |    1|   ap_fifo  |  xFeatures_110  |    pointer   |
|xFeatures_111_dout        |  in |   32|   ap_fifo  |  xFeatures_111  |    pointer   |
|xFeatures_111_empty_n     |  in |    1|   ap_fifo  |  xFeatures_111  |    pointer   |
|xFeatures_111_read        | out |    1|   ap_fifo  |  xFeatures_111  |    pointer   |
|xFeatures_112_dout        |  in |   32|   ap_fifo  |  xFeatures_112  |    pointer   |
|xFeatures_112_empty_n     |  in |    1|   ap_fifo  |  xFeatures_112  |    pointer   |
|xFeatures_112_read        | out |    1|   ap_fifo  |  xFeatures_112  |    pointer   |
|xFeatures_113_dout        |  in |   32|   ap_fifo  |  xFeatures_113  |    pointer   |
|xFeatures_113_empty_n     |  in |    1|   ap_fifo  |  xFeatures_113  |    pointer   |
|xFeatures_113_read        | out |    1|   ap_fifo  |  xFeatures_113  |    pointer   |
|xFeatures_114_dout        |  in |   32|   ap_fifo  |  xFeatures_114  |    pointer   |
|xFeatures_114_empty_n     |  in |    1|   ap_fifo  |  xFeatures_114  |    pointer   |
|xFeatures_114_read        | out |    1|   ap_fifo  |  xFeatures_114  |    pointer   |
|xFeatures_115_dout        |  in |   32|   ap_fifo  |  xFeatures_115  |    pointer   |
|xFeatures_115_empty_n     |  in |    1|   ap_fifo  |  xFeatures_115  |    pointer   |
|xFeatures_115_read        | out |    1|   ap_fifo  |  xFeatures_115  |    pointer   |
|xFeatures_116_dout        |  in |   32|   ap_fifo  |  xFeatures_116  |    pointer   |
|xFeatures_116_empty_n     |  in |    1|   ap_fifo  |  xFeatures_116  |    pointer   |
|xFeatures_116_read        | out |    1|   ap_fifo  |  xFeatures_116  |    pointer   |
|xFeatures_117_dout        |  in |   32|   ap_fifo  |  xFeatures_117  |    pointer   |
|xFeatures_117_empty_n     |  in |    1|   ap_fifo  |  xFeatures_117  |    pointer   |
|xFeatures_117_read        | out |    1|   ap_fifo  |  xFeatures_117  |    pointer   |
|xFeatures_118_dout        |  in |   32|   ap_fifo  |  xFeatures_118  |    pointer   |
|xFeatures_118_empty_n     |  in |    1|   ap_fifo  |  xFeatures_118  |    pointer   |
|xFeatures_118_read        | out |    1|   ap_fifo  |  xFeatures_118  |    pointer   |
|xFeatures_119_dout        |  in |   32|   ap_fifo  |  xFeatures_119  |    pointer   |
|xFeatures_119_empty_n     |  in |    1|   ap_fifo  |  xFeatures_119  |    pointer   |
|xFeatures_119_read        | out |    1|   ap_fifo  |  xFeatures_119  |    pointer   |
|xFeatures_120_dout        |  in |   32|   ap_fifo  |  xFeatures_120  |    pointer   |
|xFeatures_120_empty_n     |  in |    1|   ap_fifo  |  xFeatures_120  |    pointer   |
|xFeatures_120_read        | out |    1|   ap_fifo  |  xFeatures_120  |    pointer   |
|xFeatures_121_dout        |  in |   32|   ap_fifo  |  xFeatures_121  |    pointer   |
|xFeatures_121_empty_n     |  in |    1|   ap_fifo  |  xFeatures_121  |    pointer   |
|xFeatures_121_read        | out |    1|   ap_fifo  |  xFeatures_121  |    pointer   |
|xFeatures_122_dout        |  in |   32|   ap_fifo  |  xFeatures_122  |    pointer   |
|xFeatures_122_empty_n     |  in |    1|   ap_fifo  |  xFeatures_122  |    pointer   |
|xFeatures_122_read        | out |    1|   ap_fifo  |  xFeatures_122  |    pointer   |
|xFeatures_123_dout        |  in |   32|   ap_fifo  |  xFeatures_123  |    pointer   |
|xFeatures_123_empty_n     |  in |    1|   ap_fifo  |  xFeatures_123  |    pointer   |
|xFeatures_123_read        | out |    1|   ap_fifo  |  xFeatures_123  |    pointer   |
|xFeatures_124_dout        |  in |   32|   ap_fifo  |  xFeatures_124  |    pointer   |
|xFeatures_124_empty_n     |  in |    1|   ap_fifo  |  xFeatures_124  |    pointer   |
|xFeatures_124_read        | out |    1|   ap_fifo  |  xFeatures_124  |    pointer   |
|xFeatures_125_dout        |  in |   32|   ap_fifo  |  xFeatures_125  |    pointer   |
|xFeatures_125_empty_n     |  in |    1|   ap_fifo  |  xFeatures_125  |    pointer   |
|xFeatures_125_read        | out |    1|   ap_fifo  |  xFeatures_125  |    pointer   |
|xFeatures_126_dout        |  in |   32|   ap_fifo  |  xFeatures_126  |    pointer   |
|xFeatures_126_empty_n     |  in |    1|   ap_fifo  |  xFeatures_126  |    pointer   |
|xFeatures_126_read        | out |    1|   ap_fifo  |  xFeatures_126  |    pointer   |
|xFeatures_127_dout        |  in |   32|   ap_fifo  |  xFeatures_127  |    pointer   |
|xFeatures_127_empty_n     |  in |    1|   ap_fifo  |  xFeatures_127  |    pointer   |
|xFeatures_127_read        | out |    1|   ap_fifo  |  xFeatures_127  |    pointer   |
|distance_array_address0   | out |    9|  ap_memory |  distance_array |     array    |
|distance_array_ce0        | out |    1|  ap_memory |  distance_array |     array    |
|distance_array_we0        | out |    1|  ap_memory |  distance_array |     array    |
|distance_array_d0         | out |   32|  ap_memory |  distance_array |     array    |
+--------------------------+-----+-----+------------+-----------------+--------------+

