

================================================================
== Vivado HLS Report for 'parallel_023'
================================================================
* Date:           Mon Sep 21 15:50:53 2020

* Version:        2019.2 (Build 2704478 on Wed Nov 06 22:10:23 MST 2019)
* Project:        knn
* Solution:       solution1
* Product family: zynq
* Target device:  xc7z020-clg484-1


================================================================
== Performance Estimates
================================================================
+ Timing: 
    * Summary: 
    +--------+----------+----------+------------+
    |  Clock |  Target  | Estimated| Uncertainty|
    +--------+----------+----------+------------+
    |ap_clk  | 10.00 ns | 8.317 ns |   1.25 ns  |
    +--------+----------+----------+------------+

+ Latency: 
    * Summary: 
    +---------+---------+-----------+-----------+------+------+---------+
    |  Latency (cycles) |   Latency (absolute)  |   Interval  | Pipeline|
    |   min   |   max   |    min    |    max    |  min |  max |   Type  |
    +---------+---------+-----------+-----------+------+------+---------+
    |     8458|     8458| 84.580 us | 84.580 us |  8458|  8458|   none  |
    +---------+---------+-----------+-----------+------+------+---------+

    + Detail: 
        * Instance: 
        N/A

        * Loop: 
        +----------+---------+---------+----------+-----------+-----------+------+----------+
        |          |  Latency (cycles) | Iteration|  Initiation Interval  | Trip |          |
        | Loop Name|   min   |   max   |  Latency |  achieved |   target  | Count| Pipelined|
        +----------+---------+---------+----------+-----------+-----------+------+----------+
        |- Loop 1  |     8456|     8456|       473|         16|          1|   500|    yes   |
        +----------+---------+---------+----------+-----------+-----------+------+----------+



================================================================
== Utilization Estimates
================================================================
* Summary: 
+-----------------+---------+-------+--------+-------+-----+
|       Name      | BRAM_18K| DSP48E|   FF   |  LUT  | URAM|
+-----------------+---------+-------+--------+-------+-----+
|DSP              |        -|      -|       -|      -|    -|
|Expression       |        -|      -|       0|    466|    -|
|FIFO             |        -|      -|       -|      -|    -|
|Instance         |        -|     56|    4424|   8808|    -|
|Memory           |        -|      -|       -|      -|    -|
|Multiplexer      |        -|      -|       -|   4969|    -|
|Register         |        0|      -|   17850|   2496|    -|
+-----------------+---------+-------+--------+-------+-----+
|Total            |        0|     56|   22274|  16739|    0|
+-----------------+---------+-------+--------+-------+-----+
|Available        |      280|    220|  106400|  53200|    0|
+-----------------+---------+-------+--------+-------+-----+
|Utilization (%)  |        0|     25|      20|     31|    0|
+-----------------+---------+-------+--------+-------+-----+

+ Detail: 
    * Instance: 
    +---------------------------+----------------------+---------+-------+-----+-----+-----+
    |          Instance         |        Module        | BRAM_18K| DSP48E|  FF | LUT | URAM|
    +---------------------------+----------------------+---------+-------+-----+-----+-----+
    |knnFloatNoSqrt100bkb_U385  |knnFloatNoSqrt100bkb  |        0|      2|  205|  390|    0|
    |knnFloatNoSqrt100bkb_U386  |knnFloatNoSqrt100bkb  |        0|      2|  205|  390|    0|
    |knnFloatNoSqrt100bkb_U387  |knnFloatNoSqrt100bkb  |        0|      2|  205|  390|    0|
    |knnFloatNoSqrt100bkb_U388  |knnFloatNoSqrt100bkb  |        0|      2|  205|  390|    0|
    |knnFloatNoSqrt100bkb_U389  |knnFloatNoSqrt100bkb  |        0|      2|  205|  390|    0|
    |knnFloatNoSqrt100bkb_U390  |knnFloatNoSqrt100bkb  |        0|      2|  205|  390|    0|
    |knnFloatNoSqrt100bkb_U391  |knnFloatNoSqrt100bkb  |        0|      2|  205|  390|    0|
    |knnFloatNoSqrt100bkb_U392  |knnFloatNoSqrt100bkb  |        0|      2|  205|  390|    0|
    |knnFloatNoSqrt100cud_U393  |knnFloatNoSqrt100cud  |        0|      2|  205|  390|    0|
    |knnFloatNoSqrt100cud_U394  |knnFloatNoSqrt100cud  |        0|      2|  205|  390|    0|
    |knnFloatNoSqrt100cud_U395  |knnFloatNoSqrt100cud  |        0|      2|  205|  390|    0|
    |knnFloatNoSqrt100cud_U396  |knnFloatNoSqrt100cud  |        0|      2|  205|  390|    0|
    |knnFloatNoSqrt100cud_U397  |knnFloatNoSqrt100cud  |        0|      2|  205|  390|    0|
    |knnFloatNoSqrt100cud_U398  |knnFloatNoSqrt100cud  |        0|      2|  205|  390|    0|
    |knnFloatNoSqrt100cud_U399  |knnFloatNoSqrt100cud  |        0|      2|  205|  390|    0|
    |knnFloatNoSqrt100cud_U400  |knnFloatNoSqrt100cud  |        0|      2|  205|  390|    0|
    |knnFloatNoSqrt100dEe_U401  |knnFloatNoSqrt100dEe  |        0|      3|  143|  321|    0|
    |knnFloatNoSqrt100dEe_U402  |knnFloatNoSqrt100dEe  |        0|      3|  143|  321|    0|
    |knnFloatNoSqrt100dEe_U403  |knnFloatNoSqrt100dEe  |        0|      3|  143|  321|    0|
    |knnFloatNoSqrt100dEe_U404  |knnFloatNoSqrt100dEe  |        0|      3|  143|  321|    0|
    |knnFloatNoSqrt100dEe_U405  |knnFloatNoSqrt100dEe  |        0|      3|  143|  321|    0|
    |knnFloatNoSqrt100dEe_U406  |knnFloatNoSqrt100dEe  |        0|      3|  143|  321|    0|
    |knnFloatNoSqrt100dEe_U407  |knnFloatNoSqrt100dEe  |        0|      3|  143|  321|    0|
    |knnFloatNoSqrt100dEe_U408  |knnFloatNoSqrt100dEe  |        0|      3|  143|  321|    0|
    +---------------------------+----------------------+---------+-------+-----+-----+-----+
    |Total                      |                      |        0|     56| 4424| 8808|    0|
    +---------------------------+----------------------+---------+-------+-----+-----+-----+

    * DSP48E: 
    N/A

    * Memory: 
    N/A

    * FIFO: 
    N/A

    * Expression: 
    +-----------------------+----------+-------+---+----+------------+------------+
    |     Variable Name     | Operation| DSP48E| FF| LUT| Bitwidth P0| Bitwidth P1|
    +-----------------------+----------+-------+---+----+------------+------------+
    |i_fu_4401_p2           |     +    |      0|  0|  15|           9|           1|
    |icmp_ln271_fu_4395_p2  |   icmp   |      0|  0|  13|           9|           5|
    |ap_block_state1        |    or    |      0|  0|   2|           1|           1|
    |or_ln279_fu_4423_p2    |    or    |      0|  0|  14|          14|           1|
    |or_ln283_fu_4441_p2    |    or    |      0|  0|  14|          14|           2|
    |or_ln287_fu_4458_p2    |    or    |      0|  0|  14|          14|           2|
    |or_ln291_fu_4475_p2    |    or    |      0|  0|  14|          14|           3|
    |or_ln295_fu_4492_p2    |    or    |      0|  0|  14|          14|           3|
    |or_ln299_fu_4509_p2    |    or    |      0|  0|  14|          14|           3|
    |or_ln303_fu_4526_p2    |    or    |      0|  0|  14|          14|           3|
    |or_ln307_fu_4543_p2    |    or    |      0|  0|  14|          14|           4|
    |or_ln311_fu_4560_p2    |    or    |      0|  0|  14|          14|           4|
    |or_ln315_fu_4577_p2    |    or    |      0|  0|  14|          14|           4|
    |or_ln319_fu_4594_p2    |    or    |      0|  0|  14|          14|           4|
    |or_ln323_fu_4611_p2    |    or    |      0|  0|  14|          14|           4|
    |or_ln327_fu_4628_p2    |    or    |      0|  0|  14|          14|           4|
    |or_ln331_fu_4645_p2    |    or    |      0|  0|  14|          14|           4|
    |or_ln335_fu_4662_p2    |    or    |      0|  0|  14|          14|           4|
    |or_ln339_fu_4679_p2    |    or    |      0|  0|  14|          14|           5|
    |or_ln343_fu_4696_p2    |    or    |      0|  0|  14|          14|           5|
    |or_ln347_fu_4713_p2    |    or    |      0|  0|  14|          14|           5|
    |or_ln351_fu_4904_p2    |    or    |      0|  0|  14|          14|           5|
    |or_ln355_fu_4729_p2    |    or    |      0|  0|  14|          14|           5|
    |or_ln359_fu_4746_p2    |    or    |      0|  0|  14|          14|           5|
    |or_ln363_fu_4760_p2    |    or    |      0|  0|  14|          14|           5|
    |or_ln367_fu_4777_p2    |    or    |      0|  0|  14|          14|           5|
    |or_ln371_fu_4791_p2    |    or    |      0|  0|  14|          14|           5|
    |or_ln375_fu_4808_p2    |    or    |      0|  0|  14|          14|           5|
    |or_ln379_fu_4822_p2    |    or    |      0|  0|  14|          14|           5|
    |or_ln383_fu_4839_p2    |    or    |      0|  0|  14|          14|           5|
    |or_ln387_fu_4853_p2    |    or    |      0|  0|  14|          14|           5|
    |or_ln391_fu_4870_p2    |    or    |      0|  0|  14|          14|           5|
    |or_ln395_fu_4887_p2    |    or    |      0|  0|  14|          14|           5|
    |or_ln399_fu_4921_p2    |    or    |      0|  0|  14|          14|           5|
    |ap_enable_pp0          |    xor   |      0|  0|   2|           1|           2|
    +-----------------------+----------+-------+---+----+------------+------------+
    |Total                  |          |      0|  0| 466|         454|         138|
    +-----------------------+----------+-------+---+----+------------+------------+

    * Multiplexer: 
    +---------------------------------+----+-----------+-----+-----------+
    |               Name              | LUT| Input Size| Bits| Total Bits|
    +---------------------------------+----+-----------+-----+-----------+
    |ap_NS_fsm                        |  93|         19|    1|         19|
    |ap_done                          |   9|          2|    1|          2|
    |ap_enable_reg_pp0_iter29         |   9|          2|    1|          2|
    |ap_phi_mux_i_0_i_phi_fu_3503_p4  |   9|          2|    9|         18|
    |grp_fu_3511_p0                   |  85|         17|   32|        544|
    |grp_fu_3511_p1                   |  41|          8|   32|        256|
    |grp_fu_3515_p0                   |  85|         17|   32|        544|
    |grp_fu_3515_p1                   |  41|          8|   32|        256|
    |grp_fu_3519_p0                   |  85|         17|   32|        544|
    |grp_fu_3519_p1                   |  41|          8|   32|        256|
    |grp_fu_3523_p0                   |  85|         17|   32|        544|
    |grp_fu_3523_p1                   |  53|         12|   32|        384|
    |grp_fu_3527_p0                   |  85|         17|   32|        544|
    |grp_fu_3527_p1                   |  50|         11|   32|        352|
    |grp_fu_3531_p0                   |  85|         17|   32|        544|
    |grp_fu_3531_p1                   |  50|         11|   32|        352|
    |grp_fu_3535_p0                   |  85|         17|   32|        544|
    |grp_fu_3535_p1                   |  50|         11|   32|        352|
    |grp_fu_3539_p0                   |  85|         17|   32|        544|
    |grp_fu_3539_p1                   |  38|          7|   32|        224|
    |grp_fu_3543_p0                   |  65|         16|   32|        512|
    |grp_fu_3543_p1                   |  85|         17|   32|        544|
    |grp_fu_3548_p0                   |  85|         17|   32|        544|
    |grp_fu_3548_p1                   |  65|         16|   32|        512|
    |grp_fu_3552_p0                   |  65|         16|   32|        512|
    |grp_fu_3552_p1                   |  85|         17|   32|        544|
    |grp_fu_3556_p0                   |  65|         16|   32|        512|
    |grp_fu_3556_p1                   |  85|         17|   32|        544|
    |grp_fu_3560_p0                   |  59|         14|   32|        448|
    |grp_fu_3560_p1                   |  85|         17|   32|        544|
    |grp_fu_3564_p0                   |  59|         14|   32|        448|
    |grp_fu_3564_p1                   |  85|         17|   32|        544|
    |grp_fu_3568_p0                   |  59|         14|   32|        448|
    |grp_fu_3568_p1                   |  85|         17|   32|        544|
    |grp_fu_3572_p0                   |  59|         14|   32|        448|
    |grp_fu_3572_p1                   |  85|         17|   32|        544|
    |grp_fu_3576_p0                   |  50|         11|   32|        352|
    |grp_fu_3576_p1                   |  50|         11|   32|        352|
    |grp_fu_3580_p0                   |  47|         10|   32|        320|
    |grp_fu_3580_p1                   |  47|         10|   32|        320|
    |grp_fu_3584_p0                   |  50|         11|   32|        352|
    |grp_fu_3584_p1                   |  50|         11|   32|        352|
    |grp_fu_3588_p0                   |  50|         11|   32|        352|
    |grp_fu_3588_p1                   |  50|         11|   32|        352|
    |grp_fu_3592_p0                   |  50|         11|   32|        352|
    |grp_fu_3592_p1                   |  50|         11|   32|        352|
    |grp_fu_3596_p0                   |  50|         11|   32|        352|
    |grp_fu_3596_p1                   |  50|         11|   32|        352|
    |grp_fu_3600_p0                   |  50|         11|   32|        352|
    |grp_fu_3600_p1                   |  50|         11|   32|        352|
    |grp_fu_3604_p0                   |  47|         10|   32|        320|
    |grp_fu_3604_p1                   |  47|         10|   32|        320|
    |i_0_i_reg_3499                   |   9|          2|    9|         18|
    |knownFeatures1_address0          |  85|         17|   14|        238|
    |knownFeatures1_address1          |  85|         17|   14|        238|
    |knownFeatures2_address0          |  85|         17|   14|        238|
    |knownFeatures2_address1          |  85|         17|   14|        238|
    |knownFeatures3_address0          |  85|         17|   14|        238|
    |knownFeatures3_address1          |  85|         17|   14|        238|
    |knownFeatures_address0           |  85|         17|   14|        238|
    |knownFeatures_address1           |  85|         17|   14|        238|
    |xFeatures100_blk_n               |   9|          2|    1|          2|
    |xFeatures101_blk_n               |   9|          2|    1|          2|
    |xFeatures102_blk_n               |   9|          2|    1|          2|
    |xFeatures103_blk_n               |   9|          2|    1|          2|
    |xFeatures104_blk_n               |   9|          2|    1|          2|
    |xFeatures105_blk_n               |   9|          2|    1|          2|
    |xFeatures106_blk_n               |   9|          2|    1|          2|
    |xFeatures107_blk_n               |   9|          2|    1|          2|
    |xFeatures108_blk_n               |   9|          2|    1|          2|
    |xFeatures109_blk_n               |   9|          2|    1|          2|
    |xFeatures10_blk_n                |   9|          2|    1|          2|
    |xFeatures110_blk_n               |   9|          2|    1|          2|
    |xFeatures111_blk_n               |   9|          2|    1|          2|
    |xFeatures112_blk_n               |   9|          2|    1|          2|
    |xFeatures113_blk_n               |   9|          2|    1|          2|
    |xFeatures114_blk_n               |   9|          2|    1|          2|
    |xFeatures115_blk_n               |   9|          2|    1|          2|
    |xFeatures116_blk_n               |   9|          2|    1|          2|
    |xFeatures117_blk_n               |   9|          2|    1|          2|
    |xFeatures118_blk_n               |   9|          2|    1|          2|
    |xFeatures119_blk_n               |   9|          2|    1|          2|
    |xFeatures11_blk_n                |   9|          2|    1|          2|
    |xFeatures120_blk_n               |   9|          2|    1|          2|
    |xFeatures121_blk_n               |   9|          2|    1|          2|
    |xFeatures122_blk_n               |   9|          2|    1|          2|
    |xFeatures123_blk_n               |   9|          2|    1|          2|
    |xFeatures124_blk_n               |   9|          2|    1|          2|
    |xFeatures125_blk_n               |   9|          2|    1|          2|
    |xFeatures126_blk_n               |   9|          2|    1|          2|
    |xFeatures127_blk_n               |   9|          2|    1|          2|
    |xFeatures128_blk_n               |   9|          2|    1|          2|
    |xFeatures129_blk_n               |   9|          2|    1|          2|
    |xFeatures12_blk_n                |   9|          2|    1|          2|
    |xFeatures130_blk_n               |   9|          2|    1|          2|
    |xFeatures13_blk_n                |   9|          2|    1|          2|
    |xFeatures14_blk_n                |   9|          2|    1|          2|
    |xFeatures15_blk_n                |   9|          2|    1|          2|
    |xFeatures16_blk_n                |   9|          2|    1|          2|
    |xFeatures17_blk_n                |   9|          2|    1|          2|
    |xFeatures18_blk_n                |   9|          2|    1|          2|
    |xFeatures19_blk_n                |   9|          2|    1|          2|
    |xFeatures20_blk_n                |   9|          2|    1|          2|
    |xFeatures21_blk_n                |   9|          2|    1|          2|
    |xFeatures22_blk_n                |   9|          2|    1|          2|
    |xFeatures23_blk_n                |   9|          2|    1|          2|
    |xFeatures24_blk_n                |   9|          2|    1|          2|
    |xFeatures25_blk_n                |   9|          2|    1|          2|
    |xFeatures26_blk_n                |   9|          2|    1|          2|
    |xFeatures27_blk_n                |   9|          2|    1|          2|
    |xFeatures28_blk_n                |   9|          2|    1|          2|
    |xFeatures29_blk_n                |   9|          2|    1|          2|
    |xFeatures30_blk_n                |   9|          2|    1|          2|
    |xFeatures31_blk_n                |   9|          2|    1|          2|
    |xFeatures32_blk_n                |   9|          2|    1|          2|
    |xFeatures33_blk_n                |   9|          2|    1|          2|
    |xFeatures34_blk_n                |   9|          2|    1|          2|
    |xFeatures35_blk_n                |   9|          2|    1|          2|
    |xFeatures36_blk_n                |   9|          2|    1|          2|
    |xFeatures37_blk_n                |   9|          2|    1|          2|
    |xFeatures38_blk_n                |   9|          2|    1|          2|
    |xFeatures39_blk_n                |   9|          2|    1|          2|
    |xFeatures40_blk_n                |   9|          2|    1|          2|
    |xFeatures41_blk_n                |   9|          2|    1|          2|
    |xFeatures42_blk_n                |   9|          2|    1|          2|
    |xFeatures43_blk_n                |   9|          2|    1|          2|
    |xFeatures44_blk_n                |   9|          2|    1|          2|
    |xFeatures45_blk_n                |   9|          2|    1|          2|
    |xFeatures46_blk_n                |   9|          2|    1|          2|
    |xFeatures47_blk_n                |   9|          2|    1|          2|
    |xFeatures48_blk_n                |   9|          2|    1|          2|
    |xFeatures49_blk_n                |   9|          2|    1|          2|
    |xFeatures4_blk_n                 |   9|          2|    1|          2|
    |xFeatures50_blk_n                |   9|          2|    1|          2|
    |xFeatures51_blk_n                |   9|          2|    1|          2|
    |xFeatures52_blk_n                |   9|          2|    1|          2|
    |xFeatures53_blk_n                |   9|          2|    1|          2|
    |xFeatures54_blk_n                |   9|          2|    1|          2|
    |xFeatures55_blk_n                |   9|          2|    1|          2|
    |xFeatures56_blk_n                |   9|          2|    1|          2|
    |xFeatures57_blk_n                |   9|          2|    1|          2|
    |xFeatures58_blk_n                |   9|          2|    1|          2|
    |xFeatures59_blk_n                |   9|          2|    1|          2|
    |xFeatures5_blk_n                 |   9|          2|    1|          2|
    |xFeatures60_blk_n                |   9|          2|    1|          2|
    |xFeatures61_blk_n                |   9|          2|    1|          2|
    |xFeatures62_blk_n                |   9|          2|    1|          2|
    |xFeatures63_blk_n                |   9|          2|    1|          2|
    |xFeatures64_blk_n                |   9|          2|    1|          2|
    |xFeatures65_blk_n                |   9|          2|    1|          2|
    |xFeatures66_blk_n                |   9|          2|    1|          2|
    |xFeatures67_blk_n                |   9|          2|    1|          2|
    |xFeatures68_blk_n                |   9|          2|    1|          2|
    |xFeatures69_blk_n                |   9|          2|    1|          2|
    |xFeatures6_blk_n                 |   9|          2|    1|          2|
    |xFeatures70_blk_n                |   9|          2|    1|          2|
    |xFeatures71_blk_n                |   9|          2|    1|          2|
    |xFeatures72_blk_n                |   9|          2|    1|          2|
    |xFeatures73_blk_n                |   9|          2|    1|          2|
    |xFeatures74_blk_n                |   9|          2|    1|          2|
    |xFeatures75_blk_n                |   9|          2|    1|          2|
    |xFeatures76_blk_n                |   9|          2|    1|          2|
    |xFeatures77_blk_n                |   9|          2|    1|          2|
    |xFeatures78_blk_n                |   9|          2|    1|          2|
    |xFeatures79_blk_n                |   9|          2|    1|          2|
    |xFeatures7_blk_n                 |   9|          2|    1|          2|
    |xFeatures80_blk_n                |   9|          2|    1|          2|
    |xFeatures81_blk_n                |   9|          2|    1|          2|
    |xFeatures82_blk_n                |   9|          2|    1|          2|
    |xFeatures83_blk_n                |   9|          2|    1|          2|
    |xFeatures84_blk_n                |   9|          2|    1|          2|
    |xFeatures85_blk_n                |   9|          2|    1|          2|
    |xFeatures86_blk_n                |   9|          2|    1|          2|
    |xFeatures87_blk_n                |   9|          2|    1|          2|
    |xFeatures88_blk_n                |   9|          2|    1|          2|
    |xFeatures89_blk_n                |   9|          2|    1|          2|
    |xFeatures8_blk_n                 |   9|          2|    1|          2|
    |xFeatures90_blk_n                |   9|          2|    1|          2|
    |xFeatures91_blk_n                |   9|          2|    1|          2|
    |xFeatures92_blk_n                |   9|          2|    1|          2|
    |xFeatures93_blk_n                |   9|          2|    1|          2|
    |xFeatures94_blk_n                |   9|          2|    1|          2|
    |xFeatures95_blk_n                |   9|          2|    1|          2|
    |xFeatures96_blk_n                |   9|          2|    1|          2|
    |xFeatures97_blk_n                |   9|          2|    1|          2|
    |xFeatures98_blk_n                |   9|          2|    1|          2|
    |xFeatures99_blk_n                |   9|          2|    1|          2|
    |xFeatures9_blk_n                 |   9|          2|    1|          2|
    |xFeatures_blk_n                  |   9|          2|    1|          2|
    +---------------------------------+----+-----------+-----+-----------+
    |Total                            |4969|       1059| 1797|      22699|
    +---------------------------------+----+-----------+-----+-----------+

    * Register: 
    +-------------------------------------+-----+----+-----+-----------+
    |                 Name                |  FF | LUT| Bits| Const Bits|
    +-------------------------------------+-----+----+-----+-----------+
    |ap_CS_fsm                            |   18|   0|   18|          0|
    |ap_done_reg                          |    1|   0|    1|          0|
    |ap_enable_reg_pp0_iter0              |    1|   0|    1|          0|
    |ap_enable_reg_pp0_iter1              |    1|   0|    1|          0|
    |ap_enable_reg_pp0_iter10             |    1|   0|    1|          0|
    |ap_enable_reg_pp0_iter11             |    1|   0|    1|          0|
    |ap_enable_reg_pp0_iter12             |    1|   0|    1|          0|
    |ap_enable_reg_pp0_iter13             |    1|   0|    1|          0|
    |ap_enable_reg_pp0_iter14             |    1|   0|    1|          0|
    |ap_enable_reg_pp0_iter15             |    1|   0|    1|          0|
    |ap_enable_reg_pp0_iter16             |    1|   0|    1|          0|
    |ap_enable_reg_pp0_iter17             |    1|   0|    1|          0|
    |ap_enable_reg_pp0_iter18             |    1|   0|    1|          0|
    |ap_enable_reg_pp0_iter19             |    1|   0|    1|          0|
    |ap_enable_reg_pp0_iter2              |    1|   0|    1|          0|
    |ap_enable_reg_pp0_iter20             |    1|   0|    1|          0|
    |ap_enable_reg_pp0_iter21             |    1|   0|    1|          0|
    |ap_enable_reg_pp0_iter22             |    1|   0|    1|          0|
    |ap_enable_reg_pp0_iter23             |    1|   0|    1|          0|
    |ap_enable_reg_pp0_iter24             |    1|   0|    1|          0|
    |ap_enable_reg_pp0_iter25             |    1|   0|    1|          0|
    |ap_enable_reg_pp0_iter26             |    1|   0|    1|          0|
    |ap_enable_reg_pp0_iter27             |    1|   0|    1|          0|
    |ap_enable_reg_pp0_iter28             |    1|   0|    1|          0|
    |ap_enable_reg_pp0_iter29             |    1|   0|    1|          0|
    |ap_enable_reg_pp0_iter3              |    1|   0|    1|          0|
    |ap_enable_reg_pp0_iter4              |    1|   0|    1|          0|
    |ap_enable_reg_pp0_iter5              |    1|   0|    1|          0|
    |ap_enable_reg_pp0_iter6              |    1|   0|    1|          0|
    |ap_enable_reg_pp0_iter7              |    1|   0|    1|          0|
    |ap_enable_reg_pp0_iter8              |    1|   0|    1|          0|
    |ap_enable_reg_pp0_iter9              |    1|   0|    1|          0|
    |distance_w113_reg_6964               |   32|   0|   32|          0|
    |distance_w114_reg_6939               |   32|   0|   32|          0|
    |distance_w124_reg_6999               |   32|   0|   32|          0|
    |distance_w14_reg_7004                |   32|   0|   32|          0|
    |distance_w16_reg_7014                |   32|   0|   32|          0|
    |distance_w17_reg_7029                |   32|   0|   32|          0|
    |distance_w18_reg_7024                |   32|   0|   32|          0|
    |distance_w20_reg_7039                |   32|   0|   32|          0|
    |distance_w23_reg_7019                |   32|   0|   32|          0|
    |distance_w30_reg_6909                |   32|   0|   32|          0|
    |distance_w31_reg_6944                |   32|   0|   32|          0|
    |distance_w32_reg_6924                |   32|   0|   32|          0|
    |distance_w47_reg_7034                |   32|   0|   32|          0|
    |distance_w48_reg_6974                |   32|   0|   32|          0|
    |distance_w49_reg_6914                |   32|   0|   32|          0|
    |distance_w50_reg_6984                |   32|   0|   32|          0|
    |distance_w53_reg_6934                |   32|   0|   32|          0|
    |distance_w60_reg_6959                |   32|   0|   32|          0|
    |distance_w65_reg_6929                |   32|   0|   32|          0|
    |distance_w66_reg_6899                |   32|   0|   32|          0|
    |distance_w67_reg_6919                |   32|   0|   32|          0|
    |distance_w68_reg_6979                |   32|   0|   32|          0|
    |distance_w69_reg_6954                |   32|   0|   32|          0|
    |distance_w71_reg_7009                |   32|   0|   32|          0|
    |distance_w75_reg_6969                |   32|   0|   32|          0|
    |distance_w82_reg_6994                |   32|   0|   32|          0|
    |distance_w86_reg_6989                |   32|   0|   32|          0|
    |distance_w86_reg_6989_pp0_iter4_reg  |   32|   0|   32|          0|
    |distance_w97_reg_6904                |   32|   0|   32|          0|
    |distance_w98_reg_6949                |   32|   0|   32|          0|
    |i_0_i_reg_3499                       |    9|   0|    9|          0|
    |i_reg_5587                           |    9|   0|    9|          0|
    |icmp_ln271_reg_5583                  |    1|   0|    1|          0|
    |knownFeatures1_load_19_reg_6534      |   32|   0|   32|          0|
    |knownFeatures1_load_31_reg_6554      |   32|   0|   32|          0|
    |knownFeatures2_load_19_reg_6539      |   32|   0|   32|          0|
    |knownFeatures2_load_31_reg_6559      |   32|   0|   32|          0|
    |knownFeatures3_load_19_reg_6544      |   32|   0|   32|          0|
    |knownFeatures3_load_31_reg_6564      |   32|   0|   32|          0|
    |knownFeatures_load_19_reg_6529       |   32|   0|   32|          0|
    |knownFeatures_load_31_reg_6549       |   32|   0|   32|          0|
    |reg_3608                             |   32|   0|   32|          0|
    |reg_3613                             |   32|   0|   32|          0|
    |reg_3618                             |   32|   0|   32|          0|
    |reg_3623                             |   32|   0|   32|          0|
    |reg_3629                             |   32|   0|   32|          0|
    |reg_3635                             |   32|   0|   32|          0|
    |reg_3641                             |   32|   0|   32|          0|
    |reg_3647                             |   32|   0|   32|          0|
    |reg_3652                             |   32|   0|   32|          0|
    |reg_3657                             |   32|   0|   32|          0|
    |reg_3662                             |   32|   0|   32|          0|
    |reg_3667                             |   32|   0|   32|          0|
    |reg_3673                             |   32|   0|   32|          0|
    |reg_3679                             |   32|   0|   32|          0|
    |reg_3685                             |   32|   0|   32|          0|
    |reg_3691                             |   32|   0|   32|          0|
    |reg_3696                             |   32|   0|   32|          0|
    |reg_3701                             |   32|   0|   32|          0|
    |reg_3706                             |   32|   0|   32|          0|
    |reg_3711                             |   32|   0|   32|          0|
    |reg_3717                             |   32|   0|   32|          0|
    |reg_3723                             |   32|   0|   32|          0|
    |reg_3729                             |   32|   0|   32|          0|
    |reg_3735                             |   32|   0|   32|          0|
    |reg_3740                             |   32|   0|   32|          0|
    |reg_3746                             |   32|   0|   32|          0|
    |reg_3752                             |   32|   0|   32|          0|
    |reg_3758                             |   32|   0|   32|          0|
    |reg_3764                             |   32|   0|   32|          0|
    |reg_3769                             |   32|   0|   32|          0|
    |reg_3774                             |   32|   0|   32|          0|
    |reg_3779                             |   32|   0|   32|          0|
    |reg_3784                             |   32|   0|   32|          0|
    |reg_3789                             |   32|   0|   32|          0|
    |reg_3794                             |   32|   0|   32|          0|
    |reg_3799                             |   32|   0|   32|          0|
    |reg_3805                             |   32|   0|   32|          0|
    |reg_3811                             |   32|   0|   32|          0|
    |reg_3817                             |   32|   0|   32|          0|
    |reg_3823                             |   32|   0|   32|          0|
    |reg_3828                             |   32|   0|   32|          0|
    |reg_3836                             |   32|   0|   32|          0|
    |reg_3844                             |   32|   0|   32|          0|
    |reg_3852                             |   32|   0|   32|          0|
    |reg_3860                             |   32|   0|   32|          0|
    |reg_3868                             |   32|   0|   32|          0|
    |reg_3876                             |   32|   0|   32|          0|
    |reg_3884                             |   32|   0|   32|          0|
    |reg_3892                             |   32|   0|   32|          0|
    |reg_3902                             |   32|   0|   32|          0|
    |reg_3912                             |   32|   0|   32|          0|
    |reg_3922                             |   32|   0|   32|          0|
    |reg_3930                             |   32|   0|   32|          0|
    |reg_3938                             |   32|   0|   32|          0|
    |reg_3946                             |   32|   0|   32|          0|
    |reg_3954                             |   32|   0|   32|          0|
    |reg_3964                             |   32|   0|   32|          0|
    |reg_3972                             |   32|   0|   32|          0|
    |reg_3980                             |   32|   0|   32|          0|
    |reg_3990                             |   32|   0|   32|          0|
    |reg_4000                             |   32|   0|   32|          0|
    |reg_4010                             |   32|   0|   32|          0|
    |reg_4018                             |   32|   0|   32|          0|
    |reg_4026                             |   32|   0|   32|          0|
    |reg_4034                             |   32|   0|   32|          0|
    |reg_4044                             |   32|   0|   32|          0|
    |reg_4054                             |   32|   0|   32|          0|
    |reg_4064                             |   32|   0|   32|          0|
    |reg_4074                             |   32|   0|   32|          0|
    |reg_4084                             |   32|   0|   32|          0|
    |reg_4094                             |   32|   0|   32|          0|
    |reg_4104                             |   32|   0|   32|          0|
    |reg_4112                             |   32|   0|   32|          0|
    |reg_4118                             |   32|   0|   32|          0|
    |reg_4124                             |   32|   0|   32|          0|
    |reg_4130                             |   32|   0|   32|          0|
    |reg_4136                             |   32|   0|   32|          0|
    |reg_4142                             |   32|   0|   32|          0|
    |reg_4148                             |   32|   0|   32|          0|
    |reg_4154                             |   32|   0|   32|          0|
    |reg_4159                             |   32|   0|   32|          0|
    |reg_4165                             |   32|   0|   32|          0|
    |reg_4171                             |   32|   0|   32|          0|
    |reg_4177                             |   32|   0|   32|          0|
    |reg_4183                             |   32|   0|   32|          0|
    |reg_4189                             |   32|   0|   32|          0|
    |reg_4195                             |   32|   0|   32|          0|
    |reg_4202                             |   32|   0|   32|          0|
    |reg_4207                             |   32|   0|   32|          0|
    |reg_4213                             |   32|   0|   32|          0|
    |reg_4219                             |   32|   0|   32|          0|
    |reg_4225                             |   32|   0|   32|          0|
    |reg_4231                             |   32|   0|   32|          0|
    |reg_4238                             |   32|   0|   32|          0|
    |reg_4244                             |   32|   0|   32|          0|
    |reg_4251                             |   32|   0|   32|          0|
    |reg_4257                             |   32|   0|   32|          0|
    |reg_4263                             |   32|   0|   32|          0|
    |reg_4270                             |   32|   0|   32|          0|
    |reg_4277                             |   32|   0|   32|          0|
    |reg_4284                             |   32|   0|   32|          0|
    |reg_4289                             |   32|   0|   32|          0|
    |reg_4295                             |   32|   0|   32|          0|
    |reg_4302                             |   32|   0|   32|          0|
    |reg_4309                             |   32|   0|   32|          0|
    |reg_4316                             |   32|   0|   32|          0|
    |reg_4321                             |   32|   0|   32|          0|
    |reg_4327                             |   32|   0|   32|          0|
    |reg_4334                             |   32|   0|   32|          0|
    |reg_4341                             |   32|   0|   32|          0|
    |reg_4348                             |   32|   0|   32|          0|
    |reg_4353                             |   32|   0|   32|          0|
    |reg_4359                             |   32|   0|   32|          0|
    |reg_4365                             |   32|   0|   32|          0|
    |reg_4372                             |   32|   0|   32|          0|
    |reg_4378                             |   32|   0|   32|          0|
    |reg_4383                             |   32|   0|   32|          0|
    |reg_4389                             |   32|   0|   32|          0|
    |tmp_100_i_reg_6599                   |   32|   0|   32|          0|
    |tmp_101_i_reg_6604                   |   32|   0|   32|          0|
    |tmp_102_i_reg_6609                   |   32|   0|   32|          0|
    |tmp_103_i_reg_6614                   |   32|   0|   32|          0|
    |tmp_104_i_reg_6619                   |   32|   0|   32|          0|
    |tmp_105_i_reg_6624                   |   32|   0|   32|          0|
    |tmp_106_i_reg_6629                   |   32|   0|   32|          0|
    |tmp_107_i_reg_6634                   |   32|   0|   32|          0|
    |tmp_108_i_reg_6639                   |   32|   0|   32|          0|
    |tmp_109_i_reg_6644                   |   32|   0|   32|          0|
    |tmp_10_i_reg_6774                    |   32|   0|   32|          0|
    |tmp_110_i_reg_6649                   |   32|   0|   32|          0|
    |tmp_111_i_reg_6654                   |   32|   0|   32|          0|
    |tmp_112_i_reg_6659                   |   32|   0|   32|          0|
    |tmp_113_i_reg_6664                   |   32|   0|   32|          0|
    |tmp_114_i_reg_6669                   |   32|   0|   32|          0|
    |tmp_115_i_reg_6674                   |   32|   0|   32|          0|
    |tmp_116_i_reg_6679                   |   32|   0|   32|          0|
    |tmp_117_i_reg_6684                   |   32|   0|   32|          0|
    |tmp_118_i_reg_6689                   |   32|   0|   32|          0|
    |tmp_119_i_reg_6694                   |   32|   0|   32|          0|
    |tmp_11_i_reg_6779                    |   32|   0|   32|          0|
    |tmp_120_i_reg_6699                   |   32|   0|   32|          0|
    |tmp_121_i_reg_6844                   |   32|   0|   32|          0|
    |tmp_122_i_reg_6874                   |   32|   0|   32|          0|
    |tmp_123_i_reg_6879                   |   32|   0|   32|          0|
    |tmp_124_i_reg_6884                   |   32|   0|   32|          0|
    |tmp_125_i_reg_6889                   |   32|   0|   32|          0|
    |tmp_126_i_reg_6894                   |   32|   0|   32|          0|
    |tmp_12_i_reg_6784                    |   32|   0|   32|          0|
    |tmp_14_i_reg_6869                    |   32|   0|   32|          0|
    |tmp_15_i_reg_6739                    |   32|   0|   32|          0|
    |tmp_16_i_reg_6744                    |   32|   0|   32|          0|
    |tmp_17_i_reg_6819                    |   32|   0|   32|          0|
    |tmp_17_reg_5986                      |    9|   0|   64|         55|
    |tmp_18_i_reg_6824                    |   32|   0|   32|          0|
    |tmp_19_i_reg_6849                    |   32|   0|   32|          0|
    |tmp_20_reg_6001                      |    9|   0|   64|         55|
    |tmp_21_i_reg_6749                    |   32|   0|   32|          0|
    |tmp_22_i_reg_6754                    |   32|   0|   32|          0|
    |tmp_22_reg_6048                      |    9|   0|   64|         55|
    |tmp_24_i_reg_6704                    |   32|   0|   32|          0|
    |tmp_24_reg_6125                      |    9|   0|   64|         55|
    |tmp_25_i_reg_6709                    |   32|   0|   32|          0|
    |tmp_26_reg_6212                      |    9|   0|   64|         55|
    |tmp_28_i_reg_6829                    |   32|   0|   32|          0|
    |tmp_29_i_reg_6789                    |   32|   0|   32|          0|
    |tmp_2_i_reg_6729                     |   32|   0|   32|          0|
    |tmp_30_i_reg_6714                    |   32|   0|   32|          0|
    |tmp_31_i_reg_6719                    |   32|   0|   32|          0|
    |tmp_32_i_reg_6834                    |   32|   0|   32|          0|
    |tmp_33_i_reg_6839                    |   32|   0|   32|          0|
    |tmp_35_i_reg_6854                    |   32|   0|   32|          0|
    |tmp_36_i_reg_6859                    |   32|   0|   32|          0|
    |tmp_37_i_reg_6864                    |   32|   0|   32|          0|
    |tmp_3_i_reg_6734                     |   32|   0|   32|          0|
    |tmp_40_i_reg_6794                    |   32|   0|   32|          0|
    |tmp_41_i_reg_6799                    |   32|   0|   32|          0|
    |tmp_42_i_reg_6804                    |   32|   0|   32|          0|
    |tmp_43_i_reg_6759                    |   32|   0|   32|          0|
    |tmp_44_i_reg_6764                    |   32|   0|   32|          0|
    |tmp_45_i_reg_6724                    |   32|   0|   32|          0|
    |tmp_48_i_reg_6085                    |   32|   0|   32|          0|
    |tmp_49_i_reg_6090                    |   32|   0|   32|          0|
    |tmp_50_i_reg_6095                    |   32|   0|   32|          0|
    |tmp_50_i_reg_6095_pp0_iter1_reg      |   32|   0|   32|          0|
    |tmp_51_i_reg_6100                    |   32|   0|   32|          0|
    |tmp_51_i_reg_6100_pp0_iter1_reg      |   32|   0|   32|          0|
    |tmp_52_i_reg_6105                    |   32|   0|   32|          0|
    |tmp_53_i_reg_6110                    |   32|   0|   32|          0|
    |tmp_54_i_reg_6162                    |   32|   0|   32|          0|
    |tmp_55_i_reg_6167                    |   32|   0|   32|          0|
    |tmp_56_i_reg_6172                    |   32|   0|   32|          0|
    |tmp_57_i_reg_6177                    |   32|   0|   32|          0|
    |tmp_58_i_reg_6182                    |   32|   0|   32|          0|
    |tmp_59_i_reg_6187                    |   32|   0|   32|          0|
    |tmp_60_i_reg_6192                    |   32|   0|   32|          0|
    |tmp_61_i_reg_6197                    |   32|   0|   32|          0|
    |tmp_62_i_reg_6249                    |   32|   0|   32|          0|
    |tmp_63_i_reg_6254                    |   32|   0|   32|          0|
    |tmp_64_i_reg_6259                    |   32|   0|   32|          0|
    |tmp_65_i_reg_6264                    |   32|   0|   32|          0|
    |tmp_66_i_reg_6269                    |   32|   0|   32|          0|
    |tmp_67_i_reg_6274                    |   32|   0|   32|          0|
    |tmp_68_i_reg_6279                    |   32|   0|   32|          0|
    |tmp_69_i_reg_6284                    |   32|   0|   32|          0|
    |tmp_70_i_reg_6329                    |   32|   0|   32|          0|
    |tmp_71_i_reg_6334                    |   32|   0|   32|          0|
    |tmp_72_i_reg_6339                    |   32|   0|   32|          0|
    |tmp_73_i_reg_6344                    |   32|   0|   32|          0|
    |tmp_74_i_reg_6349                    |   32|   0|   32|          0|
    |tmp_75_i_reg_6354                    |   32|   0|   32|          0|
    |tmp_76_i_reg_6359                    |   32|   0|   32|          0|
    |tmp_77_i_reg_6364                    |   32|   0|   32|          0|
    |tmp_78_i_reg_6409                    |   32|   0|   32|          0|
    |tmp_79_i_reg_6414                    |   32|   0|   32|          0|
    |tmp_80_i_reg_6419                    |   32|   0|   32|          0|
    |tmp_81_i_reg_6424                    |   32|   0|   32|          0|
    |tmp_82_i_reg_6429                    |   32|   0|   32|          0|
    |tmp_83_i_reg_6434                    |   32|   0|   32|          0|
    |tmp_84_i_reg_6439                    |   32|   0|   32|          0|
    |tmp_85_i_reg_6444                    |   32|   0|   32|          0|
    |tmp_86_i_reg_6489                    |   32|   0|   32|          0|
    |tmp_87_i_reg_6494                    |   32|   0|   32|          0|
    |tmp_88_i_reg_6499                    |   32|   0|   32|          0|
    |tmp_89_i_reg_6504                    |   32|   0|   32|          0|
    |tmp_8_i_reg_6809                     |   32|   0|   32|          0|
    |tmp_90_i_reg_6509                    |   32|   0|   32|          0|
    |tmp_91_i_reg_6514                    |   32|   0|   32|          0|
    |tmp_92_i_reg_6519                    |   32|   0|   32|          0|
    |tmp_93_i_reg_6524                    |   32|   0|   32|          0|
    |tmp_94_i_reg_6569                    |   32|   0|   32|          0|
    |tmp_95_i_reg_6574                    |   32|   0|   32|          0|
    |tmp_96_i_reg_6579                    |   32|   0|   32|          0|
    |tmp_97_i_reg_6584                    |   32|   0|   32|          0|
    |tmp_98_i_reg_6589                    |   32|   0|   32|          0|
    |tmp_99_i_reg_6594                    |   32|   0|   32|          0|
    |tmp_9_i_reg_6814                     |   32|   0|   32|          0|
    |tmp_i_136_reg_6769                   |   32|   0|   32|          0|
    |tmp_reg_5592                         |    9|   0|   14|          5|
    |xFeatures100_read_reg_5428           |   32|   0|   32|          0|
    |xFeatures101_read_reg_5433           |   32|   0|   32|          0|
    |xFeatures102_read_reg_5438           |   32|   0|   32|          0|
    |xFeatures103_read_reg_5443           |   32|   0|   32|          0|
    |xFeatures104_read_reg_5448           |   32|   0|   32|          0|
    |xFeatures105_read_reg_5453           |   32|   0|   32|          0|
    |xFeatures106_read_reg_5458           |   32|   0|   32|          0|
    |xFeatures107_read_reg_5463           |   32|   0|   32|          0|
    |xFeatures108_read_reg_5468           |   32|   0|   32|          0|
    |xFeatures109_read_reg_5473           |   32|   0|   32|          0|
    |xFeatures10_read_reg_4978            |   32|   0|   32|          0|
    |xFeatures110_read_reg_5478           |   32|   0|   32|          0|
    |xFeatures111_read_reg_5483           |   32|   0|   32|          0|
    |xFeatures112_read_reg_5488           |   32|   0|   32|          0|
    |xFeatures113_read_reg_5493           |   32|   0|   32|          0|
    |xFeatures114_read_reg_5498           |   32|   0|   32|          0|
    |xFeatures115_read_reg_5503           |   32|   0|   32|          0|
    |xFeatures116_read_reg_5508           |   32|   0|   32|          0|
    |xFeatures117_read_reg_5513           |   32|   0|   32|          0|
    |xFeatures118_read_reg_5518           |   32|   0|   32|          0|
    |xFeatures119_read_reg_5523           |   32|   0|   32|          0|
    |xFeatures11_read_reg_4983            |   32|   0|   32|          0|
    |xFeatures120_read_reg_5528           |   32|   0|   32|          0|
    |xFeatures121_read_reg_5533           |   32|   0|   32|          0|
    |xFeatures122_read_reg_5538           |   32|   0|   32|          0|
    |xFeatures123_read_reg_5543           |   32|   0|   32|          0|
    |xFeatures124_read_reg_5548           |   32|   0|   32|          0|
    |xFeatures125_read_reg_5553           |   32|   0|   32|          0|
    |xFeatures126_read_reg_5558           |   32|   0|   32|          0|
    |xFeatures127_read_reg_5563           |   32|   0|   32|          0|
    |xFeatures128_read_reg_5568           |   32|   0|   32|          0|
    |xFeatures129_read_reg_5573           |   32|   0|   32|          0|
    |xFeatures12_read_reg_4988            |   32|   0|   32|          0|
    |xFeatures130_read_reg_5578           |   32|   0|   32|          0|
    |xFeatures13_read_reg_4993            |   32|   0|   32|          0|
    |xFeatures14_read_reg_4998            |   32|   0|   32|          0|
    |xFeatures15_read_reg_5003            |   32|   0|   32|          0|
    |xFeatures16_read_reg_5008            |   32|   0|   32|          0|
    |xFeatures17_read_reg_5013            |   32|   0|   32|          0|
    |xFeatures18_read_reg_5018            |   32|   0|   32|          0|
    |xFeatures19_read_reg_5023            |   32|   0|   32|          0|
    |xFeatures20_read_reg_5028            |   32|   0|   32|          0|
    |xFeatures21_read_reg_5033            |   32|   0|   32|          0|
    |xFeatures22_read_reg_5038            |   32|   0|   32|          0|
    |xFeatures23_read_reg_5043            |   32|   0|   32|          0|
    |xFeatures24_read_reg_5048            |   32|   0|   32|          0|
    |xFeatures25_read_reg_5053            |   32|   0|   32|          0|
    |xFeatures26_read_reg_5058            |   32|   0|   32|          0|
    |xFeatures27_read_reg_5063            |   32|   0|   32|          0|
    |xFeatures28_read_reg_5068            |   32|   0|   32|          0|
    |xFeatures29_read_reg_5073            |   32|   0|   32|          0|
    |xFeatures30_read_reg_5078            |   32|   0|   32|          0|
    |xFeatures31_read_reg_5083            |   32|   0|   32|          0|
    |xFeatures32_read_reg_5088            |   32|   0|   32|          0|
    |xFeatures33_read_reg_5093            |   32|   0|   32|          0|
    |xFeatures34_read_reg_5098            |   32|   0|   32|          0|
    |xFeatures35_read_reg_5103            |   32|   0|   32|          0|
    |xFeatures36_read_reg_5108            |   32|   0|   32|          0|
    |xFeatures37_read_reg_5113            |   32|   0|   32|          0|
    |xFeatures38_read_reg_5118            |   32|   0|   32|          0|
    |xFeatures39_read_reg_5123            |   32|   0|   32|          0|
    |xFeatures40_read_reg_5128            |   32|   0|   32|          0|
    |xFeatures41_read_reg_5133            |   32|   0|   32|          0|
    |xFeatures42_read_reg_5138            |   32|   0|   32|          0|
    |xFeatures43_read_reg_5143            |   32|   0|   32|          0|
    |xFeatures44_read_reg_5148            |   32|   0|   32|          0|
    |xFeatures45_read_reg_5153            |   32|   0|   32|          0|
    |xFeatures46_read_reg_5158            |   32|   0|   32|          0|
    |xFeatures47_read_reg_5163            |   32|   0|   32|          0|
    |xFeatures48_read_reg_5168            |   32|   0|   32|          0|
    |xFeatures49_read_reg_5173            |   32|   0|   32|          0|
    |xFeatures4_read_reg_4948             |   32|   0|   32|          0|
    |xFeatures50_read_reg_5178            |   32|   0|   32|          0|
    |xFeatures51_read_reg_5183            |   32|   0|   32|          0|
    |xFeatures52_read_reg_5188            |   32|   0|   32|          0|
    |xFeatures53_read_reg_5193            |   32|   0|   32|          0|
    |xFeatures54_read_reg_5198            |   32|   0|   32|          0|
    |xFeatures55_read_reg_5203            |   32|   0|   32|          0|
    |xFeatures56_read_reg_5208            |   32|   0|   32|          0|
    |xFeatures57_read_reg_5213            |   32|   0|   32|          0|
    |xFeatures58_read_reg_5218            |   32|   0|   32|          0|
    |xFeatures59_read_reg_5223            |   32|   0|   32|          0|
    |xFeatures5_read_reg_4953             |   32|   0|   32|          0|
    |xFeatures60_read_reg_5228            |   32|   0|   32|          0|
    |xFeatures61_read_reg_5233            |   32|   0|   32|          0|
    |xFeatures62_read_reg_5238            |   32|   0|   32|          0|
    |xFeatures63_read_reg_5243            |   32|   0|   32|          0|
    |xFeatures64_read_reg_5248            |   32|   0|   32|          0|
    |xFeatures65_read_reg_5253            |   32|   0|   32|          0|
    |xFeatures66_read_reg_5258            |   32|   0|   32|          0|
    |xFeatures67_read_reg_5263            |   32|   0|   32|          0|
    |xFeatures68_read_reg_5268            |   32|   0|   32|          0|
    |xFeatures69_read_reg_5273            |   32|   0|   32|          0|
    |xFeatures6_read_reg_4958             |   32|   0|   32|          0|
    |xFeatures70_read_reg_5278            |   32|   0|   32|          0|
    |xFeatures71_read_reg_5283            |   32|   0|   32|          0|
    |xFeatures72_read_reg_5288            |   32|   0|   32|          0|
    |xFeatures73_read_reg_5293            |   32|   0|   32|          0|
    |xFeatures74_read_reg_5298            |   32|   0|   32|          0|
    |xFeatures75_read_reg_5303            |   32|   0|   32|          0|
    |xFeatures76_read_reg_5308            |   32|   0|   32|          0|
    |xFeatures77_read_reg_5313            |   32|   0|   32|          0|
    |xFeatures78_read_reg_5318            |   32|   0|   32|          0|
    |xFeatures79_read_reg_5323            |   32|   0|   32|          0|
    |xFeatures7_read_reg_4963             |   32|   0|   32|          0|
    |xFeatures80_read_reg_5328            |   32|   0|   32|          0|
    |xFeatures81_read_reg_5333            |   32|   0|   32|          0|
    |xFeatures82_read_reg_5338            |   32|   0|   32|          0|
    |xFeatures83_read_reg_5343            |   32|   0|   32|          0|
    |xFeatures84_read_reg_5348            |   32|   0|   32|          0|
    |xFeatures85_read_reg_5353            |   32|   0|   32|          0|
    |xFeatures86_read_reg_5358            |   32|   0|   32|          0|
    |xFeatures87_read_reg_5363            |   32|   0|   32|          0|
    |xFeatures88_read_reg_5368            |   32|   0|   32|          0|
    |xFeatures89_read_reg_5373            |   32|   0|   32|          0|
    |xFeatures8_read_reg_4968             |   32|   0|   32|          0|
    |xFeatures90_read_reg_5378            |   32|   0|   32|          0|
    |xFeatures91_read_reg_5383            |   32|   0|   32|          0|
    |xFeatures92_read_reg_5388            |   32|   0|   32|          0|
    |xFeatures93_read_reg_5393            |   32|   0|   32|          0|
    |xFeatures94_read_reg_5398            |   32|   0|   32|          0|
    |xFeatures95_read_reg_5403            |   32|   0|   32|          0|
    |xFeatures96_read_reg_5408            |   32|   0|   32|          0|
    |xFeatures97_read_reg_5413            |   32|   0|   32|          0|
    |xFeatures98_read_reg_5418            |   32|   0|   32|          0|
    |xFeatures99_read_reg_5423            |   32|   0|   32|          0|
    |xFeatures9_read_reg_4973             |   32|   0|   32|          0|
    |xFeatures_read_reg_4943              |   32|   0|   32|          0|
    |distance_w124_reg_6999               |   64|  32|   32|          0|
    |i_0_i_reg_3499                       |   64|  32|    9|          0|
    |icmp_ln271_reg_5583                  |   64|  32|    1|          0|
    |tmp_100_i_reg_6599                   |   64|  32|   32|          0|
    |tmp_101_i_reg_6604                   |   64|  32|   32|          0|
    |tmp_102_i_reg_6609                   |   64|  32|   32|          0|
    |tmp_103_i_reg_6614                   |   64|  32|   32|          0|
    |tmp_104_i_reg_6619                   |   64|  32|   32|          0|
    |tmp_105_i_reg_6624                   |   64|  32|   32|          0|
    |tmp_106_i_reg_6629                   |   64|  32|   32|          0|
    |tmp_107_i_reg_6634                   |   64|  32|   32|          0|
    |tmp_108_i_reg_6639                   |   64|  32|   32|          0|
    |tmp_109_i_reg_6644                   |   64|  32|   32|          0|
    |tmp_110_i_reg_6649                   |   64|  32|   32|          0|
    |tmp_111_i_reg_6654                   |   64|  32|   32|          0|
    |tmp_112_i_reg_6659                   |   64|  32|   32|          0|
    |tmp_113_i_reg_6664                   |   64|  32|   32|          0|
    |tmp_114_i_reg_6669                   |   64|  32|   32|          0|
    |tmp_115_i_reg_6674                   |   64|  32|   32|          0|
    |tmp_116_i_reg_6679                   |   64|  32|   32|          0|
    |tmp_117_i_reg_6684                   |   64|  32|   32|          0|
    |tmp_118_i_reg_6689                   |   64|  32|   32|          0|
    |tmp_119_i_reg_6694                   |   64|  32|   32|          0|
    |tmp_120_i_reg_6699                   |   64|  32|   32|          0|
    |tmp_121_i_reg_6844                   |   64|  32|   32|          0|
    |tmp_122_i_reg_6874                   |   64|  32|   32|          0|
    |tmp_123_i_reg_6879                   |   64|  32|   32|          0|
    |tmp_124_i_reg_6884                   |   64|  32|   32|          0|
    |tmp_125_i_reg_6889                   |   64|  32|   32|          0|
    |tmp_126_i_reg_6894                   |   64|  32|   32|          0|
    |tmp_52_i_reg_6105                    |   64|  32|   32|          0|
    |tmp_53_i_reg_6110                    |   64|  32|   32|          0|
    |tmp_54_i_reg_6162                    |   64|  32|   32|          0|
    |tmp_55_i_reg_6167                    |   64|  32|   32|          0|
    |tmp_56_i_reg_6172                    |   64|  32|   32|          0|
    |tmp_57_i_reg_6177                    |   64|  32|   32|          0|
    |tmp_58_i_reg_6182                    |   64|  32|   32|          0|
    |tmp_59_i_reg_6187                    |   64|  32|   32|          0|
    |tmp_60_i_reg_6192                    |   64|  32|   32|          0|
    |tmp_61_i_reg_6197                    |   64|  32|   32|          0|
    |tmp_62_i_reg_6249                    |   64|  32|   32|          0|
    |tmp_63_i_reg_6254                    |   64|  32|   32|          0|
    |tmp_64_i_reg_6259                    |   64|  32|   32|          0|
    |tmp_65_i_reg_6264                    |   64|  32|   32|          0|
    |tmp_66_i_reg_6269                    |   64|  32|   32|          0|
    |tmp_67_i_reg_6274                    |   64|  32|   32|          0|
    |tmp_68_i_reg_6279                    |   64|  32|   32|          0|
    |tmp_69_i_reg_6284                    |   64|  32|   32|          0|
    |tmp_70_i_reg_6329                    |   64|  32|   32|          0|
    |tmp_71_i_reg_6334                    |   64|  32|   32|          0|
    |tmp_72_i_reg_6339                    |   64|  32|   32|          0|
    |tmp_73_i_reg_6344                    |   64|  32|   32|          0|
    |tmp_74_i_reg_6349                    |   64|  32|   32|          0|
    |tmp_75_i_reg_6354                    |   64|  32|   32|          0|
    |tmp_76_i_reg_6359                    |   64|  32|   32|          0|
    |tmp_77_i_reg_6364                    |   64|  32|   32|          0|
    |tmp_78_i_reg_6409                    |   64|  32|   32|          0|
    |tmp_79_i_reg_6414                    |   64|  32|   32|          0|
    |tmp_80_i_reg_6419                    |   64|  32|   32|          0|
    |tmp_81_i_reg_6424                    |   64|  32|   32|          0|
    |tmp_82_i_reg_6429                    |   64|  32|   32|          0|
    |tmp_83_i_reg_6434                    |   64|  32|   32|          0|
    |tmp_84_i_reg_6439                    |   64|  32|   32|          0|
    |tmp_85_i_reg_6444                    |   64|  32|   32|          0|
    |tmp_86_i_reg_6489                    |   64|  32|   32|          0|
    |tmp_87_i_reg_6494                    |   64|  32|   32|          0|
    |tmp_88_i_reg_6499                    |   64|  32|   32|          0|
    |tmp_89_i_reg_6504                    |   64|  32|   32|          0|
    |tmp_90_i_reg_6509                    |   64|  32|   32|          0|
    |tmp_91_i_reg_6514                    |   64|  32|   32|          0|
    |tmp_92_i_reg_6519                    |   64|  32|   32|          0|
    |tmp_93_i_reg_6524                    |   64|  32|   32|          0|
    |tmp_94_i_reg_6569                    |   64|  32|   32|          0|
    |tmp_95_i_reg_6574                    |   64|  32|   32|          0|
    |tmp_96_i_reg_6579                    |   64|  32|   32|          0|
    |tmp_97_i_reg_6584                    |   64|  32|   32|          0|
    |tmp_98_i_reg_6589                    |   64|  32|   32|          0|
    |tmp_99_i_reg_6594                    |   64|  32|   32|          0|
    +-------------------------------------+-----+----+-----+-----------+
    |Total                                |17850|2496|15580|        280|
    +-------------------------------------+-----+----+-----+-----------+



================================================================
== Interface
================================================================
* Summary: 
+-------------------------+-----+-----+------------+----------------+--------------+
|        RTL Ports        | Dir | Bits|  Protocol  |  Source Object |    C Type    |
+-------------------------+-----+-----+------------+----------------+--------------+
|ap_clk                   |  in |    1| ap_ctrl_hs |  parallel_023  | return value |
|ap_rst                   |  in |    1| ap_ctrl_hs |  parallel_023  | return value |
|ap_start                 |  in |    1| ap_ctrl_hs |  parallel_023  | return value |
|ap_done                  | out |    1| ap_ctrl_hs |  parallel_023  | return value |
|ap_continue              |  in |    1| ap_ctrl_hs |  parallel_023  | return value |
|ap_idle                  | out |    1| ap_ctrl_hs |  parallel_023  | return value |
|ap_ready                 | out |    1| ap_ctrl_hs |  parallel_023  | return value |
|knownFeatures_address0   | out |   14|  ap_memory |  knownFeatures |     array    |
|knownFeatures_ce0        | out |    1|  ap_memory |  knownFeatures |     array    |
|knownFeatures_q0         |  in |   32|  ap_memory |  knownFeatures |     array    |
|knownFeatures_address1   | out |   14|  ap_memory |  knownFeatures |     array    |
|knownFeatures_ce1        | out |    1|  ap_memory |  knownFeatures |     array    |
|knownFeatures_q1         |  in |   32|  ap_memory |  knownFeatures |     array    |
|knownFeatures1_address0  | out |   14|  ap_memory | knownFeatures1 |     array    |
|knownFeatures1_ce0       | out |    1|  ap_memory | knownFeatures1 |     array    |
|knownFeatures1_q0        |  in |   32|  ap_memory | knownFeatures1 |     array    |
|knownFeatures1_address1  | out |   14|  ap_memory | knownFeatures1 |     array    |
|knownFeatures1_ce1       | out |    1|  ap_memory | knownFeatures1 |     array    |
|knownFeatures1_q1        |  in |   32|  ap_memory | knownFeatures1 |     array    |
|knownFeatures2_address0  | out |   14|  ap_memory | knownFeatures2 |     array    |
|knownFeatures2_ce0       | out |    1|  ap_memory | knownFeatures2 |     array    |
|knownFeatures2_q0        |  in |   32|  ap_memory | knownFeatures2 |     array    |
|knownFeatures2_address1  | out |   14|  ap_memory | knownFeatures2 |     array    |
|knownFeatures2_ce1       | out |    1|  ap_memory | knownFeatures2 |     array    |
|knownFeatures2_q1        |  in |   32|  ap_memory | knownFeatures2 |     array    |
|knownFeatures3_address0  | out |   14|  ap_memory | knownFeatures3 |     array    |
|knownFeatures3_ce0       | out |    1|  ap_memory | knownFeatures3 |     array    |
|knownFeatures3_q0        |  in |   32|  ap_memory | knownFeatures3 |     array    |
|knownFeatures3_address1  | out |   14|  ap_memory | knownFeatures3 |     array    |
|knownFeatures3_ce1       | out |    1|  ap_memory | knownFeatures3 |     array    |
|knownFeatures3_q1        |  in |   32|  ap_memory | knownFeatures3 |     array    |
|xFeatures_dout           |  in |   32|   ap_fifo  |    xFeatures   |    pointer   |
|xFeatures_empty_n        |  in |    1|   ap_fifo  |    xFeatures   |    pointer   |
|xFeatures_read           | out |    1|   ap_fifo  |    xFeatures   |    pointer   |
|xFeatures4_dout          |  in |   32|   ap_fifo  |   xFeatures4   |    pointer   |
|xFeatures4_empty_n       |  in |    1|   ap_fifo  |   xFeatures4   |    pointer   |
|xFeatures4_read          | out |    1|   ap_fifo  |   xFeatures4   |    pointer   |
|xFeatures5_dout          |  in |   32|   ap_fifo  |   xFeatures5   |    pointer   |
|xFeatures5_empty_n       |  in |    1|   ap_fifo  |   xFeatures5   |    pointer   |
|xFeatures5_read          | out |    1|   ap_fifo  |   xFeatures5   |    pointer   |
|xFeatures6_dout          |  in |   32|   ap_fifo  |   xFeatures6   |    pointer   |
|xFeatures6_empty_n       |  in |    1|   ap_fifo  |   xFeatures6   |    pointer   |
|xFeatures6_read          | out |    1|   ap_fifo  |   xFeatures6   |    pointer   |
|xFeatures7_dout          |  in |   32|   ap_fifo  |   xFeatures7   |    pointer   |
|xFeatures7_empty_n       |  in |    1|   ap_fifo  |   xFeatures7   |    pointer   |
|xFeatures7_read          | out |    1|   ap_fifo  |   xFeatures7   |    pointer   |
|xFeatures8_dout          |  in |   32|   ap_fifo  |   xFeatures8   |    pointer   |
|xFeatures8_empty_n       |  in |    1|   ap_fifo  |   xFeatures8   |    pointer   |
|xFeatures8_read          | out |    1|   ap_fifo  |   xFeatures8   |    pointer   |
|xFeatures9_dout          |  in |   32|   ap_fifo  |   xFeatures9   |    pointer   |
|xFeatures9_empty_n       |  in |    1|   ap_fifo  |   xFeatures9   |    pointer   |
|xFeatures9_read          | out |    1|   ap_fifo  |   xFeatures9   |    pointer   |
|xFeatures10_dout         |  in |   32|   ap_fifo  |   xFeatures10  |    pointer   |
|xFeatures10_empty_n      |  in |    1|   ap_fifo  |   xFeatures10  |    pointer   |
|xFeatures10_read         | out |    1|   ap_fifo  |   xFeatures10  |    pointer   |
|xFeatures11_dout         |  in |   32|   ap_fifo  |   xFeatures11  |    pointer   |
|xFeatures11_empty_n      |  in |    1|   ap_fifo  |   xFeatures11  |    pointer   |
|xFeatures11_read         | out |    1|   ap_fifo  |   xFeatures11  |    pointer   |
|xFeatures12_dout         |  in |   32|   ap_fifo  |   xFeatures12  |    pointer   |
|xFeatures12_empty_n      |  in |    1|   ap_fifo  |   xFeatures12  |    pointer   |
|xFeatures12_read         | out |    1|   ap_fifo  |   xFeatures12  |    pointer   |
|xFeatures13_dout         |  in |   32|   ap_fifo  |   xFeatures13  |    pointer   |
|xFeatures13_empty_n      |  in |    1|   ap_fifo  |   xFeatures13  |    pointer   |
|xFeatures13_read         | out |    1|   ap_fifo  |   xFeatures13  |    pointer   |
|xFeatures14_dout         |  in |   32|   ap_fifo  |   xFeatures14  |    pointer   |
|xFeatures14_empty_n      |  in |    1|   ap_fifo  |   xFeatures14  |    pointer   |
|xFeatures14_read         | out |    1|   ap_fifo  |   xFeatures14  |    pointer   |
|xFeatures15_dout         |  in |   32|   ap_fifo  |   xFeatures15  |    pointer   |
|xFeatures15_empty_n      |  in |    1|   ap_fifo  |   xFeatures15  |    pointer   |
|xFeatures15_read         | out |    1|   ap_fifo  |   xFeatures15  |    pointer   |
|xFeatures16_dout         |  in |   32|   ap_fifo  |   xFeatures16  |    pointer   |
|xFeatures16_empty_n      |  in |    1|   ap_fifo  |   xFeatures16  |    pointer   |
|xFeatures16_read         | out |    1|   ap_fifo  |   xFeatures16  |    pointer   |
|xFeatures17_dout         |  in |   32|   ap_fifo  |   xFeatures17  |    pointer   |
|xFeatures17_empty_n      |  in |    1|   ap_fifo  |   xFeatures17  |    pointer   |
|xFeatures17_read         | out |    1|   ap_fifo  |   xFeatures17  |    pointer   |
|xFeatures18_dout         |  in |   32|   ap_fifo  |   xFeatures18  |    pointer   |
|xFeatures18_empty_n      |  in |    1|   ap_fifo  |   xFeatures18  |    pointer   |
|xFeatures18_read         | out |    1|   ap_fifo  |   xFeatures18  |    pointer   |
|xFeatures19_dout         |  in |   32|   ap_fifo  |   xFeatures19  |    pointer   |
|xFeatures19_empty_n      |  in |    1|   ap_fifo  |   xFeatures19  |    pointer   |
|xFeatures19_read         | out |    1|   ap_fifo  |   xFeatures19  |    pointer   |
|xFeatures20_dout         |  in |   32|   ap_fifo  |   xFeatures20  |    pointer   |
|xFeatures20_empty_n      |  in |    1|   ap_fifo  |   xFeatures20  |    pointer   |
|xFeatures20_read         | out |    1|   ap_fifo  |   xFeatures20  |    pointer   |
|xFeatures21_dout         |  in |   32|   ap_fifo  |   xFeatures21  |    pointer   |
|xFeatures21_empty_n      |  in |    1|   ap_fifo  |   xFeatures21  |    pointer   |
|xFeatures21_read         | out |    1|   ap_fifo  |   xFeatures21  |    pointer   |
|xFeatures22_dout         |  in |   32|   ap_fifo  |   xFeatures22  |    pointer   |
|xFeatures22_empty_n      |  in |    1|   ap_fifo  |   xFeatures22  |    pointer   |
|xFeatures22_read         | out |    1|   ap_fifo  |   xFeatures22  |    pointer   |
|xFeatures23_dout         |  in |   32|   ap_fifo  |   xFeatures23  |    pointer   |
|xFeatures23_empty_n      |  in |    1|   ap_fifo  |   xFeatures23  |    pointer   |
|xFeatures23_read         | out |    1|   ap_fifo  |   xFeatures23  |    pointer   |
|xFeatures24_dout         |  in |   32|   ap_fifo  |   xFeatures24  |    pointer   |
|xFeatures24_empty_n      |  in |    1|   ap_fifo  |   xFeatures24  |    pointer   |
|xFeatures24_read         | out |    1|   ap_fifo  |   xFeatures24  |    pointer   |
|xFeatures25_dout         |  in |   32|   ap_fifo  |   xFeatures25  |    pointer   |
|xFeatures25_empty_n      |  in |    1|   ap_fifo  |   xFeatures25  |    pointer   |
|xFeatures25_read         | out |    1|   ap_fifo  |   xFeatures25  |    pointer   |
|xFeatures26_dout         |  in |   32|   ap_fifo  |   xFeatures26  |    pointer   |
|xFeatures26_empty_n      |  in |    1|   ap_fifo  |   xFeatures26  |    pointer   |
|xFeatures26_read         | out |    1|   ap_fifo  |   xFeatures26  |    pointer   |
|xFeatures27_dout         |  in |   32|   ap_fifo  |   xFeatures27  |    pointer   |
|xFeatures27_empty_n      |  in |    1|   ap_fifo  |   xFeatures27  |    pointer   |
|xFeatures27_read         | out |    1|   ap_fifo  |   xFeatures27  |    pointer   |
|xFeatures28_dout         |  in |   32|   ap_fifo  |   xFeatures28  |    pointer   |
|xFeatures28_empty_n      |  in |    1|   ap_fifo  |   xFeatures28  |    pointer   |
|xFeatures28_read         | out |    1|   ap_fifo  |   xFeatures28  |    pointer   |
|xFeatures29_dout         |  in |   32|   ap_fifo  |   xFeatures29  |    pointer   |
|xFeatures29_empty_n      |  in |    1|   ap_fifo  |   xFeatures29  |    pointer   |
|xFeatures29_read         | out |    1|   ap_fifo  |   xFeatures29  |    pointer   |
|xFeatures30_dout         |  in |   32|   ap_fifo  |   xFeatures30  |    pointer   |
|xFeatures30_empty_n      |  in |    1|   ap_fifo  |   xFeatures30  |    pointer   |
|xFeatures30_read         | out |    1|   ap_fifo  |   xFeatures30  |    pointer   |
|xFeatures31_dout         |  in |   32|   ap_fifo  |   xFeatures31  |    pointer   |
|xFeatures31_empty_n      |  in |    1|   ap_fifo  |   xFeatures31  |    pointer   |
|xFeatures31_read         | out |    1|   ap_fifo  |   xFeatures31  |    pointer   |
|xFeatures32_dout         |  in |   32|   ap_fifo  |   xFeatures32  |    pointer   |
|xFeatures32_empty_n      |  in |    1|   ap_fifo  |   xFeatures32  |    pointer   |
|xFeatures32_read         | out |    1|   ap_fifo  |   xFeatures32  |    pointer   |
|xFeatures33_dout         |  in |   32|   ap_fifo  |   xFeatures33  |    pointer   |
|xFeatures33_empty_n      |  in |    1|   ap_fifo  |   xFeatures33  |    pointer   |
|xFeatures33_read         | out |    1|   ap_fifo  |   xFeatures33  |    pointer   |
|xFeatures34_dout         |  in |   32|   ap_fifo  |   xFeatures34  |    pointer   |
|xFeatures34_empty_n      |  in |    1|   ap_fifo  |   xFeatures34  |    pointer   |
|xFeatures34_read         | out |    1|   ap_fifo  |   xFeatures34  |    pointer   |
|xFeatures35_dout         |  in |   32|   ap_fifo  |   xFeatures35  |    pointer   |
|xFeatures35_empty_n      |  in |    1|   ap_fifo  |   xFeatures35  |    pointer   |
|xFeatures35_read         | out |    1|   ap_fifo  |   xFeatures35  |    pointer   |
|xFeatures36_dout         |  in |   32|   ap_fifo  |   xFeatures36  |    pointer   |
|xFeatures36_empty_n      |  in |    1|   ap_fifo  |   xFeatures36  |    pointer   |
|xFeatures36_read         | out |    1|   ap_fifo  |   xFeatures36  |    pointer   |
|xFeatures37_dout         |  in |   32|   ap_fifo  |   xFeatures37  |    pointer   |
|xFeatures37_empty_n      |  in |    1|   ap_fifo  |   xFeatures37  |    pointer   |
|xFeatures37_read         | out |    1|   ap_fifo  |   xFeatures37  |    pointer   |
|xFeatures38_dout         |  in |   32|   ap_fifo  |   xFeatures38  |    pointer   |
|xFeatures38_empty_n      |  in |    1|   ap_fifo  |   xFeatures38  |    pointer   |
|xFeatures38_read         | out |    1|   ap_fifo  |   xFeatures38  |    pointer   |
|xFeatures39_dout         |  in |   32|   ap_fifo  |   xFeatures39  |    pointer   |
|xFeatures39_empty_n      |  in |    1|   ap_fifo  |   xFeatures39  |    pointer   |
|xFeatures39_read         | out |    1|   ap_fifo  |   xFeatures39  |    pointer   |
|xFeatures40_dout         |  in |   32|   ap_fifo  |   xFeatures40  |    pointer   |
|xFeatures40_empty_n      |  in |    1|   ap_fifo  |   xFeatures40  |    pointer   |
|xFeatures40_read         | out |    1|   ap_fifo  |   xFeatures40  |    pointer   |
|xFeatures41_dout         |  in |   32|   ap_fifo  |   xFeatures41  |    pointer   |
|xFeatures41_empty_n      |  in |    1|   ap_fifo  |   xFeatures41  |    pointer   |
|xFeatures41_read         | out |    1|   ap_fifo  |   xFeatures41  |    pointer   |
|xFeatures42_dout         |  in |   32|   ap_fifo  |   xFeatures42  |    pointer   |
|xFeatures42_empty_n      |  in |    1|   ap_fifo  |   xFeatures42  |    pointer   |
|xFeatures42_read         | out |    1|   ap_fifo  |   xFeatures42  |    pointer   |
|xFeatures43_dout         |  in |   32|   ap_fifo  |   xFeatures43  |    pointer   |
|xFeatures43_empty_n      |  in |    1|   ap_fifo  |   xFeatures43  |    pointer   |
|xFeatures43_read         | out |    1|   ap_fifo  |   xFeatures43  |    pointer   |
|xFeatures44_dout         |  in |   32|   ap_fifo  |   xFeatures44  |    pointer   |
|xFeatures44_empty_n      |  in |    1|   ap_fifo  |   xFeatures44  |    pointer   |
|xFeatures44_read         | out |    1|   ap_fifo  |   xFeatures44  |    pointer   |
|xFeatures45_dout         |  in |   32|   ap_fifo  |   xFeatures45  |    pointer   |
|xFeatures45_empty_n      |  in |    1|   ap_fifo  |   xFeatures45  |    pointer   |
|xFeatures45_read         | out |    1|   ap_fifo  |   xFeatures45  |    pointer   |
|xFeatures46_dout         |  in |   32|   ap_fifo  |   xFeatures46  |    pointer   |
|xFeatures46_empty_n      |  in |    1|   ap_fifo  |   xFeatures46  |    pointer   |
|xFeatures46_read         | out |    1|   ap_fifo  |   xFeatures46  |    pointer   |
|xFeatures47_dout         |  in |   32|   ap_fifo  |   xFeatures47  |    pointer   |
|xFeatures47_empty_n      |  in |    1|   ap_fifo  |   xFeatures47  |    pointer   |
|xFeatures47_read         | out |    1|   ap_fifo  |   xFeatures47  |    pointer   |
|xFeatures48_dout         |  in |   32|   ap_fifo  |   xFeatures48  |    pointer   |
|xFeatures48_empty_n      |  in |    1|   ap_fifo  |   xFeatures48  |    pointer   |
|xFeatures48_read         | out |    1|   ap_fifo  |   xFeatures48  |    pointer   |
|xFeatures49_dout         |  in |   32|   ap_fifo  |   xFeatures49  |    pointer   |
|xFeatures49_empty_n      |  in |    1|   ap_fifo  |   xFeatures49  |    pointer   |
|xFeatures49_read         | out |    1|   ap_fifo  |   xFeatures49  |    pointer   |
|xFeatures50_dout         |  in |   32|   ap_fifo  |   xFeatures50  |    pointer   |
|xFeatures50_empty_n      |  in |    1|   ap_fifo  |   xFeatures50  |    pointer   |
|xFeatures50_read         | out |    1|   ap_fifo  |   xFeatures50  |    pointer   |
|xFeatures51_dout         |  in |   32|   ap_fifo  |   xFeatures51  |    pointer   |
|xFeatures51_empty_n      |  in |    1|   ap_fifo  |   xFeatures51  |    pointer   |
|xFeatures51_read         | out |    1|   ap_fifo  |   xFeatures51  |    pointer   |
|xFeatures52_dout         |  in |   32|   ap_fifo  |   xFeatures52  |    pointer   |
|xFeatures52_empty_n      |  in |    1|   ap_fifo  |   xFeatures52  |    pointer   |
|xFeatures52_read         | out |    1|   ap_fifo  |   xFeatures52  |    pointer   |
|xFeatures53_dout         |  in |   32|   ap_fifo  |   xFeatures53  |    pointer   |
|xFeatures53_empty_n      |  in |    1|   ap_fifo  |   xFeatures53  |    pointer   |
|xFeatures53_read         | out |    1|   ap_fifo  |   xFeatures53  |    pointer   |
|xFeatures54_dout         |  in |   32|   ap_fifo  |   xFeatures54  |    pointer   |
|xFeatures54_empty_n      |  in |    1|   ap_fifo  |   xFeatures54  |    pointer   |
|xFeatures54_read         | out |    1|   ap_fifo  |   xFeatures54  |    pointer   |
|xFeatures55_dout         |  in |   32|   ap_fifo  |   xFeatures55  |    pointer   |
|xFeatures55_empty_n      |  in |    1|   ap_fifo  |   xFeatures55  |    pointer   |
|xFeatures55_read         | out |    1|   ap_fifo  |   xFeatures55  |    pointer   |
|xFeatures56_dout         |  in |   32|   ap_fifo  |   xFeatures56  |    pointer   |
|xFeatures56_empty_n      |  in |    1|   ap_fifo  |   xFeatures56  |    pointer   |
|xFeatures56_read         | out |    1|   ap_fifo  |   xFeatures56  |    pointer   |
|xFeatures57_dout         |  in |   32|   ap_fifo  |   xFeatures57  |    pointer   |
|xFeatures57_empty_n      |  in |    1|   ap_fifo  |   xFeatures57  |    pointer   |
|xFeatures57_read         | out |    1|   ap_fifo  |   xFeatures57  |    pointer   |
|xFeatures58_dout         |  in |   32|   ap_fifo  |   xFeatures58  |    pointer   |
|xFeatures58_empty_n      |  in |    1|   ap_fifo  |   xFeatures58  |    pointer   |
|xFeatures58_read         | out |    1|   ap_fifo  |   xFeatures58  |    pointer   |
|xFeatures59_dout         |  in |   32|   ap_fifo  |   xFeatures59  |    pointer   |
|xFeatures59_empty_n      |  in |    1|   ap_fifo  |   xFeatures59  |    pointer   |
|xFeatures59_read         | out |    1|   ap_fifo  |   xFeatures59  |    pointer   |
|xFeatures60_dout         |  in |   32|   ap_fifo  |   xFeatures60  |    pointer   |
|xFeatures60_empty_n      |  in |    1|   ap_fifo  |   xFeatures60  |    pointer   |
|xFeatures60_read         | out |    1|   ap_fifo  |   xFeatures60  |    pointer   |
|xFeatures61_dout         |  in |   32|   ap_fifo  |   xFeatures61  |    pointer   |
|xFeatures61_empty_n      |  in |    1|   ap_fifo  |   xFeatures61  |    pointer   |
|xFeatures61_read         | out |    1|   ap_fifo  |   xFeatures61  |    pointer   |
|xFeatures62_dout         |  in |   32|   ap_fifo  |   xFeatures62  |    pointer   |
|xFeatures62_empty_n      |  in |    1|   ap_fifo  |   xFeatures62  |    pointer   |
|xFeatures62_read         | out |    1|   ap_fifo  |   xFeatures62  |    pointer   |
|xFeatures63_dout         |  in |   32|   ap_fifo  |   xFeatures63  |    pointer   |
|xFeatures63_empty_n      |  in |    1|   ap_fifo  |   xFeatures63  |    pointer   |
|xFeatures63_read         | out |    1|   ap_fifo  |   xFeatures63  |    pointer   |
|xFeatures64_dout         |  in |   32|   ap_fifo  |   xFeatures64  |    pointer   |
|xFeatures64_empty_n      |  in |    1|   ap_fifo  |   xFeatures64  |    pointer   |
|xFeatures64_read         | out |    1|   ap_fifo  |   xFeatures64  |    pointer   |
|xFeatures65_dout         |  in |   32|   ap_fifo  |   xFeatures65  |    pointer   |
|xFeatures65_empty_n      |  in |    1|   ap_fifo  |   xFeatures65  |    pointer   |
|xFeatures65_read         | out |    1|   ap_fifo  |   xFeatures65  |    pointer   |
|xFeatures66_dout         |  in |   32|   ap_fifo  |   xFeatures66  |    pointer   |
|xFeatures66_empty_n      |  in |    1|   ap_fifo  |   xFeatures66  |    pointer   |
|xFeatures66_read         | out |    1|   ap_fifo  |   xFeatures66  |    pointer   |
|xFeatures67_dout         |  in |   32|   ap_fifo  |   xFeatures67  |    pointer   |
|xFeatures67_empty_n      |  in |    1|   ap_fifo  |   xFeatures67  |    pointer   |
|xFeatures67_read         | out |    1|   ap_fifo  |   xFeatures67  |    pointer   |
|xFeatures68_dout         |  in |   32|   ap_fifo  |   xFeatures68  |    pointer   |
|xFeatures68_empty_n      |  in |    1|   ap_fifo  |   xFeatures68  |    pointer   |
|xFeatures68_read         | out |    1|   ap_fifo  |   xFeatures68  |    pointer   |
|xFeatures69_dout         |  in |   32|   ap_fifo  |   xFeatures69  |    pointer   |
|xFeatures69_empty_n      |  in |    1|   ap_fifo  |   xFeatures69  |    pointer   |
|xFeatures69_read         | out |    1|   ap_fifo  |   xFeatures69  |    pointer   |
|xFeatures70_dout         |  in |   32|   ap_fifo  |   xFeatures70  |    pointer   |
|xFeatures70_empty_n      |  in |    1|   ap_fifo  |   xFeatures70  |    pointer   |
|xFeatures70_read         | out |    1|   ap_fifo  |   xFeatures70  |    pointer   |
|xFeatures71_dout         |  in |   32|   ap_fifo  |   xFeatures71  |    pointer   |
|xFeatures71_empty_n      |  in |    1|   ap_fifo  |   xFeatures71  |    pointer   |
|xFeatures71_read         | out |    1|   ap_fifo  |   xFeatures71  |    pointer   |
|xFeatures72_dout         |  in |   32|   ap_fifo  |   xFeatures72  |    pointer   |
|xFeatures72_empty_n      |  in |    1|   ap_fifo  |   xFeatures72  |    pointer   |
|xFeatures72_read         | out |    1|   ap_fifo  |   xFeatures72  |    pointer   |
|xFeatures73_dout         |  in |   32|   ap_fifo  |   xFeatures73  |    pointer   |
|xFeatures73_empty_n      |  in |    1|   ap_fifo  |   xFeatures73  |    pointer   |
|xFeatures73_read         | out |    1|   ap_fifo  |   xFeatures73  |    pointer   |
|xFeatures74_dout         |  in |   32|   ap_fifo  |   xFeatures74  |    pointer   |
|xFeatures74_empty_n      |  in |    1|   ap_fifo  |   xFeatures74  |    pointer   |
|xFeatures74_read         | out |    1|   ap_fifo  |   xFeatures74  |    pointer   |
|xFeatures75_dout         |  in |   32|   ap_fifo  |   xFeatures75  |    pointer   |
|xFeatures75_empty_n      |  in |    1|   ap_fifo  |   xFeatures75  |    pointer   |
|xFeatures75_read         | out |    1|   ap_fifo  |   xFeatures75  |    pointer   |
|xFeatures76_dout         |  in |   32|   ap_fifo  |   xFeatures76  |    pointer   |
|xFeatures76_empty_n      |  in |    1|   ap_fifo  |   xFeatures76  |    pointer   |
|xFeatures76_read         | out |    1|   ap_fifo  |   xFeatures76  |    pointer   |
|xFeatures77_dout         |  in |   32|   ap_fifo  |   xFeatures77  |    pointer   |
|xFeatures77_empty_n      |  in |    1|   ap_fifo  |   xFeatures77  |    pointer   |
|xFeatures77_read         | out |    1|   ap_fifo  |   xFeatures77  |    pointer   |
|xFeatures78_dout         |  in |   32|   ap_fifo  |   xFeatures78  |    pointer   |
|xFeatures78_empty_n      |  in |    1|   ap_fifo  |   xFeatures78  |    pointer   |
|xFeatures78_read         | out |    1|   ap_fifo  |   xFeatures78  |    pointer   |
|xFeatures79_dout         |  in |   32|   ap_fifo  |   xFeatures79  |    pointer   |
|xFeatures79_empty_n      |  in |    1|   ap_fifo  |   xFeatures79  |    pointer   |
|xFeatures79_read         | out |    1|   ap_fifo  |   xFeatures79  |    pointer   |
|xFeatures80_dout         |  in |   32|   ap_fifo  |   xFeatures80  |    pointer   |
|xFeatures80_empty_n      |  in |    1|   ap_fifo  |   xFeatures80  |    pointer   |
|xFeatures80_read         | out |    1|   ap_fifo  |   xFeatures80  |    pointer   |
|xFeatures81_dout         |  in |   32|   ap_fifo  |   xFeatures81  |    pointer   |
|xFeatures81_empty_n      |  in |    1|   ap_fifo  |   xFeatures81  |    pointer   |
|xFeatures81_read         | out |    1|   ap_fifo  |   xFeatures81  |    pointer   |
|xFeatures82_dout         |  in |   32|   ap_fifo  |   xFeatures82  |    pointer   |
|xFeatures82_empty_n      |  in |    1|   ap_fifo  |   xFeatures82  |    pointer   |
|xFeatures82_read         | out |    1|   ap_fifo  |   xFeatures82  |    pointer   |
|xFeatures83_dout         |  in |   32|   ap_fifo  |   xFeatures83  |    pointer   |
|xFeatures83_empty_n      |  in |    1|   ap_fifo  |   xFeatures83  |    pointer   |
|xFeatures83_read         | out |    1|   ap_fifo  |   xFeatures83  |    pointer   |
|xFeatures84_dout         |  in |   32|   ap_fifo  |   xFeatures84  |    pointer   |
|xFeatures84_empty_n      |  in |    1|   ap_fifo  |   xFeatures84  |    pointer   |
|xFeatures84_read         | out |    1|   ap_fifo  |   xFeatures84  |    pointer   |
|xFeatures85_dout         |  in |   32|   ap_fifo  |   xFeatures85  |    pointer   |
|xFeatures85_empty_n      |  in |    1|   ap_fifo  |   xFeatures85  |    pointer   |
|xFeatures85_read         | out |    1|   ap_fifo  |   xFeatures85  |    pointer   |
|xFeatures86_dout         |  in |   32|   ap_fifo  |   xFeatures86  |    pointer   |
|xFeatures86_empty_n      |  in |    1|   ap_fifo  |   xFeatures86  |    pointer   |
|xFeatures86_read         | out |    1|   ap_fifo  |   xFeatures86  |    pointer   |
|xFeatures87_dout         |  in |   32|   ap_fifo  |   xFeatures87  |    pointer   |
|xFeatures87_empty_n      |  in |    1|   ap_fifo  |   xFeatures87  |    pointer   |
|xFeatures87_read         | out |    1|   ap_fifo  |   xFeatures87  |    pointer   |
|xFeatures88_dout         |  in |   32|   ap_fifo  |   xFeatures88  |    pointer   |
|xFeatures88_empty_n      |  in |    1|   ap_fifo  |   xFeatures88  |    pointer   |
|xFeatures88_read         | out |    1|   ap_fifo  |   xFeatures88  |    pointer   |
|xFeatures89_dout         |  in |   32|   ap_fifo  |   xFeatures89  |    pointer   |
|xFeatures89_empty_n      |  in |    1|   ap_fifo  |   xFeatures89  |    pointer   |
|xFeatures89_read         | out |    1|   ap_fifo  |   xFeatures89  |    pointer   |
|xFeatures90_dout         |  in |   32|   ap_fifo  |   xFeatures90  |    pointer   |
|xFeatures90_empty_n      |  in |    1|   ap_fifo  |   xFeatures90  |    pointer   |
|xFeatures90_read         | out |    1|   ap_fifo  |   xFeatures90  |    pointer   |
|xFeatures91_dout         |  in |   32|   ap_fifo  |   xFeatures91  |    pointer   |
|xFeatures91_empty_n      |  in |    1|   ap_fifo  |   xFeatures91  |    pointer   |
|xFeatures91_read         | out |    1|   ap_fifo  |   xFeatures91  |    pointer   |
|xFeatures92_dout         |  in |   32|   ap_fifo  |   xFeatures92  |    pointer   |
|xFeatures92_empty_n      |  in |    1|   ap_fifo  |   xFeatures92  |    pointer   |
|xFeatures92_read         | out |    1|   ap_fifo  |   xFeatures92  |    pointer   |
|xFeatures93_dout         |  in |   32|   ap_fifo  |   xFeatures93  |    pointer   |
|xFeatures93_empty_n      |  in |    1|   ap_fifo  |   xFeatures93  |    pointer   |
|xFeatures93_read         | out |    1|   ap_fifo  |   xFeatures93  |    pointer   |
|xFeatures94_dout         |  in |   32|   ap_fifo  |   xFeatures94  |    pointer   |
|xFeatures94_empty_n      |  in |    1|   ap_fifo  |   xFeatures94  |    pointer   |
|xFeatures94_read         | out |    1|   ap_fifo  |   xFeatures94  |    pointer   |
|xFeatures95_dout         |  in |   32|   ap_fifo  |   xFeatures95  |    pointer   |
|xFeatures95_empty_n      |  in |    1|   ap_fifo  |   xFeatures95  |    pointer   |
|xFeatures95_read         | out |    1|   ap_fifo  |   xFeatures95  |    pointer   |
|xFeatures96_dout         |  in |   32|   ap_fifo  |   xFeatures96  |    pointer   |
|xFeatures96_empty_n      |  in |    1|   ap_fifo  |   xFeatures96  |    pointer   |
|xFeatures96_read         | out |    1|   ap_fifo  |   xFeatures96  |    pointer   |
|xFeatures97_dout         |  in |   32|   ap_fifo  |   xFeatures97  |    pointer   |
|xFeatures97_empty_n      |  in |    1|   ap_fifo  |   xFeatures97  |    pointer   |
|xFeatures97_read         | out |    1|   ap_fifo  |   xFeatures97  |    pointer   |
|xFeatures98_dout         |  in |   32|   ap_fifo  |   xFeatures98  |    pointer   |
|xFeatures98_empty_n      |  in |    1|   ap_fifo  |   xFeatures98  |    pointer   |
|xFeatures98_read         | out |    1|   ap_fifo  |   xFeatures98  |    pointer   |
|xFeatures99_dout         |  in |   32|   ap_fifo  |   xFeatures99  |    pointer   |
|xFeatures99_empty_n      |  in |    1|   ap_fifo  |   xFeatures99  |    pointer   |
|xFeatures99_read         | out |    1|   ap_fifo  |   xFeatures99  |    pointer   |
|xFeatures100_dout        |  in |   32|   ap_fifo  |  xFeatures100  |    pointer   |
|xFeatures100_empty_n     |  in |    1|   ap_fifo  |  xFeatures100  |    pointer   |
|xFeatures100_read        | out |    1|   ap_fifo  |  xFeatures100  |    pointer   |
|xFeatures101_dout        |  in |   32|   ap_fifo  |  xFeatures101  |    pointer   |
|xFeatures101_empty_n     |  in |    1|   ap_fifo  |  xFeatures101  |    pointer   |
|xFeatures101_read        | out |    1|   ap_fifo  |  xFeatures101  |    pointer   |
|xFeatures102_dout        |  in |   32|   ap_fifo  |  xFeatures102  |    pointer   |
|xFeatures102_empty_n     |  in |    1|   ap_fifo  |  xFeatures102  |    pointer   |
|xFeatures102_read        | out |    1|   ap_fifo  |  xFeatures102  |    pointer   |
|xFeatures103_dout        |  in |   32|   ap_fifo  |  xFeatures103  |    pointer   |
|xFeatures103_empty_n     |  in |    1|   ap_fifo  |  xFeatures103  |    pointer   |
|xFeatures103_read        | out |    1|   ap_fifo  |  xFeatures103  |    pointer   |
|xFeatures104_dout        |  in |   32|   ap_fifo  |  xFeatures104  |    pointer   |
|xFeatures104_empty_n     |  in |    1|   ap_fifo  |  xFeatures104  |    pointer   |
|xFeatures104_read        | out |    1|   ap_fifo  |  xFeatures104  |    pointer   |
|xFeatures105_dout        |  in |   32|   ap_fifo  |  xFeatures105  |    pointer   |
|xFeatures105_empty_n     |  in |    1|   ap_fifo  |  xFeatures105  |    pointer   |
|xFeatures105_read        | out |    1|   ap_fifo  |  xFeatures105  |    pointer   |
|xFeatures106_dout        |  in |   32|   ap_fifo  |  xFeatures106  |    pointer   |
|xFeatures106_empty_n     |  in |    1|   ap_fifo  |  xFeatures106  |    pointer   |
|xFeatures106_read        | out |    1|   ap_fifo  |  xFeatures106  |    pointer   |
|xFeatures107_dout        |  in |   32|   ap_fifo  |  xFeatures107  |    pointer   |
|xFeatures107_empty_n     |  in |    1|   ap_fifo  |  xFeatures107  |    pointer   |
|xFeatures107_read        | out |    1|   ap_fifo  |  xFeatures107  |    pointer   |
|xFeatures108_dout        |  in |   32|   ap_fifo  |  xFeatures108  |    pointer   |
|xFeatures108_empty_n     |  in |    1|   ap_fifo  |  xFeatures108  |    pointer   |
|xFeatures108_read        | out |    1|   ap_fifo  |  xFeatures108  |    pointer   |
|xFeatures109_dout        |  in |   32|   ap_fifo  |  xFeatures109  |    pointer   |
|xFeatures109_empty_n     |  in |    1|   ap_fifo  |  xFeatures109  |    pointer   |
|xFeatures109_read        | out |    1|   ap_fifo  |  xFeatures109  |    pointer   |
|xFeatures110_dout        |  in |   32|   ap_fifo  |  xFeatures110  |    pointer   |
|xFeatures110_empty_n     |  in |    1|   ap_fifo  |  xFeatures110  |    pointer   |
|xFeatures110_read        | out |    1|   ap_fifo  |  xFeatures110  |    pointer   |
|xFeatures111_dout        |  in |   32|   ap_fifo  |  xFeatures111  |    pointer   |
|xFeatures111_empty_n     |  in |    1|   ap_fifo  |  xFeatures111  |    pointer   |
|xFeatures111_read        | out |    1|   ap_fifo  |  xFeatures111  |    pointer   |
|xFeatures112_dout        |  in |   32|   ap_fifo  |  xFeatures112  |    pointer   |
|xFeatures112_empty_n     |  in |    1|   ap_fifo  |  xFeatures112  |    pointer   |
|xFeatures112_read        | out |    1|   ap_fifo  |  xFeatures112  |    pointer   |
|xFeatures113_dout        |  in |   32|   ap_fifo  |  xFeatures113  |    pointer   |
|xFeatures113_empty_n     |  in |    1|   ap_fifo  |  xFeatures113  |    pointer   |
|xFeatures113_read        | out |    1|   ap_fifo  |  xFeatures113  |    pointer   |
|xFeatures114_dout        |  in |   32|   ap_fifo  |  xFeatures114  |    pointer   |
|xFeatures114_empty_n     |  in |    1|   ap_fifo  |  xFeatures114  |    pointer   |
|xFeatures114_read        | out |    1|   ap_fifo  |  xFeatures114  |    pointer   |
|xFeatures115_dout        |  in |   32|   ap_fifo  |  xFeatures115  |    pointer   |
|xFeatures115_empty_n     |  in |    1|   ap_fifo  |  xFeatures115  |    pointer   |
|xFeatures115_read        | out |    1|   ap_fifo  |  xFeatures115  |    pointer   |
|xFeatures116_dout        |  in |   32|   ap_fifo  |  xFeatures116  |    pointer   |
|xFeatures116_empty_n     |  in |    1|   ap_fifo  |  xFeatures116  |    pointer   |
|xFeatures116_read        | out |    1|   ap_fifo  |  xFeatures116  |    pointer   |
|xFeatures117_dout        |  in |   32|   ap_fifo  |  xFeatures117  |    pointer   |
|xFeatures117_empty_n     |  in |    1|   ap_fifo  |  xFeatures117  |    pointer   |
|xFeatures117_read        | out |    1|   ap_fifo  |  xFeatures117  |    pointer   |
|xFeatures118_dout        |  in |   32|   ap_fifo  |  xFeatures118  |    pointer   |
|xFeatures118_empty_n     |  in |    1|   ap_fifo  |  xFeatures118  |    pointer   |
|xFeatures118_read        | out |    1|   ap_fifo  |  xFeatures118  |    pointer   |
|xFeatures119_dout        |  in |   32|   ap_fifo  |  xFeatures119  |    pointer   |
|xFeatures119_empty_n     |  in |    1|   ap_fifo  |  xFeatures119  |    pointer   |
|xFeatures119_read        | out |    1|   ap_fifo  |  xFeatures119  |    pointer   |
|xFeatures120_dout        |  in |   32|   ap_fifo  |  xFeatures120  |    pointer   |
|xFeatures120_empty_n     |  in |    1|   ap_fifo  |  xFeatures120  |    pointer   |
|xFeatures120_read        | out |    1|   ap_fifo  |  xFeatures120  |    pointer   |
|xFeatures121_dout        |  in |   32|   ap_fifo  |  xFeatures121  |    pointer   |
|xFeatures121_empty_n     |  in |    1|   ap_fifo  |  xFeatures121  |    pointer   |
|xFeatures121_read        | out |    1|   ap_fifo  |  xFeatures121  |    pointer   |
|xFeatures122_dout        |  in |   32|   ap_fifo  |  xFeatures122  |    pointer   |
|xFeatures122_empty_n     |  in |    1|   ap_fifo  |  xFeatures122  |    pointer   |
|xFeatures122_read        | out |    1|   ap_fifo  |  xFeatures122  |    pointer   |
|xFeatures123_dout        |  in |   32|   ap_fifo  |  xFeatures123  |    pointer   |
|xFeatures123_empty_n     |  in |    1|   ap_fifo  |  xFeatures123  |    pointer   |
|xFeatures123_read        | out |    1|   ap_fifo  |  xFeatures123  |    pointer   |
|xFeatures124_dout        |  in |   32|   ap_fifo  |  xFeatures124  |    pointer   |
|xFeatures124_empty_n     |  in |    1|   ap_fifo  |  xFeatures124  |    pointer   |
|xFeatures124_read        | out |    1|   ap_fifo  |  xFeatures124  |    pointer   |
|xFeatures125_dout        |  in |   32|   ap_fifo  |  xFeatures125  |    pointer   |
|xFeatures125_empty_n     |  in |    1|   ap_fifo  |  xFeatures125  |    pointer   |
|xFeatures125_read        | out |    1|   ap_fifo  |  xFeatures125  |    pointer   |
|xFeatures126_dout        |  in |   32|   ap_fifo  |  xFeatures126  |    pointer   |
|xFeatures126_empty_n     |  in |    1|   ap_fifo  |  xFeatures126  |    pointer   |
|xFeatures126_read        | out |    1|   ap_fifo  |  xFeatures126  |    pointer   |
|xFeatures127_dout        |  in |   32|   ap_fifo  |  xFeatures127  |    pointer   |
|xFeatures127_empty_n     |  in |    1|   ap_fifo  |  xFeatures127  |    pointer   |
|xFeatures127_read        | out |    1|   ap_fifo  |  xFeatures127  |    pointer   |
|xFeatures128_dout        |  in |   32|   ap_fifo  |  xFeatures128  |    pointer   |
|xFeatures128_empty_n     |  in |    1|   ap_fifo  |  xFeatures128  |    pointer   |
|xFeatures128_read        | out |    1|   ap_fifo  |  xFeatures128  |    pointer   |
|xFeatures129_dout        |  in |   32|   ap_fifo  |  xFeatures129  |    pointer   |
|xFeatures129_empty_n     |  in |    1|   ap_fifo  |  xFeatures129  |    pointer   |
|xFeatures129_read        | out |    1|   ap_fifo  |  xFeatures129  |    pointer   |
|xFeatures130_dout        |  in |   32|   ap_fifo  |  xFeatures130  |    pointer   |
|xFeatures130_empty_n     |  in |    1|   ap_fifo  |  xFeatures130  |    pointer   |
|xFeatures130_read        | out |    1|   ap_fifo  |  xFeatures130  |    pointer   |
|distance_array_address0  | out |    9|  ap_memory | distance_array |     array    |
|distance_array_ce0       | out |    1|  ap_memory | distance_array |     array    |
|distance_array_we0       | out |    1|  ap_memory | distance_array |     array    |
|distance_array_d0        | out |   32|  ap_memory | distance_array |     array    |
+-------------------------+-----+-----+------------+----------------+--------------+

