

================================================================
== Vivado HLS Report for 'knnFloat_8p128f_4Parallel_saveEnergy'
================================================================
* Date:           Wed Sep 16 11:14:28 2020

* Version:        2019.2 (Build 2704478 on Wed Nov 06 22:10:23 MST 2019)
* Project:        knn
* Solution:       solution1
* Product family: zynq
* Target device:  xc7z020-clg484-1


================================================================
== Performance Estimates
================================================================
+ Timing: 
    * Summary: 
    +--------+----------+----------+------------+
    |  Clock |  Target  | Estimated| Uncertainty|
    +--------+----------+----------+------------+
    |ap_clk  | 10.00 ns | 8.750 ns |   1.25 ns  |
    +--------+----------+----------+------------+

+ Latency: 
    * Summary: 
    +---------+---------+----------+----------+-----+-----+----------+
    |  Latency (cycles) |  Latency (absolute) |  Interval | Pipeline |
    |   min   |   max   |    min   |    max   | min | max |   Type   |
    +---------+---------+----------+----------+-----+-----+----------+
    |      736|      736| 7.360 us | 7.360 us |  644|  644| dataflow |
    +---------+---------+----------+----------+-----+-----+----------+

    + Detail: 
        * Instance: 
        +---------------------------+------------------------+---------+---------+----------+----------+-----+-----+---------+
        |                           |                        |  Latency (cycles) |  Latency (absolute) |  Interval | Pipeline|
        |          Instance         |         Module         |   min   |   max   |    min   |    max   | min | max |   Type  |
        +---------------------------+------------------------+---------+---------+----------+----------+-----+-----+---------+
        |parallel_021_U0            |parallel_021            |      643|      643| 6.430 us | 6.430 us |  643|  643|   none  |
        |parallel_022_U0            |parallel_022            |      643|      643| 6.430 us | 6.430 us |  643|  643|   none  |
        |parallel_023_U0            |parallel_023            |      643|      643| 6.430 us | 6.430 us |  643|  643|   none  |
        |parallel_0_U0              |parallel_0              |      643|      643| 6.430 us | 6.430 us |  643|  643|   none  |
        |epilogue_U0                |epilogue                |       91|       91| 0.910 us | 0.910 us |   91|   91|   none  |
        |knnFloat_8p128f_4Par_1_U0  |knnFloat_8p128f_4Par_1  |        0|        0|   0 ns   |   0 ns   |    0|    0|   none  |
        +---------------------------+------------------------+---------+---------+----------+----------+-----+-----+---------+

        * Loop: 
        N/A



================================================================
== Utilization Estimates
================================================================
* Summary: 
+-----------------+---------+-------+--------+-------+-----+
|       Name      | BRAM_18K| DSP48E|   FF   |  LUT  | URAM|
+-----------------+---------+-------+--------+-------+-----+
|DSP              |        -|      -|       -|      -|    -|
|Expression       |        -|      -|       0|     88|    -|
|FIFO             |        0|      -|    2560|  22528|    -|
|Instance         |        1|     56|   59660|  47810|    0|
|Memory           |        0|      -|     256|      4|    0|
|Multiplexer      |        -|      -|       -|    108|    -|
|Register         |        -|      -|      18|      -|    -|
+-----------------+---------+-------+--------+-------+-----+
|Total            |        1|     56|   62494|  70538|    0|
+-----------------+---------+-------+--------+-------+-----+
|Available        |      280|    220|  106400|  53200|    0|
+-----------------+---------+-------+--------+-------+-----+
|Utilization (%)  |    ~0   |     25|      58|    132|    0|
+-----------------+---------+-------+--------+-------+-----+

+ Detail: 
    * Instance: 
    +---------------------------+------------------------+---------+-------+-------+------+-----+
    |          Instance         |         Module         | BRAM_18K| DSP48E|   FF  |  LUT | URAM|
    +---------------------------+------------------------+---------+-------+-------+------+-----+
    |epilogue_U0                |epilogue                |        1|      0|   1950|  5323|    0|
    |knnFloat_8p128f_4Par_1_U0  |knnFloat_8p128f_4Par_1  |        0|      0|      2|  4619|    0|
    |parallel_0_U0              |parallel_0              |        0|     14|  14427|  9467|    0|
    |parallel_021_U0            |parallel_021            |        0|     14|  14427|  9467|    0|
    |parallel_022_U0            |parallel_022            |        0|     14|  14427|  9467|    0|
    |parallel_023_U0            |parallel_023            |        0|     14|  14427|  9467|    0|
    +---------------------------+------------------------+---------+-------+-------+------+-----+
    |Total                      |                        |        1|     56|  59660| 47810|    0|
    +---------------------------+------------------------+---------+-------+-------+------+-----+

    * DSP48E: 
    N/A

    * Memory: 
    +--------------------+----------------------+---------+----+----+-----+------+-----+------+-------------+
    |       Memory       |        Module        | BRAM_18K| FF | LUT| URAM| Words| Bits| Banks| W*Bits*Banks|
    +--------------------+----------------------+---------+----+----+-----+------+-----+------+-------------+
    |distance_array_0_U  |knnFloat_8p128f_4jbC  |        0|  64|   1|    0|     2|   32|     2|          128|
    |distance_array_1_U  |knnFloat_8p128f_4jbC  |        0|  64|   1|    0|     2|   32|     2|          128|
    |distance_array_2_U  |knnFloat_8p128f_4jbC  |        0|  64|   1|    0|     2|   32|     2|          128|
    |distance_array_3_U  |knnFloat_8p128f_4jbC  |        0|  64|   1|    0|     2|   32|     2|          128|
    +--------------------+----------------------+---------+----+----+-----+------+-----+------+-------------+
    |Total               |                      |        0| 256|   4|    0|     8|  128|     8|          512|
    +--------------------+----------------------+---------+----+----+-----+------+-----+------+-------------+

    * FIFO: 
    +----------------------+---------+----+----+-----+------+-----+---------+
    |         Name         | BRAM_18K| FF | LUT| URAM| Depth| Bits| Size:D*B|
    +----------------------+---------+----+----+-----+------+-----+---------+
    |xFeatures_0_c7_U      |        0|   5|   0|    -|     2|   32|       64|
    |xFeatures_0_c8_U      |        0|   5|   0|    -|     2|   32|       64|
    |xFeatures_0_c9_U      |        0|   5|   0|    -|     2|   32|       64|
    |xFeatures_0_c_U       |        0|   5|   0|    -|     2|   32|       64|
    |xFeatures_100_c307_U  |        0|   5|   0|    -|     2|   32|       64|
    |xFeatures_100_c308_U  |        0|   5|   0|    -|     2|   32|       64|
    |xFeatures_100_c309_U  |        0|   5|   0|    -|     2|   32|       64|
    |xFeatures_100_c_U     |        0|   5|   0|    -|     2|   32|       64|
    |xFeatures_101_c310_U  |        0|   5|   0|    -|     2|   32|       64|
    |xFeatures_101_c311_U  |        0|   5|   0|    -|     2|   32|       64|
    |xFeatures_101_c312_U  |        0|   5|   0|    -|     2|   32|       64|
    |xFeatures_101_c_U     |        0|   5|   0|    -|     2|   32|       64|
    |xFeatures_102_c313_U  |        0|   5|   0|    -|     2|   32|       64|
    |xFeatures_102_c314_U  |        0|   5|   0|    -|     2|   32|       64|
    |xFeatures_102_c315_U  |        0|   5|   0|    -|     2|   32|       64|
    |xFeatures_102_c_U     |        0|   5|   0|    -|     2|   32|       64|
    |xFeatures_103_c316_U  |        0|   5|   0|    -|     2|   32|       64|
    |xFeatures_103_c317_U  |        0|   5|   0|    -|     2|   32|       64|
    |xFeatures_103_c318_U  |        0|   5|   0|    -|     2|   32|       64|
    |xFeatures_103_c_U     |        0|   5|   0|    -|     2|   32|       64|
    |xFeatures_104_c319_U  |        0|   5|   0|    -|     2|   32|       64|
    |xFeatures_104_c320_U  |        0|   5|   0|    -|     2|   32|       64|
    |xFeatures_104_c321_U  |        0|   5|   0|    -|     2|   32|       64|
    |xFeatures_104_c_U     |        0|   5|   0|    -|     2|   32|       64|
    |xFeatures_105_c322_U  |        0|   5|   0|    -|     2|   32|       64|
    |xFeatures_105_c323_U  |        0|   5|   0|    -|     2|   32|       64|
    |xFeatures_105_c324_U  |        0|   5|   0|    -|     2|   32|       64|
    |xFeatures_105_c_U     |        0|   5|   0|    -|     2|   32|       64|
    |xFeatures_106_c325_U  |        0|   5|   0|    -|     2|   32|       64|
    |xFeatures_106_c326_U  |        0|   5|   0|    -|     2|   32|       64|
    |xFeatures_106_c327_U  |        0|   5|   0|    -|     2|   32|       64|
    |xFeatures_106_c_U     |        0|   5|   0|    -|     2|   32|       64|
    |xFeatures_107_c328_U  |        0|   5|   0|    -|     2|   32|       64|
    |xFeatures_107_c329_U  |        0|   5|   0|    -|     2|   32|       64|
    |xFeatures_107_c330_U  |        0|   5|   0|    -|     2|   32|       64|
    |xFeatures_107_c_U     |        0|   5|   0|    -|     2|   32|       64|
    |xFeatures_108_c331_U  |        0|   5|   0|    -|     2|   32|       64|
    |xFeatures_108_c332_U  |        0|   5|   0|    -|     2|   32|       64|
    |xFeatures_108_c333_U  |        0|   5|   0|    -|     2|   32|       64|
    |xFeatures_108_c_U     |        0|   5|   0|    -|     2|   32|       64|
    |xFeatures_109_c334_U  |        0|   5|   0|    -|     2|   32|       64|
    |xFeatures_109_c335_U  |        0|   5|   0|    -|     2|   32|       64|
    |xFeatures_109_c336_U  |        0|   5|   0|    -|     2|   32|       64|
    |xFeatures_109_c_U     |        0|   5|   0|    -|     2|   32|       64|
    |xFeatures_10_c37_U    |        0|   5|   0|    -|     2|   32|       64|
    |xFeatures_10_c38_U    |        0|   5|   0|    -|     2|   32|       64|
    |xFeatures_10_c39_U    |        0|   5|   0|    -|     2|   32|       64|
    |xFeatures_10_c_U      |        0|   5|   0|    -|     2|   32|       64|
    |xFeatures_110_c337_U  |        0|   5|   0|    -|     2|   32|       64|
    |xFeatures_110_c338_U  |        0|   5|   0|    -|     2|   32|       64|
    |xFeatures_110_c339_U  |        0|   5|   0|    -|     2|   32|       64|
    |xFeatures_110_c_U     |        0|   5|   0|    -|     2|   32|       64|
    |xFeatures_111_c340_U  |        0|   5|   0|    -|     2|   32|       64|
    |xFeatures_111_c341_U  |        0|   5|   0|    -|     2|   32|       64|
    |xFeatures_111_c342_U  |        0|   5|   0|    -|     2|   32|       64|
    |xFeatures_111_c_U     |        0|   5|   0|    -|     2|   32|       64|
    |xFeatures_112_c343_U  |        0|   5|   0|    -|     2|   32|       64|
    |xFeatures_112_c344_U  |        0|   5|   0|    -|     2|   32|       64|
    |xFeatures_112_c345_U  |        0|   5|   0|    -|     2|   32|       64|
    |xFeatures_112_c_U     |        0|   5|   0|    -|     2|   32|       64|
    |xFeatures_113_c346_U  |        0|   5|   0|    -|     2|   32|       64|
    |xFeatures_113_c347_U  |        0|   5|   0|    -|     2|   32|       64|
    |xFeatures_113_c348_U  |        0|   5|   0|    -|     2|   32|       64|
    |xFeatures_113_c_U     |        0|   5|   0|    -|     2|   32|       64|
    |xFeatures_114_c349_U  |        0|   5|   0|    -|     2|   32|       64|
    |xFeatures_114_c350_U  |        0|   5|   0|    -|     2|   32|       64|
    |xFeatures_114_c351_U  |        0|   5|   0|    -|     2|   32|       64|
    |xFeatures_114_c_U     |        0|   5|   0|    -|     2|   32|       64|
    |xFeatures_115_c352_U  |        0|   5|   0|    -|     2|   32|       64|
    |xFeatures_115_c353_U  |        0|   5|   0|    -|     2|   32|       64|
    |xFeatures_115_c354_U  |        0|   5|   0|    -|     2|   32|       64|
    |xFeatures_115_c_U     |        0|   5|   0|    -|     2|   32|       64|
    |xFeatures_116_c355_U  |        0|   5|   0|    -|     2|   32|       64|
    |xFeatures_116_c356_U  |        0|   5|   0|    -|     2|   32|       64|
    |xFeatures_116_c357_U  |        0|   5|   0|    -|     2|   32|       64|
    |xFeatures_116_c_U     |        0|   5|   0|    -|     2|   32|       64|
    |xFeatures_117_c358_U  |        0|   5|   0|    -|     2|   32|       64|
    |xFeatures_117_c359_U  |        0|   5|   0|    -|     2|   32|       64|
    |xFeatures_117_c360_U  |        0|   5|   0|    -|     2|   32|       64|
    |xFeatures_117_c_U     |        0|   5|   0|    -|     2|   32|       64|
    |xFeatures_118_c361_U  |        0|   5|   0|    -|     2|   32|       64|
    |xFeatures_118_c362_U  |        0|   5|   0|    -|     2|   32|       64|
    |xFeatures_118_c363_U  |        0|   5|   0|    -|     2|   32|       64|
    |xFeatures_118_c_U     |        0|   5|   0|    -|     2|   32|       64|
    |xFeatures_119_c364_U  |        0|   5|   0|    -|     2|   32|       64|
    |xFeatures_119_c365_U  |        0|   5|   0|    -|     2|   32|       64|
    |xFeatures_119_c366_U  |        0|   5|   0|    -|     2|   32|       64|
    |xFeatures_119_c_U     |        0|   5|   0|    -|     2|   32|       64|
    |xFeatures_11_c40_U    |        0|   5|   0|    -|     2|   32|       64|
    |xFeatures_11_c41_U    |        0|   5|   0|    -|     2|   32|       64|
    |xFeatures_11_c42_U    |        0|   5|   0|    -|     2|   32|       64|
    |xFeatures_11_c_U      |        0|   5|   0|    -|     2|   32|       64|
    |xFeatures_120_c367_U  |        0|   5|   0|    -|     2|   32|       64|
    |xFeatures_120_c368_U  |        0|   5|   0|    -|     2|   32|       64|
    |xFeatures_120_c369_U  |        0|   5|   0|    -|     2|   32|       64|
    |xFeatures_120_c_U     |        0|   5|   0|    -|     2|   32|       64|
    |xFeatures_121_c370_U  |        0|   5|   0|    -|     2|   32|       64|
    |xFeatures_121_c371_U  |        0|   5|   0|    -|     2|   32|       64|
    |xFeatures_121_c372_U  |        0|   5|   0|    -|     2|   32|       64|
    |xFeatures_121_c_U     |        0|   5|   0|    -|     2|   32|       64|
    |xFeatures_122_c373_U  |        0|   5|   0|    -|     2|   32|       64|
    |xFeatures_122_c374_U  |        0|   5|   0|    -|     2|   32|       64|
    |xFeatures_122_c375_U  |        0|   5|   0|    -|     2|   32|       64|
    |xFeatures_122_c_U     |        0|   5|   0|    -|     2|   32|       64|
    |xFeatures_123_c376_U  |        0|   5|   0|    -|     2|   32|       64|
    |xFeatures_123_c377_U  |        0|   5|   0|    -|     2|   32|       64|
    |xFeatures_123_c378_U  |        0|   5|   0|    -|     2|   32|       64|
    |xFeatures_123_c_U     |        0|   5|   0|    -|     2|   32|       64|
    |xFeatures_124_c379_U  |        0|   5|   0|    -|     2|   32|       64|
    |xFeatures_124_c380_U  |        0|   5|   0|    -|     2|   32|       64|
    |xFeatures_124_c381_U  |        0|   5|   0|    -|     2|   32|       64|
    |xFeatures_124_c_U     |        0|   5|   0|    -|     2|   32|       64|
    |xFeatures_125_c382_U  |        0|   5|   0|    -|     2|   32|       64|
    |xFeatures_125_c383_U  |        0|   5|   0|    -|     2|   32|       64|
    |xFeatures_125_c384_U  |        0|   5|   0|    -|     2|   32|       64|
    |xFeatures_125_c_U     |        0|   5|   0|    -|     2|   32|       64|
    |xFeatures_126_c385_U  |        0|   5|   0|    -|     2|   32|       64|
    |xFeatures_126_c386_U  |        0|   5|   0|    -|     2|   32|       64|
    |xFeatures_126_c387_U  |        0|   5|   0|    -|     2|   32|       64|
    |xFeatures_126_c_U     |        0|   5|   0|    -|     2|   32|       64|
    |xFeatures_127_c388_U  |        0|   5|   0|    -|     2|   32|       64|
    |xFeatures_127_c389_U  |        0|   5|   0|    -|     2|   32|       64|
    |xFeatures_127_c390_U  |        0|   5|   0|    -|     2|   32|       64|
    |xFeatures_127_c_U     |        0|   5|   0|    -|     2|   32|       64|
    |xFeatures_12_c43_U    |        0|   5|   0|    -|     2|   32|       64|
    |xFeatures_12_c44_U    |        0|   5|   0|    -|     2|   32|       64|
    |xFeatures_12_c45_U    |        0|   5|   0|    -|     2|   32|       64|
    |xFeatures_12_c_U      |        0|   5|   0|    -|     2|   32|       64|
    |xFeatures_13_c46_U    |        0|   5|   0|    -|     2|   32|       64|
    |xFeatures_13_c47_U    |        0|   5|   0|    -|     2|   32|       64|
    |xFeatures_13_c48_U    |        0|   5|   0|    -|     2|   32|       64|
    |xFeatures_13_c_U      |        0|   5|   0|    -|     2|   32|       64|
    |xFeatures_14_c49_U    |        0|   5|   0|    -|     2|   32|       64|
    |xFeatures_14_c50_U    |        0|   5|   0|    -|     2|   32|       64|
    |xFeatures_14_c51_U    |        0|   5|   0|    -|     2|   32|       64|
    |xFeatures_14_c_U      |        0|   5|   0|    -|     2|   32|       64|
    |xFeatures_15_c52_U    |        0|   5|   0|    -|     2|   32|       64|
    |xFeatures_15_c53_U    |        0|   5|   0|    -|     2|   32|       64|
    |xFeatures_15_c54_U    |        0|   5|   0|    -|     2|   32|       64|
    |xFeatures_15_c_U      |        0|   5|   0|    -|     2|   32|       64|
    |xFeatures_16_c55_U    |        0|   5|   0|    -|     2|   32|       64|
    |xFeatures_16_c56_U    |        0|   5|   0|    -|     2|   32|       64|
    |xFeatures_16_c57_U    |        0|   5|   0|    -|     2|   32|       64|
    |xFeatures_16_c_U      |        0|   5|   0|    -|     2|   32|       64|
    |xFeatures_17_c58_U    |        0|   5|   0|    -|     2|   32|       64|
    |xFeatures_17_c59_U    |        0|   5|   0|    -|     2|   32|       64|
    |xFeatures_17_c60_U    |        0|   5|   0|    -|     2|   32|       64|
    |xFeatures_17_c_U      |        0|   5|   0|    -|     2|   32|       64|
    |xFeatures_18_c61_U    |        0|   5|   0|    -|     2|   32|       64|
    |xFeatures_18_c62_U    |        0|   5|   0|    -|     2|   32|       64|
    |xFeatures_18_c63_U    |        0|   5|   0|    -|     2|   32|       64|
    |xFeatures_18_c_U      |        0|   5|   0|    -|     2|   32|       64|
    |xFeatures_19_c64_U    |        0|   5|   0|    -|     2|   32|       64|
    |xFeatures_19_c65_U    |        0|   5|   0|    -|     2|   32|       64|
    |xFeatures_19_c66_U    |        0|   5|   0|    -|     2|   32|       64|
    |xFeatures_19_c_U      |        0|   5|   0|    -|     2|   32|       64|
    |xFeatures_1_c10_U     |        0|   5|   0|    -|     2|   32|       64|
    |xFeatures_1_c11_U     |        0|   5|   0|    -|     2|   32|       64|
    |xFeatures_1_c12_U     |        0|   5|   0|    -|     2|   32|       64|
    |xFeatures_1_c_U       |        0|   5|   0|    -|     2|   32|       64|
    |xFeatures_20_c67_U    |        0|   5|   0|    -|     2|   32|       64|
    |xFeatures_20_c68_U    |        0|   5|   0|    -|     2|   32|       64|
    |xFeatures_20_c69_U    |        0|   5|   0|    -|     2|   32|       64|
    |xFeatures_20_c_U      |        0|   5|   0|    -|     2|   32|       64|
    |xFeatures_21_c70_U    |        0|   5|   0|    -|     2|   32|       64|
    |xFeatures_21_c71_U    |        0|   5|   0|    -|     2|   32|       64|
    |xFeatures_21_c72_U    |        0|   5|   0|    -|     2|   32|       64|
    |xFeatures_21_c_U      |        0|   5|   0|    -|     2|   32|       64|
    |xFeatures_22_c73_U    |        0|   5|   0|    -|     2|   32|       64|
    |xFeatures_22_c74_U    |        0|   5|   0|    -|     2|   32|       64|
    |xFeatures_22_c75_U    |        0|   5|   0|    -|     2|   32|       64|
    |xFeatures_22_c_U      |        0|   5|   0|    -|     2|   32|       64|
    |xFeatures_23_c76_U    |        0|   5|   0|    -|     2|   32|       64|
    |xFeatures_23_c77_U    |        0|   5|   0|    -|     2|   32|       64|
    |xFeatures_23_c78_U    |        0|   5|   0|    -|     2|   32|       64|
    |xFeatures_23_c_U      |        0|   5|   0|    -|     2|   32|       64|
    |xFeatures_24_c79_U    |        0|   5|   0|    -|     2|   32|       64|
    |xFeatures_24_c80_U    |        0|   5|   0|    -|     2|   32|       64|
    |xFeatures_24_c81_U    |        0|   5|   0|    -|     2|   32|       64|
    |xFeatures_24_c_U      |        0|   5|   0|    -|     2|   32|       64|
    |xFeatures_25_c82_U    |        0|   5|   0|    -|     2|   32|       64|
    |xFeatures_25_c83_U    |        0|   5|   0|    -|     2|   32|       64|
    |xFeatures_25_c84_U    |        0|   5|   0|    -|     2|   32|       64|
    |xFeatures_25_c_U      |        0|   5|   0|    -|     2|   32|       64|
    |xFeatures_26_c85_U    |        0|   5|   0|    -|     2|   32|       64|
    |xFeatures_26_c86_U    |        0|   5|   0|    -|     2|   32|       64|
    |xFeatures_26_c87_U    |        0|   5|   0|    -|     2|   32|       64|
    |xFeatures_26_c_U      |        0|   5|   0|    -|     2|   32|       64|
    |xFeatures_27_c88_U    |        0|   5|   0|    -|     2|   32|       64|
    |xFeatures_27_c89_U    |        0|   5|   0|    -|     2|   32|       64|
    |xFeatures_27_c90_U    |        0|   5|   0|    -|     2|   32|       64|
    |xFeatures_27_c_U      |        0|   5|   0|    -|     2|   32|       64|
    |xFeatures_28_c91_U    |        0|   5|   0|    -|     2|   32|       64|
    |xFeatures_28_c92_U    |        0|   5|   0|    -|     2|   32|       64|
    |xFeatures_28_c93_U    |        0|   5|   0|    -|     2|   32|       64|
    |xFeatures_28_c_U      |        0|   5|   0|    -|     2|   32|       64|
    |xFeatures_29_c94_U    |        0|   5|   0|    -|     2|   32|       64|
    |xFeatures_29_c95_U    |        0|   5|   0|    -|     2|   32|       64|
    |xFeatures_29_c96_U    |        0|   5|   0|    -|     2|   32|       64|
    |xFeatures_29_c_U      |        0|   5|   0|    -|     2|   32|       64|
    |xFeatures_2_c13_U     |        0|   5|   0|    -|     2|   32|       64|
    |xFeatures_2_c14_U     |        0|   5|   0|    -|     2|   32|       64|
    |xFeatures_2_c15_U     |        0|   5|   0|    -|     2|   32|       64|
    |xFeatures_2_c_U       |        0|   5|   0|    -|     2|   32|       64|
    |xFeatures_30_c97_U    |        0|   5|   0|    -|     2|   32|       64|
    |xFeatures_30_c98_U    |        0|   5|   0|    -|     2|   32|       64|
    |xFeatures_30_c99_U    |        0|   5|   0|    -|     2|   32|       64|
    |xFeatures_30_c_U      |        0|   5|   0|    -|     2|   32|       64|
    |xFeatures_31_c100_U   |        0|   5|   0|    -|     2|   32|       64|
    |xFeatures_31_c101_U   |        0|   5|   0|    -|     2|   32|       64|
    |xFeatures_31_c102_U   |        0|   5|   0|    -|     2|   32|       64|
    |xFeatures_31_c_U      |        0|   5|   0|    -|     2|   32|       64|
    |xFeatures_32_c103_U   |        0|   5|   0|    -|     2|   32|       64|
    |xFeatures_32_c104_U   |        0|   5|   0|    -|     2|   32|       64|
    |xFeatures_32_c105_U   |        0|   5|   0|    -|     2|   32|       64|
    |xFeatures_32_c_U      |        0|   5|   0|    -|     2|   32|       64|
    |xFeatures_33_c106_U   |        0|   5|   0|    -|     2|   32|       64|
    |xFeatures_33_c107_U   |        0|   5|   0|    -|     2|   32|       64|
    |xFeatures_33_c108_U   |        0|   5|   0|    -|     2|   32|       64|
    |xFeatures_33_c_U      |        0|   5|   0|    -|     2|   32|       64|
    |xFeatures_34_c109_U   |        0|   5|   0|    -|     2|   32|       64|
    |xFeatures_34_c110_U   |        0|   5|   0|    -|     2|   32|       64|
    |xFeatures_34_c111_U   |        0|   5|   0|    -|     2|   32|       64|
    |xFeatures_34_c_U      |        0|   5|   0|    -|     2|   32|       64|
    |xFeatures_35_c112_U   |        0|   5|   0|    -|     2|   32|       64|
    |xFeatures_35_c113_U   |        0|   5|   0|    -|     2|   32|       64|
    |xFeatures_35_c114_U   |        0|   5|   0|    -|     2|   32|       64|
    |xFeatures_35_c_U      |        0|   5|   0|    -|     2|   32|       64|
    |xFeatures_36_c115_U   |        0|   5|   0|    -|     2|   32|       64|
    |xFeatures_36_c116_U   |        0|   5|   0|    -|     2|   32|       64|
    |xFeatures_36_c117_U   |        0|   5|   0|    -|     2|   32|       64|
    |xFeatures_36_c_U      |        0|   5|   0|    -|     2|   32|       64|
    |xFeatures_37_c118_U   |        0|   5|   0|    -|     2|   32|       64|
    |xFeatures_37_c119_U   |        0|   5|   0|    -|     2|   32|       64|
    |xFeatures_37_c120_U   |        0|   5|   0|    -|     2|   32|       64|
    |xFeatures_37_c_U      |        0|   5|   0|    -|     2|   32|       64|
    |xFeatures_38_c121_U   |        0|   5|   0|    -|     2|   32|       64|
    |xFeatures_38_c122_U   |        0|   5|   0|    -|     2|   32|       64|
    |xFeatures_38_c123_U   |        0|   5|   0|    -|     2|   32|       64|
    |xFeatures_38_c_U      |        0|   5|   0|    -|     2|   32|       64|
    |xFeatures_39_c124_U   |        0|   5|   0|    -|     2|   32|       64|
    |xFeatures_39_c125_U   |        0|   5|   0|    -|     2|   32|       64|
    |xFeatures_39_c126_U   |        0|   5|   0|    -|     2|   32|       64|
    |xFeatures_39_c_U      |        0|   5|   0|    -|     2|   32|       64|
    |xFeatures_3_c16_U     |        0|   5|   0|    -|     2|   32|       64|
    |xFeatures_3_c17_U     |        0|   5|   0|    -|     2|   32|       64|
    |xFeatures_3_c18_U     |        0|   5|   0|    -|     2|   32|       64|
    |xFeatures_3_c_U       |        0|   5|   0|    -|     2|   32|       64|
    |xFeatures_40_c127_U   |        0|   5|   0|    -|     2|   32|       64|
    |xFeatures_40_c128_U   |        0|   5|   0|    -|     2|   32|       64|
    |xFeatures_40_c129_U   |        0|   5|   0|    -|     2|   32|       64|
    |xFeatures_40_c_U      |        0|   5|   0|    -|     2|   32|       64|
    |xFeatures_41_c130_U   |        0|   5|   0|    -|     2|   32|       64|
    |xFeatures_41_c131_U   |        0|   5|   0|    -|     2|   32|       64|
    |xFeatures_41_c132_U   |        0|   5|   0|    -|     2|   32|       64|
    |xFeatures_41_c_U      |        0|   5|   0|    -|     2|   32|       64|
    |xFeatures_42_c133_U   |        0|   5|   0|    -|     2|   32|       64|
    |xFeatures_42_c134_U   |        0|   5|   0|    -|     2|   32|       64|
    |xFeatures_42_c135_U   |        0|   5|   0|    -|     2|   32|       64|
    |xFeatures_42_c_U      |        0|   5|   0|    -|     2|   32|       64|
    |xFeatures_43_c136_U   |        0|   5|   0|    -|     2|   32|       64|
    |xFeatures_43_c137_U   |        0|   5|   0|    -|     2|   32|       64|
    |xFeatures_43_c138_U   |        0|   5|   0|    -|     2|   32|       64|
    |xFeatures_43_c_U      |        0|   5|   0|    -|     2|   32|       64|
    |xFeatures_44_c139_U   |        0|   5|   0|    -|     2|   32|       64|
    |xFeatures_44_c140_U   |        0|   5|   0|    -|     2|   32|       64|
    |xFeatures_44_c141_U   |        0|   5|   0|    -|     2|   32|       64|
    |xFeatures_44_c_U      |        0|   5|   0|    -|     2|   32|       64|
    |xFeatures_45_c142_U   |        0|   5|   0|    -|     2|   32|       64|
    |xFeatures_45_c143_U   |        0|   5|   0|    -|     2|   32|       64|
    |xFeatures_45_c144_U   |        0|   5|   0|    -|     2|   32|       64|
    |xFeatures_45_c_U      |        0|   5|   0|    -|     2|   32|       64|
    |xFeatures_46_c145_U   |        0|   5|   0|    -|     2|   32|       64|
    |xFeatures_46_c146_U   |        0|   5|   0|    -|     2|   32|       64|
    |xFeatures_46_c147_U   |        0|   5|   0|    -|     2|   32|       64|
    |xFeatures_46_c_U      |        0|   5|   0|    -|     2|   32|       64|
    |xFeatures_47_c148_U   |        0|   5|   0|    -|     2|   32|       64|
    |xFeatures_47_c149_U   |        0|   5|   0|    -|     2|   32|       64|
    |xFeatures_47_c150_U   |        0|   5|   0|    -|     2|   32|       64|
    |xFeatures_47_c_U      |        0|   5|   0|    -|     2|   32|       64|
    |xFeatures_48_c151_U   |        0|   5|   0|    -|     2|   32|       64|
    |xFeatures_48_c152_U   |        0|   5|   0|    -|     2|   32|       64|
    |xFeatures_48_c153_U   |        0|   5|   0|    -|     2|   32|       64|
    |xFeatures_48_c_U      |        0|   5|   0|    -|     2|   32|       64|
    |xFeatures_49_c154_U   |        0|   5|   0|    -|     2|   32|       64|
    |xFeatures_49_c155_U   |        0|   5|   0|    -|     2|   32|       64|
    |xFeatures_49_c156_U   |        0|   5|   0|    -|     2|   32|       64|
    |xFeatures_49_c_U      |        0|   5|   0|    -|     2|   32|       64|
    |xFeatures_4_c19_U     |        0|   5|   0|    -|     2|   32|       64|
    |xFeatures_4_c20_U     |        0|   5|   0|    -|     2|   32|       64|
    |xFeatures_4_c21_U     |        0|   5|   0|    -|     2|   32|       64|
    |xFeatures_4_c_U       |        0|   5|   0|    -|     2|   32|       64|
    |xFeatures_50_c157_U   |        0|   5|   0|    -|     2|   32|       64|
    |xFeatures_50_c158_U   |        0|   5|   0|    -|     2|   32|       64|
    |xFeatures_50_c159_U   |        0|   5|   0|    -|     2|   32|       64|
    |xFeatures_50_c_U      |        0|   5|   0|    -|     2|   32|       64|
    |xFeatures_51_c160_U   |        0|   5|   0|    -|     2|   32|       64|
    |xFeatures_51_c161_U   |        0|   5|   0|    -|     2|   32|       64|
    |xFeatures_51_c162_U   |        0|   5|   0|    -|     2|   32|       64|
    |xFeatures_51_c_U      |        0|   5|   0|    -|     2|   32|       64|
    |xFeatures_52_c163_U   |        0|   5|   0|    -|     2|   32|       64|
    |xFeatures_52_c164_U   |        0|   5|   0|    -|     2|   32|       64|
    |xFeatures_52_c165_U   |        0|   5|   0|    -|     2|   32|       64|
    |xFeatures_52_c_U      |        0|   5|   0|    -|     2|   32|       64|
    |xFeatures_53_c166_U   |        0|   5|   0|    -|     2|   32|       64|
    |xFeatures_53_c167_U   |        0|   5|   0|    -|     2|   32|       64|
    |xFeatures_53_c168_U   |        0|   5|   0|    -|     2|   32|       64|
    |xFeatures_53_c_U      |        0|   5|   0|    -|     2|   32|       64|
    |xFeatures_54_c169_U   |        0|   5|   0|    -|     2|   32|       64|
    |xFeatures_54_c170_U   |        0|   5|   0|    -|     2|   32|       64|
    |xFeatures_54_c171_U   |        0|   5|   0|    -|     2|   32|       64|
    |xFeatures_54_c_U      |        0|   5|   0|    -|     2|   32|       64|
    |xFeatures_55_c172_U   |        0|   5|   0|    -|     2|   32|       64|
    |xFeatures_55_c173_U   |        0|   5|   0|    -|     2|   32|       64|
    |xFeatures_55_c174_U   |        0|   5|   0|    -|     2|   32|       64|
    |xFeatures_55_c_U      |        0|   5|   0|    -|     2|   32|       64|
    |xFeatures_56_c175_U   |        0|   5|   0|    -|     2|   32|       64|
    |xFeatures_56_c176_U   |        0|   5|   0|    -|     2|   32|       64|
    |xFeatures_56_c177_U   |        0|   5|   0|    -|     2|   32|       64|
    |xFeatures_56_c_U      |        0|   5|   0|    -|     2|   32|       64|
    |xFeatures_57_c178_U   |        0|   5|   0|    -|     2|   32|       64|
    |xFeatures_57_c179_U   |        0|   5|   0|    -|     2|   32|       64|
    |xFeatures_57_c180_U   |        0|   5|   0|    -|     2|   32|       64|
    |xFeatures_57_c_U      |        0|   5|   0|    -|     2|   32|       64|
    |xFeatures_58_c181_U   |        0|   5|   0|    -|     2|   32|       64|
    |xFeatures_58_c182_U   |        0|   5|   0|    -|     2|   32|       64|
    |xFeatures_58_c183_U   |        0|   5|   0|    -|     2|   32|       64|
    |xFeatures_58_c_U      |        0|   5|   0|    -|     2|   32|       64|
    |xFeatures_59_c184_U   |        0|   5|   0|    -|     2|   32|       64|
    |xFeatures_59_c185_U   |        0|   5|   0|    -|     2|   32|       64|
    |xFeatures_59_c186_U   |        0|   5|   0|    -|     2|   32|       64|
    |xFeatures_59_c_U      |        0|   5|   0|    -|     2|   32|       64|
    |xFeatures_5_c22_U     |        0|   5|   0|    -|     2|   32|       64|
    |xFeatures_5_c23_U     |        0|   5|   0|    -|     2|   32|       64|
    |xFeatures_5_c24_U     |        0|   5|   0|    -|     2|   32|       64|
    |xFeatures_5_c_U       |        0|   5|   0|    -|     2|   32|       64|
    |xFeatures_60_c187_U   |        0|   5|   0|    -|     2|   32|       64|
    |xFeatures_60_c188_U   |        0|   5|   0|    -|     2|   32|       64|
    |xFeatures_60_c189_U   |        0|   5|   0|    -|     2|   32|       64|
    |xFeatures_60_c_U      |        0|   5|   0|    -|     2|   32|       64|
    |xFeatures_61_c190_U   |        0|   5|   0|    -|     2|   32|       64|
    |xFeatures_61_c191_U   |        0|   5|   0|    -|     2|   32|       64|
    |xFeatures_61_c192_U   |        0|   5|   0|    -|     2|   32|       64|
    |xFeatures_61_c_U      |        0|   5|   0|    -|     2|   32|       64|
    |xFeatures_62_c193_U   |        0|   5|   0|    -|     2|   32|       64|
    |xFeatures_62_c194_U   |        0|   5|   0|    -|     2|   32|       64|
    |xFeatures_62_c195_U   |        0|   5|   0|    -|     2|   32|       64|
    |xFeatures_62_c_U      |        0|   5|   0|    -|     2|   32|       64|
    |xFeatures_63_c196_U   |        0|   5|   0|    -|     2|   32|       64|
    |xFeatures_63_c197_U   |        0|   5|   0|    -|     2|   32|       64|
    |xFeatures_63_c198_U   |        0|   5|   0|    -|     2|   32|       64|
    |xFeatures_63_c_U      |        0|   5|   0|    -|     2|   32|       64|
    |xFeatures_64_c199_U   |        0|   5|   0|    -|     2|   32|       64|
    |xFeatures_64_c200_U   |        0|   5|   0|    -|     2|   32|       64|
    |xFeatures_64_c201_U   |        0|   5|   0|    -|     2|   32|       64|
    |xFeatures_64_c_U      |        0|   5|   0|    -|     2|   32|       64|
    |xFeatures_65_c202_U   |        0|   5|   0|    -|     2|   32|       64|
    |xFeatures_65_c203_U   |        0|   5|   0|    -|     2|   32|       64|
    |xFeatures_65_c204_U   |        0|   5|   0|    -|     2|   32|       64|
    |xFeatures_65_c_U      |        0|   5|   0|    -|     2|   32|       64|
    |xFeatures_66_c205_U   |        0|   5|   0|    -|     2|   32|       64|
    |xFeatures_66_c206_U   |        0|   5|   0|    -|     2|   32|       64|
    |xFeatures_66_c207_U   |        0|   5|   0|    -|     2|   32|       64|
    |xFeatures_66_c_U      |        0|   5|   0|    -|     2|   32|       64|
    |xFeatures_67_c208_U   |        0|   5|   0|    -|     2|   32|       64|
    |xFeatures_67_c209_U   |        0|   5|   0|    -|     2|   32|       64|
    |xFeatures_67_c210_U   |        0|   5|   0|    -|     2|   32|       64|
    |xFeatures_67_c_U      |        0|   5|   0|    -|     2|   32|       64|
    |xFeatures_68_c211_U   |        0|   5|   0|    -|     2|   32|       64|
    |xFeatures_68_c212_U   |        0|   5|   0|    -|     2|   32|       64|
    |xFeatures_68_c213_U   |        0|   5|   0|    -|     2|   32|       64|
    |xFeatures_68_c_U      |        0|   5|   0|    -|     2|   32|       64|
    |xFeatures_69_c214_U   |        0|   5|   0|    -|     2|   32|       64|
    |xFeatures_69_c215_U   |        0|   5|   0|    -|     2|   32|       64|
    |xFeatures_69_c216_U   |        0|   5|   0|    -|     2|   32|       64|
    |xFeatures_69_c_U      |        0|   5|   0|    -|     2|   32|       64|
    |xFeatures_6_c25_U     |        0|   5|   0|    -|     2|   32|       64|
    |xFeatures_6_c26_U     |        0|   5|   0|    -|     2|   32|       64|
    |xFeatures_6_c27_U     |        0|   5|   0|    -|     2|   32|       64|
    |xFeatures_6_c_U       |        0|   5|   0|    -|     2|   32|       64|
    |xFeatures_70_c217_U   |        0|   5|   0|    -|     2|   32|       64|
    |xFeatures_70_c218_U   |        0|   5|   0|    -|     2|   32|       64|
    |xFeatures_70_c219_U   |        0|   5|   0|    -|     2|   32|       64|
    |xFeatures_70_c_U      |        0|   5|   0|    -|     2|   32|       64|
    |xFeatures_71_c220_U   |        0|   5|   0|    -|     2|   32|       64|
    |xFeatures_71_c221_U   |        0|   5|   0|    -|     2|   32|       64|
    |xFeatures_71_c222_U   |        0|   5|   0|    -|     2|   32|       64|
    |xFeatures_71_c_U      |        0|   5|   0|    -|     2|   32|       64|
    |xFeatures_72_c223_U   |        0|   5|   0|    -|     2|   32|       64|
    |xFeatures_72_c224_U   |        0|   5|   0|    -|     2|   32|       64|
    |xFeatures_72_c225_U   |        0|   5|   0|    -|     2|   32|       64|
    |xFeatures_72_c_U      |        0|   5|   0|    -|     2|   32|       64|
    |xFeatures_73_c226_U   |        0|   5|   0|    -|     2|   32|       64|
    |xFeatures_73_c227_U   |        0|   5|   0|    -|     2|   32|       64|
    |xFeatures_73_c228_U   |        0|   5|   0|    -|     2|   32|       64|
    |xFeatures_73_c_U      |        0|   5|   0|    -|     2|   32|       64|
    |xFeatures_74_c229_U   |        0|   5|   0|    -|     2|   32|       64|
    |xFeatures_74_c230_U   |        0|   5|   0|    -|     2|   32|       64|
    |xFeatures_74_c231_U   |        0|   5|   0|    -|     2|   32|       64|
    |xFeatures_74_c_U      |        0|   5|   0|    -|     2|   32|       64|
    |xFeatures_75_c232_U   |        0|   5|   0|    -|     2|   32|       64|
    |xFeatures_75_c233_U   |        0|   5|   0|    -|     2|   32|       64|
    |xFeatures_75_c234_U   |        0|   5|   0|    -|     2|   32|       64|
    |xFeatures_75_c_U      |        0|   5|   0|    -|     2|   32|       64|
    |xFeatures_76_c235_U   |        0|   5|   0|    -|     2|   32|       64|
    |xFeatures_76_c236_U   |        0|   5|   0|    -|     2|   32|       64|
    |xFeatures_76_c237_U   |        0|   5|   0|    -|     2|   32|       64|
    |xFeatures_76_c_U      |        0|   5|   0|    -|     2|   32|       64|
    |xFeatures_77_c238_U   |        0|   5|   0|    -|     2|   32|       64|
    |xFeatures_77_c239_U   |        0|   5|   0|    -|     2|   32|       64|
    |xFeatures_77_c240_U   |        0|   5|   0|    -|     2|   32|       64|
    |xFeatures_77_c_U      |        0|   5|   0|    -|     2|   32|       64|
    |xFeatures_78_c241_U   |        0|   5|   0|    -|     2|   32|       64|
    |xFeatures_78_c242_U   |        0|   5|   0|    -|     2|   32|       64|
    |xFeatures_78_c243_U   |        0|   5|   0|    -|     2|   32|       64|
    |xFeatures_78_c_U      |        0|   5|   0|    -|     2|   32|       64|
    |xFeatures_79_c244_U   |        0|   5|   0|    -|     2|   32|       64|
    |xFeatures_79_c245_U   |        0|   5|   0|    -|     2|   32|       64|
    |xFeatures_79_c246_U   |        0|   5|   0|    -|     2|   32|       64|
    |xFeatures_79_c_U      |        0|   5|   0|    -|     2|   32|       64|
    |xFeatures_7_c28_U     |        0|   5|   0|    -|     2|   32|       64|
    |xFeatures_7_c29_U     |        0|   5|   0|    -|     2|   32|       64|
    |xFeatures_7_c30_U     |        0|   5|   0|    -|     2|   32|       64|
    |xFeatures_7_c_U       |        0|   5|   0|    -|     2|   32|       64|
    |xFeatures_80_c247_U   |        0|   5|   0|    -|     2|   32|       64|
    |xFeatures_80_c248_U   |        0|   5|   0|    -|     2|   32|       64|
    |xFeatures_80_c249_U   |        0|   5|   0|    -|     2|   32|       64|
    |xFeatures_80_c_U      |        0|   5|   0|    -|     2|   32|       64|
    |xFeatures_81_c250_U   |        0|   5|   0|    -|     2|   32|       64|
    |xFeatures_81_c251_U   |        0|   5|   0|    -|     2|   32|       64|
    |xFeatures_81_c252_U   |        0|   5|   0|    -|     2|   32|       64|
    |xFeatures_81_c_U      |        0|   5|   0|    -|     2|   32|       64|
    |xFeatures_82_c253_U   |        0|   5|   0|    -|     2|   32|       64|
    |xFeatures_82_c254_U   |        0|   5|   0|    -|     2|   32|       64|
    |xFeatures_82_c255_U   |        0|   5|   0|    -|     2|   32|       64|
    |xFeatures_82_c_U      |        0|   5|   0|    -|     2|   32|       64|
    |xFeatures_83_c256_U   |        0|   5|   0|    -|     2|   32|       64|
    |xFeatures_83_c257_U   |        0|   5|   0|    -|     2|   32|       64|
    |xFeatures_83_c258_U   |        0|   5|   0|    -|     2|   32|       64|
    |xFeatures_83_c_U      |        0|   5|   0|    -|     2|   32|       64|
    |xFeatures_84_c259_U   |        0|   5|   0|    -|     2|   32|       64|
    |xFeatures_84_c260_U   |        0|   5|   0|    -|     2|   32|       64|
    |xFeatures_84_c261_U   |        0|   5|   0|    -|     2|   32|       64|
    |xFeatures_84_c_U      |        0|   5|   0|    -|     2|   32|       64|
    |xFeatures_85_c262_U   |        0|   5|   0|    -|     2|   32|       64|
    |xFeatures_85_c263_U   |        0|   5|   0|    -|     2|   32|       64|
    |xFeatures_85_c264_U   |        0|   5|   0|    -|     2|   32|       64|
    |xFeatures_85_c_U      |        0|   5|   0|    -|     2|   32|       64|
    |xFeatures_86_c265_U   |        0|   5|   0|    -|     2|   32|       64|
    |xFeatures_86_c266_U   |        0|   5|   0|    -|     2|   32|       64|
    |xFeatures_86_c267_U   |        0|   5|   0|    -|     2|   32|       64|
    |xFeatures_86_c_U      |        0|   5|   0|    -|     2|   32|       64|
    |xFeatures_87_c268_U   |        0|   5|   0|    -|     2|   32|       64|
    |xFeatures_87_c269_U   |        0|   5|   0|    -|     2|   32|       64|
    |xFeatures_87_c270_U   |        0|   5|   0|    -|     2|   32|       64|
    |xFeatures_87_c_U      |        0|   5|   0|    -|     2|   32|       64|
    |xFeatures_88_c271_U   |        0|   5|   0|    -|     2|   32|       64|
    |xFeatures_88_c272_U   |        0|   5|   0|    -|     2|   32|       64|
    |xFeatures_88_c273_U   |        0|   5|   0|    -|     2|   32|       64|
    |xFeatures_88_c_U      |        0|   5|   0|    -|     2|   32|       64|
    |xFeatures_89_c274_U   |        0|   5|   0|    -|     2|   32|       64|
    |xFeatures_89_c275_U   |        0|   5|   0|    -|     2|   32|       64|
    |xFeatures_89_c276_U   |        0|   5|   0|    -|     2|   32|       64|
    |xFeatures_89_c_U      |        0|   5|   0|    -|     2|   32|       64|
    |xFeatures_8_c31_U     |        0|   5|   0|    -|     2|   32|       64|
    |xFeatures_8_c32_U     |        0|   5|   0|    -|     2|   32|       64|
    |xFeatures_8_c33_U     |        0|   5|   0|    -|     2|   32|       64|
    |xFeatures_8_c_U       |        0|   5|   0|    -|     2|   32|       64|
    |xFeatures_90_c277_U   |        0|   5|   0|    -|     2|   32|       64|
    |xFeatures_90_c278_U   |        0|   5|   0|    -|     2|   32|       64|
    |xFeatures_90_c279_U   |        0|   5|   0|    -|     2|   32|       64|
    |xFeatures_90_c_U      |        0|   5|   0|    -|     2|   32|       64|
    |xFeatures_91_c280_U   |        0|   5|   0|    -|     2|   32|       64|
    |xFeatures_91_c281_U   |        0|   5|   0|    -|     2|   32|       64|
    |xFeatures_91_c282_U   |        0|   5|   0|    -|     2|   32|       64|
    |xFeatures_91_c_U      |        0|   5|   0|    -|     2|   32|       64|
    |xFeatures_92_c283_U   |        0|   5|   0|    -|     2|   32|       64|
    |xFeatures_92_c284_U   |        0|   5|   0|    -|     2|   32|       64|
    |xFeatures_92_c285_U   |        0|   5|   0|    -|     2|   32|       64|
    |xFeatures_92_c_U      |        0|   5|   0|    -|     2|   32|       64|
    |xFeatures_93_c286_U   |        0|   5|   0|    -|     2|   32|       64|
    |xFeatures_93_c287_U   |        0|   5|   0|    -|     2|   32|       64|
    |xFeatures_93_c288_U   |        0|   5|   0|    -|     2|   32|       64|
    |xFeatures_93_c_U      |        0|   5|   0|    -|     2|   32|       64|
    |xFeatures_94_c289_U   |        0|   5|   0|    -|     2|   32|       64|
    |xFeatures_94_c290_U   |        0|   5|   0|    -|     2|   32|       64|
    |xFeatures_94_c291_U   |        0|   5|   0|    -|     2|   32|       64|
    |xFeatures_94_c_U      |        0|   5|   0|    -|     2|   32|       64|
    |xFeatures_95_c292_U   |        0|   5|   0|    -|     2|   32|       64|
    |xFeatures_95_c293_U   |        0|   5|   0|    -|     2|   32|       64|
    |xFeatures_95_c294_U   |        0|   5|   0|    -|     2|   32|       64|
    |xFeatures_95_c_U      |        0|   5|   0|    -|     2|   32|       64|
    |xFeatures_96_c295_U   |        0|   5|   0|    -|     2|   32|       64|
    |xFeatures_96_c296_U   |        0|   5|   0|    -|     2|   32|       64|
    |xFeatures_96_c297_U   |        0|   5|   0|    -|     2|   32|       64|
    |xFeatures_96_c_U      |        0|   5|   0|    -|     2|   32|       64|
    |xFeatures_97_c298_U   |        0|   5|   0|    -|     2|   32|       64|
    |xFeatures_97_c299_U   |        0|   5|   0|    -|     2|   32|       64|
    |xFeatures_97_c300_U   |        0|   5|   0|    -|     2|   32|       64|
    |xFeatures_97_c_U      |        0|   5|   0|    -|     2|   32|       64|
    |xFeatures_98_c301_U   |        0|   5|   0|    -|     2|   32|       64|
    |xFeatures_98_c302_U   |        0|   5|   0|    -|     2|   32|       64|
    |xFeatures_98_c303_U   |        0|   5|   0|    -|     2|   32|       64|
    |xFeatures_98_c_U      |        0|   5|   0|    -|     2|   32|       64|
    |xFeatures_99_c304_U   |        0|   5|   0|    -|     2|   32|       64|
    |xFeatures_99_c305_U   |        0|   5|   0|    -|     2|   32|       64|
    |xFeatures_99_c306_U   |        0|   5|   0|    -|     2|   32|       64|
    |xFeatures_99_c_U      |        0|   5|   0|    -|     2|   32|       64|
    |xFeatures_9_c34_U     |        0|   5|   0|    -|     2|   32|       64|
    |xFeatures_9_c35_U     |        0|   5|   0|    -|     2|   32|       64|
    |xFeatures_9_c36_U     |        0|   5|   0|    -|     2|   32|       64|
    |xFeatures_9_c_U       |        0|   5|   0|    -|     2|   32|       64|
    +----------------------+---------+----+----+-----+------+-----+---------+
    |Total                 |        0|2560|   0|    0|  1024|16384|    32768|
    +----------------------+---------+----+----+-----+------+-----+---------+

    * Expression: 
    +--------------------------------------------+----------+-------+---+----+------------+------------+
    |                Variable Name               | Operation| DSP48E| FF| LUT| Bitwidth P0| Bitwidth P1|
    +--------------------------------------------+----------+-------+---+----+------------+------------+
    |epilogue_U0_ap_ready_count                  |     +    |      0|  0|  10|           2|           1|
    |knnFloat_8p128f_4Par_1_U0_ap_ready_count    |     +    |      0|  0|  10|           2|           1|
    |parallel_021_U0_ap_ready_count              |     +    |      0|  0|  10|           2|           1|
    |parallel_022_U0_ap_ready_count              |     +    |      0|  0|  10|           2|           1|
    |parallel_023_U0_ap_ready_count              |     +    |      0|  0|  10|           2|           1|
    |parallel_0_U0_ap_ready_count                |     +    |      0|  0|  10|           2|           1|
    |ap_idle                                     |    and   |      0|  0|   2|           1|           1|
    |ap_sync_ready                               |    and   |      0|  0|   2|           1|           1|
    |epilogue_U0_ap_start                        |    and   |      0|  0|   2|           1|           1|
    |knnFloat_8p128f_4Par_1_U0_ap_start          |    and   |      0|  0|   2|           1|           1|
    |parallel_021_U0_ap_start                    |    and   |      0|  0|   2|           1|           1|
    |parallel_022_U0_ap_start                    |    and   |      0|  0|   2|           1|           1|
    |parallel_023_U0_ap_start                    |    and   |      0|  0|   2|           1|           1|
    |parallel_0_U0_ap_start                      |    and   |      0|  0|   2|           1|           1|
    |ap_sync_epilogue_U0_ap_ready                |    or    |      0|  0|   2|           1|           1|
    |ap_sync_knnFloat_8p128f_4Par_1_U0_ap_ready  |    or    |      0|  0|   2|           1|           1|
    |ap_sync_parallel_021_U0_ap_ready            |    or    |      0|  0|   2|           1|           1|
    |ap_sync_parallel_022_U0_ap_ready            |    or    |      0|  0|   2|           1|           1|
    |ap_sync_parallel_023_U0_ap_ready            |    or    |      0|  0|   2|           1|           1|
    |ap_sync_parallel_0_U0_ap_ready              |    or    |      0|  0|   2|           1|           1|
    +--------------------------------------------+----------+-------+---+----+------------+------------+
    |Total                                       |          |      0|  0|  88|          26|          20|
    +--------------------------------------------+----------+-------+---+----+------------+------------+

    * Multiplexer: 
    +------------------------------------------------+----+-----------+-----+-----------+
    |                      Name                      | LUT| Input Size| Bits| Total Bits|
    +------------------------------------------------+----+-----------+-----+-----------+
    |ap_sync_reg_epilogue_U0_ap_ready                |   9|          2|    1|          2|
    |ap_sync_reg_knnFloat_8p128f_4Par_1_U0_ap_ready  |   9|          2|    1|          2|
    |ap_sync_reg_parallel_021_U0_ap_ready            |   9|          2|    1|          2|
    |ap_sync_reg_parallel_022_U0_ap_ready            |   9|          2|    1|          2|
    |ap_sync_reg_parallel_023_U0_ap_ready            |   9|          2|    1|          2|
    |ap_sync_reg_parallel_0_U0_ap_ready              |   9|          2|    1|          2|
    |epilogue_U0_ap_ready_count                      |   9|          2|    2|          4|
    |knnFloat_8p128f_4Par_1_U0_ap_ready_count        |   9|          2|    2|          4|
    |parallel_021_U0_ap_ready_count                  |   9|          2|    2|          4|
    |parallel_022_U0_ap_ready_count                  |   9|          2|    2|          4|
    |parallel_023_U0_ap_ready_count                  |   9|          2|    2|          4|
    |parallel_0_U0_ap_ready_count                    |   9|          2|    2|          4|
    +------------------------------------------------+----+-----------+-----+-----------+
    |Total                                           | 108|         24|   18|         36|
    +------------------------------------------------+----+-----------+-----+-----------+

    * Register: 
    +------------------------------------------------+---+----+-----+-----------+
    |                      Name                      | FF| LUT| Bits| Const Bits|
    +------------------------------------------------+---+----+-----+-----------+
    |ap_sync_reg_epilogue_U0_ap_ready                |  1|   0|    1|          0|
    |ap_sync_reg_knnFloat_8p128f_4Par_1_U0_ap_ready  |  1|   0|    1|          0|
    |ap_sync_reg_parallel_021_U0_ap_ready            |  1|   0|    1|          0|
    |ap_sync_reg_parallel_022_U0_ap_ready            |  1|   0|    1|          0|
    |ap_sync_reg_parallel_023_U0_ap_ready            |  1|   0|    1|          0|
    |ap_sync_reg_parallel_0_U0_ap_ready              |  1|   0|    1|          0|
    |epilogue_U0_ap_ready_count                      |  2|   0|    2|          0|
    |knnFloat_8p128f_4Par_1_U0_ap_ready_count        |  2|   0|    2|          0|
    |parallel_021_U0_ap_ready_count                  |  2|   0|    2|          0|
    |parallel_022_U0_ap_ready_count                  |  2|   0|    2|          0|
    |parallel_023_U0_ap_ready_count                  |  2|   0|    2|          0|
    |parallel_0_U0_ap_ready_count                    |  2|   0|    2|          0|
    +------------------------------------------------+---+----+-----+-----------+
    |Total                                           | 18|   0|   18|          0|
    +------------------------------------------------+---+----+-----+-----------+



================================================================
== Interface
================================================================
* Summary: 
+--------------------------+-----+-----+------------+--------------------------------------+--------------+
|         RTL Ports        | Dir | Bits|  Protocol  |             Source Object            |    C Type    |
+--------------------------+-----+-----+------------+--------------------------------------+--------------+
|ap_clk                    |  in |    1| ap_ctrl_hs | knnFloat_8p128f_4Parallel_saveEnergy | return value |
|ap_rst                    |  in |    1| ap_ctrl_hs | knnFloat_8p128f_4Parallel_saveEnergy | return value |
|ap_start                  |  in |    1| ap_ctrl_hs | knnFloat_8p128f_4Parallel_saveEnergy | return value |
|ap_done                   | out |    1| ap_ctrl_hs | knnFloat_8p128f_4Parallel_saveEnergy | return value |
|ap_ready                  | out |    1| ap_ctrl_hs | knnFloat_8p128f_4Parallel_saveEnergy | return value |
|ap_idle                   | out |    1| ap_ctrl_hs | knnFloat_8p128f_4Parallel_saveEnergy | return value |
|xFeatures_0               |  in |   32|   ap_none  |              xFeatures_0             |    pointer   |
|xFeatures_1               |  in |   32|   ap_none  |              xFeatures_1             |    pointer   |
|xFeatures_2               |  in |   32|   ap_none  |              xFeatures_2             |    pointer   |
|xFeatures_3               |  in |   32|   ap_none  |              xFeatures_3             |    pointer   |
|xFeatures_4               |  in |   32|   ap_none  |              xFeatures_4             |    pointer   |
|xFeatures_5               |  in |   32|   ap_none  |              xFeatures_5             |    pointer   |
|xFeatures_6               |  in |   32|   ap_none  |              xFeatures_6             |    pointer   |
|xFeatures_7               |  in |   32|   ap_none  |              xFeatures_7             |    pointer   |
|xFeatures_8               |  in |   32|   ap_none  |              xFeatures_8             |    pointer   |
|xFeatures_9               |  in |   32|   ap_none  |              xFeatures_9             |    pointer   |
|xFeatures_10              |  in |   32|   ap_none  |             xFeatures_10             |    pointer   |
|xFeatures_11              |  in |   32|   ap_none  |             xFeatures_11             |    pointer   |
|xFeatures_12              |  in |   32|   ap_none  |             xFeatures_12             |    pointer   |
|xFeatures_13              |  in |   32|   ap_none  |             xFeatures_13             |    pointer   |
|xFeatures_14              |  in |   32|   ap_none  |             xFeatures_14             |    pointer   |
|xFeatures_15              |  in |   32|   ap_none  |             xFeatures_15             |    pointer   |
|xFeatures_16              |  in |   32|   ap_none  |             xFeatures_16             |    pointer   |
|xFeatures_17              |  in |   32|   ap_none  |             xFeatures_17             |    pointer   |
|xFeatures_18              |  in |   32|   ap_none  |             xFeatures_18             |    pointer   |
|xFeatures_19              |  in |   32|   ap_none  |             xFeatures_19             |    pointer   |
|xFeatures_20              |  in |   32|   ap_none  |             xFeatures_20             |    pointer   |
|xFeatures_21              |  in |   32|   ap_none  |             xFeatures_21             |    pointer   |
|xFeatures_22              |  in |   32|   ap_none  |             xFeatures_22             |    pointer   |
|xFeatures_23              |  in |   32|   ap_none  |             xFeatures_23             |    pointer   |
|xFeatures_24              |  in |   32|   ap_none  |             xFeatures_24             |    pointer   |
|xFeatures_25              |  in |   32|   ap_none  |             xFeatures_25             |    pointer   |
|xFeatures_26              |  in |   32|   ap_none  |             xFeatures_26             |    pointer   |
|xFeatures_27              |  in |   32|   ap_none  |             xFeatures_27             |    pointer   |
|xFeatures_28              |  in |   32|   ap_none  |             xFeatures_28             |    pointer   |
|xFeatures_29              |  in |   32|   ap_none  |             xFeatures_29             |    pointer   |
|xFeatures_30              |  in |   32|   ap_none  |             xFeatures_30             |    pointer   |
|xFeatures_31              |  in |   32|   ap_none  |             xFeatures_31             |    pointer   |
|xFeatures_32              |  in |   32|   ap_none  |             xFeatures_32             |    pointer   |
|xFeatures_33              |  in |   32|   ap_none  |             xFeatures_33             |    pointer   |
|xFeatures_34              |  in |   32|   ap_none  |             xFeatures_34             |    pointer   |
|xFeatures_35              |  in |   32|   ap_none  |             xFeatures_35             |    pointer   |
|xFeatures_36              |  in |   32|   ap_none  |             xFeatures_36             |    pointer   |
|xFeatures_37              |  in |   32|   ap_none  |             xFeatures_37             |    pointer   |
|xFeatures_38              |  in |   32|   ap_none  |             xFeatures_38             |    pointer   |
|xFeatures_39              |  in |   32|   ap_none  |             xFeatures_39             |    pointer   |
|xFeatures_40              |  in |   32|   ap_none  |             xFeatures_40             |    pointer   |
|xFeatures_41              |  in |   32|   ap_none  |             xFeatures_41             |    pointer   |
|xFeatures_42              |  in |   32|   ap_none  |             xFeatures_42             |    pointer   |
|xFeatures_43              |  in |   32|   ap_none  |             xFeatures_43             |    pointer   |
|xFeatures_44              |  in |   32|   ap_none  |             xFeatures_44             |    pointer   |
|xFeatures_45              |  in |   32|   ap_none  |             xFeatures_45             |    pointer   |
|xFeatures_46              |  in |   32|   ap_none  |             xFeatures_46             |    pointer   |
|xFeatures_47              |  in |   32|   ap_none  |             xFeatures_47             |    pointer   |
|xFeatures_48              |  in |   32|   ap_none  |             xFeatures_48             |    pointer   |
|xFeatures_49              |  in |   32|   ap_none  |             xFeatures_49             |    pointer   |
|xFeatures_50              |  in |   32|   ap_none  |             xFeatures_50             |    pointer   |
|xFeatures_51              |  in |   32|   ap_none  |             xFeatures_51             |    pointer   |
|xFeatures_52              |  in |   32|   ap_none  |             xFeatures_52             |    pointer   |
|xFeatures_53              |  in |   32|   ap_none  |             xFeatures_53             |    pointer   |
|xFeatures_54              |  in |   32|   ap_none  |             xFeatures_54             |    pointer   |
|xFeatures_55              |  in |   32|   ap_none  |             xFeatures_55             |    pointer   |
|xFeatures_56              |  in |   32|   ap_none  |             xFeatures_56             |    pointer   |
|xFeatures_57              |  in |   32|   ap_none  |             xFeatures_57             |    pointer   |
|xFeatures_58              |  in |   32|   ap_none  |             xFeatures_58             |    pointer   |
|xFeatures_59              |  in |   32|   ap_none  |             xFeatures_59             |    pointer   |
|xFeatures_60              |  in |   32|   ap_none  |             xFeatures_60             |    pointer   |
|xFeatures_61              |  in |   32|   ap_none  |             xFeatures_61             |    pointer   |
|xFeatures_62              |  in |   32|   ap_none  |             xFeatures_62             |    pointer   |
|xFeatures_63              |  in |   32|   ap_none  |             xFeatures_63             |    pointer   |
|xFeatures_64              |  in |   32|   ap_none  |             xFeatures_64             |    pointer   |
|xFeatures_65              |  in |   32|   ap_none  |             xFeatures_65             |    pointer   |
|xFeatures_66              |  in |   32|   ap_none  |             xFeatures_66             |    pointer   |
|xFeatures_67              |  in |   32|   ap_none  |             xFeatures_67             |    pointer   |
|xFeatures_68              |  in |   32|   ap_none  |             xFeatures_68             |    pointer   |
|xFeatures_69              |  in |   32|   ap_none  |             xFeatures_69             |    pointer   |
|xFeatures_70              |  in |   32|   ap_none  |             xFeatures_70             |    pointer   |
|xFeatures_71              |  in |   32|   ap_none  |             xFeatures_71             |    pointer   |
|xFeatures_72              |  in |   32|   ap_none  |             xFeatures_72             |    pointer   |
|xFeatures_73              |  in |   32|   ap_none  |             xFeatures_73             |    pointer   |
|xFeatures_74              |  in |   32|   ap_none  |             xFeatures_74             |    pointer   |
|xFeatures_75              |  in |   32|   ap_none  |             xFeatures_75             |    pointer   |
|xFeatures_76              |  in |   32|   ap_none  |             xFeatures_76             |    pointer   |
|xFeatures_77              |  in |   32|   ap_none  |             xFeatures_77             |    pointer   |
|xFeatures_78              |  in |   32|   ap_none  |             xFeatures_78             |    pointer   |
|xFeatures_79              |  in |   32|   ap_none  |             xFeatures_79             |    pointer   |
|xFeatures_80              |  in |   32|   ap_none  |             xFeatures_80             |    pointer   |
|xFeatures_81              |  in |   32|   ap_none  |             xFeatures_81             |    pointer   |
|xFeatures_82              |  in |   32|   ap_none  |             xFeatures_82             |    pointer   |
|xFeatures_83              |  in |   32|   ap_none  |             xFeatures_83             |    pointer   |
|xFeatures_84              |  in |   32|   ap_none  |             xFeatures_84             |    pointer   |
|xFeatures_85              |  in |   32|   ap_none  |             xFeatures_85             |    pointer   |
|xFeatures_86              |  in |   32|   ap_none  |             xFeatures_86             |    pointer   |
|xFeatures_87              |  in |   32|   ap_none  |             xFeatures_87             |    pointer   |
|xFeatures_88              |  in |   32|   ap_none  |             xFeatures_88             |    pointer   |
|xFeatures_89              |  in |   32|   ap_none  |             xFeatures_89             |    pointer   |
|xFeatures_90              |  in |   32|   ap_none  |             xFeatures_90             |    pointer   |
|xFeatures_91              |  in |   32|   ap_none  |             xFeatures_91             |    pointer   |
|xFeatures_92              |  in |   32|   ap_none  |             xFeatures_92             |    pointer   |
|xFeatures_93              |  in |   32|   ap_none  |             xFeatures_93             |    pointer   |
|xFeatures_94              |  in |   32|   ap_none  |             xFeatures_94             |    pointer   |
|xFeatures_95              |  in |   32|   ap_none  |             xFeatures_95             |    pointer   |
|xFeatures_96              |  in |   32|   ap_none  |             xFeatures_96             |    pointer   |
|xFeatures_97              |  in |   32|   ap_none  |             xFeatures_97             |    pointer   |
|xFeatures_98              |  in |   32|   ap_none  |             xFeatures_98             |    pointer   |
|xFeatures_99              |  in |   32|   ap_none  |             xFeatures_99             |    pointer   |
|xFeatures_100             |  in |   32|   ap_none  |             xFeatures_100            |    pointer   |
|xFeatures_101             |  in |   32|   ap_none  |             xFeatures_101            |    pointer   |
|xFeatures_102             |  in |   32|   ap_none  |             xFeatures_102            |    pointer   |
|xFeatures_103             |  in |   32|   ap_none  |             xFeatures_103            |    pointer   |
|xFeatures_104             |  in |   32|   ap_none  |             xFeatures_104            |    pointer   |
|xFeatures_105             |  in |   32|   ap_none  |             xFeatures_105            |    pointer   |
|xFeatures_106             |  in |   32|   ap_none  |             xFeatures_106            |    pointer   |
|xFeatures_107             |  in |   32|   ap_none  |             xFeatures_107            |    pointer   |
|xFeatures_108             |  in |   32|   ap_none  |             xFeatures_108            |    pointer   |
|xFeatures_109             |  in |   32|   ap_none  |             xFeatures_109            |    pointer   |
|xFeatures_110             |  in |   32|   ap_none  |             xFeatures_110            |    pointer   |
|xFeatures_111             |  in |   32|   ap_none  |             xFeatures_111            |    pointer   |
|xFeatures_112             |  in |   32|   ap_none  |             xFeatures_112            |    pointer   |
|xFeatures_113             |  in |   32|   ap_none  |             xFeatures_113            |    pointer   |
|xFeatures_114             |  in |   32|   ap_none  |             xFeatures_114            |    pointer   |
|xFeatures_115             |  in |   32|   ap_none  |             xFeatures_115            |    pointer   |
|xFeatures_116             |  in |   32|   ap_none  |             xFeatures_116            |    pointer   |
|xFeatures_117             |  in |   32|   ap_none  |             xFeatures_117            |    pointer   |
|xFeatures_118             |  in |   32|   ap_none  |             xFeatures_118            |    pointer   |
|xFeatures_119             |  in |   32|   ap_none  |             xFeatures_119            |    pointer   |
|xFeatures_120             |  in |   32|   ap_none  |             xFeatures_120            |    pointer   |
|xFeatures_121             |  in |   32|   ap_none  |             xFeatures_121            |    pointer   |
|xFeatures_122             |  in |   32|   ap_none  |             xFeatures_122            |    pointer   |
|xFeatures_123             |  in |   32|   ap_none  |             xFeatures_123            |    pointer   |
|xFeatures_124             |  in |   32|   ap_none  |             xFeatures_124            |    pointer   |
|xFeatures_125             |  in |   32|   ap_none  |             xFeatures_125            |    pointer   |
|xFeatures_126             |  in |   32|   ap_none  |             xFeatures_126            |    pointer   |
|xFeatures_127             |  in |   32|   ap_none  |             xFeatures_127            |    pointer   |
|knownClasses_address0     | out |    3|  ap_memory |             knownClasses             |     array    |
|knownClasses_ce0          | out |    1|  ap_memory |             knownClasses             |     array    |
|knownClasses_d0           | out |    8|  ap_memory |             knownClasses             |     array    |
|knownClasses_q0           |  in |    8|  ap_memory |             knownClasses             |     array    |
|knownClasses_we0          | out |    1|  ap_memory |             knownClasses             |     array    |
|knownClasses_address1     | out |    3|  ap_memory |             knownClasses             |     array    |
|knownClasses_ce1          | out |    1|  ap_memory |             knownClasses             |     array    |
|knownClasses_d1           | out |    8|  ap_memory |             knownClasses             |     array    |
|knownClasses_q1           |  in |    8|  ap_memory |             knownClasses             |     array    |
|knownClasses_we1          | out |    1|  ap_memory |             knownClasses             |     array    |
|knownFeatures_0_address0  | out |    8|  ap_memory |            knownFeatures_0           |     array    |
|knownFeatures_0_ce0       | out |    1|  ap_memory |            knownFeatures_0           |     array    |
|knownFeatures_0_d0        | out |   32|  ap_memory |            knownFeatures_0           |     array    |
|knownFeatures_0_q0        |  in |   32|  ap_memory |            knownFeatures_0           |     array    |
|knownFeatures_0_we0       | out |    1|  ap_memory |            knownFeatures_0           |     array    |
|knownFeatures_0_address1  | out |    8|  ap_memory |            knownFeatures_0           |     array    |
|knownFeatures_0_ce1       | out |    1|  ap_memory |            knownFeatures_0           |     array    |
|knownFeatures_0_d1        | out |   32|  ap_memory |            knownFeatures_0           |     array    |
|knownFeatures_0_q1        |  in |   32|  ap_memory |            knownFeatures_0           |     array    |
|knownFeatures_0_we1       | out |    1|  ap_memory |            knownFeatures_0           |     array    |
|knownFeatures_1_address0  | out |    8|  ap_memory |            knownFeatures_1           |     array    |
|knownFeatures_1_ce0       | out |    1|  ap_memory |            knownFeatures_1           |     array    |
|knownFeatures_1_d0        | out |   32|  ap_memory |            knownFeatures_1           |     array    |
|knownFeatures_1_q0        |  in |   32|  ap_memory |            knownFeatures_1           |     array    |
|knownFeatures_1_we0       | out |    1|  ap_memory |            knownFeatures_1           |     array    |
|knownFeatures_1_address1  | out |    8|  ap_memory |            knownFeatures_1           |     array    |
|knownFeatures_1_ce1       | out |    1|  ap_memory |            knownFeatures_1           |     array    |
|knownFeatures_1_d1        | out |   32|  ap_memory |            knownFeatures_1           |     array    |
|knownFeatures_1_q1        |  in |   32|  ap_memory |            knownFeatures_1           |     array    |
|knownFeatures_1_we1       | out |    1|  ap_memory |            knownFeatures_1           |     array    |
|knownFeatures_2_address0  | out |    8|  ap_memory |            knownFeatures_2           |     array    |
|knownFeatures_2_ce0       | out |    1|  ap_memory |            knownFeatures_2           |     array    |
|knownFeatures_2_d0        | out |   32|  ap_memory |            knownFeatures_2           |     array    |
|knownFeatures_2_q0        |  in |   32|  ap_memory |            knownFeatures_2           |     array    |
|knownFeatures_2_we0       | out |    1|  ap_memory |            knownFeatures_2           |     array    |
|knownFeatures_2_address1  | out |    8|  ap_memory |            knownFeatures_2           |     array    |
|knownFeatures_2_ce1       | out |    1|  ap_memory |            knownFeatures_2           |     array    |
|knownFeatures_2_d1        | out |   32|  ap_memory |            knownFeatures_2           |     array    |
|knownFeatures_2_q1        |  in |   32|  ap_memory |            knownFeatures_2           |     array    |
|knownFeatures_2_we1       | out |    1|  ap_memory |            knownFeatures_2           |     array    |
|knownFeatures_3_address0  | out |    8|  ap_memory |            knownFeatures_3           |     array    |
|knownFeatures_3_ce0       | out |    1|  ap_memory |            knownFeatures_3           |     array    |
|knownFeatures_3_d0        | out |   32|  ap_memory |            knownFeatures_3           |     array    |
|knownFeatures_3_q0        |  in |   32|  ap_memory |            knownFeatures_3           |     array    |
|knownFeatures_3_we0       | out |    1|  ap_memory |            knownFeatures_3           |     array    |
|knownFeatures_3_address1  | out |    8|  ap_memory |            knownFeatures_3           |     array    |
|knownFeatures_3_ce1       | out |    1|  ap_memory |            knownFeatures_3           |     array    |
|knownFeatures_3_d1        | out |   32|  ap_memory |            knownFeatures_3           |     array    |
|knownFeatures_3_q1        |  in |   32|  ap_memory |            knownFeatures_3           |     array    |
|knownFeatures_3_we1       | out |    1|  ap_memory |            knownFeatures_3           |     array    |
|out_r                     | out |    8|   ap_vld   |                 out_r                |    pointer   |
|out_r_ap_vld              | out |    1|   ap_vld   |                 out_r                |    pointer   |
+--------------------------+-----+-----+------------+--------------------------------------+--------------+

