

================================================================
== Vivado HLS Report for 'epilogue'
================================================================
* Date:           Mon Jun 22 03:08:04 2020

* Version:        2019.2 (Build 2704478 on Wed Nov 06 22:10:23 MST 2019)
* Project:        SVM
* Solution:       solution1
* Product family: zynq
* Target device:  xc7z020-clg484-1


================================================================
== Performance Estimates
================================================================
+ Timing: 
    * Summary: 
    +--------+----------+-----------+------------+
    |  Clock |  Target  | Estimated | Uncertainty|
    +--------+----------+-----------+------------+
    |ap_clk  | 10.00 ns | 10.253 ns |   1.25 ns  |
    +--------+----------+-----------+------------+

+ Latency: 
    * Summary: 
    +---------+---------+----------+----------+-----+-----+---------+
    |  Latency (cycles) |  Latency (absolute) |  Interval | Pipeline|
    |   min   |   max   |    min   |    max   | min | max |   Type  |
    +---------+---------+----------+----------+-----+-----+---------+
    |      381|      381| 3.906 us | 3.906 us |  381|  381|   none  |
    +---------+---------+----------+----------+-----+-----+---------+

    + Detail: 
        * Instance: 
        N/A

        * Loop: 
        N/A



================================================================
== Utilization Estimates
================================================================
* Summary: 
+-----------------+---------+-------+--------+-------+-----+
|       Name      | BRAM_18K| DSP48E|   FF   |  LUT  | URAM|
+-----------------+---------+-------+--------+-------+-----+
|DSP              |        -|      -|       -|      -|    -|
|Expression       |        -|      -|       0|     37|    -|
|FIFO             |        -|      -|       -|      -|    -|
|Instance         |        -|     16|    1706|   3359|    -|
|Memory           |        -|      -|       -|      -|    -|
|Multiplexer      |        -|      -|       -|  11453|    -|
|Register         |        -|      -|   10049|      -|    -|
+-----------------+---------+-------+--------+-------+-----+
|Total            |        0|     16|   11755|  14849|    0|
+-----------------+---------+-------+--------+-------+-----+
|Available        |      280|    220|  106400|  53200|    0|
+-----------------+---------+-------+--------+-------+-----+
|Utilization (%)  |        0|      7|      11|     27|    0|
+-----------------+---------+-------+--------+-------+-----+

+ Detail: 
    * Instance: 
    +--------------------------+----------------------+---------+-------+-----+-----+-----+
    |         Instance         |        Module        | BRAM_18K| DSP48E|  FF | LUT | URAM|
    +--------------------------+----------------------+---------+-------+-----+-----+-----+
    |svmResult_fadd_32dEe_U9   |svmResult_fadd_32dEe  |        0|      2|  205|  390|    0|
    |svmResult_fadd_32dEe_U10  |svmResult_fadd_32dEe  |        0|      2|  205|  390|    0|
    |svmResult_fadd_32dEe_U11  |svmResult_fadd_32dEe  |        0|      2|  205|  390|    0|
    |svmResult_fadd_32dEe_U12  |svmResult_fadd_32dEe  |        0|      2|  205|  390|    0|
    |svmResult_fadd_32dEe_U13  |svmResult_fadd_32dEe  |        0|      2|  205|  390|    0|
    |svmResult_fadd_32dEe_U14  |svmResult_fadd_32dEe  |        0|      2|  205|  390|    0|
    |svmResult_fadd_32dEe_U15  |svmResult_fadd_32dEe  |        0|      2|  205|  390|    0|
    |svmResult_fadd_32dEe_U16  |svmResult_fadd_32dEe  |        0|      2|  205|  390|    0|
    |svmResult_fcmp_32eOg_U17  |svmResult_fcmp_32eOg  |        0|      0|   66|  239|    0|
    +--------------------------+----------------------+---------+-------+-----+-----+-----+
    |Total                     |                      |        0|     16| 1706| 3359|    0|
    +--------------------------+----------------------+---------+-------+-----+-----+-----+

    * DSP48E: 
    N/A

    * Memory: 
    N/A

    * FIFO: 
    N/A

    * Expression: 
    +---------------------------+----------+-------+---+----+------------+------------+
    |       Variable Name       | Operation| DSP48E| FF| LUT| Bitwidth P0| Bitwidth P1|
    +---------------------------+----------+-------+---+----+------------+------------+
    |and_ln2684_fu_14707_p2     |    and   |      0|  0|   2|           1|           1|
    |icmp_ln2684_1_fu_14697_p2  |   icmp   |      0|  0|  18|          23|           1|
    |icmp_ln2684_fu_14691_p2    |   icmp   |      0|  0|  11|           8|           2|
    |ap_block_state1            |    or    |      0|  0|   2|           1|           1|
    |or_ln2684_fu_14703_p2      |    or    |      0|  0|   2|           1|           1|
    |y                          |  select  |      0|  0|   2|           1|           2|
    +---------------------------+----------+-------+---+----+------------+------------+
    |Total                      |          |      0|  0|  37|          35|           8|
    +---------------------------+----------+-------+---+----+------------+------------+

    * Multiplexer: 
    +---------------------------------+------+-----------+-----+-----------+
    |               Name              |  LUT | Input Size| Bits| Total Bits|
    +---------------------------------+------+-----------+-----+-----------+
    |ap_NS_fsm                        |  1677|        383|    1|        383|
    |ap_done                          |     9|          2|    1|          2|
    |grp_fu_12780_p0                  |   149|         33|   32|       1056|
    |grp_fu_12780_p1                  |   149|         33|   32|       1056|
    |grp_fu_12784_p0                  |   197|         45|   32|       1440|
    |grp_fu_12784_p1                  |   205|         47|   32|       1504|
    |grp_fu_12788_p0                  |   589|        131|   32|       4192|
    |grp_fu_12788_p1                  |   589|        131|   32|       4192|
    |grp_fu_12792_p0                  |   500|        113|   32|       3616|
    |grp_fu_12792_p1                  |   503|        114|   32|       3648|
    |grp_fu_12796_p0                  |   293|         65|   32|       2080|
    |grp_fu_12796_p1                  |   257|         60|   32|       1920|
    |grp_fu_12800_p0                  |   157|         35|   32|       1120|
    |grp_fu_12800_p1                  |   149|         33|   32|       1056|
    |grp_fu_12804_p0                  |    56|         13|   32|        416|
    |grp_fu_12804_p1                  |    56|         13|   32|        416|
    |grp_fu_12808_p0                  |    41|          8|   32|        256|
    |grp_fu_12808_p1                  |    41|          8|   32|        256|
    |reg_12818                        |     9|          2|   32|         64|
    |reg_12825                        |     9|          2|   32|         64|
    |reg_12832                        |     9|          2|   32|         64|
    |reg_12839                        |     9|          2|   32|         64|
    |reg_12846                        |     9|          2|   32|         64|
    |reg_12881                        |     9|          2|   32|         64|
    |reg_12941                        |     9|          2|   32|         64|
    |reg_12949                        |     9|          2|   32|         64|
    |reg_12967                        |     9|          2|   32|         64|
    |reg_12976                        |     9|          2|   32|         64|
    |reg_12992                        |     9|          2|   32|         64|
    |reg_13001                        |     9|          2|   32|         64|
    |reg_13010                        |     9|          2|   32|         64|
    |reg_13019                        |     9|          2|   32|         64|
    |reg_13036                        |     9|          2|   32|         64|
    |reg_13045                        |     9|          2|   32|         64|
    |temp_l111_2_i2_array_5_address0  |  1425|        320|   10|       3200|
    |temp_l111_2_i2_array_5_address1  |  1425|        320|   10|       3200|
    |temp_l111_2_i2_array_address0    |  1421|        319|   10|       3190|
    |temp_l111_2_i2_array_address1    |  1421|        319|   10|       3190|
    +---------------------------------+------+-----------+-----+-----------+
    |Total                            | 11453|       2577| 1066|      42413|
    +---------------------------------+------+-----------+-----+-----------+

    * Register: 
    +-------------------------+-----+----+-----+-----------+
    |           Name          |  FF | LUT| Bits| Const Bits|
    +-------------------------+-----+----+-----+-----------+
    |ap_CS_fsm                |  382|   0|  382|          0|
    |ap_done_reg              |    1|   0|    1|          0|
    |icmp_ln2684_1_reg_21328  |    1|   0|    1|          0|
    |icmp_ln2684_reg_21323    |    1|   0|    1|          0|
    |reg_12818                |   32|   0|   32|          0|
    |reg_12825                |   32|   0|   32|          0|
    |reg_12832                |   32|   0|   32|          0|
    |reg_12839                |   32|   0|   32|          0|
    |reg_12846                |   32|   0|   32|          0|
    |reg_12853                |   32|   0|   32|          0|
    |reg_12860                |   32|   0|   32|          0|
    |reg_12867                |   32|   0|   32|          0|
    |reg_12874                |   32|   0|   32|          0|
    |reg_12881                |   32|   0|   32|          0|
    |reg_12888                |   32|   0|   32|          0|
    |reg_12897                |   32|   0|   32|          0|
    |reg_12907                |   32|   0|   32|          0|
    |reg_12917                |   32|   0|   32|          0|
    |reg_12927                |   32|   0|   32|          0|
    |reg_12935                |   32|   0|   32|          0|
    |reg_12941                |   32|   0|   32|          0|
    |reg_12949                |   32|   0|   32|          0|
    |reg_12958                |   32|   0|   32|          0|
    |reg_12967                |   32|   0|   32|          0|
    |reg_12976                |   32|   0|   32|          0|
    |reg_12985                |   32|   0|   32|          0|
    |reg_12992                |   32|   0|   32|          0|
    |reg_13001                |   32|   0|   32|          0|
    |reg_13010                |   32|   0|   32|          0|
    |reg_13019                |   32|   0|   32|          0|
    |reg_13028                |   32|   0|   32|          0|
    |reg_13036                |   32|   0|   32|          0|
    |reg_13045                |   32|   0|   32|          0|
    |reg_13054                |   32|   0|   32|          0|
    |reg_13062                |   32|   0|   32|          0|
    |reg_13068                |   32|   0|   32|          0|
    |reg_13080                |   32|   0|   32|          0|
    |reg_13088                |   32|   0|   32|          0|
    |reg_13097                |   32|   0|   32|          0|
    |reg_13105                |   32|   0|   32|          0|
    |reg_13116                |   32|   0|   32|          0|
    |reg_13124                |   32|   0|   32|          0|
    |reg_13135                |   32|   0|   32|          0|
    |reg_13143                |   32|   0|   32|          0|
    |reg_13154                |   32|   0|   32|          0|
    |reg_13161                |   32|   0|   32|          0|
    |reg_13171                |   32|   0|   32|          0|
    |reg_13178                |   32|   0|   32|          0|
    |reg_13186                |   32|   0|   32|          0|
    |reg_13191                |   32|   0|   32|          0|
    |reg_13200                |   32|   0|   32|          0|
    |reg_13206                |   32|   0|   32|          0|
    |reg_13214                |   32|   0|   32|          0|
    |reg_13221                |   32|   0|   32|          0|
    |reg_13228                |   32|   0|   32|          0|
    |reg_13235                |   32|   0|   32|          0|
    |reg_13242                |   32|   0|   32|          0|
    |reg_13248                |   32|   0|   32|          0|
    |reg_13255                |   32|   0|   32|          0|
    |reg_13262                |   32|   0|   32|          0|
    |reg_13270                |   32|   0|   32|          0|
    |reg_13277                |   32|   0|   32|          0|
    |reg_13288                |   32|   0|   32|          0|
    |reg_13295                |   32|   0|   32|          0|
    |reg_13302                |   32|   0|   32|          0|
    |reg_13309                |   32|   0|   32|          0|
    |reg_13316                |   32|   0|   32|          0|
    |reg_13322                |   32|   0|   32|          0|
    |reg_13328                |   32|   0|   32|          0|
    |reg_13335                |   32|   0|   32|          0|
    |reg_13341                |   32|   0|   32|          0|
    |reg_13349                |   32|   0|   32|          0|
    |reg_13357                |   32|   0|   32|          0|
    |reg_13363                |   32|   0|   32|          0|
    |reg_13371                |   32|   0|   32|          0|
    |reg_13377                |   32|   0|   32|          0|
    |reg_13383                |   32|   0|   32|          0|
    |reg_13392                |   32|   0|   32|          0|
    |reg_13402                |   32|   0|   32|          0|
    |reg_13408                |   32|   0|   32|          0|
    |reg_13414                |   32|   0|   32|          0|
    |reg_13420                |   32|   0|   32|          0|
    |reg_13431                |   32|   0|   32|          0|
    |reg_13440                |   32|   0|   32|          0|
    |reg_13446                |   32|   0|   32|          0|
    |reg_13453                |   32|   0|   32|          0|
    |reg_13459                |   32|   0|   32|          0|
    |reg_13465                |   32|   0|   32|          0|
    |reg_13477                |   32|   0|   32|          0|
    |reg_13483                |   32|   0|   32|          0|
    |reg_13491                |   32|   0|   32|          0|
    |reg_13496                |   32|   0|   32|          0|
    |reg_13502                |   32|   0|   32|          0|
    |reg_13508                |   32|   0|   32|          0|
    |reg_13513                |   32|   0|   32|          0|
    |reg_13519                |   32|   0|   32|          0|
    |reg_13525                |   32|   0|   32|          0|
    |reg_13534                |   32|   0|   32|          0|
    |reg_13542                |   32|   0|   32|          0|
    |reg_13548                |   32|   0|   32|          0|
    |reg_13555                |   32|   0|   32|          0|
    |reg_13562                |   32|   0|   32|          0|
    |reg_13572                |   32|   0|   32|          0|
    |reg_13579                |   32|   0|   32|          0|
    |reg_13587                |   32|   0|   32|          0|
    |reg_13594                |   32|   0|   32|          0|
    |reg_13600                |   32|   0|   32|          0|
    |reg_13605                |   32|   0|   32|          0|
    |reg_13612                |   32|   0|   32|          0|
    |reg_13622                |   32|   0|   32|          0|
    |reg_13629                |   32|   0|   32|          0|
    |reg_13636                |   32|   0|   32|          0|
    |reg_13642                |   32|   0|   32|          0|
    |reg_13649                |   32|   0|   32|          0|
    |reg_13655                |   32|   0|   32|          0|
    |reg_13661                |   32|   0|   32|          0|
    |reg_13669                |   32|   0|   32|          0|
    |reg_13675                |   32|   0|   32|          0|
    |reg_13684                |   32|   0|   32|          0|
    |reg_13689                |   32|   0|   32|          0|
    |reg_13697                |   32|   0|   32|          0|
    |reg_13702                |   32|   0|   32|          0|
    |reg_13708                |   32|   0|   32|          0|
    |reg_13715                |   32|   0|   32|          0|
    |reg_13721                |   32|   0|   32|          0|
    |reg_13729                |   32|   0|   32|          0|
    |reg_13735                |   32|   0|   32|          0|
    |reg_13742                |   32|   0|   32|          0|
    |reg_13749                |   32|   0|   32|          0|
    |reg_13755                |   32|   0|   32|          0|
    |reg_13762                |   32|   0|   32|          0|
    |reg_13772                |   32|   0|   32|          0|
    |reg_13778                |   32|   0|   32|          0|
    |reg_13785                |   32|   0|   32|          0|
    |reg_13792                |   32|   0|   32|          0|
    |reg_13799                |   32|   0|   32|          0|
    |reg_13805                |   32|   0|   32|          0|
    |reg_13813                |   32|   0|   32|          0|
    |reg_13820                |   32|   0|   32|          0|
    |reg_13826                |   32|   0|   32|          0|
    |reg_13832                |   32|   0|   32|          0|
    |reg_13838                |   32|   0|   32|          0|
    |reg_13845                |   32|   0|   32|          0|
    |reg_13851                |   32|   0|   32|          0|
    |reg_13856                |   32|   0|   32|          0|
    |reg_13862                |   32|   0|   32|          0|
    |reg_13868                |   32|   0|   32|          0|
    |reg_13878                |   32|   0|   32|          0|
    |reg_13883                |   32|   0|   32|          0|
    |reg_13889                |   32|   0|   32|          0|
    |reg_13895                |   32|   0|   32|          0|
    |reg_13901                |   32|   0|   32|          0|
    |reg_13908                |   32|   0|   32|          0|
    |reg_13914                |   32|   0|   32|          0|
    |reg_13920                |   32|   0|   32|          0|
    |reg_13926                |   32|   0|   32|          0|
    |reg_13932                |   32|   0|   32|          0|
    |reg_13939                |   32|   0|   32|          0|
    |reg_13945                |   32|   0|   32|          0|
    |reg_13953                |   32|   0|   32|          0|
    |reg_13959                |   32|   0|   32|          0|
    |reg_13966                |   32|   0|   32|          0|
    |reg_13972                |   32|   0|   32|          0|
    |reg_13978                |   32|   0|   32|          0|
    |reg_13989                |   32|   0|   32|          0|
    |reg_13996                |   32|   0|   32|          0|
    |reg_14002                |   32|   0|   32|          0|
    |reg_14007                |   32|   0|   32|          0|
    |reg_14013                |   32|   0|   32|          0|
    |reg_14020                |   32|   0|   32|          0|
    |reg_14025                |   32|   0|   32|          0|
    |reg_14033                |   32|   0|   32|          0|
    |reg_14043                |   32|   0|   32|          0|
    |reg_14051                |   32|   0|   32|          0|
    |reg_14057                |   32|   0|   32|          0|
    |reg_14064                |   32|   0|   32|          0|
    |reg_14071                |   32|   0|   32|          0|
    |reg_14077                |   32|   0|   32|          0|
    |reg_14083                |   32|   0|   32|          0|
    |reg_14092                |   32|   0|   32|          0|
    |reg_14104                |   32|   0|   32|          0|
    |reg_14110                |   32|   0|   32|          0|
    |reg_14118                |   32|   0|   32|          0|
    |reg_14127                |   32|   0|   32|          0|
    |reg_14139                |   32|   0|   32|          0|
    |reg_14145                |   32|   0|   32|          0|
    |reg_14152                |   32|   0|   32|          0|
    |reg_14159                |   32|   0|   32|          0|
    |reg_14165                |   32|   0|   32|          0|
    |reg_14174                |   32|   0|   32|          0|
    |reg_14185                |   32|   0|   32|          0|
    |reg_14191                |   32|   0|   32|          0|
    |reg_14197                |   32|   0|   32|          0|
    |reg_14202                |   32|   0|   32|          0|
    |reg_14207                |   32|   0|   32|          0|
    |reg_14217                |   32|   0|   32|          0|
    |reg_14226                |   32|   0|   32|          0|
    |reg_14232                |   32|   0|   32|          0|
    |reg_14238                |   32|   0|   32|          0|
    |reg_14244                |   32|   0|   32|          0|
    |reg_14251                |   32|   0|   32|          0|
    |reg_14259                |   32|   0|   32|          0|
    |reg_14266                |   32|   0|   32|          0|
    |reg_14278                |   32|   0|   32|          0|
    |reg_14286                |   32|   0|   32|          0|
    |reg_14294                |   32|   0|   32|          0|
    |reg_14302                |   32|   0|   32|          0|
    |reg_14309                |   32|   0|   32|          0|
    |reg_14317                |   32|   0|   32|          0|
    |reg_14323                |   32|   0|   32|          0|
    |reg_14329                |   32|   0|   32|          0|
    |reg_14335                |   32|   0|   32|          0|
    |reg_14344                |   32|   0|   32|          0|
    |reg_14351                |   32|   0|   32|          0|
    |reg_14358                |   32|   0|   32|          0|
    |reg_14364                |   32|   0|   32|          0|
    |reg_14374                |   32|   0|   32|          0|
    |reg_14381                |   32|   0|   32|          0|
    |reg_14387                |   32|   0|   32|          0|
    |reg_14395                |   32|   0|   32|          0|
    |reg_14402                |   32|   0|   32|          0|
    |reg_14410                |   32|   0|   32|          0|
    |reg_14416                |   32|   0|   32|          0|
    |reg_14424                |   32|   0|   32|          0|
    |reg_14431                |   32|   0|   32|          0|
    |reg_14438                |   32|   0|   32|          0|
    |reg_14446                |   32|   0|   32|          0|
    |reg_14454                |   32|   0|   32|          0|
    |reg_14460                |   32|   0|   32|          0|
    |reg_14466                |   32|   0|   32|          0|
    |reg_14472                |   32|   0|   32|          0|
    |reg_14479                |   32|   0|   32|          0|
    |reg_14486                |   32|   0|   32|          0|
    |reg_14494                |   32|   0|   32|          0|
    |reg_14500                |   32|   0|   32|          0|
    |reg_14508                |   32|   0|   32|          0|
    |reg_14517                |   32|   0|   32|          0|
    |reg_14523                |   32|   0|   32|          0|
    |reg_14529                |   32|   0|   32|          0|
    |reg_14538                |   32|   0|   32|          0|
    |reg_14545                |   32|   0|   32|          0|
    |reg_14553                |   32|   0|   32|          0|
    |reg_14560                |   32|   0|   32|          0|
    |reg_14567                |   32|   0|   32|          0|
    |reg_14574                |   32|   0|   32|          0|
    |reg_14582                |   32|   0|   32|          0|
    |reg_14588                |   32|   0|   32|          0|
    |reg_14595                |   32|   0|   32|          0|
    |reg_14603                |   32|   0|   32|          0|
    |reg_14610                |   32|   0|   32|          0|
    |reg_14616                |   32|   0|   32|          0|
    |reg_14622                |   32|   0|   32|          0|
    |reg_14629                |   32|   0|   32|          0|
    |reg_14635                |   32|   0|   32|          0|
    |reg_14641                |   32|   0|   32|          0|
    |reg_14648                |   32|   0|   32|          0|
    |reg_14654                |   32|   0|   32|          0|
    |reg_14661                |   32|   0|   32|          0|
    |reg_14667                |   32|   0|   32|          0|
    |sum_w1036_reg_20482      |   32|   0|   32|          0|
    |sum_w1040_reg_15287      |   32|   0|   32|          0|
    |sum_w1052_reg_16162      |   32|   0|   32|          0|
    |sum_w1080_reg_17617      |   32|   0|   32|          0|
    |sum_w1101_reg_17492      |   32|   0|   32|          0|
    |sum_w115_reg_18042       |   32|   0|   32|          0|
    |sum_w1198_reg_18812      |   32|   0|   32|          0|
    |sum_w1237_reg_18252      |   32|   0|   32|          0|
    |sum_w1249_reg_15637      |   32|   0|   32|          0|
    |sum_w1252_reg_18227      |   32|   0|   32|          0|
    |sum_w154_reg_17082       |   32|   0|   32|          0|
    |sum_w166_reg_17217       |   32|   0|   32|          0|
    |sum_w185_reg_15482       |   32|   0|   32|          0|
    |sum_w18_reg_15722        |   32|   0|   32|          0|
    |sum_w198_reg_15217       |   32|   0|   32|          0|
    |sum_w206_reg_20777       |   32|   0|   32|          0|
    |sum_w265_reg_15787       |   32|   0|   32|          0|
    |sum_w26_reg_15587        |   32|   0|   32|          0|
    |sum_w298_reg_17332       |   32|   0|   32|          0|
    |sum_w325_reg_17172       |   32|   0|   32|          0|
    |sum_w349_reg_15417       |   32|   0|   32|          0|
    |sum_w355_reg_14902       |   32|   0|   32|          0|
    |sum_w457_reg_15832       |   32|   0|   32|          0|
    |sum_w465_reg_15222       |   32|   0|   32|          0|
    |sum_w501_reg_15372       |   32|   0|   32|          0|
    |sum_w552_reg_16247       |   32|   0|   32|          0|
    |sum_w572_reg_16197       |   32|   0|   32|          0|
    |sum_w577_reg_20547       |   32|   0|   32|          0|
    |sum_w631_reg_15612       |   32|   0|   32|          0|
    |sum_w648_reg_16432       |   32|   0|   32|          0|
    |sum_w65_reg_21243        |   32|   0|   32|          0|
    |sum_w720_reg_21208       |   32|   0|   32|          0|
    |sum_w737_reg_16737       |   32|   0|   32|          0|
    |sum_w741_reg_17012       |   32|   0|   32|          0|
    |sum_w744_reg_20437       |   32|   0|   32|          0|
    |sum_w755_reg_20672       |   32|   0|   32|          0|
    |sum_w769_reg_16222       |   32|   0|   32|          0|
    |sum_w834_reg_16692       |   32|   0|   32|          0|
    |sum_w840_reg_17367       |   32|   0|   32|          0|
    |sum_w880_reg_16067       |   32|   0|   32|          0|
    |sum_w906_reg_17107       |   32|   0|   32|          0|
    |sum_w911_reg_21298       |   32|   0|   32|          0|
    |sum_w930_reg_16637       |   32|   0|   32|          0|
    |sum_w933_reg_17057       |   32|   0|   32|          0|
    |sum_w975_reg_21313       |   32|   0|   32|          0|
    |sum_w983_reg_16507       |   32|   0|   32|          0|
    |sum_w988_reg_16582       |   32|   0|   32|          0|
    +-------------------------+-----+----+-----+-----------+
    |Total                    |10049|   0|10049|          0|
    +-------------------------+-----+----+-----+-----------+



================================================================
== Interface
================================================================
* Summary: 
+---------------------------------+-----+-----+------------+------------------------+--------------+
|            RTL Ports            | Dir | Bits|  Protocol  |      Source Object     |    C Type    |
+---------------------------------+-----+-----+------------+------------------------+--------------+
|ap_clk                           |  in |    1| ap_ctrl_hs |        epilogue        | return value |
|ap_rst                           |  in |    1| ap_ctrl_hs |        epilogue        | return value |
|ap_start                         |  in |    1| ap_ctrl_hs |        epilogue        | return value |
|ap_done                          | out |    1| ap_ctrl_hs |        epilogue        | return value |
|ap_continue                      |  in |    1| ap_ctrl_hs |        epilogue        | return value |
|ap_idle                          | out |    1| ap_ctrl_hs |        epilogue        | return value |
|ap_ready                         | out |    1| ap_ctrl_hs |        epilogue        | return value |
|temp_l111_2_i2_array_address0    | out |   10|  ap_memory |  temp_l111_2_i2_array  |     array    |
|temp_l111_2_i2_array_ce0         | out |    1|  ap_memory |  temp_l111_2_i2_array  |     array    |
|temp_l111_2_i2_array_q0          |  in |   32|  ap_memory |  temp_l111_2_i2_array  |     array    |
|temp_l111_2_i2_array_address1    | out |   10|  ap_memory |  temp_l111_2_i2_array  |     array    |
|temp_l111_2_i2_array_ce1         | out |    1|  ap_memory |  temp_l111_2_i2_array  |     array    |
|temp_l111_2_i2_array_q1          |  in |   32|  ap_memory |  temp_l111_2_i2_array  |     array    |
|temp_l111_2_i2_array_5_address0  | out |   10|  ap_memory | temp_l111_2_i2_array_5 |     array    |
|temp_l111_2_i2_array_5_ce0       | out |    1|  ap_memory | temp_l111_2_i2_array_5 |     array    |
|temp_l111_2_i2_array_5_q0        |  in |   32|  ap_memory | temp_l111_2_i2_array_5 |     array    |
|temp_l111_2_i2_array_5_address1  | out |   10|  ap_memory | temp_l111_2_i2_array_5 |     array    |
|temp_l111_2_i2_array_5_ce1       | out |    1|  ap_memory | temp_l111_2_i2_array_5 |     array    |
|temp_l111_2_i2_array_5_q1        |  in |   32|  ap_memory | temp_l111_2_i2_array_5 |     array    |
|y                                | out |   32|   ap_vld   |            y           |    pointer   |
|y_ap_vld                         | out |    1|   ap_vld   |            y           |    pointer   |
+---------------------------------+-----+-----+------------+------------------------+--------------+

