

================================================================
== Vivado HLS Report for 'knn'
================================================================
* Date:           Sat Aug 22 17:18:49 2020

* Version:        2019.2 (Build 2704478 on Wed Nov 06 22:10:23 MST 2019)
* Project:        knn
* Solution:       solution1
* Product family: zynq
* Target device:  xc7z020-clg484-1


================================================================
== Performance Estimates
================================================================
+ Timing: 
    * Summary: 
    +--------+----------+----------+------------+
    |  Clock |  Target  | Estimated| Uncertainty|
    +--------+----------+----------+------------+
    |ap_clk  | 10.00 ns | 8.623 ns |   1.25 ns  |
    +--------+----------+----------+------------+

+ Latency: 
    * Summary: 
    +---------+---------+----------+----------+-------+-------+---------+
    |  Latency (cycles) |  Latency (absolute) |    Interval   | Pipeline|
    |   min   |   max   |    min   |    max   |  min  |  max  |   Type  |
    +---------+---------+----------+----------+-------+-------+---------+
    |    18778|    18778| 0.188 ms | 0.188 ms |  18778|  18778|   none  |
    +---------+---------+----------+----------+-------+-------+---------+

    + Detail: 
        * Instance: 
        +-----------------------+------------+---------+---------+-----------+-----------+-----+-----+---------+
        |                       |            |  Latency (cycles) |   Latency (absolute)  |  Interval | Pipeline|
        |        Instance       |   Module   |   min   |   max   |    min    |    max    | min | max |   Type  |
        +-----------------------+------------+---------+---------+-----------+-----------+-----+-----+---------+
        |grp_updateBest_fu_263  |updateBest  |        9|        9| 90.000 ns | 90.000 ns |    9|    9|   none  |
        +-----------------------+------------+---------+---------+-----------+-----------+-----+-----+---------+

        * Loop: 
        +-------------+---------+---------+----------+-----------+-----------+------+----------+
        |             |  Latency (cycles) | Iteration|  Initiation Interval  | Trip |          |
        |  Loop Name  |   min   |   max   |  Latency |  achieved |   target  | Count| Pipelined|
        +-------------+---------+---------+----------+-----------+-----------+------+----------+
        |- Loop 1     |        3|        3|         1|          -|          -|     3|    no    |
        |- Loop 2     |    18768|    18768|      2346|          -|          -|     8|    no    |
        | + Loop 2.1  |     2304|     2304|        18|          -|          -|   128|    no    |
        +-------------+---------+---------+----------+-----------+-----------+------+----------+



================================================================
== Utilization Estimates
================================================================
* Summary: 
+-----------------+---------+-------+--------+-------+-----+
|       Name      | BRAM_18K| DSP48E|   FF   |  LUT  | URAM|
+-----------------+---------+-------+--------+-------+-----+
|DSP              |        -|      -|       -|      -|    -|
|Expression       |        -|      -|       0|    378|    -|
|FIFO             |        -|      -|       -|      -|    -|
|Instance         |        -|     14|    3171|   5791|    -|
|Memory           |        -|      -|       -|      -|    -|
|Multiplexer      |        -|      -|       -|    441|    -|
|Register         |        -|      -|     708|      -|    -|
+-----------------+---------+-------+--------+-------+-----+
|Total            |        0|     14|    3879|   6610|    0|
+-----------------+---------+-------+--------+-------+-----+
|Available        |      280|    220|  106400|  53200|    0|
+-----------------+---------+-------+--------+-------+-----+
|Utilization (%)  |        0|      6|       3|     12|    0|
+-----------------+---------+-------+--------+-------+-----+

+ Detail: 
    * Instance: 
    +--------------------------+----------------------+---------+-------+------+------+-----+
    |         Instance         |        Module        | BRAM_18K| DSP48E|  FF  |  LUT | URAM|
    +--------------------------+----------------------+---------+-------+------+------+-----+
    |knn_dadddsub_64nscud_U26  |knn_dadddsub_64nscud  |        0|      3|   445|  1149|    0|
    |knn_dcmp_64ns_64nbkb_U28  |knn_dcmp_64ns_64nbkb  |        0|      0|   130|   469|    0|
    |knn_dmul_64ns_64ndEe_U27  |knn_dmul_64ns_64ndEe  |        0|     11|   317|   578|    0|
    |knn_dsqrt_64ns_64eOg_U29  |knn_dsqrt_64ns_64eOg  |        0|      0|  1832|  2180|    0|
    |knn_mux_32_8_1_1_U33      |knn_mux_32_8_1_1      |        0|      0|     0|    15|    0|
    |knn_mux_42_1_1_1_U30      |knn_mux_42_1_1_1      |        0|      0|     0|    15|    0|
    |knn_mux_42_1_1_1_U31      |knn_mux_42_1_1_1      |        0|      0|     0|    15|    0|
    |knn_mux_42_1_1_1_U32      |knn_mux_42_1_1_1      |        0|      0|     0|    15|    0|
    |grp_updateBest_fu_263     |updateBest            |        0|      0|   447|  1355|    0|
    +--------------------------+----------------------+---------+-------+------+------+-----+
    |Total                     |                      |        0|     14|  3171|  5791|    0|
    +--------------------------+----------------------+---------+-------+------+------+-----+

    * DSP48E: 
    N/A

    * Memory: 
    N/A

    * FIFO: 
    N/A

    * Expression: 
    +--------------------------+----------+-------+---+----+------------+------------+
    |       Variable Name      | Operation| DSP48E| FF| LUT| Bitwidth P0| Bitwidth P1|
    +--------------------------+----------+-------+---+----+------------+------------+
    |add_ln71_fu_425_p2        |     +    |      0|  0|  12|          12|          12|
    |i_1_fu_322_p2             |     +    |      0|  0|  10|           2|           1|
    |i_fu_376_p2               |     +    |      0|  0|  13|           4|           1|
    |j_fu_410_p2               |     +    |      0|  0|  15|           8|           1|
    |and_ln145_1_fu_537_p2     |    and   |      0|  0|   2|           1|           1|
    |and_ln145_fu_531_p2       |    and   |      0|  0|   2|           1|           1|
    |and_ln148_1_fu_627_p2     |    and   |      0|  0|   2|           1|           1|
    |and_ln148_fu_621_p2       |    and   |      0|  0|   2|           1|           1|
    |icmp_ln113_fu_316_p2      |   icmp   |      0|  0|   8|           2|           2|
    |icmp_ln145_1_fu_501_p2    |   icmp   |      0|  0|  29|          52|           1|
    |icmp_ln145_2_fu_513_p2    |   icmp   |      0|  0|  13|          11|           2|
    |icmp_ln145_3_fu_519_p2    |   icmp   |      0|  0|  29|          52|           1|
    |icmp_ln145_fu_495_p2      |   icmp   |      0|  0|  13|          11|           2|
    |icmp_ln148_1_fu_575_p2    |   icmp   |      0|  0|  29|          52|           1|
    |icmp_ln148_2_fu_603_p2    |   icmp   |      0|  0|  13|          11|           2|
    |icmp_ln148_3_fu_609_p2    |   icmp   |      0|  0|  29|          52|           1|
    |icmp_ln148_fu_569_p2      |   icmp   |      0|  0|  13|          11|           2|
    |icmp_ln152_fu_652_p2      |   icmp   |      0|  0|  11|           8|           8|
    |icmp_ln154_fu_658_p2      |   icmp   |      0|  0|  11|           8|           8|
    |icmp_ln156_fu_398_p2      |   icmp   |      0|  0|  11|           8|           8|
    |icmp_ln66_fu_370_p2       |   icmp   |      0|  0|  11|           4|           5|
    |icmp_ln70_fu_404_p2       |   icmp   |      0|  0|  13|           8|           9|
    |or_ln145_1_fu_525_p2      |    or    |      0|  0|   2|           1|           1|
    |or_ln145_fu_507_p2        |    or    |      0|  0|   2|           1|           1|
    |or_ln148_1_fu_599_p2      |    or    |      0|  0|   2|           1|           1|
    |or_ln148_2_fu_615_p2      |    or    |      0|  0|   2|           1|           1|
    |or_ln148_fu_640_p2        |    or    |      0|  0|   2|           1|           1|
    |or_ln154_fu_674_p2        |    or    |      0|  0|   2|           1|           1|
    |c1_2_fu_695_p4            |  select  |      0|  0|   2|           1|           1|
    |mindist_1_fu_543_p3       |  select  |      0|  0|  64|           1|          64|
    |select_ln108_1_fu_644_p3  |  select  |      0|  0|   2|           1|           2|
    |select_ln108_2_fu_680_p3  |  select  |      0|  0|   2|           1|           2|
    |select_ln108_fu_633_p3    |  select  |      0|  0|   3|           1|           3|
    |xor_ln108_fu_664_p2       |    xor   |      0|  0|   2|           1|           2|
    +--------------------------+----------+-------+---+----+------------+------------+
    |Total                     |          |      0|  0| 378|         332|         151|
    +--------------------------+----------+-------+---+----+------------+------------+

    * Multiplexer: 
    +-------------------------+-----+-----------+-----+-----------+
    |           Name          | LUT | Input Size| Bits| Total Bits|
    +-------------------------+-----+-----------+-----+-----------+
    |ap_NS_fsm                |  249|         58|    1|         58|
    |c1_reg_181               |    9|          2|    8|         16|
    |c2_reg_169               |    9|          2|    8|         16|
    |c3_reg_157               |    9|          2|    8|         16|
    |d2_reg_205               |    9|          2|   64|        128|
    |d3_reg_193               |    9|          2|   64|        128|
    |distance_0_reg_240       |    9|          2|   64|        128|
    |grp_fu_293_opcode        |   15|          3|    2|          6|
    |grp_fu_293_p0            |   15|          3|   64|        192|
    |grp_fu_293_p1            |   15|          3|   64|        192|
    |grp_fu_302_p0            |   15|          3|   64|        192|
    |grp_fu_302_p1            |   15|          3|   64|        192|
    |i_0_i_reg_146            |    9|          2|    2|          4|
    |i_0_reg_229              |    9|          2|    4|          8|
    |j_0_reg_252              |    9|          2|    8|         16|
    |mindist_reg_217          |    9|          2|   64|        128|
    |write_flag4_0_i_reg_124  |    9|          2|    1|          2|
    |write_flag8_0_i_reg_113  |    9|          2|    1|          2|
    |write_flag_0_i_reg_135   |    9|          2|    1|          2|
    +-------------------------+-----+-----------+-----+-----------+
    |Total                    |  441|         99|  556|       1426|
    +-------------------------+-----+-----------+-----+-----------+

    * Register: 
    +------------------------------------+----+----+-----+-----------+
    |                Name                | FF | LUT| Bits| Const Bits|
    +------------------------------------+----+----+-----+-----------+
    |and_ln145_1_reg_842                 |   1|   0|    1|          0|
    |and_ln148_1_reg_863                 |   1|   0|    1|          0|
    |ap_CS_fsm                           |  57|   0|   57|          0|
    |c1_reg_181                          |   8|   0|    8|          0|
    |c2_reg_169                          |   8|   0|    8|          0|
    |c3_reg_157                          |   8|   0|    8|          0|
    |d2_reg_205                          |  64|   0|   64|          0|
    |d3_reg_193                          |  64|   0|   64|          0|
    |distance_0_reg_240                  |  64|   0|   64|          0|
    |distance_reg_807                    |  64|   0|   64|          0|
    |grp_updateBest_fu_263_ap_start_reg  |   1|   0|    1|          0|
    |i_0_i_reg_146                       |   2|   0|    2|          0|
    |i_0_reg_229                         |   4|   0|    4|          0|
    |i_reg_733                           |   4|   0|    4|          0|
    |icmp_ln148_1_reg_858                |   1|   0|    1|          0|
    |icmp_ln148_reg_853                  |   1|   0|    1|          0|
    |icmp_ln156_reg_748                  |   1|   0|    1|          0|
    |j_0_reg_252                         |   8|   0|    8|          0|
    |j_reg_756                           |   8|   0|    8|          0|
    |knownClasses_load_reg_802           |   8|   0|    8|          0|
    |knownFeatures_load_reg_781          |  64|   0|   64|          0|
    |mindist_reg_217                     |  64|   0|   64|          0|
    |tmp_2_reg_792                       |  64|   0|   64|          0|
    |tmp_reg_786                         |  64|   0|   64|          0|
    |write_flag4_0_i_reg_124             |   1|   0|    1|          0|
    |write_flag8_0_i_reg_113             |   1|   0|    1|          0|
    |write_flag_0_i_reg_135              |   1|   0|    1|          0|
    |xFeatures_load_reg_776              |  64|   0|   64|          0|
    |zext_ln70_reg_743                   |   4|   0|   12|          8|
    |zext_ln71_reg_738                   |   4|   0|   64|         60|
    +------------------------------------+----+----+-----+-----------+
    |Total                               | 708|   0|  776|         68|
    +------------------------------------+----+----+-----+-----------+



================================================================
== Interface
================================================================
* Summary: 
+------------------------+-----+-----+------------+---------------+--------------+
|        RTL Ports       | Dir | Bits|  Protocol  | Source Object |    C Type    |
+------------------------+-----+-----+------------+---------------+--------------+
|ap_clk                  |  in |    1| ap_ctrl_hs |      knn      | return value |
|ap_rst                  |  in |    1| ap_ctrl_hs |      knn      | return value |
|ap_start                |  in |    1| ap_ctrl_hs |      knn      | return value |
|ap_done                 | out |    1| ap_ctrl_hs |      knn      | return value |
|ap_idle                 | out |    1| ap_ctrl_hs |      knn      | return value |
|ap_ready                | out |    1| ap_ctrl_hs |      knn      | return value |
|ap_return               | out |    8| ap_ctrl_hs |      knn      | return value |
|xFeatures_address0      | out |    7|  ap_memory |   xFeatures   |     array    |
|xFeatures_ce0           | out |    1|  ap_memory |   xFeatures   |     array    |
|xFeatures_q0            |  in |   64|  ap_memory |   xFeatures   |     array    |
|knownFeatures_address0  | out |   10|  ap_memory | knownFeatures |     array    |
|knownFeatures_ce0       | out |    1|  ap_memory | knownFeatures |     array    |
|knownFeatures_q0        |  in |   64|  ap_memory | knownFeatures |     array    |
|knownClasses_address0   | out |    3|  ap_memory |  knownClasses |     array    |
|knownClasses_ce0        | out |    1|  ap_memory |  knownClasses |     array    |
|knownClasses_q0         |  in |    8|  ap_memory |  knownClasses |     array    |
+------------------------+-----+-----+------------+---------------+--------------+

