

================================================================
== Vivado HLS Report for 'parallel_0'
================================================================
* Date:           Wed Sep 16 11:21:14 2020

* Version:        2019.2 (Build 2704478 on Wed Nov 06 22:10:23 MST 2019)
* Project:        knn
* Solution:       solution1
* Product family: zynq
* Target device:  xc7z020-clg484-1


================================================================
== Performance Estimates
================================================================
+ Timing: 
    * Summary: 
    +--------+----------+----------+------------+
    |  Clock |  Target  | Estimated| Uncertainty|
    +--------+----------+----------+------------+
    |ap_clk  | 10.00 ns | 9.489 ns |   1.25 ns  |
    +--------+----------+----------+------------+

+ Latency: 
    * Summary: 
    +---------+---------+----------+----------+-----+-----+---------+
    |  Latency (cycles) |  Latency (absolute) |  Interval | Pipeline|
    |   min   |   max   |    min   |    max   | min | max |   Type  |
    +---------+---------+----------+----------+-----+-----+---------+
    |      613|      613| 6.130 us | 6.130 us |  613|  613|   none  |
    +---------+---------+----------+----------+-----+-----+---------+

    + Detail: 
        * Instance: 
        N/A

        * Loop: 
        +----------+---------+---------+----------+-----------+-----------+------+----------+
        |          |  Latency (cycles) | Iteration|  Initiation Interval  | Trip |          |
        | Loop Name|   min   |   max   |  Latency |  achieved |   target  | Count| Pipelined|
        +----------+---------+---------+----------+-----------+-----------+------+----------+
        |- Loop 1  |      611|      611|       458|         22|          1|     8|    yes   |
        +----------+---------+---------+----------+-----------+-----------+------+----------+



================================================================
== Utilization Estimates
================================================================
* Summary: 
+-----------------+---------+-------+--------+-------+-----+
|       Name      | BRAM_18K| DSP48E|   FF   |  LUT  | URAM|
+-----------------+---------+-------+--------+-------+-----+
|DSP              |        -|      -|       -|      -|    -|
|Expression       |        -|      -|       0|   1297|    -|
|FIFO             |        -|      -|       -|      -|    -|
|Instance         |        -|     42|    3723|   7221|    -|
|Memory           |        -|      -|       -|      -|    -|
|Multiplexer      |        -|      -|       -|   3706|    -|
|Register         |        0|      -|   12904|   2400|    -|
+-----------------+---------+-------+--------+-------+-----+
|Total            |        0|     42|   16627|  14624|    0|
+-----------------+---------+-------+--------+-------+-----+
|Available        |      280|    220|  106400|  53200|    0|
+-----------------+---------+-------+--------+-------+-----+
|Utilization (%)  |        0|     19|      15|     27|    0|
+-----------------+---------+-------+--------+-------+-----+

+ Detail: 
    * Instance: 
    +--------------------------+----------------------+---------+-------+-----+-----+-----+
    |         Instance         |        Module        | BRAM_18K| DSP48E|  FF | LUT | URAM|
    +--------------------------+----------------------+---------+-------+-----+-----+-----+
    |knnFloat_8p128f_1bkb_U1   |knnFloat_8p128f_1bkb  |        0|      2|  205|  390|    0|
    |knnFloat_8p128f_1bkb_U2   |knnFloat_8p128f_1bkb  |        0|      2|  205|  390|    0|
    |knnFloat_8p128f_1cud_U3   |knnFloat_8p128f_1cud  |        0|      2|  205|  390|    0|
    |knnFloat_8p128f_1cud_U4   |knnFloat_8p128f_1cud  |        0|      2|  205|  390|    0|
    |knnFloat_8p128f_1cud_U5   |knnFloat_8p128f_1cud  |        0|      2|  205|  390|    0|
    |knnFloat_8p128f_1cud_U6   |knnFloat_8p128f_1cud  |        0|      2|  205|  390|    0|
    |knnFloat_8p128f_1dEe_U7   |knnFloat_8p128f_1dEe  |        0|      2|  205|  390|    0|
    |knnFloat_8p128f_1dEe_U8   |knnFloat_8p128f_1dEe  |        0|      2|  205|  390|    0|
    |knnFloat_8p128f_1dEe_U9   |knnFloat_8p128f_1dEe  |        0|      2|  205|  390|    0|
    |knnFloat_8p128f_1dEe_U10  |knnFloat_8p128f_1dEe  |        0|      2|  205|  390|    0|
    |knnFloat_8p128f_1dEe_U11  |knnFloat_8p128f_1dEe  |        0|      2|  205|  390|    0|
    |knnFloat_8p128f_1dEe_U12  |knnFloat_8p128f_1dEe  |        0|      2|  205|  390|    0|
    |knnFloat_8p128f_1eOg_U13  |knnFloat_8p128f_1eOg  |        0|      3|  143|  321|    0|
    |knnFloat_8p128f_1eOg_U14  |knnFloat_8p128f_1eOg  |        0|      3|  143|  321|    0|
    |knnFloat_8p128f_1eOg_U15  |knnFloat_8p128f_1eOg  |        0|      3|  143|  321|    0|
    |knnFloat_8p128f_1eOg_U16  |knnFloat_8p128f_1eOg  |        0|      3|  143|  321|    0|
    |knnFloat_8p128f_1eOg_U17  |knnFloat_8p128f_1eOg  |        0|      3|  143|  321|    0|
    |knnFloat_8p128f_1eOg_U18  |knnFloat_8p128f_1eOg  |        0|      3|  143|  321|    0|
    |knnFloat_8p128f_1fYi_U19  |knnFloat_8p128f_1fYi  |        0|      0|  405|  615|    0|
    +--------------------------+----------------------+---------+-------+-----+-----+-----+
    |Total                     |                      |        0|     42| 3723| 7221|    0|
    +--------------------------+----------------------+---------+-------+-----+-----+-----+

    * DSP48E: 
    N/A

    * Memory: 
    N/A

    * FIFO: 
    N/A

    * Expression: 
    +-----------------------+----------+-------+---+----+------------+------------+
    |     Variable Name     | Operation| DSP48E| FF| LUT| Bitwidth P0| Bitwidth P1|
    +-----------------------+----------+-------+---+----+------------+------------+
    |add_ln275_fu_4167_p2   |     +    |      0|  0|  15|           9|           6|
    |add_ln277_fu_4173_p2   |     +    |      0|  0|  15|           9|           6|
    |add_ln278_fu_3217_p2   |     +    |      0|  0|  15|           9|           1|
    |add_ln281_fu_3240_p2   |     +    |      0|  0|  15|           9|           2|
    |add_ln283_fu_3264_p2   |     +    |      0|  0|  15|           9|           2|
    |add_ln284_fu_3252_p2   |     +    |      0|  0|  15|           9|           2|
    |add_ln286_fu_3275_p2   |     +    |      0|  0|  15|           9|           2|
    |add_ln287_fu_3286_p2   |     +    |      0|  0|  15|           9|           3|
    |add_ln289_fu_3310_p2   |     +    |      0|  0|  15|           9|           3|
    |add_ln290_fu_3298_p2   |     +    |      0|  0|  15|           9|           3|
    |add_ln292_fu_3321_p2   |     +    |      0|  0|  15|           9|           3|
    |add_ln293_fu_3332_p2   |     +    |      0|  0|  15|           9|           3|
    |add_ln295_fu_3356_p2   |     +    |      0|  0|  15|           9|           3|
    |add_ln296_fu_3344_p2   |     +    |      0|  0|  15|           9|           3|
    |add_ln298_fu_3367_p2   |     +    |      0|  0|  15|           9|           3|
    |add_ln299_fu_3378_p2   |     +    |      0|  0|  15|           9|           4|
    |add_ln301_fu_3402_p2   |     +    |      0|  0|  15|           9|           4|
    |add_ln302_fu_3390_p2   |     +    |      0|  0|  15|           9|           4|
    |add_ln304_fu_3413_p2   |     +    |      0|  0|  15|           9|           4|
    |add_ln305_fu_3424_p2   |     +    |      0|  0|  15|           9|           4|
    |add_ln307_fu_3448_p2   |     +    |      0|  0|  15|           9|           4|
    |add_ln308_fu_3436_p2   |     +    |      0|  0|  15|           9|           4|
    |add_ln310_fu_3459_p2   |     +    |      0|  0|  15|           9|           4|
    |add_ln311_fu_3470_p2   |     +    |      0|  0|  15|           9|           4|
    |add_ln313_fu_3494_p2   |     +    |      0|  0|  15|           9|           4|
    |add_ln314_fu_3482_p2   |     +    |      0|  0|  15|           9|           4|
    |add_ln316_fu_3505_p2   |     +    |      0|  0|  15|           9|           4|
    |add_ln317_fu_3516_p2   |     +    |      0|  0|  15|           9|           4|
    |add_ln319_fu_3540_p2   |     +    |      0|  0|  15|           9|           4|
    |add_ln320_fu_3528_p2   |     +    |      0|  0|  15|           9|           4|
    |add_ln322_fu_3551_p2   |     +    |      0|  0|  15|           9|           4|
    |add_ln323_fu_3562_p2   |     +    |      0|  0|  15|           9|           5|
    |add_ln325_fu_3586_p2   |     +    |      0|  0|  15|           9|           5|
    |add_ln326_fu_3574_p2   |     +    |      0|  0|  15|           9|           5|
    |add_ln328_fu_3597_p2   |     +    |      0|  0|  15|           9|           5|
    |add_ln329_fu_3608_p2   |     +    |      0|  0|  15|           9|           5|
    |add_ln331_fu_3632_p2   |     +    |      0|  0|  15|           9|           5|
    |add_ln332_fu_3620_p2   |     +    |      0|  0|  15|           9|           5|
    |add_ln334_fu_3643_p2   |     +    |      0|  0|  15|           9|           5|
    |add_ln335_fu_3654_p2   |     +    |      0|  0|  15|           9|           5|
    |add_ln337_fu_3678_p2   |     +    |      0|  0|  15|           9|           5|
    |add_ln338_fu_3666_p2   |     +    |      0|  0|  15|           9|           5|
    |add_ln340_fu_3689_p2   |     +    |      0|  0|  15|           9|           5|
    |add_ln341_fu_3700_p2   |     +    |      0|  0|  15|           9|           5|
    |add_ln343_fu_3724_p2   |     +    |      0|  0|  15|           9|           5|
    |add_ln344_fu_3712_p2   |     +    |      0|  0|  15|           9|           5|
    |add_ln346_fu_3735_p2   |     +    |      0|  0|  15|           9|           5|
    |add_ln347_fu_3746_p2   |     +    |      0|  0|  15|           9|           5|
    |add_ln349_fu_3770_p2   |     +    |      0|  0|  15|           9|           5|
    |add_ln350_fu_4022_p2   |     +    |      0|  0|  15|           9|           5|
    |add_ln352_fu_4145_p2   |     +    |      0|  0|  15|           9|           5|
    |add_ln353_fu_4123_p2   |     +    |      0|  0|  15|           9|           5|
    |add_ln355_fu_3781_p2   |     +    |      0|  0|  15|           9|           5|
    |add_ln356_fu_3758_p2   |     +    |      0|  0|  15|           9|           5|
    |add_ln358_fu_3816_p2   |     +    |      0|  0|  15|           9|           5|
    |add_ln359_fu_3792_p2   |     +    |      0|  0|  15|           9|           5|
    |add_ln361_fu_3827_p2   |     +    |      0|  0|  15|           9|           5|
    |add_ln362_fu_3804_p2   |     +    |      0|  0|  15|           9|           5|
    |add_ln364_fu_3862_p2   |     +    |      0|  0|  15|           9|           5|
    |add_ln365_fu_3838_p2   |     +    |      0|  0|  15|           9|           5|
    |add_ln367_fu_3873_p2   |     +    |      0|  0|  15|           9|           5|
    |add_ln368_fu_3850_p2   |     +    |      0|  0|  15|           9|           5|
    |add_ln370_fu_3908_p2   |     +    |      0|  0|  15|           9|           5|
    |add_ln371_fu_3884_p2   |     +    |      0|  0|  15|           9|           6|
    |add_ln373_fu_3919_p2   |     +    |      0|  0|  15|           9|           6|
    |add_ln374_fu_3896_p2   |     +    |      0|  0|  15|           9|           6|
    |add_ln376_fu_3954_p2   |     +    |      0|  0|  15|           9|           6|
    |add_ln377_fu_3930_p2   |     +    |      0|  0|  15|           9|           6|
    |add_ln379_fu_3965_p2   |     +    |      0|  0|  15|           9|           6|
    |add_ln380_fu_3942_p2   |     +    |      0|  0|  15|           9|           6|
    |add_ln382_fu_4000_p2   |     +    |      0|  0|  15|           9|           6|
    |add_ln383_fu_3976_p2   |     +    |      0|  0|  15|           9|           6|
    |add_ln385_fu_4011_p2   |     +    |      0|  0|  15|           9|           6|
    |add_ln386_fu_3988_p2   |     +    |      0|  0|  15|           9|           6|
    |add_ln388_fu_4056_p2   |     +    |      0|  0|  15|           9|           6|
    |add_ln389_fu_4033_p2   |     +    |      0|  0|  15|           9|           6|
    |add_ln391_fu_4067_p2   |     +    |      0|  0|  15|           9|           6|
    |add_ln392_fu_4045_p2   |     +    |      0|  0|  15|           9|           6|
    |add_ln394_fu_4101_p2   |     +    |      0|  0|  15|           9|           6|
    |add_ln395_fu_4078_p2   |     +    |      0|  0|  15|           9|           6|
    |add_ln397_fu_4112_p2   |     +    |      0|  0|  15|           9|           6|
    |add_ln398_fu_4090_p2   |     +    |      0|  0|  15|           9|           6|
    |add_ln400_fu_4156_p2   |     +    |      0|  0|  15|           9|           6|
    |add_ln401_fu_4134_p2   |     +    |      0|  0|  15|           9|           6|
    |i_fu_3211_p2           |     +    |      0|  0|  13|           4|           1|
    |icmp_ln271_fu_3205_p2  |   icmp   |      0|  0|  11|           4|           5|
    |ap_block_state1        |    or    |      0|  0|   2|           1|           1|
    |or_ln280_fu_3229_p2    |    or    |      0|  0|   9|           9|           1|
    |ap_enable_pp0          |    xor   |      0|  0|   2|           1|           2|
    +-----------------------+----------+-------+---+----+------------+------------+
    |Total                  |          |      0|  0|1297|         775|         405|
    +-----------------------+----------+-------+---+----+------------+------------+

    * Multiplexer: 
    +---------------------------------------+-----+-----------+-----+-----------+
    |                  Name                 | LUT | Input Size| Bits| Total Bits|
    +---------------------------------------+-----+-----------+-----+-----------+
    |ap_NS_fsm                              |  117|         25|    1|         25|
    |ap_done                                |    9|          2|    1|          2|
    |ap_enable_reg_pp0_iter20               |    9|          2|    1|          2|
    |ap_phi_mux_i_0_phi_fu_2222_p4          |    9|          2|    4|          8|
    |ap_phi_mux_phi_mul1541_phi_fu_2246_p4  |    9|          2|    9|         18|
    |ap_phi_mux_phi_mul_phi_fu_2234_p4      |    9|          2|    9|         18|
    |grp_fu_2254_p0                         |  109|         23|   32|        736|
    |grp_fu_2254_p1                         |   56|         13|   32|        416|
    |grp_fu_2259_p0                         |  109|         23|   32|        736|
    |grp_fu_2259_p1                         |   62|         15|   32|        480|
    |grp_fu_2264_opcode                     |   15|          3|    2|          6|
    |grp_fu_2264_p0                         |  109|         23|   32|        736|
    |grp_fu_2264_p1                         |   62|         15|   32|        480|
    |grp_fu_2269_opcode                     |   15|          3|    2|          6|
    |grp_fu_2269_p0                         |  109|         23|   32|        736|
    |grp_fu_2269_p1                         |   62|         15|   32|        480|
    |grp_fu_2274_opcode                     |   15|          3|    2|          6|
    |grp_fu_2274_p0                         |  109|         23|   32|        736|
    |grp_fu_2274_p1                         |   62|         15|   32|        480|
    |grp_fu_2279_opcode                     |   15|          3|    2|          6|
    |grp_fu_2279_p0                         |  109|         23|   32|        736|
    |grp_fu_2279_p1                         |   56|         13|   32|        416|
    |grp_fu_2338_p0                         |  101|         21|   32|        672|
    |grp_fu_2338_p1                         |  101|         21|   32|        672|
    |grp_fu_2403_p0                         |  109|         23|   32|        736|
    |grp_fu_2403_p1                         |  109|         23|   32|        736|
    |grp_fu_2407_p0                         |   93|         19|   32|        608|
    |grp_fu_2407_p1                         |  109|         23|   32|        736|
    |grp_fu_2411_p0                         |   89|         18|   32|        576|
    |grp_fu_2411_p1                         |  105|         22|   32|        704|
    |grp_fu_2415_p0                         |   65|         16|   32|        512|
    |grp_fu_2415_p1                         |   97|         20|   32|        640|
    |grp_fu_2419_p0                         |   62|         15|   32|        480|
    |grp_fu_2419_p1                         |   93|         19|   32|        608|
    |grp_fu_2423_p0                         |   59|         14|   32|        448|
    |grp_fu_2423_p1                         |   59|         14|   32|        448|
    |grp_fu_2427_p0                         |   62|         15|   32|        480|
    |grp_fu_2427_p1                         |   62|         15|   32|        480|
    |grp_fu_2431_p0                         |   59|         14|   32|        448|
    |grp_fu_2431_p1                         |   59|         14|   32|        448|
    |grp_fu_2435_p0                         |   56|         13|   32|        416|
    |grp_fu_2435_p1                         |   56|         13|   32|        416|
    |grp_fu_2439_p0                         |   50|         11|   32|        352|
    |grp_fu_2439_p1                         |   50|         11|   32|        352|
    |grp_fu_2443_p0                         |   50|         11|   32|        352|
    |grp_fu_2443_p1                         |   50|         11|   32|        352|
    |i_0_reg_2218                           |    9|          2|    4|          8|
    |knownFeatures_0_address0               |  109|         23|    9|        207|
    |knownFeatures_0_address1               |  105|         22|    9|        198|
    |knownFeatures_1_address0               |  109|         23|    9|        207|
    |knownFeatures_1_address1               |  105|         22|    9|        198|
    |knownFeatures_2_address0               |  105|         22|    9|        198|
    |knownFeatures_2_address1               |  105|         22|    9|        198|
    |phi_mul1541_reg_2242                   |    9|          2|    9|         18|
    |phi_mul_reg_2230                       |    9|          2|    9|         18|
    +---------------------------------------+-----+-----------+-----+-----------+
    |Total                                  | 3706|        807| 1261|      21187|
    +---------------------------------------+-----+-----------+-----+-----------+

    * Register: 
    +---------------------------------+-----+----+-----+-----------+
    |               Name              |  FF | LUT| Bits| Const Bits|
    +---------------------------------+-----+----+-----+-----------+
    |add_ln275_reg_5733               |    9|   0|    9|          0|
    |add_ln277_reg_5748               |    9|   0|    9|          0|
    |ap_CS_fsm                        |   24|   0|   24|          0|
    |ap_done_reg                      |    1|   0|    1|          0|
    |ap_enable_reg_pp0_iter0          |    1|   0|    1|          0|
    |ap_enable_reg_pp0_iter1          |    1|   0|    1|          0|
    |ap_enable_reg_pp0_iter10         |    1|   0|    1|          0|
    |ap_enable_reg_pp0_iter11         |    1|   0|    1|          0|
    |ap_enable_reg_pp0_iter12         |    1|   0|    1|          0|
    |ap_enable_reg_pp0_iter13         |    1|   0|    1|          0|
    |ap_enable_reg_pp0_iter14         |    1|   0|    1|          0|
    |ap_enable_reg_pp0_iter15         |    1|   0|    1|          0|
    |ap_enable_reg_pp0_iter16         |    1|   0|    1|          0|
    |ap_enable_reg_pp0_iter17         |    1|   0|    1|          0|
    |ap_enable_reg_pp0_iter18         |    1|   0|    1|          0|
    |ap_enable_reg_pp0_iter19         |    1|   0|    1|          0|
    |ap_enable_reg_pp0_iter2          |    1|   0|    1|          0|
    |ap_enable_reg_pp0_iter20         |    1|   0|    1|          0|
    |ap_enable_reg_pp0_iter3          |    1|   0|    1|          0|
    |ap_enable_reg_pp0_iter4          |    1|   0|    1|          0|
    |ap_enable_reg_pp0_iter5          |    1|   0|    1|          0|
    |ap_enable_reg_pp0_iter6          |    1|   0|    1|          0|
    |ap_enable_reg_pp0_iter7          |    1|   0|    1|          0|
    |ap_enable_reg_pp0_iter8          |    1|   0|    1|          0|
    |ap_enable_reg_pp0_iter9          |    1|   0|    1|          0|
    |distance_w103_reg_6096           |   32|   0|   32|          0|
    |distance_w106_reg_6146           |   32|   0|   32|          0|
    |distance_w125_reg_6141           |   32|   0|   32|          0|
    |distance_w18_reg_6151            |   32|   0|   32|          0|
    |distance_w19_reg_6026            |   32|   0|   32|          0|
    |distance_w47_reg_6156            |   32|   0|   32|          0|
    |distance_w48_reg_6121            |   32|   0|   32|          0|
    |distance_w49_reg_6101            |   32|   0|   32|          0|
    |distance_w50_reg_6136            |   32|   0|   32|          0|
    |distance_w53_reg_6106            |   32|   0|   32|          0|
    |distance_w57_reg_6161            |   32|   0|   32|          0|
    |distance_w65_reg_6126            |   32|   0|   32|          0|
    |distance_w66_reg_6116            |   32|   0|   32|          0|
    |distance_w68_reg_6111            |   32|   0|   32|          0|
    |distance_w69_reg_6131            |   32|   0|   32|          0|
    |i_0_reg_2218                     |    4|   0|    4|          0|
    |i_reg_4188                       |    4|   0|    4|          0|
    |icmp_ln271_reg_4184              |    1|   0|    1|          0|
    |knownFeatures_0_loa_26_reg_5883  |   32|   0|   32|          0|
    |knownFeatures_0_loa_41_reg_5818  |   32|   0|   32|          0|
    |knownFeatures_0_loa_42_reg_5843  |   32|   0|   32|          0|
    |knownFeatures_1_loa_25_reg_5758  |   32|   0|   32|          0|
    |knownFeatures_1_loa_26_reg_5783  |   32|   0|   32|          0|
    |knownFeatures_1_loa_42_reg_5888  |   32|   0|   32|          0|
    |knownFeatures_2_loa_25_reg_5768  |   32|   0|   32|          0|
    |knownFeatures_2_loa_41_reg_5833  |   32|   0|   32|          0|
    |phi_mul1541_reg_2242             |    9|   0|    9|          0|
    |phi_mul_reg_2230                 |    9|   0|    9|          0|
    |reg_2452                         |   32|   0|   32|          0|
    |reg_2458                         |   32|   0|   32|          0|
    |reg_2464                         |   32|   0|   32|          0|
    |reg_2470                         |   32|   0|   32|          0|
    |reg_2476                         |   32|   0|   32|          0|
    |reg_2482                         |   32|   0|   32|          0|
    |reg_2488                         |   32|   0|   32|          0|
    |reg_2494                         |   32|   0|   32|          0|
    |reg_2500                         |   32|   0|   32|          0|
    |reg_2506                         |   32|   0|   32|          0|
    |reg_2512                         |   32|   0|   32|          0|
    |reg_2518                         |   32|   0|   32|          0|
    |reg_2524                         |   32|   0|   32|          0|
    |reg_2530                         |   32|   0|   32|          0|
    |reg_2536                         |   32|   0|   32|          0|
    |reg_2542                         |   32|   0|   32|          0|
    |reg_2548                         |   32|   0|   32|          0|
    |reg_2554                         |   32|   0|   32|          0|
    |reg_2560                         |   32|   0|   32|          0|
    |reg_2566                         |   32|   0|   32|          0|
    |reg_2573                         |   32|   0|   32|          0|
    |reg_2580                         |   32|   0|   32|          0|
    |reg_2587                         |   32|   0|   32|          0|
    |reg_2593                         |   32|   0|   32|          0|
    |reg_2600                         |   32|   0|   32|          0|
    |reg_2606                         |   32|   0|   32|          0|
    |reg_2613                         |   32|   0|   32|          0|
    |reg_2620                         |   32|   0|   32|          0|
    |reg_2627                         |   32|   0|   32|          0|
    |reg_2633                         |   32|   0|   32|          0|
    |reg_2640                         |   32|   0|   32|          0|
    |reg_2650                         |   32|   0|   32|          0|
    |reg_2660                         |   32|   0|   32|          0|
    |reg_2670                         |   32|   0|   32|          0|
    |reg_2680                         |   32|   0|   32|          0|
    |reg_2690                         |   32|   0|   32|          0|
    |reg_2700                         |   32|   0|   32|          0|
    |reg_2710                         |   32|   0|   32|          0|
    |reg_2720                         |   32|   0|   32|          0|
    |reg_2730                         |   32|   0|   32|          0|
    |reg_2740                         |   32|   0|   32|          0|
    |reg_2750                         |   32|   0|   32|          0|
    |reg_2758                         |   32|   0|   32|          0|
    |reg_2768                         |   32|   0|   32|          0|
    |reg_2778                         |   32|   0|   32|          0|
    |reg_2788                         |   32|   0|   32|          0|
    |reg_2796                         |   32|   0|   32|          0|
    |reg_2802                         |   32|   0|   32|          0|
    |reg_2810                         |   32|   0|   32|          0|
    |reg_2820                         |   32|   0|   32|          0|
    |reg_2830                         |   32|   0|   32|          0|
    |reg_2840                         |   32|   0|   32|          0|
    |reg_2850                         |   32|   0|   32|          0|
    |reg_2858                         |   32|   0|   32|          0|
    |reg_2864                         |   32|   0|   32|          0|
    |reg_2870                         |   32|   0|   32|          0|
    |reg_2876                         |   32|   0|   32|          0|
    |reg_2882                         |   32|   0|   32|          0|
    |reg_2888                         |   32|   0|   32|          0|
    |reg_2894                         |   32|   0|   32|          0|
    |reg_2900                         |   32|   0|   32|          0|
    |reg_2906                         |   32|   0|   32|          0|
    |reg_2911                         |   32|   0|   32|          0|
    |reg_2917                         |   32|   0|   32|          0|
    |reg_2923                         |   32|   0|   32|          0|
    |reg_2929                         |   32|   0|   32|          0|
    |reg_2935                         |   32|   0|   32|          0|
    |reg_2941                         |   32|   0|   32|          0|
    |reg_2947                         |   32|   0|   32|          0|
    |reg_2953                         |   32|   0|   32|          0|
    |reg_2960                         |   32|   0|   32|          0|
    |reg_2966                         |   32|   0|   32|          0|
    |reg_2972                         |   32|   0|   32|          0|
    |reg_2979                         |   32|   0|   32|          0|
    |reg_2986                         |   32|   0|   32|          0|
    |reg_2992                         |   32|   0|   32|          0|
    |reg_2999                         |   32|   0|   32|          0|
    |reg_3006                         |   32|   0|   32|          0|
    |reg_3013                         |   32|   0|   32|          0|
    |reg_3019                         |   32|   0|   32|          0|
    |reg_3026                         |   32|   0|   32|          0|
    |reg_3033                         |   32|   0|   32|          0|
    |reg_3040                         |   32|   0|   32|          0|
    |reg_3047                         |   32|   0|   32|          0|
    |reg_3054                         |   32|   0|   32|          0|
    |reg_3060                         |   32|   0|   32|          0|
    |reg_3066                         |   32|   0|   32|          0|
    |reg_3072                         |   32|   0|   32|          0|
    |reg_3079                         |   32|   0|   32|          0|
    |reg_3086                         |   32|   0|   32|          0|
    |reg_3093                         |   32|   0|   32|          0|
    |reg_3100                         |   32|   0|   32|          0|
    |reg_3107                         |   32|   0|   32|          0|
    |reg_3113                         |   32|   0|   32|          0|
    |reg_3119                         |   32|   0|   32|          0|
    |reg_3126                         |   32|   0|   32|          0|
    |reg_3132                         |   32|   0|   32|          0|
    |reg_3139                         |   32|   0|   32|          0|
    |reg_3146                         |   32|   0|   32|          0|
    |reg_3152                         |   32|   0|   32|          0|
    |reg_3158                         |   32|   0|   32|          0|
    |reg_3165                         |   32|   0|   32|          0|
    |reg_3171                         |   32|   0|   32|          0|
    |reg_3177                         |   32|   0|   32|          0|
    |reg_3183                         |   32|   0|   32|          0|
    |reg_3189                         |   32|   0|   32|          0|
    |temp_l77_i124_w1_reg_5961        |   32|   0|   32|          0|
    |temp_l77_i126_w1_reg_5967        |   32|   0|   32|          0|
    |temp_l77_i127_w1_reg_5973        |   32|   0|   32|          0|
    |temp_l77_i128_w1_reg_6015        |   32|   0|   32|          0|
    |temp_l77_i77_w1_reg_5943         |   32|   0|   32|          0|
    |temp_l77_i78_w1_reg_5949         |   32|   0|   32|          0|
    |temp_l77_i79_w1_reg_6009         |   32|   0|   32|          0|
    |temp_l77_i80_w1_reg_5955         |   32|   0|   32|          0|
    |tmp_100_reg_5603                 |   32|   0|   32|          0|
    |tmp_101_reg_5608                 |   32|   0|   32|          0|
    |tmp_102_reg_5613                 |   32|   0|   32|          0|
    |tmp_103_reg_5618                 |   32|   0|   32|          0|
    |tmp_104_reg_5623                 |   32|   0|   32|          0|
    |tmp_105_reg_5628                 |   32|   0|   32|          0|
    |tmp_106_reg_5703                 |   32|   0|   32|          0|
    |tmp_107_reg_5708                 |   32|   0|   32|          0|
    |tmp_108_reg_5713                 |   32|   0|   32|          0|
    |tmp_109_reg_5718                 |   32|   0|   32|          0|
    |tmp_110_reg_5723                 |   32|   0|   32|          0|
    |tmp_111_reg_5728                 |   32|   0|   32|          0|
    |tmp_112_reg_5853                 |   32|   0|   32|          0|
    |tmp_113_reg_5858                 |   32|   0|   32|          0|
    |tmp_114_reg_5863                 |   32|   0|   32|          0|
    |tmp_115_reg_5868                 |   32|   0|   32|          0|
    |tmp_116_reg_5873                 |   32|   0|   32|          0|
    |tmp_117_reg_5878                 |   32|   0|   32|          0|
    |tmp_118_reg_5893                 |   32|   0|   32|          0|
    |tmp_119_reg_5898                 |   32|   0|   32|          0|
    |tmp_120_reg_5903                 |   32|   0|   32|          0|
    |tmp_121_reg_6061                 |   32|   0|   32|          0|
    |tmp_122_reg_6071                 |   32|   0|   32|          0|
    |tmp_123_reg_6076                 |   32|   0|   32|          0|
    |tmp_124_reg_6086                 |   32|   0|   32|          0|
    |tmp_125_reg_6081                 |   32|   0|   32|          0|
    |tmp_126_reg_6091                 |   32|   0|   32|          0|
    |tmp_127_reg_6166                 |   32|   0|   32|          0|
    |tmp_14_reg_5979                  |   32|   0|   32|          0|
    |tmp_17_reg_5928                  |   32|   0|   32|          0|
    |tmp_22_reg_6056                  |   32|   0|   32|          0|
    |tmp_24_reg_5918                  |   32|   0|   32|          0|
    |tmp_25_reg_5933                  |   32|   0|   32|          0|
    |tmp_32_reg_5938                  |   32|   0|   32|          0|
    |tmp_33_reg_5984                  |   32|   0|   32|          0|
    |tmp_34_reg_5989                  |   32|   0|   32|          0|
    |tmp_35_reg_5994                  |   32|   0|   32|          0|
    |tmp_36_reg_6031                  |   32|   0|   32|          0|
    |tmp_37_reg_6036                  |   32|   0|   32|          0|
    |tmp_38_reg_6041                  |   32|   0|   32|          0|
    |tmp_39_reg_6046                  |   32|   0|   32|          0|
    |tmp_40_reg_5908                  |   32|   0|   32|          0|
    |tmp_41_reg_5913                  |   32|   0|   32|          0|
    |tmp_42_reg_6066                  |   32|   0|   32|          0|
    |tmp_44_reg_5999                  |   32|   0|   32|          0|
    |tmp_45_reg_6004                  |   32|   0|   32|          0|
    |tmp_49_reg_4793                  |   32|   0|   32|          0|
    |tmp_50_reg_4798                  |   32|   0|   32|          0|
    |tmp_51_reg_4803                  |   32|   0|   32|          0|
    |tmp_51_reg_4803_pp0_iter1_reg    |   32|   0|   32|          0|
    |tmp_52_reg_4868                  |   32|   0|   32|          0|
    |tmp_52_reg_4868_pp0_iter1_reg    |   32|   0|   32|          0|
    |tmp_53_reg_4873                  |   32|   0|   32|          0|
    |tmp_53_reg_4873_pp0_iter1_reg    |   32|   0|   32|          0|
    |tmp_54_reg_4878                  |   32|   0|   32|          0|
    |tmp_54_reg_4878_pp0_iter1_reg    |   32|   0|   32|          0|
    |tmp_55_reg_4883                  |   32|   0|   32|          0|
    |tmp_56_reg_4888                  |   32|   0|   32|          0|
    |tmp_57_reg_4893                  |   32|   0|   32|          0|
    |tmp_58_reg_4958                  |   32|   0|   32|          0|
    |tmp_59_reg_4963                  |   32|   0|   32|          0|
    |tmp_60_reg_4968                  |   32|   0|   32|          0|
    |tmp_61_reg_4973                  |   32|   0|   32|          0|
    |tmp_62_reg_4978                  |   32|   0|   32|          0|
    |tmp_63_reg_4983                  |   32|   0|   32|          0|
    |tmp_64_reg_5048                  |   32|   0|   32|          0|
    |tmp_65_reg_5053                  |   32|   0|   32|          0|
    |tmp_66_reg_5058                  |   32|   0|   32|          0|
    |tmp_67_reg_5063                  |   32|   0|   32|          0|
    |tmp_68_reg_5068                  |   32|   0|   32|          0|
    |tmp_69_reg_5073                  |   32|   0|   32|          0|
    |tmp_70_reg_5138                  |   32|   0|   32|          0|
    |tmp_71_reg_5143                  |   32|   0|   32|          0|
    |tmp_72_reg_5148                  |   32|   0|   32|          0|
    |tmp_73_reg_5153                  |   32|   0|   32|          0|
    |tmp_74_reg_5158                  |   32|   0|   32|          0|
    |tmp_75_reg_5163                  |   32|   0|   32|          0|
    |tmp_76_reg_5228                  |   32|   0|   32|          0|
    |tmp_77_reg_5233                  |   32|   0|   32|          0|
    |tmp_78_reg_5238                  |   32|   0|   32|          0|
    |tmp_79_reg_5243                  |   32|   0|   32|          0|
    |tmp_7_reg_6021                   |   32|   0|   32|          0|
    |tmp_80_reg_5248                  |   32|   0|   32|          0|
    |tmp_81_reg_5253                  |   32|   0|   32|          0|
    |tmp_82_reg_5318                  |   32|   0|   32|          0|
    |tmp_83_reg_5323                  |   32|   0|   32|          0|
    |tmp_84_reg_5328                  |   32|   0|   32|          0|
    |tmp_85_reg_5333                  |   32|   0|   32|          0|
    |tmp_86_reg_5338                  |   32|   0|   32|          0|
    |tmp_87_reg_5343                  |   32|   0|   32|          0|
    |tmp_88_reg_5408                  |   32|   0|   32|          0|
    |tmp_89_reg_5413                  |   32|   0|   32|          0|
    |tmp_90_reg_5418                  |   32|   0|   32|          0|
    |tmp_91_reg_5423                  |   32|   0|   32|          0|
    |tmp_92_reg_5428                  |   32|   0|   32|          0|
    |tmp_93_reg_5433                  |   32|   0|   32|          0|
    |tmp_94_reg_5508                  |   32|   0|   32|          0|
    |tmp_95_reg_5513                  |   32|   0|   32|          0|
    |tmp_96_reg_5518                  |   32|   0|   32|          0|
    |tmp_97_reg_5523                  |   32|   0|   32|          0|
    |tmp_98_reg_5528                  |   32|   0|   32|          0|
    |tmp_99_reg_5533                  |   32|   0|   32|          0|
    |tmp_9_reg_5923                   |   32|   0|   32|          0|
    |tmp_reg_6051                     |   32|   0|   32|          0|
    |xFeatures_123_read_reg_5813      |   32|   0|   32|          0|
    |xFeatures_125_read_reg_5828      |   32|   0|   32|          0|
    |xFeatures_126_read_reg_5838      |   32|   0|   32|          0|
    |xFeatures_127_read_reg_5848      |   32|   0|   32|          0|
    |xFeatures_76_read_reg_5753       |   32|   0|   32|          0|
    |xFeatures_77_read_reg_5763       |   32|   0|   32|          0|
    |xFeatures_78_read_reg_5773       |   32|   0|   32|          0|
    |xFeatures_79_read_reg_5778       |   32|   0|   32|          0|
    |zext_ln350_reg_5438              |    9|   0|   64|         55|
    |zext_ln353_reg_5633              |    9|   0|   64|         55|
    |zext_ln392_reg_5453              |    9|   0|   64|         55|
    |zext_ln398_reg_5548              |    9|   0|   64|         55|
    |zext_ln401_reg_5643              |    9|   0|   64|         55|
    |distance_w125_reg_6141           |   64|  32|   32|          0|
    |i_0_reg_2218                     |   64|  32|    4|          0|
    |icmp_ln271_reg_4184              |   64|  32|    1|          0|
    |tmp_100_reg_5603                 |   64|  32|   32|          0|
    |tmp_101_reg_5608                 |   64|  32|   32|          0|
    |tmp_102_reg_5613                 |   64|  32|   32|          0|
    |tmp_103_reg_5618                 |   64|  32|   32|          0|
    |tmp_104_reg_5623                 |   64|  32|   32|          0|
    |tmp_105_reg_5628                 |   64|  32|   32|          0|
    |tmp_106_reg_5703                 |   64|  32|   32|          0|
    |tmp_107_reg_5708                 |   64|  32|   32|          0|
    |tmp_108_reg_5713                 |   64|  32|   32|          0|
    |tmp_109_reg_5718                 |   64|  32|   32|          0|
    |tmp_110_reg_5723                 |   64|  32|   32|          0|
    |tmp_111_reg_5728                 |   64|  32|   32|          0|
    |tmp_112_reg_5853                 |   64|  32|   32|          0|
    |tmp_113_reg_5858                 |   64|  32|   32|          0|
    |tmp_114_reg_5863                 |   64|  32|   32|          0|
    |tmp_115_reg_5868                 |   64|  32|   32|          0|
    |tmp_116_reg_5873                 |   64|  32|   32|          0|
    |tmp_117_reg_5878                 |   64|  32|   32|          0|
    |tmp_118_reg_5893                 |   64|  32|   32|          0|
    |tmp_119_reg_5898                 |   64|  32|   32|          0|
    |tmp_120_reg_5903                 |   64|  32|   32|          0|
    |tmp_121_reg_6061                 |   64|  32|   32|          0|
    |tmp_122_reg_6071                 |   64|  32|   32|          0|
    |tmp_123_reg_6076                 |   64|  32|   32|          0|
    |tmp_124_reg_6086                 |   64|  32|   32|          0|
    |tmp_125_reg_6081                 |   64|  32|   32|          0|
    |tmp_126_reg_6091                 |   64|  32|   32|          0|
    |tmp_55_reg_4883                  |   64|  32|   32|          0|
    |tmp_56_reg_4888                  |   64|  32|   32|          0|
    |tmp_57_reg_4893                  |   64|  32|   32|          0|
    |tmp_58_reg_4958                  |   64|  32|   32|          0|
    |tmp_59_reg_4963                  |   64|  32|   32|          0|
    |tmp_60_reg_4968                  |   64|  32|   32|          0|
    |tmp_61_reg_4973                  |   64|  32|   32|          0|
    |tmp_62_reg_4978                  |   64|  32|   32|          0|
    |tmp_63_reg_4983                  |   64|  32|   32|          0|
    |tmp_64_reg_5048                  |   64|  32|   32|          0|
    |tmp_65_reg_5053                  |   64|  32|   32|          0|
    |tmp_66_reg_5058                  |   64|  32|   32|          0|
    |tmp_67_reg_5063                  |   64|  32|   32|          0|
    |tmp_68_reg_5068                  |   64|  32|   32|          0|
    |tmp_69_reg_5073                  |   64|  32|   32|          0|
    |tmp_70_reg_5138                  |   64|  32|   32|          0|
    |tmp_71_reg_5143                  |   64|  32|   32|          0|
    |tmp_72_reg_5148                  |   64|  32|   32|          0|
    |tmp_73_reg_5153                  |   64|  32|   32|          0|
    |tmp_74_reg_5158                  |   64|  32|   32|          0|
    |tmp_75_reg_5163                  |   64|  32|   32|          0|
    |tmp_76_reg_5228                  |   64|  32|   32|          0|
    |tmp_77_reg_5233                  |   64|  32|   32|          0|
    |tmp_78_reg_5238                  |   64|  32|   32|          0|
    |tmp_79_reg_5243                  |   64|  32|   32|          0|
    |tmp_80_reg_5248                  |   64|  32|   32|          0|
    |tmp_81_reg_5253                  |   64|  32|   32|          0|
    |tmp_82_reg_5318                  |   64|  32|   32|          0|
    |tmp_83_reg_5323                  |   64|  32|   32|          0|
    |tmp_84_reg_5328                  |   64|  32|   32|          0|
    |tmp_85_reg_5333                  |   64|  32|   32|          0|
    |tmp_86_reg_5338                  |   64|  32|   32|          0|
    |tmp_87_reg_5343                  |   64|  32|   32|          0|
    |tmp_88_reg_5408                  |   64|  32|   32|          0|
    |tmp_89_reg_5413                  |   64|  32|   32|          0|
    |tmp_90_reg_5418                  |   64|  32|   32|          0|
    |tmp_91_reg_5423                  |   64|  32|   32|          0|
    |tmp_92_reg_5428                  |   64|  32|   32|          0|
    |tmp_93_reg_5433                  |   64|  32|   32|          0|
    |tmp_94_reg_5508                  |   64|  32|   32|          0|
    |tmp_95_reg_5513                  |   64|  32|   32|          0|
    |tmp_96_reg_5518                  |   64|  32|   32|          0|
    |tmp_97_reg_5523                  |   64|  32|   32|          0|
    |tmp_98_reg_5528                  |   64|  32|   32|          0|
    |tmp_99_reg_5533                  |   64|  32|   32|          0|
    +---------------------------------+-----+----+-----+-----------+
    |Total                            |12904|2400|10720|        275|
    +---------------------------------+-----+----+-----+-----------+



================================================================
== Interface
================================================================
* Summary: 
+--------------------------+-----+-----+------------+-----------------+--------------+
|         RTL Ports        | Dir | Bits|  Protocol  |  Source Object  |    C Type    |
+--------------------------+-----+-----+------------+-----------------+--------------+
|ap_clk                    |  in |    1| ap_ctrl_hs |    parallel_0   | return value |
|ap_rst                    |  in |    1| ap_ctrl_hs |    parallel_0   | return value |
|ap_start                  |  in |    1| ap_ctrl_hs |    parallel_0   | return value |
|ap_done                   | out |    1| ap_ctrl_hs |    parallel_0   | return value |
|ap_continue               |  in |    1| ap_ctrl_hs |    parallel_0   | return value |
|ap_idle                   | out |    1| ap_ctrl_hs |    parallel_0   | return value |
|ap_ready                  | out |    1| ap_ctrl_hs |    parallel_0   | return value |
|knownFeatures_0_address0  | out |    9|  ap_memory | knownFeatures_0 |     array    |
|knownFeatures_0_ce0       | out |    1|  ap_memory | knownFeatures_0 |     array    |
|knownFeatures_0_q0        |  in |   32|  ap_memory | knownFeatures_0 |     array    |
|knownFeatures_0_address1  | out |    9|  ap_memory | knownFeatures_0 |     array    |
|knownFeatures_0_ce1       | out |    1|  ap_memory | knownFeatures_0 |     array    |
|knownFeatures_0_q1        |  in |   32|  ap_memory | knownFeatures_0 |     array    |
|knownFeatures_1_address0  | out |    9|  ap_memory | knownFeatures_1 |     array    |
|knownFeatures_1_ce0       | out |    1|  ap_memory | knownFeatures_1 |     array    |
|knownFeatures_1_q0        |  in |   32|  ap_memory | knownFeatures_1 |     array    |
|knownFeatures_1_address1  | out |    9|  ap_memory | knownFeatures_1 |     array    |
|knownFeatures_1_ce1       | out |    1|  ap_memory | knownFeatures_1 |     array    |
|knownFeatures_1_q1        |  in |   32|  ap_memory | knownFeatures_1 |     array    |
|knownFeatures_2_address0  | out |    9|  ap_memory | knownFeatures_2 |     array    |
|knownFeatures_2_ce0       | out |    1|  ap_memory | knownFeatures_2 |     array    |
|knownFeatures_2_q0        |  in |   32|  ap_memory | knownFeatures_2 |     array    |
|knownFeatures_2_address1  | out |    9|  ap_memory | knownFeatures_2 |     array    |
|knownFeatures_2_ce1       | out |    1|  ap_memory | knownFeatures_2 |     array    |
|knownFeatures_2_q1        |  in |   32|  ap_memory | knownFeatures_2 |     array    |
|xFeatures_0               |  in |   32|   ap_none  |   xFeatures_0   |    pointer   |
|xFeatures_1               |  in |   32|   ap_none  |   xFeatures_1   |    pointer   |
|xFeatures_2               |  in |   32|   ap_none  |   xFeatures_2   |    pointer   |
|xFeatures_3               |  in |   32|   ap_none  |   xFeatures_3   |    pointer   |
|xFeatures_4               |  in |   32|   ap_none  |   xFeatures_4   |    pointer   |
|xFeatures_5               |  in |   32|   ap_none  |   xFeatures_5   |    pointer   |
|xFeatures_6               |  in |   32|   ap_none  |   xFeatures_6   |    pointer   |
|xFeatures_7               |  in |   32|   ap_none  |   xFeatures_7   |    pointer   |
|xFeatures_8               |  in |   32|   ap_none  |   xFeatures_8   |    pointer   |
|xFeatures_9               |  in |   32|   ap_none  |   xFeatures_9   |    pointer   |
|xFeatures_10              |  in |   32|   ap_none  |   xFeatures_10  |    pointer   |
|xFeatures_11              |  in |   32|   ap_none  |   xFeatures_11  |    pointer   |
|xFeatures_12              |  in |   32|   ap_none  |   xFeatures_12  |    pointer   |
|xFeatures_13              |  in |   32|   ap_none  |   xFeatures_13  |    pointer   |
|xFeatures_14              |  in |   32|   ap_none  |   xFeatures_14  |    pointer   |
|xFeatures_15              |  in |   32|   ap_none  |   xFeatures_15  |    pointer   |
|xFeatures_16              |  in |   32|   ap_none  |   xFeatures_16  |    pointer   |
|xFeatures_17              |  in |   32|   ap_none  |   xFeatures_17  |    pointer   |
|xFeatures_18              |  in |   32|   ap_none  |   xFeatures_18  |    pointer   |
|xFeatures_19              |  in |   32|   ap_none  |   xFeatures_19  |    pointer   |
|xFeatures_20              |  in |   32|   ap_none  |   xFeatures_20  |    pointer   |
|xFeatures_21              |  in |   32|   ap_none  |   xFeatures_21  |    pointer   |
|xFeatures_22              |  in |   32|   ap_none  |   xFeatures_22  |    pointer   |
|xFeatures_23              |  in |   32|   ap_none  |   xFeatures_23  |    pointer   |
|xFeatures_24              |  in |   32|   ap_none  |   xFeatures_24  |    pointer   |
|xFeatures_25              |  in |   32|   ap_none  |   xFeatures_25  |    pointer   |
|xFeatures_26              |  in |   32|   ap_none  |   xFeatures_26  |    pointer   |
|xFeatures_27              |  in |   32|   ap_none  |   xFeatures_27  |    pointer   |
|xFeatures_28              |  in |   32|   ap_none  |   xFeatures_28  |    pointer   |
|xFeatures_29              |  in |   32|   ap_none  |   xFeatures_29  |    pointer   |
|xFeatures_30              |  in |   32|   ap_none  |   xFeatures_30  |    pointer   |
|xFeatures_31              |  in |   32|   ap_none  |   xFeatures_31  |    pointer   |
|xFeatures_32              |  in |   32|   ap_none  |   xFeatures_32  |    pointer   |
|xFeatures_33              |  in |   32|   ap_none  |   xFeatures_33  |    pointer   |
|xFeatures_34              |  in |   32|   ap_none  |   xFeatures_34  |    pointer   |
|xFeatures_35              |  in |   32|   ap_none  |   xFeatures_35  |    pointer   |
|xFeatures_36              |  in |   32|   ap_none  |   xFeatures_36  |    pointer   |
|xFeatures_37              |  in |   32|   ap_none  |   xFeatures_37  |    pointer   |
|xFeatures_38              |  in |   32|   ap_none  |   xFeatures_38  |    pointer   |
|xFeatures_39              |  in |   32|   ap_none  |   xFeatures_39  |    pointer   |
|xFeatures_40              |  in |   32|   ap_none  |   xFeatures_40  |    pointer   |
|xFeatures_41              |  in |   32|   ap_none  |   xFeatures_41  |    pointer   |
|xFeatures_42              |  in |   32|   ap_none  |   xFeatures_42  |    pointer   |
|xFeatures_43              |  in |   32|   ap_none  |   xFeatures_43  |    pointer   |
|xFeatures_44              |  in |   32|   ap_none  |   xFeatures_44  |    pointer   |
|xFeatures_45              |  in |   32|   ap_none  |   xFeatures_45  |    pointer   |
|xFeatures_46              |  in |   32|   ap_none  |   xFeatures_46  |    pointer   |
|xFeatures_47              |  in |   32|   ap_none  |   xFeatures_47  |    pointer   |
|xFeatures_48              |  in |   32|   ap_none  |   xFeatures_48  |    pointer   |
|xFeatures_49              |  in |   32|   ap_none  |   xFeatures_49  |    pointer   |
|xFeatures_50              |  in |   32|   ap_none  |   xFeatures_50  |    pointer   |
|xFeatures_51              |  in |   32|   ap_none  |   xFeatures_51  |    pointer   |
|xFeatures_52              |  in |   32|   ap_none  |   xFeatures_52  |    pointer   |
|xFeatures_53              |  in |   32|   ap_none  |   xFeatures_53  |    pointer   |
|xFeatures_54              |  in |   32|   ap_none  |   xFeatures_54  |    pointer   |
|xFeatures_55              |  in |   32|   ap_none  |   xFeatures_55  |    pointer   |
|xFeatures_56              |  in |   32|   ap_none  |   xFeatures_56  |    pointer   |
|xFeatures_57              |  in |   32|   ap_none  |   xFeatures_57  |    pointer   |
|xFeatures_58              |  in |   32|   ap_none  |   xFeatures_58  |    pointer   |
|xFeatures_59              |  in |   32|   ap_none  |   xFeatures_59  |    pointer   |
|xFeatures_60              |  in |   32|   ap_none  |   xFeatures_60  |    pointer   |
|xFeatures_61              |  in |   32|   ap_none  |   xFeatures_61  |    pointer   |
|xFeatures_62              |  in |   32|   ap_none  |   xFeatures_62  |    pointer   |
|xFeatures_63              |  in |   32|   ap_none  |   xFeatures_63  |    pointer   |
|xFeatures_64              |  in |   32|   ap_none  |   xFeatures_64  |    pointer   |
|xFeatures_65              |  in |   32|   ap_none  |   xFeatures_65  |    pointer   |
|xFeatures_66              |  in |   32|   ap_none  |   xFeatures_66  |    pointer   |
|xFeatures_67              |  in |   32|   ap_none  |   xFeatures_67  |    pointer   |
|xFeatures_68              |  in |   32|   ap_none  |   xFeatures_68  |    pointer   |
|xFeatures_69              |  in |   32|   ap_none  |   xFeatures_69  |    pointer   |
|xFeatures_70              |  in |   32|   ap_none  |   xFeatures_70  |    pointer   |
|xFeatures_71              |  in |   32|   ap_none  |   xFeatures_71  |    pointer   |
|xFeatures_72              |  in |   32|   ap_none  |   xFeatures_72  |    pointer   |
|xFeatures_73              |  in |   32|   ap_none  |   xFeatures_73  |    pointer   |
|xFeatures_74              |  in |   32|   ap_none  |   xFeatures_74  |    pointer   |
|xFeatures_75              |  in |   32|   ap_none  |   xFeatures_75  |    pointer   |
|xFeatures_76              |  in |   32|   ap_none  |   xFeatures_76  |    pointer   |
|xFeatures_77              |  in |   32|   ap_none  |   xFeatures_77  |    pointer   |
|xFeatures_78              |  in |   32|   ap_none  |   xFeatures_78  |    pointer   |
|xFeatures_79              |  in |   32|   ap_none  |   xFeatures_79  |    pointer   |
|xFeatures_80              |  in |   32|   ap_none  |   xFeatures_80  |    pointer   |
|xFeatures_81              |  in |   32|   ap_none  |   xFeatures_81  |    pointer   |
|xFeatures_82              |  in |   32|   ap_none  |   xFeatures_82  |    pointer   |
|xFeatures_83              |  in |   32|   ap_none  |   xFeatures_83  |    pointer   |
|xFeatures_84              |  in |   32|   ap_none  |   xFeatures_84  |    pointer   |
|xFeatures_85              |  in |   32|   ap_none  |   xFeatures_85  |    pointer   |
|xFeatures_86              |  in |   32|   ap_none  |   xFeatures_86  |    pointer   |
|xFeatures_87              |  in |   32|   ap_none  |   xFeatures_87  |    pointer   |
|xFeatures_88              |  in |   32|   ap_none  |   xFeatures_88  |    pointer   |
|xFeatures_89              |  in |   32|   ap_none  |   xFeatures_89  |    pointer   |
|xFeatures_90              |  in |   32|   ap_none  |   xFeatures_90  |    pointer   |
|xFeatures_91              |  in |   32|   ap_none  |   xFeatures_91  |    pointer   |
|xFeatures_92              |  in |   32|   ap_none  |   xFeatures_92  |    pointer   |
|xFeatures_93              |  in |   32|   ap_none  |   xFeatures_93  |    pointer   |
|xFeatures_94              |  in |   32|   ap_none  |   xFeatures_94  |    pointer   |
|xFeatures_95              |  in |   32|   ap_none  |   xFeatures_95  |    pointer   |
|xFeatures_96              |  in |   32|   ap_none  |   xFeatures_96  |    pointer   |
|xFeatures_97              |  in |   32|   ap_none  |   xFeatures_97  |    pointer   |
|xFeatures_98              |  in |   32|   ap_none  |   xFeatures_98  |    pointer   |
|xFeatures_99              |  in |   32|   ap_none  |   xFeatures_99  |    pointer   |
|xFeatures_100             |  in |   32|   ap_none  |  xFeatures_100  |    pointer   |
|xFeatures_101             |  in |   32|   ap_none  |  xFeatures_101  |    pointer   |
|xFeatures_102             |  in |   32|   ap_none  |  xFeatures_102  |    pointer   |
|xFeatures_103             |  in |   32|   ap_none  |  xFeatures_103  |    pointer   |
|xFeatures_104             |  in |   32|   ap_none  |  xFeatures_104  |    pointer   |
|xFeatures_105             |  in |   32|   ap_none  |  xFeatures_105  |    pointer   |
|xFeatures_106             |  in |   32|   ap_none  |  xFeatures_106  |    pointer   |
|xFeatures_107             |  in |   32|   ap_none  |  xFeatures_107  |    pointer   |
|xFeatures_108             |  in |   32|   ap_none  |  xFeatures_108  |    pointer   |
|xFeatures_109             |  in |   32|   ap_none  |  xFeatures_109  |    pointer   |
|xFeatures_110             |  in |   32|   ap_none  |  xFeatures_110  |    pointer   |
|xFeatures_111             |  in |   32|   ap_none  |  xFeatures_111  |    pointer   |
|xFeatures_112             |  in |   32|   ap_none  |  xFeatures_112  |    pointer   |
|xFeatures_113             |  in |   32|   ap_none  |  xFeatures_113  |    pointer   |
|xFeatures_114             |  in |   32|   ap_none  |  xFeatures_114  |    pointer   |
|xFeatures_115             |  in |   32|   ap_none  |  xFeatures_115  |    pointer   |
|xFeatures_116             |  in |   32|   ap_none  |  xFeatures_116  |    pointer   |
|xFeatures_117             |  in |   32|   ap_none  |  xFeatures_117  |    pointer   |
|xFeatures_118             |  in |   32|   ap_none  |  xFeatures_118  |    pointer   |
|xFeatures_119             |  in |   32|   ap_none  |  xFeatures_119  |    pointer   |
|xFeatures_120             |  in |   32|   ap_none  |  xFeatures_120  |    pointer   |
|xFeatures_121             |  in |   32|   ap_none  |  xFeatures_121  |    pointer   |
|xFeatures_122             |  in |   32|   ap_none  |  xFeatures_122  |    pointer   |
|xFeatures_123             |  in |   32|   ap_none  |  xFeatures_123  |    pointer   |
|xFeatures_124             |  in |   32|   ap_none  |  xFeatures_124  |    pointer   |
|xFeatures_125             |  in |   32|   ap_none  |  xFeatures_125  |    pointer   |
|xFeatures_126             |  in |   32|   ap_none  |  xFeatures_126  |    pointer   |
|xFeatures_127             |  in |   32|   ap_none  |  xFeatures_127  |    pointer   |
|distance_array_address0   | out |    3|  ap_memory |  distance_array |     array    |
|distance_array_ce0        | out |    1|  ap_memory |  distance_array |     array    |
|distance_array_we0        | out |    1|  ap_memory |  distance_array |     array    |
|distance_array_d0         | out |   32|  ap_memory |  distance_array |     array    |
+--------------------------+-----+-----+------------+-----------------+--------------+

