

================================================================
== Vivado HLS Report for 'epilogue'
================================================================
* Date:           Wed Jul 15 18:51:13 2020

* Version:        2019.2 (Build 2704478 on Wed Nov 06 22:10:23 MST 2019)
* Project:        dotprod
* Solution:       solution1
* Product family: zynq
* Target device:  xc7z020-clg484-1


================================================================
== Performance Estimates
================================================================
+ Timing: 
    * Summary: 
    +--------+----------+----------+------------+
    |  Clock |  Target  | Estimated| Uncertainty|
    +--------+----------+----------+------------+
    |ap_clk  | 10.00 ns | 9.400 ns |   1.25 ns  |
    +--------+----------+----------+------------+

+ Latency: 
    * Summary: 
    +---------+---------+-----------+-----------+-----+-----+---------+
    |  Latency (cycles) |   Latency (absolute)  |  Interval | Pipeline|
    |   min   |   max   |    min    |    max    | min | max |   Type  |
    +---------+---------+-----------+-----------+-----+-----+---------+
    |        7|        7| 70.000 ns | 70.000 ns |    7|    7|   none  |
    +---------+---------+-----------+-----------+-----+-----+---------+

    + Detail: 
        * Instance: 
        N/A

        * Loop: 
        N/A



================================================================
== Utilization Estimates
================================================================
* Summary: 
+-----------------+---------+-------+--------+-------+-----+
|       Name      | BRAM_18K| DSP48E|   FF   |  LUT  | URAM|
+-----------------+---------+-------+--------+-------+-----+
|DSP              |        -|     16|       -|      -|    -|
|Expression       |        -|      -|       0|   4083|    -|
|FIFO             |        -|      -|       -|      -|    -|
|Instance         |        -|      -|       -|      -|    -|
|Memory           |        -|      -|       -|      -|    -|
|Multiplexer      |        -|      -|       -|   1262|    -|
|Register         |        -|      -|    3689|      -|    -|
+-----------------+---------+-------+--------+-------+-----+
|Total            |        0|     16|    3689|   5345|    0|
+-----------------+---------+-------+--------+-------+-----+
|Available        |      280|    220|  106400|  53200|    0|
+-----------------+---------+-------+--------+-------+-----+
|Utilization (%)  |        0|      7|       3|     10|    0|
+-----------------+---------+-------+--------+-------+-----+

+ Detail: 
    * Instance: 
    N/A

    * DSP48E: 
    +---------------------------+----------------------+--------------+
    |          Instance         |        Module        |  Expression  |
    +---------------------------+----------------------+--------------+
    |dotprod_parallel8bkb_U531  |dotprod_parallel8bkb  |    i0 * i1   |
    |dotprod_parallel8bkb_U532  |dotprod_parallel8bkb  |    i0 * i1   |
    |dotprod_parallel8bkb_U533  |dotprod_parallel8bkb  |    i0 * i1   |
    |dotprod_parallel8bkb_U534  |dotprod_parallel8bkb  |    i0 * i1   |
    |dotprod_parallel8bkb_U535  |dotprod_parallel8bkb  |    i0 * i1   |
    |dotprod_parallel8bkb_U536  |dotprod_parallel8bkb  |    i0 * i1   |
    |dotprod_parallel8bkb_U537  |dotprod_parallel8bkb  |    i0 * i1   |
    |dotprod_parallel8cud_U538  |dotprod_parallel8cud  | i0 + i1 * i2 |
    |dotprod_parallel8cud_U539  |dotprod_parallel8cud  | i0 + i1 * i2 |
    |dotprod_parallel8cud_U540  |dotprod_parallel8cud  | i0 + i1 * i2 |
    |dotprod_parallel8cud_U541  |dotprod_parallel8cud  | i0 + i1 * i2 |
    |dotprod_parallel8cud_U542  |dotprod_parallel8cud  | i0 + i1 * i2 |
    |dotprod_parallel8cud_U543  |dotprod_parallel8cud  | i0 + i1 * i2 |
    |dotprod_parallel8cud_U544  |dotprod_parallel8cud  | i0 + i1 * i2 |
    |dotprod_parallel8cud_U545  |dotprod_parallel8cud  | i0 + i1 * i2 |
    |dotprod_parallel8cud_U546  |dotprod_parallel8cud  | i0 + i1 * i2 |
    +---------------------------+----------------------+--------------+

    * Memory: 
    N/A

    * FIFO: 
    N/A

    * Expression: 
    +--------------------------+----------+-------+---+----+------------+------------+
    |       Variable Name      | Operation| DSP48E| FF| LUT| Bitwidth P0| Bitwidth P1|
    +--------------------------+----------+-------+---+----+------------+------------+
    |add_ln477_100_fu_2363_p2  |     +    |      0|  0|  32|          32|          32|
    |add_ln477_101_fu_2368_p2  |     +    |      0|  0|  32|          32|          32|
    |add_ln477_102_fu_2676_p2  |     +    |      0|  0|  32|          32|          32|
    |add_ln477_103_fu_2724_p2  |     +    |      0|  0|  32|          32|          32|
    |add_ln477_104_fu_2374_p2  |     +    |      0|  0|  39|          32|          32|
    |add_ln477_105_fu_2526_p2  |     +    |      0|  0|  39|          32|          32|
    |add_ln477_106_fu_2681_p2  |     +    |      0|  0|  32|          32|          32|
    |add_ln477_107_fu_2531_p2  |     +    |      0|  0|  32|          32|          32|
    |add_ln477_108_fu_2380_p2  |     +    |      0|  0|  39|          32|          32|
    |add_ln477_109_fu_2537_p2  |     +    |      0|  0|  32|          32|          32|
    |add_ln477_10_fu_2592_p2   |     +    |      0|  0|  32|          32|          32|
    |add_ln477_110_fu_2685_p2  |     +    |      0|  0|  32|          32|          32|
    |add_ln477_111_fu_2199_p2  |     +    |      0|  0|  39|          32|          32|
    |add_ln477_112_fu_2205_p2  |     +    |      0|  0|  39|          32|          32|
    |add_ln477_113_fu_2542_p2  |     +    |      0|  0|  32|          32|          32|
    |add_ln477_114_fu_2546_p2  |     +    |      0|  0|  32|          32|          32|
    |add_ln477_115_fu_2386_p2  |     +    |      0|  0|  32|          32|          32|
    |add_ln477_116_fu_2392_p2  |     +    |      0|  0|  32|          32|          32|
    |add_ln477_117_fu_2552_p2  |     +    |      0|  0|  32|          32|          32|
    |add_ln477_118_fu_2557_p2  |     +    |      0|  0|  32|          32|          32|
    |add_ln477_119_fu_2690_p2  |     +    |      0|  0|  32|          32|          32|
    |add_ln477_120_fu_2563_p2  |     +    |      0|  0|  32|          32|          32|
    |add_ln477_122_fu_2569_p2  |     +    |      0|  0|  32|          32|          32|
    |add_ln477_126_fu_2574_p2  |     +    |      0|  0|  39|          32|          32|
    |add_ln477_127_fu_2695_p2  |     +    |      0|  0|  32|          32|          32|
    |add_ln477_12_fu_2274_p2   |     +    |      0|  0|  32|          32|          32|
    |add_ln477_130_fu_2578_p2  |     +    |      0|  0|  32|          32|          32|
    |add_ln477_134_fu_2582_p2  |     +    |      0|  0|  39|          32|          32|
    |add_ln477_135_fu_2586_p2  |     +    |      0|  0|  32|          32|          32|
    |add_ln477_136_fu_2699_p2  |     +    |      0|  0|  32|          32|          32|
    |add_ln477_137_fu_2704_p2  |     +    |      0|  0|  32|          32|          32|
    |add_ln477_138_fu_2728_p2  |     +    |      0|  0|  32|          32|          32|
    |add_ln477_13_fu_2279_p2   |     +    |      0|  0|  32|          32|          32|
    |add_ln477_14_fu_2398_p2   |     +    |      0|  0|  32|          32|          32|
    |add_ln477_15_fu_2597_p2   |     +    |      0|  0|  32|          32|          32|
    |add_ln477_16_fu_2710_p2   |     +    |      0|  0|  32|          32|          32|
    |add_ln477_18_fu_2046_p2   |     +    |      0|  0|  39|          32|          32|
    |add_ln477_19_fu_2148_p2   |     +    |      0|  0|  32|          32|          32|
    |add_ln477_1_fu_2040_p2    |     +    |      0|  0|  39|          32|          32|
    |add_ln477_21_fu_2285_p2   |     +    |      0|  0|  32|          32|          32|
    |add_ln477_22_fu_2291_p2   |     +    |      0|  0|  32|          32|          32|
    |add_ln477_23_fu_2403_p2   |     +    |      0|  0|  32|          32|          32|
    |add_ln477_24_fu_2602_p2   |     +    |      0|  0|  32|          32|          32|
    |add_ln477_25_fu_2296_p2   |     +    |      0|  0|  39|          32|          32|
    |add_ln477_26_fu_2408_p2   |     +    |      0|  0|  39|          32|          32|
    |add_ln477_27_fu_2606_p2   |     +    |      0|  0|  32|          32|          32|
    |add_ln477_28_fu_2414_p2   |     +    |      0|  0|  32|          32|          32|
    |add_ln477_29_fu_2052_p2   |     +    |      0|  0|  32|          32|          32|
    |add_ln477_30_fu_2058_p2   |     +    |      0|  0|  32|          32|          32|
    |add_ln477_31_fu_2420_p2   |     +    |      0|  0|  32|          32|          32|
    |add_ln477_32_fu_2610_p2   |     +    |      0|  0|  32|          32|          32|
    |add_ln477_33_fu_2615_p2   |     +    |      0|  0|  32|          32|          32|
    |add_ln477_34_fu_2714_p2   |     +    |      0|  0|  32|          32|          32|
    |add_ln477_35_fu_2153_p2   |     +    |      0|  0|  39|          32|          32|
    |add_ln477_37_fu_2425_p2   |     +    |      0|  0|  32|          32|          32|
    |add_ln477_38_fu_2430_p2   |     +    |      0|  0|  32|          32|          32|
    |add_ln477_3_fu_2265_p2    |     +    |      0|  0|  32|          32|          32|
    |add_ln477_40_fu_2435_p2   |     +    |      0|  0|  32|          32|          32|
    |add_ln477_41_fu_2440_p2   |     +    |      0|  0|  32|          32|          32|
    |add_ln477_42_fu_2446_p2   |     +    |      0|  0|  39|          32|          32|
    |add_ln477_44_fu_2621_p2   |     +    |      0|  0|  32|          32|          32|
    |add_ln477_45_fu_2451_p2   |     +    |      0|  0|  32|          32|          32|
    |add_ln477_46_fu_2028_p2   |     +    |      0|  0|  32|          32|          32|
    |add_ln477_47_fu_2034_p2   |     +    |      0|  0|  32|          32|          32|
    |add_ln477_48_fu_2456_p2   |     +    |      0|  0|  32|          32|          32|
    |add_ln477_49_fu_2626_p2   |     +    |      0|  0|  32|          32|          32|
    |add_ln477_50_fu_2631_p2   |     +    |      0|  0|  32|          32|          32|
    |add_ln477_52_fu_2064_p2   |     +    |      0|  0|  39|          32|          32|
    |add_ln477_53_fu_2159_p2   |     +    |      0|  0|  32|          32|          32|
    |add_ln477_55_fu_2302_p2   |     +    |      0|  0|  32|          32|          32|
    |add_ln477_56_fu_2307_p2   |     +    |      0|  0|  32|          32|          32|
    |add_ln477_57_fu_2461_p2   |     +    |      0|  0|  32|          32|          32|
    |add_ln477_58_fu_2466_p2   |     +    |      0|  0|  32|          32|          32|
    |add_ln477_59_fu_2312_p2   |     +    |      0|  0|  39|          32|          32|
    |add_ln477_60_fu_2318_p2   |     +    |      0|  0|  39|          32|          32|
    |add_ln477_61_fu_2471_p2   |     +    |      0|  0|  32|          32|          32|
    |add_ln477_62_fu_2164_p2   |     +    |      0|  0|  32|          32|          32|
    |add_ln477_63_fu_2070_p2   |     +    |      0|  0|  32|          32|          32|
    |add_ln477_64_fu_2076_p2   |     +    |      0|  0|  32|          32|          32|
    |add_ln477_65_fu_2170_p2   |     +    |      0|  0|  32|          32|          32|
    |add_ln477_66_fu_2475_p2   |     +    |      0|  0|  32|          32|          32|
    |add_ln477_67_fu_2480_p2   |     +    |      0|  0|  32|          32|          32|
    |add_ln477_68_fu_2636_p2   |     +    |      0|  0|  32|          32|          32|
    |add_ln477_69_fu_2719_p2   |     +    |      0|  0|  32|          32|          32|
    |add_ln477_6_fu_2142_p2    |     +    |      0|  0|  32|          32|          32|
    |add_ln477_70_fu_2324_p2   |     +    |      0|  0|  32|          32|          32|
    |add_ln477_72_fu_2330_p2   |     +    |      0|  0|  32|          32|          32|
    |add_ln477_73_fu_2486_p2   |     +    |      0|  0|  32|          32|          32|
    |add_ln477_75_fu_2492_p2   |     +    |      0|  0|  32|          32|          32|
    |add_ln477_76_fu_2641_p2   |     +    |      0|  0|  32|          32|          32|
    |add_ln477_77_fu_2498_p2   |     +    |      0|  0|  39|          32|          32|
    |add_ln477_78_fu_2082_p2   |     +    |      0|  0|  39|          32|          32|
    |add_ln477_79_fu_2645_p2   |     +    |      0|  0|  32|          32|          32|
    |add_ln477_7_fu_2269_p2    |     +    |      0|  0|  32|          32|          32|
    |add_ln477_80_fu_2336_p2   |     +    |      0|  0|  32|          32|          32|
    |add_ln477_81_fu_2175_p2   |     +    |      0|  0|  32|          32|          32|
    |add_ln477_82_fu_2181_p2   |     +    |      0|  0|  32|          32|          32|
    |add_ln477_83_fu_2342_p2   |     +    |      0|  0|  32|          32|          32|
    |add_ln477_84_fu_2649_p2   |     +    |      0|  0|  32|          32|          32|
    |add_ln477_85_fu_2654_p2   |     +    |      0|  0|  32|          32|          32|
    |add_ln477_86_fu_2504_p2   |     +    |      0|  0|  32|          32|          32|
    |add_ln477_87_fu_2347_p2   |     +    |      0|  0|  39|          32|          32|
    |add_ln477_88_fu_2509_p2   |     +    |      0|  0|  32|          32|          32|
    |add_ln477_89_fu_2660_p2   |     +    |      0|  0|  32|          32|          32|
    |add_ln477_90_fu_2514_p2   |     +    |      0|  0|  32|          32|          32|
    |add_ln477_91_fu_2520_p2   |     +    |      0|  0|  32|          32|          32|
    |add_ln477_92_fu_2666_p2   |     +    |      0|  0|  32|          32|          32|
    |add_ln477_93_fu_2671_p2   |     +    |      0|  0|  32|          32|          32|
    |add_ln477_94_fu_2088_p2   |     +    |      0|  0|  39|          32|          32|
    |add_ln477_95_fu_2094_p2   |     +    |      0|  0|  39|          32|          32|
    |add_ln477_96_fu_2353_p2   |     +    |      0|  0|  32|          32|          32|
    |add_ln477_97_fu_2357_p2   |     +    |      0|  0|  32|          32|          32|
    |add_ln477_98_fu_2187_p2   |     +    |      0|  0|  32|          32|          32|
    |add_ln477_99_fu_2193_p2   |     +    |      0|  0|  32|          32|          32|
    |grp_fu_1909_p2            |     +    |      0|  0|  39|          32|          32|
    |grp_fu_1915_p2            |     +    |      0|  0|  39|          32|          32|
    |grp_fu_1921_p2            |     +    |      0|  0|  32|          32|          32|
    |grp_fu_1927_p2            |     +    |      0|  0|  39|          32|          32|
    |grp_fu_1933_p2            |     +    |      0|  0|  39|          32|          32|
    |grp_fu_2016_p2            |     +    |      0|  0|  32|          32|          32|
    |grp_fu_2022_p2            |     +    |      0|  0|  32|          32|          32|
    |out_r                     |     +    |      0|  0|  32|          32|          32|
    |ap_block_state1           |    or    |      0|  0|   2|           1|           1|
    |ap_block_state3           |    or    |      0|  0|   2|           1|           1|
    +--------------------------+----------+-------+---+----+------------+------------+
    |Total                     |          |      0|  0|4083|        3906|        3906|
    +--------------------------+----------+-------+---+----+------------+------------+

    * Multiplexer: 
    +------------------------+----+-----------+-----+-----------+
    |          Name          | LUT| Input Size| Bits| Total Bits|
    +------------------------+----+-----------+-----+-----------+
    |ap_NS_fsm               |  44|          9|    1|          9|
    |ap_done                 |   9|          2|    1|          2|
    |reg_1939                |   9|          2|   32|         64|
    |reg_1944                |   9|          2|   32|         64|
    |reg_1949                |   9|          2|   32|         64|
    |reg_1954                |   9|          2|   32|         64|
    |reg_1963                |   9|          2|   32|         64|
    |reg_1980                |   9|          2|   32|         64|
    |reg_1985                |   9|          2|   32|         64|
    |reg_1994                |   9|          2|   32|         64|
    |reg_1999                |   9|          2|   32|         64|
    |sum_array_0_0_address0  |  27|          5|    3|         15|
    |sum_array_0_0_address1  |  27|          5|    3|         15|
    |sum_array_0_1_address0  |  27|          5|    3|         15|
    |sum_array_0_1_address1  |  27|          5|    3|         15|
    |sum_array_1_0_address0  |  27|          5|    3|         15|
    |sum_array_1_0_address1  |  27|          5|    3|         15|
    |sum_array_1_1_address0  |  27|          5|    3|         15|
    |sum_array_1_1_address1  |  27|          5|    3|         15|
    |sum_array_2_0_address0  |  27|          5|    3|         15|
    |sum_array_2_0_address1  |  27|          5|    3|         15|
    |sum_array_2_1_address0  |  27|          5|    3|         15|
    |sum_array_2_1_address1  |  27|          5|    3|         15|
    |sum_array_3_0_address0  |  27|          5|    3|         15|
    |sum_array_3_0_address1  |  27|          5|    3|         15|
    |sum_array_3_1_address0  |  27|          5|    3|         15|
    |sum_array_3_1_address1  |  27|          5|    3|         15|
    |sum_array_4_0_address0  |  27|          5|    3|         15|
    |sum_array_4_0_address1  |  27|          5|    3|         15|
    |sum_array_4_1_address0  |  27|          5|    3|         15|
    |sum_array_4_1_address1  |  27|          5|    3|         15|
    |sum_array_5_0_address0  |  27|          5|    3|         15|
    |sum_array_5_0_address1  |  27|          5|    3|         15|
    |sum_array_5_1_address0  |  27|          5|    3|         15|
    |sum_array_5_1_address1  |  27|          5|    3|         15|
    |sum_array_6_0_address0  |  27|          5|    3|         15|
    |sum_array_6_0_address1  |  27|          5|    3|         15|
    |sum_array_6_1_address0  |  27|          5|    3|         15|
    |sum_array_6_1_address1  |  27|          5|    3|         15|
    |sum_array_7_0_address0  |  21|          4|    3|         12|
    |sum_array_7_0_address1  |  21|          4|    3|         12|
    |sum_array_7_1_address0  |  21|          4|    3|         12|
    |sum_array_7_1_address1  |  21|          4|    3|         12|
    |x_0_0_blk_n             |   9|          2|    1|          2|
    |x_0_10_blk_n            |   9|          2|    1|          2|
    |x_0_11_blk_n            |   9|          2|    1|          2|
    |x_0_12_blk_n            |   9|          2|    1|          2|
    |x_0_1_blk_n             |   9|          2|    1|          2|
    |x_0_2_blk_n             |   9|          2|    1|          2|
    |x_0_3_blk_n             |   9|          2|    1|          2|
    |x_0_4_blk_n             |   9|          2|    1|          2|
    |x_0_5_blk_n             |   9|          2|    1|          2|
    |x_0_6_blk_n             |   9|          2|    1|          2|
    |x_0_7_blk_n             |   9|          2|    1|          2|
    |x_0_8_blk_n             |   9|          2|    1|          2|
    |x_0_9_blk_n             |   9|          2|    1|          2|
    |x_9_0_blk_n             |   9|          2|    1|          2|
    |x_9_1_blk_n             |   9|          2|    1|          2|
    |x_9_2_blk_n             |   9|          2|    1|          2|
    |y_0_0_blk_n             |   9|          2|    1|          2|
    |y_0_10_blk_n            |   9|          2|    1|          2|
    |y_0_11_blk_n            |   9|          2|    1|          2|
    |y_0_12_blk_n            |   9|          2|    1|          2|
    |y_0_1_blk_n             |   9|          2|    1|          2|
    |y_0_2_blk_n             |   9|          2|    1|          2|
    |y_0_3_blk_n             |   9|          2|    1|          2|
    |y_0_4_blk_n             |   9|          2|    1|          2|
    |y_0_5_blk_n             |   9|          2|    1|          2|
    |y_0_6_blk_n             |   9|          2|    1|          2|
    |y_0_7_blk_n             |   9|          2|    1|          2|
    |y_0_8_blk_n             |   9|          2|    1|          2|
    |y_0_9_blk_n             |   9|          2|    1|          2|
    |y_9_0_blk_n             |   9|          2|    1|          2|
    |y_9_1_blk_n             |   9|          2|    1|          2|
    |y_9_2_blk_n             |   9|          2|    1|          2|
    +------------------------+----+-----------+-----+-----------+
    |Total                   |1262|        249|  418|       1119|
    +------------------------+----+-----------+-----+-----------+

    * Register: 
    +-------------------------------+----+----+-----+-----------+
    |              Name             | FF | LUT| Bits| Const Bits|
    +-------------------------------+----+----+-----+-----------+
    |add_ln477_101_reg_3862         |  32|   0|   32|          0|
    |add_ln477_102_reg_4027         |  32|   0|   32|          0|
    |add_ln477_104_reg_3867         |  32|   0|   32|          0|
    |add_ln477_105_reg_3977         |  32|   0|   32|          0|
    |add_ln477_108_reg_3872         |  32|   0|   32|          0|
    |add_ln477_109_reg_3982         |  32|   0|   32|          0|
    |add_ln477_111_reg_3682         |  32|   0|   32|          0|
    |add_ln477_112_reg_3687         |  32|   0|   32|          0|
    |add_ln477_116_reg_3877         |  32|   0|   32|          0|
    |add_ln477_118_reg_3987         |  32|   0|   32|          0|
    |add_ln477_121_reg_3882         |  32|   0|   32|          0|
    |add_ln477_122_reg_3992         |  32|   0|   32|          0|
    |add_ln477_123_reg_3887         |  32|   0|   32|          0|
    |add_ln477_125_reg_3892         |  32|   0|   32|          0|
    |add_ln477_126_reg_3997         |  32|   0|   32|          0|
    |add_ln477_128_reg_3897         |  32|   0|   32|          0|
    |add_ln477_129_reg_3902         |  32|   0|   32|          0|
    |add_ln477_131_reg_3907         |  32|   0|   32|          0|
    |add_ln477_133_reg_3912         |  32|   0|   32|          0|
    |add_ln477_135_reg_4002         |  32|   0|   32|          0|
    |add_ln477_137_reg_4032         |  32|   0|   32|          0|
    |add_ln477_13_reg_3812          |  32|   0|   32|          0|
    |add_ln477_14_reg_3917          |  32|   0|   32|          0|
    |add_ln477_15_reg_4007          |  32|   0|   32|          0|
    |add_ln477_18_reg_3392          |  32|   0|   32|          0|
    |add_ln477_19_reg_3652          |  32|   0|   32|          0|
    |add_ln477_1_reg_3387           |  32|   0|   32|          0|
    |add_ln477_22_reg_3817          |  32|   0|   32|          0|
    |add_ln477_23_reg_3922          |  32|   0|   32|          0|
    |add_ln477_25_reg_3822          |  32|   0|   32|          0|
    |add_ln477_26_reg_3927          |  32|   0|   32|          0|
    |add_ln477_2_reg_3062           |  32|   0|   32|          0|
    |add_ln477_30_reg_3397          |  32|   0|   32|          0|
    |add_ln477_31_reg_3932          |  32|   0|   32|          0|
    |add_ln477_33_reg_4012          |  32|   0|   32|          0|
    |add_ln477_35_reg_3657          |  32|   0|   32|          0|
    |add_ln477_39_reg_3827          |  32|   0|   32|          0|
    |add_ln477_41_reg_3937          |  32|   0|   32|          0|
    |add_ln477_42_reg_3942          |  32|   0|   32|          0|
    |add_ln477_47_reg_3067          |  32|   0|   32|          0|
    |add_ln477_48_reg_3947          |  32|   0|   32|          0|
    |add_ln477_52_reg_3402          |  32|   0|   32|          0|
    |add_ln477_53_reg_3662          |  32|   0|   32|          0|
    |add_ln477_56_reg_3832          |  32|   0|   32|          0|
    |add_ln477_59_reg_3837          |  32|   0|   32|          0|
    |add_ln477_60_reg_3842          |  32|   0|   32|          0|
    |add_ln477_64_reg_3407          |  32|   0|   32|          0|
    |add_ln477_65_reg_3667          |  32|   0|   32|          0|
    |add_ln477_67_reg_3952          |  32|   0|   32|          0|
    |add_ln477_68_reg_4017          |  32|   0|   32|          0|
    |add_ln477_6_reg_3642           |  32|   0|   32|          0|
    |add_ln477_72_reg_3847          |  32|   0|   32|          0|
    |add_ln477_75_reg_3957          |  32|   0|   32|          0|
    |add_ln477_77_reg_3962          |  32|   0|   32|          0|
    |add_ln477_78_reg_3412          |  32|   0|   32|          0|
    |add_ln477_7_reg_3807           |  32|   0|   32|          0|
    |add_ln477_82_reg_3672          |  32|   0|   32|          0|
    |add_ln477_83_reg_3852          |  32|   0|   32|          0|
    |add_ln477_85_reg_4022          |  32|   0|   32|          0|
    |add_ln477_87_reg_3857          |  32|   0|   32|          0|
    |add_ln477_88_reg_3967          |  32|   0|   32|          0|
    |add_ln477_91_reg_3972          |  32|   0|   32|          0|
    |add_ln477_94_reg_3417          |  32|   0|   32|          0|
    |add_ln477_95_reg_3422          |  32|   0|   32|          0|
    |add_ln477_99_reg_3677          |  32|   0|   32|          0|
    |add_ln477_9_reg_3647           |  32|   0|   32|          0|
    |ap_CS_fsm                      |   8|   0|    8|          0|
    |ap_done_reg                    |   1|   0|    1|          0|
    |reg_1939                       |  32|   0|   32|          0|
    |reg_1944                       |  32|   0|   32|          0|
    |reg_1949                       |  32|   0|   32|          0|
    |reg_1954                       |  32|   0|   32|          0|
    |reg_1959                       |  32|   0|   32|          0|
    |reg_1963                       |  32|   0|   32|          0|
    |reg_1968                       |  32|   0|   32|          0|
    |reg_1972                       |  32|   0|   32|          0|
    |reg_1976                       |  32|   0|   32|          0|
    |reg_1980                       |  32|   0|   32|          0|
    |reg_1985                       |  32|   0|   32|          0|
    |reg_1990                       |  32|   0|   32|          0|
    |reg_1994                       |  32|   0|   32|          0|
    |reg_1999                       |  32|   0|   32|          0|
    |reg_2004                       |  32|   0|   32|          0|
    |reg_2008                       |  32|   0|   32|          0|
    |reg_2012                       |  32|   0|   32|          0|
    |sum_array_1_0_load_reg_2937    |  32|   0|   32|          0|
    |sum_array_1_1_load_3_reg_3447  |  32|   0|   32|          0|
    |sum_array_2_0_load_4_reg_3722  |  32|   0|   32|          0|
    |sum_array_2_1_load_5_reg_3727  |  32|   0|   32|          0|
    |sum_array_3_0_load_5_reg_3492  |  32|   0|   32|          0|
    |sum_array_3_0_load_reg_2977    |  32|   0|   32|          0|
    |sum_array_3_1_load_5_reg_3497  |  32|   0|   32|          0|
    |sum_array_5_1_load_3_reg_3542  |  32|   0|   32|          0|
    |sum_array_6_1_load_5_reg_3577  |  32|   0|   32|          0|
    |temp_l83_i10_w1_reg_3627       |  32|   0|   32|          0|
    |temp_l83_i12_w1_reg_3632       |  32|   0|   32|          0|
    |temp_l83_i1999_w1_reg_3637     |  32|   0|   32|          0|
    |temp_l83_i1_w1_reg_3607        |  32|   0|   32|          0|
    |temp_l83_i3_w1_reg_3612        |  32|   0|   32|          0|
    |temp_l83_i6_w1_reg_3617        |  32|   0|   32|          0|
    |temp_l83_i8_w1_reg_3622        |  32|   0|   32|          0|
    |x_0_0_read_reg_3227            |  16|   0|   16|          0|
    |x_0_10_read_reg_3327           |  16|   0|   16|          0|
    |x_0_11_read_reg_3337           |  16|   0|   16|          0|
    |x_0_12_read_reg_3347           |  16|   0|   16|          0|
    |x_0_1_read_reg_3237            |  16|   0|   16|          0|
    |x_0_2_read_reg_3247            |  16|   0|   16|          0|
    |x_0_3_read_reg_3257            |  16|   0|   16|          0|
    |x_0_4_read_reg_3267            |  16|   0|   16|          0|
    |x_0_5_read_reg_3277            |  16|   0|   16|          0|
    |x_0_6_read_reg_3287            |  16|   0|   16|          0|
    |x_0_7_read_reg_3297            |  16|   0|   16|          0|
    |x_0_8_read_reg_3307            |  16|   0|   16|          0|
    |x_0_9_read_reg_3317            |  16|   0|   16|          0|
    |x_9_0_read_reg_3357            |  16|   0|   16|          0|
    |x_9_1_read_reg_3367            |  16|   0|   16|          0|
    |x_9_2_read_reg_3377            |  16|   0|   16|          0|
    |y_0_0_read_reg_3232            |  16|   0|   16|          0|
    |y_0_10_read_reg_3332           |  16|   0|   16|          0|
    |y_0_11_read_reg_3342           |  16|   0|   16|          0|
    |y_0_12_read_reg_3352           |  16|   0|   16|          0|
    |y_0_1_read_reg_3242            |  16|   0|   16|          0|
    |y_0_2_read_reg_3252            |  16|   0|   16|          0|
    |y_0_3_read_reg_3262            |  16|   0|   16|          0|
    |y_0_4_read_reg_3272            |  16|   0|   16|          0|
    |y_0_5_read_reg_3282            |  16|   0|   16|          0|
    |y_0_6_read_reg_3292            |  16|   0|   16|          0|
    |y_0_7_read_reg_3302            |  16|   0|   16|          0|
    |y_0_8_read_reg_3312            |  16|   0|   16|          0|
    |y_0_9_read_reg_3322            |  16|   0|   16|          0|
    |y_9_0_read_reg_3362            |  16|   0|   16|          0|
    |y_9_1_read_reg_3372            |  16|   0|   16|          0|
    |y_9_2_read_reg_3382            |  16|   0|   16|          0|
    +-------------------------------+----+----+-----+-----------+
    |Total                          |3689|   0| 3689|          0|
    +-------------------------------+----+----+-----+-----------+



================================================================
== Interface
================================================================
* Summary: 
+------------------------+-----+-----+------------+---------------+--------------+
|        RTL Ports       | Dir | Bits|  Protocol  | Source Object |    C Type    |
+------------------------+-----+-----+------------+---------------+--------------+
|ap_clk                  |  in |    1| ap_ctrl_hs |    epilogue   | return value |
|ap_rst                  |  in |    1| ap_ctrl_hs |    epilogue   | return value |
|ap_start                |  in |    1| ap_ctrl_hs |    epilogue   | return value |
|ap_done                 | out |    1| ap_ctrl_hs |    epilogue   | return value |
|ap_continue             |  in |    1| ap_ctrl_hs |    epilogue   | return value |
|ap_idle                 | out |    1| ap_ctrl_hs |    epilogue   | return value |
|ap_ready                | out |    1| ap_ctrl_hs |    epilogue   | return value |
|sum_array_3_0_address0  | out |    3|  ap_memory | sum_array_3_0 |     array    |
|sum_array_3_0_ce0       | out |    1|  ap_memory | sum_array_3_0 |     array    |
|sum_array_3_0_q0        |  in |   32|  ap_memory | sum_array_3_0 |     array    |
|sum_array_3_0_address1  | out |    3|  ap_memory | sum_array_3_0 |     array    |
|sum_array_3_0_ce1       | out |    1|  ap_memory | sum_array_3_0 |     array    |
|sum_array_3_0_q1        |  in |   32|  ap_memory | sum_array_3_0 |     array    |
|sum_array_3_1_address0  | out |    3|  ap_memory | sum_array_3_1 |     array    |
|sum_array_3_1_ce0       | out |    1|  ap_memory | sum_array_3_1 |     array    |
|sum_array_3_1_q0        |  in |   32|  ap_memory | sum_array_3_1 |     array    |
|sum_array_3_1_address1  | out |    3|  ap_memory | sum_array_3_1 |     array    |
|sum_array_3_1_ce1       | out |    1|  ap_memory | sum_array_3_1 |     array    |
|sum_array_3_1_q1        |  in |   32|  ap_memory | sum_array_3_1 |     array    |
|sum_array_2_0_address0  | out |    3|  ap_memory | sum_array_2_0 |     array    |
|sum_array_2_0_ce0       | out |    1|  ap_memory | sum_array_2_0 |     array    |
|sum_array_2_0_q0        |  in |   32|  ap_memory | sum_array_2_0 |     array    |
|sum_array_2_0_address1  | out |    3|  ap_memory | sum_array_2_0 |     array    |
|sum_array_2_0_ce1       | out |    1|  ap_memory | sum_array_2_0 |     array    |
|sum_array_2_0_q1        |  in |   32|  ap_memory | sum_array_2_0 |     array    |
|sum_array_2_1_address0  | out |    3|  ap_memory | sum_array_2_1 |     array    |
|sum_array_2_1_ce0       | out |    1|  ap_memory | sum_array_2_1 |     array    |
|sum_array_2_1_q0        |  in |   32|  ap_memory | sum_array_2_1 |     array    |
|sum_array_2_1_address1  | out |    3|  ap_memory | sum_array_2_1 |     array    |
|sum_array_2_1_ce1       | out |    1|  ap_memory | sum_array_2_1 |     array    |
|sum_array_2_1_q1        |  in |   32|  ap_memory | sum_array_2_1 |     array    |
|y_9_0_dout              |  in |   16|   ap_fifo  |     y_9_0     |    pointer   |
|y_9_0_empty_n           |  in |    1|   ap_fifo  |     y_9_0     |    pointer   |
|y_9_0_read              | out |    1|   ap_fifo  |     y_9_0     |    pointer   |
|y_9_1_dout              |  in |   16|   ap_fifo  |     y_9_1     |    pointer   |
|y_9_1_empty_n           |  in |    1|   ap_fifo  |     y_9_1     |    pointer   |
|y_9_1_read              | out |    1|   ap_fifo  |     y_9_1     |    pointer   |
|y_9_2_dout              |  in |   16|   ap_fifo  |     y_9_2     |    pointer   |
|y_9_2_empty_n           |  in |    1|   ap_fifo  |     y_9_2     |    pointer   |
|y_9_2_read              | out |    1|   ap_fifo  |     y_9_2     |    pointer   |
|sum_array_5_0_address0  | out |    3|  ap_memory | sum_array_5_0 |     array    |
|sum_array_5_0_ce0       | out |    1|  ap_memory | sum_array_5_0 |     array    |
|sum_array_5_0_q0        |  in |   32|  ap_memory | sum_array_5_0 |     array    |
|sum_array_5_0_address1  | out |    3|  ap_memory | sum_array_5_0 |     array    |
|sum_array_5_0_ce1       | out |    1|  ap_memory | sum_array_5_0 |     array    |
|sum_array_5_0_q1        |  in |   32|  ap_memory | sum_array_5_0 |     array    |
|sum_array_5_1_address0  | out |    3|  ap_memory | sum_array_5_1 |     array    |
|sum_array_5_1_ce0       | out |    1|  ap_memory | sum_array_5_1 |     array    |
|sum_array_5_1_q0        |  in |   32|  ap_memory | sum_array_5_1 |     array    |
|sum_array_5_1_address1  | out |    3|  ap_memory | sum_array_5_1 |     array    |
|sum_array_5_1_ce1       | out |    1|  ap_memory | sum_array_5_1 |     array    |
|sum_array_5_1_q1        |  in |   32|  ap_memory | sum_array_5_1 |     array    |
|x_9_0_dout              |  in |   16|   ap_fifo  |     x_9_0     |    pointer   |
|x_9_0_empty_n           |  in |    1|   ap_fifo  |     x_9_0     |    pointer   |
|x_9_0_read              | out |    1|   ap_fifo  |     x_9_0     |    pointer   |
|x_9_1_dout              |  in |   16|   ap_fifo  |     x_9_1     |    pointer   |
|x_9_1_empty_n           |  in |    1|   ap_fifo  |     x_9_1     |    pointer   |
|x_9_1_read              | out |    1|   ap_fifo  |     x_9_1     |    pointer   |
|x_9_2_dout              |  in |   16|   ap_fifo  |     x_9_2     |    pointer   |
|x_9_2_empty_n           |  in |    1|   ap_fifo  |     x_9_2     |    pointer   |
|x_9_2_read              | out |    1|   ap_fifo  |     x_9_2     |    pointer   |
|sum_array_4_0_address0  | out |    3|  ap_memory | sum_array_4_0 |     array    |
|sum_array_4_0_ce0       | out |    1|  ap_memory | sum_array_4_0 |     array    |
|sum_array_4_0_q0        |  in |   32|  ap_memory | sum_array_4_0 |     array    |
|sum_array_4_0_address1  | out |    3|  ap_memory | sum_array_4_0 |     array    |
|sum_array_4_0_ce1       | out |    1|  ap_memory | sum_array_4_0 |     array    |
|sum_array_4_0_q1        |  in |   32|  ap_memory | sum_array_4_0 |     array    |
|sum_array_4_1_address0  | out |    3|  ap_memory | sum_array_4_1 |     array    |
|sum_array_4_1_ce0       | out |    1|  ap_memory | sum_array_4_1 |     array    |
|sum_array_4_1_q0        |  in |   32|  ap_memory | sum_array_4_1 |     array    |
|sum_array_4_1_address1  | out |    3|  ap_memory | sum_array_4_1 |     array    |
|sum_array_4_1_ce1       | out |    1|  ap_memory | sum_array_4_1 |     array    |
|sum_array_4_1_q1        |  in |   32|  ap_memory | sum_array_4_1 |     array    |
|sum_array_7_0_address0  | out |    3|  ap_memory | sum_array_7_0 |     array    |
|sum_array_7_0_ce0       | out |    1|  ap_memory | sum_array_7_0 |     array    |
|sum_array_7_0_q0        |  in |   32|  ap_memory | sum_array_7_0 |     array    |
|sum_array_7_0_address1  | out |    3|  ap_memory | sum_array_7_0 |     array    |
|sum_array_7_0_ce1       | out |    1|  ap_memory | sum_array_7_0 |     array    |
|sum_array_7_0_q1        |  in |   32|  ap_memory | sum_array_7_0 |     array    |
|sum_array_7_1_address0  | out |    3|  ap_memory | sum_array_7_1 |     array    |
|sum_array_7_1_ce0       | out |    1|  ap_memory | sum_array_7_1 |     array    |
|sum_array_7_1_q0        |  in |   32|  ap_memory | sum_array_7_1 |     array    |
|sum_array_7_1_address1  | out |    3|  ap_memory | sum_array_7_1 |     array    |
|sum_array_7_1_ce1       | out |    1|  ap_memory | sum_array_7_1 |     array    |
|sum_array_7_1_q1        |  in |   32|  ap_memory | sum_array_7_1 |     array    |
|sum_array_6_0_address0  | out |    3|  ap_memory | sum_array_6_0 |     array    |
|sum_array_6_0_ce0       | out |    1|  ap_memory | sum_array_6_0 |     array    |
|sum_array_6_0_q0        |  in |   32|  ap_memory | sum_array_6_0 |     array    |
|sum_array_6_0_address1  | out |    3|  ap_memory | sum_array_6_0 |     array    |
|sum_array_6_0_ce1       | out |    1|  ap_memory | sum_array_6_0 |     array    |
|sum_array_6_0_q1        |  in |   32|  ap_memory | sum_array_6_0 |     array    |
|sum_array_6_1_address0  | out |    3|  ap_memory | sum_array_6_1 |     array    |
|sum_array_6_1_ce0       | out |    1|  ap_memory | sum_array_6_1 |     array    |
|sum_array_6_1_q0        |  in |   32|  ap_memory | sum_array_6_1 |     array    |
|sum_array_6_1_address1  | out |    3|  ap_memory | sum_array_6_1 |     array    |
|sum_array_6_1_ce1       | out |    1|  ap_memory | sum_array_6_1 |     array    |
|sum_array_6_1_q1        |  in |   32|  ap_memory | sum_array_6_1 |     array    |
|x_0_0_dout              |  in |   16|   ap_fifo  |     x_0_0     |    pointer   |
|x_0_0_empty_n           |  in |    1|   ap_fifo  |     x_0_0     |    pointer   |
|x_0_0_read              | out |    1|   ap_fifo  |     x_0_0     |    pointer   |
|x_0_1_dout              |  in |   16|   ap_fifo  |     x_0_1     |    pointer   |
|x_0_1_empty_n           |  in |    1|   ap_fifo  |     x_0_1     |    pointer   |
|x_0_1_read              | out |    1|   ap_fifo  |     x_0_1     |    pointer   |
|x_0_2_dout              |  in |   16|   ap_fifo  |     x_0_2     |    pointer   |
|x_0_2_empty_n           |  in |    1|   ap_fifo  |     x_0_2     |    pointer   |
|x_0_2_read              | out |    1|   ap_fifo  |     x_0_2     |    pointer   |
|x_0_3_dout              |  in |   16|   ap_fifo  |     x_0_3     |    pointer   |
|x_0_3_empty_n           |  in |    1|   ap_fifo  |     x_0_3     |    pointer   |
|x_0_3_read              | out |    1|   ap_fifo  |     x_0_3     |    pointer   |
|x_0_4_dout              |  in |   16|   ap_fifo  |     x_0_4     |    pointer   |
|x_0_4_empty_n           |  in |    1|   ap_fifo  |     x_0_4     |    pointer   |
|x_0_4_read              | out |    1|   ap_fifo  |     x_0_4     |    pointer   |
|x_0_5_dout              |  in |   16|   ap_fifo  |     x_0_5     |    pointer   |
|x_0_5_empty_n           |  in |    1|   ap_fifo  |     x_0_5     |    pointer   |
|x_0_5_read              | out |    1|   ap_fifo  |     x_0_5     |    pointer   |
|x_0_6_dout              |  in |   16|   ap_fifo  |     x_0_6     |    pointer   |
|x_0_6_empty_n           |  in |    1|   ap_fifo  |     x_0_6     |    pointer   |
|x_0_6_read              | out |    1|   ap_fifo  |     x_0_6     |    pointer   |
|x_0_7_dout              |  in |   16|   ap_fifo  |     x_0_7     |    pointer   |
|x_0_7_empty_n           |  in |    1|   ap_fifo  |     x_0_7     |    pointer   |
|x_0_7_read              | out |    1|   ap_fifo  |     x_0_7     |    pointer   |
|x_0_8_dout              |  in |   16|   ap_fifo  |     x_0_8     |    pointer   |
|x_0_8_empty_n           |  in |    1|   ap_fifo  |     x_0_8     |    pointer   |
|x_0_8_read              | out |    1|   ap_fifo  |     x_0_8     |    pointer   |
|x_0_9_dout              |  in |   16|   ap_fifo  |     x_0_9     |    pointer   |
|x_0_9_empty_n           |  in |    1|   ap_fifo  |     x_0_9     |    pointer   |
|x_0_9_read              | out |    1|   ap_fifo  |     x_0_9     |    pointer   |
|x_0_10_dout             |  in |   16|   ap_fifo  |     x_0_10    |    pointer   |
|x_0_10_empty_n          |  in |    1|   ap_fifo  |     x_0_10    |    pointer   |
|x_0_10_read             | out |    1|   ap_fifo  |     x_0_10    |    pointer   |
|x_0_11_dout             |  in |   16|   ap_fifo  |     x_0_11    |    pointer   |
|x_0_11_empty_n          |  in |    1|   ap_fifo  |     x_0_11    |    pointer   |
|x_0_11_read             | out |    1|   ap_fifo  |     x_0_11    |    pointer   |
|x_0_12_dout             |  in |   16|   ap_fifo  |     x_0_12    |    pointer   |
|x_0_12_empty_n          |  in |    1|   ap_fifo  |     x_0_12    |    pointer   |
|x_0_12_read             | out |    1|   ap_fifo  |     x_0_12    |    pointer   |
|y_0_0_dout              |  in |   16|   ap_fifo  |     y_0_0     |    pointer   |
|y_0_0_empty_n           |  in |    1|   ap_fifo  |     y_0_0     |    pointer   |
|y_0_0_read              | out |    1|   ap_fifo  |     y_0_0     |    pointer   |
|y_0_1_dout              |  in |   16|   ap_fifo  |     y_0_1     |    pointer   |
|y_0_1_empty_n           |  in |    1|   ap_fifo  |     y_0_1     |    pointer   |
|y_0_1_read              | out |    1|   ap_fifo  |     y_0_1     |    pointer   |
|y_0_2_dout              |  in |   16|   ap_fifo  |     y_0_2     |    pointer   |
|y_0_2_empty_n           |  in |    1|   ap_fifo  |     y_0_2     |    pointer   |
|y_0_2_read              | out |    1|   ap_fifo  |     y_0_2     |    pointer   |
|y_0_3_dout              |  in |   16|   ap_fifo  |     y_0_3     |    pointer   |
|y_0_3_empty_n           |  in |    1|   ap_fifo  |     y_0_3     |    pointer   |
|y_0_3_read              | out |    1|   ap_fifo  |     y_0_3     |    pointer   |
|y_0_4_dout              |  in |   16|   ap_fifo  |     y_0_4     |    pointer   |
|y_0_4_empty_n           |  in |    1|   ap_fifo  |     y_0_4     |    pointer   |
|y_0_4_read              | out |    1|   ap_fifo  |     y_0_4     |    pointer   |
|y_0_5_dout              |  in |   16|   ap_fifo  |     y_0_5     |    pointer   |
|y_0_5_empty_n           |  in |    1|   ap_fifo  |     y_0_5     |    pointer   |
|y_0_5_read              | out |    1|   ap_fifo  |     y_0_5     |    pointer   |
|y_0_6_dout              |  in |   16|   ap_fifo  |     y_0_6     |    pointer   |
|y_0_6_empty_n           |  in |    1|   ap_fifo  |     y_0_6     |    pointer   |
|y_0_6_read              | out |    1|   ap_fifo  |     y_0_6     |    pointer   |
|y_0_7_dout              |  in |   16|   ap_fifo  |     y_0_7     |    pointer   |
|y_0_7_empty_n           |  in |    1|   ap_fifo  |     y_0_7     |    pointer   |
|y_0_7_read              | out |    1|   ap_fifo  |     y_0_7     |    pointer   |
|y_0_8_dout              |  in |   16|   ap_fifo  |     y_0_8     |    pointer   |
|y_0_8_empty_n           |  in |    1|   ap_fifo  |     y_0_8     |    pointer   |
|y_0_8_read              | out |    1|   ap_fifo  |     y_0_8     |    pointer   |
|y_0_9_dout              |  in |   16|   ap_fifo  |     y_0_9     |    pointer   |
|y_0_9_empty_n           |  in |    1|   ap_fifo  |     y_0_9     |    pointer   |
|y_0_9_read              | out |    1|   ap_fifo  |     y_0_9     |    pointer   |
|y_0_10_dout             |  in |   16|   ap_fifo  |     y_0_10    |    pointer   |
|y_0_10_empty_n          |  in |    1|   ap_fifo  |     y_0_10    |    pointer   |
|y_0_10_read             | out |    1|   ap_fifo  |     y_0_10    |    pointer   |
|y_0_11_dout             |  in |   16|   ap_fifo  |     y_0_11    |    pointer   |
|y_0_11_empty_n          |  in |    1|   ap_fifo  |     y_0_11    |    pointer   |
|y_0_11_read             | out |    1|   ap_fifo  |     y_0_11    |    pointer   |
|y_0_12_dout             |  in |   16|   ap_fifo  |     y_0_12    |    pointer   |
|y_0_12_empty_n          |  in |    1|   ap_fifo  |     y_0_12    |    pointer   |
|y_0_12_read             | out |    1|   ap_fifo  |     y_0_12    |    pointer   |
|sum_array_1_0_address0  | out |    3|  ap_memory | sum_array_1_0 |     array    |
|sum_array_1_0_ce0       | out |    1|  ap_memory | sum_array_1_0 |     array    |
|sum_array_1_0_q0        |  in |   32|  ap_memory | sum_array_1_0 |     array    |
|sum_array_1_0_address1  | out |    3|  ap_memory | sum_array_1_0 |     array    |
|sum_array_1_0_ce1       | out |    1|  ap_memory | sum_array_1_0 |     array    |
|sum_array_1_0_q1        |  in |   32|  ap_memory | sum_array_1_0 |     array    |
|sum_array_1_1_address0  | out |    3|  ap_memory | sum_array_1_1 |     array    |
|sum_array_1_1_ce0       | out |    1|  ap_memory | sum_array_1_1 |     array    |
|sum_array_1_1_q0        |  in |   32|  ap_memory | sum_array_1_1 |     array    |
|sum_array_1_1_address1  | out |    3|  ap_memory | sum_array_1_1 |     array    |
|sum_array_1_1_ce1       | out |    1|  ap_memory | sum_array_1_1 |     array    |
|sum_array_1_1_q1        |  in |   32|  ap_memory | sum_array_1_1 |     array    |
|sum_array_0_0_address0  | out |    3|  ap_memory | sum_array_0_0 |     array    |
|sum_array_0_0_ce0       | out |    1|  ap_memory | sum_array_0_0 |     array    |
|sum_array_0_0_q0        |  in |   32|  ap_memory | sum_array_0_0 |     array    |
|sum_array_0_0_address1  | out |    3|  ap_memory | sum_array_0_0 |     array    |
|sum_array_0_0_ce1       | out |    1|  ap_memory | sum_array_0_0 |     array    |
|sum_array_0_0_q1        |  in |   32|  ap_memory | sum_array_0_0 |     array    |
|sum_array_0_1_address0  | out |    3|  ap_memory | sum_array_0_1 |     array    |
|sum_array_0_1_ce0       | out |    1|  ap_memory | sum_array_0_1 |     array    |
|sum_array_0_1_q0        |  in |   32|  ap_memory | sum_array_0_1 |     array    |
|sum_array_0_1_address1  | out |    3|  ap_memory | sum_array_0_1 |     array    |
|sum_array_0_1_ce1       | out |    1|  ap_memory | sum_array_0_1 |     array    |
|sum_array_0_1_q1        |  in |   32|  ap_memory | sum_array_0_1 |     array    |
|out_r                   | out |   32|   ap_vld   |     out_r     |    pointer   |
|out_r_ap_vld            | out |    1|   ap_vld   |     out_r     |    pointer   |
+------------------------+-----+-----+------------+---------------+--------------+

