

================================================================
== Vivado HLS Report for 'knnNoEpilogue10000p16f_4parallel'
================================================================
* Date:           Tue Sep 22 15:32:32 2020

* Version:        2019.2 (Build 2704478 on Wed Nov 06 22:10:23 MST 2019)
* Project:        knn
* Solution:       solution1
* Product family: zynq
* Target device:  xc7z020-clg484-1


================================================================
== Performance Estimates
================================================================
+ Timing: 
    * Summary: 
    +--------+----------+----------+------------+
    |  Clock |  Target  | Estimated| Uncertainty|
    +--------+----------+----------+------------+
    |ap_clk  | 10.00 ns | 8.635 ns |   1.25 ns  |
    +--------+----------+----------+------------+

+ Latency: 
    * Summary: 
    +---------+---------+----------+----------+-------+-------+----------+
    |  Latency (cycles) |  Latency (absolute) |    Interval   | Pipeline |
    |   min   |   max   |    min   |    max   |  min  |  max  |   Type   |
    +---------+---------+----------+----------+-------+-------+----------+
    |    27710|    27710| 0.277 ms | 0.277 ms |  20003|  20003| dataflow |
    +---------+---------+----------+----------+-------+-------+----------+

    + Detail: 
        * Instance: 
        +---------------------------+------------------------+---------+---------+-----------+-----------+-------+-------+---------+
        |                           |                        |  Latency (cycles) |   Latency (absolute)  |    Interval   | Pipeline|
        |          Instance         |         Module         |   min   |   max   |    min    |    max    |  min  |  max  |   Type  |
        +---------------------------+------------------------+---------+---------+-----------+-----------+-------+-------+---------+
        |parallel_023_U0            |parallel_023            |     7568|     7568| 75.680 us | 75.680 us |   7568|   7568|   none  |
        |parallel_024_U0            |parallel_024            |     7568|     7568| 75.680 us | 75.680 us |   7568|   7568|   none  |
        |parallel_025_U0            |parallel_025            |     7568|     7568| 75.680 us | 75.680 us |   7568|   7568|   none  |
        |parallel_0_U0              |parallel_0              |     7568|     7568| 75.680 us | 75.680 us |   7568|   7568|   none  |
        |epilogue_U0                |epilogue                |      137|      137|  1.370 us |  1.370 us |    137|    137|   none  |
        |epilogue_026_U0            |epilogue_026            |    20002|    20002|  0.200 ms |  0.200 ms |  20002|  20002|   none  |
        |epilogue_027_U0            |epilogue_027            |    20002|    20002|  0.200 ms |  0.200 ms |  20002|  20002|   none  |
        |epilogue_028_U0            |epilogue_028            |    20002|    20002|  0.200 ms |  0.200 ms |  20002|  20002|   none  |
        |epilogue_0_U0              |epilogue_0              |    20002|    20002|  0.200 ms |  0.200 ms |  20002|  20002|   none  |
        |knnNoEpilogue10000p1_1_U0  |knnNoEpilogue10000p1_1  |        0|        0|    0 ns   |    0 ns   |      0|      0|   none  |
        +---------------------------+------------------------+---------+---------+-----------+-----------+-------+-------+---------+

        * Loop: 
        N/A



================================================================
== Utilization Estimates
================================================================
* Summary: 
+-----------------+---------+-------+--------+-------+-----+
|       Name      | BRAM_18K| DSP48E|   FF   |  LUT  | URAM|
+-----------------+---------+-------+--------+-------+-----+
|DSP              |        -|      -|       -|      -|    -|
|Expression       |        -|      -|       0|    236|    -|
|FIFO             |        0|      -|     440|   3584|    -|
|Instance         |        0|    160|   30497|  40696|    -|
|Memory           |       32|      -|       0|      0|    0|
|Multiplexer      |        -|      -|       -|    378|    -|
|Register         |        -|      -|      51|      -|    -|
+-----------------+---------+-------+--------+-------+-----+
|Total            |       32|    160|   30988|  44894|    0|
+-----------------+---------+-------+--------+-------+-----+
|Available        |      280|    220|  106400|  53200|    0|
+-----------------+---------+-------+--------+-------+-----+
|Utilization (%)  |       11|     72|      29|     84|    0|
+-----------------+---------+-------+--------+-------+-----+

+ Detail: 
    * Instance: 
    +---------------------------+------------------------+---------+-------+------+------+-----+
    |          Instance         |         Module         | BRAM_18K| DSP48E|  FF  |  LUT | URAM|
    +---------------------------+------------------------+---------+-------+------+------+-----+
    |epilogue_U0                |epilogue                |        0|      0|  1623|  4229|    0|
    |epilogue_0_U0              |epilogue_0              |        0|      0|   622|  1151|    0|
    |epilogue_026_U0            |epilogue_026            |        0|      0|   622|  1151|    0|
    |epilogue_027_U0            |epilogue_027            |        0|      0|   622|  1151|    0|
    |epilogue_028_U0            |epilogue_028            |        0|      0|   622|  1151|    0|
    |knnNoEpilogue10000p1_1_U0  |knnNoEpilogue10000p1_1  |        0|      0|     2|   587|    0|
    |parallel_0_U0              |parallel_0              |        0|     40|  6596|  7819|    0|
    |parallel_023_U0            |parallel_023            |        0|     40|  6596|  7819|    0|
    |parallel_024_U0            |parallel_024            |        0|     40|  6596|  7819|    0|
    |parallel_025_U0            |parallel_025            |        0|     40|  6596|  7819|    0|
    +---------------------------+------------------------+---------+-------+------+------+-----+
    |Total                      |                        |        0|    160| 30497| 40696|    0|
    +---------------------------+------------------------+---------+-------+------+------+-----+

    * DSP48E: 
    N/A

    * Memory: 
    +----------------------+----------------------+---------+---+----+-----+------+-----+------+-------------+
    |        Memory        |        Module        | BRAM_18K| FF| LUT| URAM| Words| Bits| Banks| W*Bits*Banks|
    +----------------------+----------------------+---------+---+----+-----+------+-----+------+-------------+
    |distances0_array_0_U  |knnNoEpilogue1000kbM  |        8|  0|   0|    0|  2500|   32|     2|       160000|
    |distances0_array_1_U  |knnNoEpilogue1000kbM  |        8|  0|   0|    0|  2500|   32|     2|       160000|
    |distances0_array_2_U  |knnNoEpilogue1000kbM  |        8|  0|   0|    0|  2500|   32|     2|       160000|
    |distances0_array_3_U  |knnNoEpilogue1000kbM  |        8|  0|   0|    0|  2500|   32|     2|       160000|
    +----------------------+----------------------+---------+---+----+-----+------+-----+------+-------------+
    |Total                 |                      |       32|  0|   0|    0| 10000|  128|     8|       640000|
    +----------------------+----------------------+---------+---+----+-----+------+-----+------+-------------+

    * FIFO: 
    +--------------------+---------+---+----+-----+------+-----+---------+
    |        Name        | BRAM_18K| FF| LUT| URAM| Depth| Bits| Size:D*B|
    +--------------------+---------+---+----+-----+------+-----+---------+
    |BPC0_0_U            |        0|  5|   0|    -|     2|    8|       16|
    |BPC0_1_U            |        0|  5|   0|    -|     2|    8|       16|
    |BPC0_2_U            |        0|  5|   0|    -|     2|    8|       16|
    |BPC1_0_U            |        0|  5|   0|    -|     2|    8|       16|
    |BPC1_1_U            |        0|  5|   0|    -|     2|    8|       16|
    |BPC1_2_U            |        0|  5|   0|    -|     2|    8|       16|
    |BPC2_0_U            |        0|  5|   0|    -|     2|    8|       16|
    |BPC2_1_U            |        0|  5|   0|    -|     2|    8|       16|
    |BPC2_2_U            |        0|  5|   0|    -|     2|    8|       16|
    |BPC3_0_U            |        0|  5|   0|    -|     2|    8|       16|
    |BPC3_1_U            |        0|  5|   0|    -|     2|    8|       16|
    |BPC3_2_U            |        0|  5|   0|    -|     2|    8|       16|
    |BPD0_0_U            |        0|  5|   0|    -|     2|   32|       64|
    |BPD0_1_U            |        0|  5|   0|    -|     2|   32|       64|
    |BPD0_2_U            |        0|  5|   0|    -|     2|   32|       64|
    |BPD1_0_U            |        0|  5|   0|    -|     2|   32|       64|
    |BPD1_1_U            |        0|  5|   0|    -|     2|   32|       64|
    |BPD1_2_U            |        0|  5|   0|    -|     2|   32|       64|
    |BPD2_0_U            |        0|  5|   0|    -|     2|   32|       64|
    |BPD2_1_U            |        0|  5|   0|    -|     2|   32|       64|
    |BPD2_2_U            |        0|  5|   0|    -|     2|   32|       64|
    |BPD3_0_U            |        0|  5|   0|    -|     2|   32|       64|
    |BPD3_1_U            |        0|  5|   0|    -|     2|   32|       64|
    |BPD3_2_U            |        0|  5|   0|    -|     2|   32|       64|
    |xFeatures_0_c1_U    |        0|  5|   0|    -|     2|   32|       64|
    |xFeatures_0_c2_U    |        0|  5|   0|    -|     2|   32|       64|
    |xFeatures_0_c3_U    |        0|  5|   0|    -|     2|   32|       64|
    |xFeatures_0_c_U     |        0|  5|   0|    -|     2|   32|       64|
    |xFeatures_10_c31_U  |        0|  5|   0|    -|     2|   32|       64|
    |xFeatures_10_c32_U  |        0|  5|   0|    -|     2|   32|       64|
    |xFeatures_10_c33_U  |        0|  5|   0|    -|     2|   32|       64|
    |xFeatures_10_c_U    |        0|  5|   0|    -|     2|   32|       64|
    |xFeatures_11_c34_U  |        0|  5|   0|    -|     2|   32|       64|
    |xFeatures_11_c35_U  |        0|  5|   0|    -|     2|   32|       64|
    |xFeatures_11_c36_U  |        0|  5|   0|    -|     2|   32|       64|
    |xFeatures_11_c_U    |        0|  5|   0|    -|     2|   32|       64|
    |xFeatures_12_c37_U  |        0|  5|   0|    -|     2|   32|       64|
    |xFeatures_12_c38_U  |        0|  5|   0|    -|     2|   32|       64|
    |xFeatures_12_c39_U  |        0|  5|   0|    -|     2|   32|       64|
    |xFeatures_12_c_U    |        0|  5|   0|    -|     2|   32|       64|
    |xFeatures_13_c40_U  |        0|  5|   0|    -|     2|   32|       64|
    |xFeatures_13_c41_U  |        0|  5|   0|    -|     2|   32|       64|
    |xFeatures_13_c42_U  |        0|  5|   0|    -|     2|   32|       64|
    |xFeatures_13_c_U    |        0|  5|   0|    -|     2|   32|       64|
    |xFeatures_14_c43_U  |        0|  5|   0|    -|     2|   32|       64|
    |xFeatures_14_c44_U  |        0|  5|   0|    -|     2|   32|       64|
    |xFeatures_14_c45_U  |        0|  5|   0|    -|     2|   32|       64|
    |xFeatures_14_c_U    |        0|  5|   0|    -|     2|   32|       64|
    |xFeatures_15_c46_U  |        0|  5|   0|    -|     2|   32|       64|
    |xFeatures_15_c47_U  |        0|  5|   0|    -|     2|   32|       64|
    |xFeatures_15_c48_U  |        0|  5|   0|    -|     2|   32|       64|
    |xFeatures_15_c_U    |        0|  5|   0|    -|     2|   32|       64|
    |xFeatures_1_c4_U    |        0|  5|   0|    -|     2|   32|       64|
    |xFeatures_1_c5_U    |        0|  5|   0|    -|     2|   32|       64|
    |xFeatures_1_c6_U    |        0|  5|   0|    -|     2|   32|       64|
    |xFeatures_1_c_U     |        0|  5|   0|    -|     2|   32|       64|
    |xFeatures_2_c7_U    |        0|  5|   0|    -|     2|   32|       64|
    |xFeatures_2_c8_U    |        0|  5|   0|    -|     2|   32|       64|
    |xFeatures_2_c9_U    |        0|  5|   0|    -|     2|   32|       64|
    |xFeatures_2_c_U     |        0|  5|   0|    -|     2|   32|       64|
    |xFeatures_3_c10_U   |        0|  5|   0|    -|     2|   32|       64|
    |xFeatures_3_c11_U   |        0|  5|   0|    -|     2|   32|       64|
    |xFeatures_3_c12_U   |        0|  5|   0|    -|     2|   32|       64|
    |xFeatures_3_c_U     |        0|  5|   0|    -|     2|   32|       64|
    |xFeatures_4_c13_U   |        0|  5|   0|    -|     2|   32|       64|
    |xFeatures_4_c14_U   |        0|  5|   0|    -|     2|   32|       64|
    |xFeatures_4_c15_U   |        0|  5|   0|    -|     2|   32|       64|
    |xFeatures_4_c_U     |        0|  5|   0|    -|     2|   32|       64|
    |xFeatures_5_c16_U   |        0|  5|   0|    -|     2|   32|       64|
    |xFeatures_5_c17_U   |        0|  5|   0|    -|     2|   32|       64|
    |xFeatures_5_c18_U   |        0|  5|   0|    -|     2|   32|       64|
    |xFeatures_5_c_U     |        0|  5|   0|    -|     2|   32|       64|
    |xFeatures_6_c19_U   |        0|  5|   0|    -|     2|   32|       64|
    |xFeatures_6_c20_U   |        0|  5|   0|    -|     2|   32|       64|
    |xFeatures_6_c21_U   |        0|  5|   0|    -|     2|   32|       64|
    |xFeatures_6_c_U     |        0|  5|   0|    -|     2|   32|       64|
    |xFeatures_7_c22_U   |        0|  5|   0|    -|     2|   32|       64|
    |xFeatures_7_c23_U   |        0|  5|   0|    -|     2|   32|       64|
    |xFeatures_7_c24_U   |        0|  5|   0|    -|     2|   32|       64|
    |xFeatures_7_c_U     |        0|  5|   0|    -|     2|   32|       64|
    |xFeatures_8_c25_U   |        0|  5|   0|    -|     2|   32|       64|
    |xFeatures_8_c26_U   |        0|  5|   0|    -|     2|   32|       64|
    |xFeatures_8_c27_U   |        0|  5|   0|    -|     2|   32|       64|
    |xFeatures_8_c_U     |        0|  5|   0|    -|     2|   32|       64|
    |xFeatures_9_c28_U   |        0|  5|   0|    -|     2|   32|       64|
    |xFeatures_9_c29_U   |        0|  5|   0|    -|     2|   32|       64|
    |xFeatures_9_c30_U   |        0|  5|   0|    -|     2|   32|       64|
    |xFeatures_9_c_U     |        0|  5|   0|    -|     2|   32|       64|
    +--------------------+---------+---+----+-----+------+-----+---------+
    |Total               |        0|440|   0|    0|   176| 2528|     5056|
    +--------------------+---------+---+----+-----+------+-----+---------+

    * Expression: 
    +--------------------------------------------+----------+-------+---+----+------------+------------+
    |                Variable Name               | Operation| DSP48E| FF| LUT| Bitwidth P0| Bitwidth P1|
    +--------------------------------------------+----------+-------+---+----+------------+------------+
    |epilogue_026_U0_ap_ready_count              |     +    |      0|  0|  10|           2|           1|
    |epilogue_027_U0_ap_ready_count              |     +    |      0|  0|  10|           2|           1|
    |epilogue_028_U0_ap_ready_count              |     +    |      0|  0|  10|           2|           1|
    |epilogue_0_U0_ap_ready_count                |     +    |      0|  0|  10|           2|           1|
    |knnNoEpilogue10000p1_1_U0_ap_ready_count    |     +    |      0|  0|  10|           2|           1|
    |parallel_023_U0_ap_ready_count              |     +    |      0|  0|  10|           2|           1|
    |parallel_024_U0_ap_ready_count              |     +    |      0|  0|  10|           2|           1|
    |parallel_025_U0_ap_ready_count              |     +    |      0|  0|  10|           2|           1|
    |parallel_0_U0_ap_ready_count                |     +    |      0|  0|  10|           2|           1|
    |ap_channel_done_BPC0_0                      |    and   |      0|  0|   2|           1|           1|
    |ap_channel_done_BPC0_1                      |    and   |      0|  0|   2|           1|           1|
    |ap_channel_done_BPC0_2                      |    and   |      0|  0|   2|           1|           1|
    |ap_channel_done_BPC1_0                      |    and   |      0|  0|   2|           1|           1|
    |ap_channel_done_BPC1_1                      |    and   |      0|  0|   2|           1|           1|
    |ap_channel_done_BPC1_2                      |    and   |      0|  0|   2|           1|           1|
    |ap_channel_done_BPC2_0                      |    and   |      0|  0|   2|           1|           1|
    |ap_channel_done_BPC2_1                      |    and   |      0|  0|   2|           1|           1|
    |ap_channel_done_BPC2_2                      |    and   |      0|  0|   2|           1|           1|
    |ap_channel_done_BPC3_0                      |    and   |      0|  0|   2|           1|           1|
    |ap_channel_done_BPC3_1                      |    and   |      0|  0|   2|           1|           1|
    |ap_channel_done_BPC3_2                      |    and   |      0|  0|   2|           1|           1|
    |ap_channel_done_BPD0_0                      |    and   |      0|  0|   2|           1|           1|
    |ap_channel_done_BPD0_1                      |    and   |      0|  0|   2|           1|           1|
    |ap_channel_done_BPD0_2                      |    and   |      0|  0|   2|           1|           1|
    |ap_channel_done_BPD1_0                      |    and   |      0|  0|   2|           1|           1|
    |ap_channel_done_BPD1_1                      |    and   |      0|  0|   2|           1|           1|
    |ap_channel_done_BPD1_2                      |    and   |      0|  0|   2|           1|           1|
    |ap_channel_done_BPD2_0                      |    and   |      0|  0|   2|           1|           1|
    |ap_channel_done_BPD2_1                      |    and   |      0|  0|   2|           1|           1|
    |ap_channel_done_BPD2_2                      |    and   |      0|  0|   2|           1|           1|
    |ap_channel_done_BPD3_0                      |    and   |      0|  0|   2|           1|           1|
    |ap_channel_done_BPD3_1                      |    and   |      0|  0|   2|           1|           1|
    |ap_channel_done_BPD3_2                      |    and   |      0|  0|   2|           1|           1|
    |ap_idle                                     |    and   |      0|  0|   2|           1|           1|
    |ap_sync_ready                               |    and   |      0|  0|   2|           1|           1|
    |epilogue_026_U0_ap_continue                 |    and   |      0|  0|   2|           1|           1|
    |epilogue_026_U0_ap_start                    |    and   |      0|  0|   2|           1|           1|
    |epilogue_027_U0_ap_continue                 |    and   |      0|  0|   2|           1|           1|
    |epilogue_027_U0_ap_start                    |    and   |      0|  0|   2|           1|           1|
    |epilogue_028_U0_ap_continue                 |    and   |      0|  0|   2|           1|           1|
    |epilogue_028_U0_ap_start                    |    and   |      0|  0|   2|           1|           1|
    |epilogue_0_U0_ap_continue                   |    and   |      0|  0|   2|           1|           1|
    |epilogue_0_U0_ap_start                      |    and   |      0|  0|   2|           1|           1|
    |epilogue_U0_ap_start                        |    and   |      0|  0|   2|           1|           1|
    |knnNoEpilogue10000p1_1_U0_ap_start          |    and   |      0|  0|   2|           1|           1|
    |parallel_023_U0_ap_start                    |    and   |      0|  0|   2|           1|           1|
    |parallel_024_U0_ap_start                    |    and   |      0|  0|   2|           1|           1|
    |parallel_025_U0_ap_start                    |    and   |      0|  0|   2|           1|           1|
    |parallel_0_U0_ap_start                      |    and   |      0|  0|   2|           1|           1|
    |ap_sync_channel_write_BPC0_0                |    or    |      0|  0|   2|           1|           1|
    |ap_sync_channel_write_BPC0_1                |    or    |      0|  0|   2|           1|           1|
    |ap_sync_channel_write_BPC0_2                |    or    |      0|  0|   2|           1|           1|
    |ap_sync_channel_write_BPC1_0                |    or    |      0|  0|   2|           1|           1|
    |ap_sync_channel_write_BPC1_1                |    or    |      0|  0|   2|           1|           1|
    |ap_sync_channel_write_BPC1_2                |    or    |      0|  0|   2|           1|           1|
    |ap_sync_channel_write_BPC2_0                |    or    |      0|  0|   2|           1|           1|
    |ap_sync_channel_write_BPC2_1                |    or    |      0|  0|   2|           1|           1|
    |ap_sync_channel_write_BPC2_2                |    or    |      0|  0|   2|           1|           1|
    |ap_sync_channel_write_BPC3_0                |    or    |      0|  0|   2|           1|           1|
    |ap_sync_channel_write_BPC3_1                |    or    |      0|  0|   2|           1|           1|
    |ap_sync_channel_write_BPC3_2                |    or    |      0|  0|   2|           1|           1|
    |ap_sync_channel_write_BPD0_0                |    or    |      0|  0|   2|           1|           1|
    |ap_sync_channel_write_BPD0_1                |    or    |      0|  0|   2|           1|           1|
    |ap_sync_channel_write_BPD0_2                |    or    |      0|  0|   2|           1|           1|
    |ap_sync_channel_write_BPD1_0                |    or    |      0|  0|   2|           1|           1|
    |ap_sync_channel_write_BPD1_1                |    or    |      0|  0|   2|           1|           1|
    |ap_sync_channel_write_BPD1_2                |    or    |      0|  0|   2|           1|           1|
    |ap_sync_channel_write_BPD2_0                |    or    |      0|  0|   2|           1|           1|
    |ap_sync_channel_write_BPD2_1                |    or    |      0|  0|   2|           1|           1|
    |ap_sync_channel_write_BPD2_2                |    or    |      0|  0|   2|           1|           1|
    |ap_sync_channel_write_BPD3_0                |    or    |      0|  0|   2|           1|           1|
    |ap_sync_channel_write_BPD3_1                |    or    |      0|  0|   2|           1|           1|
    |ap_sync_channel_write_BPD3_2                |    or    |      0|  0|   2|           1|           1|
    |ap_sync_epilogue_026_U0_ap_ready            |    or    |      0|  0|   2|           1|           1|
    |ap_sync_epilogue_027_U0_ap_ready            |    or    |      0|  0|   2|           1|           1|
    |ap_sync_epilogue_028_U0_ap_ready            |    or    |      0|  0|   2|           1|           1|
    |ap_sync_epilogue_0_U0_ap_ready              |    or    |      0|  0|   2|           1|           1|
    |ap_sync_knnNoEpilogue10000p1_1_U0_ap_ready  |    or    |      0|  0|   2|           1|           1|
    |ap_sync_parallel_023_U0_ap_ready            |    or    |      0|  0|   2|           1|           1|
    |ap_sync_parallel_024_U0_ap_ready            |    or    |      0|  0|   2|           1|           1|
    |ap_sync_parallel_025_U0_ap_ready            |    or    |      0|  0|   2|           1|           1|
    |ap_sync_parallel_0_U0_ap_ready              |    or    |      0|  0|   2|           1|           1|
    +--------------------------------------------+----------+-------+---+----+------------+------------+
    |Total                                       |          |      0|  0| 236|          91|          82|
    +--------------------------------------------+----------+-------+---+----+------------+------------+

    * Multiplexer: 
    +------------------------------------------------+----+-----------+-----+-----------+
    |                      Name                      | LUT| Input Size| Bits| Total Bits|
    +------------------------------------------------+----+-----------+-----+-----------+
    |ap_sync_reg_channel_write_BPC0_0                |   9|          2|    1|          2|
    |ap_sync_reg_channel_write_BPC0_1                |   9|          2|    1|          2|
    |ap_sync_reg_channel_write_BPC0_2                |   9|          2|    1|          2|
    |ap_sync_reg_channel_write_BPC1_0                |   9|          2|    1|          2|
    |ap_sync_reg_channel_write_BPC1_1                |   9|          2|    1|          2|
    |ap_sync_reg_channel_write_BPC1_2                |   9|          2|    1|          2|
    |ap_sync_reg_channel_write_BPC2_0                |   9|          2|    1|          2|
    |ap_sync_reg_channel_write_BPC2_1                |   9|          2|    1|          2|
    |ap_sync_reg_channel_write_BPC2_2                |   9|          2|    1|          2|
    |ap_sync_reg_channel_write_BPC3_0                |   9|          2|    1|          2|
    |ap_sync_reg_channel_write_BPC3_1                |   9|          2|    1|          2|
    |ap_sync_reg_channel_write_BPC3_2                |   9|          2|    1|          2|
    |ap_sync_reg_channel_write_BPD0_0                |   9|          2|    1|          2|
    |ap_sync_reg_channel_write_BPD0_1                |   9|          2|    1|          2|
    |ap_sync_reg_channel_write_BPD0_2                |   9|          2|    1|          2|
    |ap_sync_reg_channel_write_BPD1_0                |   9|          2|    1|          2|
    |ap_sync_reg_channel_write_BPD1_1                |   9|          2|    1|          2|
    |ap_sync_reg_channel_write_BPD1_2                |   9|          2|    1|          2|
    |ap_sync_reg_channel_write_BPD2_0                |   9|          2|    1|          2|
    |ap_sync_reg_channel_write_BPD2_1                |   9|          2|    1|          2|
    |ap_sync_reg_channel_write_BPD2_2                |   9|          2|    1|          2|
    |ap_sync_reg_channel_write_BPD3_0                |   9|          2|    1|          2|
    |ap_sync_reg_channel_write_BPD3_1                |   9|          2|    1|          2|
    |ap_sync_reg_channel_write_BPD3_2                |   9|          2|    1|          2|
    |ap_sync_reg_epilogue_026_U0_ap_ready            |   9|          2|    1|          2|
    |ap_sync_reg_epilogue_027_U0_ap_ready            |   9|          2|    1|          2|
    |ap_sync_reg_epilogue_028_U0_ap_ready            |   9|          2|    1|          2|
    |ap_sync_reg_epilogue_0_U0_ap_ready              |   9|          2|    1|          2|
    |ap_sync_reg_knnNoEpilogue10000p1_1_U0_ap_ready  |   9|          2|    1|          2|
    |ap_sync_reg_parallel_023_U0_ap_ready            |   9|          2|    1|          2|
    |ap_sync_reg_parallel_024_U0_ap_ready            |   9|          2|    1|          2|
    |ap_sync_reg_parallel_025_U0_ap_ready            |   9|          2|    1|          2|
    |ap_sync_reg_parallel_0_U0_ap_ready              |   9|          2|    1|          2|
    |epilogue_026_U0_ap_ready_count                  |   9|          2|    2|          4|
    |epilogue_027_U0_ap_ready_count                  |   9|          2|    2|          4|
    |epilogue_028_U0_ap_ready_count                  |   9|          2|    2|          4|
    |epilogue_0_U0_ap_ready_count                    |   9|          2|    2|          4|
    |knnNoEpilogue10000p1_1_U0_ap_ready_count        |   9|          2|    2|          4|
    |parallel_023_U0_ap_ready_count                  |   9|          2|    2|          4|
    |parallel_024_U0_ap_ready_count                  |   9|          2|    2|          4|
    |parallel_025_U0_ap_ready_count                  |   9|          2|    2|          4|
    |parallel_0_U0_ap_ready_count                    |   9|          2|    2|          4|
    +------------------------------------------------+----+-----------+-----+-----------+
    |Total                                           | 378|         84|   51|        102|
    +------------------------------------------------+----+-----------+-----+-----------+

    * Register: 
    +------------------------------------------------+---+----+-----+-----------+
    |                      Name                      | FF| LUT| Bits| Const Bits|
    +------------------------------------------------+---+----+-----+-----------+
    |ap_sync_reg_channel_write_BPC0_0                |  1|   0|    1|          0|
    |ap_sync_reg_channel_write_BPC0_1                |  1|   0|    1|          0|
    |ap_sync_reg_channel_write_BPC0_2                |  1|   0|    1|          0|
    |ap_sync_reg_channel_write_BPC1_0                |  1|   0|    1|          0|
    |ap_sync_reg_channel_write_BPC1_1                |  1|   0|    1|          0|
    |ap_sync_reg_channel_write_BPC1_2                |  1|   0|    1|          0|
    |ap_sync_reg_channel_write_BPC2_0                |  1|   0|    1|          0|
    |ap_sync_reg_channel_write_BPC2_1                |  1|   0|    1|          0|
    |ap_sync_reg_channel_write_BPC2_2                |  1|   0|    1|          0|
    |ap_sync_reg_channel_write_BPC3_0                |  1|   0|    1|          0|
    |ap_sync_reg_channel_write_BPC3_1                |  1|   0|    1|          0|
    |ap_sync_reg_channel_write_BPC3_2                |  1|   0|    1|          0|
    |ap_sync_reg_channel_write_BPD0_0                |  1|   0|    1|          0|
    |ap_sync_reg_channel_write_BPD0_1                |  1|   0|    1|          0|
    |ap_sync_reg_channel_write_BPD0_2                |  1|   0|    1|          0|
    |ap_sync_reg_channel_write_BPD1_0                |  1|   0|    1|          0|
    |ap_sync_reg_channel_write_BPD1_1                |  1|   0|    1|          0|
    |ap_sync_reg_channel_write_BPD1_2                |  1|   0|    1|          0|
    |ap_sync_reg_channel_write_BPD2_0                |  1|   0|    1|          0|
    |ap_sync_reg_channel_write_BPD2_1                |  1|   0|    1|          0|
    |ap_sync_reg_channel_write_BPD2_2                |  1|   0|    1|          0|
    |ap_sync_reg_channel_write_BPD3_0                |  1|   0|    1|          0|
    |ap_sync_reg_channel_write_BPD3_1                |  1|   0|    1|          0|
    |ap_sync_reg_channel_write_BPD3_2                |  1|   0|    1|          0|
    |ap_sync_reg_epilogue_026_U0_ap_ready            |  1|   0|    1|          0|
    |ap_sync_reg_epilogue_027_U0_ap_ready            |  1|   0|    1|          0|
    |ap_sync_reg_epilogue_028_U0_ap_ready            |  1|   0|    1|          0|
    |ap_sync_reg_epilogue_0_U0_ap_ready              |  1|   0|    1|          0|
    |ap_sync_reg_knnNoEpilogue10000p1_1_U0_ap_ready  |  1|   0|    1|          0|
    |ap_sync_reg_parallel_023_U0_ap_ready            |  1|   0|    1|          0|
    |ap_sync_reg_parallel_024_U0_ap_ready            |  1|   0|    1|          0|
    |ap_sync_reg_parallel_025_U0_ap_ready            |  1|   0|    1|          0|
    |ap_sync_reg_parallel_0_U0_ap_ready              |  1|   0|    1|          0|
    |epilogue_026_U0_ap_ready_count                  |  2|   0|    2|          0|
    |epilogue_027_U0_ap_ready_count                  |  2|   0|    2|          0|
    |epilogue_028_U0_ap_ready_count                  |  2|   0|    2|          0|
    |epilogue_0_U0_ap_ready_count                    |  2|   0|    2|          0|
    |knnNoEpilogue10000p1_1_U0_ap_ready_count        |  2|   0|    2|          0|
    |parallel_023_U0_ap_ready_count                  |  2|   0|    2|          0|
    |parallel_024_U0_ap_ready_count                  |  2|   0|    2|          0|
    |parallel_025_U0_ap_ready_count                  |  2|   0|    2|          0|
    |parallel_0_U0_ap_ready_count                    |  2|   0|    2|          0|
    +------------------------------------------------+---+----+-----+-----------+
    |Total                                           | 51|   0|   51|          0|
    +------------------------------------------------+---+----+-----+-----------+



================================================================
== Interface
================================================================
* Summary: 
+----------------------------+-----+-----+------------+----------------------------------+--------------+
|          RTL Ports         | Dir | Bits|  Protocol  |           Source Object          |    C Type    |
+----------------------------+-----+-----+------------+----------------------------------+--------------+
|ap_clk                      |  in |    1| ap_ctrl_hs | knnNoEpilogue10000p16f_4parallel | return value |
|ap_rst                      |  in |    1| ap_ctrl_hs | knnNoEpilogue10000p16f_4parallel | return value |
|ap_start                    |  in |    1| ap_ctrl_hs | knnNoEpilogue10000p16f_4parallel | return value |
|ap_done                     | out |    1| ap_ctrl_hs | knnNoEpilogue10000p16f_4parallel | return value |
|ap_ready                    | out |    1| ap_ctrl_hs | knnNoEpilogue10000p16f_4parallel | return value |
|ap_idle                     | out |    1| ap_ctrl_hs | knnNoEpilogue10000p16f_4parallel | return value |
|xFeatures_0                 |  in |   32|   ap_none  |            xFeatures_0           |    pointer   |
|xFeatures_1                 |  in |   32|   ap_none  |            xFeatures_1           |    pointer   |
|xFeatures_2                 |  in |   32|   ap_none  |            xFeatures_2           |    pointer   |
|xFeatures_3                 |  in |   32|   ap_none  |            xFeatures_3           |    pointer   |
|xFeatures_4                 |  in |   32|   ap_none  |            xFeatures_4           |    pointer   |
|xFeatures_5                 |  in |   32|   ap_none  |            xFeatures_5           |    pointer   |
|xFeatures_6                 |  in |   32|   ap_none  |            xFeatures_6           |    pointer   |
|xFeatures_7                 |  in |   32|   ap_none  |            xFeatures_7           |    pointer   |
|xFeatures_8                 |  in |   32|   ap_none  |            xFeatures_8           |    pointer   |
|xFeatures_9                 |  in |   32|   ap_none  |            xFeatures_9           |    pointer   |
|xFeatures_10                |  in |   32|   ap_none  |           xFeatures_10           |    pointer   |
|xFeatures_11                |  in |   32|   ap_none  |           xFeatures_11           |    pointer   |
|xFeatures_12                |  in |   32|   ap_none  |           xFeatures_12           |    pointer   |
|xFeatures_13                |  in |   32|   ap_none  |           xFeatures_13           |    pointer   |
|xFeatures_14                |  in |   32|   ap_none  |           xFeatures_14           |    pointer   |
|xFeatures_15                |  in |   32|   ap_none  |           xFeatures_15           |    pointer   |
|knownClasses0_address0      | out |   12|  ap_memory |           knownClasses0          |     array    |
|knownClasses0_ce0           | out |    1|  ap_memory |           knownClasses0          |     array    |
|knownClasses0_d0            | out |    8|  ap_memory |           knownClasses0          |     array    |
|knownClasses0_q0            |  in |    8|  ap_memory |           knownClasses0          |     array    |
|knownClasses0_we0           | out |    1|  ap_memory |           knownClasses0          |     array    |
|knownClasses0_address1      | out |   12|  ap_memory |           knownClasses0          |     array    |
|knownClasses0_ce1           | out |    1|  ap_memory |           knownClasses0          |     array    |
|knownClasses0_d1            | out |    8|  ap_memory |           knownClasses0          |     array    |
|knownClasses0_q1            |  in |    8|  ap_memory |           knownClasses0          |     array    |
|knownClasses0_we1           | out |    1|  ap_memory |           knownClasses0          |     array    |
|knownClasses1_address0      | out |   12|  ap_memory |           knownClasses1          |     array    |
|knownClasses1_ce0           | out |    1|  ap_memory |           knownClasses1          |     array    |
|knownClasses1_d0            | out |    8|  ap_memory |           knownClasses1          |     array    |
|knownClasses1_q0            |  in |    8|  ap_memory |           knownClasses1          |     array    |
|knownClasses1_we0           | out |    1|  ap_memory |           knownClasses1          |     array    |
|knownClasses1_address1      | out |   12|  ap_memory |           knownClasses1          |     array    |
|knownClasses1_ce1           | out |    1|  ap_memory |           knownClasses1          |     array    |
|knownClasses1_d1            | out |    8|  ap_memory |           knownClasses1          |     array    |
|knownClasses1_q1            |  in |    8|  ap_memory |           knownClasses1          |     array    |
|knownClasses1_we1           | out |    1|  ap_memory |           knownClasses1          |     array    |
|knownClasses2_address0      | out |   12|  ap_memory |           knownClasses2          |     array    |
|knownClasses2_ce0           | out |    1|  ap_memory |           knownClasses2          |     array    |
|knownClasses2_d0            | out |    8|  ap_memory |           knownClasses2          |     array    |
|knownClasses2_q0            |  in |    8|  ap_memory |           knownClasses2          |     array    |
|knownClasses2_we0           | out |    1|  ap_memory |           knownClasses2          |     array    |
|knownClasses2_address1      | out |   12|  ap_memory |           knownClasses2          |     array    |
|knownClasses2_ce1           | out |    1|  ap_memory |           knownClasses2          |     array    |
|knownClasses2_d1            | out |    8|  ap_memory |           knownClasses2          |     array    |
|knownClasses2_q1            |  in |    8|  ap_memory |           knownClasses2          |     array    |
|knownClasses2_we1           | out |    1|  ap_memory |           knownClasses2          |     array    |
|knownClasses3_address0      | out |   12|  ap_memory |           knownClasses3          |     array    |
|knownClasses3_ce0           | out |    1|  ap_memory |           knownClasses3          |     array    |
|knownClasses3_d0            | out |    8|  ap_memory |           knownClasses3          |     array    |
|knownClasses3_q0            |  in |    8|  ap_memory |           knownClasses3          |     array    |
|knownClasses3_we0           | out |    1|  ap_memory |           knownClasses3          |     array    |
|knownClasses3_address1      | out |   12|  ap_memory |           knownClasses3          |     array    |
|knownClasses3_ce1           | out |    1|  ap_memory |           knownClasses3          |     array    |
|knownClasses3_d1            | out |    8|  ap_memory |           knownClasses3          |     array    |
|knownClasses3_q1            |  in |    8|  ap_memory |           knownClasses3          |     array    |
|knownClasses3_we1           | out |    1|  ap_memory |           knownClasses3          |     array    |
|knownFeatures_0_0_address0  | out |   14|  ap_memory |         knownFeatures_0_0        |     array    |
|knownFeatures_0_0_ce0       | out |    1|  ap_memory |         knownFeatures_0_0        |     array    |
|knownFeatures_0_0_d0        | out |   32|  ap_memory |         knownFeatures_0_0        |     array    |
|knownFeatures_0_0_q0        |  in |   32|  ap_memory |         knownFeatures_0_0        |     array    |
|knownFeatures_0_0_we0       | out |    1|  ap_memory |         knownFeatures_0_0        |     array    |
|knownFeatures_0_0_address1  | out |   14|  ap_memory |         knownFeatures_0_0        |     array    |
|knownFeatures_0_0_ce1       | out |    1|  ap_memory |         knownFeatures_0_0        |     array    |
|knownFeatures_0_0_d1        | out |   32|  ap_memory |         knownFeatures_0_0        |     array    |
|knownFeatures_0_0_q1        |  in |   32|  ap_memory |         knownFeatures_0_0        |     array    |
|knownFeatures_0_0_we1       | out |    1|  ap_memory |         knownFeatures_0_0        |     array    |
|knownFeatures_0_1_address0  | out |   14|  ap_memory |         knownFeatures_0_1        |     array    |
|knownFeatures_0_1_ce0       | out |    1|  ap_memory |         knownFeatures_0_1        |     array    |
|knownFeatures_0_1_d0        | out |   32|  ap_memory |         knownFeatures_0_1        |     array    |
|knownFeatures_0_1_q0        |  in |   32|  ap_memory |         knownFeatures_0_1        |     array    |
|knownFeatures_0_1_we0       | out |    1|  ap_memory |         knownFeatures_0_1        |     array    |
|knownFeatures_0_1_address1  | out |   14|  ap_memory |         knownFeatures_0_1        |     array    |
|knownFeatures_0_1_ce1       | out |    1|  ap_memory |         knownFeatures_0_1        |     array    |
|knownFeatures_0_1_d1        | out |   32|  ap_memory |         knownFeatures_0_1        |     array    |
|knownFeatures_0_1_q1        |  in |   32|  ap_memory |         knownFeatures_0_1        |     array    |
|knownFeatures_0_1_we1       | out |    1|  ap_memory |         knownFeatures_0_1        |     array    |
|knownFeatures_0_2_address0  | out |   14|  ap_memory |         knownFeatures_0_2        |     array    |
|knownFeatures_0_2_ce0       | out |    1|  ap_memory |         knownFeatures_0_2        |     array    |
|knownFeatures_0_2_d0        | out |   32|  ap_memory |         knownFeatures_0_2        |     array    |
|knownFeatures_0_2_q0        |  in |   32|  ap_memory |         knownFeatures_0_2        |     array    |
|knownFeatures_0_2_we0       | out |    1|  ap_memory |         knownFeatures_0_2        |     array    |
|knownFeatures_0_2_address1  | out |   14|  ap_memory |         knownFeatures_0_2        |     array    |
|knownFeatures_0_2_ce1       | out |    1|  ap_memory |         knownFeatures_0_2        |     array    |
|knownFeatures_0_2_d1        | out |   32|  ap_memory |         knownFeatures_0_2        |     array    |
|knownFeatures_0_2_q1        |  in |   32|  ap_memory |         knownFeatures_0_2        |     array    |
|knownFeatures_0_2_we1       | out |    1|  ap_memory |         knownFeatures_0_2        |     array    |
|knownFeatures_0_3_address0  | out |   14|  ap_memory |         knownFeatures_0_3        |     array    |
|knownFeatures_0_3_ce0       | out |    1|  ap_memory |         knownFeatures_0_3        |     array    |
|knownFeatures_0_3_d0        | out |   32|  ap_memory |         knownFeatures_0_3        |     array    |
|knownFeatures_0_3_q0        |  in |   32|  ap_memory |         knownFeatures_0_3        |     array    |
|knownFeatures_0_3_we0       | out |    1|  ap_memory |         knownFeatures_0_3        |     array    |
|knownFeatures_0_3_address1  | out |   14|  ap_memory |         knownFeatures_0_3        |     array    |
|knownFeatures_0_3_ce1       | out |    1|  ap_memory |         knownFeatures_0_3        |     array    |
|knownFeatures_0_3_d1        | out |   32|  ap_memory |         knownFeatures_0_3        |     array    |
|knownFeatures_0_3_q1        |  in |   32|  ap_memory |         knownFeatures_0_3        |     array    |
|knownFeatures_0_3_we1       | out |    1|  ap_memory |         knownFeatures_0_3        |     array    |
|knownFeatures_1_0_address0  | out |   14|  ap_memory |         knownFeatures_1_0        |     array    |
|knownFeatures_1_0_ce0       | out |    1|  ap_memory |         knownFeatures_1_0        |     array    |
|knownFeatures_1_0_d0        | out |   32|  ap_memory |         knownFeatures_1_0        |     array    |
|knownFeatures_1_0_q0        |  in |   32|  ap_memory |         knownFeatures_1_0        |     array    |
|knownFeatures_1_0_we0       | out |    1|  ap_memory |         knownFeatures_1_0        |     array    |
|knownFeatures_1_0_address1  | out |   14|  ap_memory |         knownFeatures_1_0        |     array    |
|knownFeatures_1_0_ce1       | out |    1|  ap_memory |         knownFeatures_1_0        |     array    |
|knownFeatures_1_0_d1        | out |   32|  ap_memory |         knownFeatures_1_0        |     array    |
|knownFeatures_1_0_q1        |  in |   32|  ap_memory |         knownFeatures_1_0        |     array    |
|knownFeatures_1_0_we1       | out |    1|  ap_memory |         knownFeatures_1_0        |     array    |
|knownFeatures_1_1_address0  | out |   14|  ap_memory |         knownFeatures_1_1        |     array    |
|knownFeatures_1_1_ce0       | out |    1|  ap_memory |         knownFeatures_1_1        |     array    |
|knownFeatures_1_1_d0        | out |   32|  ap_memory |         knownFeatures_1_1        |     array    |
|knownFeatures_1_1_q0        |  in |   32|  ap_memory |         knownFeatures_1_1        |     array    |
|knownFeatures_1_1_we0       | out |    1|  ap_memory |         knownFeatures_1_1        |     array    |
|knownFeatures_1_1_address1  | out |   14|  ap_memory |         knownFeatures_1_1        |     array    |
|knownFeatures_1_1_ce1       | out |    1|  ap_memory |         knownFeatures_1_1        |     array    |
|knownFeatures_1_1_d1        | out |   32|  ap_memory |         knownFeatures_1_1        |     array    |
|knownFeatures_1_1_q1        |  in |   32|  ap_memory |         knownFeatures_1_1        |     array    |
|knownFeatures_1_1_we1       | out |    1|  ap_memory |         knownFeatures_1_1        |     array    |
|knownFeatures_1_2_address0  | out |   14|  ap_memory |         knownFeatures_1_2        |     array    |
|knownFeatures_1_2_ce0       | out |    1|  ap_memory |         knownFeatures_1_2        |     array    |
|knownFeatures_1_2_d0        | out |   32|  ap_memory |         knownFeatures_1_2        |     array    |
|knownFeatures_1_2_q0        |  in |   32|  ap_memory |         knownFeatures_1_2        |     array    |
|knownFeatures_1_2_we0       | out |    1|  ap_memory |         knownFeatures_1_2        |     array    |
|knownFeatures_1_2_address1  | out |   14|  ap_memory |         knownFeatures_1_2        |     array    |
|knownFeatures_1_2_ce1       | out |    1|  ap_memory |         knownFeatures_1_2        |     array    |
|knownFeatures_1_2_d1        | out |   32|  ap_memory |         knownFeatures_1_2        |     array    |
|knownFeatures_1_2_q1        |  in |   32|  ap_memory |         knownFeatures_1_2        |     array    |
|knownFeatures_1_2_we1       | out |    1|  ap_memory |         knownFeatures_1_2        |     array    |
|knownFeatures_1_3_address0  | out |   14|  ap_memory |         knownFeatures_1_3        |     array    |
|knownFeatures_1_3_ce0       | out |    1|  ap_memory |         knownFeatures_1_3        |     array    |
|knownFeatures_1_3_d0        | out |   32|  ap_memory |         knownFeatures_1_3        |     array    |
|knownFeatures_1_3_q0        |  in |   32|  ap_memory |         knownFeatures_1_3        |     array    |
|knownFeatures_1_3_we0       | out |    1|  ap_memory |         knownFeatures_1_3        |     array    |
|knownFeatures_1_3_address1  | out |   14|  ap_memory |         knownFeatures_1_3        |     array    |
|knownFeatures_1_3_ce1       | out |    1|  ap_memory |         knownFeatures_1_3        |     array    |
|knownFeatures_1_3_d1        | out |   32|  ap_memory |         knownFeatures_1_3        |     array    |
|knownFeatures_1_3_q1        |  in |   32|  ap_memory |         knownFeatures_1_3        |     array    |
|knownFeatures_1_3_we1       | out |    1|  ap_memory |         knownFeatures_1_3        |     array    |
|knownFeatures_2_0_address0  | out |   14|  ap_memory |         knownFeatures_2_0        |     array    |
|knownFeatures_2_0_ce0       | out |    1|  ap_memory |         knownFeatures_2_0        |     array    |
|knownFeatures_2_0_d0        | out |   32|  ap_memory |         knownFeatures_2_0        |     array    |
|knownFeatures_2_0_q0        |  in |   32|  ap_memory |         knownFeatures_2_0        |     array    |
|knownFeatures_2_0_we0       | out |    1|  ap_memory |         knownFeatures_2_0        |     array    |
|knownFeatures_2_0_address1  | out |   14|  ap_memory |         knownFeatures_2_0        |     array    |
|knownFeatures_2_0_ce1       | out |    1|  ap_memory |         knownFeatures_2_0        |     array    |
|knownFeatures_2_0_d1        | out |   32|  ap_memory |         knownFeatures_2_0        |     array    |
|knownFeatures_2_0_q1        |  in |   32|  ap_memory |         knownFeatures_2_0        |     array    |
|knownFeatures_2_0_we1       | out |    1|  ap_memory |         knownFeatures_2_0        |     array    |
|knownFeatures_2_1_address0  | out |   14|  ap_memory |         knownFeatures_2_1        |     array    |
|knownFeatures_2_1_ce0       | out |    1|  ap_memory |         knownFeatures_2_1        |     array    |
|knownFeatures_2_1_d0        | out |   32|  ap_memory |         knownFeatures_2_1        |     array    |
|knownFeatures_2_1_q0        |  in |   32|  ap_memory |         knownFeatures_2_1        |     array    |
|knownFeatures_2_1_we0       | out |    1|  ap_memory |         knownFeatures_2_1        |     array    |
|knownFeatures_2_1_address1  | out |   14|  ap_memory |         knownFeatures_2_1        |     array    |
|knownFeatures_2_1_ce1       | out |    1|  ap_memory |         knownFeatures_2_1        |     array    |
|knownFeatures_2_1_d1        | out |   32|  ap_memory |         knownFeatures_2_1        |     array    |
|knownFeatures_2_1_q1        |  in |   32|  ap_memory |         knownFeatures_2_1        |     array    |
|knownFeatures_2_1_we1       | out |    1|  ap_memory |         knownFeatures_2_1        |     array    |
|knownFeatures_2_2_address0  | out |   14|  ap_memory |         knownFeatures_2_2        |     array    |
|knownFeatures_2_2_ce0       | out |    1|  ap_memory |         knownFeatures_2_2        |     array    |
|knownFeatures_2_2_d0        | out |   32|  ap_memory |         knownFeatures_2_2        |     array    |
|knownFeatures_2_2_q0        |  in |   32|  ap_memory |         knownFeatures_2_2        |     array    |
|knownFeatures_2_2_we0       | out |    1|  ap_memory |         knownFeatures_2_2        |     array    |
|knownFeatures_2_2_address1  | out |   14|  ap_memory |         knownFeatures_2_2        |     array    |
|knownFeatures_2_2_ce1       | out |    1|  ap_memory |         knownFeatures_2_2        |     array    |
|knownFeatures_2_2_d1        | out |   32|  ap_memory |         knownFeatures_2_2        |     array    |
|knownFeatures_2_2_q1        |  in |   32|  ap_memory |         knownFeatures_2_2        |     array    |
|knownFeatures_2_2_we1       | out |    1|  ap_memory |         knownFeatures_2_2        |     array    |
|knownFeatures_2_3_address0  | out |   14|  ap_memory |         knownFeatures_2_3        |     array    |
|knownFeatures_2_3_ce0       | out |    1|  ap_memory |         knownFeatures_2_3        |     array    |
|knownFeatures_2_3_d0        | out |   32|  ap_memory |         knownFeatures_2_3        |     array    |
|knownFeatures_2_3_q0        |  in |   32|  ap_memory |         knownFeatures_2_3        |     array    |
|knownFeatures_2_3_we0       | out |    1|  ap_memory |         knownFeatures_2_3        |     array    |
|knownFeatures_2_3_address1  | out |   14|  ap_memory |         knownFeatures_2_3        |     array    |
|knownFeatures_2_3_ce1       | out |    1|  ap_memory |         knownFeatures_2_3        |     array    |
|knownFeatures_2_3_d1        | out |   32|  ap_memory |         knownFeatures_2_3        |     array    |
|knownFeatures_2_3_q1        |  in |   32|  ap_memory |         knownFeatures_2_3        |     array    |
|knownFeatures_2_3_we1       | out |    1|  ap_memory |         knownFeatures_2_3        |     array    |
|knownFeatures_3_0_address0  | out |   14|  ap_memory |         knownFeatures_3_0        |     array    |
|knownFeatures_3_0_ce0       | out |    1|  ap_memory |         knownFeatures_3_0        |     array    |
|knownFeatures_3_0_d0        | out |   32|  ap_memory |         knownFeatures_3_0        |     array    |
|knownFeatures_3_0_q0        |  in |   32|  ap_memory |         knownFeatures_3_0        |     array    |
|knownFeatures_3_0_we0       | out |    1|  ap_memory |         knownFeatures_3_0        |     array    |
|knownFeatures_3_0_address1  | out |   14|  ap_memory |         knownFeatures_3_0        |     array    |
|knownFeatures_3_0_ce1       | out |    1|  ap_memory |         knownFeatures_3_0        |     array    |
|knownFeatures_3_0_d1        | out |   32|  ap_memory |         knownFeatures_3_0        |     array    |
|knownFeatures_3_0_q1        |  in |   32|  ap_memory |         knownFeatures_3_0        |     array    |
|knownFeatures_3_0_we1       | out |    1|  ap_memory |         knownFeatures_3_0        |     array    |
|knownFeatures_3_1_address0  | out |   14|  ap_memory |         knownFeatures_3_1        |     array    |
|knownFeatures_3_1_ce0       | out |    1|  ap_memory |         knownFeatures_3_1        |     array    |
|knownFeatures_3_1_d0        | out |   32|  ap_memory |         knownFeatures_3_1        |     array    |
|knownFeatures_3_1_q0        |  in |   32|  ap_memory |         knownFeatures_3_1        |     array    |
|knownFeatures_3_1_we0       | out |    1|  ap_memory |         knownFeatures_3_1        |     array    |
|knownFeatures_3_1_address1  | out |   14|  ap_memory |         knownFeatures_3_1        |     array    |
|knownFeatures_3_1_ce1       | out |    1|  ap_memory |         knownFeatures_3_1        |     array    |
|knownFeatures_3_1_d1        | out |   32|  ap_memory |         knownFeatures_3_1        |     array    |
|knownFeatures_3_1_q1        |  in |   32|  ap_memory |         knownFeatures_3_1        |     array    |
|knownFeatures_3_1_we1       | out |    1|  ap_memory |         knownFeatures_3_1        |     array    |
|knownFeatures_3_2_address0  | out |   14|  ap_memory |         knownFeatures_3_2        |     array    |
|knownFeatures_3_2_ce0       | out |    1|  ap_memory |         knownFeatures_3_2        |     array    |
|knownFeatures_3_2_d0        | out |   32|  ap_memory |         knownFeatures_3_2        |     array    |
|knownFeatures_3_2_q0        |  in |   32|  ap_memory |         knownFeatures_3_2        |     array    |
|knownFeatures_3_2_we0       | out |    1|  ap_memory |         knownFeatures_3_2        |     array    |
|knownFeatures_3_2_address1  | out |   14|  ap_memory |         knownFeatures_3_2        |     array    |
|knownFeatures_3_2_ce1       | out |    1|  ap_memory |         knownFeatures_3_2        |     array    |
|knownFeatures_3_2_d1        | out |   32|  ap_memory |         knownFeatures_3_2        |     array    |
|knownFeatures_3_2_q1        |  in |   32|  ap_memory |         knownFeatures_3_2        |     array    |
|knownFeatures_3_2_we1       | out |    1|  ap_memory |         knownFeatures_3_2        |     array    |
|knownFeatures_3_3_address0  | out |   14|  ap_memory |         knownFeatures_3_3        |     array    |
|knownFeatures_3_3_ce0       | out |    1|  ap_memory |         knownFeatures_3_3        |     array    |
|knownFeatures_3_3_d0        | out |   32|  ap_memory |         knownFeatures_3_3        |     array    |
|knownFeatures_3_3_q0        |  in |   32|  ap_memory |         knownFeatures_3_3        |     array    |
|knownFeatures_3_3_we0       | out |    1|  ap_memory |         knownFeatures_3_3        |     array    |
|knownFeatures_3_3_address1  | out |   14|  ap_memory |         knownFeatures_3_3        |     array    |
|knownFeatures_3_3_ce1       | out |    1|  ap_memory |         knownFeatures_3_3        |     array    |
|knownFeatures_3_3_d1        | out |   32|  ap_memory |         knownFeatures_3_3        |     array    |
|knownFeatures_3_3_q1        |  in |   32|  ap_memory |         knownFeatures_3_3        |     array    |
|knownFeatures_3_3_we1       | out |    1|  ap_memory |         knownFeatures_3_3        |     array    |
|out_r                       | out |    8|   ap_vld   |               out_r              |    pointer   |
|out_r_ap_vld                | out |    1|   ap_vld   |               out_r              |    pointer   |
+----------------------------+-----+-----+------------+----------------------------------+--------------+

