

================================================================
== Vivado HLS Report for 'epilogue'
================================================================
* Date:           Sat Aug 22 15:24:22 2020

* Version:        2019.2 (Build 2704478 on Wed Nov 06 22:10:23 MST 2019)
* Project:        knn
* Solution:       solution1
* Product family: zynq
* Target device:  xc7z020-clg484-1


================================================================
== Performance Estimates
================================================================
+ Timing: 
    * Summary: 
    +--------+----------+----------+------------+
    |  Clock |  Target  | Estimated| Uncertainty|
    +--------+----------+----------+------------+
    |ap_clk  | 10.00 ns | 8.750 ns |   1.25 ns  |
    +--------+----------+----------+------------+

+ Latency: 
    * Summary: 
    +---------+---------+----------+----------+-----+-----+---------+
    |  Latency (cycles) |  Latency (absolute) |  Interval | Pipeline|
    |   min   |   max   |    min   |    max   | min | max |   Type  |
    +---------+---------+----------+----------+-----+-----+---------+
    |      115|      115| 1.150 us | 1.150 us |  115|  115|   none  |
    +---------+---------+----------+----------+-----+-----+---------+

    + Detail: 
        * Instance: 
        +----------------------------------+-----------------------+---------+---------+-----------+-----------+-----+-----+---------+
        |                                  |                       |  Latency (cycles) |   Latency (absolute)  |  Interval | Pipeline|
        |             Instance             |         Module        |   min   |   max   |    min    |    max    | min | max |   Type  |
        +----------------------------------+-----------------------+---------+---------+-----------+-----------+-----+-----+---------+
        |grp_p_hls_fptosi_double_s_fu_392  |p_hls_fptosi_double_s  |        1|        1| 10.000 ns | 10.000 ns |    1|    1|   none  |
        +----------------------------------+-----------------------+---------+---------+-----------+-----------+-----+-----+---------+

        * Loop: 
        N/A



================================================================
== Utilization Estimates
================================================================
* Summary: 
+-----------------+---------+-------+--------+-------+-----+
|       Name      | BRAM_18K| DSP48E|   FF   |  LUT  | URAM|
+-----------------+---------+-------+--------+-------+-----+
|DSP              |        -|      -|       -|      -|    -|
|Expression       |        -|      -|       0|   3381|    -|
|FIFO             |        -|      -|       -|      -|    -|
|Instance         |        -|      0|     847|   2391|    -|
|Memory           |        1|      -|     128|      3|    0|
|Multiplexer      |        -|      -|       -|   1131|    -|
|Register         |        -|      -|    1455|      -|    -|
+-----------------+---------+-------+--------+-------+-----+
|Total            |        1|      0|    2430|   6906|    0|
+-----------------+---------+-------+--------+-------+-----+
|Available        |      280|    220|  106400|  53200|    0|
+-----------------+---------+-------+--------+-------+-----+
|Utilization (%)  |    ~0   |      0|       2|     12|    0|
+-----------------+---------+-------+--------+-------+-----+

+ Detail: 
    * Instance: 
    +----------------------------------+-----------------------+---------+-------+-----+-----+-----+
    |             Instance             |         Module        | BRAM_18K| DSP48E|  FF | LUT | URAM|
    +----------------------------------+-----------------------+---------+-------+-----+-----+-----+
    |knn_8p128f_1paraldEe_U166         |knn_8p128f_1paraldEe   |        0|      0|  128|  277|    0|
    |knn_8p128f_1paraleOg_U167         |knn_8p128f_1paraleOg   |        0|      0|  100|  138|    0|
    |knn_8p128f_1paraljbC_U168         |knn_8p128f_1paraljbC   |        0|      0|   66|  239|    0|
    |knn_8p128f_1paralkbM_U169         |knn_8p128f_1paralkbM   |        0|      0|  130|  469|    0|
    |knn_8p128f_1parallbW_U170         |knn_8p128f_1parallbW   |        0|      0|  412|  645|    0|
    |grp_p_hls_fptosi_double_s_fu_392  |p_hls_fptosi_double_s  |        0|      0|   11|  623|    0|
    +----------------------------------+-----------------------+---------+-------+-----+-----+-----+
    |Total                             |                       |        0|      0|  847| 2391|    0|
    +----------------------------------+-----------------------+---------+-------+-----+-----+-----+

    * DSP48E: 
    N/A

    * Memory: 
    +-----------------------+----------------------+---------+-----+----+-----+------+-----+------+-------------+
    |         Memory        |        Module        | BRAM_18K|  FF | LUT| URAM| Words| Bits| Banks| W*Bits*Banks|
    +-----------------------+----------------------+---------+-----+----+-----+------+-----+------+-------------+
    |BestPointsClasses_U    |epilogue_BestPoinhbi  |        1|    0|   0|    0|     3|    8|     1|           24|
    |BestPointsDistances_U  |epilogue_BestPoinibs  |        0|  128|   3|    0|     3|   64|     1|          192|
    +-----------------------+----------------------+---------+-----+----+-----+------+-----+------+-------------+
    |Total                  |                      |        1|  128|   3|    0|     6|   72|     2|          216|
    +-----------------------+----------------------+---------+-----+----+-----+------+-----+------+-------------+

    * FIFO: 
    N/A

    * Expression: 
    +----------------------------+----------+-------+---+----+------------+------------+
    |        Variable Name       | Operation| DSP48E| FF| LUT| Bitwidth P0| Bitwidth P1|
    +----------------------------+----------+-------+---+----+------------+------------+
    |and_ln1003_1_fu_1885_p2     |    and   |      0|  0|   2|           1|           1|
    |and_ln1003_fu_1879_p2       |    and   |      0|  0|   2|           1|           1|
    |and_ln1010_1_fu_1975_p2     |    and   |      0|  0|   2|           1|           1|
    |and_ln1010_fu_1969_p2       |    and   |      0|  0|   2|           1|           1|
    |and_ln1015_1_fu_2074_p2     |    and   |      0|  0|   2|           1|           1|
    |and_ln1015_fu_2068_p2       |    and   |      0|  0|   2|           1|           1|
    |and_ln1031_fu_2141_p2       |    and   |      0|  0|   2|           1|           1|
    |and_ln1038_1_fu_2232_p2     |    and   |      0|  0|   2|           1|           1|
    |and_ln1038_fu_2226_p2       |    and   |      0|  0|   2|           1|           1|
    |and_ln1045_1_fu_2322_p2     |    and   |      0|  0|   2|           1|           1|
    |and_ln1045_fu_2316_p2       |    and   |      0|  0|   2|           1|           1|
    |and_ln1050_1_fu_2421_p2     |    and   |      0|  0|   2|           1|           1|
    |and_ln1050_fu_2415_p2       |    and   |      0|  0|   2|           1|           1|
    |and_ln1066_fu_2488_p2       |    and   |      0|  0|   2|           1|           1|
    |and_ln1073_1_fu_2579_p2     |    and   |      0|  0|   2|           1|           1|
    |and_ln1073_fu_2573_p2       |    and   |      0|  0|   2|           1|           1|
    |and_ln1080_1_fu_2669_p2     |    and   |      0|  0|   2|           1|           1|
    |and_ln1080_fu_2663_p2       |    and   |      0|  0|   2|           1|           1|
    |and_ln1085_1_fu_2774_p2     |    and   |      0|  0|   2|           1|           1|
    |and_ln1085_fu_2768_p2       |    and   |      0|  0|   2|           1|           1|
    |and_ln1109_1_fu_2877_p2     |    and   |      0|  0|   2|           1|           1|
    |and_ln1109_fu_2871_p2       |    and   |      0|  0|   2|           1|           1|
    |and_ln1115_1_fu_2979_p2     |    and   |      0|  0|   2|           1|           1|
    |and_ln1115_fu_2973_p2       |    and   |      0|  0|   2|           1|           1|
    |and_ln840_fu_487_p2         |    and   |      0|  0|   2|           1|           1|
    |and_ln856_fu_538_p2         |    and   |      0|  0|   2|           1|           1|
    |and_ln863_fu_587_p2         |    and   |      0|  0|   2|           1|           1|
    |and_ln875_1_fu_675_p2       |    and   |      0|  0|   2|           1|           1|
    |and_ln875_fu_669_p2         |    and   |      0|  0|   2|           1|           1|
    |and_ln891_fu_735_p2         |    and   |      0|  0|   2|           1|           1|
    |and_ln898_1_fu_826_p2       |    and   |      0|  0|   2|           1|           1|
    |and_ln898_fu_820_p2         |    and   |      0|  0|   2|           1|           1|
    |and_ln905_1_fu_923_p2       |    and   |      0|  0|   2|           1|           1|
    |and_ln905_fu_917_p2         |    and   |      0|  0|   2|           1|           1|
    |and_ln910_1_fu_1033_p2      |    and   |      0|  0|   2|           1|           1|
    |and_ln910_fu_1027_p2        |    and   |      0|  0|   2|           1|           1|
    |and_ln926_fu_1089_p2        |    and   |      0|  0|   2|           1|           1|
    |and_ln933_1_fu_1180_p2      |    and   |      0|  0|   2|           1|           1|
    |and_ln933_fu_1174_p2        |    and   |      0|  0|   2|           1|           1|
    |and_ln940_1_fu_1281_p2      |    and   |      0|  0|   2|           1|           1|
    |and_ln940_fu_1275_p2        |    and   |      0|  0|   2|           1|           1|
    |and_ln945_1_fu_1380_p2      |    and   |      0|  0|   2|           1|           1|
    |and_ln945_fu_1374_p2        |    and   |      0|  0|   2|           1|           1|
    |and_ln961_fu_1447_p2        |    and   |      0|  0|   2|           1|           1|
    |and_ln968_1_fu_1538_p2      |    and   |      0|  0|   2|           1|           1|
    |and_ln968_fu_1532_p2        |    and   |      0|  0|   2|           1|           1|
    |and_ln975_1_fu_1628_p2      |    and   |      0|  0|   2|           1|           1|
    |and_ln975_fu_1622_p2        |    and   |      0|  0|   2|           1|           1|
    |and_ln980_1_fu_1727_p2      |    and   |      0|  0|   2|           1|           1|
    |and_ln980_fu_1721_p2        |    and   |      0|  0|   2|           1|           1|
    |and_ln996_fu_1794_p2        |    and   |      0|  0|   2|           1|           1|
    |icmp_ln1003_1_fu_1849_p2    |   icmp   |      0|  0|  18|          23|           1|
    |icmp_ln1003_2_fu_1861_p2    |   icmp   |      0|  0|  11|           8|           2|
    |icmp_ln1003_3_fu_1867_p2    |   icmp   |      0|  0|  18|          23|           1|
    |icmp_ln1003_fu_1843_p2      |   icmp   |      0|  0|  11|           8|           2|
    |icmp_ln1010_1_fu_1939_p2    |   icmp   |      0|  0|  18|          23|           1|
    |icmp_ln1010_2_fu_1951_p2    |   icmp   |      0|  0|  11|           8|           2|
    |icmp_ln1010_3_fu_1957_p2    |   icmp   |      0|  0|  18|          23|           1|
    |icmp_ln1010_fu_1933_p2      |   icmp   |      0|  0|  11|           8|           2|
    |icmp_ln1015_1_fu_2052_p2    |   icmp   |      0|  0|  29|          52|           1|
    |icmp_ln1015_2_fu_2006_p2    |   icmp   |      0|  0|  13|          11|           2|
    |icmp_ln1015_3_fu_2012_p2    |   icmp   |      0|  0|  29|          52|           1|
    |icmp_ln1015_fu_2046_p2      |   icmp   |      0|  0|  13|          11|           2|
    |icmp_ln1031_1_fu_2129_p2    |   icmp   |      0|  0|  18|          23|           1|
    |icmp_ln1031_fu_2123_p2      |   icmp   |      0|  0|  11|           8|           2|
    |icmp_ln1038_1_fu_2196_p2    |   icmp   |      0|  0|  18|          23|           1|
    |icmp_ln1038_2_fu_2208_p2    |   icmp   |      0|  0|  11|           8|           2|
    |icmp_ln1038_3_fu_2214_p2    |   icmp   |      0|  0|  18|          23|           1|
    |icmp_ln1038_fu_2190_p2      |   icmp   |      0|  0|  11|           8|           2|
    |icmp_ln1045_1_fu_2286_p2    |   icmp   |      0|  0|  18|          23|           1|
    |icmp_ln1045_2_fu_2298_p2    |   icmp   |      0|  0|  11|           8|           2|
    |icmp_ln1045_3_fu_2304_p2    |   icmp   |      0|  0|  18|          23|           1|
    |icmp_ln1045_fu_2280_p2      |   icmp   |      0|  0|  11|           8|           2|
    |icmp_ln1050_1_fu_2399_p2    |   icmp   |      0|  0|  29|          52|           1|
    |icmp_ln1050_2_fu_2353_p2    |   icmp   |      0|  0|  13|          11|           2|
    |icmp_ln1050_3_fu_2359_p2    |   icmp   |      0|  0|  29|          52|           1|
    |icmp_ln1050_fu_2393_p2      |   icmp   |      0|  0|  13|          11|           2|
    |icmp_ln1066_1_fu_2476_p2    |   icmp   |      0|  0|  18|          23|           1|
    |icmp_ln1066_fu_2470_p2      |   icmp   |      0|  0|  11|           8|           2|
    |icmp_ln1073_1_fu_2543_p2    |   icmp   |      0|  0|  18|          23|           1|
    |icmp_ln1073_2_fu_2555_p2    |   icmp   |      0|  0|  11|           8|           2|
    |icmp_ln1073_3_fu_2561_p2    |   icmp   |      0|  0|  18|          23|           1|
    |icmp_ln1073_fu_2537_p2      |   icmp   |      0|  0|  11|           8|           2|
    |icmp_ln1080_1_fu_2633_p2    |   icmp   |      0|  0|  18|          23|           1|
    |icmp_ln1080_2_fu_2645_p2    |   icmp   |      0|  0|  11|           8|           2|
    |icmp_ln1080_3_fu_2651_p2    |   icmp   |      0|  0|  18|          23|           1|
    |icmp_ln1080_fu_2627_p2      |   icmp   |      0|  0|  11|           8|           2|
    |icmp_ln1085_1_fu_2752_p2    |   icmp   |      0|  0|  29|          52|           1|
    |icmp_ln1085_2_fu_2710_p2    |   icmp   |      0|  0|  13|          11|           2|
    |icmp_ln1085_3_fu_2716_p2    |   icmp   |      0|  0|  29|          52|           1|
    |icmp_ln1085_fu_2746_p2      |   icmp   |      0|  0|  13|          11|           2|
    |icmp_ln1104_fu_2949_p2      |   icmp   |      0|  0|  11|           8|           8|
    |icmp_ln1105_fu_2955_p2      |   icmp   |      0|  0|  11|           8|           8|
    |icmp_ln1106_fu_2960_p2      |   icmp   |      0|  0|  11|           8|           8|
    |icmp_ln1109_1_fu_2841_p2    |   icmp   |      0|  0|  29|          52|           1|
    |icmp_ln1109_2_fu_2853_p2    |   icmp   |      0|  0|  13|          11|           2|
    |icmp_ln1109_3_fu_2859_p2    |   icmp   |      0|  0|  29|          52|           1|
    |icmp_ln1109_fu_2835_p2      |   icmp   |      0|  0|  13|          11|           2|
    |icmp_ln1115_1_fu_2931_p2    |   icmp   |      0|  0|  29|          52|           1|
    |icmp_ln1115_2_fu_2937_p2    |   icmp   |      0|  0|  13|          11|           2|
    |icmp_ln1115_3_fu_2943_p2    |   icmp   |      0|  0|  29|          52|           1|
    |icmp_ln1115_fu_2925_p2      |   icmp   |      0|  0|  13|          11|           2|
    |icmp_ln840_1_fu_475_p2      |   icmp   |      0|  0|  29|          52|           1|
    |icmp_ln840_fu_469_p2        |   icmp   |      0|  0|  13|          11|           2|
    |icmp_ln856_1_fu_526_p2      |   icmp   |      0|  0|  18|          23|           1|
    |icmp_ln856_fu_520_p2        |   icmp   |      0|  0|  11|           8|           2|
    |icmp_ln863_1_fu_575_p2      |   icmp   |      0|  0|  18|          23|           1|
    |icmp_ln863_fu_569_p2        |   icmp   |      0|  0|  11|           8|           2|
    |icmp_ln875_1_fu_653_p2      |   icmp   |      0|  0|  29|          52|           1|
    |icmp_ln875_2_fu_617_p2      |   icmp   |      0|  0|  13|          11|           2|
    |icmp_ln875_3_fu_623_p2      |   icmp   |      0|  0|  29|          52|           1|
    |icmp_ln875_fu_647_p2        |   icmp   |      0|  0|  13|          11|           2|
    |icmp_ln891_1_fu_723_p2      |   icmp   |      0|  0|  18|          23|           1|
    |icmp_ln891_fu_717_p2        |   icmp   |      0|  0|  11|           8|           2|
    |icmp_ln898_1_fu_790_p2      |   icmp   |      0|  0|  18|          23|           1|
    |icmp_ln898_2_fu_802_p2      |   icmp   |      0|  0|  11|           8|           2|
    |icmp_ln898_3_fu_808_p2      |   icmp   |      0|  0|  18|          23|           1|
    |icmp_ln898_fu_784_p2        |   icmp   |      0|  0|  11|           8|           2|
    |icmp_ln905_1_fu_887_p2      |   icmp   |      0|  0|  18|          23|           1|
    |icmp_ln905_2_fu_899_p2      |   icmp   |      0|  0|  11|           8|           2|
    |icmp_ln905_3_fu_905_p2      |   icmp   |      0|  0|  18|          23|           1|
    |icmp_ln905_fu_881_p2        |   icmp   |      0|  0|  11|           8|           2|
    |icmp_ln910_1_fu_1011_p2     |   icmp   |      0|  0|  29|          52|           1|
    |icmp_ln910_2_fu_961_p2      |   icmp   |      0|  0|  13|          11|           2|
    |icmp_ln910_3_fu_967_p2      |   icmp   |      0|  0|  29|          52|           1|
    |icmp_ln910_fu_1005_p2       |   icmp   |      0|  0|  13|          11|           2|
    |icmp_ln926_1_fu_1077_p2     |   icmp   |      0|  0|  18|          23|           1|
    |icmp_ln926_fu_1071_p2       |   icmp   |      0|  0|  11|           8|           2|
    |icmp_ln933_1_fu_1144_p2     |   icmp   |      0|  0|  18|          23|           1|
    |icmp_ln933_2_fu_1156_p2     |   icmp   |      0|  0|  11|           8|           2|
    |icmp_ln933_3_fu_1162_p2     |   icmp   |      0|  0|  18|          23|           1|
    |icmp_ln933_fu_1138_p2       |   icmp   |      0|  0|  11|           8|           2|
    |icmp_ln940_1_fu_1245_p2     |   icmp   |      0|  0|  18|          23|           1|
    |icmp_ln940_2_fu_1257_p2     |   icmp   |      0|  0|  11|           8|           2|
    |icmp_ln940_3_fu_1263_p2     |   icmp   |      0|  0|  18|          23|           1|
    |icmp_ln940_fu_1239_p2       |   icmp   |      0|  0|  11|           8|           2|
    |icmp_ln945_1_fu_1358_p2     |   icmp   |      0|  0|  29|          52|           1|
    |icmp_ln945_2_fu_1312_p2     |   icmp   |      0|  0|  13|          11|           2|
    |icmp_ln945_3_fu_1318_p2     |   icmp   |      0|  0|  29|          52|           1|
    |icmp_ln945_fu_1352_p2       |   icmp   |      0|  0|  13|          11|           2|
    |icmp_ln961_1_fu_1435_p2     |   icmp   |      0|  0|  18|          23|           1|
    |icmp_ln961_fu_1429_p2       |   icmp   |      0|  0|  11|           8|           2|
    |icmp_ln968_1_fu_1502_p2     |   icmp   |      0|  0|  18|          23|           1|
    |icmp_ln968_2_fu_1514_p2     |   icmp   |      0|  0|  11|           8|           2|
    |icmp_ln968_3_fu_1520_p2     |   icmp   |      0|  0|  18|          23|           1|
    |icmp_ln968_fu_1496_p2       |   icmp   |      0|  0|  11|           8|           2|
    |icmp_ln975_1_fu_1592_p2     |   icmp   |      0|  0|  18|          23|           1|
    |icmp_ln975_2_fu_1604_p2     |   icmp   |      0|  0|  11|           8|           2|
    |icmp_ln975_3_fu_1610_p2     |   icmp   |      0|  0|  18|          23|           1|
    |icmp_ln975_fu_1586_p2       |   icmp   |      0|  0|  11|           8|           2|
    |icmp_ln980_1_fu_1705_p2     |   icmp   |      0|  0|  29|          52|           1|
    |icmp_ln980_2_fu_1659_p2     |   icmp   |      0|  0|  13|          11|           2|
    |icmp_ln980_3_fu_1665_p2     |   icmp   |      0|  0|  29|          52|           1|
    |icmp_ln980_fu_1699_p2       |   icmp   |      0|  0|  13|          11|           2|
    |icmp_ln996_1_fu_1782_p2     |   icmp   |      0|  0|  18|          23|           1|
    |icmp_ln996_fu_1776_p2       |   icmp   |      0|  0|  11|           8|           2|
    |ap_block_state1             |    or    |      0|  0|   2|           1|           1|
    |or_ln1003_1_fu_1873_p2      |    or    |      0|  0|   2|           1|           1|
    |or_ln1003_fu_1855_p2        |    or    |      0|  0|   2|           1|           1|
    |or_ln1010_1_fu_1963_p2      |    or    |      0|  0|   2|           1|           1|
    |or_ln1010_fu_1945_p2        |    or    |      0|  0|   2|           1|           1|
    |or_ln1015_1_fu_2064_p2      |    or    |      0|  0|   2|           1|           1|
    |or_ln1015_fu_2058_p2        |    or    |      0|  0|   2|           1|           1|
    |or_ln1031_fu_2135_p2        |    or    |      0|  0|   2|           1|           1|
    |or_ln1038_1_fu_2220_p2      |    or    |      0|  0|   2|           1|           1|
    |or_ln1038_fu_2202_p2        |    or    |      0|  0|   2|           1|           1|
    |or_ln1045_1_fu_2310_p2      |    or    |      0|  0|   2|           1|           1|
    |or_ln1045_fu_2292_p2        |    or    |      0|  0|   2|           1|           1|
    |or_ln1050_1_fu_2411_p2      |    or    |      0|  0|   2|           1|           1|
    |or_ln1050_fu_2405_p2        |    or    |      0|  0|   2|           1|           1|
    |or_ln1066_fu_2482_p2        |    or    |      0|  0|   2|           1|           1|
    |or_ln1073_1_fu_2567_p2      |    or    |      0|  0|   2|           1|           1|
    |or_ln1073_fu_2549_p2        |    or    |      0|  0|   2|           1|           1|
    |or_ln1080_1_fu_2657_p2      |    or    |      0|  0|   2|           1|           1|
    |or_ln1080_fu_2639_p2        |    or    |      0|  0|   2|           1|           1|
    |or_ln1085_1_fu_2764_p2      |    or    |      0|  0|   2|           1|           1|
    |or_ln1085_fu_2758_p2        |    or    |      0|  0|   2|           1|           1|
    |or_ln1109_1_fu_2865_p2      |    or    |      0|  0|   2|           1|           1|
    |or_ln1109_fu_2847_p2        |    or    |      0|  0|   2|           1|           1|
    |or_ln1115_1_fu_2969_p2      |    or    |      0|  0|   2|           1|           1|
    |or_ln1115_fu_2965_p2        |    or    |      0|  0|   2|           1|           1|
    |or_ln1123_1_fu_2991_p2      |    or    |      0|  0|   2|           1|           1|
    |or_ln1123_2_fu_3010_p2      |    or    |      0|  0|   2|           1|           1|
    |or_ln1123_fu_2985_p2        |    or    |      0|  0|   2|           1|           1|
    |or_ln840_fu_481_p2          |    or    |      0|  0|   2|           1|           1|
    |or_ln856_fu_532_p2          |    or    |      0|  0|   2|           1|           1|
    |or_ln863_fu_581_p2          |    or    |      0|  0|   2|           1|           1|
    |or_ln875_1_fu_665_p2        |    or    |      0|  0|   2|           1|           1|
    |or_ln875_fu_659_p2          |    or    |      0|  0|   2|           1|           1|
    |or_ln891_fu_729_p2          |    or    |      0|  0|   2|           1|           1|
    |or_ln898_1_fu_814_p2        |    or    |      0|  0|   2|           1|           1|
    |or_ln898_fu_796_p2          |    or    |      0|  0|   2|           1|           1|
    |or_ln905_1_fu_911_p2        |    or    |      0|  0|   2|           1|           1|
    |or_ln905_fu_893_p2          |    or    |      0|  0|   2|           1|           1|
    |or_ln910_1_fu_1023_p2       |    or    |      0|  0|   2|           1|           1|
    |or_ln910_fu_1017_p2         |    or    |      0|  0|   2|           1|           1|
    |or_ln926_fu_1083_p2         |    or    |      0|  0|   2|           1|           1|
    |or_ln933_1_fu_1168_p2       |    or    |      0|  0|   2|           1|           1|
    |or_ln933_fu_1150_p2         |    or    |      0|  0|   2|           1|           1|
    |or_ln940_1_fu_1269_p2       |    or    |      0|  0|   2|           1|           1|
    |or_ln940_fu_1251_p2         |    or    |      0|  0|   2|           1|           1|
    |or_ln945_1_fu_1370_p2       |    or    |      0|  0|   2|           1|           1|
    |or_ln945_fu_1364_p2         |    or    |      0|  0|   2|           1|           1|
    |or_ln961_fu_1441_p2         |    or    |      0|  0|   2|           1|           1|
    |or_ln968_1_fu_1526_p2       |    or    |      0|  0|   2|           1|           1|
    |or_ln968_fu_1508_p2         |    or    |      0|  0|   2|           1|           1|
    |or_ln975_1_fu_1616_p2       |    or    |      0|  0|   2|           1|           1|
    |or_ln975_fu_1598_p2         |    or    |      0|  0|   2|           1|           1|
    |or_ln980_1_fu_1717_p2       |    or    |      0|  0|   2|           1|           1|
    |or_ln980_fu_1711_p2         |    or    |      0|  0|   2|           1|           1|
    |or_ln996_fu_1788_p2         |    or    |      0|  0|   2|           1|           1|
    |d2_w1_2_fu_2883_p3          |  select  |      0|  0|  64|           1|          64|
    |dbest_w10_2_fu_1045_p3      |  select  |      0|  0|  64|           1|          64|
    |dbest_w13_2_fu_741_p3       |  select  |      0|  0|  32|           1|          32|
    |dbest_w14_2_fu_2440_p3      |  select  |      0|  0|  64|           1|          64|
    |dbest_w16_2_fu_1287_p3      |  select  |      0|  0|  32|           1|          32|
    |dbest_w17_2_fu_1746_p3      |  select  |      0|  0|  64|           1|          64|
    |dbest_w18_2_fu_2238_p3      |  select  |      0|  0|  32|           1|          32|
    |dbest_w19_2_fu_1186_p3      |  select  |      0|  0|  32|           1|          32|
    |dbest_w1_2_fu_1544_p3       |  select  |      0|  0|  32|           1|          32|
    |dbest_w21_2_fu_1981_p3      |  select  |      0|  0|  32|           1|          32|
    |dbest_w22_2_fu_2086_p3      |  select  |      0|  0|  64|           1|          64|
    |dbest_w23_2_fu_544_p3       |  select  |      0|  0|  32|           1|          32|
    |dbest_w24_2_fu_2585_p3      |  select  |      0|  0|  32|           1|          32|
    |dbest_w26_2_fu_2675_p3      |  select  |      0|  0|  32|           1|          32|
    |dbest_w27_2_fu_1095_p3      |  select  |      0|  0|  32|           1|          32|
    |dbest_w28_2_fu_2147_p3      |  select  |      0|  0|  32|           1|          32|
    |dbest_w29_2_fu_686_p3       |  select  |      0|  0|  64|           1|          64|
    |dbest_w2_2_fu_2788_p3       |  select  |      0|  0|  64|           1|          64|
    |dbest_w31_2_fu_832_p3       |  select  |      0|  0|  32|           1|          32|
    |dbest_w32_2_fu_1634_p3      |  select  |      0|  0|  32|           1|          32|
    |dbest_w3_2_fu_1800_p3       |  select  |      0|  0|  32|           1|          32|
    |dbest_w4_2_fu_1392_p3       |  select  |      0|  0|  64|           1|          64|
    |dbest_w5_2_fu_929_p3        |  select  |      0|  0|  32|           1|          32|
    |dbest_w6_2_fu_1891_p3       |  select  |      0|  0|  32|           1|          32|
    |dbest_w7_2_fu_2328_p3       |  select  |      0|  0|  32|           1|          32|
    |dbest_w8_2_fu_2494_p3       |  select  |      0|  0|  32|           1|          32|
    |dbest_w9_2_fu_1453_p3       |  select  |      0|  0|  32|           1|          32|
    |index_w14_fu_2685_p3        |  select  |      0|  0|   3|           1|           3|
    |index_w15_fu_1327_p3        |  select  |      0|  0|   3|           1|           3|
    |index_w19_fu_2368_p3        |  select  |      0|  0|   3|           1|           3|
    |index_w22_fu_2021_p3        |  select  |      0|  0|   3|           1|           3|
    |index_w5_fu_980_p3          |  select  |      0|  0|   3|           1|           3|
    |index_w7_fu_1674_p3         |  select  |      0|  0|   3|           1|           3|
    |muxOutput_w13_fu_839_p3     |  select  |      0|  0|  64|           1|          64|
    |muxOutput_w4_fu_493_p3      |  select  |      0|  0|  64|           1|          64|
    |out_r                       |  select  |      0|  0|   8|           1|           8|
    |select_ln1015_fu_2094_p3    |  select  |      0|  0|   8|           1|           8|
    |select_ln1050_fu_2433_p3    |  select  |      0|  0|   8|           1|           8|
    |select_ln1085_fu_2780_p3    |  select  |      0|  0|   8|           1|           8|
    |select_ln1123_1_fu_3003_p3  |  select  |      0|  0|   8|           1|           8|
    |select_ln1123_fu_2997_p3    |  select  |      0|  0|   8|           1|           8|
    |select_ln875_1_fu_936_p3    |  select  |      0|  0|   8|           1|           8|
    |select_ln875_fu_593_p3      |  select  |      0|  0|  64|           1|          63|
    |select_ln910_fu_1193_p3     |  select  |      0|  0|   8|           1|           8|
    |select_ln945_fu_1400_p3     |  select  |      0|  0|   8|           1|           8|
    |select_ln980_fu_1739_p3     |  select  |      0|  0|   8|           1|           8|
    +----------------------------+----------+-------+---+----+------------+------------+
    |Total                       |          |      0|  0|3381|        2365|        1692|
    +----------------------------+----------+-------+---+----+------------+------------+

    * Multiplexer: 
    +------------------------------------+-----+-----------+-----+-----------+
    |                Name                | LUT | Input Size| Bits| Total Bits|
    +------------------------------------+-----+-----------+-----+-----------+
    |BestPointsClasses_address0          |   50|         11|    2|         22|
    |BestPointsClasses_address1          |   50|         11|    2|         22|
    |BestPointsClasses_d0                |   15|          3|    8|         24|
    |BestPointsDistances_address0        |  101|         21|    2|         42|
    |BestPointsDistances_address1        |   15|          3|    2|          6|
    |BestPointsDistances_d0              |   47|         10|   64|        640|
    |ap_NS_fsm                           |  477|        109|    1|        109|
    |ap_done                             |    9|          2|    1|          2|
    |distance_array_0_address0           |   44|          9|    3|         27|
    |grp_fu_399_p0                       |   15|          3|   64|        192|
    |grp_fu_403_p0                       |   41|          8|   32|        256|
    |grp_fu_406_opcode                   |   15|          3|    5|         15|
    |grp_fu_406_p0                       |   15|          3|   32|         96|
    |grp_fu_406_p1                       |   62|         15|   32|        480|
    |grp_fu_412_opcode                   |   15|          3|    5|         15|
    |grp_fu_412_p0                       |   21|          4|   64|        256|
    |grp_fu_412_p1                       |   27|          5|   64|        320|
    |grp_fu_420_p0                       |   44|          9|   32|        288|
    |grp_p_hls_fptosi_double_s_fu_392_x  |   15|          3|   64|        192|
    |knownClasses_address0               |   44|          9|    3|         27|
    |reg_433                             |    9|          2|   64|        128|
    +------------------------------------+-----+-----------+-----+-----------+
    |Total                               | 1131|        246|  546|       3159|
    +------------------------------------+-----+-----------+-----+-----------+

    * Register: 
    +-----------------------------------------------+-----+----+-----+-----------+
    |                      Name                     |  FF | LUT| Bits| Const Bits|
    +-----------------------------------------------+-----+----+-----+-----------+
    |BestPointsClasses_ad_3_reg_3098                |    1|   0|    2|          1|
    |BestPointsClasses_ad_4_reg_3204                |    2|   0|    2|          0|
    |BestPointsClasses_ad_5_reg_3280                |    2|   0|    2|          0|
    |BestPointsClasses_ad_6_reg_3356                |    2|   0|    2|          0|
    |BestPointsClasses_ad_7_reg_3432                |    2|   0|    2|          0|
    |BestPointsClasses_ad_8_reg_3508                |    2|   0|    2|          0|
    |BestPointsClasses_ad_9_reg_3578                |    2|   0|    2|          0|
    |BestPointsDistances_11_reg_3286                |    2|   0|    2|          0|
    |BestPointsDistances_15_reg_3362                |    2|   0|    2|          0|
    |BestPointsDistances_19_reg_3438                |    2|   0|    2|          0|
    |BestPointsDistances_23_reg_3514                |    2|   0|    2|          0|
    |BestPointsDistances_27_reg_3584                |    2|   0|    2|          0|
    |BestPointsDistances_3_reg_3104                 |    1|   0|    2|          1|
    |BestPointsDistances_7_reg_3210                 |    2|   0|    2|          0|
    |and_ln1003_1_reg_3389                          |    1|   0|    1|          0|
    |and_ln1010_1_reg_3401                          |    1|   0|    1|          0|
    |and_ln1015_1_reg_3426                          |    1|   0|    1|          0|
    |and_ln1038_1_reg_3465                          |    1|   0|    1|          0|
    |and_ln1045_1_reg_3477                          |    1|   0|    1|          0|
    |and_ln1050_1_reg_3502                          |    1|   0|    1|          0|
    |and_ln1073_1_reg_3541                          |    1|   0|    1|          0|
    |and_ln1080_1_reg_3553                          |    1|   0|    1|          0|
    |and_ln1109_1_reg_3616                          |    1|   0|    1|          0|
    |and_ln840_reg_3036                             |    1|   0|    1|          0|
    |and_ln863_reg_3059                             |    1|   0|    1|          0|
    |and_ln875_1_reg_3092                           |    1|   0|    1|          0|
    |and_ln898_1_reg_3126                           |    1|   0|    1|          0|
    |and_ln905_1_reg_3148                           |    1|   0|    1|          0|
    |and_ln910_1_reg_3198                           |    1|   0|    1|          0|
    |and_ln933_1_reg_3227                           |    1|   0|    1|          0|
    |and_ln940_1_reg_3249                           |    1|   0|    1|          0|
    |and_ln945_1_reg_3274                           |    1|   0|    1|          0|
    |and_ln968_1_reg_3313                           |    1|   0|    1|          0|
    |and_ln975_1_reg_3325                           |    1|   0|    1|          0|
    |and_ln980_1_reg_3350                           |    1|   0|    1|          0|
    |ap_CS_fsm                                      |  108|   0|  108|          0|
    |ap_done_reg                                    |    1|   0|    1|          0|
    |c1_w1_reg_3627                                 |    8|   0|    8|          0|
    |d2_w1_2_reg_3621                               |   64|   0|   64|          0|
    |d2_w1_reg_3609                                 |   64|   0|   64|          0|
    |dbest_w13_2_reg_3119                           |   32|   0|   32|          0|
    |dbest_w16_2_reg_3254                           |   32|   0|   32|          0|
    |dbest_w18_2_reg_3470                           |   32|   0|   32|          0|
    |dbest_w19_2_reg_3232                           |   32|   0|   32|          0|
    |dbest_w1_2_reg_3318                            |   32|   0|   32|          0|
    |dbest_w21_2_reg_3406                           |   32|   0|   32|          0|
    |dbest_w23_2_reg_3052                           |   32|   0|   32|          0|
    |dbest_w24_2_reg_3546                           |   32|   0|   32|          0|
    |dbest_w26_2_reg_3558                           |   32|   0|   32|          0|
    |dbest_w27_2_reg_3215                           |   32|   0|   32|          0|
    |dbest_w28_2_reg_3458                           |   32|   0|   32|          0|
    |dbest_w2_2_reg_3599                            |   64|   0|   64|          0|
    |dbest_w31_2_reg_3131                           |   32|   0|   32|          0|
    |dbest_w32_2_reg_3330                           |   32|   0|   32|          0|
    |dbest_w3_2_reg_3382                            |   32|   0|   32|          0|
    |dbest_w5_2_reg_3153                            |   32|   0|   32|          0|
    |dbest_w6_2_reg_3394                            |   32|   0|   32|          0|
    |dbest_w7_2_reg_3482                            |   32|   0|   32|          0|
    |dbest_w8_2_reg_3534                            |   32|   0|   32|          0|
    |dbest_w9_2_reg_3306                            |   32|   0|   32|          0|
    |grp_p_hls_fptosi_double_s_fu_392_ap_start_reg  |    1|   0|    1|          0|
    |icmp_ln1015_2_reg_3416                         |    1|   0|    1|          0|
    |icmp_ln1015_3_reg_3421                         |    1|   0|    1|          0|
    |icmp_ln1050_2_reg_3492                         |    1|   0|    1|          0|
    |icmp_ln1050_3_reg_3497                         |    1|   0|    1|          0|
    |icmp_ln1085_2_reg_3568                         |    1|   0|    1|          0|
    |icmp_ln1085_3_reg_3573                         |    1|   0|    1|          0|
    |icmp_ln1115_1_reg_3640                         |    1|   0|    1|          0|
    |icmp_ln1115_2_reg_3645                         |    1|   0|    1|          0|
    |icmp_ln1115_3_reg_3650                         |    1|   0|    1|          0|
    |icmp_ln1115_reg_3635                           |    1|   0|    1|          0|
    |icmp_ln875_2_reg_3082                          |    1|   0|    1|          0|
    |icmp_ln875_3_reg_3087                          |    1|   0|    1|          0|
    |icmp_ln910_2_reg_3183                          |    1|   0|    1|          0|
    |icmp_ln910_3_reg_3188                          |    1|   0|    1|          0|
    |icmp_ln945_2_reg_3264                          |    1|   0|    1|          0|
    |icmp_ln945_3_reg_3269                          |    1|   0|    1|          0|
    |icmp_ln980_2_reg_3340                          |    1|   0|    1|          0|
    |icmp_ln980_3_reg_3345                          |    1|   0|    1|          0|
    |muxOutput_w13_reg_3138                         |   64|   0|   64|          0|
    |reg_423                                        |   64|   0|   64|          0|
    |reg_428                                        |   32|   0|   32|          0|
    |reg_433                                        |   64|   0|   64|          0|
    |reg_441                                        |   64|   0|   64|          0|
    |reg_446                                        |   64|   0|   64|          0|
    |select_ln1015_reg_3448                         |    8|   0|    8|          0|
    |select_ln1050_reg_3524                         |    8|   0|    8|          0|
    |select_ln1085_reg_3594                         |    8|   0|    8|          0|
    |select_ln875_1_reg_3178                        |    8|   0|    8|          0|
    |select_ln875_reg_3070                          |   64|   0|   64|          0|
    |select_ln910_reg_3239                          |    8|   0|    8|          0|
    |select_ln945_reg_3296                          |    8|   0|    8|          0|
    |select_ln980_reg_3372                          |    8|   0|    8|          0|
    +-----------------------------------------------+-----+----+-----+-----------+
    |Total                                          | 1455|   0| 1457|          2|
    +-----------------------------------------------+-----+----+-----+-----------+



================================================================
== Interface
================================================================
* Summary: 
+---------------------------+-----+-----+------------+------------------+--------------+
|         RTL Ports         | Dir | Bits|  Protocol  |   Source Object  |    C Type    |
+---------------------------+-----+-----+------------+------------------+--------------+
|ap_clk                     |  in |    1| ap_ctrl_hs |     epilogue     | return value |
|ap_rst                     |  in |    1| ap_ctrl_hs |     epilogue     | return value |
|ap_start                   |  in |    1| ap_ctrl_hs |     epilogue     | return value |
|ap_done                    | out |    1| ap_ctrl_hs |     epilogue     | return value |
|ap_continue                |  in |    1| ap_ctrl_hs |     epilogue     | return value |
|ap_idle                    | out |    1| ap_ctrl_hs |     epilogue     | return value |
|ap_ready                   | out |    1| ap_ctrl_hs |     epilogue     | return value |
|knownClasses_address0      | out |    3|  ap_memory |   knownClasses   |     array    |
|knownClasses_ce0           | out |    1|  ap_memory |   knownClasses   |     array    |
|knownClasses_q0            |  in |    8|  ap_memory |   knownClasses   |     array    |
|distance_array_0_address0  | out |    3|  ap_memory | distance_array_0 |     array    |
|distance_array_0_ce0       | out |    1|  ap_memory | distance_array_0 |     array    |
|distance_array_0_q0        |  in |   64|  ap_memory | distance_array_0 |     array    |
|out_r                      | out |    8|   ap_vld   |       out_r      |    pointer   |
|out_r_ap_vld               | out |    1|   ap_vld   |       out_r      |    pointer   |
+---------------------------+-----+-----+------------+------------------+--------------+

