

================================================================
== Vivado HLS Report for 'p_hls_fptosi_double_s'
================================================================
* Date:           Sat Aug 22 15:24:22 2020

* Version:        2019.2 (Build 2704478 on Wed Nov 06 22:10:23 MST 2019)
* Project:        knn
* Solution:       solution1
* Product family: zynq
* Target device:  xc7z020-clg484-1


================================================================
== Performance Estimates
================================================================
+ Timing: 
    * Summary: 
    +--------+----------+----------+------------+
    |  Clock |  Target  | Estimated| Uncertainty|
    +--------+----------+----------+------------+
    |ap_clk  | 10.00 ns | 6.948 ns |   1.25 ns  |
    +--------+----------+----------+------------+

+ Latency: 
    * Summary: 
    +---------+---------+-----------+-----------+-----+-----+---------+
    |  Latency (cycles) |   Latency (absolute)  |  Interval | Pipeline|
    |   min   |   max   |    min    |    max    | min | max |   Type  |
    +---------+---------+-----------+-----------+-----+-----+---------+
    |        1|        1| 10.000 ns | 10.000 ns |    1|    1|   none  |
    +---------+---------+-----------+-----------+-----+-----+---------+

    + Detail: 
        * Instance: 
        N/A

        * Loop: 
        N/A



================================================================
== Utilization Estimates
================================================================
* Summary: 
+-----------------+---------+-------+--------+-------+-----+
|       Name      | BRAM_18K| DSP48E|   FF   |  LUT  | URAM|
+-----------------+---------+-------+--------+-------+-----+
|DSP              |        -|      -|       -|      -|    -|
|Expression       |        -|      -|       0|    608|    -|
|FIFO             |        -|      -|       -|      -|    -|
|Instance         |        -|      -|       -|      -|    -|
|Memory           |        -|      -|       -|      -|    -|
|Multiplexer      |        -|      -|       -|     15|    -|
|Register         |        -|      -|      11|      -|    -|
+-----------------+---------+-------+--------+-------+-----+
|Total            |        0|      0|      11|    623|    0|
+-----------------+---------+-------+--------+-------+-----+
|Available        |      280|    220|  106400|  53200|    0|
+-----------------+---------+-------+--------+-------+-----+
|Utilization (%)  |        0|      0|   ~0   |      1|    0|
+-----------------+---------+-------+--------+-------+-----+

+ Detail: 
    * Instance: 
    N/A

    * DSP48E: 
    N/A

    * Memory: 
    N/A

    * FIFO: 
    N/A

    * Expression: 
    +----------------------+----------+-------+---+-----+------------+------------+
    |     Variable Name    | Operation| DSP48E| FF| LUT | Bitwidth P0| Bitwidth P1|
    +----------------------+----------+-------+---+-----+------------+------------+
    |add_ln502_fu_88_p2    |     +    |      0|  0|   12|          11|          12|
    |result_V_1_fu_174_p2  |     -    |      0|  0|   15|           1|           8|
    |sub_ln1311_fu_102_p2  |     -    |      0|  0|   13|          10|          11|
    |r_V_fu_132_p2         |   lshr   |      0|  0|  162|          54|          54|
    |ap_return             |  select  |      0|  0|    8|           1|           8|
    |p_Val2_5_fu_166_p3    |  select  |      0|  0|    8|           1|           8|
    |ush_fu_112_p3         |  select  |      0|  0|   12|           1|          12|
    |r_V_1_fu_138_p2       |    shl   |      0|  0|  378|         113|         113|
    +----------------------+----------+-------+---+-----+------------+------------+
    |Total                 |          |      0|  0|  608|         192|         226|
    +----------------------+----------+-------+---+-----+------------+------------+

    * Multiplexer: 
    +-----------+----+-----------+-----+-----------+
    |    Name   | LUT| Input Size| Bits| Total Bits|
    +-----------+----+-----------+-----+-----------+
    |ap_NS_fsm  |  15|          3|    1|          3|
    +-----------+----+-----------+-----+-----------+
    |Total      |  15|          3|    1|          3|
    +-----------+----+-----------+-----+-----------+

    * Register: 
    +--------------------+---+----+-----+-----------+
    |        Name        | FF| LUT| Bits| Const Bits|
    +--------------------+---+----+-----+-----------+
    |ap_CS_fsm           |  2|   0|    2|          0|
    |p_Result_s_reg_185  |  1|   0|    1|          0|
    |p_Val2_5_reg_190    |  8|   0|    8|          0|
    +--------------------+---+----+-----+-----------+
    |Total               | 11|   0|   11|          0|
    +--------------------+---+----+-----+-----------+



================================================================
== Interface
================================================================
* Summary: 
+-----------+-----+-----+------------+----------------------+--------------+
| RTL Ports | Dir | Bits|  Protocol  |     Source Object    |    C Type    |
+-----------+-----+-----+------------+----------------------+--------------+
|ap_clk     |  in |    1| ap_ctrl_hs | __hls_fptosi_double_ | return value |
|ap_rst     |  in |    1| ap_ctrl_hs | __hls_fptosi_double_ | return value |
|ap_start   |  in |    1| ap_ctrl_hs | __hls_fptosi_double_ | return value |
|ap_done    | out |    1| ap_ctrl_hs | __hls_fptosi_double_ | return value |
|ap_idle    | out |    1| ap_ctrl_hs | __hls_fptosi_double_ | return value |
|ap_ready   | out |    1| ap_ctrl_hs | __hls_fptosi_double_ | return value |
|ap_return  | out |    8| ap_ctrl_hs | __hls_fptosi_double_ | return value |
|x          |  in |   64|   ap_none  |           x          |    scalar    |
+-----------+-----+-----+------------+----------------------+--------------+

