

================================================================
== Vivado HLS Report for 'dotprod_parallel2'
================================================================
* Date:           Wed Jul 15 18:22:15 2020

* Version:        2019.2 (Build 2704478 on Wed Nov 06 22:10:23 MST 2019)
* Project:        dotprod
* Solution:       solution1
* Product family: zynq
* Target device:  xc7z020-clg484-1


================================================================
== Performance Estimates
================================================================
+ Timing: 
    * Summary: 
    +--------+----------+-----------+------------+
    |  Clock |  Target  | Estimated | Uncertainty|
    +--------+----------+-----------+------------+
    |ap_clk  | 10.00 ns | 10.751 ns |   1.25 ns  |
    +--------+----------+-----------+------------+

+ Latency: 
    * Summary: 
    +---------+---------+----------+----------+-----+-----+----------+
    |  Latency (cycles) |  Latency (absolute) |  Interval | Pipeline |
    |   min   |   max   |    min   |    max   | min | max |   Type   |
    +---------+---------+----------+----------+-----+-----+----------+
    |       86|       86| 0.925 us | 0.925 us |   68|   68| dataflow |
    +---------+---------+----------+----------+-----+-----+----------+

    + Detail: 
        * Instance: 
        +-----------------------------+--------------------------+---------+---------+----------+----------+-----+-----+---------+
        |                             |                          |  Latency (cycles) |  Latency (absolute) |  Interval | Pipeline|
        |           Instance          |          Module          |   min   |   max   |    min   |    max   | min | max |   Type  |
        +-----------------------------+--------------------------+---------+---------+----------+----------+-----+-----+---------+
        |epilogue_U0                  |epilogue                  |       18|       18| 0.194 us | 0.194 us |   18|   18|   none  |
        |parallel_06_U0               |parallel_06               |       67|       67| 0.720 us | 0.720 us |   67|   67|   none  |
        |parallel_0_U0                |parallel_0                |       67|       67| 0.720 us | 0.720 us |   67|   67|   none  |
        |dotprod_parallel2_en_1_U0    |dotprod_parallel2_en_1    |        0|        0|   0 ns   |   0 ns   |    0|    0|   none  |
        |dotprod_parallel2_en_1_1_U0  |dotprod_parallel2_en_1_1  |        0|        0|   0 ns   |   0 ns   |    0|    0|   none  |
        +-----------------------------+--------------------------+---------+---------+----------+----------+-----+-----+---------+

        * Loop: 
        N/A



================================================================
== Utilization Estimates
================================================================
* Summary: 
+-----------------+---------+-------+--------+-------+-----+
|       Name      | BRAM_18K| DSP48E|   FF   |  LUT  | URAM|
+-----------------+---------+-------+--------+-------+-----+
|DSP              |        -|      -|       -|      -|    -|
|Expression       |        -|      -|       0|     68|    -|
|FIFO             |        0|      -|     320|   1792|    -|
|Instance         |        0|     48|    4495|   5991|    -|
|Memory           |        0|      -|     256|     64|    0|
|Multiplexer      |        -|      -|       -|     90|    -|
|Register         |        -|      -|      13|      -|    -|
+-----------------+---------+-------+--------+-------+-----+
|Total            |        0|     48|    5084|   8005|    0|
+-----------------+---------+-------+--------+-------+-----+
|Available        |      280|    220|  106400|  53200|    0|
+-----------------+---------+-------+--------+-------+-----+
|Utilization (%)  |        0|     21|       4|     15|    0|
+-----------------+---------+-------+--------+-------+-----+

+ Detail: 
    * Instance: 
    +-----------------------------+--------------------------+---------+-------+------+------+-----+
    |           Instance          |          Module          | BRAM_18K| DSP48E|  FF  |  LUT | URAM|
    +-----------------------------+--------------------------+---------+-------+------+------+-----+
    |dotprod_parallel2_en_1_U0    |dotprod_parallel2_en_1    |        0|      0|     3|   308|    0|
    |dotprod_parallel2_en_1_1_U0  |dotprod_parallel2_en_1_1  |        0|      0|     2|   587|    0|
    |epilogue_U0                  |epilogue                  |        0|     16|  2964|  4300|    0|
    |parallel_0_U0                |parallel_0                |        0|     16|   763|   398|    0|
    |parallel_06_U0               |parallel_06               |        0|     16|   763|   398|    0|
    +-----------------------------+--------------------------+---------+-------+------+------+-----+
    |Total                        |                          |        0|     48|  4495|  5991|    0|
    +-----------------------------+--------------------------+---------+-------+------+------+-----+

    * DSP48E: 
    N/A

    * Memory: 
    +-----------------+----------------------+---------+----+----+-----+------+-----+------+-------------+
    |      Memory     |        Module        | BRAM_18K| FF | LUT| URAM| Words| Bits| Banks| W*Bits*Banks|
    +-----------------+----------------------+---------+----+----+-----+------+-----+------+-------------+
    |sum_array_0_0_U  |dotprod_parallel2dEe  |        0|  64|  16|    0|    31|   32|     2|         1984|
    |sum_array_0_1_U  |dotprod_parallel2dEe  |        0|  64|  16|    0|    31|   32|     2|         1984|
    |sum_array_1_0_U  |dotprod_parallel2dEe  |        0|  64|  16|    0|    31|   32|     2|         1984|
    |sum_array_1_1_U  |dotprod_parallel2dEe  |        0|  64|  16|    0|    31|   32|     2|         1984|
    +-----------------+----------------------+---------+----+----+-----+------+-----+------+-------------+
    |Total            |                      |        0| 256|  64|    0|   124|  128|     8|         7936|
    +-----------------+----------------------+---------+----+----+-----+------+-----+------+-------------+

    * FIFO: 
    +--------------+---------+---+----+-----+------+-----+---------+
    |     Name     | BRAM_18K| FF| LUT| URAM| Depth| Bits| Size:D*B|
    +--------------+---------+---+----+-----+------+-----+---------+
    |x_0_0_c17_U   |        0|  5|   0|    -|     2|   16|       32|
    |x_0_0_c_U     |        0|  5|   0|    -|     3|   16|       48|
    |x_0_10_c27_U  |        0|  5|   0|    -|     2|   16|       32|
    |x_0_10_c_U    |        0|  5|   0|    -|     3|   16|       48|
    |x_0_11_c28_U  |        0|  5|   0|    -|     2|   16|       32|
    |x_0_11_c_U    |        0|  5|   0|    -|     3|   16|       48|
    |x_0_12_c29_U  |        0|  5|   0|    -|     2|   16|       32|
    |x_0_12_c_U    |        0|  5|   0|    -|     3|   16|       48|
    |x_0_1_c18_U   |        0|  5|   0|    -|     2|   16|       32|
    |x_0_1_c_U     |        0|  5|   0|    -|     3|   16|       48|
    |x_0_2_c19_U   |        0|  5|   0|    -|     2|   16|       32|
    |x_0_2_c_U     |        0|  5|   0|    -|     3|   16|       48|
    |x_0_3_c20_U   |        0|  5|   0|    -|     2|   16|       32|
    |x_0_3_c_U     |        0|  5|   0|    -|     3|   16|       48|
    |x_0_4_c21_U   |        0|  5|   0|    -|     2|   16|       32|
    |x_0_4_c_U     |        0|  5|   0|    -|     3|   16|       48|
    |x_0_5_c22_U   |        0|  5|   0|    -|     2|   16|       32|
    |x_0_5_c_U     |        0|  5|   0|    -|     3|   16|       48|
    |x_0_6_c23_U   |        0|  5|   0|    -|     2|   16|       32|
    |x_0_6_c_U     |        0|  5|   0|    -|     3|   16|       48|
    |x_0_7_c24_U   |        0|  5|   0|    -|     2|   16|       32|
    |x_0_7_c_U     |        0|  5|   0|    -|     3|   16|       48|
    |x_0_8_c25_U   |        0|  5|   0|    -|     2|   16|       32|
    |x_0_8_c_U     |        0|  5|   0|    -|     3|   16|       48|
    |x_0_9_c26_U   |        0|  5|   0|    -|     2|   16|       32|
    |x_0_9_c_U     |        0|  5|   0|    -|     3|   16|       48|
    |x_3_0_c30_U   |        0|  5|   0|    -|     2|   16|       32|
    |x_3_0_c_U     |        0|  5|   0|    -|     3|   16|       48|
    |x_3_1_c31_U   |        0|  5|   0|    -|     2|   16|       32|
    |x_3_1_c_U     |        0|  5|   0|    -|     3|   16|       48|
    |x_3_2_c32_U   |        0|  5|   0|    -|     2|   16|       32|
    |x_3_2_c_U     |        0|  5|   0|    -|     3|   16|       48|
    |y_0_0_c1_U    |        0|  5|   0|    -|     2|   16|       32|
    |y_0_0_c_U     |        0|  5|   0|    -|     3|   16|       48|
    |y_0_10_c11_U  |        0|  5|   0|    -|     2|   16|       32|
    |y_0_10_c_U    |        0|  5|   0|    -|     3|   16|       48|
    |y_0_11_c12_U  |        0|  5|   0|    -|     2|   16|       32|
    |y_0_11_c_U    |        0|  5|   0|    -|     3|   16|       48|
    |y_0_12_c13_U  |        0|  5|   0|    -|     2|   16|       32|
    |y_0_12_c_U    |        0|  5|   0|    -|     3|   16|       48|
    |y_0_1_c2_U    |        0|  5|   0|    -|     2|   16|       32|
    |y_0_1_c_U     |        0|  5|   0|    -|     3|   16|       48|
    |y_0_2_c3_U    |        0|  5|   0|    -|     2|   16|       32|
    |y_0_2_c_U     |        0|  5|   0|    -|     3|   16|       48|
    |y_0_3_c4_U    |        0|  5|   0|    -|     2|   16|       32|
    |y_0_3_c_U     |        0|  5|   0|    -|     3|   16|       48|
    |y_0_4_c5_U    |        0|  5|   0|    -|     2|   16|       32|
    |y_0_4_c_U     |        0|  5|   0|    -|     3|   16|       48|
    |y_0_5_c6_U    |        0|  5|   0|    -|     2|   16|       32|
    |y_0_5_c_U     |        0|  5|   0|    -|     3|   16|       48|
    |y_0_6_c7_U    |        0|  5|   0|    -|     2|   16|       32|
    |y_0_6_c_U     |        0|  5|   0|    -|     3|   16|       48|
    |y_0_7_c8_U    |        0|  5|   0|    -|     2|   16|       32|
    |y_0_7_c_U     |        0|  5|   0|    -|     3|   16|       48|
    |y_0_8_c9_U    |        0|  5|   0|    -|     2|   16|       32|
    |y_0_8_c_U     |        0|  5|   0|    -|     3|   16|       48|
    |y_0_9_c10_U   |        0|  5|   0|    -|     2|   16|       32|
    |y_0_9_c_U     |        0|  5|   0|    -|     3|   16|       48|
    |y_3_0_c14_U   |        0|  5|   0|    -|     2|   16|       32|
    |y_3_0_c_U     |        0|  5|   0|    -|     3|   16|       48|
    |y_3_1_c15_U   |        0|  5|   0|    -|     2|   16|       32|
    |y_3_1_c_U     |        0|  5|   0|    -|     3|   16|       48|
    |y_3_2_c16_U   |        0|  5|   0|    -|     2|   16|       32|
    |y_3_2_c_U     |        0|  5|   0|    -|     3|   16|       48|
    +--------------+---------+---+----+-----+------+-----+---------+
    |Total         |        0|320|   0|    0|   160| 1024|     2560|
    +--------------+---------+---+----+-----+------+-----+---------+

    * Expression: 
    +--------------------------------------------+----------+-------+---+----+------------+------------+
    |                Variable Name               | Operation| DSP48E| FF| LUT| Bitwidth P0| Bitwidth P1|
    +--------------------------------------------+----------+-------+---+----+------------+------------+
    |dotprod_parallel2_en_1_U0_ap_ready_count    |     +    |      0|  0|  10|           2|           1|
    |parallel_06_U0_ap_ready_count               |     +    |      0|  0|  10|           2|           1|
    |parallel_0_U0_ap_ready_count                |     +    |      0|  0|  10|           2|           1|
    |ap_channel_done_sum_array_0_0               |    and   |      0|  0|   2|           1|           1|
    |ap_channel_done_sum_array_0_1               |    and   |      0|  0|   2|           1|           1|
    |ap_channel_done_sum_array_1_0               |    and   |      0|  0|   2|           1|           1|
    |ap_channel_done_sum_array_1_1               |    and   |      0|  0|   2|           1|           1|
    |ap_idle                                     |    and   |      0|  0|   2|           1|           1|
    |ap_sync_ready                               |    and   |      0|  0|   2|           1|           1|
    |dotprod_parallel2_en_1_U0_ap_start          |    and   |      0|  0|   2|           1|           1|
    |epilogue_U0_ap_start                        |    and   |      0|  0|   2|           1|           1|
    |parallel_06_U0_ap_continue                  |    and   |      0|  0|   2|           1|           1|
    |parallel_06_U0_ap_start                     |    and   |      0|  0|   2|           1|           1|
    |parallel_0_U0_ap_continue                   |    and   |      0|  0|   2|           1|           1|
    |parallel_0_U0_ap_start                      |    and   |      0|  0|   2|           1|           1|
    |ap_sync_channel_write_sum_array_0_0         |    or    |      0|  0|   2|           1|           1|
    |ap_sync_channel_write_sum_array_0_1         |    or    |      0|  0|   2|           1|           1|
    |ap_sync_channel_write_sum_array_1_0         |    or    |      0|  0|   2|           1|           1|
    |ap_sync_channel_write_sum_array_1_1         |    or    |      0|  0|   2|           1|           1|
    |ap_sync_dotprod_parallel2_en_1_U0_ap_ready  |    or    |      0|  0|   2|           1|           1|
    |ap_sync_parallel_06_U0_ap_ready             |    or    |      0|  0|   2|           1|           1|
    |ap_sync_parallel_0_U0_ap_ready              |    or    |      0|  0|   2|           1|           1|
    +--------------------------------------------+----------+-------+---+----+------------+------------+
    |Total                                       |          |      0|  0|  68|          25|          22|
    +--------------------------------------------+----------+-------+---+----+------------+------------+

    * Multiplexer: 
    +------------------------------------------------+----+-----------+-----+-----------+
    |                      Name                      | LUT| Input Size| Bits| Total Bits|
    +------------------------------------------------+----+-----------+-----+-----------+
    |ap_sync_reg_channel_write_sum_array_0_0         |   9|          2|    1|          2|
    |ap_sync_reg_channel_write_sum_array_0_1         |   9|          2|    1|          2|
    |ap_sync_reg_channel_write_sum_array_1_0         |   9|          2|    1|          2|
    |ap_sync_reg_channel_write_sum_array_1_1         |   9|          2|    1|          2|
    |ap_sync_reg_dotprod_parallel2_en_1_U0_ap_ready  |   9|          2|    1|          2|
    |ap_sync_reg_parallel_06_U0_ap_ready             |   9|          2|    1|          2|
    |ap_sync_reg_parallel_0_U0_ap_ready              |   9|          2|    1|          2|
    |dotprod_parallel2_en_1_U0_ap_ready_count        |   9|          2|    2|          4|
    |parallel_06_U0_ap_ready_count                   |   9|          2|    2|          4|
    |parallel_0_U0_ap_ready_count                    |   9|          2|    2|          4|
    +------------------------------------------------+----+-----------+-----+-----------+
    |Total                                           |  90|         20|   13|         26|
    +------------------------------------------------+----+-----------+-----+-----------+

    * Register: 
    +------------------------------------------------+---+----+-----+-----------+
    |                      Name                      | FF| LUT| Bits| Const Bits|
    +------------------------------------------------+---+----+-----+-----------+
    |ap_sync_reg_channel_write_sum_array_0_0         |  1|   0|    1|          0|
    |ap_sync_reg_channel_write_sum_array_0_1         |  1|   0|    1|          0|
    |ap_sync_reg_channel_write_sum_array_1_0         |  1|   0|    1|          0|
    |ap_sync_reg_channel_write_sum_array_1_1         |  1|   0|    1|          0|
    |ap_sync_reg_dotprod_parallel2_en_1_U0_ap_ready  |  1|   0|    1|          0|
    |ap_sync_reg_parallel_06_U0_ap_ready             |  1|   0|    1|          0|
    |ap_sync_reg_parallel_0_U0_ap_ready              |  1|   0|    1|          0|
    |dotprod_parallel2_en_1_U0_ap_ready_count        |  2|   0|    2|          0|
    |parallel_06_U0_ap_ready_count                   |  2|   0|    2|          0|
    |parallel_0_U0_ap_ready_count                    |  2|   0|    2|          0|
    +------------------------------------------------+---+----+-----+-----------+
    |Total                                           | 13|   0|   13|          0|
    +------------------------------------------------+---+----+-----+-----------+



================================================================
== Interface
================================================================
* Summary: 
+-----------------+-----+-----+------------+-------------------+--------------+
|    RTL Ports    | Dir | Bits|  Protocol  |   Source Object   |    C Type    |
+-----------------+-----+-----+------------+-------------------+--------------+
|ap_clk           |  in |    1| ap_ctrl_hs | dotprod_parallel2 | return value |
|ap_rst           |  in |    1| ap_ctrl_hs | dotprod_parallel2 | return value |
|ap_start         |  in |    1| ap_ctrl_hs | dotprod_parallel2 | return value |
|ap_done          | out |    1| ap_ctrl_hs | dotprod_parallel2 | return value |
|ap_ready         | out |    1| ap_ctrl_hs | dotprod_parallel2 | return value |
|ap_idle          | out |    1| ap_ctrl_hs | dotprod_parallel2 | return value |
|y_0_0            |  in |   16|   ap_none  |       y_0_0       |    pointer   |
|y_0_1            |  in |   16|   ap_none  |       y_0_1       |    pointer   |
|y_0_2            |  in |   16|   ap_none  |       y_0_2       |    pointer   |
|y_0_3            |  in |   16|   ap_none  |       y_0_3       |    pointer   |
|y_0_4            |  in |   16|   ap_none  |       y_0_4       |    pointer   |
|y_0_5            |  in |   16|   ap_none  |       y_0_5       |    pointer   |
|y_0_6            |  in |   16|   ap_none  |       y_0_6       |    pointer   |
|y_0_7            |  in |   16|   ap_none  |       y_0_7       |    pointer   |
|y_0_8            |  in |   16|   ap_none  |       y_0_8       |    pointer   |
|y_0_9            |  in |   16|   ap_none  |       y_0_9       |    pointer   |
|y_0_10           |  in |   16|   ap_none  |       y_0_10      |    pointer   |
|y_0_11           |  in |   16|   ap_none  |       y_0_11      |    pointer   |
|y_0_12           |  in |   16|   ap_none  |       y_0_12      |    pointer   |
|y_1_0_address0   | out |    6|  ap_memory |       y_1_0       |     array    |
|y_1_0_ce0        | out |    1|  ap_memory |       y_1_0       |     array    |
|y_1_0_d0         | out |   16|  ap_memory |       y_1_0       |     array    |
|y_1_0_q0         |  in |   16|  ap_memory |       y_1_0       |     array    |
|y_1_0_we0        | out |    1|  ap_memory |       y_1_0       |     array    |
|y_1_0_address1   | out |    6|  ap_memory |       y_1_0       |     array    |
|y_1_0_ce1        | out |    1|  ap_memory |       y_1_0       |     array    |
|y_1_0_d1         | out |   16|  ap_memory |       y_1_0       |     array    |
|y_1_0_q1         |  in |   16|  ap_memory |       y_1_0       |     array    |
|y_1_0_we1        | out |    1|  ap_memory |       y_1_0       |     array    |
|y_1_1_address0   | out |    6|  ap_memory |       y_1_1       |     array    |
|y_1_1_ce0        | out |    1|  ap_memory |       y_1_1       |     array    |
|y_1_1_d0         | out |   16|  ap_memory |       y_1_1       |     array    |
|y_1_1_q0         |  in |   16|  ap_memory |       y_1_1       |     array    |
|y_1_1_we0        | out |    1|  ap_memory |       y_1_1       |     array    |
|y_1_1_address1   | out |    6|  ap_memory |       y_1_1       |     array    |
|y_1_1_ce1        | out |    1|  ap_memory |       y_1_1       |     array    |
|y_1_1_d1         | out |   16|  ap_memory |       y_1_1       |     array    |
|y_1_1_q1         |  in |   16|  ap_memory |       y_1_1       |     array    |
|y_1_1_we1        | out |    1|  ap_memory |       y_1_1       |     array    |
|y_1_2_address0   | out |    6|  ap_memory |       y_1_2       |     array    |
|y_1_2_ce0        | out |    1|  ap_memory |       y_1_2       |     array    |
|y_1_2_d0         | out |   16|  ap_memory |       y_1_2       |     array    |
|y_1_2_q0         |  in |   16|  ap_memory |       y_1_2       |     array    |
|y_1_2_we0        | out |    1|  ap_memory |       y_1_2       |     array    |
|y_1_2_address1   | out |    6|  ap_memory |       y_1_2       |     array    |
|y_1_2_ce1        | out |    1|  ap_memory |       y_1_2       |     array    |
|y_1_2_d1         | out |   16|  ap_memory |       y_1_2       |     array    |
|y_1_2_q1         |  in |   16|  ap_memory |       y_1_2       |     array    |
|y_1_2_we1        | out |    1|  ap_memory |       y_1_2       |     array    |
|y_1_3_address0   | out |    6|  ap_memory |       y_1_3       |     array    |
|y_1_3_ce0        | out |    1|  ap_memory |       y_1_3       |     array    |
|y_1_3_d0         | out |   16|  ap_memory |       y_1_3       |     array    |
|y_1_3_q0         |  in |   16|  ap_memory |       y_1_3       |     array    |
|y_1_3_we0        | out |    1|  ap_memory |       y_1_3       |     array    |
|y_1_3_address1   | out |    6|  ap_memory |       y_1_3       |     array    |
|y_1_3_ce1        | out |    1|  ap_memory |       y_1_3       |     array    |
|y_1_3_d1         | out |   16|  ap_memory |       y_1_3       |     array    |
|y_1_3_q1         |  in |   16|  ap_memory |       y_1_3       |     array    |
|y_1_3_we1        | out |    1|  ap_memory |       y_1_3       |     array    |
|y_1_4_address0   | out |    6|  ap_memory |       y_1_4       |     array    |
|y_1_4_ce0        | out |    1|  ap_memory |       y_1_4       |     array    |
|y_1_4_d0         | out |   16|  ap_memory |       y_1_4       |     array    |
|y_1_4_q0         |  in |   16|  ap_memory |       y_1_4       |     array    |
|y_1_4_we0        | out |    1|  ap_memory |       y_1_4       |     array    |
|y_1_4_address1   | out |    6|  ap_memory |       y_1_4       |     array    |
|y_1_4_ce1        | out |    1|  ap_memory |       y_1_4       |     array    |
|y_1_4_d1         | out |   16|  ap_memory |       y_1_4       |     array    |
|y_1_4_q1         |  in |   16|  ap_memory |       y_1_4       |     array    |
|y_1_4_we1        | out |    1|  ap_memory |       y_1_4       |     array    |
|y_1_5_address0   | out |    6|  ap_memory |       y_1_5       |     array    |
|y_1_5_ce0        | out |    1|  ap_memory |       y_1_5       |     array    |
|y_1_5_d0         | out |   16|  ap_memory |       y_1_5       |     array    |
|y_1_5_q0         |  in |   16|  ap_memory |       y_1_5       |     array    |
|y_1_5_we0        | out |    1|  ap_memory |       y_1_5       |     array    |
|y_1_5_address1   | out |    6|  ap_memory |       y_1_5       |     array    |
|y_1_5_ce1        | out |    1|  ap_memory |       y_1_5       |     array    |
|y_1_5_d1         | out |   16|  ap_memory |       y_1_5       |     array    |
|y_1_5_q1         |  in |   16|  ap_memory |       y_1_5       |     array    |
|y_1_5_we1        | out |    1|  ap_memory |       y_1_5       |     array    |
|y_1_6_address0   | out |    6|  ap_memory |       y_1_6       |     array    |
|y_1_6_ce0        | out |    1|  ap_memory |       y_1_6       |     array    |
|y_1_6_d0         | out |   16|  ap_memory |       y_1_6       |     array    |
|y_1_6_q0         |  in |   16|  ap_memory |       y_1_6       |     array    |
|y_1_6_we0        | out |    1|  ap_memory |       y_1_6       |     array    |
|y_1_6_address1   | out |    6|  ap_memory |       y_1_6       |     array    |
|y_1_6_ce1        | out |    1|  ap_memory |       y_1_6       |     array    |
|y_1_6_d1         | out |   16|  ap_memory |       y_1_6       |     array    |
|y_1_6_q1         |  in |   16|  ap_memory |       y_1_6       |     array    |
|y_1_6_we1        | out |    1|  ap_memory |       y_1_6       |     array    |
|y_1_7_address0   | out |    6|  ap_memory |       y_1_7       |     array    |
|y_1_7_ce0        | out |    1|  ap_memory |       y_1_7       |     array    |
|y_1_7_d0         | out |   16|  ap_memory |       y_1_7       |     array    |
|y_1_7_q0         |  in |   16|  ap_memory |       y_1_7       |     array    |
|y_1_7_we0        | out |    1|  ap_memory |       y_1_7       |     array    |
|y_1_7_address1   | out |    6|  ap_memory |       y_1_7       |     array    |
|y_1_7_ce1        | out |    1|  ap_memory |       y_1_7       |     array    |
|y_1_7_d1         | out |   16|  ap_memory |       y_1_7       |     array    |
|y_1_7_q1         |  in |   16|  ap_memory |       y_1_7       |     array    |
|y_1_7_we1        | out |    1|  ap_memory |       y_1_7       |     array    |
|y_1_8_address0   | out |    6|  ap_memory |       y_1_8       |     array    |
|y_1_8_ce0        | out |    1|  ap_memory |       y_1_8       |     array    |
|y_1_8_d0         | out |   16|  ap_memory |       y_1_8       |     array    |
|y_1_8_q0         |  in |   16|  ap_memory |       y_1_8       |     array    |
|y_1_8_we0        | out |    1|  ap_memory |       y_1_8       |     array    |
|y_1_8_address1   | out |    6|  ap_memory |       y_1_8       |     array    |
|y_1_8_ce1        | out |    1|  ap_memory |       y_1_8       |     array    |
|y_1_8_d1         | out |   16|  ap_memory |       y_1_8       |     array    |
|y_1_8_q1         |  in |   16|  ap_memory |       y_1_8       |     array    |
|y_1_8_we1        | out |    1|  ap_memory |       y_1_8       |     array    |
|y_1_9_address0   | out |    6|  ap_memory |       y_1_9       |     array    |
|y_1_9_ce0        | out |    1|  ap_memory |       y_1_9       |     array    |
|y_1_9_d0         | out |   16|  ap_memory |       y_1_9       |     array    |
|y_1_9_q0         |  in |   16|  ap_memory |       y_1_9       |     array    |
|y_1_9_we0        | out |    1|  ap_memory |       y_1_9       |     array    |
|y_1_9_address1   | out |    6|  ap_memory |       y_1_9       |     array    |
|y_1_9_ce1        | out |    1|  ap_memory |       y_1_9       |     array    |
|y_1_9_d1         | out |   16|  ap_memory |       y_1_9       |     array    |
|y_1_9_q1         |  in |   16|  ap_memory |       y_1_9       |     array    |
|y_1_9_we1        | out |    1|  ap_memory |       y_1_9       |     array    |
|y_1_10_address0  | out |    6|  ap_memory |       y_1_10      |     array    |
|y_1_10_ce0       | out |    1|  ap_memory |       y_1_10      |     array    |
|y_1_10_d0        | out |   16|  ap_memory |       y_1_10      |     array    |
|y_1_10_q0        |  in |   16|  ap_memory |       y_1_10      |     array    |
|y_1_10_we0       | out |    1|  ap_memory |       y_1_10      |     array    |
|y_1_10_address1  | out |    6|  ap_memory |       y_1_10      |     array    |
|y_1_10_ce1       | out |    1|  ap_memory |       y_1_10      |     array    |
|y_1_10_d1        | out |   16|  ap_memory |       y_1_10      |     array    |
|y_1_10_q1        |  in |   16|  ap_memory |       y_1_10      |     array    |
|y_1_10_we1       | out |    1|  ap_memory |       y_1_10      |     array    |
|y_1_11_address0  | out |    6|  ap_memory |       y_1_11      |     array    |
|y_1_11_ce0       | out |    1|  ap_memory |       y_1_11      |     array    |
|y_1_11_d0        | out |   16|  ap_memory |       y_1_11      |     array    |
|y_1_11_q0        |  in |   16|  ap_memory |       y_1_11      |     array    |
|y_1_11_we0       | out |    1|  ap_memory |       y_1_11      |     array    |
|y_1_11_address1  | out |    6|  ap_memory |       y_1_11      |     array    |
|y_1_11_ce1       | out |    1|  ap_memory |       y_1_11      |     array    |
|y_1_11_d1        | out |   16|  ap_memory |       y_1_11      |     array    |
|y_1_11_q1        |  in |   16|  ap_memory |       y_1_11      |     array    |
|y_1_11_we1       | out |    1|  ap_memory |       y_1_11      |     array    |
|y_1_12_address0  | out |    6|  ap_memory |       y_1_12      |     array    |
|y_1_12_ce0       | out |    1|  ap_memory |       y_1_12      |     array    |
|y_1_12_d0        | out |   16|  ap_memory |       y_1_12      |     array    |
|y_1_12_q0        |  in |   16|  ap_memory |       y_1_12      |     array    |
|y_1_12_we0       | out |    1|  ap_memory |       y_1_12      |     array    |
|y_1_12_address1  | out |    6|  ap_memory |       y_1_12      |     array    |
|y_1_12_ce1       | out |    1|  ap_memory |       y_1_12      |     array    |
|y_1_12_d1        | out |   16|  ap_memory |       y_1_12      |     array    |
|y_1_12_q1        |  in |   16|  ap_memory |       y_1_12      |     array    |
|y_1_12_we1       | out |    1|  ap_memory |       y_1_12      |     array    |
|y_1_13_address0  | out |    6|  ap_memory |       y_1_13      |     array    |
|y_1_13_ce0       | out |    1|  ap_memory |       y_1_13      |     array    |
|y_1_13_d0        | out |   16|  ap_memory |       y_1_13      |     array    |
|y_1_13_q0        |  in |   16|  ap_memory |       y_1_13      |     array    |
|y_1_13_we0       | out |    1|  ap_memory |       y_1_13      |     array    |
|y_1_13_address1  | out |    6|  ap_memory |       y_1_13      |     array    |
|y_1_13_ce1       | out |    1|  ap_memory |       y_1_13      |     array    |
|y_1_13_d1        | out |   16|  ap_memory |       y_1_13      |     array    |
|y_1_13_q1        |  in |   16|  ap_memory |       y_1_13      |     array    |
|y_1_13_we1       | out |    1|  ap_memory |       y_1_13      |     array    |
|y_1_14_address0  | out |    6|  ap_memory |       y_1_14      |     array    |
|y_1_14_ce0       | out |    1|  ap_memory |       y_1_14      |     array    |
|y_1_14_d0        | out |   16|  ap_memory |       y_1_14      |     array    |
|y_1_14_q0        |  in |   16|  ap_memory |       y_1_14      |     array    |
|y_1_14_we0       | out |    1|  ap_memory |       y_1_14      |     array    |
|y_1_14_address1  | out |    6|  ap_memory |       y_1_14      |     array    |
|y_1_14_ce1       | out |    1|  ap_memory |       y_1_14      |     array    |
|y_1_14_d1        | out |   16|  ap_memory |       y_1_14      |     array    |
|y_1_14_q1        |  in |   16|  ap_memory |       y_1_14      |     array    |
|y_1_14_we1       | out |    1|  ap_memory |       y_1_14      |     array    |
|y_1_15_address0  | out |    6|  ap_memory |       y_1_15      |     array    |
|y_1_15_ce0       | out |    1|  ap_memory |       y_1_15      |     array    |
|y_1_15_d0        | out |   16|  ap_memory |       y_1_15      |     array    |
|y_1_15_q0        |  in |   16|  ap_memory |       y_1_15      |     array    |
|y_1_15_we0       | out |    1|  ap_memory |       y_1_15      |     array    |
|y_1_15_address1  | out |    6|  ap_memory |       y_1_15      |     array    |
|y_1_15_ce1       | out |    1|  ap_memory |       y_1_15      |     array    |
|y_1_15_d1        | out |   16|  ap_memory |       y_1_15      |     array    |
|y_1_15_q1        |  in |   16|  ap_memory |       y_1_15      |     array    |
|y_1_15_we1       | out |    1|  ap_memory |       y_1_15      |     array    |
|y_2_0_address0   | out |    6|  ap_memory |       y_2_0       |     array    |
|y_2_0_ce0        | out |    1|  ap_memory |       y_2_0       |     array    |
|y_2_0_d0         | out |   16|  ap_memory |       y_2_0       |     array    |
|y_2_0_q0         |  in |   16|  ap_memory |       y_2_0       |     array    |
|y_2_0_we0        | out |    1|  ap_memory |       y_2_0       |     array    |
|y_2_0_address1   | out |    6|  ap_memory |       y_2_0       |     array    |
|y_2_0_ce1        | out |    1|  ap_memory |       y_2_0       |     array    |
|y_2_0_d1         | out |   16|  ap_memory |       y_2_0       |     array    |
|y_2_0_q1         |  in |   16|  ap_memory |       y_2_0       |     array    |
|y_2_0_we1        | out |    1|  ap_memory |       y_2_0       |     array    |
|y_2_1_address0   | out |    6|  ap_memory |       y_2_1       |     array    |
|y_2_1_ce0        | out |    1|  ap_memory |       y_2_1       |     array    |
|y_2_1_d0         | out |   16|  ap_memory |       y_2_1       |     array    |
|y_2_1_q0         |  in |   16|  ap_memory |       y_2_1       |     array    |
|y_2_1_we0        | out |    1|  ap_memory |       y_2_1       |     array    |
|y_2_1_address1   | out |    6|  ap_memory |       y_2_1       |     array    |
|y_2_1_ce1        | out |    1|  ap_memory |       y_2_1       |     array    |
|y_2_1_d1         | out |   16|  ap_memory |       y_2_1       |     array    |
|y_2_1_q1         |  in |   16|  ap_memory |       y_2_1       |     array    |
|y_2_1_we1        | out |    1|  ap_memory |       y_2_1       |     array    |
|y_2_2_address0   | out |    6|  ap_memory |       y_2_2       |     array    |
|y_2_2_ce0        | out |    1|  ap_memory |       y_2_2       |     array    |
|y_2_2_d0         | out |   16|  ap_memory |       y_2_2       |     array    |
|y_2_2_q0         |  in |   16|  ap_memory |       y_2_2       |     array    |
|y_2_2_we0        | out |    1|  ap_memory |       y_2_2       |     array    |
|y_2_2_address1   | out |    6|  ap_memory |       y_2_2       |     array    |
|y_2_2_ce1        | out |    1|  ap_memory |       y_2_2       |     array    |
|y_2_2_d1         | out |   16|  ap_memory |       y_2_2       |     array    |
|y_2_2_q1         |  in |   16|  ap_memory |       y_2_2       |     array    |
|y_2_2_we1        | out |    1|  ap_memory |       y_2_2       |     array    |
|y_2_3_address0   | out |    6|  ap_memory |       y_2_3       |     array    |
|y_2_3_ce0        | out |    1|  ap_memory |       y_2_3       |     array    |
|y_2_3_d0         | out |   16|  ap_memory |       y_2_3       |     array    |
|y_2_3_q0         |  in |   16|  ap_memory |       y_2_3       |     array    |
|y_2_3_we0        | out |    1|  ap_memory |       y_2_3       |     array    |
|y_2_3_address1   | out |    6|  ap_memory |       y_2_3       |     array    |
|y_2_3_ce1        | out |    1|  ap_memory |       y_2_3       |     array    |
|y_2_3_d1         | out |   16|  ap_memory |       y_2_3       |     array    |
|y_2_3_q1         |  in |   16|  ap_memory |       y_2_3       |     array    |
|y_2_3_we1        | out |    1|  ap_memory |       y_2_3       |     array    |
|y_2_4_address0   | out |    6|  ap_memory |       y_2_4       |     array    |
|y_2_4_ce0        | out |    1|  ap_memory |       y_2_4       |     array    |
|y_2_4_d0         | out |   16|  ap_memory |       y_2_4       |     array    |
|y_2_4_q0         |  in |   16|  ap_memory |       y_2_4       |     array    |
|y_2_4_we0        | out |    1|  ap_memory |       y_2_4       |     array    |
|y_2_4_address1   | out |    6|  ap_memory |       y_2_4       |     array    |
|y_2_4_ce1        | out |    1|  ap_memory |       y_2_4       |     array    |
|y_2_4_d1         | out |   16|  ap_memory |       y_2_4       |     array    |
|y_2_4_q1         |  in |   16|  ap_memory |       y_2_4       |     array    |
|y_2_4_we1        | out |    1|  ap_memory |       y_2_4       |     array    |
|y_2_5_address0   | out |    6|  ap_memory |       y_2_5       |     array    |
|y_2_5_ce0        | out |    1|  ap_memory |       y_2_5       |     array    |
|y_2_5_d0         | out |   16|  ap_memory |       y_2_5       |     array    |
|y_2_5_q0         |  in |   16|  ap_memory |       y_2_5       |     array    |
|y_2_5_we0        | out |    1|  ap_memory |       y_2_5       |     array    |
|y_2_5_address1   | out |    6|  ap_memory |       y_2_5       |     array    |
|y_2_5_ce1        | out |    1|  ap_memory |       y_2_5       |     array    |
|y_2_5_d1         | out |   16|  ap_memory |       y_2_5       |     array    |
|y_2_5_q1         |  in |   16|  ap_memory |       y_2_5       |     array    |
|y_2_5_we1        | out |    1|  ap_memory |       y_2_5       |     array    |
|y_2_6_address0   | out |    6|  ap_memory |       y_2_6       |     array    |
|y_2_6_ce0        | out |    1|  ap_memory |       y_2_6       |     array    |
|y_2_6_d0         | out |   16|  ap_memory |       y_2_6       |     array    |
|y_2_6_q0         |  in |   16|  ap_memory |       y_2_6       |     array    |
|y_2_6_we0        | out |    1|  ap_memory |       y_2_6       |     array    |
|y_2_6_address1   | out |    6|  ap_memory |       y_2_6       |     array    |
|y_2_6_ce1        | out |    1|  ap_memory |       y_2_6       |     array    |
|y_2_6_d1         | out |   16|  ap_memory |       y_2_6       |     array    |
|y_2_6_q1         |  in |   16|  ap_memory |       y_2_6       |     array    |
|y_2_6_we1        | out |    1|  ap_memory |       y_2_6       |     array    |
|y_2_7_address0   | out |    6|  ap_memory |       y_2_7       |     array    |
|y_2_7_ce0        | out |    1|  ap_memory |       y_2_7       |     array    |
|y_2_7_d0         | out |   16|  ap_memory |       y_2_7       |     array    |
|y_2_7_q0         |  in |   16|  ap_memory |       y_2_7       |     array    |
|y_2_7_we0        | out |    1|  ap_memory |       y_2_7       |     array    |
|y_2_7_address1   | out |    6|  ap_memory |       y_2_7       |     array    |
|y_2_7_ce1        | out |    1|  ap_memory |       y_2_7       |     array    |
|y_2_7_d1         | out |   16|  ap_memory |       y_2_7       |     array    |
|y_2_7_q1         |  in |   16|  ap_memory |       y_2_7       |     array    |
|y_2_7_we1        | out |    1|  ap_memory |       y_2_7       |     array    |
|y_2_8_address0   | out |    6|  ap_memory |       y_2_8       |     array    |
|y_2_8_ce0        | out |    1|  ap_memory |       y_2_8       |     array    |
|y_2_8_d0         | out |   16|  ap_memory |       y_2_8       |     array    |
|y_2_8_q0         |  in |   16|  ap_memory |       y_2_8       |     array    |
|y_2_8_we0        | out |    1|  ap_memory |       y_2_8       |     array    |
|y_2_8_address1   | out |    6|  ap_memory |       y_2_8       |     array    |
|y_2_8_ce1        | out |    1|  ap_memory |       y_2_8       |     array    |
|y_2_8_d1         | out |   16|  ap_memory |       y_2_8       |     array    |
|y_2_8_q1         |  in |   16|  ap_memory |       y_2_8       |     array    |
|y_2_8_we1        | out |    1|  ap_memory |       y_2_8       |     array    |
|y_2_9_address0   | out |    6|  ap_memory |       y_2_9       |     array    |
|y_2_9_ce0        | out |    1|  ap_memory |       y_2_9       |     array    |
|y_2_9_d0         | out |   16|  ap_memory |       y_2_9       |     array    |
|y_2_9_q0         |  in |   16|  ap_memory |       y_2_9       |     array    |
|y_2_9_we0        | out |    1|  ap_memory |       y_2_9       |     array    |
|y_2_9_address1   | out |    6|  ap_memory |       y_2_9       |     array    |
|y_2_9_ce1        | out |    1|  ap_memory |       y_2_9       |     array    |
|y_2_9_d1         | out |   16|  ap_memory |       y_2_9       |     array    |
|y_2_9_q1         |  in |   16|  ap_memory |       y_2_9       |     array    |
|y_2_9_we1        | out |    1|  ap_memory |       y_2_9       |     array    |
|y_2_10_address0  | out |    6|  ap_memory |       y_2_10      |     array    |
|y_2_10_ce0       | out |    1|  ap_memory |       y_2_10      |     array    |
|y_2_10_d0        | out |   16|  ap_memory |       y_2_10      |     array    |
|y_2_10_q0        |  in |   16|  ap_memory |       y_2_10      |     array    |
|y_2_10_we0       | out |    1|  ap_memory |       y_2_10      |     array    |
|y_2_10_address1  | out |    6|  ap_memory |       y_2_10      |     array    |
|y_2_10_ce1       | out |    1|  ap_memory |       y_2_10      |     array    |
|y_2_10_d1        | out |   16|  ap_memory |       y_2_10      |     array    |
|y_2_10_q1        |  in |   16|  ap_memory |       y_2_10      |     array    |
|y_2_10_we1       | out |    1|  ap_memory |       y_2_10      |     array    |
|y_2_11_address0  | out |    6|  ap_memory |       y_2_11      |     array    |
|y_2_11_ce0       | out |    1|  ap_memory |       y_2_11      |     array    |
|y_2_11_d0        | out |   16|  ap_memory |       y_2_11      |     array    |
|y_2_11_q0        |  in |   16|  ap_memory |       y_2_11      |     array    |
|y_2_11_we0       | out |    1|  ap_memory |       y_2_11      |     array    |
|y_2_11_address1  | out |    6|  ap_memory |       y_2_11      |     array    |
|y_2_11_ce1       | out |    1|  ap_memory |       y_2_11      |     array    |
|y_2_11_d1        | out |   16|  ap_memory |       y_2_11      |     array    |
|y_2_11_q1        |  in |   16|  ap_memory |       y_2_11      |     array    |
|y_2_11_we1       | out |    1|  ap_memory |       y_2_11      |     array    |
|y_2_12_address0  | out |    6|  ap_memory |       y_2_12      |     array    |
|y_2_12_ce0       | out |    1|  ap_memory |       y_2_12      |     array    |
|y_2_12_d0        | out |   16|  ap_memory |       y_2_12      |     array    |
|y_2_12_q0        |  in |   16|  ap_memory |       y_2_12      |     array    |
|y_2_12_we0       | out |    1|  ap_memory |       y_2_12      |     array    |
|y_2_12_address1  | out |    6|  ap_memory |       y_2_12      |     array    |
|y_2_12_ce1       | out |    1|  ap_memory |       y_2_12      |     array    |
|y_2_12_d1        | out |   16|  ap_memory |       y_2_12      |     array    |
|y_2_12_q1        |  in |   16|  ap_memory |       y_2_12      |     array    |
|y_2_12_we1       | out |    1|  ap_memory |       y_2_12      |     array    |
|y_2_13_address0  | out |    6|  ap_memory |       y_2_13      |     array    |
|y_2_13_ce0       | out |    1|  ap_memory |       y_2_13      |     array    |
|y_2_13_d0        | out |   16|  ap_memory |       y_2_13      |     array    |
|y_2_13_q0        |  in |   16|  ap_memory |       y_2_13      |     array    |
|y_2_13_we0       | out |    1|  ap_memory |       y_2_13      |     array    |
|y_2_13_address1  | out |    6|  ap_memory |       y_2_13      |     array    |
|y_2_13_ce1       | out |    1|  ap_memory |       y_2_13      |     array    |
|y_2_13_d1        | out |   16|  ap_memory |       y_2_13      |     array    |
|y_2_13_q1        |  in |   16|  ap_memory |       y_2_13      |     array    |
|y_2_13_we1       | out |    1|  ap_memory |       y_2_13      |     array    |
|y_2_14_address0  | out |    6|  ap_memory |       y_2_14      |     array    |
|y_2_14_ce0       | out |    1|  ap_memory |       y_2_14      |     array    |
|y_2_14_d0        | out |   16|  ap_memory |       y_2_14      |     array    |
|y_2_14_q0        |  in |   16|  ap_memory |       y_2_14      |     array    |
|y_2_14_we0       | out |    1|  ap_memory |       y_2_14      |     array    |
|y_2_14_address1  | out |    6|  ap_memory |       y_2_14      |     array    |
|y_2_14_ce1       | out |    1|  ap_memory |       y_2_14      |     array    |
|y_2_14_d1        | out |   16|  ap_memory |       y_2_14      |     array    |
|y_2_14_q1        |  in |   16|  ap_memory |       y_2_14      |     array    |
|y_2_14_we1       | out |    1|  ap_memory |       y_2_14      |     array    |
|y_2_15_address0  | out |    6|  ap_memory |       y_2_15      |     array    |
|y_2_15_ce0       | out |    1|  ap_memory |       y_2_15      |     array    |
|y_2_15_d0        | out |   16|  ap_memory |       y_2_15      |     array    |
|y_2_15_q0        |  in |   16|  ap_memory |       y_2_15      |     array    |
|y_2_15_we0       | out |    1|  ap_memory |       y_2_15      |     array    |
|y_2_15_address1  | out |    6|  ap_memory |       y_2_15      |     array    |
|y_2_15_ce1       | out |    1|  ap_memory |       y_2_15      |     array    |
|y_2_15_d1        | out |   16|  ap_memory |       y_2_15      |     array    |
|y_2_15_q1        |  in |   16|  ap_memory |       y_2_15      |     array    |
|y_2_15_we1       | out |    1|  ap_memory |       y_2_15      |     array    |
|y_3_0            |  in |   16|   ap_none  |       y_3_0       |    pointer   |
|y_3_1            |  in |   16|   ap_none  |       y_3_1       |    pointer   |
|y_3_2            |  in |   16|   ap_none  |       y_3_2       |    pointer   |
|x_0_0            |  in |   16|   ap_none  |       x_0_0       |    pointer   |
|x_0_1            |  in |   16|   ap_none  |       x_0_1       |    pointer   |
|x_0_2            |  in |   16|   ap_none  |       x_0_2       |    pointer   |
|x_0_3            |  in |   16|   ap_none  |       x_0_3       |    pointer   |
|x_0_4            |  in |   16|   ap_none  |       x_0_4       |    pointer   |
|x_0_5            |  in |   16|   ap_none  |       x_0_5       |    pointer   |
|x_0_6            |  in |   16|   ap_none  |       x_0_6       |    pointer   |
|x_0_7            |  in |   16|   ap_none  |       x_0_7       |    pointer   |
|x_0_8            |  in |   16|   ap_none  |       x_0_8       |    pointer   |
|x_0_9            |  in |   16|   ap_none  |       x_0_9       |    pointer   |
|x_0_10           |  in |   16|   ap_none  |       x_0_10      |    pointer   |
|x_0_11           |  in |   16|   ap_none  |       x_0_11      |    pointer   |
|x_0_12           |  in |   16|   ap_none  |       x_0_12      |    pointer   |
|x_1_0_address0   | out |    6|  ap_memory |       x_1_0       |     array    |
|x_1_0_ce0        | out |    1|  ap_memory |       x_1_0       |     array    |
|x_1_0_d0         | out |   16|  ap_memory |       x_1_0       |     array    |
|x_1_0_q0         |  in |   16|  ap_memory |       x_1_0       |     array    |
|x_1_0_we0        | out |    1|  ap_memory |       x_1_0       |     array    |
|x_1_0_address1   | out |    6|  ap_memory |       x_1_0       |     array    |
|x_1_0_ce1        | out |    1|  ap_memory |       x_1_0       |     array    |
|x_1_0_d1         | out |   16|  ap_memory |       x_1_0       |     array    |
|x_1_0_q1         |  in |   16|  ap_memory |       x_1_0       |     array    |
|x_1_0_we1        | out |    1|  ap_memory |       x_1_0       |     array    |
|x_1_1_address0   | out |    6|  ap_memory |       x_1_1       |     array    |
|x_1_1_ce0        | out |    1|  ap_memory |       x_1_1       |     array    |
|x_1_1_d0         | out |   16|  ap_memory |       x_1_1       |     array    |
|x_1_1_q0         |  in |   16|  ap_memory |       x_1_1       |     array    |
|x_1_1_we0        | out |    1|  ap_memory |       x_1_1       |     array    |
|x_1_1_address1   | out |    6|  ap_memory |       x_1_1       |     array    |
|x_1_1_ce1        | out |    1|  ap_memory |       x_1_1       |     array    |
|x_1_1_d1         | out |   16|  ap_memory |       x_1_1       |     array    |
|x_1_1_q1         |  in |   16|  ap_memory |       x_1_1       |     array    |
|x_1_1_we1        | out |    1|  ap_memory |       x_1_1       |     array    |
|x_1_2_address0   | out |    6|  ap_memory |       x_1_2       |     array    |
|x_1_2_ce0        | out |    1|  ap_memory |       x_1_2       |     array    |
|x_1_2_d0         | out |   16|  ap_memory |       x_1_2       |     array    |
|x_1_2_q0         |  in |   16|  ap_memory |       x_1_2       |     array    |
|x_1_2_we0        | out |    1|  ap_memory |       x_1_2       |     array    |
|x_1_2_address1   | out |    6|  ap_memory |       x_1_2       |     array    |
|x_1_2_ce1        | out |    1|  ap_memory |       x_1_2       |     array    |
|x_1_2_d1         | out |   16|  ap_memory |       x_1_2       |     array    |
|x_1_2_q1         |  in |   16|  ap_memory |       x_1_2       |     array    |
|x_1_2_we1        | out |    1|  ap_memory |       x_1_2       |     array    |
|x_1_3_address0   | out |    6|  ap_memory |       x_1_3       |     array    |
|x_1_3_ce0        | out |    1|  ap_memory |       x_1_3       |     array    |
|x_1_3_d0         | out |   16|  ap_memory |       x_1_3       |     array    |
|x_1_3_q0         |  in |   16|  ap_memory |       x_1_3       |     array    |
|x_1_3_we0        | out |    1|  ap_memory |       x_1_3       |     array    |
|x_1_3_address1   | out |    6|  ap_memory |       x_1_3       |     array    |
|x_1_3_ce1        | out |    1|  ap_memory |       x_1_3       |     array    |
|x_1_3_d1         | out |   16|  ap_memory |       x_1_3       |     array    |
|x_1_3_q1         |  in |   16|  ap_memory |       x_1_3       |     array    |
|x_1_3_we1        | out |    1|  ap_memory |       x_1_3       |     array    |
|x_1_4_address0   | out |    6|  ap_memory |       x_1_4       |     array    |
|x_1_4_ce0        | out |    1|  ap_memory |       x_1_4       |     array    |
|x_1_4_d0         | out |   16|  ap_memory |       x_1_4       |     array    |
|x_1_4_q0         |  in |   16|  ap_memory |       x_1_4       |     array    |
|x_1_4_we0        | out |    1|  ap_memory |       x_1_4       |     array    |
|x_1_4_address1   | out |    6|  ap_memory |       x_1_4       |     array    |
|x_1_4_ce1        | out |    1|  ap_memory |       x_1_4       |     array    |
|x_1_4_d1         | out |   16|  ap_memory |       x_1_4       |     array    |
|x_1_4_q1         |  in |   16|  ap_memory |       x_1_4       |     array    |
|x_1_4_we1        | out |    1|  ap_memory |       x_1_4       |     array    |
|x_1_5_address0   | out |    6|  ap_memory |       x_1_5       |     array    |
|x_1_5_ce0        | out |    1|  ap_memory |       x_1_5       |     array    |
|x_1_5_d0         | out |   16|  ap_memory |       x_1_5       |     array    |
|x_1_5_q0         |  in |   16|  ap_memory |       x_1_5       |     array    |
|x_1_5_we0        | out |    1|  ap_memory |       x_1_5       |     array    |
|x_1_5_address1   | out |    6|  ap_memory |       x_1_5       |     array    |
|x_1_5_ce1        | out |    1|  ap_memory |       x_1_5       |     array    |
|x_1_5_d1         | out |   16|  ap_memory |       x_1_5       |     array    |
|x_1_5_q1         |  in |   16|  ap_memory |       x_1_5       |     array    |
|x_1_5_we1        | out |    1|  ap_memory |       x_1_5       |     array    |
|x_1_6_address0   | out |    6|  ap_memory |       x_1_6       |     array    |
|x_1_6_ce0        | out |    1|  ap_memory |       x_1_6       |     array    |
|x_1_6_d0         | out |   16|  ap_memory |       x_1_6       |     array    |
|x_1_6_q0         |  in |   16|  ap_memory |       x_1_6       |     array    |
|x_1_6_we0        | out |    1|  ap_memory |       x_1_6       |     array    |
|x_1_6_address1   | out |    6|  ap_memory |       x_1_6       |     array    |
|x_1_6_ce1        | out |    1|  ap_memory |       x_1_6       |     array    |
|x_1_6_d1         | out |   16|  ap_memory |       x_1_6       |     array    |
|x_1_6_q1         |  in |   16|  ap_memory |       x_1_6       |     array    |
|x_1_6_we1        | out |    1|  ap_memory |       x_1_6       |     array    |
|x_1_7_address0   | out |    6|  ap_memory |       x_1_7       |     array    |
|x_1_7_ce0        | out |    1|  ap_memory |       x_1_7       |     array    |
|x_1_7_d0         | out |   16|  ap_memory |       x_1_7       |     array    |
|x_1_7_q0         |  in |   16|  ap_memory |       x_1_7       |     array    |
|x_1_7_we0        | out |    1|  ap_memory |       x_1_7       |     array    |
|x_1_7_address1   | out |    6|  ap_memory |       x_1_7       |     array    |
|x_1_7_ce1        | out |    1|  ap_memory |       x_1_7       |     array    |
|x_1_7_d1         | out |   16|  ap_memory |       x_1_7       |     array    |
|x_1_7_q1         |  in |   16|  ap_memory |       x_1_7       |     array    |
|x_1_7_we1        | out |    1|  ap_memory |       x_1_7       |     array    |
|x_1_8_address0   | out |    6|  ap_memory |       x_1_8       |     array    |
|x_1_8_ce0        | out |    1|  ap_memory |       x_1_8       |     array    |
|x_1_8_d0         | out |   16|  ap_memory |       x_1_8       |     array    |
|x_1_8_q0         |  in |   16|  ap_memory |       x_1_8       |     array    |
|x_1_8_we0        | out |    1|  ap_memory |       x_1_8       |     array    |
|x_1_8_address1   | out |    6|  ap_memory |       x_1_8       |     array    |
|x_1_8_ce1        | out |    1|  ap_memory |       x_1_8       |     array    |
|x_1_8_d1         | out |   16|  ap_memory |       x_1_8       |     array    |
|x_1_8_q1         |  in |   16|  ap_memory |       x_1_8       |     array    |
|x_1_8_we1        | out |    1|  ap_memory |       x_1_8       |     array    |
|x_1_9_address0   | out |    6|  ap_memory |       x_1_9       |     array    |
|x_1_9_ce0        | out |    1|  ap_memory |       x_1_9       |     array    |
|x_1_9_d0         | out |   16|  ap_memory |       x_1_9       |     array    |
|x_1_9_q0         |  in |   16|  ap_memory |       x_1_9       |     array    |
|x_1_9_we0        | out |    1|  ap_memory |       x_1_9       |     array    |
|x_1_9_address1   | out |    6|  ap_memory |       x_1_9       |     array    |
|x_1_9_ce1        | out |    1|  ap_memory |       x_1_9       |     array    |
|x_1_9_d1         | out |   16|  ap_memory |       x_1_9       |     array    |
|x_1_9_q1         |  in |   16|  ap_memory |       x_1_9       |     array    |
|x_1_9_we1        | out |    1|  ap_memory |       x_1_9       |     array    |
|x_1_10_address0  | out |    6|  ap_memory |       x_1_10      |     array    |
|x_1_10_ce0       | out |    1|  ap_memory |       x_1_10      |     array    |
|x_1_10_d0        | out |   16|  ap_memory |       x_1_10      |     array    |
|x_1_10_q0        |  in |   16|  ap_memory |       x_1_10      |     array    |
|x_1_10_we0       | out |    1|  ap_memory |       x_1_10      |     array    |
|x_1_10_address1  | out |    6|  ap_memory |       x_1_10      |     array    |
|x_1_10_ce1       | out |    1|  ap_memory |       x_1_10      |     array    |
|x_1_10_d1        | out |   16|  ap_memory |       x_1_10      |     array    |
|x_1_10_q1        |  in |   16|  ap_memory |       x_1_10      |     array    |
|x_1_10_we1       | out |    1|  ap_memory |       x_1_10      |     array    |
|x_1_11_address0  | out |    6|  ap_memory |       x_1_11      |     array    |
|x_1_11_ce0       | out |    1|  ap_memory |       x_1_11      |     array    |
|x_1_11_d0        | out |   16|  ap_memory |       x_1_11      |     array    |
|x_1_11_q0        |  in |   16|  ap_memory |       x_1_11      |     array    |
|x_1_11_we0       | out |    1|  ap_memory |       x_1_11      |     array    |
|x_1_11_address1  | out |    6|  ap_memory |       x_1_11      |     array    |
|x_1_11_ce1       | out |    1|  ap_memory |       x_1_11      |     array    |
|x_1_11_d1        | out |   16|  ap_memory |       x_1_11      |     array    |
|x_1_11_q1        |  in |   16|  ap_memory |       x_1_11      |     array    |
|x_1_11_we1       | out |    1|  ap_memory |       x_1_11      |     array    |
|x_1_12_address0  | out |    6|  ap_memory |       x_1_12      |     array    |
|x_1_12_ce0       | out |    1|  ap_memory |       x_1_12      |     array    |
|x_1_12_d0        | out |   16|  ap_memory |       x_1_12      |     array    |
|x_1_12_q0        |  in |   16|  ap_memory |       x_1_12      |     array    |
|x_1_12_we0       | out |    1|  ap_memory |       x_1_12      |     array    |
|x_1_12_address1  | out |    6|  ap_memory |       x_1_12      |     array    |
|x_1_12_ce1       | out |    1|  ap_memory |       x_1_12      |     array    |
|x_1_12_d1        | out |   16|  ap_memory |       x_1_12      |     array    |
|x_1_12_q1        |  in |   16|  ap_memory |       x_1_12      |     array    |
|x_1_12_we1       | out |    1|  ap_memory |       x_1_12      |     array    |
|x_1_13_address0  | out |    6|  ap_memory |       x_1_13      |     array    |
|x_1_13_ce0       | out |    1|  ap_memory |       x_1_13      |     array    |
|x_1_13_d0        | out |   16|  ap_memory |       x_1_13      |     array    |
|x_1_13_q0        |  in |   16|  ap_memory |       x_1_13      |     array    |
|x_1_13_we0       | out |    1|  ap_memory |       x_1_13      |     array    |
|x_1_13_address1  | out |    6|  ap_memory |       x_1_13      |     array    |
|x_1_13_ce1       | out |    1|  ap_memory |       x_1_13      |     array    |
|x_1_13_d1        | out |   16|  ap_memory |       x_1_13      |     array    |
|x_1_13_q1        |  in |   16|  ap_memory |       x_1_13      |     array    |
|x_1_13_we1       | out |    1|  ap_memory |       x_1_13      |     array    |
|x_1_14_address0  | out |    6|  ap_memory |       x_1_14      |     array    |
|x_1_14_ce0       | out |    1|  ap_memory |       x_1_14      |     array    |
|x_1_14_d0        | out |   16|  ap_memory |       x_1_14      |     array    |
|x_1_14_q0        |  in |   16|  ap_memory |       x_1_14      |     array    |
|x_1_14_we0       | out |    1|  ap_memory |       x_1_14      |     array    |
|x_1_14_address1  | out |    6|  ap_memory |       x_1_14      |     array    |
|x_1_14_ce1       | out |    1|  ap_memory |       x_1_14      |     array    |
|x_1_14_d1        | out |   16|  ap_memory |       x_1_14      |     array    |
|x_1_14_q1        |  in |   16|  ap_memory |       x_1_14      |     array    |
|x_1_14_we1       | out |    1|  ap_memory |       x_1_14      |     array    |
|x_1_15_address0  | out |    6|  ap_memory |       x_1_15      |     array    |
|x_1_15_ce0       | out |    1|  ap_memory |       x_1_15      |     array    |
|x_1_15_d0        | out |   16|  ap_memory |       x_1_15      |     array    |
|x_1_15_q0        |  in |   16|  ap_memory |       x_1_15      |     array    |
|x_1_15_we0       | out |    1|  ap_memory |       x_1_15      |     array    |
|x_1_15_address1  | out |    6|  ap_memory |       x_1_15      |     array    |
|x_1_15_ce1       | out |    1|  ap_memory |       x_1_15      |     array    |
|x_1_15_d1        | out |   16|  ap_memory |       x_1_15      |     array    |
|x_1_15_q1        |  in |   16|  ap_memory |       x_1_15      |     array    |
|x_1_15_we1       | out |    1|  ap_memory |       x_1_15      |     array    |
|x_2_0_address0   | out |    6|  ap_memory |       x_2_0       |     array    |
|x_2_0_ce0        | out |    1|  ap_memory |       x_2_0       |     array    |
|x_2_0_d0         | out |   16|  ap_memory |       x_2_0       |     array    |
|x_2_0_q0         |  in |   16|  ap_memory |       x_2_0       |     array    |
|x_2_0_we0        | out |    1|  ap_memory |       x_2_0       |     array    |
|x_2_0_address1   | out |    6|  ap_memory |       x_2_0       |     array    |
|x_2_0_ce1        | out |    1|  ap_memory |       x_2_0       |     array    |
|x_2_0_d1         | out |   16|  ap_memory |       x_2_0       |     array    |
|x_2_0_q1         |  in |   16|  ap_memory |       x_2_0       |     array    |
|x_2_0_we1        | out |    1|  ap_memory |       x_2_0       |     array    |
|x_2_1_address0   | out |    6|  ap_memory |       x_2_1       |     array    |
|x_2_1_ce0        | out |    1|  ap_memory |       x_2_1       |     array    |
|x_2_1_d0         | out |   16|  ap_memory |       x_2_1       |     array    |
|x_2_1_q0         |  in |   16|  ap_memory |       x_2_1       |     array    |
|x_2_1_we0        | out |    1|  ap_memory |       x_2_1       |     array    |
|x_2_1_address1   | out |    6|  ap_memory |       x_2_1       |     array    |
|x_2_1_ce1        | out |    1|  ap_memory |       x_2_1       |     array    |
|x_2_1_d1         | out |   16|  ap_memory |       x_2_1       |     array    |
|x_2_1_q1         |  in |   16|  ap_memory |       x_2_1       |     array    |
|x_2_1_we1        | out |    1|  ap_memory |       x_2_1       |     array    |
|x_2_2_address0   | out |    6|  ap_memory |       x_2_2       |     array    |
|x_2_2_ce0        | out |    1|  ap_memory |       x_2_2       |     array    |
|x_2_2_d0         | out |   16|  ap_memory |       x_2_2       |     array    |
|x_2_2_q0         |  in |   16|  ap_memory |       x_2_2       |     array    |
|x_2_2_we0        | out |    1|  ap_memory |       x_2_2       |     array    |
|x_2_2_address1   | out |    6|  ap_memory |       x_2_2       |     array    |
|x_2_2_ce1        | out |    1|  ap_memory |       x_2_2       |     array    |
|x_2_2_d1         | out |   16|  ap_memory |       x_2_2       |     array    |
|x_2_2_q1         |  in |   16|  ap_memory |       x_2_2       |     array    |
|x_2_2_we1        | out |    1|  ap_memory |       x_2_2       |     array    |
|x_2_3_address0   | out |    6|  ap_memory |       x_2_3       |     array    |
|x_2_3_ce0        | out |    1|  ap_memory |       x_2_3       |     array    |
|x_2_3_d0         | out |   16|  ap_memory |       x_2_3       |     array    |
|x_2_3_q0         |  in |   16|  ap_memory |       x_2_3       |     array    |
|x_2_3_we0        | out |    1|  ap_memory |       x_2_3       |     array    |
|x_2_3_address1   | out |    6|  ap_memory |       x_2_3       |     array    |
|x_2_3_ce1        | out |    1|  ap_memory |       x_2_3       |     array    |
|x_2_3_d1         | out |   16|  ap_memory |       x_2_3       |     array    |
|x_2_3_q1         |  in |   16|  ap_memory |       x_2_3       |     array    |
|x_2_3_we1        | out |    1|  ap_memory |       x_2_3       |     array    |
|x_2_4_address0   | out |    6|  ap_memory |       x_2_4       |     array    |
|x_2_4_ce0        | out |    1|  ap_memory |       x_2_4       |     array    |
|x_2_4_d0         | out |   16|  ap_memory |       x_2_4       |     array    |
|x_2_4_q0         |  in |   16|  ap_memory |       x_2_4       |     array    |
|x_2_4_we0        | out |    1|  ap_memory |       x_2_4       |     array    |
|x_2_4_address1   | out |    6|  ap_memory |       x_2_4       |     array    |
|x_2_4_ce1        | out |    1|  ap_memory |       x_2_4       |     array    |
|x_2_4_d1         | out |   16|  ap_memory |       x_2_4       |     array    |
|x_2_4_q1         |  in |   16|  ap_memory |       x_2_4       |     array    |
|x_2_4_we1        | out |    1|  ap_memory |       x_2_4       |     array    |
|x_2_5_address0   | out |    6|  ap_memory |       x_2_5       |     array    |
|x_2_5_ce0        | out |    1|  ap_memory |       x_2_5       |     array    |
|x_2_5_d0         | out |   16|  ap_memory |       x_2_5       |     array    |
|x_2_5_q0         |  in |   16|  ap_memory |       x_2_5       |     array    |
|x_2_5_we0        | out |    1|  ap_memory |       x_2_5       |     array    |
|x_2_5_address1   | out |    6|  ap_memory |       x_2_5       |     array    |
|x_2_5_ce1        | out |    1|  ap_memory |       x_2_5       |     array    |
|x_2_5_d1         | out |   16|  ap_memory |       x_2_5       |     array    |
|x_2_5_q1         |  in |   16|  ap_memory |       x_2_5       |     array    |
|x_2_5_we1        | out |    1|  ap_memory |       x_2_5       |     array    |
|x_2_6_address0   | out |    6|  ap_memory |       x_2_6       |     array    |
|x_2_6_ce0        | out |    1|  ap_memory |       x_2_6       |     array    |
|x_2_6_d0         | out |   16|  ap_memory |       x_2_6       |     array    |
|x_2_6_q0         |  in |   16|  ap_memory |       x_2_6       |     array    |
|x_2_6_we0        | out |    1|  ap_memory |       x_2_6       |     array    |
|x_2_6_address1   | out |    6|  ap_memory |       x_2_6       |     array    |
|x_2_6_ce1        | out |    1|  ap_memory |       x_2_6       |     array    |
|x_2_6_d1         | out |   16|  ap_memory |       x_2_6       |     array    |
|x_2_6_q1         |  in |   16|  ap_memory |       x_2_6       |     array    |
|x_2_6_we1        | out |    1|  ap_memory |       x_2_6       |     array    |
|x_2_7_address0   | out |    6|  ap_memory |       x_2_7       |     array    |
|x_2_7_ce0        | out |    1|  ap_memory |       x_2_7       |     array    |
|x_2_7_d0         | out |   16|  ap_memory |       x_2_7       |     array    |
|x_2_7_q0         |  in |   16|  ap_memory |       x_2_7       |     array    |
|x_2_7_we0        | out |    1|  ap_memory |       x_2_7       |     array    |
|x_2_7_address1   | out |    6|  ap_memory |       x_2_7       |     array    |
|x_2_7_ce1        | out |    1|  ap_memory |       x_2_7       |     array    |
|x_2_7_d1         | out |   16|  ap_memory |       x_2_7       |     array    |
|x_2_7_q1         |  in |   16|  ap_memory |       x_2_7       |     array    |
|x_2_7_we1        | out |    1|  ap_memory |       x_2_7       |     array    |
|x_2_8_address0   | out |    6|  ap_memory |       x_2_8       |     array    |
|x_2_8_ce0        | out |    1|  ap_memory |       x_2_8       |     array    |
|x_2_8_d0         | out |   16|  ap_memory |       x_2_8       |     array    |
|x_2_8_q0         |  in |   16|  ap_memory |       x_2_8       |     array    |
|x_2_8_we0        | out |    1|  ap_memory |       x_2_8       |     array    |
|x_2_8_address1   | out |    6|  ap_memory |       x_2_8       |     array    |
|x_2_8_ce1        | out |    1|  ap_memory |       x_2_8       |     array    |
|x_2_8_d1         | out |   16|  ap_memory |       x_2_8       |     array    |
|x_2_8_q1         |  in |   16|  ap_memory |       x_2_8       |     array    |
|x_2_8_we1        | out |    1|  ap_memory |       x_2_8       |     array    |
|x_2_9_address0   | out |    6|  ap_memory |       x_2_9       |     array    |
|x_2_9_ce0        | out |    1|  ap_memory |       x_2_9       |     array    |
|x_2_9_d0         | out |   16|  ap_memory |       x_2_9       |     array    |
|x_2_9_q0         |  in |   16|  ap_memory |       x_2_9       |     array    |
|x_2_9_we0        | out |    1|  ap_memory |       x_2_9       |     array    |
|x_2_9_address1   | out |    6|  ap_memory |       x_2_9       |     array    |
|x_2_9_ce1        | out |    1|  ap_memory |       x_2_9       |     array    |
|x_2_9_d1         | out |   16|  ap_memory |       x_2_9       |     array    |
|x_2_9_q1         |  in |   16|  ap_memory |       x_2_9       |     array    |
|x_2_9_we1        | out |    1|  ap_memory |       x_2_9       |     array    |
|x_2_10_address0  | out |    6|  ap_memory |       x_2_10      |     array    |
|x_2_10_ce0       | out |    1|  ap_memory |       x_2_10      |     array    |
|x_2_10_d0        | out |   16|  ap_memory |       x_2_10      |     array    |
|x_2_10_q0        |  in |   16|  ap_memory |       x_2_10      |     array    |
|x_2_10_we0       | out |    1|  ap_memory |       x_2_10      |     array    |
|x_2_10_address1  | out |    6|  ap_memory |       x_2_10      |     array    |
|x_2_10_ce1       | out |    1|  ap_memory |       x_2_10      |     array    |
|x_2_10_d1        | out |   16|  ap_memory |       x_2_10      |     array    |
|x_2_10_q1        |  in |   16|  ap_memory |       x_2_10      |     array    |
|x_2_10_we1       | out |    1|  ap_memory |       x_2_10      |     array    |
|x_2_11_address0  | out |    6|  ap_memory |       x_2_11      |     array    |
|x_2_11_ce0       | out |    1|  ap_memory |       x_2_11      |     array    |
|x_2_11_d0        | out |   16|  ap_memory |       x_2_11      |     array    |
|x_2_11_q0        |  in |   16|  ap_memory |       x_2_11      |     array    |
|x_2_11_we0       | out |    1|  ap_memory |       x_2_11      |     array    |
|x_2_11_address1  | out |    6|  ap_memory |       x_2_11      |     array    |
|x_2_11_ce1       | out |    1|  ap_memory |       x_2_11      |     array    |
|x_2_11_d1        | out |   16|  ap_memory |       x_2_11      |     array    |
|x_2_11_q1        |  in |   16|  ap_memory |       x_2_11      |     array    |
|x_2_11_we1       | out |    1|  ap_memory |       x_2_11      |     array    |
|x_2_12_address0  | out |    6|  ap_memory |       x_2_12      |     array    |
|x_2_12_ce0       | out |    1|  ap_memory |       x_2_12      |     array    |
|x_2_12_d0        | out |   16|  ap_memory |       x_2_12      |     array    |
|x_2_12_q0        |  in |   16|  ap_memory |       x_2_12      |     array    |
|x_2_12_we0       | out |    1|  ap_memory |       x_2_12      |     array    |
|x_2_12_address1  | out |    6|  ap_memory |       x_2_12      |     array    |
|x_2_12_ce1       | out |    1|  ap_memory |       x_2_12      |     array    |
|x_2_12_d1        | out |   16|  ap_memory |       x_2_12      |     array    |
|x_2_12_q1        |  in |   16|  ap_memory |       x_2_12      |     array    |
|x_2_12_we1       | out |    1|  ap_memory |       x_2_12      |     array    |
|x_2_13_address0  | out |    6|  ap_memory |       x_2_13      |     array    |
|x_2_13_ce0       | out |    1|  ap_memory |       x_2_13      |     array    |
|x_2_13_d0        | out |   16|  ap_memory |       x_2_13      |     array    |
|x_2_13_q0        |  in |   16|  ap_memory |       x_2_13      |     array    |
|x_2_13_we0       | out |    1|  ap_memory |       x_2_13      |     array    |
|x_2_13_address1  | out |    6|  ap_memory |       x_2_13      |     array    |
|x_2_13_ce1       | out |    1|  ap_memory |       x_2_13      |     array    |
|x_2_13_d1        | out |   16|  ap_memory |       x_2_13      |     array    |
|x_2_13_q1        |  in |   16|  ap_memory |       x_2_13      |     array    |
|x_2_13_we1       | out |    1|  ap_memory |       x_2_13      |     array    |
|x_2_14_address0  | out |    6|  ap_memory |       x_2_14      |     array    |
|x_2_14_ce0       | out |    1|  ap_memory |       x_2_14      |     array    |
|x_2_14_d0        | out |   16|  ap_memory |       x_2_14      |     array    |
|x_2_14_q0        |  in |   16|  ap_memory |       x_2_14      |     array    |
|x_2_14_we0       | out |    1|  ap_memory |       x_2_14      |     array    |
|x_2_14_address1  | out |    6|  ap_memory |       x_2_14      |     array    |
|x_2_14_ce1       | out |    1|  ap_memory |       x_2_14      |     array    |
|x_2_14_d1        | out |   16|  ap_memory |       x_2_14      |     array    |
|x_2_14_q1        |  in |   16|  ap_memory |       x_2_14      |     array    |
|x_2_14_we1       | out |    1|  ap_memory |       x_2_14      |     array    |
|x_2_15_address0  | out |    6|  ap_memory |       x_2_15      |     array    |
|x_2_15_ce0       | out |    1|  ap_memory |       x_2_15      |     array    |
|x_2_15_d0        | out |   16|  ap_memory |       x_2_15      |     array    |
|x_2_15_q0        |  in |   16|  ap_memory |       x_2_15      |     array    |
|x_2_15_we0       | out |    1|  ap_memory |       x_2_15      |     array    |
|x_2_15_address1  | out |    6|  ap_memory |       x_2_15      |     array    |
|x_2_15_ce1       | out |    1|  ap_memory |       x_2_15      |     array    |
|x_2_15_d1        | out |   16|  ap_memory |       x_2_15      |     array    |
|x_2_15_q1        |  in |   16|  ap_memory |       x_2_15      |     array    |
|x_2_15_we1       | out |    1|  ap_memory |       x_2_15      |     array    |
|x_3_0            |  in |   16|   ap_none  |       x_3_0       |    pointer   |
|x_3_1            |  in |   16|   ap_none  |       x_3_1       |    pointer   |
|x_3_2            |  in |   16|   ap_none  |       x_3_2       |    pointer   |
|out_r            | out |   32|   ap_vld   |       out_r       |    pointer   |
|out_r_ap_vld     | out |    1|   ap_vld   |       out_r       |    pointer   |
+-----------------+-----+-----+------------+-------------------+--------------+

