

================================================================
== Vivado HLS Report for 'parallel_0'
================================================================
* Date:           Sat Aug 22 15:44:20 2020

* Version:        2019.2 (Build 2704478 on Wed Nov 06 22:10:23 MST 2019)
* Project:        knn
* Solution:       solution1
* Product family: zynq
* Target device:  xc7z020-clg484-1


================================================================
== Performance Estimates
================================================================
+ Timing: 
    * Summary: 
    +--------+----------+----------+------------+
    |  Clock |  Target  | Estimated| Uncertainty|
    +--------+----------+----------+------------+
    |ap_clk  | 10.00 ns | 9.592 ns |   1.25 ns  |
    +--------+----------+----------+------------+

+ Latency: 
    * Summary: 
    +---------+---------+----------+----------+-----+-----+---------+
    |  Latency (cycles) |  Latency (absolute) |  Interval | Pipeline|
    |   min   |   max   |    min   |    max   | min | max |   Type  |
    +---------+---------+----------+----------+-----+-----+---------+
    |      436|      436| 4.360 us | 4.360 us |  436|  436|   none  |
    +---------+---------+----------+----------+-----+-----+---------+

    + Detail: 
        * Instance: 
        N/A

        * Loop: 
        N/A



================================================================
== Utilization Estimates
================================================================
* Summary: 
+-----------------+---------+-------+--------+-------+-----+
|       Name      | BRAM_18K| DSP48E|   FF   |  LUT  | URAM|
+-----------------+---------+-------+--------+-------+-----+
|DSP              |        -|      -|       -|      -|    -|
|Expression       |        -|      -|       0|      4|    -|
|FIFO             |        -|      -|       -|      -|    -|
|Instance         |        -|     23|    2900|   6128|    -|
|Memory           |        -|      -|       -|      -|    -|
|Multiplexer      |        -|      -|       -|   5396|    -|
|Register         |        -|      -|   12790|      -|    -|
+-----------------+---------+-------+--------+-------+-----+
|Total            |        0|     23|   15690|  11528|    0|
+-----------------+---------+-------+--------+-------+-----+
|Available        |      280|    220|  106400|  53200|    0|
+-----------------+---------+-------+--------+-------+-----+
|Utilization (%)  |        0|     10|      14|     21|    0|
+-----------------+---------+-------+--------+-------+-----+

+ Detail: 
    * Instance: 
    +----------------------------+----------------------+---------+-------+-----+------+-----+
    |          Instance          |        Module        | BRAM_18K| DSP48E|  FF |  LUT | URAM|
    +----------------------------+----------------------+---------+-------+-----+------+-----+
    |knn_8p128f_8paralbkb_U2153  |knn_8p128f_8paralbkb  |        0|      2|  205|   390|    0|
    |knn_8p128f_8paralbkb_U2154  |knn_8p128f_8paralbkb  |        0|      2|  205|   390|    0|
    |knn_8p128f_8paralbkb_U2155  |knn_8p128f_8paralbkb  |        0|      2|  205|   390|    0|
    |knn_8p128f_8paralbkb_U2156  |knn_8p128f_8paralbkb  |        0|      2|  205|   390|    0|
    |knn_8p128f_8paralcud_U2157  |knn_8p128f_8paralcud  |        0|      3|  143|   321|    0|
    |knn_8p128f_8paralcud_U2158  |knn_8p128f_8paralcud  |        0|      3|  143|   321|    0|
    |knn_8p128f_8paralcud_U2159  |knn_8p128f_8paralcud  |        0|      3|  143|   321|    0|
    |knn_8p128f_8paraldEe_U2160  |knn_8p128f_8paraldEe  |        0|      0|  128|   277|    0|
    |knn_8p128f_8paraldEe_U2161  |knn_8p128f_8paraldEe  |        0|      0|  128|   277|    0|
    |knn_8p128f_8paraleOg_U2162  |knn_8p128f_8paraleOg  |        0|      0|  100|   138|    0|
    |knn_8p128f_8paralfYi_U2163  |knn_8p128f_8paralfYi  |        0|      0|  405|   615|    0|
    |knn_8p128f_8paralg8j_U2164  |knn_8p128f_8paralg8j  |        0|      3|  445|  1149|    0|
    |knn_8p128f_8paralg8j_U2165  |knn_8p128f_8paralg8j  |        0|      3|  445|  1149|    0|
    +----------------------------+----------------------+---------+-------+-----+------+-----+
    |Total                       |                      |        0|     23| 2900|  6128|    0|
    +----------------------------+----------------------+---------+-------+-----+------+-----+

    * DSP48E: 
    N/A

    * Memory: 
    N/A

    * FIFO: 
    N/A

    * Expression: 
    +-----------------+----------+-------+---+----+------------+------------+
    |  Variable Name  | Operation| DSP48E| FF| LUT| Bitwidth P0| Bitwidth P1|
    +-----------------+----------+-------+---+----+------------+------------+
    |ap_block_state1  |    or    |      0|  0|   2|           1|           1|
    |ap_block_state2  |    or    |      0|  0|   2|           1|           1|
    +-----------------+----------+-------+---+----+------------+------------+
    |Total            |          |      0|  0|   4|           2|           2|
    +-----------------+----------+-------+---+----+------------+------------+

    * Multiplexer: 
    +------------------------+------+-----------+-----+-----------+
    |          Name          |  LUT | Input Size| Bits| Total Bits|
    +------------------------+------+-----------+-----+-----------+
    |ap_NS_fsm               |  1897|        438|    1|        438|
    |ap_done                 |     9|          2|    1|          2|
    |grp_fu_2463_p0          |    59|         14|   32|        448|
    |grp_fu_2463_p1          |    56|         13|   32|        416|
    |grp_fu_2468_p0          |    44|          9|   32|        288|
    |grp_fu_2468_p1          |    47|         10|   32|        320|
    |grp_fu_2472_p0          |    21|          4|   32|        128|
    |grp_fu_2472_p1          |    15|          3|   32|         96|
    |grp_fu_2480_p0          |   325|         73|   32|       2336|
    |grp_fu_2480_p1          |   325|         73|   32|       2336|
    |grp_fu_2484_p0          |    56|         13|   32|        416|
    |grp_fu_2484_p1          |    56|         13|   32|        416|
    |grp_fu_2488_p0          |    33|          6|   32|        192|
    |grp_fu_2488_p1          |    33|          6|   32|        192|
    |grp_fu_2492_p0          |    15|          3|   64|        192|
    |grp_fu_2495_p0          |    15|          3|   64|        192|
    |grp_fu_2506_p0          |   293|         65|   64|       4160|
    |grp_fu_2506_p1          |    33|          6|   64|        384|
    |grp_fu_2510_p0          |   293|         65|   64|       4160|
    |grp_fu_2510_p1          |    33|          6|   64|        384|
    |knownFeatures_address0  |   293|         65|    7|        455|
    |knownFeatures_address1  |   293|         65|    7|        455|
    |xFeatures_0_blk_n       |     9|          2|    1|          2|
    |xFeatures_100_blk_n     |     9|          2|    1|          2|
    |xFeatures_101_blk_n     |     9|          2|    1|          2|
    |xFeatures_102_blk_n     |     9|          2|    1|          2|
    |xFeatures_103_blk_n     |     9|          2|    1|          2|
    |xFeatures_104_blk_n     |     9|          2|    1|          2|
    |xFeatures_105_blk_n     |     9|          2|    1|          2|
    |xFeatures_106_blk_n     |     9|          2|    1|          2|
    |xFeatures_107_blk_n     |     9|          2|    1|          2|
    |xFeatures_108_blk_n     |     9|          2|    1|          2|
    |xFeatures_109_blk_n     |     9|          2|    1|          2|
    |xFeatures_10_blk_n      |     9|          2|    1|          2|
    |xFeatures_110_blk_n     |     9|          2|    1|          2|
    |xFeatures_111_blk_n     |     9|          2|    1|          2|
    |xFeatures_112_blk_n     |     9|          2|    1|          2|
    |xFeatures_113_blk_n     |     9|          2|    1|          2|
    |xFeatures_114_blk_n     |     9|          2|    1|          2|
    |xFeatures_115_blk_n     |     9|          2|    1|          2|
    |xFeatures_116_blk_n     |     9|          2|    1|          2|
    |xFeatures_117_blk_n     |     9|          2|    1|          2|
    |xFeatures_118_blk_n     |     9|          2|    1|          2|
    |xFeatures_119_blk_n     |     9|          2|    1|          2|
    |xFeatures_11_blk_n      |     9|          2|    1|          2|
    |xFeatures_120_blk_n     |     9|          2|    1|          2|
    |xFeatures_121_blk_n     |     9|          2|    1|          2|
    |xFeatures_122_blk_n     |     9|          2|    1|          2|
    |xFeatures_123_blk_n     |     9|          2|    1|          2|
    |xFeatures_124_blk_n     |     9|          2|    1|          2|
    |xFeatures_125_blk_n     |     9|          2|    1|          2|
    |xFeatures_126_blk_n     |     9|          2|    1|          2|
    |xFeatures_127_blk_n     |     9|          2|    1|          2|
    |xFeatures_12_blk_n      |     9|          2|    1|          2|
    |xFeatures_13_blk_n      |     9|          2|    1|          2|
    |xFeatures_14_blk_n      |     9|          2|    1|          2|
    |xFeatures_15_blk_n      |     9|          2|    1|          2|
    |xFeatures_16_blk_n      |     9|          2|    1|          2|
    |xFeatures_17_blk_n      |     9|          2|    1|          2|
    |xFeatures_18_blk_n      |     9|          2|    1|          2|
    |xFeatures_19_blk_n      |     9|          2|    1|          2|
    |xFeatures_1_blk_n       |     9|          2|    1|          2|
    |xFeatures_20_blk_n      |     9|          2|    1|          2|
    |xFeatures_21_blk_n      |     9|          2|    1|          2|
    |xFeatures_22_blk_n      |     9|          2|    1|          2|
    |xFeatures_23_blk_n      |     9|          2|    1|          2|
    |xFeatures_24_blk_n      |     9|          2|    1|          2|
    |xFeatures_25_blk_n      |     9|          2|    1|          2|
    |xFeatures_26_blk_n      |     9|          2|    1|          2|
    |xFeatures_27_blk_n      |     9|          2|    1|          2|
    |xFeatures_28_blk_n      |     9|          2|    1|          2|
    |xFeatures_29_blk_n      |     9|          2|    1|          2|
    |xFeatures_2_blk_n       |     9|          2|    1|          2|
    |xFeatures_30_blk_n      |     9|          2|    1|          2|
    |xFeatures_31_blk_n      |     9|          2|    1|          2|
    |xFeatures_32_blk_n      |     9|          2|    1|          2|
    |xFeatures_33_blk_n      |     9|          2|    1|          2|
    |xFeatures_34_blk_n      |     9|          2|    1|          2|
    |xFeatures_35_blk_n      |     9|          2|    1|          2|
    |xFeatures_36_blk_n      |     9|          2|    1|          2|
    |xFeatures_37_blk_n      |     9|          2|    1|          2|
    |xFeatures_38_blk_n      |     9|          2|    1|          2|
    |xFeatures_39_blk_n      |     9|          2|    1|          2|
    |xFeatures_3_blk_n       |     9|          2|    1|          2|
    |xFeatures_40_blk_n      |     9|          2|    1|          2|
    |xFeatures_41_blk_n      |     9|          2|    1|          2|
    |xFeatures_42_blk_n      |     9|          2|    1|          2|
    |xFeatures_43_blk_n      |     9|          2|    1|          2|
    |xFeatures_44_blk_n      |     9|          2|    1|          2|
    |xFeatures_45_blk_n      |     9|          2|    1|          2|
    |xFeatures_46_blk_n      |     9|          2|    1|          2|
    |xFeatures_47_blk_n      |     9|          2|    1|          2|
    |xFeatures_48_blk_n      |     9|          2|    1|          2|
    |xFeatures_49_blk_n      |     9|          2|    1|          2|
    |xFeatures_4_blk_n       |     9|          2|    1|          2|
    |xFeatures_50_blk_n      |     9|          2|    1|          2|
    |xFeatures_51_blk_n      |     9|          2|    1|          2|
    |xFeatures_52_blk_n      |     9|          2|    1|          2|
    |xFeatures_53_blk_n      |     9|          2|    1|          2|
    |xFeatures_54_blk_n      |     9|          2|    1|          2|
    |xFeatures_55_blk_n      |     9|          2|    1|          2|
    |xFeatures_56_blk_n      |     9|          2|    1|          2|
    |xFeatures_57_blk_n      |     9|          2|    1|          2|
    |xFeatures_58_blk_n      |     9|          2|    1|          2|
    |xFeatures_59_blk_n      |     9|          2|    1|          2|
    |xFeatures_5_blk_n       |     9|          2|    1|          2|
    |xFeatures_60_blk_n      |     9|          2|    1|          2|
    |xFeatures_61_blk_n      |     9|          2|    1|          2|
    |xFeatures_62_blk_n      |     9|          2|    1|          2|
    |xFeatures_63_blk_n      |     9|          2|    1|          2|
    |xFeatures_64_blk_n      |     9|          2|    1|          2|
    |xFeatures_65_blk_n      |     9|          2|    1|          2|
    |xFeatures_66_blk_n      |     9|          2|    1|          2|
    |xFeatures_67_blk_n      |     9|          2|    1|          2|
    |xFeatures_68_blk_n      |     9|          2|    1|          2|
    |xFeatures_69_blk_n      |     9|          2|    1|          2|
    |xFeatures_6_blk_n       |     9|          2|    1|          2|
    |xFeatures_70_blk_n      |     9|          2|    1|          2|
    |xFeatures_71_blk_n      |     9|          2|    1|          2|
    |xFeatures_72_blk_n      |     9|          2|    1|          2|
    |xFeatures_73_blk_n      |     9|          2|    1|          2|
    |xFeatures_74_blk_n      |     9|          2|    1|          2|
    |xFeatures_75_blk_n      |     9|          2|    1|          2|
    |xFeatures_76_blk_n      |     9|          2|    1|          2|
    |xFeatures_77_blk_n      |     9|          2|    1|          2|
    |xFeatures_78_blk_n      |     9|          2|    1|          2|
    |xFeatures_79_blk_n      |     9|          2|    1|          2|
    |xFeatures_7_blk_n       |     9|          2|    1|          2|
    |xFeatures_80_blk_n      |     9|          2|    1|          2|
    |xFeatures_81_blk_n      |     9|          2|    1|          2|
    |xFeatures_82_blk_n      |     9|          2|    1|          2|
    |xFeatures_83_blk_n      |     9|          2|    1|          2|
    |xFeatures_84_blk_n      |     9|          2|    1|          2|
    |xFeatures_85_blk_n      |     9|          2|    1|          2|
    |xFeatures_86_blk_n      |     9|          2|    1|          2|
    |xFeatures_87_blk_n      |     9|          2|    1|          2|
    |xFeatures_88_blk_n      |     9|          2|    1|          2|
    |xFeatures_89_blk_n      |     9|          2|    1|          2|
    |xFeatures_8_blk_n       |     9|          2|    1|          2|
    |xFeatures_90_blk_n      |     9|          2|    1|          2|
    |xFeatures_91_blk_n      |     9|          2|    1|          2|
    |xFeatures_92_blk_n      |     9|          2|    1|          2|
    |xFeatures_93_blk_n      |     9|          2|    1|          2|
    |xFeatures_94_blk_n      |     9|          2|    1|          2|
    |xFeatures_95_blk_n      |     9|          2|    1|          2|
    |xFeatures_96_blk_n      |     9|          2|    1|          2|
    |xFeatures_97_blk_n      |     9|          2|    1|          2|
    |xFeatures_98_blk_n      |     9|          2|    1|          2|
    |xFeatures_99_blk_n      |     9|          2|    1|          2|
    |xFeatures_9_blk_n       |     9|          2|    1|          2|
    +------------------------+------+-----------+-----+-----------+
    |Total                   |  5396|       1211|  912|      18662|
    +------------------------+------+-----------+-----+-----------+

    * Register: 
    +-----------------------------+-----+----+-----+-----------+
    |             Name            |  FF | LUT| Bits| Const Bits|
    +-----------------------------+-----+----+-----+-----------+
    |ap_CS_fsm                    |  437|   0|  437|          0|
    |ap_done_reg                  |    1|   0|    1|          0|
    |distance_w12_i_reg_4490      |   32|   0|   32|          0|
    |distance_w28_i_reg_4480      |   32|   0|   32|          0|
    |distance_w88_i_reg_4485      |   32|   0|   32|          0|
    |reg_2514                     |   64|   0|   64|          0|
    |reg_2519                     |   64|   0|   64|          0|
    |reg_2524                     |   64|   0|   64|          0|
    |reg_2529                     |   64|   0|   64|          0|
    |reg_2534                     |   64|   0|   64|          0|
    |reg_2539                     |   64|   0|   64|          0|
    |reg_2544                     |   64|   0|   64|          0|
    |reg_2549                     |   64|   0|   64|          0|
    |reg_2554                     |   64|   0|   64|          0|
    |reg_2559                     |   64|   0|   64|          0|
    |reg_2564                     |   64|   0|   64|          0|
    |reg_2569                     |   64|   0|   64|          0|
    |reg_2574                     |   64|   0|   64|          0|
    |reg_2579                     |   64|   0|   64|          0|
    |reg_2584                     |   32|   0|   32|          0|
    |reg_2594                     |   32|   0|   32|          0|
    |reg_2600                     |   32|   0|   32|          0|
    |reg_2606                     |   32|   0|   32|          0|
    |reg_2612                     |   32|   0|   32|          0|
    |reg_2618                     |   32|   0|   32|          0|
    |reg_2624                     |   32|   0|   32|          0|
    |reg_2630                     |   32|   0|   32|          0|
    |reg_2638                     |   32|   0|   32|          0|
    |reg_2648                     |   32|   0|   32|          0|
    |reg_2655                     |   32|   0|   32|          0|
    |reg_2663                     |   32|   0|   32|          0|
    |reg_2671                     |   32|   0|   32|          0|
    |reg_2679                     |   32|   0|   32|          0|
    |reg_2687                     |   32|   0|   32|          0|
    |reg_2695                     |   32|   0|   32|          0|
    |reg_2703                     |   32|   0|   32|          0|
    |reg_2711                     |   32|   0|   32|          0|
    |reg_2719                     |   32|   0|   32|          0|
    |reg_2727                     |   32|   0|   32|          0|
    |reg_2733                     |   32|   0|   32|          0|
    |reg_2738                     |   32|   0|   32|          0|
    |reg_2744                     |   32|   0|   32|          0|
    |reg_2749                     |   32|   0|   32|          0|
    |reg_2754                     |   32|   0|   32|          0|
    |reg_2759                     |   32|   0|   32|          0|
    |reg_2766                     |   32|   0|   32|          0|
    |reg_2771                     |   32|   0|   32|          0|
    |reg_2776                     |   32|   0|   32|          0|
    |reg_2781                     |   32|   0|   32|          0|
    |reg_2786                     |   32|   0|   32|          0|
    |reg_2793                     |   32|   0|   32|          0|
    |reg_2800                     |   32|   0|   32|          0|
    |reg_2809                     |   32|   0|   32|          0|
    |reg_2815                     |   32|   0|   32|          0|
    |reg_2821                     |   32|   0|   32|          0|
    |reg_2826                     |   32|   0|   32|          0|
    |reg_2832                     |   32|   0|   32|          0|
    |reg_2839                     |   32|   0|   32|          0|
    |reg_2845                     |   32|   0|   32|          0|
    |temp_l77_i13_w1_i_reg_3642   |   32|   0|   32|          0|
    |temp_l77_i14_w1_i_reg_3648   |   32|   0|   32|          0|
    |temp_l77_i15_w1_i_reg_3664   |   32|   0|   32|          0|
    |temp_l77_i16_w1_i_reg_3670   |   32|   0|   32|          0|
    |temp_l77_i17_w1_i_reg_3686   |   32|   0|   32|          0|
    |temp_l77_i18_w1_i_reg_3692   |   32|   0|   32|          0|
    |temp_l77_i19_w1_i_reg_3708   |   32|   0|   32|          0|
    |temp_l77_i21_w1_i_reg_3724   |   32|   0|   32|          0|
    |temp_l77_i22_w1_i_reg_3730   |   32|   0|   32|          0|
    |temp_l77_i23_w1_i_reg_3746   |   32|   0|   32|          0|
    |temp_l77_i24_w1_i_reg_3752   |   32|   0|   32|          0|
    |temp_l77_i25_w1_i_reg_3768   |   32|   0|   32|          0|
    |temp_l77_i26_w1_i_reg_3774   |   32|   0|   32|          0|
    |temp_l77_i27_w1_i_reg_3790   |   32|   0|   32|          0|
    |temp_l77_i28_w1_i_reg_3796   |   32|   0|   32|          0|
    |temp_l77_i30_w1_i_reg_3812   |   32|   0|   32|          0|
    |temp_l77_i31_w1_i_reg_3828   |   32|   0|   32|          0|
    |temp_l77_i32_w1_i_reg_3834   |   32|   0|   32|          0|
    |temp_l77_i33_w1_i_reg_3850   |   32|   0|   32|          0|
    |temp_l77_i34_w1_i_reg_3856   |   32|   0|   32|          0|
    |temp_l77_i35_w1_i_reg_3872   |   32|   0|   32|          0|
    |temp_l77_i36_w1_i_reg_3878   |   32|   0|   32|          0|
    |temp_l77_i37_w1_i_reg_3894   |   32|   0|   32|          0|
    |temp_l77_i38_w1_i_reg_3900   |   32|   0|   32|          0|
    |temp_l77_i39_w1_i_reg_3916   |   32|   0|   32|          0|
    |temp_l77_i41_w1_i_reg_3932   |   32|   0|   32|          0|
    |temp_l77_i42_w1_i_reg_3938   |   32|   0|   32|          0|
    |temp_l77_i43_w1_i_reg_3954   |   32|   0|   32|          0|
    |temp_l77_i44_w1_i_reg_3960   |   32|   0|   32|          0|
    |temp_l77_i45_w1_i_reg_3976   |   32|   0|   32|          0|
    |temp_l77_i46_w1_i_reg_3982   |   32|   0|   32|          0|
    |temp_l77_i47_w1_i_reg_3998   |   32|   0|   32|          0|
    |temp_l77_i48_w1_i_reg_4004   |   32|   0|   32|          0|
    |temp_l77_i50_w1_i_reg_4020   |   32|   0|   32|          0|
    |temp_l77_i51_w1_i_reg_4036   |   32|   0|   32|          0|
    |temp_l77_i52_w1_i_reg_4042   |   32|   0|   32|          0|
    |temp_l77_i53_w1_i_reg_4058   |   32|   0|   32|          0|
    |temp_l77_i54_w1_i_reg_4064   |   32|   0|   32|          0|
    |temp_l77_i55_w1_i_reg_4080   |   32|   0|   32|          0|
    |temp_l77_i56_w1_i_reg_4086   |   32|   0|   32|          0|
    |temp_l77_i57_w1_i_reg_4102   |   32|   0|   32|          0|
    |temp_l77_i58_w1_i_reg_4108   |   32|   0|   32|          0|
    |temp_l77_i59_w1_i_reg_4124   |   32|   0|   32|          0|
    |temp_l77_i61_w1_i_reg_4140   |   32|   0|   32|          0|
    |temp_l77_i62_w1_i_reg_4146   |   32|   0|   32|          0|
    |temp_l77_i63_w1_i_reg_4162   |   32|   0|   32|          0|
    |temp_l77_i64_w1_i_reg_4168   |   32|   0|   32|          0|
    |temp_l77_i65_w1_i_reg_4184   |   32|   0|   32|          0|
    |temp_l77_i66_w1_i_reg_4190   |   32|   0|   32|          0|
    |temp_l77_i67_w1_i_reg_4206   |   32|   0|   32|          0|
    |temp_l77_i68_w1_i_reg_4212   |   32|   0|   32|          0|
    |temp_l77_i70_w1_i_reg_4228   |   32|   0|   32|          0|
    |temp_l77_i71_w1_i_reg_4244   |   32|   0|   32|          0|
    |temp_l77_i72_w1_i_reg_4250   |   32|   0|   32|          0|
    |temp_l77_i73_w1_i_reg_4266   |   32|   0|   32|          0|
    |temp_l77_i74_w1_i_reg_4272   |   32|   0|   32|          0|
    |temp_l77_i75_w1_i_reg_4288   |   32|   0|   32|          0|
    |temp_l77_i88_w1_i_reg_4334   |   32|   0|   32|          0|
    |tmp_255_i_reg_4495           |   32|   0|   32|          0|
    |xFeatures_0_read_reg_2872    |   64|   0|   64|          0|
    |xFeatures_100_read_reg_3372  |   64|   0|   64|          0|
    |xFeatures_101_read_reg_3377  |   64|   0|   64|          0|
    |xFeatures_102_read_reg_3382  |   64|   0|   64|          0|
    |xFeatures_103_read_reg_3387  |   64|   0|   64|          0|
    |xFeatures_104_read_reg_3392  |   64|   0|   64|          0|
    |xFeatures_105_read_reg_3397  |   64|   0|   64|          0|
    |xFeatures_106_read_reg_3402  |   64|   0|   64|          0|
    |xFeatures_107_read_reg_3407  |   64|   0|   64|          0|
    |xFeatures_108_read_reg_3412  |   64|   0|   64|          0|
    |xFeatures_109_read_reg_3417  |   64|   0|   64|          0|
    |xFeatures_10_read_reg_2922   |   64|   0|   64|          0|
    |xFeatures_110_read_reg_3422  |   64|   0|   64|          0|
    |xFeatures_111_read_reg_3427  |   64|   0|   64|          0|
    |xFeatures_112_read_reg_3432  |   64|   0|   64|          0|
    |xFeatures_113_read_reg_3437  |   64|   0|   64|          0|
    |xFeatures_114_read_reg_3442  |   64|   0|   64|          0|
    |xFeatures_115_read_reg_3447  |   64|   0|   64|          0|
    |xFeatures_116_read_reg_3452  |   64|   0|   64|          0|
    |xFeatures_117_read_reg_3457  |   64|   0|   64|          0|
    |xFeatures_118_read_reg_3462  |   64|   0|   64|          0|
    |xFeatures_119_read_reg_3467  |   64|   0|   64|          0|
    |xFeatures_11_read_reg_2927   |   64|   0|   64|          0|
    |xFeatures_120_read_reg_3472  |   64|   0|   64|          0|
    |xFeatures_121_read_reg_3477  |   64|   0|   64|          0|
    |xFeatures_122_read_reg_3482  |   64|   0|   64|          0|
    |xFeatures_123_read_reg_3487  |   64|   0|   64|          0|
    |xFeatures_124_read_reg_3492  |   64|   0|   64|          0|
    |xFeatures_125_read_reg_3497  |   64|   0|   64|          0|
    |xFeatures_126_read_reg_3502  |   64|   0|   64|          0|
    |xFeatures_127_read_reg_3507  |   64|   0|   64|          0|
    |xFeatures_12_read_reg_2932   |   64|   0|   64|          0|
    |xFeatures_13_read_reg_2937   |   64|   0|   64|          0|
    |xFeatures_14_read_reg_2942   |   64|   0|   64|          0|
    |xFeatures_15_read_reg_2947   |   64|   0|   64|          0|
    |xFeatures_16_read_reg_2952   |   64|   0|   64|          0|
    |xFeatures_17_read_reg_2957   |   64|   0|   64|          0|
    |xFeatures_18_read_reg_2962   |   64|   0|   64|          0|
    |xFeatures_19_read_reg_2967   |   64|   0|   64|          0|
    |xFeatures_1_read_reg_2877    |   64|   0|   64|          0|
    |xFeatures_20_read_reg_2972   |   64|   0|   64|          0|
    |xFeatures_21_read_reg_2977   |   64|   0|   64|          0|
    |xFeatures_22_read_reg_2982   |   64|   0|   64|          0|
    |xFeatures_23_read_reg_2987   |   64|   0|   64|          0|
    |xFeatures_24_read_reg_2992   |   64|   0|   64|          0|
    |xFeatures_25_read_reg_2997   |   64|   0|   64|          0|
    |xFeatures_26_read_reg_3002   |   64|   0|   64|          0|
    |xFeatures_27_read_reg_3007   |   64|   0|   64|          0|
    |xFeatures_28_read_reg_3012   |   64|   0|   64|          0|
    |xFeatures_29_read_reg_3017   |   64|   0|   64|          0|
    |xFeatures_2_read_reg_2882    |   64|   0|   64|          0|
    |xFeatures_30_read_reg_3022   |   64|   0|   64|          0|
    |xFeatures_31_read_reg_3027   |   64|   0|   64|          0|
    |xFeatures_32_read_reg_3032   |   64|   0|   64|          0|
    |xFeatures_33_read_reg_3037   |   64|   0|   64|          0|
    |xFeatures_34_read_reg_3042   |   64|   0|   64|          0|
    |xFeatures_35_read_reg_3047   |   64|   0|   64|          0|
    |xFeatures_36_read_reg_3052   |   64|   0|   64|          0|
    |xFeatures_37_read_reg_3057   |   64|   0|   64|          0|
    |xFeatures_38_read_reg_3062   |   64|   0|   64|          0|
    |xFeatures_39_read_reg_3067   |   64|   0|   64|          0|
    |xFeatures_3_read_reg_2887    |   64|   0|   64|          0|
    |xFeatures_40_read_reg_3072   |   64|   0|   64|          0|
    |xFeatures_41_read_reg_3077   |   64|   0|   64|          0|
    |xFeatures_42_read_reg_3082   |   64|   0|   64|          0|
    |xFeatures_43_read_reg_3087   |   64|   0|   64|          0|
    |xFeatures_44_read_reg_3092   |   64|   0|   64|          0|
    |xFeatures_45_read_reg_3097   |   64|   0|   64|          0|
    |xFeatures_46_read_reg_3102   |   64|   0|   64|          0|
    |xFeatures_47_read_reg_3107   |   64|   0|   64|          0|
    |xFeatures_48_read_reg_3112   |   64|   0|   64|          0|
    |xFeatures_49_read_reg_3117   |   64|   0|   64|          0|
    |xFeatures_4_read_reg_2892    |   64|   0|   64|          0|
    |xFeatures_50_read_reg_3122   |   64|   0|   64|          0|
    |xFeatures_51_read_reg_3127   |   64|   0|   64|          0|
    |xFeatures_52_read_reg_3132   |   64|   0|   64|          0|
    |xFeatures_53_read_reg_3137   |   64|   0|   64|          0|
    |xFeatures_54_read_reg_3142   |   64|   0|   64|          0|
    |xFeatures_55_read_reg_3147   |   64|   0|   64|          0|
    |xFeatures_56_read_reg_3152   |   64|   0|   64|          0|
    |xFeatures_57_read_reg_3157   |   64|   0|   64|          0|
    |xFeatures_58_read_reg_3162   |   64|   0|   64|          0|
    |xFeatures_59_read_reg_3167   |   64|   0|   64|          0|
    |xFeatures_5_read_reg_2897    |   64|   0|   64|          0|
    |xFeatures_60_read_reg_3172   |   64|   0|   64|          0|
    |xFeatures_61_read_reg_3177   |   64|   0|   64|          0|
    |xFeatures_62_read_reg_3182   |   64|   0|   64|          0|
    |xFeatures_63_read_reg_3187   |   64|   0|   64|          0|
    |xFeatures_64_read_reg_3192   |   64|   0|   64|          0|
    |xFeatures_65_read_reg_3197   |   64|   0|   64|          0|
    |xFeatures_66_read_reg_3202   |   64|   0|   64|          0|
    |xFeatures_67_read_reg_3207   |   64|   0|   64|          0|
    |xFeatures_68_read_reg_3212   |   64|   0|   64|          0|
    |xFeatures_69_read_reg_3217   |   64|   0|   64|          0|
    |xFeatures_6_read_reg_2902    |   64|   0|   64|          0|
    |xFeatures_70_read_reg_3222   |   64|   0|   64|          0|
    |xFeatures_71_read_reg_3227   |   64|   0|   64|          0|
    |xFeatures_72_read_reg_3232   |   64|   0|   64|          0|
    |xFeatures_73_read_reg_3237   |   64|   0|   64|          0|
    |xFeatures_74_read_reg_3242   |   64|   0|   64|          0|
    |xFeatures_75_read_reg_3247   |   64|   0|   64|          0|
    |xFeatures_76_read_reg_3252   |   64|   0|   64|          0|
    |xFeatures_77_read_reg_3257   |   64|   0|   64|          0|
    |xFeatures_78_read_reg_3262   |   64|   0|   64|          0|
    |xFeatures_79_read_reg_3267   |   64|   0|   64|          0|
    |xFeatures_7_read_reg_2907    |   64|   0|   64|          0|
    |xFeatures_80_read_reg_3272   |   64|   0|   64|          0|
    |xFeatures_81_read_reg_3277   |   64|   0|   64|          0|
    |xFeatures_82_read_reg_3282   |   64|   0|   64|          0|
    |xFeatures_83_read_reg_3287   |   64|   0|   64|          0|
    |xFeatures_84_read_reg_3292   |   64|   0|   64|          0|
    |xFeatures_85_read_reg_3297   |   64|   0|   64|          0|
    |xFeatures_86_read_reg_3302   |   64|   0|   64|          0|
    |xFeatures_87_read_reg_3307   |   64|   0|   64|          0|
    |xFeatures_88_read_reg_3312   |   64|   0|   64|          0|
    |xFeatures_89_read_reg_3317   |   64|   0|   64|          0|
    |xFeatures_8_read_reg_2912    |   64|   0|   64|          0|
    |xFeatures_90_read_reg_3322   |   64|   0|   64|          0|
    |xFeatures_91_read_reg_3327   |   64|   0|   64|          0|
    |xFeatures_92_read_reg_3332   |   64|   0|   64|          0|
    |xFeatures_93_read_reg_3337   |   64|   0|   64|          0|
    |xFeatures_94_read_reg_3342   |   64|   0|   64|          0|
    |xFeatures_95_read_reg_3347   |   64|   0|   64|          0|
    |xFeatures_96_read_reg_3352   |   64|   0|   64|          0|
    |xFeatures_97_read_reg_3357   |   64|   0|   64|          0|
    |xFeatures_98_read_reg_3362   |   64|   0|   64|          0|
    |xFeatures_99_read_reg_3367   |   64|   0|   64|          0|
    |xFeatures_9_read_reg_2917    |   64|   0|   64|          0|
    +-----------------------------+-----+----+-----+-----------+
    |Total                        |12790|   0|12790|          0|
    +-----------------------------+-----+----+-----+-----------+



================================================================
== Interface
================================================================
* Summary: 
+------------------------+-----+-----+------------+---------------+--------------+
|        RTL Ports       | Dir | Bits|  Protocol  | Source Object |    C Type    |
+------------------------+-----+-----+------------+---------------+--------------+
|ap_clk                  |  in |    1| ap_ctrl_hs |   parallel_0  | return value |
|ap_rst                  |  in |    1| ap_ctrl_hs |   parallel_0  | return value |
|ap_start                |  in |    1| ap_ctrl_hs |   parallel_0  | return value |
|ap_done                 | out |    1| ap_ctrl_hs |   parallel_0  | return value |
|ap_continue             |  in |    1| ap_ctrl_hs |   parallel_0  | return value |
|ap_idle                 | out |    1| ap_ctrl_hs |   parallel_0  | return value |
|ap_ready                | out |    1| ap_ctrl_hs |   parallel_0  | return value |
|ap_return               | out |   64| ap_ctrl_hs |   parallel_0  | return value |
|knownFeatures_address0  | out |    7|  ap_memory | knownFeatures |     array    |
|knownFeatures_ce0       | out |    1|  ap_memory | knownFeatures |     array    |
|knownFeatures_q0        |  in |   64|  ap_memory | knownFeatures |     array    |
|knownFeatures_address1  | out |    7|  ap_memory | knownFeatures |     array    |
|knownFeatures_ce1       | out |    1|  ap_memory | knownFeatures |     array    |
|knownFeatures_q1        |  in |   64|  ap_memory | knownFeatures |     array    |
|xFeatures_0_dout        |  in |   64|   ap_fifo  |  xFeatures_0  |    pointer   |
|xFeatures_0_empty_n     |  in |    1|   ap_fifo  |  xFeatures_0  |    pointer   |
|xFeatures_0_read        | out |    1|   ap_fifo  |  xFeatures_0  |    pointer   |
|xFeatures_1_dout        |  in |   64|   ap_fifo  |  xFeatures_1  |    pointer   |
|xFeatures_1_empty_n     |  in |    1|   ap_fifo  |  xFeatures_1  |    pointer   |
|xFeatures_1_read        | out |    1|   ap_fifo  |  xFeatures_1  |    pointer   |
|xFeatures_2_dout        |  in |   64|   ap_fifo  |  xFeatures_2  |    pointer   |
|xFeatures_2_empty_n     |  in |    1|   ap_fifo  |  xFeatures_2  |    pointer   |
|xFeatures_2_read        | out |    1|   ap_fifo  |  xFeatures_2  |    pointer   |
|xFeatures_3_dout        |  in |   64|   ap_fifo  |  xFeatures_3  |    pointer   |
|xFeatures_3_empty_n     |  in |    1|   ap_fifo  |  xFeatures_3  |    pointer   |
|xFeatures_3_read        | out |    1|   ap_fifo  |  xFeatures_3  |    pointer   |
|xFeatures_4_dout        |  in |   64|   ap_fifo  |  xFeatures_4  |    pointer   |
|xFeatures_4_empty_n     |  in |    1|   ap_fifo  |  xFeatures_4  |    pointer   |
|xFeatures_4_read        | out |    1|   ap_fifo  |  xFeatures_4  |    pointer   |
|xFeatures_5_dout        |  in |   64|   ap_fifo  |  xFeatures_5  |    pointer   |
|xFeatures_5_empty_n     |  in |    1|   ap_fifo  |  xFeatures_5  |    pointer   |
|xFeatures_5_read        | out |    1|   ap_fifo  |  xFeatures_5  |    pointer   |
|xFeatures_6_dout        |  in |   64|   ap_fifo  |  xFeatures_6  |    pointer   |
|xFeatures_6_empty_n     |  in |    1|   ap_fifo  |  xFeatures_6  |    pointer   |
|xFeatures_6_read        | out |    1|   ap_fifo  |  xFeatures_6  |    pointer   |
|xFeatures_7_dout        |  in |   64|   ap_fifo  |  xFeatures_7  |    pointer   |
|xFeatures_7_empty_n     |  in |    1|   ap_fifo  |  xFeatures_7  |    pointer   |
|xFeatures_7_read        | out |    1|   ap_fifo  |  xFeatures_7  |    pointer   |
|xFeatures_8_dout        |  in |   64|   ap_fifo  |  xFeatures_8  |    pointer   |
|xFeatures_8_empty_n     |  in |    1|   ap_fifo  |  xFeatures_8  |    pointer   |
|xFeatures_8_read        | out |    1|   ap_fifo  |  xFeatures_8  |    pointer   |
|xFeatures_9_dout        |  in |   64|   ap_fifo  |  xFeatures_9  |    pointer   |
|xFeatures_9_empty_n     |  in |    1|   ap_fifo  |  xFeatures_9  |    pointer   |
|xFeatures_9_read        | out |    1|   ap_fifo  |  xFeatures_9  |    pointer   |
|xFeatures_10_dout       |  in |   64|   ap_fifo  |  xFeatures_10 |    pointer   |
|xFeatures_10_empty_n    |  in |    1|   ap_fifo  |  xFeatures_10 |    pointer   |
|xFeatures_10_read       | out |    1|   ap_fifo  |  xFeatures_10 |    pointer   |
|xFeatures_11_dout       |  in |   64|   ap_fifo  |  xFeatures_11 |    pointer   |
|xFeatures_11_empty_n    |  in |    1|   ap_fifo  |  xFeatures_11 |    pointer   |
|xFeatures_11_read       | out |    1|   ap_fifo  |  xFeatures_11 |    pointer   |
|xFeatures_12_dout       |  in |   64|   ap_fifo  |  xFeatures_12 |    pointer   |
|xFeatures_12_empty_n    |  in |    1|   ap_fifo  |  xFeatures_12 |    pointer   |
|xFeatures_12_read       | out |    1|   ap_fifo  |  xFeatures_12 |    pointer   |
|xFeatures_13_dout       |  in |   64|   ap_fifo  |  xFeatures_13 |    pointer   |
|xFeatures_13_empty_n    |  in |    1|   ap_fifo  |  xFeatures_13 |    pointer   |
|xFeatures_13_read       | out |    1|   ap_fifo  |  xFeatures_13 |    pointer   |
|xFeatures_14_dout       |  in |   64|   ap_fifo  |  xFeatures_14 |    pointer   |
|xFeatures_14_empty_n    |  in |    1|   ap_fifo  |  xFeatures_14 |    pointer   |
|xFeatures_14_read       | out |    1|   ap_fifo  |  xFeatures_14 |    pointer   |
|xFeatures_15_dout       |  in |   64|   ap_fifo  |  xFeatures_15 |    pointer   |
|xFeatures_15_empty_n    |  in |    1|   ap_fifo  |  xFeatures_15 |    pointer   |
|xFeatures_15_read       | out |    1|   ap_fifo  |  xFeatures_15 |    pointer   |
|xFeatures_16_dout       |  in |   64|   ap_fifo  |  xFeatures_16 |    pointer   |
|xFeatures_16_empty_n    |  in |    1|   ap_fifo  |  xFeatures_16 |    pointer   |
|xFeatures_16_read       | out |    1|   ap_fifo  |  xFeatures_16 |    pointer   |
|xFeatures_17_dout       |  in |   64|   ap_fifo  |  xFeatures_17 |    pointer   |
|xFeatures_17_empty_n    |  in |    1|   ap_fifo  |  xFeatures_17 |    pointer   |
|xFeatures_17_read       | out |    1|   ap_fifo  |  xFeatures_17 |    pointer   |
|xFeatures_18_dout       |  in |   64|   ap_fifo  |  xFeatures_18 |    pointer   |
|xFeatures_18_empty_n    |  in |    1|   ap_fifo  |  xFeatures_18 |    pointer   |
|xFeatures_18_read       | out |    1|   ap_fifo  |  xFeatures_18 |    pointer   |
|xFeatures_19_dout       |  in |   64|   ap_fifo  |  xFeatures_19 |    pointer   |
|xFeatures_19_empty_n    |  in |    1|   ap_fifo  |  xFeatures_19 |    pointer   |
|xFeatures_19_read       | out |    1|   ap_fifo  |  xFeatures_19 |    pointer   |
|xFeatures_20_dout       |  in |   64|   ap_fifo  |  xFeatures_20 |    pointer   |
|xFeatures_20_empty_n    |  in |    1|   ap_fifo  |  xFeatures_20 |    pointer   |
|xFeatures_20_read       | out |    1|   ap_fifo  |  xFeatures_20 |    pointer   |
|xFeatures_21_dout       |  in |   64|   ap_fifo  |  xFeatures_21 |    pointer   |
|xFeatures_21_empty_n    |  in |    1|   ap_fifo  |  xFeatures_21 |    pointer   |
|xFeatures_21_read       | out |    1|   ap_fifo  |  xFeatures_21 |    pointer   |
|xFeatures_22_dout       |  in |   64|   ap_fifo  |  xFeatures_22 |    pointer   |
|xFeatures_22_empty_n    |  in |    1|   ap_fifo  |  xFeatures_22 |    pointer   |
|xFeatures_22_read       | out |    1|   ap_fifo  |  xFeatures_22 |    pointer   |
|xFeatures_23_dout       |  in |   64|   ap_fifo  |  xFeatures_23 |    pointer   |
|xFeatures_23_empty_n    |  in |    1|   ap_fifo  |  xFeatures_23 |    pointer   |
|xFeatures_23_read       | out |    1|   ap_fifo  |  xFeatures_23 |    pointer   |
|xFeatures_24_dout       |  in |   64|   ap_fifo  |  xFeatures_24 |    pointer   |
|xFeatures_24_empty_n    |  in |    1|   ap_fifo  |  xFeatures_24 |    pointer   |
|xFeatures_24_read       | out |    1|   ap_fifo  |  xFeatures_24 |    pointer   |
|xFeatures_25_dout       |  in |   64|   ap_fifo  |  xFeatures_25 |    pointer   |
|xFeatures_25_empty_n    |  in |    1|   ap_fifo  |  xFeatures_25 |    pointer   |
|xFeatures_25_read       | out |    1|   ap_fifo  |  xFeatures_25 |    pointer   |
|xFeatures_26_dout       |  in |   64|   ap_fifo  |  xFeatures_26 |    pointer   |
|xFeatures_26_empty_n    |  in |    1|   ap_fifo  |  xFeatures_26 |    pointer   |
|xFeatures_26_read       | out |    1|   ap_fifo  |  xFeatures_26 |    pointer   |
|xFeatures_27_dout       |  in |   64|   ap_fifo  |  xFeatures_27 |    pointer   |
|xFeatures_27_empty_n    |  in |    1|   ap_fifo  |  xFeatures_27 |    pointer   |
|xFeatures_27_read       | out |    1|   ap_fifo  |  xFeatures_27 |    pointer   |
|xFeatures_28_dout       |  in |   64|   ap_fifo  |  xFeatures_28 |    pointer   |
|xFeatures_28_empty_n    |  in |    1|   ap_fifo  |  xFeatures_28 |    pointer   |
|xFeatures_28_read       | out |    1|   ap_fifo  |  xFeatures_28 |    pointer   |
|xFeatures_29_dout       |  in |   64|   ap_fifo  |  xFeatures_29 |    pointer   |
|xFeatures_29_empty_n    |  in |    1|   ap_fifo  |  xFeatures_29 |    pointer   |
|xFeatures_29_read       | out |    1|   ap_fifo  |  xFeatures_29 |    pointer   |
|xFeatures_30_dout       |  in |   64|   ap_fifo  |  xFeatures_30 |    pointer   |
|xFeatures_30_empty_n    |  in |    1|   ap_fifo  |  xFeatures_30 |    pointer   |
|xFeatures_30_read       | out |    1|   ap_fifo  |  xFeatures_30 |    pointer   |
|xFeatures_31_dout       |  in |   64|   ap_fifo  |  xFeatures_31 |    pointer   |
|xFeatures_31_empty_n    |  in |    1|   ap_fifo  |  xFeatures_31 |    pointer   |
|xFeatures_31_read       | out |    1|   ap_fifo  |  xFeatures_31 |    pointer   |
|xFeatures_32_dout       |  in |   64|   ap_fifo  |  xFeatures_32 |    pointer   |
|xFeatures_32_empty_n    |  in |    1|   ap_fifo  |  xFeatures_32 |    pointer   |
|xFeatures_32_read       | out |    1|   ap_fifo  |  xFeatures_32 |    pointer   |
|xFeatures_33_dout       |  in |   64|   ap_fifo  |  xFeatures_33 |    pointer   |
|xFeatures_33_empty_n    |  in |    1|   ap_fifo  |  xFeatures_33 |    pointer   |
|xFeatures_33_read       | out |    1|   ap_fifo  |  xFeatures_33 |    pointer   |
|xFeatures_34_dout       |  in |   64|   ap_fifo  |  xFeatures_34 |    pointer   |
|xFeatures_34_empty_n    |  in |    1|   ap_fifo  |  xFeatures_34 |    pointer   |
|xFeatures_34_read       | out |    1|   ap_fifo  |  xFeatures_34 |    pointer   |
|xFeatures_35_dout       |  in |   64|   ap_fifo  |  xFeatures_35 |    pointer   |
|xFeatures_35_empty_n    |  in |    1|   ap_fifo  |  xFeatures_35 |    pointer   |
|xFeatures_35_read       | out |    1|   ap_fifo  |  xFeatures_35 |    pointer   |
|xFeatures_36_dout       |  in |   64|   ap_fifo  |  xFeatures_36 |    pointer   |
|xFeatures_36_empty_n    |  in |    1|   ap_fifo  |  xFeatures_36 |    pointer   |
|xFeatures_36_read       | out |    1|   ap_fifo  |  xFeatures_36 |    pointer   |
|xFeatures_37_dout       |  in |   64|   ap_fifo  |  xFeatures_37 |    pointer   |
|xFeatures_37_empty_n    |  in |    1|   ap_fifo  |  xFeatures_37 |    pointer   |
|xFeatures_37_read       | out |    1|   ap_fifo  |  xFeatures_37 |    pointer   |
|xFeatures_38_dout       |  in |   64|   ap_fifo  |  xFeatures_38 |    pointer   |
|xFeatures_38_empty_n    |  in |    1|   ap_fifo  |  xFeatures_38 |    pointer   |
|xFeatures_38_read       | out |    1|   ap_fifo  |  xFeatures_38 |    pointer   |
|xFeatures_39_dout       |  in |   64|   ap_fifo  |  xFeatures_39 |    pointer   |
|xFeatures_39_empty_n    |  in |    1|   ap_fifo  |  xFeatures_39 |    pointer   |
|xFeatures_39_read       | out |    1|   ap_fifo  |  xFeatures_39 |    pointer   |
|xFeatures_40_dout       |  in |   64|   ap_fifo  |  xFeatures_40 |    pointer   |
|xFeatures_40_empty_n    |  in |    1|   ap_fifo  |  xFeatures_40 |    pointer   |
|xFeatures_40_read       | out |    1|   ap_fifo  |  xFeatures_40 |    pointer   |
|xFeatures_41_dout       |  in |   64|   ap_fifo  |  xFeatures_41 |    pointer   |
|xFeatures_41_empty_n    |  in |    1|   ap_fifo  |  xFeatures_41 |    pointer   |
|xFeatures_41_read       | out |    1|   ap_fifo  |  xFeatures_41 |    pointer   |
|xFeatures_42_dout       |  in |   64|   ap_fifo  |  xFeatures_42 |    pointer   |
|xFeatures_42_empty_n    |  in |    1|   ap_fifo  |  xFeatures_42 |    pointer   |
|xFeatures_42_read       | out |    1|   ap_fifo  |  xFeatures_42 |    pointer   |
|xFeatures_43_dout       |  in |   64|   ap_fifo  |  xFeatures_43 |    pointer   |
|xFeatures_43_empty_n    |  in |    1|   ap_fifo  |  xFeatures_43 |    pointer   |
|xFeatures_43_read       | out |    1|   ap_fifo  |  xFeatures_43 |    pointer   |
|xFeatures_44_dout       |  in |   64|   ap_fifo  |  xFeatures_44 |    pointer   |
|xFeatures_44_empty_n    |  in |    1|   ap_fifo  |  xFeatures_44 |    pointer   |
|xFeatures_44_read       | out |    1|   ap_fifo  |  xFeatures_44 |    pointer   |
|xFeatures_45_dout       |  in |   64|   ap_fifo  |  xFeatures_45 |    pointer   |
|xFeatures_45_empty_n    |  in |    1|   ap_fifo  |  xFeatures_45 |    pointer   |
|xFeatures_45_read       | out |    1|   ap_fifo  |  xFeatures_45 |    pointer   |
|xFeatures_46_dout       |  in |   64|   ap_fifo  |  xFeatures_46 |    pointer   |
|xFeatures_46_empty_n    |  in |    1|   ap_fifo  |  xFeatures_46 |    pointer   |
|xFeatures_46_read       | out |    1|   ap_fifo  |  xFeatures_46 |    pointer   |
|xFeatures_47_dout       |  in |   64|   ap_fifo  |  xFeatures_47 |    pointer   |
|xFeatures_47_empty_n    |  in |    1|   ap_fifo  |  xFeatures_47 |    pointer   |
|xFeatures_47_read       | out |    1|   ap_fifo  |  xFeatures_47 |    pointer   |
|xFeatures_48_dout       |  in |   64|   ap_fifo  |  xFeatures_48 |    pointer   |
|xFeatures_48_empty_n    |  in |    1|   ap_fifo  |  xFeatures_48 |    pointer   |
|xFeatures_48_read       | out |    1|   ap_fifo  |  xFeatures_48 |    pointer   |
|xFeatures_49_dout       |  in |   64|   ap_fifo  |  xFeatures_49 |    pointer   |
|xFeatures_49_empty_n    |  in |    1|   ap_fifo  |  xFeatures_49 |    pointer   |
|xFeatures_49_read       | out |    1|   ap_fifo  |  xFeatures_49 |    pointer   |
|xFeatures_50_dout       |  in |   64|   ap_fifo  |  xFeatures_50 |    pointer   |
|xFeatures_50_empty_n    |  in |    1|   ap_fifo  |  xFeatures_50 |    pointer   |
|xFeatures_50_read       | out |    1|   ap_fifo  |  xFeatures_50 |    pointer   |
|xFeatures_51_dout       |  in |   64|   ap_fifo  |  xFeatures_51 |    pointer   |
|xFeatures_51_empty_n    |  in |    1|   ap_fifo  |  xFeatures_51 |    pointer   |
|xFeatures_51_read       | out |    1|   ap_fifo  |  xFeatures_51 |    pointer   |
|xFeatures_52_dout       |  in |   64|   ap_fifo  |  xFeatures_52 |    pointer   |
|xFeatures_52_empty_n    |  in |    1|   ap_fifo  |  xFeatures_52 |    pointer   |
|xFeatures_52_read       | out |    1|   ap_fifo  |  xFeatures_52 |    pointer   |
|xFeatures_53_dout       |  in |   64|   ap_fifo  |  xFeatures_53 |    pointer   |
|xFeatures_53_empty_n    |  in |    1|   ap_fifo  |  xFeatures_53 |    pointer   |
|xFeatures_53_read       | out |    1|   ap_fifo  |  xFeatures_53 |    pointer   |
|xFeatures_54_dout       |  in |   64|   ap_fifo  |  xFeatures_54 |    pointer   |
|xFeatures_54_empty_n    |  in |    1|   ap_fifo  |  xFeatures_54 |    pointer   |
|xFeatures_54_read       | out |    1|   ap_fifo  |  xFeatures_54 |    pointer   |
|xFeatures_55_dout       |  in |   64|   ap_fifo  |  xFeatures_55 |    pointer   |
|xFeatures_55_empty_n    |  in |    1|   ap_fifo  |  xFeatures_55 |    pointer   |
|xFeatures_55_read       | out |    1|   ap_fifo  |  xFeatures_55 |    pointer   |
|xFeatures_56_dout       |  in |   64|   ap_fifo  |  xFeatures_56 |    pointer   |
|xFeatures_56_empty_n    |  in |    1|   ap_fifo  |  xFeatures_56 |    pointer   |
|xFeatures_56_read       | out |    1|   ap_fifo  |  xFeatures_56 |    pointer   |
|xFeatures_57_dout       |  in |   64|   ap_fifo  |  xFeatures_57 |    pointer   |
|xFeatures_57_empty_n    |  in |    1|   ap_fifo  |  xFeatures_57 |    pointer   |
|xFeatures_57_read       | out |    1|   ap_fifo  |  xFeatures_57 |    pointer   |
|xFeatures_58_dout       |  in |   64|   ap_fifo  |  xFeatures_58 |    pointer   |
|xFeatures_58_empty_n    |  in |    1|   ap_fifo  |  xFeatures_58 |    pointer   |
|xFeatures_58_read       | out |    1|   ap_fifo  |  xFeatures_58 |    pointer   |
|xFeatures_59_dout       |  in |   64|   ap_fifo  |  xFeatures_59 |    pointer   |
|xFeatures_59_empty_n    |  in |    1|   ap_fifo  |  xFeatures_59 |    pointer   |
|xFeatures_59_read       | out |    1|   ap_fifo  |  xFeatures_59 |    pointer   |
|xFeatures_60_dout       |  in |   64|   ap_fifo  |  xFeatures_60 |    pointer   |
|xFeatures_60_empty_n    |  in |    1|   ap_fifo  |  xFeatures_60 |    pointer   |
|xFeatures_60_read       | out |    1|   ap_fifo  |  xFeatures_60 |    pointer   |
|xFeatures_61_dout       |  in |   64|   ap_fifo  |  xFeatures_61 |    pointer   |
|xFeatures_61_empty_n    |  in |    1|   ap_fifo  |  xFeatures_61 |    pointer   |
|xFeatures_61_read       | out |    1|   ap_fifo  |  xFeatures_61 |    pointer   |
|xFeatures_62_dout       |  in |   64|   ap_fifo  |  xFeatures_62 |    pointer   |
|xFeatures_62_empty_n    |  in |    1|   ap_fifo  |  xFeatures_62 |    pointer   |
|xFeatures_62_read       | out |    1|   ap_fifo  |  xFeatures_62 |    pointer   |
|xFeatures_63_dout       |  in |   64|   ap_fifo  |  xFeatures_63 |    pointer   |
|xFeatures_63_empty_n    |  in |    1|   ap_fifo  |  xFeatures_63 |    pointer   |
|xFeatures_63_read       | out |    1|   ap_fifo  |  xFeatures_63 |    pointer   |
|xFeatures_64_dout       |  in |   64|   ap_fifo  |  xFeatures_64 |    pointer   |
|xFeatures_64_empty_n    |  in |    1|   ap_fifo  |  xFeatures_64 |    pointer   |
|xFeatures_64_read       | out |    1|   ap_fifo  |  xFeatures_64 |    pointer   |
|xFeatures_65_dout       |  in |   64|   ap_fifo  |  xFeatures_65 |    pointer   |
|xFeatures_65_empty_n    |  in |    1|   ap_fifo  |  xFeatures_65 |    pointer   |
|xFeatures_65_read       | out |    1|   ap_fifo  |  xFeatures_65 |    pointer   |
|xFeatures_66_dout       |  in |   64|   ap_fifo  |  xFeatures_66 |    pointer   |
|xFeatures_66_empty_n    |  in |    1|   ap_fifo  |  xFeatures_66 |    pointer   |
|xFeatures_66_read       | out |    1|   ap_fifo  |  xFeatures_66 |    pointer   |
|xFeatures_67_dout       |  in |   64|   ap_fifo  |  xFeatures_67 |    pointer   |
|xFeatures_67_empty_n    |  in |    1|   ap_fifo  |  xFeatures_67 |    pointer   |
|xFeatures_67_read       | out |    1|   ap_fifo  |  xFeatures_67 |    pointer   |
|xFeatures_68_dout       |  in |   64|   ap_fifo  |  xFeatures_68 |    pointer   |
|xFeatures_68_empty_n    |  in |    1|   ap_fifo  |  xFeatures_68 |    pointer   |
|xFeatures_68_read       | out |    1|   ap_fifo  |  xFeatures_68 |    pointer   |
|xFeatures_69_dout       |  in |   64|   ap_fifo  |  xFeatures_69 |    pointer   |
|xFeatures_69_empty_n    |  in |    1|   ap_fifo  |  xFeatures_69 |    pointer   |
|xFeatures_69_read       | out |    1|   ap_fifo  |  xFeatures_69 |    pointer   |
|xFeatures_70_dout       |  in |   64|   ap_fifo  |  xFeatures_70 |    pointer   |
|xFeatures_70_empty_n    |  in |    1|   ap_fifo  |  xFeatures_70 |    pointer   |
|xFeatures_70_read       | out |    1|   ap_fifo  |  xFeatures_70 |    pointer   |
|xFeatures_71_dout       |  in |   64|   ap_fifo  |  xFeatures_71 |    pointer   |
|xFeatures_71_empty_n    |  in |    1|   ap_fifo  |  xFeatures_71 |    pointer   |
|xFeatures_71_read       | out |    1|   ap_fifo  |  xFeatures_71 |    pointer   |
|xFeatures_72_dout       |  in |   64|   ap_fifo  |  xFeatures_72 |    pointer   |
|xFeatures_72_empty_n    |  in |    1|   ap_fifo  |  xFeatures_72 |    pointer   |
|xFeatures_72_read       | out |    1|   ap_fifo  |  xFeatures_72 |    pointer   |
|xFeatures_73_dout       |  in |   64|   ap_fifo  |  xFeatures_73 |    pointer   |
|xFeatures_73_empty_n    |  in |    1|   ap_fifo  |  xFeatures_73 |    pointer   |
|xFeatures_73_read       | out |    1|   ap_fifo  |  xFeatures_73 |    pointer   |
|xFeatures_74_dout       |  in |   64|   ap_fifo  |  xFeatures_74 |    pointer   |
|xFeatures_74_empty_n    |  in |    1|   ap_fifo  |  xFeatures_74 |    pointer   |
|xFeatures_74_read       | out |    1|   ap_fifo  |  xFeatures_74 |    pointer   |
|xFeatures_75_dout       |  in |   64|   ap_fifo  |  xFeatures_75 |    pointer   |
|xFeatures_75_empty_n    |  in |    1|   ap_fifo  |  xFeatures_75 |    pointer   |
|xFeatures_75_read       | out |    1|   ap_fifo  |  xFeatures_75 |    pointer   |
|xFeatures_76_dout       |  in |   64|   ap_fifo  |  xFeatures_76 |    pointer   |
|xFeatures_76_empty_n    |  in |    1|   ap_fifo  |  xFeatures_76 |    pointer   |
|xFeatures_76_read       | out |    1|   ap_fifo  |  xFeatures_76 |    pointer   |
|xFeatures_77_dout       |  in |   64|   ap_fifo  |  xFeatures_77 |    pointer   |
|xFeatures_77_empty_n    |  in |    1|   ap_fifo  |  xFeatures_77 |    pointer   |
|xFeatures_77_read       | out |    1|   ap_fifo  |  xFeatures_77 |    pointer   |
|xFeatures_78_dout       |  in |   64|   ap_fifo  |  xFeatures_78 |    pointer   |
|xFeatures_78_empty_n    |  in |    1|   ap_fifo  |  xFeatures_78 |    pointer   |
|xFeatures_78_read       | out |    1|   ap_fifo  |  xFeatures_78 |    pointer   |
|xFeatures_79_dout       |  in |   64|   ap_fifo  |  xFeatures_79 |    pointer   |
|xFeatures_79_empty_n    |  in |    1|   ap_fifo  |  xFeatures_79 |    pointer   |
|xFeatures_79_read       | out |    1|   ap_fifo  |  xFeatures_79 |    pointer   |
|xFeatures_80_dout       |  in |   64|   ap_fifo  |  xFeatures_80 |    pointer   |
|xFeatures_80_empty_n    |  in |    1|   ap_fifo  |  xFeatures_80 |    pointer   |
|xFeatures_80_read       | out |    1|   ap_fifo  |  xFeatures_80 |    pointer   |
|xFeatures_81_dout       |  in |   64|   ap_fifo  |  xFeatures_81 |    pointer   |
|xFeatures_81_empty_n    |  in |    1|   ap_fifo  |  xFeatures_81 |    pointer   |
|xFeatures_81_read       | out |    1|   ap_fifo  |  xFeatures_81 |    pointer   |
|xFeatures_82_dout       |  in |   64|   ap_fifo  |  xFeatures_82 |    pointer   |
|xFeatures_82_empty_n    |  in |    1|   ap_fifo  |  xFeatures_82 |    pointer   |
|xFeatures_82_read       | out |    1|   ap_fifo  |  xFeatures_82 |    pointer   |
|xFeatures_83_dout       |  in |   64|   ap_fifo  |  xFeatures_83 |    pointer   |
|xFeatures_83_empty_n    |  in |    1|   ap_fifo  |  xFeatures_83 |    pointer   |
|xFeatures_83_read       | out |    1|   ap_fifo  |  xFeatures_83 |    pointer   |
|xFeatures_84_dout       |  in |   64|   ap_fifo  |  xFeatures_84 |    pointer   |
|xFeatures_84_empty_n    |  in |    1|   ap_fifo  |  xFeatures_84 |    pointer   |
|xFeatures_84_read       | out |    1|   ap_fifo  |  xFeatures_84 |    pointer   |
|xFeatures_85_dout       |  in |   64|   ap_fifo  |  xFeatures_85 |    pointer   |
|xFeatures_85_empty_n    |  in |    1|   ap_fifo  |  xFeatures_85 |    pointer   |
|xFeatures_85_read       | out |    1|   ap_fifo  |  xFeatures_85 |    pointer   |
|xFeatures_86_dout       |  in |   64|   ap_fifo  |  xFeatures_86 |    pointer   |
|xFeatures_86_empty_n    |  in |    1|   ap_fifo  |  xFeatures_86 |    pointer   |
|xFeatures_86_read       | out |    1|   ap_fifo  |  xFeatures_86 |    pointer   |
|xFeatures_87_dout       |  in |   64|   ap_fifo  |  xFeatures_87 |    pointer   |
|xFeatures_87_empty_n    |  in |    1|   ap_fifo  |  xFeatures_87 |    pointer   |
|xFeatures_87_read       | out |    1|   ap_fifo  |  xFeatures_87 |    pointer   |
|xFeatures_88_dout       |  in |   64|   ap_fifo  |  xFeatures_88 |    pointer   |
|xFeatures_88_empty_n    |  in |    1|   ap_fifo  |  xFeatures_88 |    pointer   |
|xFeatures_88_read       | out |    1|   ap_fifo  |  xFeatures_88 |    pointer   |
|xFeatures_89_dout       |  in |   64|   ap_fifo  |  xFeatures_89 |    pointer   |
|xFeatures_89_empty_n    |  in |    1|   ap_fifo  |  xFeatures_89 |    pointer   |
|xFeatures_89_read       | out |    1|   ap_fifo  |  xFeatures_89 |    pointer   |
|xFeatures_90_dout       |  in |   64|   ap_fifo  |  xFeatures_90 |    pointer   |
|xFeatures_90_empty_n    |  in |    1|   ap_fifo  |  xFeatures_90 |    pointer   |
|xFeatures_90_read       | out |    1|   ap_fifo  |  xFeatures_90 |    pointer   |
|xFeatures_91_dout       |  in |   64|   ap_fifo  |  xFeatures_91 |    pointer   |
|xFeatures_91_empty_n    |  in |    1|   ap_fifo  |  xFeatures_91 |    pointer   |
|xFeatures_91_read       | out |    1|   ap_fifo  |  xFeatures_91 |    pointer   |
|xFeatures_92_dout       |  in |   64|   ap_fifo  |  xFeatures_92 |    pointer   |
|xFeatures_92_empty_n    |  in |    1|   ap_fifo  |  xFeatures_92 |    pointer   |
|xFeatures_92_read       | out |    1|   ap_fifo  |  xFeatures_92 |    pointer   |
|xFeatures_93_dout       |  in |   64|   ap_fifo  |  xFeatures_93 |    pointer   |
|xFeatures_93_empty_n    |  in |    1|   ap_fifo  |  xFeatures_93 |    pointer   |
|xFeatures_93_read       | out |    1|   ap_fifo  |  xFeatures_93 |    pointer   |
|xFeatures_94_dout       |  in |   64|   ap_fifo  |  xFeatures_94 |    pointer   |
|xFeatures_94_empty_n    |  in |    1|   ap_fifo  |  xFeatures_94 |    pointer   |
|xFeatures_94_read       | out |    1|   ap_fifo  |  xFeatures_94 |    pointer   |
|xFeatures_95_dout       |  in |   64|   ap_fifo  |  xFeatures_95 |    pointer   |
|xFeatures_95_empty_n    |  in |    1|   ap_fifo  |  xFeatures_95 |    pointer   |
|xFeatures_95_read       | out |    1|   ap_fifo  |  xFeatures_95 |    pointer   |
|xFeatures_96_dout       |  in |   64|   ap_fifo  |  xFeatures_96 |    pointer   |
|xFeatures_96_empty_n    |  in |    1|   ap_fifo  |  xFeatures_96 |    pointer   |
|xFeatures_96_read       | out |    1|   ap_fifo  |  xFeatures_96 |    pointer   |
|xFeatures_97_dout       |  in |   64|   ap_fifo  |  xFeatures_97 |    pointer   |
|xFeatures_97_empty_n    |  in |    1|   ap_fifo  |  xFeatures_97 |    pointer   |
|xFeatures_97_read       | out |    1|   ap_fifo  |  xFeatures_97 |    pointer   |
|xFeatures_98_dout       |  in |   64|   ap_fifo  |  xFeatures_98 |    pointer   |
|xFeatures_98_empty_n    |  in |    1|   ap_fifo  |  xFeatures_98 |    pointer   |
|xFeatures_98_read       | out |    1|   ap_fifo  |  xFeatures_98 |    pointer   |
|xFeatures_99_dout       |  in |   64|   ap_fifo  |  xFeatures_99 |    pointer   |
|xFeatures_99_empty_n    |  in |    1|   ap_fifo  |  xFeatures_99 |    pointer   |
|xFeatures_99_read       | out |    1|   ap_fifo  |  xFeatures_99 |    pointer   |
|xFeatures_100_dout      |  in |   64|   ap_fifo  | xFeatures_100 |    pointer   |
|xFeatures_100_empty_n   |  in |    1|   ap_fifo  | xFeatures_100 |    pointer   |
|xFeatures_100_read      | out |    1|   ap_fifo  | xFeatures_100 |    pointer   |
|xFeatures_101_dout      |  in |   64|   ap_fifo  | xFeatures_101 |    pointer   |
|xFeatures_101_empty_n   |  in |    1|   ap_fifo  | xFeatures_101 |    pointer   |
|xFeatures_101_read      | out |    1|   ap_fifo  | xFeatures_101 |    pointer   |
|xFeatures_102_dout      |  in |   64|   ap_fifo  | xFeatures_102 |    pointer   |
|xFeatures_102_empty_n   |  in |    1|   ap_fifo  | xFeatures_102 |    pointer   |
|xFeatures_102_read      | out |    1|   ap_fifo  | xFeatures_102 |    pointer   |
|xFeatures_103_dout      |  in |   64|   ap_fifo  | xFeatures_103 |    pointer   |
|xFeatures_103_empty_n   |  in |    1|   ap_fifo  | xFeatures_103 |    pointer   |
|xFeatures_103_read      | out |    1|   ap_fifo  | xFeatures_103 |    pointer   |
|xFeatures_104_dout      |  in |   64|   ap_fifo  | xFeatures_104 |    pointer   |
|xFeatures_104_empty_n   |  in |    1|   ap_fifo  | xFeatures_104 |    pointer   |
|xFeatures_104_read      | out |    1|   ap_fifo  | xFeatures_104 |    pointer   |
|xFeatures_105_dout      |  in |   64|   ap_fifo  | xFeatures_105 |    pointer   |
|xFeatures_105_empty_n   |  in |    1|   ap_fifo  | xFeatures_105 |    pointer   |
|xFeatures_105_read      | out |    1|   ap_fifo  | xFeatures_105 |    pointer   |
|xFeatures_106_dout      |  in |   64|   ap_fifo  | xFeatures_106 |    pointer   |
|xFeatures_106_empty_n   |  in |    1|   ap_fifo  | xFeatures_106 |    pointer   |
|xFeatures_106_read      | out |    1|   ap_fifo  | xFeatures_106 |    pointer   |
|xFeatures_107_dout      |  in |   64|   ap_fifo  | xFeatures_107 |    pointer   |
|xFeatures_107_empty_n   |  in |    1|   ap_fifo  | xFeatures_107 |    pointer   |
|xFeatures_107_read      | out |    1|   ap_fifo  | xFeatures_107 |    pointer   |
|xFeatures_108_dout      |  in |   64|   ap_fifo  | xFeatures_108 |    pointer   |
|xFeatures_108_empty_n   |  in |    1|   ap_fifo  | xFeatures_108 |    pointer   |
|xFeatures_108_read      | out |    1|   ap_fifo  | xFeatures_108 |    pointer   |
|xFeatures_109_dout      |  in |   64|   ap_fifo  | xFeatures_109 |    pointer   |
|xFeatures_109_empty_n   |  in |    1|   ap_fifo  | xFeatures_109 |    pointer   |
|xFeatures_109_read      | out |    1|   ap_fifo  | xFeatures_109 |    pointer   |
|xFeatures_110_dout      |  in |   64|   ap_fifo  | xFeatures_110 |    pointer   |
|xFeatures_110_empty_n   |  in |    1|   ap_fifo  | xFeatures_110 |    pointer   |
|xFeatures_110_read      | out |    1|   ap_fifo  | xFeatures_110 |    pointer   |
|xFeatures_111_dout      |  in |   64|   ap_fifo  | xFeatures_111 |    pointer   |
|xFeatures_111_empty_n   |  in |    1|   ap_fifo  | xFeatures_111 |    pointer   |
|xFeatures_111_read      | out |    1|   ap_fifo  | xFeatures_111 |    pointer   |
|xFeatures_112_dout      |  in |   64|   ap_fifo  | xFeatures_112 |    pointer   |
|xFeatures_112_empty_n   |  in |    1|   ap_fifo  | xFeatures_112 |    pointer   |
|xFeatures_112_read      | out |    1|   ap_fifo  | xFeatures_112 |    pointer   |
|xFeatures_113_dout      |  in |   64|   ap_fifo  | xFeatures_113 |    pointer   |
|xFeatures_113_empty_n   |  in |    1|   ap_fifo  | xFeatures_113 |    pointer   |
|xFeatures_113_read      | out |    1|   ap_fifo  | xFeatures_113 |    pointer   |
|xFeatures_114_dout      |  in |   64|   ap_fifo  | xFeatures_114 |    pointer   |
|xFeatures_114_empty_n   |  in |    1|   ap_fifo  | xFeatures_114 |    pointer   |
|xFeatures_114_read      | out |    1|   ap_fifo  | xFeatures_114 |    pointer   |
|xFeatures_115_dout      |  in |   64|   ap_fifo  | xFeatures_115 |    pointer   |
|xFeatures_115_empty_n   |  in |    1|   ap_fifo  | xFeatures_115 |    pointer   |
|xFeatures_115_read      | out |    1|   ap_fifo  | xFeatures_115 |    pointer   |
|xFeatures_116_dout      |  in |   64|   ap_fifo  | xFeatures_116 |    pointer   |
|xFeatures_116_empty_n   |  in |    1|   ap_fifo  | xFeatures_116 |    pointer   |
|xFeatures_116_read      | out |    1|   ap_fifo  | xFeatures_116 |    pointer   |
|xFeatures_117_dout      |  in |   64|   ap_fifo  | xFeatures_117 |    pointer   |
|xFeatures_117_empty_n   |  in |    1|   ap_fifo  | xFeatures_117 |    pointer   |
|xFeatures_117_read      | out |    1|   ap_fifo  | xFeatures_117 |    pointer   |
|xFeatures_118_dout      |  in |   64|   ap_fifo  | xFeatures_118 |    pointer   |
|xFeatures_118_empty_n   |  in |    1|   ap_fifo  | xFeatures_118 |    pointer   |
|xFeatures_118_read      | out |    1|   ap_fifo  | xFeatures_118 |    pointer   |
|xFeatures_119_dout      |  in |   64|   ap_fifo  | xFeatures_119 |    pointer   |
|xFeatures_119_empty_n   |  in |    1|   ap_fifo  | xFeatures_119 |    pointer   |
|xFeatures_119_read      | out |    1|   ap_fifo  | xFeatures_119 |    pointer   |
|xFeatures_120_dout      |  in |   64|   ap_fifo  | xFeatures_120 |    pointer   |
|xFeatures_120_empty_n   |  in |    1|   ap_fifo  | xFeatures_120 |    pointer   |
|xFeatures_120_read      | out |    1|   ap_fifo  | xFeatures_120 |    pointer   |
|xFeatures_121_dout      |  in |   64|   ap_fifo  | xFeatures_121 |    pointer   |
|xFeatures_121_empty_n   |  in |    1|   ap_fifo  | xFeatures_121 |    pointer   |
|xFeatures_121_read      | out |    1|   ap_fifo  | xFeatures_121 |    pointer   |
|xFeatures_122_dout      |  in |   64|   ap_fifo  | xFeatures_122 |    pointer   |
|xFeatures_122_empty_n   |  in |    1|   ap_fifo  | xFeatures_122 |    pointer   |
|xFeatures_122_read      | out |    1|   ap_fifo  | xFeatures_122 |    pointer   |
|xFeatures_123_dout      |  in |   64|   ap_fifo  | xFeatures_123 |    pointer   |
|xFeatures_123_empty_n   |  in |    1|   ap_fifo  | xFeatures_123 |    pointer   |
|xFeatures_123_read      | out |    1|   ap_fifo  | xFeatures_123 |    pointer   |
|xFeatures_124_dout      |  in |   64|   ap_fifo  | xFeatures_124 |    pointer   |
|xFeatures_124_empty_n   |  in |    1|   ap_fifo  | xFeatures_124 |    pointer   |
|xFeatures_124_read      | out |    1|   ap_fifo  | xFeatures_124 |    pointer   |
|xFeatures_125_dout      |  in |   64|   ap_fifo  | xFeatures_125 |    pointer   |
|xFeatures_125_empty_n   |  in |    1|   ap_fifo  | xFeatures_125 |    pointer   |
|xFeatures_125_read      | out |    1|   ap_fifo  | xFeatures_125 |    pointer   |
|xFeatures_126_dout      |  in |   64|   ap_fifo  | xFeatures_126 |    pointer   |
|xFeatures_126_empty_n   |  in |    1|   ap_fifo  | xFeatures_126 |    pointer   |
|xFeatures_126_read      | out |    1|   ap_fifo  | xFeatures_126 |    pointer   |
|xFeatures_127_dout      |  in |   64|   ap_fifo  | xFeatures_127 |    pointer   |
|xFeatures_127_empty_n   |  in |    1|   ap_fifo  | xFeatures_127 |    pointer   |
|xFeatures_127_read      | out |    1|   ap_fifo  | xFeatures_127 |    pointer   |
+------------------------+-----+-----+------------+---------------+--------------+

