

================================================================
== Vivado HLS Report for 'svmResult'
================================================================
* Date:           Mon Jun 22 03:29:27 2020

* Version:        2019.2 (Build 2704478 on Wed Nov 06 22:10:23 MST 2019)
* Project:        SVM
* Solution:       solution1
* Product family: zynq
* Target device:  xc7z020-clg484-1


================================================================
== Performance Estimates
================================================================
+ Timing: 
    * Summary: 
    +--------+----------+----------+------------+
    |  Clock |  Target  | Estimated| Uncertainty|
    +--------+----------+----------+------------+
    |ap_clk  | 10.00 ns | 9.822 ns |   1.25 ns  |
    +--------+----------+----------+------------+

+ Latency: 
    * Summary: 
    +---------+---------+----------+----------+-----+-----+----------+
    |  Latency (cycles) |  Latency (absolute) |  Interval | Pipeline |
    |   min   |   max   |    min   |    max   | min | max |   Type   |
    +---------+---------+----------+----------+-----+-----+----------+
    |      456|      456| 4.560 us | 4.560 us |  271|  271| dataflow |
    +---------+---------+----------+----------+-----+-----+----------+

    + Detail: 
        * Instance: 
        +-----------------+--------------+---------+---------+----------+----------+-----+-----+---------+
        |                 |              |  Latency (cycles) |  Latency (absolute) |  Interval | Pipeline|
        |     Instance    |    Module    |   min   |   max   |    min   |    max   | min | max |   Type  |
        +-----------------+--------------+---------+---------+----------+----------+-----+-----+---------+
        |epilogue_U0      |epilogue      |      185|      185| 1.850 us | 1.850 us |  185|  185|   none  |
        |parallel_010_U0  |parallel_010  |      270|      270| 2.700 us | 2.700 us |  270|  270|   none  |
        |parallel_011_U0  |parallel_011  |      270|      270| 2.700 us | 2.700 us |  270|  270|   none  |
        |parallel_012_U0  |parallel_012  |      270|      270| 2.700 us | 2.700 us |  270|  270|   none  |
        |parallel_0_U0    |parallel_0    |      270|      270| 2.700 us | 2.700 us |  270|  270|   none  |
        +-----------------+--------------+---------+---------+----------+----------+-----+-----+---------+

        * Loop: 
        N/A



================================================================
== Utilization Estimates
================================================================
* Summary: 
+-----------------+---------+-------+--------+-------+-----+
|       Name      | BRAM_18K| DSP48E|   FF   |  LUT  | URAM|
+-----------------+---------+-------+--------+-------+-----+
|DSP              |        -|      -|       -|      -|    -|
|Expression       |        -|      -|       0|     62|    -|
|FIFO             |        -|      -|       -|      -|    -|
|Instance         |        0|     66|   17164|  21347|    -|
|Memory           |        8|      -|       0|      0|    0|
|Multiplexer      |        -|      -|       -|     72|    -|
|Register         |        -|      -|      12|      -|    -|
+-----------------+---------+-------+--------+-------+-----+
|Total            |        8|     66|   17176|  21481|    0|
+-----------------+---------+-------+--------+-------+-----+
|Available        |      280|    220|  106400|  53200|    0|
+-----------------+---------+-------+--------+-------+-----+
|Utilization (%)  |        2|     30|      16|     40|    0|
+-----------------+---------+-------+--------+-------+-----+

+ Detail: 
    * Instance: 
    +-----------------+--------------+---------+-------+-------+-------+-----+
    |     Instance    |    Module    | BRAM_18K| DSP48E|   FF  |  LUT  | URAM|
    +-----------------+--------------+---------+-------+-------+-------+-----+
    |epilogue_U0      |epilogue      |        0|     26|  14568|  15711|    0|
    |parallel_0_U0    |parallel_0    |        0|     10|    649|   1409|    0|
    |parallel_010_U0  |parallel_010  |        0|     10|    649|   1409|    0|
    |parallel_011_U0  |parallel_011  |        0|     10|    649|   1409|    0|
    |parallel_012_U0  |parallel_012  |        0|     10|    649|   1409|    0|
    +-----------------+--------------+---------+-------+-------+-------+-----+
    |Total            |              |        0|     66|  17164|  21347|    0|
    +-----------------+--------------+---------+-------+-------+-------+-----+

    * DSP48E: 
    N/A

    * Memory: 
    +--------------------------+----------------------+---------+---+----+-----+------+-----+------+-------------+
    |          Memory          |        Module        | BRAM_18K| FF| LUT| URAM| Words| Bits| Banks| W*Bits*Banks|
    +--------------------------+----------------------+---------+---+----+-----+------+-----+------+-------------+
    |temp_l111_2_i2_array_U    |svmResult_temp_l1fYi  |        2|  0|   0|    0|   256|   32|     2|        16384|
    |temp_l111_2_i2_array_1_U  |svmResult_temp_l1fYi  |        2|  0|   0|    0|   256|   32|     2|        16384|
    |temp_l111_2_i2_array_2_U  |svmResult_temp_l1fYi  |        2|  0|   0|    0|   256|   32|     2|        16384|
    |temp_l111_2_i2_array_3_U  |svmResult_temp_l1fYi  |        2|  0|   0|    0|   256|   32|     2|        16384|
    +--------------------------+----------------------+---------+---+----+-----+------+-----+------+-------------+
    |Total                     |                      |        8|  0|   0|    0|  1024|  128|     8|        65536|
    +--------------------------+----------------------+---------+---+----+-----+------+-----+------+-------------+

    * FIFO: 
    N/A

    * Expression: 
    +----------------------------------+----------+-------+---+----+------------+------------+
    |           Variable Name          | Operation| DSP48E| FF| LUT| Bitwidth P0| Bitwidth P1|
    +----------------------------------+----------+-------+---+----+------------+------------+
    |parallel_010_U0_ap_ready_count    |     +    |      0|  0|  10|           2|           1|
    |parallel_011_U0_ap_ready_count    |     +    |      0|  0|  10|           2|           1|
    |parallel_012_U0_ap_ready_count    |     +    |      0|  0|  10|           2|           1|
    |parallel_0_U0_ap_ready_count      |     +    |      0|  0|  10|           2|           1|
    |ap_idle                           |    and   |      0|  0|   2|           1|           1|
    |ap_sync_ready                     |    and   |      0|  0|   2|           1|           1|
    |epilogue_U0_ap_start              |    and   |      0|  0|   2|           1|           1|
    |parallel_010_U0_ap_start          |    and   |      0|  0|   2|           1|           1|
    |parallel_011_U0_ap_start          |    and   |      0|  0|   2|           1|           1|
    |parallel_012_U0_ap_start          |    and   |      0|  0|   2|           1|           1|
    |parallel_0_U0_ap_start            |    and   |      0|  0|   2|           1|           1|
    |ap_sync_parallel_010_U0_ap_ready  |    or    |      0|  0|   2|           1|           1|
    |ap_sync_parallel_011_U0_ap_ready  |    or    |      0|  0|   2|           1|           1|
    |ap_sync_parallel_012_U0_ap_ready  |    or    |      0|  0|   2|           1|           1|
    |ap_sync_parallel_0_U0_ap_ready    |    or    |      0|  0|   2|           1|           1|
    +----------------------------------+----------+-------+---+----+------------+------------+
    |Total                             |          |      0|  0|  62|          19|          15|
    +----------------------------------+----------+-------+---+----+------------+------------+

    * Multiplexer: 
    +--------------------------------------+----+-----------+-----+-----------+
    |                 Name                 | LUT| Input Size| Bits| Total Bits|
    +--------------------------------------+----+-----------+-----+-----------+
    |ap_sync_reg_parallel_010_U0_ap_ready  |   9|          2|    1|          2|
    |ap_sync_reg_parallel_011_U0_ap_ready  |   9|          2|    1|          2|
    |ap_sync_reg_parallel_012_U0_ap_ready  |   9|          2|    1|          2|
    |ap_sync_reg_parallel_0_U0_ap_ready    |   9|          2|    1|          2|
    |parallel_010_U0_ap_ready_count        |   9|          2|    2|          4|
    |parallel_011_U0_ap_ready_count        |   9|          2|    2|          4|
    |parallel_012_U0_ap_ready_count        |   9|          2|    2|          4|
    |parallel_0_U0_ap_ready_count          |   9|          2|    2|          4|
    +--------------------------------------+----+-----------+-----+-----------+
    |Total                                 |  72|         16|   12|         24|
    +--------------------------------------+----+-----------+-----+-----------+

    * Register: 
    +--------------------------------------+---+----+-----+-----------+
    |                 Name                 | FF| LUT| Bits| Const Bits|
    +--------------------------------------+---+----+-----+-----------+
    |ap_sync_reg_parallel_010_U0_ap_ready  |  1|   0|    1|          0|
    |ap_sync_reg_parallel_011_U0_ap_ready  |  1|   0|    1|          0|
    |ap_sync_reg_parallel_012_U0_ap_ready  |  1|   0|    1|          0|
    |ap_sync_reg_parallel_0_U0_ap_ready    |  1|   0|    1|          0|
    |parallel_010_U0_ap_ready_count        |  2|   0|    2|          0|
    |parallel_011_U0_ap_ready_count        |  2|   0|    2|          0|
    |parallel_012_U0_ap_ready_count        |  2|   0|    2|          0|
    |parallel_0_U0_ap_ready_count          |  2|   0|    2|          0|
    +--------------------------------------+---+----+-----+-----------+
    |Total                                 | 12|   0|   12|          0|
    +--------------------------------------+---+----+-----+-----------+



================================================================
== Interface
================================================================
* Summary: 
+----------+-----+-----+------------+--------------+--------------+
| RTL Ports| Dir | Bits|  Protocol  | Source Object|    C Type    |
+----------+-----+-----+------------+--------------+--------------+
|ap_clk    |  in |    1| ap_ctrl_hs |   svmResult  | return value |
|ap_rst    |  in |    1| ap_ctrl_hs |   svmResult  | return value |
|ap_start  |  in |    1| ap_ctrl_hs |   svmResult  | return value |
|ap_done   | out |    1| ap_ctrl_hs |   svmResult  | return value |
|ap_ready  | out |    1| ap_ctrl_hs |   svmResult  | return value |
|ap_idle   | out |    1| ap_ctrl_hs |   svmResult  | return value |
|y         | out |   32|   ap_vld   |       y      |    pointer   |
|y_ap_vld  | out |    1|   ap_vld   |       y      |    pointer   |
+----------+-----+-----+------------+--------------+--------------+

