

================================================================
== Vivado HLS Report for 'epilogue'
================================================================
* Date:           Wed Jul 15 23:20:17 2020

* Version:        2019.2 (Build 2704478 on Wed Nov 06 22:10:23 MST 2019)
* Project:        dotprod
* Solution:       solution1
* Product family: zynq
* Target device:  xc7z020-clg484-1


================================================================
== Performance Estimates
================================================================
+ Timing: 
    * Summary: 
    +--------+----------+----------+------------+
    |  Clock |  Target  | Estimated| Uncertainty|
    +--------+----------+----------+------------+
    |ap_clk  | 10.00 ns | 9.400 ns |   1.25 ns  |
    +--------+----------+----------+------------+

+ Latency: 
    * Summary: 
    +---------+---------+----------+----------+-----+-----+---------+
    |  Latency (cycles) |  Latency (absolute) |  Interval | Pipeline|
    |   min   |   max   |    min   |    max   | min | max |   Type  |
    +---------+---------+----------+----------+-----+-----+---------+
    |       14|       14| 0.140 us | 0.140 us |   14|   14|   none  |
    +---------+---------+----------+----------+-----+-----+---------+

    + Detail: 
        * Instance: 
        N/A

        * Loop: 
        N/A



================================================================
== Utilization Estimates
================================================================
* Summary: 
+-----------------+---------+-------+--------+-------+-----+
|       Name      | BRAM_18K| DSP48E|   FF   |  LUT  | URAM|
+-----------------+---------+-------+--------+-------+-----+
|DSP              |        -|     16|       -|      -|    -|
|Expression       |        -|      -|       0|   6151|    -|
|FIFO             |        -|      -|       -|      -|    -|
|Instance         |        -|      -|       -|      -|    -|
|Memory           |        -|      -|       -|      -|    -|
|Multiplexer      |        -|      -|       -|   1670|    -|
|Register         |        -|      -|    4880|      -|    -|
+-----------------+---------+-------+--------+-------+-----+
|Total            |        0|     16|    4880|   7821|    0|
+-----------------+---------+-------+--------+-------+-----+
|Available        |      280|    220|  106400|  53200|    0|
+-----------------+---------+-------+--------+-------+-----+
|Utilization (%)  |        0|      7|       4|     14|    0|
+-----------------+---------+-------+--------+-------+-----+

+ Detail: 
    * Instance: 
    N/A

    * DSP48E: 
    +---------------------------+----------------------+--------------+
    |          Instance         |        Module        |  Expression  |
    +---------------------------+----------------------+--------------+
    |n4000_maxNodes_10bkb_U431  |n4000_maxNodes_10bkb  |    i0 * i1   |
    |n4000_maxNodes_10bkb_U432  |n4000_maxNodes_10bkb  |    i0 * i1   |
    |n4000_maxNodes_10bkb_U433  |n4000_maxNodes_10bkb  |    i0 * i1   |
    |n4000_maxNodes_10bkb_U434  |n4000_maxNodes_10bkb  |    i0 * i1   |
    |n4000_maxNodes_10bkb_U435  |n4000_maxNodes_10bkb  |    i0 * i1   |
    |n4000_maxNodes_10bkb_U436  |n4000_maxNodes_10bkb  |    i0 * i1   |
    |n4000_maxNodes_10bkb_U437  |n4000_maxNodes_10bkb  |    i0 * i1   |
    |n4000_maxNodes_10cud_U438  |n4000_maxNodes_10cud  | i0 + i1 * i2 |
    |n4000_maxNodes_10cud_U439  |n4000_maxNodes_10cud  | i0 + i1 * i2 |
    |n4000_maxNodes_10cud_U440  |n4000_maxNodes_10cud  | i0 + i1 * i2 |
    |n4000_maxNodes_10cud_U441  |n4000_maxNodes_10cud  | i0 + i1 * i2 |
    |n4000_maxNodes_10cud_U442  |n4000_maxNodes_10cud  | i0 + i1 * i2 |
    |n4000_maxNodes_10cud_U443  |n4000_maxNodes_10cud  | i0 + i1 * i2 |
    |n4000_maxNodes_10cud_U444  |n4000_maxNodes_10cud  | i0 + i1 * i2 |
    |n4000_maxNodes_10cud_U445  |n4000_maxNodes_10cud  | i0 + i1 * i2 |
    |n4000_maxNodes_10dEe_U446  |n4000_maxNodes_10dEe  | i0 + i1 * i2 |
    +---------------------------+----------------------+--------------+

    * Memory: 
    N/A

    * FIFO: 
    N/A

    * Expression: 
    +--------------------------+----------+-------+---+----+------------+------------+
    |       Variable Name      | Operation| DSP48E| FF| LUT| Bitwidth P0| Bitwidth P1|
    +--------------------------+----------+-------+---+----+------------+------------+
    |add_ln729_10_fu_3584_p2   |     +    |      0|  0|  32|          32|          32|
    |add_ln729_112_fu_4157_p2  |     +    |      0|  0|  32|          32|          32|
    |add_ln729_119_fu_4037_p2  |     +    |      0|  0|  32|          32|          32|
    |add_ln729_121_fu_3927_p2  |     +    |      0|  0|  39|          32|          32|
    |add_ln729_122_fu_4041_p2  |     +    |      0|  0|  32|          32|          32|
    |add_ln729_123_fu_3484_p2  |     +    |      0|  0|  32|          32|          32|
    |add_ln729_124_fu_3433_p2  |     +    |      0|  0|  32|          32|          32|
    |add_ln729_125_fu_3439_p2  |     +    |      0|  0|  32|          32|          32|
    |add_ln729_126_fu_3490_p2  |     +    |      0|  0|  32|          32|          32|
    |add_ln729_127_fu_4046_p2  |     +    |      0|  0|  32|          32|          32|
    |add_ln729_128_fu_4051_p2  |     +    |      0|  0|  32|          32|          32|
    |add_ln729_129_fu_4161_p2  |     +    |      0|  0|  32|          32|          32|
    |add_ln729_130_fu_4166_p2  |     +    |      0|  0|  32|          32|          32|
    |add_ln729_131_fu_4238_p2  |     +    |      0|  0|  32|          32|          32|
    |add_ln729_146_fu_4172_p2  |     +    |      0|  0|  32|          32|          32|
    |add_ln729_14_fu_3589_p2   |     +    |      0|  0|  32|          32|          32|
    |add_ln729_153_fu_4176_p2  |     +    |      0|  0|  32|          32|          32|
    |add_ln729_154_fu_3887_p2  |     +    |      0|  0|  39|          32|          32|
    |add_ln729_156_fu_4057_p2  |     +    |      0|  0|  32|          32|          32|
    |add_ln729_158_fu_3932_p2  |     +    |      0|  0|  32|          32|          32|
    |add_ln729_159_fu_3938_p2  |     +    |      0|  0|  32|          32|          32|
    |add_ln729_15_fu_3595_p2   |     +    |      0|  0|  32|          32|          32|
    |add_ln729_160_fu_4062_p2  |     +    |      0|  0|  32|          32|          32|
    |add_ln729_161_fu_4067_p2  |     +    |      0|  0|  32|          32|          32|
    |add_ln729_162_fu_4180_p2  |     +    |      0|  0|  32|          32|          32|
    |add_ln729_163_fu_4185_p2  |     +    |      0|  0|  32|          32|          32|
    |add_ln729_164_fu_4073_p2  |     +    |      0|  0|  39|          32|          32|
    |add_ln729_165_fu_4079_p2  |     +    |      0|  0|  39|          32|          32|
    |add_ln729_166_fu_4191_p2  |     +    |      0|  0|  32|          32|          32|
    |add_ln729_168_fu_3445_p2  |     +    |      0|  0|  39|          32|          32|
    |add_ln729_169_fu_3495_p2  |     +    |      0|  0|  32|          32|          32|
    |add_ln729_170_fu_4195_p2  |     +    |      0|  0|  32|          32|          32|
    |add_ln729_176_fu_3563_p2  |     +    |      0|  0|  32|          32|          32|
    |add_ln729_177_fu_3568_p2  |     +    |      0|  0|  32|          32|          32|
    |add_ln729_178_fu_4200_p2  |     +    |      0|  0|  32|          32|          32|
    |add_ln729_179_fu_3619_p2  |     +    |      0|  0|  32|          32|          32|
    |add_ln729_181_fu_3625_p2  |     +    |      0|  0|  32|          32|          32|
    |add_ln729_184_fu_3654_p2  |     +    |      0|  0|  32|          32|          32|
    |add_ln729_185_fu_3893_p2  |     +    |      0|  0|  32|          32|          32|
    |add_ln729_190_fu_3708_p2  |     +    |      0|  0|  32|          32|          32|
    |add_ln729_191_fu_3714_p2  |     +    |      0|  0|  32|          32|          32|
    |add_ln729_192_fu_3783_p2  |     +    |      0|  0|  32|          32|          32|
    |add_ln729_193_fu_3788_p2  |     +    |      0|  0|  32|          32|          32|
    |add_ln729_194_fu_3897_p2  |     +    |      0|  0|  32|          32|          32|
    |add_ln729_195_fu_4205_p2  |     +    |      0|  0|  32|          32|          32|
    |add_ln729_196_fu_4243_p2  |     +    |      0|  0|  32|          32|          32|
    |add_ln729_1_fu_3409_p2    |     +    |      0|  0|  32|          32|          32|
    |add_ln729_203_fu_4084_p2  |     +    |      0|  0|  32|          32|          32|
    |add_ln729_204_fu_3944_p2  |     +    |      0|  0|  39|          32|          32|
    |add_ln729_206_fu_4088_p2  |     +    |      0|  0|  32|          32|          32|
    |add_ln729_207_fu_3451_p2  |     +    |      0|  0|  32|          32|          32|
    |add_ln729_209_fu_3457_p2  |     +    |      0|  0|  32|          32|          32|
    |add_ln729_210_fu_4093_p2  |     +    |      0|  0|  32|          32|          32|
    |add_ln729_211_fu_4098_p2  |     +    |      0|  0|  32|          32|          32|
    |add_ln729_214_fu_3500_p2  |     +    |      0|  0|  32|          32|          32|
    |add_ln729_217_fu_3536_p2  |     +    |      0|  0|  32|          32|          32|
    |add_ln729_218_fu_3720_p2  |     +    |      0|  0|  32|          32|          32|
    |add_ln729_219_fu_3574_p2  |     +    |      0|  0|  39|          32|          32|
    |add_ln729_21_fu_3643_p2   |     +    |      0|  0|  32|          32|          32|
    |add_ln729_221_fu_3660_p2  |     +    |      0|  0|  32|          32|          32|
    |add_ln729_222_fu_3665_p2  |     +    |      0|  0|  32|          32|          32|
    |add_ln729_223_fu_3631_p2  |     +    |      0|  0|  32|          32|          32|
    |add_ln729_224_fu_3637_p2  |     +    |      0|  0|  32|          32|          32|
    |add_ln729_225_fu_3671_p2  |     +    |      0|  0|  32|          32|          32|
    |add_ln729_226_fu_3676_p2  |     +    |      0|  0|  32|          32|          32|
    |add_ln729_227_fu_3724_p2  |     +    |      0|  0|  32|          32|          32|
    |add_ln729_228_fu_4210_p2  |     +    |      0|  0|  32|          32|          32|
    |add_ln729_22_fu_3912_p2   |     +    |      0|  0|  32|          32|          32|
    |add_ln729_234_fu_3794_p2  |     +    |      0|  0|  32|          32|          32|
    |add_ln729_235_fu_3799_p2  |     +    |      0|  0|  32|          32|          32|
    |add_ln729_23_fu_3682_p2   |     +    |      0|  0|  39|          32|          32|
    |add_ln729_240_fu_3950_p2  |     +    |      0|  0|  32|          32|          32|
    |add_ln729_241_fu_3956_p2  |     +    |      0|  0|  32|          32|          32|
    |add_ln729_242_fu_4104_p2  |     +    |      0|  0|  32|          32|          32|
    |add_ln729_243_fu_4109_p2  |     +    |      0|  0|  32|          32|          32|
    |add_ln729_244_fu_4214_p2  |     +    |      0|  0|  32|          32|          32|
    |add_ln729_247_fu_3962_p2  |     +    |      0|  0|  39|          32|          32|
    |add_ln729_250_fu_3902_p2  |     +    |      0|  0|  39|          32|          32|
    |add_ln729_251_fu_4115_p2  |     +    |      0|  0|  32|          32|          32|
    |add_ln729_254_fu_3966_p2  |     +    |      0|  0|  32|          32|          32|
    |add_ln729_258_fu_3970_p2  |     +    |      0|  0|  39|          32|          32|
    |add_ln729_259_fu_3974_p2  |     +    |      0|  0|  32|          32|          32|
    |add_ln729_25_fu_3853_p2   |     +    |      0|  0|  32|          32|          32|
    |add_ln729_260_fu_4119_p2  |     +    |      0|  0|  32|          32|          32|
    |add_ln729_261_fu_4218_p2  |     +    |      0|  0|  32|          32|          32|
    |add_ln729_262_fu_4223_p2  |     +    |      0|  0|  32|          32|          32|
    |add_ln729_263_fu_4247_p2  |     +    |      0|  0|  32|          32|          32|
    |add_ln729_26_fu_3858_p2   |     +    |      0|  0|  32|          32|          32|
    |add_ln729_27_fu_3771_p2   |     +    |      0|  0|  32|          32|          32|
    |add_ln729_28_fu_3777_p2   |     +    |      0|  0|  32|          32|          32|
    |add_ln729_29_fu_3864_p2   |     +    |      0|  0|  32|          32|          32|
    |add_ln729_30_fu_3869_p2   |     +    |      0|  0|  32|          32|          32|
    |add_ln729_31_fu_3917_p2   |     +    |      0|  0|  32|          32|          32|
    |add_ln729_32_fu_4229_p2   |     +    |      0|  0|  32|          32|          32|
    |add_ln729_33_fu_3875_p2   |     +    |      0|  0|  39|          32|          32|
    |add_ln729_35_fu_3980_p2   |     +    |      0|  0|  32|          32|          32|
    |add_ln729_36_fu_3984_p2   |     +    |      0|  0|  32|          32|          32|
    |add_ln729_38_fu_3990_p2   |     +    |      0|  0|  32|          32|          32|
    |add_ln729_39_fu_3995_p2   |     +    |      0|  0|  32|          32|          32|
    |add_ln729_3_fu_3415_p2    |     +    |      0|  0|  32|          32|          32|
    |add_ln729_40_fu_4001_p2   |     +    |      0|  0|  39|          32|          32|
    |add_ln729_42_fu_4124_p2   |     +    |      0|  0|  32|          32|          32|
    |add_ln729_44_fu_3421_p2   |     +    |      0|  0|  39|          32|          32|
    |add_ln729_45_fu_3469_p2   |     +    |      0|  0|  32|          32|          32|
    |add_ln729_46_fu_4128_p2   |     +    |      0|  0|  32|          32|          32|
    |add_ln729_47_fu_4133_p2   |     +    |      0|  0|  32|          32|          32|
    |add_ln729_48_fu_3512_p2   |     +    |      0|  0|  32|          32|          32|
    |add_ln729_50_fu_3518_p2   |     +    |      0|  0|  32|          32|          32|
    |add_ln729_53_fu_3542_p2   |     +    |      0|  0|  32|          32|          32|
    |add_ln729_54_fu_3688_p2   |     +    |      0|  0|  32|          32|          32|
    |add_ln729_55_fu_3601_p2   |     +    |      0|  0|  39|          32|          32|
    |add_ln729_57_fu_3692_p2   |     +    |      0|  0|  32|          32|          32|
    |add_ln729_59_fu_3607_p2   |     +    |      0|  0|  32|          32|          32|
    |add_ln729_60_fu_3613_p2   |     +    |      0|  0|  32|          32|          32|
    |add_ln729_61_fu_3649_p2   |     +    |      0|  0|  32|          32|          32|
    |add_ln729_62_fu_3697_p2   |     +    |      0|  0|  32|          32|          32|
    |add_ln729_63_fu_3702_p2   |     +    |      0|  0|  32|          32|          32|
    |add_ln729_64_fu_4138_p2   |     +    |      0|  0|  32|          32|          32|
    |add_ln729_65_fu_4233_p2   |     +    |      0|  0|  32|          32|          32|
    |add_ln729_6_fu_3463_p2    |     +    |      0|  0|  32|          32|          32|
    |add_ln729_72_fu_4006_p2   |     +    |      0|  0|  32|          32|          32|
    |add_ln729_73_fu_3881_p2   |     +    |      0|  0|  39|          32|          32|
    |add_ln729_75_fu_4010_p2   |     +    |      0|  0|  32|          32|          32|
    |add_ln729_78_fu_3922_p2   |     +    |      0|  0|  32|          32|          32|
    |add_ln729_79_fu_4015_p2   |     +    |      0|  0|  32|          32|          32|
    |add_ln729_7_fu_3580_p2    |     +    |      0|  0|  32|          32|          32|
    |add_ln729_80_fu_4020_p2   |     +    |      0|  0|  32|          32|          32|
    |add_ln729_81_fu_4026_p2   |     +    |      0|  0|  32|          32|          32|
    |add_ln729_83_fu_4032_p2   |     +    |      0|  0|  32|          32|          32|
    |add_ln729_85_fu_3427_p2   |     +    |      0|  0|  39|          32|          32|
    |add_ln729_86_fu_3474_p2   |     +    |      0|  0|  32|          32|          32|
    |add_ln729_87_fu_4143_p2   |     +    |      0|  0|  32|          32|          32|
    |add_ln729_88_fu_3479_p2   |     +    |      0|  0|  39|          32|          32|
    |add_ln729_8_fu_3506_p2    |     +    |      0|  0|  39|          32|          32|
    |add_ln729_90_fu_3548_p2   |     +    |      0|  0|  32|          32|          32|
    |add_ln729_92_fu_3524_p2   |     +    |      0|  0|  32|          32|          32|
    |add_ln729_93_fu_3530_p2   |     +    |      0|  0|  32|          32|          32|
    |add_ln729_94_fu_3552_p2   |     +    |      0|  0|  32|          32|          32|
    |add_ln729_95_fu_3557_p2   |     +    |      0|  0|  32|          32|          32|
    |add_ln729_96_fu_4147_p2   |     +    |      0|  0|  32|          32|          32|
    |add_ln729_97_fu_4152_p2   |     +    |      0|  0|  32|          32|          32|
    |grp_fu_3016_p2            |     +    |      0|  0|  39|          32|          32|
    |grp_fu_3022_p2            |     +    |      0|  0|  39|          32|          32|
    |grp_fu_3028_p2            |     +    |      0|  0|  39|          32|          32|
    |grp_fu_3034_p2            |     +    |      0|  0|  39|          32|          32|
    |grp_fu_3040_p2            |     +    |      0|  0|  39|          32|          32|
    |grp_fu_3046_p2            |     +    |      0|  0|  39|          32|          32|
    |grp_fu_3052_p2            |     +    |      0|  0|  39|          32|          32|
    |grp_fu_3058_p2            |     +    |      0|  0|  39|          32|          32|
    |grp_fu_3064_p2            |     +    |      0|  0|  39|          32|          32|
    |grp_fu_3070_p2            |     +    |      0|  0|  39|          32|          32|
    |grp_fu_3076_p2            |     +    |      0|  0|  39|          32|          32|
    |grp_fu_3082_p2            |     +    |      0|  0|  39|          32|          32|
    |grp_fu_3088_p2            |     +    |      0|  0|  39|          32|          32|
    |grp_fu_3094_p2            |     +    |      0|  0|  39|          32|          32|
    |grp_fu_3100_p2            |     +    |      0|  0|  39|          32|          32|
    |grp_fu_3106_p2            |     +    |      0|  0|  32|          32|          32|
    |grp_fu_3112_p2            |     +    |      0|  0|  39|          32|          32|
    |grp_fu_3118_p2            |     +    |      0|  0|  39|          32|          32|
    |grp_fu_3257_p2            |     +    |      0|  0|  32|          32|          32|
    |grp_fu_3263_p2            |     +    |      0|  0|  32|          32|          32|
    |grp_fu_3269_p2            |     +    |      0|  0|  32|          32|          32|
    |grp_fu_3275_p2            |     +    |      0|  0|  32|          32|          32|
    |grp_fu_3281_p2            |     +    |      0|  0|  39|          32|          32|
    |grp_fu_3287_p2            |     +    |      0|  0|  32|          32|          32|
    |grp_fu_3293_p2            |     +    |      0|  0|  32|          32|          32|
    |grp_fu_3299_p2            |     +    |      0|  0|  32|          32|          32|
    |grp_fu_3305_p2            |     +    |      0|  0|  32|          32|          32|
    |grp_fu_3311_p2            |     +    |      0|  0|  32|          32|          32|
    |grp_fu_3317_p2            |     +    |      0|  0|  32|          32|          32|
    |grp_fu_3323_p2            |     +    |      0|  0|  32|          32|          32|
    |grp_fu_3329_p2            |     +    |      0|  0|  32|          32|          32|
    |grp_fu_3335_p2            |     +    |      0|  0|  32|          32|          32|
    |grp_fu_3341_p2            |     +    |      0|  0|  32|          32|          32|
    |grp_fu_3347_p2            |     +    |      0|  0|  32|          32|          32|
    |grp_fu_3353_p2            |     +    |      0|  0|  32|          32|          32|
    |grp_fu_3359_p2            |     +    |      0|  0|  32|          32|          32|
    |grp_fu_3365_p2            |     +    |      0|  0|  32|          32|          32|
    |grp_fu_3371_p2            |     +    |      0|  0|  32|          32|          32|
    |grp_fu_3377_p2            |     +    |      0|  0|  32|          32|          32|
    |grp_fu_3383_p2            |     +    |      0|  0|  32|          32|          32|
    |grp_fu_3389_p2            |     +    |      0|  0|  32|          32|          32|
    |grp_fu_3403_p2            |     +    |      0|  0|  32|          32|          32|
    |out_r                     |     +    |      0|  0|  32|          32|          32|
    |ap_block_state1           |    or    |      0|  0|   2|           1|           1|
    |ap_block_state9           |    or    |      0|  0|   2|           1|           1|
    +--------------------------+----------+-------+---+----+------------+------------+
    |Total                     |          |      0|  0|6151|        5890|        5890|
    +--------------------------+----------+-------+---+----+------------+------------+

    * Multiplexer: 
    +------------------------+----+-----------+-----+-----------+
    |          Name          | LUT| Input Size| Bits| Total Bits|
    +------------------------+----+-----------+-----+-----------+
    |ap_NS_fsm               |  65|         16|    1|         16|
    |ap_done                 |   9|          2|    1|          2|
    |reg_3124                |   9|          2|   32|         64|
    |reg_3133                |   9|          2|   32|         64|
    |reg_3138                |   9|          2|   32|         64|
    |reg_3143                |   9|          2|   32|         64|
    |reg_3148                |   9|          2|   32|         64|
    |reg_3165                |   9|          2|   32|         64|
    |reg_3170                |   9|          2|   32|         64|
    |reg_3175                |   9|          2|   32|         64|
    |reg_3180                |   9|          2|   32|         64|
    |sum_array_0_0_address0  |  53|         12|    5|         60|
    |sum_array_0_0_address1  |  50|         11|    5|         55|
    |sum_array_0_1_address0  |  53|         12|    5|         60|
    |sum_array_0_1_address1  |  50|         11|    5|         55|
    |sum_array_1_0_address0  |  53|         12|    5|         60|
    |sum_array_1_0_address1  |  50|         11|    5|         55|
    |sum_array_1_1_address0  |  53|         12|    5|         60|
    |sum_array_1_1_address1  |  50|         11|    5|         55|
    |sum_array_2_0_address0  |  53|         12|    5|         60|
    |sum_array_2_0_address1  |  50|         11|    5|         55|
    |sum_array_2_1_address0  |  53|         12|    5|         60|
    |sum_array_2_1_address1  |  50|         11|    5|         55|
    |sum_array_3_0_address0  |  53|         12|    5|         60|
    |sum_array_3_0_address1  |  50|         11|    5|         55|
    |sum_array_3_1_address0  |  53|         12|    5|         60|
    |sum_array_3_1_address1  |  50|         11|    5|         55|
    |sum_array_4_0_address0  |  53|         12|    5|         60|
    |sum_array_4_0_address1  |  50|         11|    5|         55|
    |sum_array_4_1_address0  |  53|         12|    5|         60|
    |sum_array_4_1_address1  |  50|         11|    5|         55|
    |sum_array_5_0_address0  |  50|         11|    5|         55|
    |sum_array_5_0_address1  |  50|         11|    5|         55|
    |sum_array_5_1_address0  |  50|         11|    5|         55|
    |sum_array_5_1_address1  |  47|         10|    5|         50|
    |x_0_0_blk_n             |   9|          2|    1|          2|
    |x_0_10_blk_n            |   9|          2|    1|          2|
    |x_0_11_blk_n            |   9|          2|    1|          2|
    |x_0_12_blk_n            |   9|          2|    1|          2|
    |x_0_1_blk_n             |   9|          2|    1|          2|
    |x_0_2_blk_n             |   9|          2|    1|          2|
    |x_0_3_blk_n             |   9|          2|    1|          2|
    |x_0_4_blk_n             |   9|          2|    1|          2|
    |x_0_5_blk_n             |   9|          2|    1|          2|
    |x_0_6_blk_n             |   9|          2|    1|          2|
    |x_0_7_blk_n             |   9|          2|    1|          2|
    |x_0_8_blk_n             |   9|          2|    1|          2|
    |x_0_9_blk_n             |   9|          2|    1|          2|
    |x_7_0_blk_n             |   9|          2|    1|          2|
    |x_7_1_blk_n             |   9|          2|    1|          2|
    |x_7_2_blk_n             |   9|          2|    1|          2|
    |y_0_0_blk_n             |   9|          2|    1|          2|
    |y_0_10_blk_n            |   9|          2|    1|          2|
    |y_0_11_blk_n            |   9|          2|    1|          2|
    |y_0_12_blk_n            |   9|          2|    1|          2|
    |y_0_1_blk_n             |   9|          2|    1|          2|
    |y_0_2_blk_n             |   9|          2|    1|          2|
    |y_0_3_blk_n             |   9|          2|    1|          2|
    |y_0_4_blk_n             |   9|          2|    1|          2|
    |y_0_5_blk_n             |   9|          2|    1|          2|
    |y_0_6_blk_n             |   9|          2|    1|          2|
    |y_0_7_blk_n             |   9|          2|    1|          2|
    |y_0_8_blk_n             |   9|          2|    1|          2|
    |y_0_9_blk_n             |   9|          2|    1|          2|
    |y_7_0_blk_n             |   9|          2|    1|          2|
    |y_7_1_blk_n             |   9|          2|    1|          2|
    |y_7_2_blk_n             |   9|          2|    1|          2|
    +------------------------+----+-----------+-----+-----------+
    |Total                   |1670|        373|  442|       2023|
    +------------------------+----+-----------+-----+-----------+

    * Register: 
    +-------------------------------+----+----+-----+-----------+
    |              Name             | FF | LUT| Bits| Const Bits|
    +-------------------------------+----+----+-----+-----------+
    |add_ln729_104_reg_5444         |  32|   0|   32|          0|
    |add_ln729_111_reg_5924         |  32|   0|   32|          0|
    |add_ln729_115_reg_6074         |  32|   0|   32|          0|
    |add_ln729_118_reg_6169         |  32|   0|   32|          0|
    |add_ln729_121_reg_6174         |  32|   0|   32|          0|
    |add_ln729_125_reg_4734         |  32|   0|   32|          0|
    |add_ln729_126_reg_4884         |  32|   0|   32|          0|
    |add_ln729_128_reg_6229         |  32|   0|   32|          0|
    |add_ln729_130_reg_6269         |  32|   0|   32|          0|
    |add_ln729_138_reg_5174         |  32|   0|   32|          0|
    |add_ln729_145_reg_5449         |  32|   0|   32|          0|
    |add_ln729_149_reg_5739         |  32|   0|   32|          0|
    |add_ln729_152_reg_5929         |  32|   0|   32|          0|
    |add_ln729_154_reg_6079         |  32|   0|   32|          0|
    |add_ln729_159_reg_6179         |  32|   0|   32|          0|
    |add_ln729_15_reg_5289          |  32|   0|   32|          0|
    |add_ln729_161_reg_6234         |  32|   0|   32|          0|
    |add_ln729_163_reg_6274         |  32|   0|   32|          0|
    |add_ln729_164_reg_6239         |  32|   0|   32|          0|
    |add_ln729_165_reg_6244         |  32|   0|   32|          0|
    |add_ln729_168_reg_4739         |  32|   0|   32|          0|
    |add_ln729_169_reg_4889         |  32|   0|   32|          0|
    |add_ln729_175_reg_5034         |  32|   0|   32|          0|
    |add_ln729_177_reg_5179         |  32|   0|   32|          0|
    |add_ln729_181_reg_5304         |  32|   0|   32|          0|
    |add_ln729_184_reg_5454         |  32|   0|   32|          0|
    |add_ln729_191_reg_5744         |  32|   0|   32|          0|
    |add_ln729_193_reg_5934         |  32|   0|   32|          0|
    |add_ln729_194_reg_6084         |  32|   0|   32|          0|
    |add_ln729_195_reg_6279         |  32|   0|   32|          0|
    |add_ln729_199_reg_6089         |  32|   0|   32|          0|
    |add_ln729_202_reg_6184         |  32|   0|   32|          0|
    |add_ln729_204_reg_6189         |  32|   0|   32|          0|
    |add_ln729_209_reg_4744         |  32|   0|   32|          0|
    |add_ln729_211_reg_6249         |  32|   0|   32|          0|
    |add_ln729_214_reg_4894         |  32|   0|   32|          0|
    |add_ln729_217_reg_5039         |  32|   0|   32|          0|
    |add_ln729_219_reg_5184         |  32|   0|   32|          0|
    |add_ln729_21_reg_5434          |  32|   0|   32|          0|
    |add_ln729_224_reg_5309         |  32|   0|   32|          0|
    |add_ln729_226_reg_5459         |  32|   0|   32|          0|
    |add_ln729_227_reg_5749         |  32|   0|   32|          0|
    |add_ln729_233_reg_5754         |  32|   0|   32|          0|
    |add_ln729_235_reg_5939         |  32|   0|   32|          0|
    |add_ln729_23_reg_5724          |  32|   0|   32|          0|
    |add_ln729_241_reg_6194         |  32|   0|   32|          0|
    |add_ln729_243_reg_6254         |  32|   0|   32|          0|
    |add_ln729_246_reg_6094         |  32|   0|   32|          0|
    |add_ln729_247_reg_6199         |  32|   0|   32|          0|
    |add_ln729_250_reg_6099         |  32|   0|   32|          0|
    |add_ln729_252_reg_6104         |  32|   0|   32|          0|
    |add_ln729_253_reg_6109         |  32|   0|   32|          0|
    |add_ln729_255_reg_6114         |  32|   0|   32|          0|
    |add_ln729_257_reg_6119         |  32|   0|   32|          0|
    |add_ln729_259_reg_6204         |  32|   0|   32|          0|
    |add_ln729_260_reg_6259         |  32|   0|   32|          0|
    |add_ln729_262_reg_6284         |  32|   0|   32|          0|
    |add_ln729_28_reg_5914          |  32|   0|   32|          0|
    |add_ln729_30_reg_6049          |  32|   0|   32|          0|
    |add_ln729_31_reg_6154          |  32|   0|   32|          0|
    |add_ln729_33_reg_6054          |  32|   0|   32|          0|
    |add_ln729_34_reg_6059          |  32|   0|   32|          0|
    |add_ln729_37_reg_6159          |  32|   0|   32|          0|
    |add_ln729_39_reg_6209          |  32|   0|   32|          0|
    |add_ln729_3_reg_4719           |  32|   0|   32|          0|
    |add_ln729_40_reg_6214          |  32|   0|   32|          0|
    |add_ln729_41_reg_4579          |  32|   0|   32|          0|
    |add_ln729_44_reg_4724          |  32|   0|   32|          0|
    |add_ln729_45_reg_4864          |  32|   0|   32|          0|
    |add_ln729_50_reg_5024          |  32|   0|   32|          0|
    |add_ln729_53_reg_5164          |  32|   0|   32|          0|
    |add_ln729_55_reg_5294          |  32|   0|   32|          0|
    |add_ln729_60_reg_5299          |  32|   0|   32|          0|
    |add_ln729_61_reg_5439          |  32|   0|   32|          0|
    |add_ln729_63_reg_5729          |  32|   0|   32|          0|
    |add_ln729_64_reg_6264          |  32|   0|   32|          0|
    |add_ln729_68_reg_5734          |  32|   0|   32|          0|
    |add_ln729_6_reg_4859           |  32|   0|   32|          0|
    |add_ln729_71_reg_5919          |  32|   0|   32|          0|
    |add_ln729_73_reg_6064          |  32|   0|   32|          0|
    |add_ln729_77_reg_6069          |  32|   0|   32|          0|
    |add_ln729_78_reg_6164          |  32|   0|   32|          0|
    |add_ln729_80_reg_6219          |  32|   0|   32|          0|
    |add_ln729_82_reg_4584          |  32|   0|   32|          0|
    |add_ln729_83_reg_6224          |  32|   0|   32|          0|
    |add_ln729_85_reg_4729          |  32|   0|   32|          0|
    |add_ln729_86_reg_4869          |  32|   0|   32|          0|
    |add_ln729_88_reg_4874          |  32|   0|   32|          0|
    |add_ln729_89_reg_4879          |  32|   0|   32|          0|
    |add_ln729_8_reg_5019           |  32|   0|   32|          0|
    |add_ln729_93_reg_5029          |  32|   0|   32|          0|
    |add_ln729_95_reg_5169          |  32|   0|   32|          0|
    |ap_CS_fsm                      |  15|   0|   15|          0|
    |ap_done_reg                    |   1|   0|    1|          0|
    |reg_3124                       |  32|   0|   32|          0|
    |reg_3129                       |  32|   0|   32|          0|
    |reg_3133                       |  32|   0|   32|          0|
    |reg_3138                       |  32|   0|   32|          0|
    |reg_3143                       |  32|   0|   32|          0|
    |reg_3148                       |  32|   0|   32|          0|
    |reg_3153                       |  32|   0|   32|          0|
    |reg_3157                       |  32|   0|   32|          0|
    |reg_3161                       |  32|   0|   32|          0|
    |reg_3165                       |  32|   0|   32|          0|
    |reg_3170                       |  32|   0|   32|          0|
    |reg_3175                       |  32|   0|   32|          0|
    |reg_3180                       |  32|   0|   32|          0|
    |reg_3185                       |  32|   0|   32|          0|
    |reg_3189                       |  32|   0|   32|          0|
    |reg_3193                       |  32|   0|   32|          0|
    |reg_3197                       |  32|   0|   32|          0|
    |reg_3201                       |  32|   0|   32|          0|
    |reg_3205                       |  32|   0|   32|          0|
    |reg_3209                       |  32|   0|   32|          0|
    |reg_3213                       |  32|   0|   32|          0|
    |reg_3217                       |  32|   0|   32|          0|
    |reg_3221                       |  32|   0|   32|          0|
    |reg_3225                       |  32|   0|   32|          0|
    |reg_3229                       |  32|   0|   32|          0|
    |reg_3233                       |  32|   0|   32|          0|
    |reg_3237                       |  32|   0|   32|          0|
    |reg_3241                       |  32|   0|   32|          0|
    |reg_3245                       |  32|   0|   32|          0|
    |reg_3249                       |  32|   0|   32|          0|
    |reg_3253                       |  32|   0|   32|          0|
    |reg_3395                       |  32|   0|   32|          0|
    |reg_3399                       |  32|   0|   32|          0|
    |sum_array_1_0_load_reg_4609    |  32|   0|   32|          0|
    |sum_array_2_0_load_3_reg_4634  |  32|   0|   32|          0|
    |sum_array_3_0_load_reg_4509    |  32|   0|   32|          0|
    |sum_array_4_0_load_reg_4534    |  32|   0|   32|          0|
    |temp_l83_i10_w1_reg_5899       |  32|   0|   32|          0|
    |temp_l83_i12_w1_reg_5904       |  32|   0|   32|          0|
    |temp_l83_i2_w1_reg_5879        |  32|   0|   32|          0|
    |temp_l83_i3999_w1_reg_5909     |  32|   0|   32|          0|
    |temp_l83_i4_w1_reg_5884        |  32|   0|   32|          0|
    |temp_l83_i6_w1_reg_5889        |  32|   0|   32|          0|
    |temp_l83_i8_w1_reg_5894        |  32|   0|   32|          0|
    |x_0_0_read_reg_5564            |  16|   0|   16|          0|
    |x_0_10_read_reg_5664           |  16|   0|   16|          0|
    |x_0_11_read_reg_5674           |  16|   0|   16|          0|
    |x_0_12_read_reg_5684           |  16|   0|   16|          0|
    |x_0_1_read_reg_5574            |  16|   0|   16|          0|
    |x_0_2_read_reg_5584            |  16|   0|   16|          0|
    |x_0_3_read_reg_5594            |  16|   0|   16|          0|
    |x_0_4_read_reg_5604            |  16|   0|   16|          0|
    |x_0_5_read_reg_5614            |  16|   0|   16|          0|
    |x_0_6_read_reg_5624            |  16|   0|   16|          0|
    |x_0_7_read_reg_5634            |  16|   0|   16|          0|
    |x_0_8_read_reg_5644            |  16|   0|   16|          0|
    |x_0_9_read_reg_5654            |  16|   0|   16|          0|
    |x_7_0_read_reg_5694            |  16|   0|   16|          0|
    |x_7_1_read_reg_5704            |  16|   0|   16|          0|
    |x_7_2_read_reg_5714            |  16|   0|   16|          0|
    |y_0_0_read_reg_5569            |  16|   0|   16|          0|
    |y_0_10_read_reg_5669           |  16|   0|   16|          0|
    |y_0_11_read_reg_5679           |  16|   0|   16|          0|
    |y_0_12_read_reg_5689           |  16|   0|   16|          0|
    |y_0_1_read_reg_5579            |  16|   0|   16|          0|
    |y_0_2_read_reg_5589            |  16|   0|   16|          0|
    |y_0_3_read_reg_5599            |  16|   0|   16|          0|
    |y_0_4_read_reg_5609            |  16|   0|   16|          0|
    |y_0_5_read_reg_5619            |  16|   0|   16|          0|
    |y_0_6_read_reg_5629            |  16|   0|   16|          0|
    |y_0_7_read_reg_5639            |  16|   0|   16|          0|
    |y_0_8_read_reg_5649            |  16|   0|   16|          0|
    |y_0_9_read_reg_5659            |  16|   0|   16|          0|
    |y_7_0_read_reg_5699            |  16|   0|   16|          0|
    |y_7_1_read_reg_5709            |  16|   0|   16|          0|
    |y_7_2_read_reg_5719            |  16|   0|   16|          0|
    +-------------------------------+----+----+-----+-----------+
    |Total                          |4880|   0| 4880|          0|
    +-------------------------------+----+----+-----+-----------+



================================================================
== Interface
================================================================
* Summary: 
+------------------------+-----+-----+------------+---------------+--------------+
|        RTL Ports       | Dir | Bits|  Protocol  | Source Object |    C Type    |
+------------------------+-----+-----+------------+---------------+--------------+
|ap_clk                  |  in |    1| ap_ctrl_hs |    epilogue   | return value |
|ap_rst                  |  in |    1| ap_ctrl_hs |    epilogue   | return value |
|ap_start                |  in |    1| ap_ctrl_hs |    epilogue   | return value |
|ap_done                 | out |    1| ap_ctrl_hs |    epilogue   | return value |
|ap_continue             |  in |    1| ap_ctrl_hs |    epilogue   | return value |
|ap_idle                 | out |    1| ap_ctrl_hs |    epilogue   | return value |
|ap_ready                | out |    1| ap_ctrl_hs |    epilogue   | return value |
|sum_array_3_0_address0  | out |    5|  ap_memory | sum_array_3_0 |     array    |
|sum_array_3_0_ce0       | out |    1|  ap_memory | sum_array_3_0 |     array    |
|sum_array_3_0_q0        |  in |   32|  ap_memory | sum_array_3_0 |     array    |
|sum_array_3_0_address1  | out |    5|  ap_memory | sum_array_3_0 |     array    |
|sum_array_3_0_ce1       | out |    1|  ap_memory | sum_array_3_0 |     array    |
|sum_array_3_0_q1        |  in |   32|  ap_memory | sum_array_3_0 |     array    |
|sum_array_3_1_address0  | out |    5|  ap_memory | sum_array_3_1 |     array    |
|sum_array_3_1_ce0       | out |    1|  ap_memory | sum_array_3_1 |     array    |
|sum_array_3_1_q0        |  in |   32|  ap_memory | sum_array_3_1 |     array    |
|sum_array_3_1_address1  | out |    5|  ap_memory | sum_array_3_1 |     array    |
|sum_array_3_1_ce1       | out |    1|  ap_memory | sum_array_3_1 |     array    |
|sum_array_3_1_q1        |  in |   32|  ap_memory | sum_array_3_1 |     array    |
|y_7_0_dout              |  in |   16|   ap_fifo  |     y_7_0     |    pointer   |
|y_7_0_empty_n           |  in |    1|   ap_fifo  |     y_7_0     |    pointer   |
|y_7_0_read              | out |    1|   ap_fifo  |     y_7_0     |    pointer   |
|y_7_1_dout              |  in |   16|   ap_fifo  |     y_7_1     |    pointer   |
|y_7_1_empty_n           |  in |    1|   ap_fifo  |     y_7_1     |    pointer   |
|y_7_1_read              | out |    1|   ap_fifo  |     y_7_1     |    pointer   |
|y_7_2_dout              |  in |   16|   ap_fifo  |     y_7_2     |    pointer   |
|y_7_2_empty_n           |  in |    1|   ap_fifo  |     y_7_2     |    pointer   |
|y_7_2_read              | out |    1|   ap_fifo  |     y_7_2     |    pointer   |
|sum_array_2_0_address0  | out |    5|  ap_memory | sum_array_2_0 |     array    |
|sum_array_2_0_ce0       | out |    1|  ap_memory | sum_array_2_0 |     array    |
|sum_array_2_0_q0        |  in |   32|  ap_memory | sum_array_2_0 |     array    |
|sum_array_2_0_address1  | out |    5|  ap_memory | sum_array_2_0 |     array    |
|sum_array_2_0_ce1       | out |    1|  ap_memory | sum_array_2_0 |     array    |
|sum_array_2_0_q1        |  in |   32|  ap_memory | sum_array_2_0 |     array    |
|sum_array_2_1_address0  | out |    5|  ap_memory | sum_array_2_1 |     array    |
|sum_array_2_1_ce0       | out |    1|  ap_memory | sum_array_2_1 |     array    |
|sum_array_2_1_q0        |  in |   32|  ap_memory | sum_array_2_1 |     array    |
|sum_array_2_1_address1  | out |    5|  ap_memory | sum_array_2_1 |     array    |
|sum_array_2_1_ce1       | out |    1|  ap_memory | sum_array_2_1 |     array    |
|sum_array_2_1_q1        |  in |   32|  ap_memory | sum_array_2_1 |     array    |
|x_7_0_dout              |  in |   16|   ap_fifo  |     x_7_0     |    pointer   |
|x_7_0_empty_n           |  in |    1|   ap_fifo  |     x_7_0     |    pointer   |
|x_7_0_read              | out |    1|   ap_fifo  |     x_7_0     |    pointer   |
|x_7_1_dout              |  in |   16|   ap_fifo  |     x_7_1     |    pointer   |
|x_7_1_empty_n           |  in |    1|   ap_fifo  |     x_7_1     |    pointer   |
|x_7_1_read              | out |    1|   ap_fifo  |     x_7_1     |    pointer   |
|x_7_2_dout              |  in |   16|   ap_fifo  |     x_7_2     |    pointer   |
|x_7_2_empty_n           |  in |    1|   ap_fifo  |     x_7_2     |    pointer   |
|x_7_2_read              | out |    1|   ap_fifo  |     x_7_2     |    pointer   |
|sum_array_5_0_address0  | out |    5|  ap_memory | sum_array_5_0 |     array    |
|sum_array_5_0_ce0       | out |    1|  ap_memory | sum_array_5_0 |     array    |
|sum_array_5_0_q0        |  in |   32|  ap_memory | sum_array_5_0 |     array    |
|sum_array_5_0_address1  | out |    5|  ap_memory | sum_array_5_0 |     array    |
|sum_array_5_0_ce1       | out |    1|  ap_memory | sum_array_5_0 |     array    |
|sum_array_5_0_q1        |  in |   32|  ap_memory | sum_array_5_0 |     array    |
|sum_array_5_1_address0  | out |    5|  ap_memory | sum_array_5_1 |     array    |
|sum_array_5_1_ce0       | out |    1|  ap_memory | sum_array_5_1 |     array    |
|sum_array_5_1_q0        |  in |   32|  ap_memory | sum_array_5_1 |     array    |
|sum_array_5_1_address1  | out |    5|  ap_memory | sum_array_5_1 |     array    |
|sum_array_5_1_ce1       | out |    1|  ap_memory | sum_array_5_1 |     array    |
|sum_array_5_1_q1        |  in |   32|  ap_memory | sum_array_5_1 |     array    |
|sum_array_4_0_address0  | out |    5|  ap_memory | sum_array_4_0 |     array    |
|sum_array_4_0_ce0       | out |    1|  ap_memory | sum_array_4_0 |     array    |
|sum_array_4_0_q0        |  in |   32|  ap_memory | sum_array_4_0 |     array    |
|sum_array_4_0_address1  | out |    5|  ap_memory | sum_array_4_0 |     array    |
|sum_array_4_0_ce1       | out |    1|  ap_memory | sum_array_4_0 |     array    |
|sum_array_4_0_q1        |  in |   32|  ap_memory | sum_array_4_0 |     array    |
|sum_array_4_1_address0  | out |    5|  ap_memory | sum_array_4_1 |     array    |
|sum_array_4_1_ce0       | out |    1|  ap_memory | sum_array_4_1 |     array    |
|sum_array_4_1_q0        |  in |   32|  ap_memory | sum_array_4_1 |     array    |
|sum_array_4_1_address1  | out |    5|  ap_memory | sum_array_4_1 |     array    |
|sum_array_4_1_ce1       | out |    1|  ap_memory | sum_array_4_1 |     array    |
|sum_array_4_1_q1        |  in |   32|  ap_memory | sum_array_4_1 |     array    |
|x_0_0_dout              |  in |   16|   ap_fifo  |     x_0_0     |    pointer   |
|x_0_0_empty_n           |  in |    1|   ap_fifo  |     x_0_0     |    pointer   |
|x_0_0_read              | out |    1|   ap_fifo  |     x_0_0     |    pointer   |
|x_0_1_dout              |  in |   16|   ap_fifo  |     x_0_1     |    pointer   |
|x_0_1_empty_n           |  in |    1|   ap_fifo  |     x_0_1     |    pointer   |
|x_0_1_read              | out |    1|   ap_fifo  |     x_0_1     |    pointer   |
|x_0_2_dout              |  in |   16|   ap_fifo  |     x_0_2     |    pointer   |
|x_0_2_empty_n           |  in |    1|   ap_fifo  |     x_0_2     |    pointer   |
|x_0_2_read              | out |    1|   ap_fifo  |     x_0_2     |    pointer   |
|x_0_3_dout              |  in |   16|   ap_fifo  |     x_0_3     |    pointer   |
|x_0_3_empty_n           |  in |    1|   ap_fifo  |     x_0_3     |    pointer   |
|x_0_3_read              | out |    1|   ap_fifo  |     x_0_3     |    pointer   |
|x_0_4_dout              |  in |   16|   ap_fifo  |     x_0_4     |    pointer   |
|x_0_4_empty_n           |  in |    1|   ap_fifo  |     x_0_4     |    pointer   |
|x_0_4_read              | out |    1|   ap_fifo  |     x_0_4     |    pointer   |
|x_0_5_dout              |  in |   16|   ap_fifo  |     x_0_5     |    pointer   |
|x_0_5_empty_n           |  in |    1|   ap_fifo  |     x_0_5     |    pointer   |
|x_0_5_read              | out |    1|   ap_fifo  |     x_0_5     |    pointer   |
|x_0_6_dout              |  in |   16|   ap_fifo  |     x_0_6     |    pointer   |
|x_0_6_empty_n           |  in |    1|   ap_fifo  |     x_0_6     |    pointer   |
|x_0_6_read              | out |    1|   ap_fifo  |     x_0_6     |    pointer   |
|x_0_7_dout              |  in |   16|   ap_fifo  |     x_0_7     |    pointer   |
|x_0_7_empty_n           |  in |    1|   ap_fifo  |     x_0_7     |    pointer   |
|x_0_7_read              | out |    1|   ap_fifo  |     x_0_7     |    pointer   |
|x_0_8_dout              |  in |   16|   ap_fifo  |     x_0_8     |    pointer   |
|x_0_8_empty_n           |  in |    1|   ap_fifo  |     x_0_8     |    pointer   |
|x_0_8_read              | out |    1|   ap_fifo  |     x_0_8     |    pointer   |
|x_0_9_dout              |  in |   16|   ap_fifo  |     x_0_9     |    pointer   |
|x_0_9_empty_n           |  in |    1|   ap_fifo  |     x_0_9     |    pointer   |
|x_0_9_read              | out |    1|   ap_fifo  |     x_0_9     |    pointer   |
|x_0_10_dout             |  in |   16|   ap_fifo  |     x_0_10    |    pointer   |
|x_0_10_empty_n          |  in |    1|   ap_fifo  |     x_0_10    |    pointer   |
|x_0_10_read             | out |    1|   ap_fifo  |     x_0_10    |    pointer   |
|x_0_11_dout             |  in |   16|   ap_fifo  |     x_0_11    |    pointer   |
|x_0_11_empty_n          |  in |    1|   ap_fifo  |     x_0_11    |    pointer   |
|x_0_11_read             | out |    1|   ap_fifo  |     x_0_11    |    pointer   |
|x_0_12_dout             |  in |   16|   ap_fifo  |     x_0_12    |    pointer   |
|x_0_12_empty_n          |  in |    1|   ap_fifo  |     x_0_12    |    pointer   |
|x_0_12_read             | out |    1|   ap_fifo  |     x_0_12    |    pointer   |
|y_0_0_dout              |  in |   16|   ap_fifo  |     y_0_0     |    pointer   |
|y_0_0_empty_n           |  in |    1|   ap_fifo  |     y_0_0     |    pointer   |
|y_0_0_read              | out |    1|   ap_fifo  |     y_0_0     |    pointer   |
|y_0_1_dout              |  in |   16|   ap_fifo  |     y_0_1     |    pointer   |
|y_0_1_empty_n           |  in |    1|   ap_fifo  |     y_0_1     |    pointer   |
|y_0_1_read              | out |    1|   ap_fifo  |     y_0_1     |    pointer   |
|y_0_2_dout              |  in |   16|   ap_fifo  |     y_0_2     |    pointer   |
|y_0_2_empty_n           |  in |    1|   ap_fifo  |     y_0_2     |    pointer   |
|y_0_2_read              | out |    1|   ap_fifo  |     y_0_2     |    pointer   |
|y_0_3_dout              |  in |   16|   ap_fifo  |     y_0_3     |    pointer   |
|y_0_3_empty_n           |  in |    1|   ap_fifo  |     y_0_3     |    pointer   |
|y_0_3_read              | out |    1|   ap_fifo  |     y_0_3     |    pointer   |
|y_0_4_dout              |  in |   16|   ap_fifo  |     y_0_4     |    pointer   |
|y_0_4_empty_n           |  in |    1|   ap_fifo  |     y_0_4     |    pointer   |
|y_0_4_read              | out |    1|   ap_fifo  |     y_0_4     |    pointer   |
|y_0_5_dout              |  in |   16|   ap_fifo  |     y_0_5     |    pointer   |
|y_0_5_empty_n           |  in |    1|   ap_fifo  |     y_0_5     |    pointer   |
|y_0_5_read              | out |    1|   ap_fifo  |     y_0_5     |    pointer   |
|y_0_6_dout              |  in |   16|   ap_fifo  |     y_0_6     |    pointer   |
|y_0_6_empty_n           |  in |    1|   ap_fifo  |     y_0_6     |    pointer   |
|y_0_6_read              | out |    1|   ap_fifo  |     y_0_6     |    pointer   |
|y_0_7_dout              |  in |   16|   ap_fifo  |     y_0_7     |    pointer   |
|y_0_7_empty_n           |  in |    1|   ap_fifo  |     y_0_7     |    pointer   |
|y_0_7_read              | out |    1|   ap_fifo  |     y_0_7     |    pointer   |
|y_0_8_dout              |  in |   16|   ap_fifo  |     y_0_8     |    pointer   |
|y_0_8_empty_n           |  in |    1|   ap_fifo  |     y_0_8     |    pointer   |
|y_0_8_read              | out |    1|   ap_fifo  |     y_0_8     |    pointer   |
|y_0_9_dout              |  in |   16|   ap_fifo  |     y_0_9     |    pointer   |
|y_0_9_empty_n           |  in |    1|   ap_fifo  |     y_0_9     |    pointer   |
|y_0_9_read              | out |    1|   ap_fifo  |     y_0_9     |    pointer   |
|y_0_10_dout             |  in |   16|   ap_fifo  |     y_0_10    |    pointer   |
|y_0_10_empty_n          |  in |    1|   ap_fifo  |     y_0_10    |    pointer   |
|y_0_10_read             | out |    1|   ap_fifo  |     y_0_10    |    pointer   |
|y_0_11_dout             |  in |   16|   ap_fifo  |     y_0_11    |    pointer   |
|y_0_11_empty_n          |  in |    1|   ap_fifo  |     y_0_11    |    pointer   |
|y_0_11_read             | out |    1|   ap_fifo  |     y_0_11    |    pointer   |
|y_0_12_dout             |  in |   16|   ap_fifo  |     y_0_12    |    pointer   |
|y_0_12_empty_n          |  in |    1|   ap_fifo  |     y_0_12    |    pointer   |
|y_0_12_read             | out |    1|   ap_fifo  |     y_0_12    |    pointer   |
|sum_array_1_0_address0  | out |    5|  ap_memory | sum_array_1_0 |     array    |
|sum_array_1_0_ce0       | out |    1|  ap_memory | sum_array_1_0 |     array    |
|sum_array_1_0_q0        |  in |   32|  ap_memory | sum_array_1_0 |     array    |
|sum_array_1_0_address1  | out |    5|  ap_memory | sum_array_1_0 |     array    |
|sum_array_1_0_ce1       | out |    1|  ap_memory | sum_array_1_0 |     array    |
|sum_array_1_0_q1        |  in |   32|  ap_memory | sum_array_1_0 |     array    |
|sum_array_1_1_address0  | out |    5|  ap_memory | sum_array_1_1 |     array    |
|sum_array_1_1_ce0       | out |    1|  ap_memory | sum_array_1_1 |     array    |
|sum_array_1_1_q0        |  in |   32|  ap_memory | sum_array_1_1 |     array    |
|sum_array_1_1_address1  | out |    5|  ap_memory | sum_array_1_1 |     array    |
|sum_array_1_1_ce1       | out |    1|  ap_memory | sum_array_1_1 |     array    |
|sum_array_1_1_q1        |  in |   32|  ap_memory | sum_array_1_1 |     array    |
|sum_array_0_0_address0  | out |    5|  ap_memory | sum_array_0_0 |     array    |
|sum_array_0_0_ce0       | out |    1|  ap_memory | sum_array_0_0 |     array    |
|sum_array_0_0_q0        |  in |   32|  ap_memory | sum_array_0_0 |     array    |
|sum_array_0_0_address1  | out |    5|  ap_memory | sum_array_0_0 |     array    |
|sum_array_0_0_ce1       | out |    1|  ap_memory | sum_array_0_0 |     array    |
|sum_array_0_0_q1        |  in |   32|  ap_memory | sum_array_0_0 |     array    |
|sum_array_0_1_address0  | out |    5|  ap_memory | sum_array_0_1 |     array    |
|sum_array_0_1_ce0       | out |    1|  ap_memory | sum_array_0_1 |     array    |
|sum_array_0_1_q0        |  in |   32|  ap_memory | sum_array_0_1 |     array    |
|sum_array_0_1_address1  | out |    5|  ap_memory | sum_array_0_1 |     array    |
|sum_array_0_1_ce1       | out |    1|  ap_memory | sum_array_0_1 |     array    |
|sum_array_0_1_q1        |  in |   32|  ap_memory | sum_array_0_1 |     array    |
|out_r                   | out |   32|   ap_vld   |     out_r     |    pointer   |
|out_r_ap_vld            | out |    1|   ap_vld   |     out_r     |    pointer   |
+------------------------+-----+-----+------------+---------------+--------------+

