

================================================================
== Vivado HLS Report for 'parallel_024'
================================================================
* Date:           Mon Sep 21 15:04:22 2020

* Version:        2019.2 (Build 2704478 on Wed Nov 06 22:10:23 MST 2019)
* Project:        knn
* Solution:       solution1
* Product family: zynq
* Target device:  xc7z020-clg484-1


================================================================
== Performance Estimates
================================================================
+ Timing: 
    * Summary: 
    +--------+----------+----------+------------+
    |  Clock |  Target  | Estimated| Uncertainty|
    +--------+----------+----------+------------+
    |ap_clk  | 10.00 ns | 7.256 ns |   1.25 ns  |
    +--------+----------+----------+------------+

+ Latency: 
    * Summary: 
    +---------+---------+-----------+-----------+------+------+---------+
    |  Latency (cycles) |   Latency (absolute)  |   Interval  | Pipeline|
    |   min   |   max   |    min    |    max    |  min |  max |   Type  |
    +---------+---------+-----------+-----------+------+------+---------+
    |     2157|     2157| 21.570 us | 21.570 us |  2157|  2157|   none  |
    +---------+---------+-----------+-----------+------+------+---------+

    + Detail: 
        * Instance: 
        N/A

        * Loop: 
        +----------+---------+---------+----------+-----------+-----------+------+----------+
        |          |  Latency (cycles) | Iteration|  Initiation Interval  | Trip |          |
        | Loop Name|   min   |   max   |  Latency |  achieved |   target  | Count| Pipelined|
        +----------+---------+---------+----------+-----------+-----------+------+----------+
        |- Loop 1  |     2155|     2155|       164|          8|          1|   250|    yes   |
        +----------+---------+---------+----------+-----------+-----------+------+----------+



================================================================
== Utilization Estimates
================================================================
* Summary: 
+-----------------+---------+-------+--------+-------+-----+
|       Name      | BRAM_18K| DSP48E|   FF   |  LUT  | URAM|
+-----------------+---------+-------+--------+-------+-----+
|DSP              |        -|      -|       -|      -|    -|
|Expression       |        -|      -|       0|    210|    -|
|FIFO             |        -|      -|       -|      -|    -|
|Instance         |        -|     28|    2212|   4404|    -|
|Memory           |        -|      -|       -|      -|    -|
|Multiplexer      |        -|      -|       -|   1548|    -|
|Register         |        0|      -|    6473|    896|    -|
+-----------------+---------+-------+--------+-------+-----+
|Total            |        0|     28|    8685|   7058|    0|
+-----------------+---------+-------+--------+-------+-----+
|Available        |      280|    220|  106400|  53200|    0|
+-----------------+---------+-------+--------+-------+-----+
|Utilization (%)  |        0|     12|       8|     13|    0|
+-----------------+---------+-------+--------+-------+-----+

+ Detail: 
    * Instance: 
    +---------------------------+----------------------+---------+-------+-----+-----+-----+
    |          Instance         |        Module        | BRAM_18K| DSP48E|  FF | LUT | URAM|
    +---------------------------+----------------------+---------+-------+-----+-----+-----+
    |knnFloatNoSqrt100bkb_U211  |knnFloatNoSqrt100bkb  |        0|      2|  205|  390|    0|
    |knnFloatNoSqrt100bkb_U212  |knnFloatNoSqrt100bkb  |        0|      2|  205|  390|    0|
    |knnFloatNoSqrt100bkb_U213  |knnFloatNoSqrt100bkb  |        0|      2|  205|  390|    0|
    |knnFloatNoSqrt100bkb_U214  |knnFloatNoSqrt100bkb  |        0|      2|  205|  390|    0|
    |knnFloatNoSqrt100cud_U215  |knnFloatNoSqrt100cud  |        0|      2|  205|  390|    0|
    |knnFloatNoSqrt100cud_U216  |knnFloatNoSqrt100cud  |        0|      2|  205|  390|    0|
    |knnFloatNoSqrt100cud_U217  |knnFloatNoSqrt100cud  |        0|      2|  205|  390|    0|
    |knnFloatNoSqrt100cud_U218  |knnFloatNoSqrt100cud  |        0|      2|  205|  390|    0|
    |knnFloatNoSqrt100dEe_U219  |knnFloatNoSqrt100dEe  |        0|      3|  143|  321|    0|
    |knnFloatNoSqrt100dEe_U220  |knnFloatNoSqrt100dEe  |        0|      3|  143|  321|    0|
    |knnFloatNoSqrt100dEe_U221  |knnFloatNoSqrt100dEe  |        0|      3|  143|  321|    0|
    |knnFloatNoSqrt100dEe_U222  |knnFloatNoSqrt100dEe  |        0|      3|  143|  321|    0|
    +---------------------------+----------------------+---------+-------+-----+-----+-----+
    |Total                      |                      |        0|     28| 2212| 4404|    0|
    +---------------------------+----------------------+---------+-------+-----+-----+-----+

    * DSP48E: 
    N/A

    * Memory: 
    N/A

    * FIFO: 
    N/A

    * Expression: 
    +----------------------+----------+-------+---+----+------------+------------+
    |     Variable Name    | Operation| DSP48E| FF| LUT| Bitwidth P0| Bitwidth P1|
    +----------------------+----------+-------+---+----+------------+------------+
    |i_fu_1132_p2          |     +    |      0|  0|  15|           8|           1|
    |icmp_ln79_fu_1126_p2  |   icmp   |      0|  0|  11|           8|           4|
    |ap_block_state1       |    or    |      0|  0|   2|           1|           1|
    |or_ln101_fu_1273_p2   |    or    |      0|  0|  12|          12|           4|
    |or_ln103_fu_1288_p2   |    or    |      0|  0|  12|          12|           4|
    |or_ln105_fu_1303_p2   |    or    |      0|  0|  12|          12|           4|
    |or_ln107_fu_1318_p2   |    or    |      0|  0|  12|          12|           4|
    |or_ln109_fu_1333_p2   |    or    |      0|  0|  12|          12|           4|
    |or_ln111_fu_1347_p2   |    or    |      0|  0|  12|          12|           4|
    |or_ln113_fu_1361_p2   |    or    |      0|  0|  12|          12|           4|
    |or_ln85_fu_1152_p2    |    or    |      0|  0|  12|          12|           1|
    |or_ln87_fu_1168_p2    |    or    |      0|  0|  12|          12|           2|
    |or_ln89_fu_1183_p2    |    or    |      0|  0|  12|          12|           2|
    |or_ln91_fu_1198_p2    |    or    |      0|  0|  12|          12|           3|
    |or_ln93_fu_1213_p2    |    or    |      0|  0|  12|          12|           3|
    |or_ln95_fu_1228_p2    |    or    |      0|  0|  12|          12|           3|
    |or_ln97_fu_1243_p2    |    or    |      0|  0|  12|          12|           3|
    |or_ln99_fu_1258_p2    |    or    |      0|  0|  12|          12|           4|
    |ap_enable_pp0         |    xor   |      0|  0|   2|           1|           2|
    +----------------------+----------+-------+---+----+------------+------------+
    |Total                 |          |      0|  0| 210|         198|          57|
    +----------------------+----------+-------+---+----+------------+------------+

    * Multiplexer: 
    +--------------------------------+----+-----------+-----+-----------+
    |              Name              | LUT| Input Size| Bits| Total Bits|
    +--------------------------------+----+-----------+-----+-----------+
    |ap_NS_fsm                       |  50|         11|    1|         11|
    |ap_done                         |   9|          2|    1|          2|
    |ap_enable_reg_pp0_iter20        |   9|          2|    1|          2|
    |ap_phi_mux_i_0_i_phi_fu_953_p4  |   9|          2|    8|         16|
    |grp_fu_1002_p0                  |  38|          7|   32|        224|
    |grp_fu_1002_p1                  |  38|          7|   32|        224|
    |grp_fu_1006_p0                  |  33|          6|   32|        192|
    |grp_fu_1006_p1                  |  33|          6|   32|        192|
    |grp_fu_961_p0                   |  44|          9|   32|        288|
    |grp_fu_961_p1                   |  44|          9|   32|        288|
    |grp_fu_965_p0                   |  44|          9|   32|        288|
    |grp_fu_965_p1                   |  44|          9|   32|        288|
    |grp_fu_969_p0                   |  44|          9|   32|        288|
    |grp_fu_969_p1                   |  44|          9|   32|        288|
    |grp_fu_973_p0                   |  44|          9|   32|        288|
    |grp_fu_973_p1                   |  44|          9|   32|        288|
    |grp_fu_977_p0                   |  44|          9|   32|        288|
    |grp_fu_977_p1                   |  44|          9|   32|        288|
    |grp_fu_982_p0                   |  44|          9|   32|        288|
    |grp_fu_982_p1                   |  44|          9|   32|        288|
    |grp_fu_986_p0                   |  44|          9|   32|        288|
    |grp_fu_986_p1                   |  44|          9|   32|        288|
    |grp_fu_990_p0                   |  44|          9|   32|        288|
    |grp_fu_990_p1                   |  44|          9|   32|        288|
    |grp_fu_994_p0                   |  38|          7|   32|        224|
    |grp_fu_994_p1                   |  38|          7|   32|        224|
    |grp_fu_998_p0                   |  38|          7|   32|        224|
    |grp_fu_998_p1                   |  38|          7|   32|        224|
    |i_0_i_reg_949                   |   9|          2|    8|         16|
    |knownFeatures1_address0         |  44|          9|   12|        108|
    |knownFeatures1_address1         |  44|          9|   12|        108|
    |knownFeatures_address0          |  44|          9|   12|        108|
    |knownFeatures_address1          |  44|          9|   12|        108|
    |xFeatures10_blk_n               |   9|          2|    1|          2|
    |xFeatures11_blk_n               |   9|          2|    1|          2|
    |xFeatures12_blk_n               |   9|          2|    1|          2|
    |xFeatures13_blk_n               |   9|          2|    1|          2|
    |xFeatures14_blk_n               |   9|          2|    1|          2|
    |xFeatures15_blk_n               |   9|          2|    1|          2|
    |xFeatures16_blk_n               |   9|          2|    1|          2|
    |xFeatures17_blk_n               |   9|          2|    1|          2|
    |xFeatures18_blk_n               |   9|          2|    1|          2|
    |xFeatures19_blk_n               |   9|          2|    1|          2|
    |xFeatures20_blk_n               |   9|          2|    1|          2|
    |xFeatures21_blk_n               |   9|          2|    1|          2|
    |xFeatures22_blk_n               |   9|          2|    1|          2|
    |xFeatures23_blk_n               |   9|          2|    1|          2|
    |xFeatures24_blk_n               |   9|          2|    1|          2|
    |xFeatures25_blk_n               |   9|          2|    1|          2|
    |xFeatures26_blk_n               |   9|          2|    1|          2|
    |xFeatures27_blk_n               |   9|          2|    1|          2|
    |xFeatures28_blk_n               |   9|          2|    1|          2|
    |xFeatures29_blk_n               |   9|          2|    1|          2|
    |xFeatures2_blk_n                |   9|          2|    1|          2|
    |xFeatures30_blk_n               |   9|          2|    1|          2|
    |xFeatures31_blk_n               |   9|          2|    1|          2|
    |xFeatures32_blk_n               |   9|          2|    1|          2|
    |xFeatures3_blk_n                |   9|          2|    1|          2|
    |xFeatures4_blk_n                |   9|          2|    1|          2|
    |xFeatures5_blk_n                |   9|          2|    1|          2|
    |xFeatures6_blk_n                |   9|          2|    1|          2|
    |xFeatures7_blk_n                |   9|          2|    1|          2|
    |xFeatures8_blk_n                |   9|          2|    1|          2|
    |xFeatures9_blk_n                |   9|          2|    1|          2|
    |xFeatures_blk_n                 |   9|          2|    1|          2|
    +--------------------------------+----+-----------+-----+-----------+
    |Total                           |1548|        317|  867|       6879|
    +--------------------------------+----+-----------+-----+-----------+

    * Register: 
    +---------------------------------+----+----+-----+-----------+
    |               Name              | FF | LUT| Bits| Const Bits|
    +---------------------------------+----+----+-----+-----------+
    |ap_CS_fsm                        |  10|   0|   10|          0|
    |ap_done_reg                      |   1|   0|    1|          0|
    |ap_enable_reg_pp0_iter0          |   1|   0|    1|          0|
    |ap_enable_reg_pp0_iter1          |   1|   0|    1|          0|
    |ap_enable_reg_pp0_iter10         |   1|   0|    1|          0|
    |ap_enable_reg_pp0_iter11         |   1|   0|    1|          0|
    |ap_enable_reg_pp0_iter12         |   1|   0|    1|          0|
    |ap_enable_reg_pp0_iter13         |   1|   0|    1|          0|
    |ap_enable_reg_pp0_iter14         |   1|   0|    1|          0|
    |ap_enable_reg_pp0_iter15         |   1|   0|    1|          0|
    |ap_enable_reg_pp0_iter16         |   1|   0|    1|          0|
    |ap_enable_reg_pp0_iter17         |   1|   0|    1|          0|
    |ap_enable_reg_pp0_iter18         |   1|   0|    1|          0|
    |ap_enable_reg_pp0_iter19         |   1|   0|    1|          0|
    |ap_enable_reg_pp0_iter2          |   1|   0|    1|          0|
    |ap_enable_reg_pp0_iter20         |   1|   0|    1|          0|
    |ap_enable_reg_pp0_iter3          |   1|   0|    1|          0|
    |ap_enable_reg_pp0_iter4          |   1|   0|    1|          0|
    |ap_enable_reg_pp0_iter5          |   1|   0|    1|          0|
    |ap_enable_reg_pp0_iter6          |   1|   0|    1|          0|
    |ap_enable_reg_pp0_iter7          |   1|   0|    1|          0|
    |ap_enable_reg_pp0_iter8          |   1|   0|    1|          0|
    |ap_enable_reg_pp0_iter9          |   1|   0|    1|          0|
    |distance_w10_reg_2178            |  32|   0|   32|          0|
    |distance_w11_reg_2173            |  32|   0|   32|          0|
    |distance_w12_reg_2143            |  32|   0|   32|          0|
    |distance_w13_reg_2138            |  32|   0|   32|          0|
    |distance_w14_reg_2133            |  32|   0|   32|          0|
    |distance_w15_reg_2118            |  32|   0|   32|          0|
    |distance_w16_reg_2113            |  32|   0|   32|          0|
    |distance_w18_reg_2108            |  32|   0|   32|          0|
    |distance_w19_reg_2103            |  32|   0|   32|          0|
    |distance_w1_reg_2188             |  32|   0|   32|          0|
    |distance_w20_reg_2158            |  32|   0|   32|          0|
    |distance_w21_reg_2098            |  32|   0|   32|          0|
    |distance_w22_reg_2093            |  32|   0|   32|          0|
    |distance_w23_reg_2078            |  32|   0|   32|          0|
    |distance_w24_reg_2063            |  32|   0|   32|          0|
    |distance_w25_reg_2203            |  32|   0|   32|          0|
    |distance_w26_reg_1998            |  32|   0|   32|          0|
    |distance_w27_reg_2128            |  32|   0|   32|          0|
    |distance_w28_reg_2123            |  32|   0|   32|          0|
    |distance_w29_reg_2088            |  32|   0|   32|          0|
    |distance_w2_reg_2183             |  32|   0|   32|          0|
    |distance_w30_reg_2198            |  32|   0|   32|          0|
    |distance_w31_reg_2073            |  32|   0|   32|          0|
    |distance_w3_reg_2083             |  32|   0|   32|          0|
    |distance_w4_reg_2068             |  32|   0|   32|          0|
    |distance_w5_reg_2193             |  32|   0|   32|          0|
    |distance_w6_reg_2168             |  32|   0|   32|          0|
    |distance_w7_reg_2163             |  32|   0|   32|          0|
    |distance_w8_reg_2153             |  32|   0|   32|          0|
    |distance_w9_reg_2148             |  32|   0|   32|          0|
    |i_0_i_reg_949                    |   8|   0|    8|          0|
    |i_reg_1545                       |   8|   0|    8|          0|
    |icmp_ln79_reg_1541               |   1|   0|    1|          0|
    |knownFeatures1_load_16_reg_1623  |  32|   0|   32|          0|
    |knownFeatures1_load_17_reg_1653  |  32|   0|   32|          0|
    |knownFeatures1_load_18_reg_1663  |  32|   0|   32|          0|
    |knownFeatures1_load_19_reg_1693  |  32|   0|   32|          0|
    |knownFeatures1_load_20_reg_1703  |  32|   0|   32|          0|
    |knownFeatures1_load_21_reg_1733  |  32|   0|   32|          0|
    |knownFeatures1_load_22_reg_1743  |  32|   0|   32|          0|
    |knownFeatures1_load_23_reg_1773  |  32|   0|   32|          0|
    |knownFeatures1_load_24_reg_1783  |  32|   0|   32|          0|
    |knownFeatures1_load_25_reg_1823  |  32|   0|   32|          0|
    |knownFeatures1_load_26_reg_1833  |  32|   0|   32|          0|
    |knownFeatures1_load_27_reg_1863  |  32|   0|   32|          0|
    |knownFeatures1_load_28_reg_1868  |  32|   0|   32|          0|
    |knownFeatures1_load_29_reg_1883  |  32|   0|   32|          0|
    |knownFeatures1_load_30_reg_1893  |  32|   0|   32|          0|
    |knownFeatures1_load_reg_1613     |  32|   0|   32|          0|
    |knownFeatures_load_16_reg_1618   |  32|   0|   32|          0|
    |knownFeatures_load_17_reg_1648   |  32|   0|   32|          0|
    |knownFeatures_load_18_reg_1658   |  32|   0|   32|          0|
    |knownFeatures_load_19_reg_1688   |  32|   0|   32|          0|
    |knownFeatures_load_20_reg_1698   |  32|   0|   32|          0|
    |knownFeatures_load_21_reg_1728   |  32|   0|   32|          0|
    |knownFeatures_load_22_reg_1738   |  32|   0|   32|          0|
    |knownFeatures_load_23_reg_1768   |  32|   0|   32|          0|
    |knownFeatures_load_24_reg_1778   |  32|   0|   32|          0|
    |knownFeatures_load_25_reg_1818   |  32|   0|   32|          0|
    |knownFeatures_load_26_reg_1828   |  32|   0|   32|          0|
    |knownFeatures_load_27_reg_1858   |  32|   0|   32|          0|
    |knownFeatures_load_28_reg_1878   |  32|   0|   32|          0|
    |knownFeatures_load_29_reg_1873   |  32|   0|   32|          0|
    |knownFeatures_load_30_reg_1888   |  32|   0|   32|          0|
    |knownFeatures_load_reg_1608      |  32|   0|   32|          0|
    |reg_1010                         |  32|   0|   32|          0|
    |reg_1016                         |  32|   0|   32|          0|
    |reg_1022                         |  32|   0|   32|          0|
    |reg_1028                         |  32|   0|   32|          0|
    |reg_1034                         |  32|   0|   32|          0|
    |reg_1040                         |  32|   0|   32|          0|
    |reg_1046                         |  32|   0|   32|          0|
    |reg_1052                         |  32|   0|   32|          0|
    |reg_1058                         |  32|   0|   32|          0|
    |reg_1066                         |  32|   0|   32|          0|
    |reg_1074                         |  32|   0|   32|          0|
    |reg_1082                         |  32|   0|   32|          0|
    |reg_1090                         |  32|   0|   32|          0|
    |reg_1098                         |  32|   0|   32|          0|
    |reg_1106                         |  32|   0|   32|          0|
    |reg_1114                         |  32|   0|   32|          0|
    |reg_1120                         |  32|   0|   32|          0|
    |tmp_10_i_reg_1933                |  32|   0|   32|          0|
    |tmp_11_i_reg_1938                |  32|   0|   32|          0|
    |tmp_12_i_reg_1943                |  32|   0|   32|          0|
    |tmp_13_i_reg_1948                |  32|   0|   32|          0|
    |tmp_14_i_reg_1953                |  32|   0|   32|          0|
    |tmp_15_i_reg_1958                |  32|   0|   32|          0|
    |tmp_16_i_reg_1963                |  32|   0|   32|          0|
    |tmp_17_i_reg_1968                |  32|   0|   32|          0|
    |tmp_18_i_reg_1973                |  32|   0|   32|          0|
    |tmp_19_i_reg_1978                |  32|   0|   32|          0|
    |tmp_1_i_reg_2023                 |  32|   0|   32|          0|
    |tmp_20_i_reg_1983                |  32|   0|   32|          0|
    |tmp_21_i_reg_1988                |  32|   0|   32|          0|
    |tmp_22_i_reg_1993                |  32|   0|   32|          0|
    |tmp_23_i_reg_2003                |  32|   0|   32|          0|
    |tmp_24_i_reg_2008                |  32|   0|   32|          0|
    |tmp_25_i_reg_2013                |  32|   0|   32|          0|
    |tmp_26_i_reg_2018                |  32|   0|   32|          0|
    |tmp_26_reg_1793                  |   8|   0|   64|         56|
    |tmp_27_i_reg_2033                |  32|   0|   32|          0|
    |tmp_27_reg_1798                  |   8|   0|   64|         56|
    |tmp_28_i_reg_2038                |  32|   0|   32|          0|
    |tmp_29_i_reg_2053                |  32|   0|   32|          0|
    |tmp_2_i_reg_2028                 |  32|   0|   32|          0|
    |tmp_30_i_reg_2058                |  32|   0|   32|          0|
    |tmp_3_i_reg_2043                 |  32|   0|   32|          0|
    |tmp_4_i_reg_2048                 |  32|   0|   32|          0|
    |tmp_5_i_reg_1903                 |  32|   0|   32|          0|
    |tmp_6_i_reg_1908                 |  32|   0|   32|          0|
    |tmp_6_i_reg_1908_pp0_iter2_reg   |  32|   0|   32|          0|
    |tmp_7_i_reg_1913                 |  32|   0|   32|          0|
    |tmp_8_i_reg_1918                 |  32|   0|   32|          0|
    |tmp_9_i_reg_1923                 |  32|   0|   32|          0|
    |tmp_i_74_reg_1928                |  32|   0|   32|          0|
    |tmp_i_reg_1898                   |  32|   0|   32|          0|
    |tmp_reg_1550                     |   8|   0|   12|          4|
    |xFeatures10_read_reg_1426        |  32|   0|   32|          0|
    |xFeatures11_read_reg_1431        |  32|   0|   32|          0|
    |xFeatures12_read_reg_1436        |  32|   0|   32|          0|
    |xFeatures13_read_reg_1441        |  32|   0|   32|          0|
    |xFeatures14_read_reg_1446        |  32|   0|   32|          0|
    |xFeatures15_read_reg_1451        |  32|   0|   32|          0|
    |xFeatures16_read_reg_1456        |  32|   0|   32|          0|
    |xFeatures17_read_reg_1461        |  32|   0|   32|          0|
    |xFeatures18_read_reg_1466        |  32|   0|   32|          0|
    |xFeatures19_read_reg_1471        |  32|   0|   32|          0|
    |xFeatures20_read_reg_1476        |  32|   0|   32|          0|
    |xFeatures21_read_reg_1481        |  32|   0|   32|          0|
    |xFeatures22_read_reg_1486        |  32|   0|   32|          0|
    |xFeatures23_read_reg_1491        |  32|   0|   32|          0|
    |xFeatures24_read_reg_1496        |  32|   0|   32|          0|
    |xFeatures25_read_reg_1501        |  32|   0|   32|          0|
    |xFeatures26_read_reg_1506        |  32|   0|   32|          0|
    |xFeatures27_read_reg_1511        |  32|   0|   32|          0|
    |xFeatures28_read_reg_1516        |  32|   0|   32|          0|
    |xFeatures29_read_reg_1521        |  32|   0|   32|          0|
    |xFeatures2_read_reg_1386         |  32|   0|   32|          0|
    |xFeatures30_read_reg_1526        |  32|   0|   32|          0|
    |xFeatures31_read_reg_1531        |  32|   0|   32|          0|
    |xFeatures32_read_reg_1536        |  32|   0|   32|          0|
    |xFeatures3_read_reg_1391         |  32|   0|   32|          0|
    |xFeatures4_read_reg_1396         |  32|   0|   32|          0|
    |xFeatures5_read_reg_1401         |  32|   0|   32|          0|
    |xFeatures6_read_reg_1406         |  32|   0|   32|          0|
    |xFeatures7_read_reg_1411         |  32|   0|   32|          0|
    |xFeatures8_read_reg_1416         |  32|   0|   32|          0|
    |xFeatures9_read_reg_1421         |  32|   0|   32|          0|
    |xFeatures_read_reg_1381          |  32|   0|   32|          0|
    |distance_w3_reg_2083             |  64|  32|   32|          0|
    |i_0_i_reg_949                    |  64|  32|    8|          0|
    |icmp_ln79_reg_1541               |  64|  32|    1|          0|
    |tmp_10_i_reg_1933                |  64|  32|   32|          0|
    |tmp_11_i_reg_1938                |  64|  32|   32|          0|
    |tmp_12_i_reg_1943                |  64|  32|   32|          0|
    |tmp_13_i_reg_1948                |  64|  32|   32|          0|
    |tmp_14_i_reg_1953                |  64|  32|   32|          0|
    |tmp_15_i_reg_1958                |  64|  32|   32|          0|
    |tmp_16_i_reg_1963                |  64|  32|   32|          0|
    |tmp_17_i_reg_1968                |  64|  32|   32|          0|
    |tmp_18_i_reg_1973                |  64|  32|   32|          0|
    |tmp_19_i_reg_1978                |  64|  32|   32|          0|
    |tmp_20_i_reg_1983                |  64|  32|   32|          0|
    |tmp_21_i_reg_1988                |  64|  32|   32|          0|
    |tmp_22_i_reg_1993                |  64|  32|   32|          0|
    |tmp_23_i_reg_2003                |  64|  32|   32|          0|
    |tmp_24_i_reg_2008                |  64|  32|   32|          0|
    |tmp_25_i_reg_2013                |  64|  32|   32|          0|
    |tmp_26_i_reg_2018                |  64|  32|   32|          0|
    |tmp_27_i_reg_2033                |  64|  32|   32|          0|
    |tmp_28_i_reg_2038                |  64|  32|   32|          0|
    |tmp_29_i_reg_2053                |  64|  32|   32|          0|
    |tmp_30_i_reg_2058                |  64|  32|   32|          0|
    |tmp_7_i_reg_1913                 |  64|  32|   32|          0|
    |tmp_8_i_reg_1918                 |  64|  32|   32|          0|
    |tmp_9_i_reg_1923                 |  64|  32|   32|          0|
    |tmp_i_74_reg_1928                |  64|  32|   32|          0|
    +---------------------------------+----+----+-----+-----------+
    |Total                            |6473| 896| 5638|        116|
    +---------------------------------+----+----+-----+-----------+



================================================================
== Interface
================================================================
* Summary: 
+-------------------------+-----+-----+------------+----------------+--------------+
|        RTL Ports        | Dir | Bits|  Protocol  |  Source Object |    C Type    |
+-------------------------+-----+-----+------------+----------------+--------------+
|ap_clk                   |  in |    1| ap_ctrl_hs |  parallel_024  | return value |
|ap_rst                   |  in |    1| ap_ctrl_hs |  parallel_024  | return value |
|ap_start                 |  in |    1| ap_ctrl_hs |  parallel_024  | return value |
|ap_done                  | out |    1| ap_ctrl_hs |  parallel_024  | return value |
|ap_continue              |  in |    1| ap_ctrl_hs |  parallel_024  | return value |
|ap_idle                  | out |    1| ap_ctrl_hs |  parallel_024  | return value |
|ap_ready                 | out |    1| ap_ctrl_hs |  parallel_024  | return value |
|knownFeatures_address0   | out |   12|  ap_memory |  knownFeatures |     array    |
|knownFeatures_ce0        | out |    1|  ap_memory |  knownFeatures |     array    |
|knownFeatures_q0         |  in |   32|  ap_memory |  knownFeatures |     array    |
|knownFeatures_address1   | out |   12|  ap_memory |  knownFeatures |     array    |
|knownFeatures_ce1        | out |    1|  ap_memory |  knownFeatures |     array    |
|knownFeatures_q1         |  in |   32|  ap_memory |  knownFeatures |     array    |
|knownFeatures1_address0  | out |   12|  ap_memory | knownFeatures1 |     array    |
|knownFeatures1_ce0       | out |    1|  ap_memory | knownFeatures1 |     array    |
|knownFeatures1_q0        |  in |   32|  ap_memory | knownFeatures1 |     array    |
|knownFeatures1_address1  | out |   12|  ap_memory | knownFeatures1 |     array    |
|knownFeatures1_ce1       | out |    1|  ap_memory | knownFeatures1 |     array    |
|knownFeatures1_q1        |  in |   32|  ap_memory | knownFeatures1 |     array    |
|xFeatures_dout           |  in |   32|   ap_fifo  |    xFeatures   |    pointer   |
|xFeatures_empty_n        |  in |    1|   ap_fifo  |    xFeatures   |    pointer   |
|xFeatures_read           | out |    1|   ap_fifo  |    xFeatures   |    pointer   |
|xFeatures2_dout          |  in |   32|   ap_fifo  |   xFeatures2   |    pointer   |
|xFeatures2_empty_n       |  in |    1|   ap_fifo  |   xFeatures2   |    pointer   |
|xFeatures2_read          | out |    1|   ap_fifo  |   xFeatures2   |    pointer   |
|xFeatures3_dout          |  in |   32|   ap_fifo  |   xFeatures3   |    pointer   |
|xFeatures3_empty_n       |  in |    1|   ap_fifo  |   xFeatures3   |    pointer   |
|xFeatures3_read          | out |    1|   ap_fifo  |   xFeatures3   |    pointer   |
|xFeatures4_dout          |  in |   32|   ap_fifo  |   xFeatures4   |    pointer   |
|xFeatures4_empty_n       |  in |    1|   ap_fifo  |   xFeatures4   |    pointer   |
|xFeatures4_read          | out |    1|   ap_fifo  |   xFeatures4   |    pointer   |
|xFeatures5_dout          |  in |   32|   ap_fifo  |   xFeatures5   |    pointer   |
|xFeatures5_empty_n       |  in |    1|   ap_fifo  |   xFeatures5   |    pointer   |
|xFeatures5_read          | out |    1|   ap_fifo  |   xFeatures5   |    pointer   |
|xFeatures6_dout          |  in |   32|   ap_fifo  |   xFeatures6   |    pointer   |
|xFeatures6_empty_n       |  in |    1|   ap_fifo  |   xFeatures6   |    pointer   |
|xFeatures6_read          | out |    1|   ap_fifo  |   xFeatures6   |    pointer   |
|xFeatures7_dout          |  in |   32|   ap_fifo  |   xFeatures7   |    pointer   |
|xFeatures7_empty_n       |  in |    1|   ap_fifo  |   xFeatures7   |    pointer   |
|xFeatures7_read          | out |    1|   ap_fifo  |   xFeatures7   |    pointer   |
|xFeatures8_dout          |  in |   32|   ap_fifo  |   xFeatures8   |    pointer   |
|xFeatures8_empty_n       |  in |    1|   ap_fifo  |   xFeatures8   |    pointer   |
|xFeatures8_read          | out |    1|   ap_fifo  |   xFeatures8   |    pointer   |
|xFeatures9_dout          |  in |   32|   ap_fifo  |   xFeatures9   |    pointer   |
|xFeatures9_empty_n       |  in |    1|   ap_fifo  |   xFeatures9   |    pointer   |
|xFeatures9_read          | out |    1|   ap_fifo  |   xFeatures9   |    pointer   |
|xFeatures10_dout         |  in |   32|   ap_fifo  |   xFeatures10  |    pointer   |
|xFeatures10_empty_n      |  in |    1|   ap_fifo  |   xFeatures10  |    pointer   |
|xFeatures10_read         | out |    1|   ap_fifo  |   xFeatures10  |    pointer   |
|xFeatures11_dout         |  in |   32|   ap_fifo  |   xFeatures11  |    pointer   |
|xFeatures11_empty_n      |  in |    1|   ap_fifo  |   xFeatures11  |    pointer   |
|xFeatures11_read         | out |    1|   ap_fifo  |   xFeatures11  |    pointer   |
|xFeatures12_dout         |  in |   32|   ap_fifo  |   xFeatures12  |    pointer   |
|xFeatures12_empty_n      |  in |    1|   ap_fifo  |   xFeatures12  |    pointer   |
|xFeatures12_read         | out |    1|   ap_fifo  |   xFeatures12  |    pointer   |
|xFeatures13_dout         |  in |   32|   ap_fifo  |   xFeatures13  |    pointer   |
|xFeatures13_empty_n      |  in |    1|   ap_fifo  |   xFeatures13  |    pointer   |
|xFeatures13_read         | out |    1|   ap_fifo  |   xFeatures13  |    pointer   |
|xFeatures14_dout         |  in |   32|   ap_fifo  |   xFeatures14  |    pointer   |
|xFeatures14_empty_n      |  in |    1|   ap_fifo  |   xFeatures14  |    pointer   |
|xFeatures14_read         | out |    1|   ap_fifo  |   xFeatures14  |    pointer   |
|xFeatures15_dout         |  in |   32|   ap_fifo  |   xFeatures15  |    pointer   |
|xFeatures15_empty_n      |  in |    1|   ap_fifo  |   xFeatures15  |    pointer   |
|xFeatures15_read         | out |    1|   ap_fifo  |   xFeatures15  |    pointer   |
|xFeatures16_dout         |  in |   32|   ap_fifo  |   xFeatures16  |    pointer   |
|xFeatures16_empty_n      |  in |    1|   ap_fifo  |   xFeatures16  |    pointer   |
|xFeatures16_read         | out |    1|   ap_fifo  |   xFeatures16  |    pointer   |
|xFeatures17_dout         |  in |   32|   ap_fifo  |   xFeatures17  |    pointer   |
|xFeatures17_empty_n      |  in |    1|   ap_fifo  |   xFeatures17  |    pointer   |
|xFeatures17_read         | out |    1|   ap_fifo  |   xFeatures17  |    pointer   |
|xFeatures18_dout         |  in |   32|   ap_fifo  |   xFeatures18  |    pointer   |
|xFeatures18_empty_n      |  in |    1|   ap_fifo  |   xFeatures18  |    pointer   |
|xFeatures18_read         | out |    1|   ap_fifo  |   xFeatures18  |    pointer   |
|xFeatures19_dout         |  in |   32|   ap_fifo  |   xFeatures19  |    pointer   |
|xFeatures19_empty_n      |  in |    1|   ap_fifo  |   xFeatures19  |    pointer   |
|xFeatures19_read         | out |    1|   ap_fifo  |   xFeatures19  |    pointer   |
|xFeatures20_dout         |  in |   32|   ap_fifo  |   xFeatures20  |    pointer   |
|xFeatures20_empty_n      |  in |    1|   ap_fifo  |   xFeatures20  |    pointer   |
|xFeatures20_read         | out |    1|   ap_fifo  |   xFeatures20  |    pointer   |
|xFeatures21_dout         |  in |   32|   ap_fifo  |   xFeatures21  |    pointer   |
|xFeatures21_empty_n      |  in |    1|   ap_fifo  |   xFeatures21  |    pointer   |
|xFeatures21_read         | out |    1|   ap_fifo  |   xFeatures21  |    pointer   |
|xFeatures22_dout         |  in |   32|   ap_fifo  |   xFeatures22  |    pointer   |
|xFeatures22_empty_n      |  in |    1|   ap_fifo  |   xFeatures22  |    pointer   |
|xFeatures22_read         | out |    1|   ap_fifo  |   xFeatures22  |    pointer   |
|xFeatures23_dout         |  in |   32|   ap_fifo  |   xFeatures23  |    pointer   |
|xFeatures23_empty_n      |  in |    1|   ap_fifo  |   xFeatures23  |    pointer   |
|xFeatures23_read         | out |    1|   ap_fifo  |   xFeatures23  |    pointer   |
|xFeatures24_dout         |  in |   32|   ap_fifo  |   xFeatures24  |    pointer   |
|xFeatures24_empty_n      |  in |    1|   ap_fifo  |   xFeatures24  |    pointer   |
|xFeatures24_read         | out |    1|   ap_fifo  |   xFeatures24  |    pointer   |
|xFeatures25_dout         |  in |   32|   ap_fifo  |   xFeatures25  |    pointer   |
|xFeatures25_empty_n      |  in |    1|   ap_fifo  |   xFeatures25  |    pointer   |
|xFeatures25_read         | out |    1|   ap_fifo  |   xFeatures25  |    pointer   |
|xFeatures26_dout         |  in |   32|   ap_fifo  |   xFeatures26  |    pointer   |
|xFeatures26_empty_n      |  in |    1|   ap_fifo  |   xFeatures26  |    pointer   |
|xFeatures26_read         | out |    1|   ap_fifo  |   xFeatures26  |    pointer   |
|xFeatures27_dout         |  in |   32|   ap_fifo  |   xFeatures27  |    pointer   |
|xFeatures27_empty_n      |  in |    1|   ap_fifo  |   xFeatures27  |    pointer   |
|xFeatures27_read         | out |    1|   ap_fifo  |   xFeatures27  |    pointer   |
|xFeatures28_dout         |  in |   32|   ap_fifo  |   xFeatures28  |    pointer   |
|xFeatures28_empty_n      |  in |    1|   ap_fifo  |   xFeatures28  |    pointer   |
|xFeatures28_read         | out |    1|   ap_fifo  |   xFeatures28  |    pointer   |
|xFeatures29_dout         |  in |   32|   ap_fifo  |   xFeatures29  |    pointer   |
|xFeatures29_empty_n      |  in |    1|   ap_fifo  |   xFeatures29  |    pointer   |
|xFeatures29_read         | out |    1|   ap_fifo  |   xFeatures29  |    pointer   |
|xFeatures30_dout         |  in |   32|   ap_fifo  |   xFeatures30  |    pointer   |
|xFeatures30_empty_n      |  in |    1|   ap_fifo  |   xFeatures30  |    pointer   |
|xFeatures30_read         | out |    1|   ap_fifo  |   xFeatures30  |    pointer   |
|xFeatures31_dout         |  in |   32|   ap_fifo  |   xFeatures31  |    pointer   |
|xFeatures31_empty_n      |  in |    1|   ap_fifo  |   xFeatures31  |    pointer   |
|xFeatures31_read         | out |    1|   ap_fifo  |   xFeatures31  |    pointer   |
|xFeatures32_dout         |  in |   32|   ap_fifo  |   xFeatures32  |    pointer   |
|xFeatures32_empty_n      |  in |    1|   ap_fifo  |   xFeatures32  |    pointer   |
|xFeatures32_read         | out |    1|   ap_fifo  |   xFeatures32  |    pointer   |
|distance_array_address0  | out |    8|  ap_memory | distance_array |     array    |
|distance_array_ce0       | out |    1|  ap_memory | distance_array |     array    |
|distance_array_we0       | out |    1|  ap_memory | distance_array |     array    |
|distance_array_d0        | out |   32|  ap_memory | distance_array |     array    |
+-------------------------+-----+-----+------------+----------------+--------------+

