

================================================================
== Vivado HLS Report for 'epilogue'
================================================================
* Date:           Mon Jun 22 03:25:22 2020

* Version:        2019.2 (Build 2704478 on Wed Nov 06 22:10:23 MST 2019)
* Project:        SVM
* Solution:       solution1
* Product family: zynq
* Target device:  xc7z020-clg484-1


================================================================
== Performance Estimates
================================================================
+ Timing: 
    * Summary: 
    +--------+----------+-----------+------------+
    |  Clock |  Target  | Estimated | Uncertainty|
    +--------+----------+-----------+------------+
    |ap_clk  | 10.00 ns | 10.074 ns |   1.25 ns  |
    +--------+----------+-----------+------------+

+ Latency: 
    * Summary: 
    +---------+---------+----------+----------+-----+-----+---------+
    |  Latency (cycles) |  Latency (absolute) |  Interval | Pipeline|
    |   min   |   max   |    min   |    max   | min | max |   Type  |
    +---------+---------+----------+----------+-----+-----+---------+
    |      313|      313| 3.153 us | 3.153 us |  313|  313|   none  |
    +---------+---------+----------+----------+-----+-----+---------+

    + Detail: 
        * Instance: 
        N/A

        * Loop: 
        N/A



================================================================
== Utilization Estimates
================================================================
* Summary: 
+-----------------+---------+-------+--------+-------+-----+
|       Name      | BRAM_18K| DSP48E|   FF   |  LUT  | URAM|
+-----------------+---------+-------+--------+-------+-----+
|DSP              |        -|      -|       -|      -|    -|
|Expression       |        -|      -|       0|     37|    -|
|FIFO             |        -|      -|       -|      -|    -|
|Instance         |        -|     18|    1911|   3749|    -|
|Memory           |        -|      -|       -|      -|    -|
|Multiplexer      |        -|      -|       -|   9595|    -|
|Register         |        -|      -|   10365|      -|    -|
+-----------------+---------+-------+--------+-------+-----+
|Total            |        0|     18|   12276|  13381|    0|
+-----------------+---------+-------+--------+-------+-----+
|Available        |      280|    220|  106400|  53200|    0|
+-----------------+---------+-------+--------+-------+-----+
|Utilization (%)  |        0|      8|      11|     25|    0|
+-----------------+---------+-------+--------+-------+-----+

+ Detail: 
    * Instance: 
    +--------------------------+----------------------+---------+-------+-----+-----+-----+
    |         Instance         |        Module        | BRAM_18K| DSP48E|  FF | LUT | URAM|
    +--------------------------+----------------------+---------+-------+-----+-----+-----+
    |svmResult_fadd_32dEe_U9   |svmResult_fadd_32dEe  |        0|      2|  205|  390|    0|
    |svmResult_fadd_32dEe_U10  |svmResult_fadd_32dEe  |        0|      2|  205|  390|    0|
    |svmResult_fadd_32dEe_U11  |svmResult_fadd_32dEe  |        0|      2|  205|  390|    0|
    |svmResult_fadd_32dEe_U12  |svmResult_fadd_32dEe  |        0|      2|  205|  390|    0|
    |svmResult_fadd_32dEe_U13  |svmResult_fadd_32dEe  |        0|      2|  205|  390|    0|
    |svmResult_fadd_32dEe_U14  |svmResult_fadd_32dEe  |        0|      2|  205|  390|    0|
    |svmResult_fadd_32dEe_U15  |svmResult_fadd_32dEe  |        0|      2|  205|  390|    0|
    |svmResult_fadd_32dEe_U16  |svmResult_fadd_32dEe  |        0|      2|  205|  390|    0|
    |svmResult_fadd_32dEe_U17  |svmResult_fadd_32dEe  |        0|      2|  205|  390|    0|
    |svmResult_fcmp_32eOg_U18  |svmResult_fcmp_32eOg  |        0|      0|   66|  239|    0|
    +--------------------------+----------------------+---------+-------+-----+-----+-----+
    |Total                     |                      |        0|     18| 1911| 3749|    0|
    +--------------------------+----------------------+---------+-------+-----+-----+-----+

    * DSP48E: 
    N/A

    * Memory: 
    N/A

    * FIFO: 
    N/A

    * Expression: 
    +---------------------------+----------+-------+---+----+------------+------------+
    |       Variable Name       | Operation| DSP48E| FF| LUT| Bitwidth P0| Bitwidth P1|
    +---------------------------+----------+-------+---+----+------------+------------+
    |and_ln2182_fu_11947_p2     |    and   |      0|  0|   2|           1|           1|
    |icmp_ln2182_1_fu_11937_p2  |   icmp   |      0|  0|  18|          23|           1|
    |icmp_ln2182_fu_11931_p2    |   icmp   |      0|  0|  11|           8|           2|
    |ap_block_state1            |    or    |      0|  0|   2|           1|           1|
    |or_ln2182_fu_11943_p2      |    or    |      0|  0|   2|           1|           1|
    |y                          |  select  |      0|  0|   2|           1|           2|
    +---------------------------+----------+-------+---+----+------------+------------+
    |Total                      |          |      0|  0|  37|          35|           8|
    +---------------------------+----------+-------+---+----+------------+------------+

    * Multiplexer: 
    +---------------------------------+------+-----------+-----+-----------+
    |               Name              |  LUT | Input Size| Bits| Total Bits|
    +---------------------------------+------+-----------+-----+-----------+
    |ap_NS_fsm                        |  1405|        315|    1|        315|
    |ap_done                          |     9|          2|    1|          2|
    |grp_fu_10280_p0                  |   169|         38|   32|       1216|
    |grp_fu_10280_p1                  |   173|         39|   32|       1248|
    |grp_fu_10284_p0                  |   177|         40|   32|       1280|
    |grp_fu_10284_p1                  |   181|         41|   32|       1312|
    |grp_fu_10288_p0                  |   503|        114|   32|       3648|
    |grp_fu_10288_p1                  |   465|        106|   32|       3392|
    |grp_fu_10292_p0                  |   429|         97|   32|       3104|
    |grp_fu_10292_p1                  |   413|         95|   32|       3040|
    |grp_fu_10296_p0                  |   217|         50|   32|       1600|
    |grp_fu_10296_p1                  |   217|         50|   32|       1600|
    |grp_fu_10301_p0                  |   149|         33|   32|       1056|
    |grp_fu_10301_p1                  |   133|         29|   32|        928|
    |grp_fu_10305_p0                  |    65|         16|   32|        512|
    |grp_fu_10305_p1                  |    59|         14|   32|        448|
    |grp_fu_10309_p0                  |    41|          8|   32|        256|
    |grp_fu_10309_p1                  |    41|          8|   32|        256|
    |grp_fu_10313_p0                  |    27|          5|   32|        160|
    |grp_fu_10313_p1                  |    33|          6|   32|        192|
    |reg_10329                        |     9|          2|   32|         64|
    |reg_10351                        |     9|          2|   32|         64|
    |reg_10359                        |     9|          2|   32|         64|
    |reg_10381                        |     9|          2|   32|         64|
    |reg_10391                        |     9|          2|   32|         64|
    |reg_10412                        |     9|          2|   32|         64|
    |reg_10422                        |     9|          2|   32|         64|
    |reg_10442                        |     9|          2|   32|         64|
    |reg_11327                        |     9|          2|   32|         64|
    |temp_l111_2_i2_array_5_address0  |  1173|        257|    9|       2313|
    |temp_l111_2_i2_array_5_address1  |  1173|        257|    9|       2313|
    |temp_l111_2_i2_array_address0    |  1173|        257|    9|       2313|
    |temp_l111_2_i2_array_address1    |  1089|        256|    9|       2304|
    +---------------------------------+------+-----------+-----+-----------+
    |Total                            |  9595|       2151|  902|      35384|
    +---------------------------------+------+-----------+-----+-----------+

    * Register: 
    +-------------------------+-----+----+-----+-----------+
    |           Name          |  FF | LUT| Bits| Const Bits|
    +-------------------------+-----+----+-----+-----------+
    |ap_CS_fsm                |  314|   0|  314|          0|
    |ap_done_reg              |    1|   0|    1|          0|
    |icmp_ln2182_1_reg_17527  |    1|   0|    1|          0|
    |icmp_ln2182_reg_17522    |    1|   0|    1|          0|
    |reg_10322                |   32|   0|   32|          0|
    |reg_10329                |   32|   0|   32|          0|
    |reg_10338                |   32|   0|   32|          0|
    |reg_10345                |   32|   0|   32|          0|
    |reg_10351                |   32|   0|   32|          0|
    |reg_10359                |   32|   0|   32|          0|
    |reg_10369                |   32|   0|   32|          0|
    |reg_10375                |   32|   0|   32|          0|
    |reg_10381                |   32|   0|   32|          0|
    |reg_10391                |   32|   0|   32|          0|
    |reg_10400                |   32|   0|   32|          0|
    |reg_10406                |   32|   0|   32|          0|
    |reg_10412                |   32|   0|   32|          0|
    |reg_10422                |   32|   0|   32|          0|
    |reg_10430                |   32|   0|   32|          0|
    |reg_10436                |   32|   0|   32|          0|
    |reg_10442                |   32|   0|   32|          0|
    |reg_10451                |   32|   0|   32|          0|
    |reg_10459                |   32|   0|   32|          0|
    |reg_10471                |   32|   0|   32|          0|
    |reg_10477                |   32|   0|   32|          0|
    |reg_10483                |   32|   0|   32|          0|
    |reg_10494                |   32|   0|   32|          0|
    |reg_10506                |   32|   0|   32|          0|
    |reg_10518                |   32|   0|   32|          0|
    |reg_10528                |   32|   0|   32|          0|
    |reg_10539                |   32|   0|   32|          0|
    |reg_10547                |   32|   0|   32|          0|
    |reg_10558                |   32|   0|   32|          0|
    |reg_10569                |   32|   0|   32|          0|
    |reg_10578                |   32|   0|   32|          0|
    |reg_10590                |   32|   0|   32|          0|
    |reg_10596                |   32|   0|   32|          0|
    |reg_10605                |   32|   0|   32|          0|
    |reg_10612                |   32|   0|   32|          0|
    |reg_10618                |   32|   0|   32|          0|
    |reg_10627                |   32|   0|   32|          0|
    |reg_10635                |   32|   0|   32|          0|
    |reg_10642                |   32|   0|   32|          0|
    |reg_10648                |   32|   0|   32|          0|
    |reg_10654                |   32|   0|   32|          0|
    |reg_10660                |   32|   0|   32|          0|
    |reg_10667                |   32|   0|   32|          0|
    |reg_10674                |   32|   0|   32|          0|
    |reg_10680                |   32|   0|   32|          0|
    |reg_10686                |   32|   0|   32|          0|
    |reg_10692                |   32|   0|   32|          0|
    |reg_10699                |   32|   0|   32|          0|
    |reg_10706                |   32|   0|   32|          0|
    |reg_10712                |   32|   0|   32|          0|
    |reg_10720                |   32|   0|   32|          0|
    |reg_10726                |   32|   0|   32|          0|
    |reg_10733                |   32|   0|   32|          0|
    |reg_10741                |   32|   0|   32|          0|
    |reg_10746                |   32|   0|   32|          0|
    |reg_10752                |   32|   0|   32|          0|
    |reg_10758                |   32|   0|   32|          0|
    |reg_10765                |   32|   0|   32|          0|
    |reg_10771                |   32|   0|   32|          0|
    |reg_10777                |   32|   0|   32|          0|
    |reg_10783                |   32|   0|   32|          0|
    |reg_10789                |   32|   0|   32|          0|
    |reg_10797                |   32|   0|   32|          0|
    |reg_10804                |   32|   0|   32|          0|
    |reg_10809                |   32|   0|   32|          0|
    |reg_10816                |   32|   0|   32|          0|
    |reg_10823                |   32|   0|   32|          0|
    |reg_10830                |   32|   0|   32|          0|
    |reg_10838                |   32|   0|   32|          0|
    |reg_10844                |   32|   0|   32|          0|
    |reg_10851                |   32|   0|   32|          0|
    |reg_10857                |   32|   0|   32|          0|
    |reg_10863                |   32|   0|   32|          0|
    |reg_10869                |   32|   0|   32|          0|
    |reg_10876                |   32|   0|   32|          0|
    |reg_10884                |   32|   0|   32|          0|
    |reg_10889                |   32|   0|   32|          0|
    |reg_10896                |   32|   0|   32|          0|
    |reg_10902                |   32|   0|   32|          0|
    |reg_10907                |   32|   0|   32|          0|
    |reg_10919                |   32|   0|   32|          0|
    |reg_10926                |   32|   0|   32|          0|
    |reg_10933                |   32|   0|   32|          0|
    |reg_10939                |   32|   0|   32|          0|
    |reg_10946                |   32|   0|   32|          0|
    |reg_10954                |   32|   0|   32|          0|
    |reg_10962                |   32|   0|   32|          0|
    |reg_10968                |   32|   0|   32|          0|
    |reg_10975                |   32|   0|   32|          0|
    |reg_10981                |   32|   0|   32|          0|
    |reg_10986                |   32|   0|   32|          0|
    |reg_10992                |   32|   0|   32|          0|
    |reg_10998                |   32|   0|   32|          0|
    |reg_11004                |   32|   0|   32|          0|
    |reg_11014                |   32|   0|   32|          0|
    |reg_11020                |   32|   0|   32|          0|
    |reg_11025                |   32|   0|   32|          0|
    |reg_11031                |   32|   0|   32|          0|
    |reg_11040                |   32|   0|   32|          0|
    |reg_11050                |   32|   0|   32|          0|
    |reg_11056                |   32|   0|   32|          0|
    |reg_11062                |   32|   0|   32|          0|
    |reg_11069                |   32|   0|   32|          0|
    |reg_11076                |   32|   0|   32|          0|
    |reg_11083                |   32|   0|   32|          0|
    |reg_11090                |   32|   0|   32|          0|
    |reg_11095                |   32|   0|   32|          0|
    |reg_11102                |   32|   0|   32|          0|
    |reg_11109                |   32|   0|   32|          0|
    |reg_11120                |   32|   0|   32|          0|
    |reg_11127                |   32|   0|   32|          0|
    |reg_11137                |   32|   0|   32|          0|
    |reg_11146                |   32|   0|   32|          0|
    |reg_11151                |   32|   0|   32|          0|
    |reg_11160                |   32|   0|   32|          0|
    |reg_11166                |   32|   0|   32|          0|
    |reg_11178                |   32|   0|   32|          0|
    |reg_11185                |   32|   0|   32|          0|
    |reg_11194                |   32|   0|   32|          0|
    |reg_11200                |   32|   0|   32|          0|
    |reg_11206                |   32|   0|   32|          0|
    |reg_11214                |   32|   0|   32|          0|
    |reg_11219                |   32|   0|   32|          0|
    |reg_11227                |   32|   0|   32|          0|
    |reg_11233                |   32|   0|   32|          0|
    |reg_11239                |   32|   0|   32|          0|
    |reg_11245                |   32|   0|   32|          0|
    |reg_11251                |   32|   0|   32|          0|
    |reg_11258                |   32|   0|   32|          0|
    |reg_11266                |   32|   0|   32|          0|
    |reg_11272                |   32|   0|   32|          0|
    |reg_11280                |   32|   0|   32|          0|
    |reg_11286                |   32|   0|   32|          0|
    |reg_11298                |   32|   0|   32|          0|
    |reg_11304                |   32|   0|   32|          0|
    |reg_11313                |   32|   0|   32|          0|
    |reg_11321                |   32|   0|   32|          0|
    |reg_11327                |   32|   0|   32|          0|
    |reg_11334                |   32|   0|   32|          0|
    |reg_11340                |   32|   0|   32|          0|
    |reg_11346                |   32|   0|   32|          0|
    |reg_11352                |   32|   0|   32|          0|
    |reg_11358                |   32|   0|   32|          0|
    |reg_11364                |   32|   0|   32|          0|
    |reg_11370                |   32|   0|   32|          0|
    |reg_11375                |   32|   0|   32|          0|
    |reg_11382                |   32|   0|   32|          0|
    |reg_11389                |   32|   0|   32|          0|
    |reg_11394                |   32|   0|   32|          0|
    |reg_11401                |   32|   0|   32|          0|
    |reg_11408                |   32|   0|   32|          0|
    |reg_11416                |   32|   0|   32|          0|
    |reg_11422                |   32|   0|   32|          0|
    |reg_11429                |   32|   0|   32|          0|
    |reg_11438                |   32|   0|   32|          0|
    |reg_11444                |   32|   0|   32|          0|
    |reg_11450                |   32|   0|   32|          0|
    |reg_11456                |   32|   0|   32|          0|
    |reg_11462                |   32|   0|   32|          0|
    |reg_11470                |   32|   0|   32|          0|
    |reg_11475                |   32|   0|   32|          0|
    |reg_11481                |   32|   0|   32|          0|
    |reg_11487                |   32|   0|   32|          0|
    |reg_11494                |   32|   0|   32|          0|
    |reg_11501                |   32|   0|   32|          0|
    |reg_11507                |   32|   0|   32|          0|
    |reg_11513                |   32|   0|   32|          0|
    |reg_11519                |   32|   0|   32|          0|
    |reg_11525                |   32|   0|   32|          0|
    |reg_11533                |   32|   0|   32|          0|
    |reg_11540                |   32|   0|   32|          0|
    |reg_11546                |   32|   0|   32|          0|
    |reg_11552                |   32|   0|   32|          0|
    |reg_11558                |   32|   0|   32|          0|
    |reg_11564                |   32|   0|   32|          0|
    |reg_11570                |   32|   0|   32|          0|
    |reg_11577                |   32|   0|   32|          0|
    |reg_11583                |   32|   0|   32|          0|
    |reg_11591                |   32|   0|   32|          0|
    |reg_11598                |   32|   0|   32|          0|
    |reg_11606                |   32|   0|   32|          0|
    |reg_11613                |   32|   0|   32|          0|
    |reg_11620                |   32|   0|   32|          0|
    |reg_11625                |   32|   0|   32|          0|
    |reg_11631                |   32|   0|   32|          0|
    |reg_11640                |   32|   0|   32|          0|
    |reg_11647                |   32|   0|   32|          0|
    |reg_11654                |   32|   0|   32|          0|
    |reg_11661                |   32|   0|   32|          0|
    |reg_11667                |   32|   0|   32|          0|
    |reg_11674                |   32|   0|   32|          0|
    |reg_11680                |   32|   0|   32|          0|
    |reg_11687                |   32|   0|   32|          0|
    |reg_11693                |   32|   0|   32|          0|
    |reg_11699                |   32|   0|   32|          0|
    |reg_11705                |   32|   0|   32|          0|
    |reg_11712                |   32|   0|   32|          0|
    |reg_11719                |   32|   0|   32|          0|
    |reg_11725                |   32|   0|   32|          0|
    |reg_11732                |   32|   0|   32|          0|
    |reg_11740                |   32|   0|   32|          0|
    |reg_11748                |   32|   0|   32|          0|
    |reg_11755                |   32|   0|   32|          0|
    |reg_11763                |   32|   0|   32|          0|
    |reg_11770                |   32|   0|   32|          0|
    |reg_11776                |   32|   0|   32|          0|
    |reg_11782                |   32|   0|   32|          0|
    |reg_11789                |   32|   0|   32|          0|
    |reg_11798                |   32|   0|   32|          0|
    |reg_11804                |   32|   0|   32|          0|
    |reg_11812                |   32|   0|   32|          0|
    |reg_11818                |   32|   0|   32|          0|
    |reg_11826                |   32|   0|   32|          0|
    |reg_11834                |   32|   0|   32|          0|
    |reg_11841                |   32|   0|   32|          0|
    |reg_11850                |   32|   0|   32|          0|
    |reg_11856                |   32|   0|   32|          0|
    |reg_11862                |   32|   0|   32|          0|
    |reg_11868                |   32|   0|   32|          0|
    |reg_11875                |   32|   0|   32|          0|
    |reg_11881                |   32|   0|   32|          0|
    |reg_11888                |   32|   0|   32|          0|
    |reg_11895                |   32|   0|   32|          0|
    |reg_11901                |   32|   0|   32|          0|
    |reg_11907                |   32|   0|   32|          0|
    |sum_w1012_reg_16242      |   32|   0|   32|          0|
    |sum_w108_reg_14802       |   32|   0|   32|          0|
    |sum_w14_reg_12887        |   32|   0|   32|          0|
    |sum_w179_reg_17232       |   32|   0|   32|          0|
    |sum_w181_reg_14752       |   32|   0|   32|          0|
    |sum_w182_reg_16312       |   32|   0|   32|          0|
    |sum_w185_reg_13492       |   32|   0|   32|          0|
    |sum_w187_reg_15427       |   32|   0|   32|          0|
    |sum_w208_reg_13282       |   32|   0|   32|          0|
    |sum_w20_reg_16862        |   32|   0|   32|          0|
    |sum_w234_reg_15837       |   32|   0|   32|          0|
    |sum_w240_reg_13347       |   32|   0|   32|          0|
    |sum_w249_reg_14077       |   32|   0|   32|          0|
    |sum_w262_reg_13142       |   32|   0|   32|          0|
    |sum_w264_reg_16837       |   32|   0|   32|          0|
    |sum_w274_reg_14527       |   32|   0|   32|          0|
    |sum_w284_reg_12717       |   32|   0|   32|          0|
    |sum_w322_reg_12857       |   32|   0|   32|          0|
    |sum_w332_reg_14952       |   32|   0|   32|          0|
    |sum_w334_reg_13232       |   32|   0|   32|          0|
    |sum_w337_reg_13937       |   32|   0|   32|          0|
    |sum_w34_reg_16502        |   32|   0|   32|          0|
    |sum_w353_reg_13727       |   32|   0|   32|          0|
    |sum_w369_reg_15237       |   32|   0|   32|          0|
    |sum_w374_reg_17517       |   32|   0|   32|          0|
    |sum_w389_reg_17362       |   32|   0|   32|          0|
    |sum_w38_reg_15167        |   32|   0|   32|          0|
    |sum_w391_reg_14267       |   32|   0|   32|          0|
    |sum_w409_reg_12657       |   32|   0|   32|          0|
    |sum_w433_reg_16772       |   32|   0|   32|          0|
    |sum_w476_reg_16982       |   32|   0|   32|          0|
    |sum_w496_reg_12982       |   32|   0|   32|          0|
    |sum_w4_reg_16287         |   32|   0|   32|          0|
    |sum_w507_reg_12417       |   32|   0|   32|          0|
    |sum_w511_reg_16887       |   32|   0|   32|          0|
    |sum_w513_reg_13837       |   32|   0|   32|          0|
    |sum_w524_reg_14887       |   32|   0|   32|          0|
    |sum_w526_reg_13227       |   32|   0|   32|          0|
    |sum_w529_reg_12872       |   32|   0|   32|          0|
    |sum_w532_reg_14417       |   32|   0|   32|          0|
    |sum_w534_reg_13697       |   32|   0|   32|          0|
    |sum_w536_reg_13862       |   32|   0|   32|          0|
    |sum_w551_reg_13027       |   32|   0|   32|          0|
    |sum_w559_reg_17512       |   32|   0|   32|          0|
    |sum_w571_reg_12742       |   32|   0|   32|          0|
    |sum_w574_reg_13137       |   32|   0|   32|          0|
    |sum_w579_reg_14292       |   32|   0|   32|          0|
    |sum_w593_reg_16377       |   32|   0|   32|          0|
    |sum_w599_reg_14847       |   32|   0|   32|          0|
    |sum_w602_reg_15452       |   32|   0|   32|          0|
    |sum_w611_reg_15212       |   32|   0|   32|          0|
    |sum_w62_reg_15582        |   32|   0|   32|          0|
    |sum_w635_reg_13962       |   32|   0|   32|          0|
    |sum_w638_reg_17257       |   32|   0|   32|          0|
    |sum_w655_reg_17117       |   32|   0|   32|          0|
    |sum_w65_reg_13912        |   32|   0|   32|          0|
    |sum_w669_reg_15282       |   32|   0|   32|          0|
    |sum_w676_reg_14462       |   32|   0|   32|          0|
    |sum_w683_reg_15082       |   32|   0|   32|          0|
    |sum_w689_reg_13867       |   32|   0|   32|          0|
    |sum_w710_reg_17472       |   32|   0|   32|          0|
    |sum_w713_reg_17067       |   32|   0|   32|          0|
    |sum_w739_reg_13772       |   32|   0|   32|          0|
    |sum_w744_reg_12692       |   32|   0|   32|          0|
    |sum_w755_reg_17367       |   32|   0|   32|          0|
    |sum_w759_reg_16952       |   32|   0|   32|          0|
    |sum_w775_reg_12332       |   32|   0|   32|          0|
    |sum_w791_reg_15752       |   32|   0|   32|          0|
    |sum_w799_reg_15052       |   32|   0|   32|          0|
    |sum_w802_reg_17142       |   32|   0|   32|          0|
    |sum_w810_reg_15607       |   32|   0|   32|          0|
    |sum_w815_reg_17507       |   32|   0|   32|          0|
    |sum_w823_reg_14872       |   32|   0|   32|          0|
    |sum_w826_reg_14162       |   32|   0|   32|          0|
    |sum_w835_reg_13277       |   32|   0|   32|          0|
    |sum_w840_reg_17092       |   32|   0|   32|          0|
    |sum_w855_reg_13987       |   32|   0|   32|          0|
    |sum_w872_reg_17497       |   32|   0|   32|          0|
    |sum_w892_reg_13722       |   32|   0|   32|          0|
    |sum_w904_reg_14032       |   32|   0|   32|          0|
    |sum_w921_reg_16567       |   32|   0|   32|          0|
    |sum_w929_reg_14997       |   32|   0|   32|          0|
    |sum_w932_reg_15067       |   32|   0|   32|          0|
    |sum_w93_reg_13122        |   32|   0|   32|          0|
    |sum_w946_reg_12522       |   32|   0|   32|          0|
    |sum_w952_reg_15577       |   32|   0|   32|          0|
    |sum_w962_reg_16977       |   32|   0|   32|          0|
    |sum_w979_reg_17207       |   32|   0|   32|          0|
    |sum_w981_reg_14767       |   32|   0|   32|          0|
    +-------------------------+-----+----+-----+-----------+
    |Total                    |10365|   0|10365|          0|
    +-------------------------+-----+----+-----+-----------+



================================================================
== Interface
================================================================
* Summary: 
+---------------------------------+-----+-----+------------+------------------------+--------------+
|            RTL Ports            | Dir | Bits|  Protocol  |      Source Object     |    C Type    |
+---------------------------------+-----+-----+------------+------------------------+--------------+
|ap_clk                           |  in |    1| ap_ctrl_hs |        epilogue        | return value |
|ap_rst                           |  in |    1| ap_ctrl_hs |        epilogue        | return value |
|ap_start                         |  in |    1| ap_ctrl_hs |        epilogue        | return value |
|ap_done                          | out |    1| ap_ctrl_hs |        epilogue        | return value |
|ap_continue                      |  in |    1| ap_ctrl_hs |        epilogue        | return value |
|ap_idle                          | out |    1| ap_ctrl_hs |        epilogue        | return value |
|ap_ready                         | out |    1| ap_ctrl_hs |        epilogue        | return value |
|temp_l111_2_i2_array_address0    | out |    9|  ap_memory |  temp_l111_2_i2_array  |     array    |
|temp_l111_2_i2_array_ce0         | out |    1|  ap_memory |  temp_l111_2_i2_array  |     array    |
|temp_l111_2_i2_array_q0          |  in |   32|  ap_memory |  temp_l111_2_i2_array  |     array    |
|temp_l111_2_i2_array_address1    | out |    9|  ap_memory |  temp_l111_2_i2_array  |     array    |
|temp_l111_2_i2_array_ce1         | out |    1|  ap_memory |  temp_l111_2_i2_array  |     array    |
|temp_l111_2_i2_array_q1          |  in |   32|  ap_memory |  temp_l111_2_i2_array  |     array    |
|temp_l111_2_i2_array_5_address0  | out |    9|  ap_memory | temp_l111_2_i2_array_5 |     array    |
|temp_l111_2_i2_array_5_ce0       | out |    1|  ap_memory | temp_l111_2_i2_array_5 |     array    |
|temp_l111_2_i2_array_5_q0        |  in |   32|  ap_memory | temp_l111_2_i2_array_5 |     array    |
|temp_l111_2_i2_array_5_address1  | out |    9|  ap_memory | temp_l111_2_i2_array_5 |     array    |
|temp_l111_2_i2_array_5_ce1       | out |    1|  ap_memory | temp_l111_2_i2_array_5 |     array    |
|temp_l111_2_i2_array_5_q1        |  in |   32|  ap_memory | temp_l111_2_i2_array_5 |     array    |
|y                                | out |   32|   ap_vld   |            y           |    pointer   |
|y_ap_vld                         | out |    1|   ap_vld   |            y           |    pointer   |
+---------------------------------+-----+-----+------------+------------------------+--------------+

