

================================================================
== Vivado HLS Report for 'epilogue'
================================================================
* Date:           Wed Jul 15 22:34:24 2020

* Version:        2019.2 (Build 2704478 on Wed Nov 06 22:10:23 MST 2019)
* Project:        dotprod
* Solution:       solution1
* Product family: zynq
* Target device:  xc7z020-clg484-1


================================================================
== Performance Estimates
================================================================
+ Timing: 
    * Summary: 
    +--------+----------+----------+------------+
    |  Clock |  Target  | Estimated| Uncertainty|
    +--------+----------+----------+------------+
    |ap_clk  | 10.00 ns | 9.400 ns |   1.25 ns  |
    +--------+----------+----------+------------+

+ Latency: 
    * Summary: 
    +---------+---------+----------+----------+-----+-----+---------+
    |  Latency (cycles) |  Latency (absolute) |  Interval | Pipeline|
    |   min   |   max   |    min   |    max   | min | max |   Type  |
    +---------+---------+----------+----------+-----+-----+---------+
    |       11|       11| 0.110 us | 0.110 us |   11|   11|   none  |
    +---------+---------+----------+----------+-----+-----+---------+

    + Detail: 
        * Instance: 
        N/A

        * Loop: 
        N/A



================================================================
== Utilization Estimates
================================================================
* Summary: 
+-----------------+---------+-------+--------+-------+-----+
|       Name      | BRAM_18K| DSP48E|   FF   |  LUT  | URAM|
+-----------------+---------+-------+--------+-------+-----+
|DSP              |        -|     16|       -|      -|    -|
|Expression       |        -|      -|       0|   5555|    -|
|FIFO             |        -|      -|       -|      -|    -|
|Instance         |        -|      -|       -|      -|    -|
|Memory           |        -|      -|       -|      -|    -|
|Multiplexer      |        -|      -|       -|   1821|    -|
|Register         |        -|      -|    4749|      -|    -|
+-----------------+---------+-------+--------+-------+-----+
|Total            |        0|     16|    4749|   7376|    0|
+-----------------+---------+-------+--------+-------+-----+
|Available        |      280|    220|  106400|  53200|    0|
+-----------------+---------+-------+--------+-------+-----+
|Utilization (%)  |        0|      7|       4|     13|    0|
+-----------------+---------+-------+--------+-------+-----+

+ Detail: 
    * Instance: 
    N/A

    * DSP48E: 
    +---------------------------+----------------------+--------------+
    |          Instance         |        Module        |  Expression  |
    +---------------------------+----------------------+--------------+
    |n4000_maxNodes_10bkb_U531  |n4000_maxNodes_10bkb  |    i0 * i1   |
    |n4000_maxNodes_10bkb_U532  |n4000_maxNodes_10bkb  |    i0 * i1   |
    |n4000_maxNodes_10bkb_U533  |n4000_maxNodes_10bkb  |    i0 * i1   |
    |n4000_maxNodes_10bkb_U534  |n4000_maxNodes_10bkb  |    i0 * i1   |
    |n4000_maxNodes_10bkb_U535  |n4000_maxNodes_10bkb  |    i0 * i1   |
    |n4000_maxNodes_10bkb_U536  |n4000_maxNodes_10bkb  |    i0 * i1   |
    |n4000_maxNodes_10bkb_U537  |n4000_maxNodes_10bkb  |    i0 * i1   |
    |n4000_maxNodes_10cud_U538  |n4000_maxNodes_10cud  | i0 + i1 * i2 |
    |n4000_maxNodes_10cud_U539  |n4000_maxNodes_10cud  | i0 + i1 * i2 |
    |n4000_maxNodes_10cud_U540  |n4000_maxNodes_10cud  | i0 + i1 * i2 |
    |n4000_maxNodes_10cud_U541  |n4000_maxNodes_10cud  | i0 + i1 * i2 |
    |n4000_maxNodes_10cud_U542  |n4000_maxNodes_10cud  | i0 + i1 * i2 |
    |n4000_maxNodes_10cud_U543  |n4000_maxNodes_10cud  | i0 + i1 * i2 |
    |n4000_maxNodes_10cud_U544  |n4000_maxNodes_10cud  | i0 + i1 * i2 |
    |n4000_maxNodes_10cud_U545  |n4000_maxNodes_10cud  | i0 + i1 * i2 |
    |n4000_maxNodes_10dEe_U546  |n4000_maxNodes_10dEe  | i0 + i1 * i2 |
    +---------------------------+----------------------+--------------+

    * Memory: 
    N/A

    * FIFO: 
    N/A

    * Expression: 
    +--------------------------+----------+-------+---+----+------------+------------+
    |       Variable Name      | Operation| DSP48E| FF| LUT| Bitwidth P0| Bitwidth P1|
    +--------------------------+----------+-------+---+----+------------+------------+
    |add_ln729_100_fu_3642_p2  |     +    |      0|  0|  32|          32|          32|
    |add_ln729_104_fu_3647_p2  |     +    |      0|  0|  32|          32|          32|
    |add_ln729_111_fu_3761_p2  |     +    |      0|  0|  32|          32|          32|
    |add_ln729_112_fu_4203_p2  |     +    |      0|  0|  32|          32|          32|
    |add_ln729_113_fu_3853_p2  |     +    |      0|  0|  32|          32|          32|
    |add_ln729_115_fu_3859_p2  |     +    |      0|  0|  32|          32|          32|
    |add_ln729_118_fu_3943_p2  |     +    |      0|  0|  32|          32|          32|
    |add_ln729_119_fu_4054_p2  |     +    |      0|  0|  32|          32|          32|
    |add_ln729_123_fu_3949_p2  |     +    |      0|  0|  32|          32|          32|
    |add_ln729_124_fu_3513_p2  |     +    |      0|  0|  32|          32|          32|
    |add_ln729_125_fu_3519_p2  |     +    |      0|  0|  32|          32|          32|
    |add_ln729_126_fu_3954_p2  |     +    |      0|  0|  32|          32|          32|
    |add_ln729_127_fu_4058_p2  |     +    |      0|  0|  32|          32|          32|
    |add_ln729_128_fu_4063_p2  |     +    |      0|  0|  32|          32|          32|
    |add_ln729_129_fu_4207_p2  |     +    |      0|  0|  32|          32|          32|
    |add_ln729_130_fu_4264_p2  |     +    |      0|  0|  32|          32|          32|
    |add_ln729_131_fu_4269_p2  |     +    |      0|  0|  32|          32|          32|
    |add_ln729_146_fu_4212_p2  |     +    |      0|  0|  32|          32|          32|
    |add_ln729_14_fu_3722_p2   |     +    |      0|  0|  32|          32|          32|
    |add_ln729_153_fu_4069_p2  |     +    |      0|  0|  32|          32|          32|
    |add_ln729_157_fu_3591_p2  |     +    |      0|  0|  32|          32|          32|
    |add_ln729_158_fu_3549_p2  |     +    |      0|  0|  32|          32|          32|
    |add_ln729_159_fu_3555_p2  |     +    |      0|  0|  32|          32|          32|
    |add_ln729_15_fu_3728_p2   |     +    |      0|  0|  32|          32|          32|
    |add_ln729_160_fu_3597_p2  |     +    |      0|  0|  32|          32|          32|
    |add_ln729_161_fu_4073_p2  |     +    |      0|  0|  32|          32|          32|
    |add_ln729_162_fu_4078_p2  |     +    |      0|  0|  32|          32|          32|
    |add_ln729_163_fu_4216_p2  |     +    |      0|  0|  32|          32|          32|
    |add_ln729_166_fu_3664_p2  |     +    |      0|  0|  32|          32|          32|
    |add_ln729_170_fu_3670_p2  |     +    |      0|  0|  32|          32|          32|
    |add_ln729_173_fu_3865_p2  |     +    |      0|  0|  32|          32|          32|
    |add_ln729_177_fu_3870_p2  |     +    |      0|  0|  32|          32|          32|
    |add_ln729_178_fu_4221_p2  |     +    |      0|  0|  32|          32|          32|
    |add_ln729_179_fu_3959_p2  |     +    |      0|  0|  32|          32|          32|
    |add_ln729_181_fu_3965_p2  |     +    |      0|  0|  32|          32|          32|
    |add_ln729_184_fu_4084_p2  |     +    |      0|  0|  32|          32|          32|
    |add_ln729_185_fu_4090_p2  |     +    |      0|  0|  32|          32|          32|
    |add_ln729_187_fu_3971_p2  |     +    |      0|  0|  39|          32|          32|
    |add_ln729_188_fu_4095_p2  |     +    |      0|  0|  32|          32|          32|
    |add_ln729_189_fu_3602_p2  |     +    |      0|  0|  32|          32|          32|
    |add_ln729_190_fu_3561_p2  |     +    |      0|  0|  32|          32|          32|
    |add_ln729_191_fu_3567_p2  |     +    |      0|  0|  32|          32|          32|
    |add_ln729_192_fu_3608_p2  |     +    |      0|  0|  32|          32|          32|
    |add_ln729_193_fu_4100_p2  |     +    |      0|  0|  32|          32|          32|
    |add_ln729_194_fu_4105_p2  |     +    |      0|  0|  32|          32|          32|
    |add_ln729_195_fu_4225_p2  |     +    |      0|  0|  32|          32|          32|
    |add_ln729_196_fu_4230_p2  |     +    |      0|  0|  32|          32|          32|
    |add_ln729_1_fu_3525_p2    |     +    |      0|  0|  32|          32|          32|
    |add_ln729_203_fu_3976_p2  |     +    |      0|  0|  32|          32|          32|
    |add_ln729_206_fu_3876_p2  |     +    |      0|  0|  32|          32|          32|
    |add_ln729_209_fu_3882_p2  |     +    |      0|  0|  32|          32|          32|
    |add_ln729_210_fu_3887_p2  |     +    |      0|  0|  32|          32|          32|
    |add_ln729_211_fu_3981_p2  |     +    |      0|  0|  32|          32|          32|
    |add_ln729_218_fu_4111_p2  |     +    |      0|  0|  32|          32|          32|
    |add_ln729_21_fu_3826_p2   |     +    |      0|  0|  32|          32|          32|
    |add_ln729_220_fu_3573_p2  |     +    |      0|  0|  39|          32|          32|
    |add_ln729_221_fu_4117_p2  |     +    |      0|  0|  32|          32|          32|
    |add_ln729_222_fu_3653_p2  |     +    |      0|  0|  32|          32|          32|
    |add_ln729_223_fu_3613_p2  |     +    |      0|  0|  32|          32|          32|
    |add_ln729_224_fu_3619_p2  |     +    |      0|  0|  32|          32|          32|
    |add_ln729_225_fu_3659_p2  |     +    |      0|  0|  32|          32|          32|
    |add_ln729_226_fu_4122_p2  |     +    |      0|  0|  32|          32|          32|
    |add_ln729_227_fu_4127_p2  |     +    |      0|  0|  32|          32|          32|
    |add_ln729_228_fu_4236_p2  |     +    |      0|  0|  32|          32|          32|
    |add_ln729_22_fu_4152_p2   |     +    |      0|  0|  32|          32|          32|
    |add_ln729_234_fu_3767_p2  |     +    |      0|  0|  32|          32|          32|
    |add_ln729_235_fu_3772_p2  |     +    |      0|  0|  32|          32|          32|
    |add_ln729_240_fu_3893_p2  |     +    |      0|  0|  32|          32|          32|
    |add_ln729_241_fu_3899_p2  |     +    |      0|  0|  32|          32|          32|
    |add_ln729_242_fu_3986_p2  |     +    |      0|  0|  32|          32|          32|
    |add_ln729_243_fu_3991_p2  |     +    |      0|  0|  32|          32|          32|
    |add_ln729_244_fu_4133_p2  |     +    |      0|  0|  32|          32|          32|
    |add_ln729_247_fu_3997_p2  |     +    |      0|  0|  39|          32|          32|
    |add_ln729_250_fu_3905_p2  |     +    |      0|  0|  39|          32|          32|
    |add_ln729_251_fu_4137_p2  |     +    |      0|  0|  32|          32|          32|
    |add_ln729_254_fu_4001_p2  |     +    |      0|  0|  32|          32|          32|
    |add_ln729_258_fu_4005_p2  |     +    |      0|  0|  39|          32|          32|
    |add_ln729_259_fu_4009_p2  |     +    |      0|  0|  32|          32|          32|
    |add_ln729_260_fu_4141_p2  |     +    |      0|  0|  32|          32|          32|
    |add_ln729_261_fu_4146_p2  |     +    |      0|  0|  32|          32|          32|
    |add_ln729_262_fu_4240_p2  |     +    |      0|  0|  32|          32|          32|
    |add_ln729_263_fu_4245_p2  |     +    |      0|  0|  32|          32|          32|
    |add_ln729_27_fu_3915_p2   |     +    |      0|  0|  32|          32|          32|
    |add_ln729_28_fu_3921_p2   |     +    |      0|  0|  32|          32|          32|
    |add_ln729_29_fu_4015_p2   |     +    |      0|  0|  32|          32|          32|
    |add_ln729_30_fu_4157_p2   |     +    |      0|  0|  32|          32|          32|
    |add_ln729_31_fu_4162_p2   |     +    |      0|  0|  32|          32|          32|
    |add_ln729_32_fu_4251_p2   |     +    |      0|  0|  32|          32|          32|
    |add_ln729_34_fu_3537_p2   |     +    |      0|  0|  39|          32|          32|
    |add_ln729_35_fu_3625_p2   |     +    |      0|  0|  32|          32|          32|
    |add_ln729_38_fu_3630_p2   |     +    |      0|  0|  32|          32|          32|
    |add_ln729_39_fu_3636_p2   |     +    |      0|  0|  32|          32|          32|
    |add_ln729_3_fu_3531_p2    |     +    |      0|  0|  32|          32|          32|
    |add_ln729_42_fu_3734_p2   |     +    |      0|  0|  32|          32|          32|
    |add_ln729_45_fu_3739_p2   |     +    |      0|  0|  32|          32|          32|
    |add_ln729_46_fu_3744_p2   |     +    |      0|  0|  32|          32|          32|
    |add_ln729_47_fu_4168_p2   |     +    |      0|  0|  32|          32|          32|
    |add_ln729_48_fu_3832_p2   |     +    |      0|  0|  32|          32|          32|
    |add_ln729_50_fu_3837_p2   |     +    |      0|  0|  32|          32|          32|
    |add_ln729_53_fu_3927_p2   |     +    |      0|  0|  32|          32|          32|
    |add_ln729_54_fu_4172_p2   |     +    |      0|  0|  32|          32|          32|
    |add_ln729_57_fu_4020_p2   |     +    |      0|  0|  32|          32|          32|
    |add_ln729_58_fu_4026_p2   |     +    |      0|  0|  32|          32|          32|
    |add_ln729_59_fu_3933_p2   |     +    |      0|  0|  32|          32|          32|
    |add_ln729_60_fu_3937_p2   |     +    |      0|  0|  32|          32|          32|
    |add_ln729_61_fu_4032_p2   |     +    |      0|  0|  32|          32|          32|
    |add_ln729_62_fu_4037_p2   |     +    |      0|  0|  32|          32|          32|
    |add_ln729_63_fu_4176_p2   |     +    |      0|  0|  32|          32|          32|
    |add_ln729_64_fu_4181_p2   |     +    |      0|  0|  32|          32|          32|
    |add_ln729_65_fu_4255_p2   |     +    |      0|  0|  32|          32|          32|
    |add_ln729_68_fu_3585_p2   |     +    |      0|  0|  32|          32|          32|
    |add_ln729_6_fu_3579_p2    |     +    |      0|  0|  32|          32|          32|
    |add_ln729_72_fu_3843_p2   |     +    |      0|  0|  32|          32|          32|
    |add_ln729_78_fu_3750_p2   |     +    |      0|  0|  32|          32|          32|
    |add_ln729_79_fu_3755_p2   |     +    |      0|  0|  32|          32|          32|
    |add_ln729_7_fu_3718_p2    |     +    |      0|  0|  32|          32|          32|
    |add_ln729_80_fu_3848_p2   |     +    |      0|  0|  32|          32|          32|
    |add_ln729_87_fu_4187_p2   |     +    |      0|  0|  32|          32|          32|
    |add_ln729_91_fu_4043_p2   |     +    |      0|  0|  32|          32|          32|
    |add_ln729_92_fu_3501_p2   |     +    |      0|  0|  32|          32|          32|
    |add_ln729_93_fu_3507_p2   |     +    |      0|  0|  32|          32|          32|
    |add_ln729_94_fu_4049_p2   |     +    |      0|  0|  32|          32|          32|
    |add_ln729_95_fu_4192_p2   |     +    |      0|  0|  32|          32|          32|
    |add_ln729_96_fu_4197_p2   |     +    |      0|  0|  32|          32|          32|
    |add_ln729_97_fu_4260_p2   |     +    |      0|  0|  32|          32|          32|
    |add_ln729_98_fu_3543_p2   |     +    |      0|  0|  39|          32|          32|
    |grp_fu_3050_p2            |     +    |      0|  0|  39|          32|          32|
    |grp_fu_3056_p2            |     +    |      0|  0|  39|          32|          32|
    |grp_fu_3062_p2            |     +    |      0|  0|  39|          32|          32|
    |grp_fu_3068_p2            |     +    |      0|  0|  39|          32|          32|
    |grp_fu_3074_p2            |     +    |      0|  0|  39|          32|          32|
    |grp_fu_3080_p2            |     +    |      0|  0|  39|          32|          32|
    |grp_fu_3086_p2            |     +    |      0|  0|  39|          32|          32|
    |grp_fu_3092_p2            |     +    |      0|  0|  39|          32|          32|
    |grp_fu_3098_p2            |     +    |      0|  0|  32|          32|          32|
    |grp_fu_3104_p2            |     +    |      0|  0|  39|          32|          32|
    |grp_fu_3110_p2            |     +    |      0|  0|  39|          32|          32|
    |grp_fu_3116_p2            |     +    |      0|  0|  39|          32|          32|
    |grp_fu_3122_p2            |     +    |      0|  0|  39|          32|          32|
    |grp_fu_3293_p2            |     +    |      0|  0|  39|          32|          32|
    |grp_fu_3299_p2            |     +    |      0|  0|  32|          32|          32|
    |grp_fu_3305_p2            |     +    |      0|  0|  39|          32|          32|
    |grp_fu_3311_p2            |     +    |      0|  0|  32|          32|          32|
    |grp_fu_3317_p2            |     +    |      0|  0|  32|          32|          32|
    |grp_fu_3323_p2            |     +    |      0|  0|  32|          32|          32|
    |grp_fu_3329_p2            |     +    |      0|  0|  32|          32|          32|
    |grp_fu_3335_p2            |     +    |      0|  0|  39|          32|          32|
    |grp_fu_3341_p2            |     +    |      0|  0|  32|          32|          32|
    |grp_fu_3347_p2            |     +    |      0|  0|  32|          32|          32|
    |grp_fu_3353_p2            |     +    |      0|  0|  32|          32|          32|
    |grp_fu_3359_p2            |     +    |      0|  0|  32|          32|          32|
    |grp_fu_3365_p2            |     +    |      0|  0|  32|          32|          32|
    |grp_fu_3371_p2            |     +    |      0|  0|  32|          32|          32|
    |grp_fu_3377_p2            |     +    |      0|  0|  39|          32|          32|
    |grp_fu_3383_p2            |     +    |      0|  0|  32|          32|          32|
    |grp_fu_3389_p2            |     +    |      0|  0|  32|          32|          32|
    |grp_fu_3395_p2            |     +    |      0|  0|  32|          32|          32|
    |grp_fu_3401_p2            |     +    |      0|  0|  32|          32|          32|
    |grp_fu_3407_p2            |     +    |      0|  0|  32|          32|          32|
    |grp_fu_3413_p2            |     +    |      0|  0|  39|          32|          32|
    |grp_fu_3419_p2            |     +    |      0|  0|  32|          32|          32|
    |grp_fu_3425_p2            |     +    |      0|  0|  32|          32|          32|
    |grp_fu_3431_p2            |     +    |      0|  0|  32|          32|          32|
    |grp_fu_3437_p2            |     +    |      0|  0|  39|          32|          32|
    |grp_fu_3483_p2            |     +    |      0|  0|  32|          32|          32|
    |grp_fu_3489_p2            |     +    |      0|  0|  32|          32|          32|
    |grp_fu_3495_p2            |     +    |      0|  0|  32|          32|          32|
    |out_r                     |     +    |      0|  0|  32|          32|          32|
    |ap_block_state1           |    or    |      0|  0|   2|           1|           1|
    |ap_block_state6           |    or    |      0|  0|   2|           1|           1|
    +--------------------------+----------+-------+---+----+------------+------------+
    |Total                     |          |      0|  0|5555|        5378|        5378|
    +--------------------------+----------+-------+---+----+------------+------------+

    * Multiplexer: 
    +------------------------+----+-----------+-----+-----------+
    |          Name          | LUT| Input Size| Bits| Total Bits|
    +------------------------+----+-----------+-----+-----------+
    |ap_NS_fsm               |  56|         13|    1|         13|
    |ap_done                 |   9|          2|    1|          2|
    |reg_3128                |   9|          2|   32|         64|
    |reg_3133                |   9|          2|   32|         64|
    |reg_3142                |   9|          2|   32|         64|
    |reg_3155                |   9|          2|   32|         64|
    |reg_3160                |   9|          2|   32|         64|
    |reg_3185                |   9|          2|   32|         64|
    |reg_3190                |   9|          2|   32|         64|
    |reg_3195                |   9|          2|   32|         64|
    |reg_3204                |   9|          2|   32|         64|
    |sum_array_0_0_address0  |  44|          9|    4|         36|
    |sum_array_0_0_address1  |  44|          9|    4|         36|
    |sum_array_0_1_address0  |  44|          9|    4|         36|
    |sum_array_0_1_address1  |  44|          9|    4|         36|
    |sum_array_1_0_address0  |  44|          9|    4|         36|
    |sum_array_1_0_address1  |  44|          9|    4|         36|
    |sum_array_1_1_address0  |  44|          9|    4|         36|
    |sum_array_1_1_address1  |  44|          9|    4|         36|
    |sum_array_2_0_address0  |  44|          9|    4|         36|
    |sum_array_2_0_address1  |  44|          9|    4|         36|
    |sum_array_2_1_address0  |  44|          9|    4|         36|
    |sum_array_2_1_address1  |  44|          9|    4|         36|
    |sum_array_3_0_address0  |  44|          9|    4|         36|
    |sum_array_3_0_address1  |  44|          9|    4|         36|
    |sum_array_3_1_address0  |  44|          9|    4|         36|
    |sum_array_3_1_address1  |  44|          9|    4|         36|
    |sum_array_4_0_address0  |  44|          9|    4|         36|
    |sum_array_4_0_address1  |  44|          9|    4|         36|
    |sum_array_4_1_address0  |  44|          9|    4|         36|
    |sum_array_4_1_address1  |  44|          9|    4|         36|
    |sum_array_5_0_address0  |  44|          9|    4|         36|
    |sum_array_5_0_address1  |  44|          9|    4|         36|
    |sum_array_5_1_address0  |  44|          9|    4|         36|
    |sum_array_5_1_address1  |  44|          9|    4|         36|
    |sum_array_6_0_address0  |  44|          9|    4|         36|
    |sum_array_6_0_address1  |  44|          9|    4|         36|
    |sum_array_6_1_address0  |  44|          9|    4|         36|
    |sum_array_6_1_address1  |  44|          9|    4|         36|
    |sum_array_7_0_address0  |  41|          8|    4|         32|
    |sum_array_7_0_address1  |  38|          7|    4|         28|
    |sum_array_7_1_address0  |  38|          7|    4|         28|
    |sum_array_7_1_address1  |  38|          7|    4|         28|
    |x_0_0_blk_n             |   9|          2|    1|          2|
    |x_0_10_blk_n            |   9|          2|    1|          2|
    |x_0_11_blk_n            |   9|          2|    1|          2|
    |x_0_12_blk_n            |   9|          2|    1|          2|
    |x_0_1_blk_n             |   9|          2|    1|          2|
    |x_0_2_blk_n             |   9|          2|    1|          2|
    |x_0_3_blk_n             |   9|          2|    1|          2|
    |x_0_4_blk_n             |   9|          2|    1|          2|
    |x_0_5_blk_n             |   9|          2|    1|          2|
    |x_0_6_blk_n             |   9|          2|    1|          2|
    |x_0_7_blk_n             |   9|          2|    1|          2|
    |x_0_8_blk_n             |   9|          2|    1|          2|
    |x_0_9_blk_n             |   9|          2|    1|          2|
    |x_9_0_blk_n             |   9|          2|    1|          2|
    |x_9_1_blk_n             |   9|          2|    1|          2|
    |x_9_2_blk_n             |   9|          2|    1|          2|
    |y_0_0_blk_n             |   9|          2|    1|          2|
    |y_0_10_blk_n            |   9|          2|    1|          2|
    |y_0_11_blk_n            |   9|          2|    1|          2|
    |y_0_12_blk_n            |   9|          2|    1|          2|
    |y_0_1_blk_n             |   9|          2|    1|          2|
    |y_0_2_blk_n             |   9|          2|    1|          2|
    |y_0_3_blk_n             |   9|          2|    1|          2|
    |y_0_4_blk_n             |   9|          2|    1|          2|
    |y_0_5_blk_n             |   9|          2|    1|          2|
    |y_0_6_blk_n             |   9|          2|    1|          2|
    |y_0_7_blk_n             |   9|          2|    1|          2|
    |y_0_8_blk_n             |   9|          2|    1|          2|
    |y_0_9_blk_n             |   9|          2|    1|          2|
    |y_9_0_blk_n             |   9|          2|    1|          2|
    |y_9_1_blk_n             |   9|          2|    1|          2|
    |y_9_2_blk_n             |   9|          2|    1|          2|
    +------------------------+----+-----------+-----+-----------+
    |Total                   |1821|        378|  450|       1779|
    +------------------------+----+-----------+-----+-----------+

    * Register: 
    +-------------------------------+----+----+-----+-----------+
    |              Name             | FF | LUT| Bits| Const Bits|
    +-------------------------------+----+----+-----+-----------+
    |add_ln729_104_reg_5246         |  32|   0|   32|          0|
    |add_ln729_111_reg_5826         |  32|   0|   32|          0|
    |add_ln729_115_reg_5996         |  32|   0|   32|          0|
    |add_ln729_118_reg_6101         |  32|   0|   32|          0|
    |add_ln729_125_reg_4696         |  32|   0|   32|          0|
    |add_ln729_126_reg_6106         |  32|   0|   32|          0|
    |add_ln729_128_reg_6161         |  32|   0|   32|          0|
    |add_ln729_129_reg_6201         |  32|   0|   32|          0|
    |add_ln729_138_reg_5251         |  32|   0|   32|          0|
    |add_ln729_145_reg_5831         |  32|   0|   32|          0|
    |add_ln729_149_reg_6001         |  32|   0|   32|          0|
    |add_ln729_152_reg_6111         |  32|   0|   32|          0|
    |add_ln729_159_reg_4876         |  32|   0|   32|          0|
    |add_ln729_15_reg_5811          |  32|   0|   32|          0|
    |add_ln729_160_reg_5066         |  32|   0|   32|          0|
    |add_ln729_162_reg_6166         |  32|   0|   32|          0|
    |add_ln729_170_reg_5601         |  32|   0|   32|          0|
    |add_ln729_171_reg_5256         |  32|   0|   32|          0|
    |add_ln729_177_reg_6006         |  32|   0|   32|          0|
    |add_ln729_181_reg_6116         |  32|   0|   32|          0|
    |add_ln729_187_reg_6121         |  32|   0|   32|          0|
    |add_ln729_191_reg_4881         |  32|   0|   32|          0|
    |add_ln729_192_reg_5071         |  32|   0|   32|          0|
    |add_ln729_194_reg_6171         |  32|   0|   32|          0|
    |add_ln729_202_reg_5606         |  32|   0|   32|          0|
    |add_ln729_208_reg_5836         |  32|   0|   32|          0|
    |add_ln729_210_reg_6011         |  32|   0|   32|          0|
    |add_ln729_211_reg_6126         |  32|   0|   32|          0|
    |add_ln729_21_reg_5981          |  32|   0|   32|          0|
    |add_ln729_220_reg_4886         |  32|   0|   32|          0|
    |add_ln729_224_reg_5076         |  32|   0|   32|          0|
    |add_ln729_225_reg_5261         |  32|   0|   32|          0|
    |add_ln729_227_reg_6176         |  32|   0|   32|          0|
    |add_ln729_233_reg_5611         |  32|   0|   32|          0|
    |add_ln729_235_reg_5841         |  32|   0|   32|          0|
    |add_ln729_241_reg_6016         |  32|   0|   32|          0|
    |add_ln729_243_reg_6131         |  32|   0|   32|          0|
    |add_ln729_246_reg_6021         |  32|   0|   32|          0|
    |add_ln729_247_reg_6136         |  32|   0|   32|          0|
    |add_ln729_250_reg_6026         |  32|   0|   32|          0|
    |add_ln729_252_reg_6031         |  32|   0|   32|          0|
    |add_ln729_253_reg_6036         |  32|   0|   32|          0|
    |add_ln729_255_reg_6041         |  32|   0|   32|          0|
    |add_ln729_257_reg_6046         |  32|   0|   32|          0|
    |add_ln729_259_reg_6141         |  32|   0|   32|          0|
    |add_ln729_261_reg_6181         |  32|   0|   32|          0|
    |add_ln729_263_reg_6206         |  32|   0|   32|          0|
    |add_ln729_28_reg_6081          |  32|   0|   32|          0|
    |add_ln729_29_reg_6146          |  32|   0|   32|          0|
    |add_ln729_31_reg_6186          |  32|   0|   32|          0|
    |add_ln729_34_reg_4866          |  32|   0|   32|          0|
    |add_ln729_39_reg_5241          |  32|   0|   32|          0|
    |add_ln729_3_reg_4861           |  32|   0|   32|          0|
    |add_ln729_40_reg_5056          |  32|   0|   32|          0|
    |add_ln729_44_reg_5591          |  32|   0|   32|          0|
    |add_ln729_46_reg_5816          |  32|   0|   32|          0|
    |add_ln729_50_reg_5986          |  32|   0|   32|          0|
    |add_ln729_53_reg_6086          |  32|   0|   32|          0|
    |add_ln729_60_reg_6091          |  32|   0|   32|          0|
    |add_ln729_62_reg_6151          |  32|   0|   32|          0|
    |add_ln729_64_reg_6191          |  32|   0|   32|          0|
    |add_ln729_68_reg_5061          |  32|   0|   32|          0|
    |add_ln729_6_reg_5051           |  32|   0|   32|          0|
    |add_ln729_77_reg_5596          |  32|   0|   32|          0|
    |add_ln729_79_reg_5821          |  32|   0|   32|          0|
    |add_ln729_80_reg_5991          |  32|   0|   32|          0|
    |add_ln729_86_reg_6096          |  32|   0|   32|          0|
    |add_ln729_93_reg_4691          |  32|   0|   32|          0|
    |add_ln729_94_reg_6156          |  32|   0|   32|          0|
    |add_ln729_96_reg_6196          |  32|   0|   32|          0|
    |add_ln729_98_reg_4871          |  32|   0|   32|          0|
    |ap_CS_fsm                      |  12|   0|   12|          0|
    |ap_done_reg                    |   1|   0|    1|          0|
    |reg_3128                       |  32|   0|   32|          0|
    |reg_3133                       |  32|   0|   32|          0|
    |reg_3138                       |  32|   0|   32|          0|
    |reg_3142                       |  32|   0|   32|          0|
    |reg_3147                       |  32|   0|   32|          0|
    |reg_3151                       |  32|   0|   32|          0|
    |reg_3155                       |  32|   0|   32|          0|
    |reg_3160                       |  32|   0|   32|          0|
    |reg_3165                       |  32|   0|   32|          0|
    |reg_3169                       |  32|   0|   32|          0|
    |reg_3173                       |  32|   0|   32|          0|
    |reg_3177                       |  32|   0|   32|          0|
    |reg_3181                       |  32|   0|   32|          0|
    |reg_3185                       |  32|   0|   32|          0|
    |reg_3190                       |  32|   0|   32|          0|
    |reg_3195                       |  32|   0|   32|          0|
    |reg_3200                       |  32|   0|   32|          0|
    |reg_3204                       |  32|   0|   32|          0|
    |reg_3209                       |  32|   0|   32|          0|
    |reg_3213                       |  32|   0|   32|          0|
    |reg_3217                       |  32|   0|   32|          0|
    |reg_3221                       |  32|   0|   32|          0|
    |reg_3225                       |  32|   0|   32|          0|
    |reg_3229                       |  32|   0|   32|          0|
    |reg_3233                       |  32|   0|   32|          0|
    |reg_3237                       |  32|   0|   32|          0|
    |reg_3241                       |  32|   0|   32|          0|
    |reg_3245                       |  32|   0|   32|          0|
    |reg_3249                       |  32|   0|   32|          0|
    |reg_3253                       |  32|   0|   32|          0|
    |reg_3257                       |  32|   0|   32|          0|
    |reg_3261                       |  32|   0|   32|          0|
    |reg_3265                       |  32|   0|   32|          0|
    |reg_3269                       |  32|   0|   32|          0|
    |reg_3273                       |  32|   0|   32|          0|
    |reg_3277                       |  32|   0|   32|          0|
    |reg_3281                       |  32|   0|   32|          0|
    |reg_3285                       |  32|   0|   32|          0|
    |reg_3289                       |  32|   0|   32|          0|
    |reg_3443                       |  32|   0|   32|          0|
    |reg_3447                       |  32|   0|   32|          0|
    |reg_3451                       |  32|   0|   32|          0|
    |reg_3455                       |  32|   0|   32|          0|
    |reg_3459                       |  32|   0|   32|          0|
    |reg_3463                       |  32|   0|   32|          0|
    |reg_3467                       |  32|   0|   32|          0|
    |reg_3471                       |  32|   0|   32|          0|
    |reg_3475                       |  32|   0|   32|          0|
    |reg_3479                       |  32|   0|   32|          0|
    |sum_array_1_0_load_9_reg_5286  |  32|   0|   32|          0|
    |sum_array_2_0_load_reg_4556    |  32|   0|   32|          0|
    |sum_array_2_1_load_reg_4561    |  32|   0|   32|          0|
    |sum_array_4_0_load_reg_4606    |  32|   0|   32|          0|
    |sum_array_6_0_load_reg_4651    |  32|   0|   32|          0|
    |temp_l83_i10_w1_reg_5796       |  32|   0|   32|          0|
    |temp_l83_i12_w1_reg_5801       |  32|   0|   32|          0|
    |temp_l83_i2_w1_reg_5776        |  32|   0|   32|          0|
    |temp_l83_i3999_w1_reg_5806     |  32|   0|   32|          0|
    |temp_l83_i4_w1_reg_5781        |  32|   0|   32|          0|
    |temp_l83_i6_w1_reg_5786        |  32|   0|   32|          0|
    |temp_l83_i8_w1_reg_5791        |  32|   0|   32|          0|
    |x_0_0_read_reg_5431            |  16|   0|   16|          0|
    |x_0_10_read_reg_5531           |  16|   0|   16|          0|
    |x_0_11_read_reg_5541           |  16|   0|   16|          0|
    |x_0_12_read_reg_5551           |  16|   0|   16|          0|
    |x_0_1_read_reg_5441            |  16|   0|   16|          0|
    |x_0_2_read_reg_5451            |  16|   0|   16|          0|
    |x_0_3_read_reg_5461            |  16|   0|   16|          0|
    |x_0_4_read_reg_5471            |  16|   0|   16|          0|
    |x_0_5_read_reg_5481            |  16|   0|   16|          0|
    |x_0_6_read_reg_5491            |  16|   0|   16|          0|
    |x_0_7_read_reg_5501            |  16|   0|   16|          0|
    |x_0_8_read_reg_5511            |  16|   0|   16|          0|
    |x_0_9_read_reg_5521            |  16|   0|   16|          0|
    |x_9_0_read_reg_5561            |  16|   0|   16|          0|
    |x_9_1_read_reg_5571            |  16|   0|   16|          0|
    |x_9_2_read_reg_5581            |  16|   0|   16|          0|
    |y_0_0_read_reg_5436            |  16|   0|   16|          0|
    |y_0_10_read_reg_5536           |  16|   0|   16|          0|
    |y_0_11_read_reg_5546           |  16|   0|   16|          0|
    |y_0_12_read_reg_5556           |  16|   0|   16|          0|
    |y_0_1_read_reg_5446            |  16|   0|   16|          0|
    |y_0_2_read_reg_5456            |  16|   0|   16|          0|
    |y_0_3_read_reg_5466            |  16|   0|   16|          0|
    |y_0_4_read_reg_5476            |  16|   0|   16|          0|
    |y_0_5_read_reg_5486            |  16|   0|   16|          0|
    |y_0_6_read_reg_5496            |  16|   0|   16|          0|
    |y_0_7_read_reg_5506            |  16|   0|   16|          0|
    |y_0_8_read_reg_5516            |  16|   0|   16|          0|
    |y_0_9_read_reg_5526            |  16|   0|   16|          0|
    |y_9_0_read_reg_5566            |  16|   0|   16|          0|
    |y_9_1_read_reg_5576            |  16|   0|   16|          0|
    |y_9_2_read_reg_5586            |  16|   0|   16|          0|
    +-------------------------------+----+----+-----+-----------+
    |Total                          |4749|   0| 4749|          0|
    +-------------------------------+----+----+-----+-----------+



================================================================
== Interface
================================================================
* Summary: 
+------------------------+-----+-----+------------+---------------+--------------+
|        RTL Ports       | Dir | Bits|  Protocol  | Source Object |    C Type    |
+------------------------+-----+-----+------------+---------------+--------------+
|ap_clk                  |  in |    1| ap_ctrl_hs |    epilogue   | return value |
|ap_rst                  |  in |    1| ap_ctrl_hs |    epilogue   | return value |
|ap_start                |  in |    1| ap_ctrl_hs |    epilogue   | return value |
|ap_done                 | out |    1| ap_ctrl_hs |    epilogue   | return value |
|ap_continue             |  in |    1| ap_ctrl_hs |    epilogue   | return value |
|ap_idle                 | out |    1| ap_ctrl_hs |    epilogue   | return value |
|ap_ready                | out |    1| ap_ctrl_hs |    epilogue   | return value |
|sum_array_3_0_address0  | out |    4|  ap_memory | sum_array_3_0 |     array    |
|sum_array_3_0_ce0       | out |    1|  ap_memory | sum_array_3_0 |     array    |
|sum_array_3_0_q0        |  in |   32|  ap_memory | sum_array_3_0 |     array    |
|sum_array_3_0_address1  | out |    4|  ap_memory | sum_array_3_0 |     array    |
|sum_array_3_0_ce1       | out |    1|  ap_memory | sum_array_3_0 |     array    |
|sum_array_3_0_q1        |  in |   32|  ap_memory | sum_array_3_0 |     array    |
|sum_array_3_1_address0  | out |    4|  ap_memory | sum_array_3_1 |     array    |
|sum_array_3_1_ce0       | out |    1|  ap_memory | sum_array_3_1 |     array    |
|sum_array_3_1_q0        |  in |   32|  ap_memory | sum_array_3_1 |     array    |
|sum_array_3_1_address1  | out |    4|  ap_memory | sum_array_3_1 |     array    |
|sum_array_3_1_ce1       | out |    1|  ap_memory | sum_array_3_1 |     array    |
|sum_array_3_1_q1        |  in |   32|  ap_memory | sum_array_3_1 |     array    |
|sum_array_2_0_address0  | out |    4|  ap_memory | sum_array_2_0 |     array    |
|sum_array_2_0_ce0       | out |    1|  ap_memory | sum_array_2_0 |     array    |
|sum_array_2_0_q0        |  in |   32|  ap_memory | sum_array_2_0 |     array    |
|sum_array_2_0_address1  | out |    4|  ap_memory | sum_array_2_0 |     array    |
|sum_array_2_0_ce1       | out |    1|  ap_memory | sum_array_2_0 |     array    |
|sum_array_2_0_q1        |  in |   32|  ap_memory | sum_array_2_0 |     array    |
|sum_array_2_1_address0  | out |    4|  ap_memory | sum_array_2_1 |     array    |
|sum_array_2_1_ce0       | out |    1|  ap_memory | sum_array_2_1 |     array    |
|sum_array_2_1_q0        |  in |   32|  ap_memory | sum_array_2_1 |     array    |
|sum_array_2_1_address1  | out |    4|  ap_memory | sum_array_2_1 |     array    |
|sum_array_2_1_ce1       | out |    1|  ap_memory | sum_array_2_1 |     array    |
|sum_array_2_1_q1        |  in |   32|  ap_memory | sum_array_2_1 |     array    |
|sum_array_5_0_address0  | out |    4|  ap_memory | sum_array_5_0 |     array    |
|sum_array_5_0_ce0       | out |    1|  ap_memory | sum_array_5_0 |     array    |
|sum_array_5_0_q0        |  in |   32|  ap_memory | sum_array_5_0 |     array    |
|sum_array_5_0_address1  | out |    4|  ap_memory | sum_array_5_0 |     array    |
|sum_array_5_0_ce1       | out |    1|  ap_memory | sum_array_5_0 |     array    |
|sum_array_5_0_q1        |  in |   32|  ap_memory | sum_array_5_0 |     array    |
|sum_array_5_1_address0  | out |    4|  ap_memory | sum_array_5_1 |     array    |
|sum_array_5_1_ce0       | out |    1|  ap_memory | sum_array_5_1 |     array    |
|sum_array_5_1_q0        |  in |   32|  ap_memory | sum_array_5_1 |     array    |
|sum_array_5_1_address1  | out |    4|  ap_memory | sum_array_5_1 |     array    |
|sum_array_5_1_ce1       | out |    1|  ap_memory | sum_array_5_1 |     array    |
|sum_array_5_1_q1        |  in |   32|  ap_memory | sum_array_5_1 |     array    |
|y_9_0_dout              |  in |   16|   ap_fifo  |     y_9_0     |    pointer   |
|y_9_0_empty_n           |  in |    1|   ap_fifo  |     y_9_0     |    pointer   |
|y_9_0_read              | out |    1|   ap_fifo  |     y_9_0     |    pointer   |
|y_9_1_dout              |  in |   16|   ap_fifo  |     y_9_1     |    pointer   |
|y_9_1_empty_n           |  in |    1|   ap_fifo  |     y_9_1     |    pointer   |
|y_9_1_read              | out |    1|   ap_fifo  |     y_9_1     |    pointer   |
|y_9_2_dout              |  in |   16|   ap_fifo  |     y_9_2     |    pointer   |
|y_9_2_empty_n           |  in |    1|   ap_fifo  |     y_9_2     |    pointer   |
|y_9_2_read              | out |    1|   ap_fifo  |     y_9_2     |    pointer   |
|sum_array_4_0_address0  | out |    4|  ap_memory | sum_array_4_0 |     array    |
|sum_array_4_0_ce0       | out |    1|  ap_memory | sum_array_4_0 |     array    |
|sum_array_4_0_q0        |  in |   32|  ap_memory | sum_array_4_0 |     array    |
|sum_array_4_0_address1  | out |    4|  ap_memory | sum_array_4_0 |     array    |
|sum_array_4_0_ce1       | out |    1|  ap_memory | sum_array_4_0 |     array    |
|sum_array_4_0_q1        |  in |   32|  ap_memory | sum_array_4_0 |     array    |
|sum_array_4_1_address0  | out |    4|  ap_memory | sum_array_4_1 |     array    |
|sum_array_4_1_ce0       | out |    1|  ap_memory | sum_array_4_1 |     array    |
|sum_array_4_1_q0        |  in |   32|  ap_memory | sum_array_4_1 |     array    |
|sum_array_4_1_address1  | out |    4|  ap_memory | sum_array_4_1 |     array    |
|sum_array_4_1_ce1       | out |    1|  ap_memory | sum_array_4_1 |     array    |
|sum_array_4_1_q1        |  in |   32|  ap_memory | sum_array_4_1 |     array    |
|x_9_0_dout              |  in |   16|   ap_fifo  |     x_9_0     |    pointer   |
|x_9_0_empty_n           |  in |    1|   ap_fifo  |     x_9_0     |    pointer   |
|x_9_0_read              | out |    1|   ap_fifo  |     x_9_0     |    pointer   |
|x_9_1_dout              |  in |   16|   ap_fifo  |     x_9_1     |    pointer   |
|x_9_1_empty_n           |  in |    1|   ap_fifo  |     x_9_1     |    pointer   |
|x_9_1_read              | out |    1|   ap_fifo  |     x_9_1     |    pointer   |
|x_9_2_dout              |  in |   16|   ap_fifo  |     x_9_2     |    pointer   |
|x_9_2_empty_n           |  in |    1|   ap_fifo  |     x_9_2     |    pointer   |
|x_9_2_read              | out |    1|   ap_fifo  |     x_9_2     |    pointer   |
|sum_array_7_0_address0  | out |    4|  ap_memory | sum_array_7_0 |     array    |
|sum_array_7_0_ce0       | out |    1|  ap_memory | sum_array_7_0 |     array    |
|sum_array_7_0_q0        |  in |   32|  ap_memory | sum_array_7_0 |     array    |
|sum_array_7_0_address1  | out |    4|  ap_memory | sum_array_7_0 |     array    |
|sum_array_7_0_ce1       | out |    1|  ap_memory | sum_array_7_0 |     array    |
|sum_array_7_0_q1        |  in |   32|  ap_memory | sum_array_7_0 |     array    |
|sum_array_7_1_address0  | out |    4|  ap_memory | sum_array_7_1 |     array    |
|sum_array_7_1_ce0       | out |    1|  ap_memory | sum_array_7_1 |     array    |
|sum_array_7_1_q0        |  in |   32|  ap_memory | sum_array_7_1 |     array    |
|sum_array_7_1_address1  | out |    4|  ap_memory | sum_array_7_1 |     array    |
|sum_array_7_1_ce1       | out |    1|  ap_memory | sum_array_7_1 |     array    |
|sum_array_7_1_q1        |  in |   32|  ap_memory | sum_array_7_1 |     array    |
|sum_array_6_0_address0  | out |    4|  ap_memory | sum_array_6_0 |     array    |
|sum_array_6_0_ce0       | out |    1|  ap_memory | sum_array_6_0 |     array    |
|sum_array_6_0_q0        |  in |   32|  ap_memory | sum_array_6_0 |     array    |
|sum_array_6_0_address1  | out |    4|  ap_memory | sum_array_6_0 |     array    |
|sum_array_6_0_ce1       | out |    1|  ap_memory | sum_array_6_0 |     array    |
|sum_array_6_0_q1        |  in |   32|  ap_memory | sum_array_6_0 |     array    |
|sum_array_6_1_address0  | out |    4|  ap_memory | sum_array_6_1 |     array    |
|sum_array_6_1_ce0       | out |    1|  ap_memory | sum_array_6_1 |     array    |
|sum_array_6_1_q0        |  in |   32|  ap_memory | sum_array_6_1 |     array    |
|sum_array_6_1_address1  | out |    4|  ap_memory | sum_array_6_1 |     array    |
|sum_array_6_1_ce1       | out |    1|  ap_memory | sum_array_6_1 |     array    |
|sum_array_6_1_q1        |  in |   32|  ap_memory | sum_array_6_1 |     array    |
|x_0_0_dout              |  in |   16|   ap_fifo  |     x_0_0     |    pointer   |
|x_0_0_empty_n           |  in |    1|   ap_fifo  |     x_0_0     |    pointer   |
|x_0_0_read              | out |    1|   ap_fifo  |     x_0_0     |    pointer   |
|x_0_1_dout              |  in |   16|   ap_fifo  |     x_0_1     |    pointer   |
|x_0_1_empty_n           |  in |    1|   ap_fifo  |     x_0_1     |    pointer   |
|x_0_1_read              | out |    1|   ap_fifo  |     x_0_1     |    pointer   |
|x_0_2_dout              |  in |   16|   ap_fifo  |     x_0_2     |    pointer   |
|x_0_2_empty_n           |  in |    1|   ap_fifo  |     x_0_2     |    pointer   |
|x_0_2_read              | out |    1|   ap_fifo  |     x_0_2     |    pointer   |
|x_0_3_dout              |  in |   16|   ap_fifo  |     x_0_3     |    pointer   |
|x_0_3_empty_n           |  in |    1|   ap_fifo  |     x_0_3     |    pointer   |
|x_0_3_read              | out |    1|   ap_fifo  |     x_0_3     |    pointer   |
|x_0_4_dout              |  in |   16|   ap_fifo  |     x_0_4     |    pointer   |
|x_0_4_empty_n           |  in |    1|   ap_fifo  |     x_0_4     |    pointer   |
|x_0_4_read              | out |    1|   ap_fifo  |     x_0_4     |    pointer   |
|x_0_5_dout              |  in |   16|   ap_fifo  |     x_0_5     |    pointer   |
|x_0_5_empty_n           |  in |    1|   ap_fifo  |     x_0_5     |    pointer   |
|x_0_5_read              | out |    1|   ap_fifo  |     x_0_5     |    pointer   |
|x_0_6_dout              |  in |   16|   ap_fifo  |     x_0_6     |    pointer   |
|x_0_6_empty_n           |  in |    1|   ap_fifo  |     x_0_6     |    pointer   |
|x_0_6_read              | out |    1|   ap_fifo  |     x_0_6     |    pointer   |
|x_0_7_dout              |  in |   16|   ap_fifo  |     x_0_7     |    pointer   |
|x_0_7_empty_n           |  in |    1|   ap_fifo  |     x_0_7     |    pointer   |
|x_0_7_read              | out |    1|   ap_fifo  |     x_0_7     |    pointer   |
|x_0_8_dout              |  in |   16|   ap_fifo  |     x_0_8     |    pointer   |
|x_0_8_empty_n           |  in |    1|   ap_fifo  |     x_0_8     |    pointer   |
|x_0_8_read              | out |    1|   ap_fifo  |     x_0_8     |    pointer   |
|x_0_9_dout              |  in |   16|   ap_fifo  |     x_0_9     |    pointer   |
|x_0_9_empty_n           |  in |    1|   ap_fifo  |     x_0_9     |    pointer   |
|x_0_9_read              | out |    1|   ap_fifo  |     x_0_9     |    pointer   |
|x_0_10_dout             |  in |   16|   ap_fifo  |     x_0_10    |    pointer   |
|x_0_10_empty_n          |  in |    1|   ap_fifo  |     x_0_10    |    pointer   |
|x_0_10_read             | out |    1|   ap_fifo  |     x_0_10    |    pointer   |
|x_0_11_dout             |  in |   16|   ap_fifo  |     x_0_11    |    pointer   |
|x_0_11_empty_n          |  in |    1|   ap_fifo  |     x_0_11    |    pointer   |
|x_0_11_read             | out |    1|   ap_fifo  |     x_0_11    |    pointer   |
|x_0_12_dout             |  in |   16|   ap_fifo  |     x_0_12    |    pointer   |
|x_0_12_empty_n          |  in |    1|   ap_fifo  |     x_0_12    |    pointer   |
|x_0_12_read             | out |    1|   ap_fifo  |     x_0_12    |    pointer   |
|y_0_0_dout              |  in |   16|   ap_fifo  |     y_0_0     |    pointer   |
|y_0_0_empty_n           |  in |    1|   ap_fifo  |     y_0_0     |    pointer   |
|y_0_0_read              | out |    1|   ap_fifo  |     y_0_0     |    pointer   |
|y_0_1_dout              |  in |   16|   ap_fifo  |     y_0_1     |    pointer   |
|y_0_1_empty_n           |  in |    1|   ap_fifo  |     y_0_1     |    pointer   |
|y_0_1_read              | out |    1|   ap_fifo  |     y_0_1     |    pointer   |
|y_0_2_dout              |  in |   16|   ap_fifo  |     y_0_2     |    pointer   |
|y_0_2_empty_n           |  in |    1|   ap_fifo  |     y_0_2     |    pointer   |
|y_0_2_read              | out |    1|   ap_fifo  |     y_0_2     |    pointer   |
|y_0_3_dout              |  in |   16|   ap_fifo  |     y_0_3     |    pointer   |
|y_0_3_empty_n           |  in |    1|   ap_fifo  |     y_0_3     |    pointer   |
|y_0_3_read              | out |    1|   ap_fifo  |     y_0_3     |    pointer   |
|y_0_4_dout              |  in |   16|   ap_fifo  |     y_0_4     |    pointer   |
|y_0_4_empty_n           |  in |    1|   ap_fifo  |     y_0_4     |    pointer   |
|y_0_4_read              | out |    1|   ap_fifo  |     y_0_4     |    pointer   |
|y_0_5_dout              |  in |   16|   ap_fifo  |     y_0_5     |    pointer   |
|y_0_5_empty_n           |  in |    1|   ap_fifo  |     y_0_5     |    pointer   |
|y_0_5_read              | out |    1|   ap_fifo  |     y_0_5     |    pointer   |
|y_0_6_dout              |  in |   16|   ap_fifo  |     y_0_6     |    pointer   |
|y_0_6_empty_n           |  in |    1|   ap_fifo  |     y_0_6     |    pointer   |
|y_0_6_read              | out |    1|   ap_fifo  |     y_0_6     |    pointer   |
|y_0_7_dout              |  in |   16|   ap_fifo  |     y_0_7     |    pointer   |
|y_0_7_empty_n           |  in |    1|   ap_fifo  |     y_0_7     |    pointer   |
|y_0_7_read              | out |    1|   ap_fifo  |     y_0_7     |    pointer   |
|y_0_8_dout              |  in |   16|   ap_fifo  |     y_0_8     |    pointer   |
|y_0_8_empty_n           |  in |    1|   ap_fifo  |     y_0_8     |    pointer   |
|y_0_8_read              | out |    1|   ap_fifo  |     y_0_8     |    pointer   |
|y_0_9_dout              |  in |   16|   ap_fifo  |     y_0_9     |    pointer   |
|y_0_9_empty_n           |  in |    1|   ap_fifo  |     y_0_9     |    pointer   |
|y_0_9_read              | out |    1|   ap_fifo  |     y_0_9     |    pointer   |
|y_0_10_dout             |  in |   16|   ap_fifo  |     y_0_10    |    pointer   |
|y_0_10_empty_n          |  in |    1|   ap_fifo  |     y_0_10    |    pointer   |
|y_0_10_read             | out |    1|   ap_fifo  |     y_0_10    |    pointer   |
|y_0_11_dout             |  in |   16|   ap_fifo  |     y_0_11    |    pointer   |
|y_0_11_empty_n          |  in |    1|   ap_fifo  |     y_0_11    |    pointer   |
|y_0_11_read             | out |    1|   ap_fifo  |     y_0_11    |    pointer   |
|y_0_12_dout             |  in |   16|   ap_fifo  |     y_0_12    |    pointer   |
|y_0_12_empty_n          |  in |    1|   ap_fifo  |     y_0_12    |    pointer   |
|y_0_12_read             | out |    1|   ap_fifo  |     y_0_12    |    pointer   |
|sum_array_1_0_address0  | out |    4|  ap_memory | sum_array_1_0 |     array    |
|sum_array_1_0_ce0       | out |    1|  ap_memory | sum_array_1_0 |     array    |
|sum_array_1_0_q0        |  in |   32|  ap_memory | sum_array_1_0 |     array    |
|sum_array_1_0_address1  | out |    4|  ap_memory | sum_array_1_0 |     array    |
|sum_array_1_0_ce1       | out |    1|  ap_memory | sum_array_1_0 |     array    |
|sum_array_1_0_q1        |  in |   32|  ap_memory | sum_array_1_0 |     array    |
|sum_array_1_1_address0  | out |    4|  ap_memory | sum_array_1_1 |     array    |
|sum_array_1_1_ce0       | out |    1|  ap_memory | sum_array_1_1 |     array    |
|sum_array_1_1_q0        |  in |   32|  ap_memory | sum_array_1_1 |     array    |
|sum_array_1_1_address1  | out |    4|  ap_memory | sum_array_1_1 |     array    |
|sum_array_1_1_ce1       | out |    1|  ap_memory | sum_array_1_1 |     array    |
|sum_array_1_1_q1        |  in |   32|  ap_memory | sum_array_1_1 |     array    |
|sum_array_0_0_address0  | out |    4|  ap_memory | sum_array_0_0 |     array    |
|sum_array_0_0_ce0       | out |    1|  ap_memory | sum_array_0_0 |     array    |
|sum_array_0_0_q0        |  in |   32|  ap_memory | sum_array_0_0 |     array    |
|sum_array_0_0_address1  | out |    4|  ap_memory | sum_array_0_0 |     array    |
|sum_array_0_0_ce1       | out |    1|  ap_memory | sum_array_0_0 |     array    |
|sum_array_0_0_q1        |  in |   32|  ap_memory | sum_array_0_0 |     array    |
|sum_array_0_1_address0  | out |    4|  ap_memory | sum_array_0_1 |     array    |
|sum_array_0_1_ce0       | out |    1|  ap_memory | sum_array_0_1 |     array    |
|sum_array_0_1_q0        |  in |   32|  ap_memory | sum_array_0_1 |     array    |
|sum_array_0_1_address1  | out |    4|  ap_memory | sum_array_0_1 |     array    |
|sum_array_0_1_ce1       | out |    1|  ap_memory | sum_array_0_1 |     array    |
|sum_array_0_1_q1        |  in |   32|  ap_memory | sum_array_0_1 |     array    |
|out_r                   | out |   32|   ap_vld   |     out_r     |    pointer   |
|out_r_ap_vld            | out |    1|   ap_vld   |     out_r     |    pointer   |
+------------------------+-----+-----+------------+---------------+--------------+

