

================================================================
== Vivado HLS Report for 'n4000_dotprod_parall_2'
================================================================
* Date:           Wed Jul 15 19:13:53 2020

* Version:        2019.2 (Build 2704478 on Wed Nov 06 22:10:23 MST 2019)
* Project:        dotprod
* Solution:       solution1
* Product family: zynq
* Target device:  xc7z020-clg484-1


================================================================
== Performance Estimates
================================================================
+ Timing: 
    * Summary: 
    +--------+----------+----------+------------+
    |  Clock |  Target  | Estimated| Uncertainty|
    +--------+----------+----------+------------+
    |ap_clk  | 10.00 ns | 3.634 ns |   1.25 ns  |
    +--------+----------+----------+------------+

+ Latency: 
    * Summary: 
    +---------+---------+----------+----------+-----+-----+---------+
    |  Latency (cycles) |  Latency (absolute) |  Interval | Pipeline|
    |   min   |   max   |    min   |    max   | min | max |   Type  |
    +---------+---------+----------+----------+-----+-----+---------+
    |        0|        0|   0 ns   |   0 ns   |    0|    0|   none  |
    +---------+---------+----------+----------+-----+-----+---------+

    + Detail: 
        * Instance: 
        N/A

        * Loop: 
        N/A



================================================================
== Utilization Estimates
================================================================
* Summary: 
+-----------------+---------+-------+--------+-------+-----+
|       Name      | BRAM_18K| DSP48E|   FF   |  LUT  | URAM|
+-----------------+---------+-------+--------+-------+-----+
|DSP              |        -|      -|       -|      -|    -|
|Expression       |        -|      -|       0|      2|    -|
|FIFO             |        -|      -|       -|      -|    -|
|Instance         |        -|      -|       -|      -|    -|
|Memory           |        -|      -|       -|      -|    -|
|Multiplexer      |        -|      -|       -|   1746|    -|
|Register         |        -|      -|       3|      -|    -|
+-----------------+---------+-------+--------+-------+-----+
|Total            |        0|      0|       3|   1748|    0|
+-----------------+---------+-------+--------+-------+-----+
|Available        |      280|    220|  106400|  53200|    0|
+-----------------+---------+-------+--------+-------+-----+
|Utilization (%)  |        0|      0|   ~0   |      3|    0|
+-----------------+---------+-------+--------+-------+-----+

+ Detail: 
    * Instance: 
    N/A

    * DSP48E: 
    N/A

    * Memory: 
    N/A

    * FIFO: 
    N/A

    * Expression: 
    +-----------------+----------+-------+---+----+------------+------------+
    |  Variable Name  | Operation| DSP48E| FF| LUT| Bitwidth P0| Bitwidth P1|
    +-----------------+----------+-------+---+----+------------+------------+
    |ap_block_state1  |    or    |      0|  0|   2|           1|           1|
    +-----------------+----------+-------+---+----+------------+------------+
    |Total            |          |      0|  0|   2|           1|           1|
    +-----------------+----------+-------+---+----+------------+------------+

    * Multiplexer: 
    +------------------+----+-----------+-----+-----------+
    |       Name       | LUT| Input Size| Bits| Total Bits|
    +------------------+----+-----------+-----+-----------+
    |ap_done           |   9|          2|    1|          2|
    |real_start        |   9|          2|    1|          2|
    |x_0_0_out_blk_n   |   9|          2|    1|          2|
    |x_0_10_out_blk_n  |   9|          2|    1|          2|
    |x_0_11_out_blk_n  |   9|          2|    1|          2|
    |x_0_12_out_blk_n  |   9|          2|    1|          2|
    |x_0_13_out_blk_n  |   9|          2|    1|          2|
    |x_0_14_out_blk_n  |   9|          2|    1|          2|
    |x_0_15_out_blk_n  |   9|          2|    1|          2|
    |x_0_16_out_blk_n  |   9|          2|    1|          2|
    |x_0_17_out_blk_n  |   9|          2|    1|          2|
    |x_0_18_out_blk_n  |   9|          2|    1|          2|
    |x_0_19_out_blk_n  |   9|          2|    1|          2|
    |x_0_1_out_blk_n   |   9|          2|    1|          2|
    |x_0_20_out_blk_n  |   9|          2|    1|          2|
    |x_0_21_out_blk_n  |   9|          2|    1|          2|
    |x_0_22_out_blk_n  |   9|          2|    1|          2|
    |x_0_23_out_blk_n  |   9|          2|    1|          2|
    |x_0_24_out_blk_n  |   9|          2|    1|          2|
    |x_0_25_out_blk_n  |   9|          2|    1|          2|
    |x_0_26_out_blk_n  |   9|          2|    1|          2|
    |x_0_27_out_blk_n  |   9|          2|    1|          2|
    |x_0_28_out_blk_n  |   9|          2|    1|          2|
    |x_0_29_out_blk_n  |   9|          2|    1|          2|
    |x_0_2_out_blk_n   |   9|          2|    1|          2|
    |x_0_30_out_blk_n  |   9|          2|    1|          2|
    |x_0_31_out_blk_n  |   9|          2|    1|          2|
    |x_0_32_out_blk_n  |   9|          2|    1|          2|
    |x_0_33_out_blk_n  |   9|          2|    1|          2|
    |x_0_34_out_blk_n  |   9|          2|    1|          2|
    |x_0_35_out_blk_n  |   9|          2|    1|          2|
    |x_0_36_out_blk_n  |   9|          2|    1|          2|
    |x_0_37_out_blk_n  |   9|          2|    1|          2|
    |x_0_38_out_blk_n  |   9|          2|    1|          2|
    |x_0_39_out_blk_n  |   9|          2|    1|          2|
    |x_0_3_out_blk_n   |   9|          2|    1|          2|
    |x_0_40_out_blk_n  |   9|          2|    1|          2|
    |x_0_41_out_blk_n  |   9|          2|    1|          2|
    |x_0_42_out_blk_n  |   9|          2|    1|          2|
    |x_0_43_out_blk_n  |   9|          2|    1|          2|
    |x_0_44_out_blk_n  |   9|          2|    1|          2|
    |x_0_4_out_blk_n   |   9|          2|    1|          2|
    |x_0_5_out_blk_n   |   9|          2|    1|          2|
    |x_0_6_out_blk_n   |   9|          2|    1|          2|
    |x_0_7_out_blk_n   |   9|          2|    1|          2|
    |x_0_8_out_blk_n   |   9|          2|    1|          2|
    |x_0_9_out_blk_n   |   9|          2|    1|          2|
    |x_4_0_out_blk_n   |   9|          2|    1|          2|
    |x_4_10_out_blk_n  |   9|          2|    1|          2|
    |x_4_11_out_blk_n  |   9|          2|    1|          2|
    |x_4_12_out_blk_n  |   9|          2|    1|          2|
    |x_4_13_out_blk_n  |   9|          2|    1|          2|
    |x_4_14_out_blk_n  |   9|          2|    1|          2|
    |x_4_15_out_blk_n  |   9|          2|    1|          2|
    |x_4_16_out_blk_n  |   9|          2|    1|          2|
    |x_4_17_out_blk_n  |   9|          2|    1|          2|
    |x_4_18_out_blk_n  |   9|          2|    1|          2|
    |x_4_19_out_blk_n  |   9|          2|    1|          2|
    |x_4_1_out_blk_n   |   9|          2|    1|          2|
    |x_4_20_out_blk_n  |   9|          2|    1|          2|
    |x_4_21_out_blk_n  |   9|          2|    1|          2|
    |x_4_22_out_blk_n  |   9|          2|    1|          2|
    |x_4_23_out_blk_n  |   9|          2|    1|          2|
    |x_4_24_out_blk_n  |   9|          2|    1|          2|
    |x_4_25_out_blk_n  |   9|          2|    1|          2|
    |x_4_26_out_blk_n  |   9|          2|    1|          2|
    |x_4_27_out_blk_n  |   9|          2|    1|          2|
    |x_4_28_out_blk_n  |   9|          2|    1|          2|
    |x_4_29_out_blk_n  |   9|          2|    1|          2|
    |x_4_2_out_blk_n   |   9|          2|    1|          2|
    |x_4_30_out_blk_n  |   9|          2|    1|          2|
    |x_4_31_out_blk_n  |   9|          2|    1|          2|
    |x_4_32_out_blk_n  |   9|          2|    1|          2|
    |x_4_33_out_blk_n  |   9|          2|    1|          2|
    |x_4_34_out_blk_n  |   9|          2|    1|          2|
    |x_4_35_out_blk_n  |   9|          2|    1|          2|
    |x_4_36_out_blk_n  |   9|          2|    1|          2|
    |x_4_37_out_blk_n  |   9|          2|    1|          2|
    |x_4_38_out_blk_n  |   9|          2|    1|          2|
    |x_4_39_out_blk_n  |   9|          2|    1|          2|
    |x_4_3_out_blk_n   |   9|          2|    1|          2|
    |x_4_40_out_blk_n  |   9|          2|    1|          2|
    |x_4_41_out_blk_n  |   9|          2|    1|          2|
    |x_4_42_out_blk_n  |   9|          2|    1|          2|
    |x_4_43_out_blk_n  |   9|          2|    1|          2|
    |x_4_44_out_blk_n  |   9|          2|    1|          2|
    |x_4_45_out_blk_n  |   9|          2|    1|          2|
    |x_4_46_out_blk_n  |   9|          2|    1|          2|
    |x_4_47_out_blk_n  |   9|          2|    1|          2|
    |x_4_48_out_blk_n  |   9|          2|    1|          2|
    |x_4_49_out_blk_n  |   9|          2|    1|          2|
    |x_4_4_out_blk_n   |   9|          2|    1|          2|
    |x_4_50_out_blk_n  |   9|          2|    1|          2|
    |x_4_5_out_blk_n   |   9|          2|    1|          2|
    |x_4_6_out_blk_n   |   9|          2|    1|          2|
    |x_4_7_out_blk_n   |   9|          2|    1|          2|
    |x_4_8_out_blk_n   |   9|          2|    1|          2|
    |x_4_9_out_blk_n   |   9|          2|    1|          2|
    |y_0_0_out_blk_n   |   9|          2|    1|          2|
    |y_0_10_out_blk_n  |   9|          2|    1|          2|
    |y_0_11_out_blk_n  |   9|          2|    1|          2|
    |y_0_12_out_blk_n  |   9|          2|    1|          2|
    |y_0_13_out_blk_n  |   9|          2|    1|          2|
    |y_0_14_out_blk_n  |   9|          2|    1|          2|
    |y_0_15_out_blk_n  |   9|          2|    1|          2|
    |y_0_16_out_blk_n  |   9|          2|    1|          2|
    |y_0_17_out_blk_n  |   9|          2|    1|          2|
    |y_0_18_out_blk_n  |   9|          2|    1|          2|
    |y_0_19_out_blk_n  |   9|          2|    1|          2|
    |y_0_1_out_blk_n   |   9|          2|    1|          2|
    |y_0_20_out_blk_n  |   9|          2|    1|          2|
    |y_0_21_out_blk_n  |   9|          2|    1|          2|
    |y_0_22_out_blk_n  |   9|          2|    1|          2|
    |y_0_23_out_blk_n  |   9|          2|    1|          2|
    |y_0_24_out_blk_n  |   9|          2|    1|          2|
    |y_0_25_out_blk_n  |   9|          2|    1|          2|
    |y_0_26_out_blk_n  |   9|          2|    1|          2|
    |y_0_27_out_blk_n  |   9|          2|    1|          2|
    |y_0_28_out_blk_n  |   9|          2|    1|          2|
    |y_0_29_out_blk_n  |   9|          2|    1|          2|
    |y_0_2_out_blk_n   |   9|          2|    1|          2|
    |y_0_30_out_blk_n  |   9|          2|    1|          2|
    |y_0_31_out_blk_n  |   9|          2|    1|          2|
    |y_0_32_out_blk_n  |   9|          2|    1|          2|
    |y_0_33_out_blk_n  |   9|          2|    1|          2|
    |y_0_34_out_blk_n  |   9|          2|    1|          2|
    |y_0_35_out_blk_n  |   9|          2|    1|          2|
    |y_0_36_out_blk_n  |   9|          2|    1|          2|
    |y_0_37_out_blk_n  |   9|          2|    1|          2|
    |y_0_38_out_blk_n  |   9|          2|    1|          2|
    |y_0_39_out_blk_n  |   9|          2|    1|          2|
    |y_0_3_out_blk_n   |   9|          2|    1|          2|
    |y_0_40_out_blk_n  |   9|          2|    1|          2|
    |y_0_41_out_blk_n  |   9|          2|    1|          2|
    |y_0_42_out_blk_n  |   9|          2|    1|          2|
    |y_0_43_out_blk_n  |   9|          2|    1|          2|
    |y_0_44_out_blk_n  |   9|          2|    1|          2|
    |y_0_4_out_blk_n   |   9|          2|    1|          2|
    |y_0_5_out_blk_n   |   9|          2|    1|          2|
    |y_0_6_out_blk_n   |   9|          2|    1|          2|
    |y_0_7_out_blk_n   |   9|          2|    1|          2|
    |y_0_8_out_blk_n   |   9|          2|    1|          2|
    |y_0_9_out_blk_n   |   9|          2|    1|          2|
    |y_4_0_out_blk_n   |   9|          2|    1|          2|
    |y_4_10_out_blk_n  |   9|          2|    1|          2|
    |y_4_11_out_blk_n  |   9|          2|    1|          2|
    |y_4_12_out_blk_n  |   9|          2|    1|          2|
    |y_4_13_out_blk_n  |   9|          2|    1|          2|
    |y_4_14_out_blk_n  |   9|          2|    1|          2|
    |y_4_15_out_blk_n  |   9|          2|    1|          2|
    |y_4_16_out_blk_n  |   9|          2|    1|          2|
    |y_4_17_out_blk_n  |   9|          2|    1|          2|
    |y_4_18_out_blk_n  |   9|          2|    1|          2|
    |y_4_19_out_blk_n  |   9|          2|    1|          2|
    |y_4_1_out_blk_n   |   9|          2|    1|          2|
    |y_4_20_out_blk_n  |   9|          2|    1|          2|
    |y_4_21_out_blk_n  |   9|          2|    1|          2|
    |y_4_22_out_blk_n  |   9|          2|    1|          2|
    |y_4_23_out_blk_n  |   9|          2|    1|          2|
    |y_4_24_out_blk_n  |   9|          2|    1|          2|
    |y_4_25_out_blk_n  |   9|          2|    1|          2|
    |y_4_26_out_blk_n  |   9|          2|    1|          2|
    |y_4_27_out_blk_n  |   9|          2|    1|          2|
    |y_4_28_out_blk_n  |   9|          2|    1|          2|
    |y_4_29_out_blk_n  |   9|          2|    1|          2|
    |y_4_2_out_blk_n   |   9|          2|    1|          2|
    |y_4_30_out_blk_n  |   9|          2|    1|          2|
    |y_4_31_out_blk_n  |   9|          2|    1|          2|
    |y_4_32_out_blk_n  |   9|          2|    1|          2|
    |y_4_33_out_blk_n  |   9|          2|    1|          2|
    |y_4_34_out_blk_n  |   9|          2|    1|          2|
    |y_4_35_out_blk_n  |   9|          2|    1|          2|
    |y_4_36_out_blk_n  |   9|          2|    1|          2|
    |y_4_37_out_blk_n  |   9|          2|    1|          2|
    |y_4_38_out_blk_n  |   9|          2|    1|          2|
    |y_4_39_out_blk_n  |   9|          2|    1|          2|
    |y_4_3_out_blk_n   |   9|          2|    1|          2|
    |y_4_40_out_blk_n  |   9|          2|    1|          2|
    |y_4_41_out_blk_n  |   9|          2|    1|          2|
    |y_4_42_out_blk_n  |   9|          2|    1|          2|
    |y_4_43_out_blk_n  |   9|          2|    1|          2|
    |y_4_44_out_blk_n  |   9|          2|    1|          2|
    |y_4_45_out_blk_n  |   9|          2|    1|          2|
    |y_4_46_out_blk_n  |   9|          2|    1|          2|
    |y_4_47_out_blk_n  |   9|          2|    1|          2|
    |y_4_48_out_blk_n  |   9|          2|    1|          2|
    |y_4_49_out_blk_n  |   9|          2|    1|          2|
    |y_4_4_out_blk_n   |   9|          2|    1|          2|
    |y_4_50_out_blk_n  |   9|          2|    1|          2|
    |y_4_5_out_blk_n   |   9|          2|    1|          2|
    |y_4_6_out_blk_n   |   9|          2|    1|          2|
    |y_4_7_out_blk_n   |   9|          2|    1|          2|
    |y_4_8_out_blk_n   |   9|          2|    1|          2|
    |y_4_9_out_blk_n   |   9|          2|    1|          2|
    +------------------+----+-----------+-----+-----------+
    |Total             |1746|        388|  194|        388|
    +------------------+----+-----------+-----+-----------+

    * Register: 
    +----------------+---+----+-----+-----------+
    |      Name      | FF| LUT| Bits| Const Bits|
    +----------------+---+----+-----+-----------+
    |ap_CS_fsm       |  1|   0|    1|          0|
    |ap_done_reg     |  1|   0|    1|          0|
    |start_once_reg  |  1|   0|    1|          0|
    +----------------+---+----+-----+-----------+
    |Total           |  3|   0|    3|          0|
    +----------------+---+----+-----+-----------+



================================================================
== Interface
================================================================
* Summary: 
+-------------------+-----+-----+------------+------------------------+--------------+
|     RTL Ports     | Dir | Bits|  Protocol  |      Source Object     |    C Type    |
+-------------------+-----+-----+------------+------------------------+--------------+
|ap_clk             |  in |    1| ap_ctrl_hs | n4000_dotprod_parall.2 | return value |
|ap_rst             |  in |    1| ap_ctrl_hs | n4000_dotprod_parall.2 | return value |
|ap_start           |  in |    1| ap_ctrl_hs | n4000_dotprod_parall.2 | return value |
|start_full_n       |  in |    1| ap_ctrl_hs | n4000_dotprod_parall.2 | return value |
|ap_done            | out |    1| ap_ctrl_hs | n4000_dotprod_parall.2 | return value |
|ap_continue        |  in |    1| ap_ctrl_hs | n4000_dotprod_parall.2 | return value |
|ap_idle            | out |    1| ap_ctrl_hs | n4000_dotprod_parall.2 | return value |
|ap_ready           | out |    1| ap_ctrl_hs | n4000_dotprod_parall.2 | return value |
|start_out          | out |    1| ap_ctrl_hs | n4000_dotprod_parall.2 | return value |
|start_write        | out |    1| ap_ctrl_hs | n4000_dotprod_parall.2 | return value |
|x_0_0              |  in |   16|   ap_none  |          x_0_0         |    pointer   |
|x_0_1              |  in |   16|   ap_none  |          x_0_1         |    pointer   |
|x_0_2              |  in |   16|   ap_none  |          x_0_2         |    pointer   |
|x_0_3              |  in |   16|   ap_none  |          x_0_3         |    pointer   |
|x_0_4              |  in |   16|   ap_none  |          x_0_4         |    pointer   |
|x_0_5              |  in |   16|   ap_none  |          x_0_5         |    pointer   |
|x_0_6              |  in |   16|   ap_none  |          x_0_6         |    pointer   |
|x_0_7              |  in |   16|   ap_none  |          x_0_7         |    pointer   |
|x_0_8              |  in |   16|   ap_none  |          x_0_8         |    pointer   |
|x_0_9              |  in |   16|   ap_none  |          x_0_9         |    pointer   |
|x_0_10             |  in |   16|   ap_none  |         x_0_10         |    pointer   |
|x_0_11             |  in |   16|   ap_none  |         x_0_11         |    pointer   |
|x_0_12             |  in |   16|   ap_none  |         x_0_12         |    pointer   |
|x_0_13             |  in |   16|   ap_none  |         x_0_13         |    pointer   |
|x_0_14             |  in |   16|   ap_none  |         x_0_14         |    pointer   |
|x_0_15             |  in |   16|   ap_none  |         x_0_15         |    pointer   |
|x_0_16             |  in |   16|   ap_none  |         x_0_16         |    pointer   |
|x_0_17             |  in |   16|   ap_none  |         x_0_17         |    pointer   |
|x_0_18             |  in |   16|   ap_none  |         x_0_18         |    pointer   |
|x_0_19             |  in |   16|   ap_none  |         x_0_19         |    pointer   |
|x_0_20             |  in |   16|   ap_none  |         x_0_20         |    pointer   |
|x_0_21             |  in |   16|   ap_none  |         x_0_21         |    pointer   |
|x_0_22             |  in |   16|   ap_none  |         x_0_22         |    pointer   |
|x_0_23             |  in |   16|   ap_none  |         x_0_23         |    pointer   |
|x_0_24             |  in |   16|   ap_none  |         x_0_24         |    pointer   |
|x_0_25             |  in |   16|   ap_none  |         x_0_25         |    pointer   |
|x_0_26             |  in |   16|   ap_none  |         x_0_26         |    pointer   |
|x_0_27             |  in |   16|   ap_none  |         x_0_27         |    pointer   |
|x_0_28             |  in |   16|   ap_none  |         x_0_28         |    pointer   |
|x_0_29             |  in |   16|   ap_none  |         x_0_29         |    pointer   |
|x_0_30             |  in |   16|   ap_none  |         x_0_30         |    pointer   |
|x_0_31             |  in |   16|   ap_none  |         x_0_31         |    pointer   |
|x_0_32             |  in |   16|   ap_none  |         x_0_32         |    pointer   |
|x_0_33             |  in |   16|   ap_none  |         x_0_33         |    pointer   |
|x_0_34             |  in |   16|   ap_none  |         x_0_34         |    pointer   |
|x_0_35             |  in |   16|   ap_none  |         x_0_35         |    pointer   |
|x_0_36             |  in |   16|   ap_none  |         x_0_36         |    pointer   |
|x_0_37             |  in |   16|   ap_none  |         x_0_37         |    pointer   |
|x_0_38             |  in |   16|   ap_none  |         x_0_38         |    pointer   |
|x_0_39             |  in |   16|   ap_none  |         x_0_39         |    pointer   |
|x_0_40             |  in |   16|   ap_none  |         x_0_40         |    pointer   |
|x_0_41             |  in |   16|   ap_none  |         x_0_41         |    pointer   |
|x_0_42             |  in |   16|   ap_none  |         x_0_42         |    pointer   |
|x_0_43             |  in |   16|   ap_none  |         x_0_43         |    pointer   |
|x_0_44             |  in |   16|   ap_none  |         x_0_44         |    pointer   |
|x_4_0              |  in |   16|   ap_none  |          x_4_0         |    pointer   |
|x_4_1              |  in |   16|   ap_none  |          x_4_1         |    pointer   |
|x_4_2              |  in |   16|   ap_none  |          x_4_2         |    pointer   |
|x_4_3              |  in |   16|   ap_none  |          x_4_3         |    pointer   |
|x_4_4              |  in |   16|   ap_none  |          x_4_4         |    pointer   |
|x_4_5              |  in |   16|   ap_none  |          x_4_5         |    pointer   |
|x_4_6              |  in |   16|   ap_none  |          x_4_6         |    pointer   |
|x_4_7              |  in |   16|   ap_none  |          x_4_7         |    pointer   |
|x_4_8              |  in |   16|   ap_none  |          x_4_8         |    pointer   |
|x_4_9              |  in |   16|   ap_none  |          x_4_9         |    pointer   |
|x_4_10             |  in |   16|   ap_none  |         x_4_10         |    pointer   |
|x_4_11             |  in |   16|   ap_none  |         x_4_11         |    pointer   |
|x_4_12             |  in |   16|   ap_none  |         x_4_12         |    pointer   |
|x_4_13             |  in |   16|   ap_none  |         x_4_13         |    pointer   |
|x_4_14             |  in |   16|   ap_none  |         x_4_14         |    pointer   |
|x_4_15             |  in |   16|   ap_none  |         x_4_15         |    pointer   |
|x_4_16             |  in |   16|   ap_none  |         x_4_16         |    pointer   |
|x_4_17             |  in |   16|   ap_none  |         x_4_17         |    pointer   |
|x_4_18             |  in |   16|   ap_none  |         x_4_18         |    pointer   |
|x_4_19             |  in |   16|   ap_none  |         x_4_19         |    pointer   |
|x_4_20             |  in |   16|   ap_none  |         x_4_20         |    pointer   |
|x_4_21             |  in |   16|   ap_none  |         x_4_21         |    pointer   |
|x_4_22             |  in |   16|   ap_none  |         x_4_22         |    pointer   |
|x_4_23             |  in |   16|   ap_none  |         x_4_23         |    pointer   |
|x_4_24             |  in |   16|   ap_none  |         x_4_24         |    pointer   |
|x_4_25             |  in |   16|   ap_none  |         x_4_25         |    pointer   |
|x_4_26             |  in |   16|   ap_none  |         x_4_26         |    pointer   |
|x_4_27             |  in |   16|   ap_none  |         x_4_27         |    pointer   |
|x_4_28             |  in |   16|   ap_none  |         x_4_28         |    pointer   |
|x_4_29             |  in |   16|   ap_none  |         x_4_29         |    pointer   |
|x_4_30             |  in |   16|   ap_none  |         x_4_30         |    pointer   |
|x_4_31             |  in |   16|   ap_none  |         x_4_31         |    pointer   |
|x_4_32             |  in |   16|   ap_none  |         x_4_32         |    pointer   |
|x_4_33             |  in |   16|   ap_none  |         x_4_33         |    pointer   |
|x_4_34             |  in |   16|   ap_none  |         x_4_34         |    pointer   |
|x_4_35             |  in |   16|   ap_none  |         x_4_35         |    pointer   |
|x_4_36             |  in |   16|   ap_none  |         x_4_36         |    pointer   |
|x_4_37             |  in |   16|   ap_none  |         x_4_37         |    pointer   |
|x_4_38             |  in |   16|   ap_none  |         x_4_38         |    pointer   |
|x_4_39             |  in |   16|   ap_none  |         x_4_39         |    pointer   |
|x_4_40             |  in |   16|   ap_none  |         x_4_40         |    pointer   |
|x_4_41             |  in |   16|   ap_none  |         x_4_41         |    pointer   |
|x_4_42             |  in |   16|   ap_none  |         x_4_42         |    pointer   |
|x_4_43             |  in |   16|   ap_none  |         x_4_43         |    pointer   |
|x_4_44             |  in |   16|   ap_none  |         x_4_44         |    pointer   |
|x_4_45             |  in |   16|   ap_none  |         x_4_45         |    pointer   |
|x_4_46             |  in |   16|   ap_none  |         x_4_46         |    pointer   |
|x_4_47             |  in |   16|   ap_none  |         x_4_47         |    pointer   |
|x_4_48             |  in |   16|   ap_none  |         x_4_48         |    pointer   |
|x_4_49             |  in |   16|   ap_none  |         x_4_49         |    pointer   |
|x_4_50             |  in |   16|   ap_none  |         x_4_50         |    pointer   |
|y_0_0              |  in |   16|   ap_none  |          y_0_0         |    pointer   |
|y_0_1              |  in |   16|   ap_none  |          y_0_1         |    pointer   |
|y_0_2              |  in |   16|   ap_none  |          y_0_2         |    pointer   |
|y_0_3              |  in |   16|   ap_none  |          y_0_3         |    pointer   |
|y_0_4              |  in |   16|   ap_none  |          y_0_4         |    pointer   |
|y_0_5              |  in |   16|   ap_none  |          y_0_5         |    pointer   |
|y_0_6              |  in |   16|   ap_none  |          y_0_6         |    pointer   |
|y_0_7              |  in |   16|   ap_none  |          y_0_7         |    pointer   |
|y_0_8              |  in |   16|   ap_none  |          y_0_8         |    pointer   |
|y_0_9              |  in |   16|   ap_none  |          y_0_9         |    pointer   |
|y_0_10             |  in |   16|   ap_none  |         y_0_10         |    pointer   |
|y_0_11             |  in |   16|   ap_none  |         y_0_11         |    pointer   |
|y_0_12             |  in |   16|   ap_none  |         y_0_12         |    pointer   |
|y_0_13             |  in |   16|   ap_none  |         y_0_13         |    pointer   |
|y_0_14             |  in |   16|   ap_none  |         y_0_14         |    pointer   |
|y_0_15             |  in |   16|   ap_none  |         y_0_15         |    pointer   |
|y_0_16             |  in |   16|   ap_none  |         y_0_16         |    pointer   |
|y_0_17             |  in |   16|   ap_none  |         y_0_17         |    pointer   |
|y_0_18             |  in |   16|   ap_none  |         y_0_18         |    pointer   |
|y_0_19             |  in |   16|   ap_none  |         y_0_19         |    pointer   |
|y_0_20             |  in |   16|   ap_none  |         y_0_20         |    pointer   |
|y_0_21             |  in |   16|   ap_none  |         y_0_21         |    pointer   |
|y_0_22             |  in |   16|   ap_none  |         y_0_22         |    pointer   |
|y_0_23             |  in |   16|   ap_none  |         y_0_23         |    pointer   |
|y_0_24             |  in |   16|   ap_none  |         y_0_24         |    pointer   |
|y_0_25             |  in |   16|   ap_none  |         y_0_25         |    pointer   |
|y_0_26             |  in |   16|   ap_none  |         y_0_26         |    pointer   |
|y_0_27             |  in |   16|   ap_none  |         y_0_27         |    pointer   |
|y_0_28             |  in |   16|   ap_none  |         y_0_28         |    pointer   |
|y_0_29             |  in |   16|   ap_none  |         y_0_29         |    pointer   |
|y_0_30             |  in |   16|   ap_none  |         y_0_30         |    pointer   |
|y_0_31             |  in |   16|   ap_none  |         y_0_31         |    pointer   |
|y_0_32             |  in |   16|   ap_none  |         y_0_32         |    pointer   |
|y_0_33             |  in |   16|   ap_none  |         y_0_33         |    pointer   |
|y_0_34             |  in |   16|   ap_none  |         y_0_34         |    pointer   |
|y_0_35             |  in |   16|   ap_none  |         y_0_35         |    pointer   |
|y_0_36             |  in |   16|   ap_none  |         y_0_36         |    pointer   |
|y_0_37             |  in |   16|   ap_none  |         y_0_37         |    pointer   |
|y_0_38             |  in |   16|   ap_none  |         y_0_38         |    pointer   |
|y_0_39             |  in |   16|   ap_none  |         y_0_39         |    pointer   |
|y_0_40             |  in |   16|   ap_none  |         y_0_40         |    pointer   |
|y_0_41             |  in |   16|   ap_none  |         y_0_41         |    pointer   |
|y_0_42             |  in |   16|   ap_none  |         y_0_42         |    pointer   |
|y_0_43             |  in |   16|   ap_none  |         y_0_43         |    pointer   |
|y_0_44             |  in |   16|   ap_none  |         y_0_44         |    pointer   |
|y_4_0              |  in |   16|   ap_none  |          y_4_0         |    pointer   |
|y_4_1              |  in |   16|   ap_none  |          y_4_1         |    pointer   |
|y_4_2              |  in |   16|   ap_none  |          y_4_2         |    pointer   |
|y_4_3              |  in |   16|   ap_none  |          y_4_3         |    pointer   |
|y_4_4              |  in |   16|   ap_none  |          y_4_4         |    pointer   |
|y_4_5              |  in |   16|   ap_none  |          y_4_5         |    pointer   |
|y_4_6              |  in |   16|   ap_none  |          y_4_6         |    pointer   |
|y_4_7              |  in |   16|   ap_none  |          y_4_7         |    pointer   |
|y_4_8              |  in |   16|   ap_none  |          y_4_8         |    pointer   |
|y_4_9              |  in |   16|   ap_none  |          y_4_9         |    pointer   |
|y_4_10             |  in |   16|   ap_none  |         y_4_10         |    pointer   |
|y_4_11             |  in |   16|   ap_none  |         y_4_11         |    pointer   |
|y_4_12             |  in |   16|   ap_none  |         y_4_12         |    pointer   |
|y_4_13             |  in |   16|   ap_none  |         y_4_13         |    pointer   |
|y_4_14             |  in |   16|   ap_none  |         y_4_14         |    pointer   |
|y_4_15             |  in |   16|   ap_none  |         y_4_15         |    pointer   |
|y_4_16             |  in |   16|   ap_none  |         y_4_16         |    pointer   |
|y_4_17             |  in |   16|   ap_none  |         y_4_17         |    pointer   |
|y_4_18             |  in |   16|   ap_none  |         y_4_18         |    pointer   |
|y_4_19             |  in |   16|   ap_none  |         y_4_19         |    pointer   |
|y_4_20             |  in |   16|   ap_none  |         y_4_20         |    pointer   |
|y_4_21             |  in |   16|   ap_none  |         y_4_21         |    pointer   |
|y_4_22             |  in |   16|   ap_none  |         y_4_22         |    pointer   |
|y_4_23             |  in |   16|   ap_none  |         y_4_23         |    pointer   |
|y_4_24             |  in |   16|   ap_none  |         y_4_24         |    pointer   |
|y_4_25             |  in |   16|   ap_none  |         y_4_25         |    pointer   |
|y_4_26             |  in |   16|   ap_none  |         y_4_26         |    pointer   |
|y_4_27             |  in |   16|   ap_none  |         y_4_27         |    pointer   |
|y_4_28             |  in |   16|   ap_none  |         y_4_28         |    pointer   |
|y_4_29             |  in |   16|   ap_none  |         y_4_29         |    pointer   |
|y_4_30             |  in |   16|   ap_none  |         y_4_30         |    pointer   |
|y_4_31             |  in |   16|   ap_none  |         y_4_31         |    pointer   |
|y_4_32             |  in |   16|   ap_none  |         y_4_32         |    pointer   |
|y_4_33             |  in |   16|   ap_none  |         y_4_33         |    pointer   |
|y_4_34             |  in |   16|   ap_none  |         y_4_34         |    pointer   |
|y_4_35             |  in |   16|   ap_none  |         y_4_35         |    pointer   |
|y_4_36             |  in |   16|   ap_none  |         y_4_36         |    pointer   |
|y_4_37             |  in |   16|   ap_none  |         y_4_37         |    pointer   |
|y_4_38             |  in |   16|   ap_none  |         y_4_38         |    pointer   |
|y_4_39             |  in |   16|   ap_none  |         y_4_39         |    pointer   |
|y_4_40             |  in |   16|   ap_none  |         y_4_40         |    pointer   |
|y_4_41             |  in |   16|   ap_none  |         y_4_41         |    pointer   |
|y_4_42             |  in |   16|   ap_none  |         y_4_42         |    pointer   |
|y_4_43             |  in |   16|   ap_none  |         y_4_43         |    pointer   |
|y_4_44             |  in |   16|   ap_none  |         y_4_44         |    pointer   |
|y_4_45             |  in |   16|   ap_none  |         y_4_45         |    pointer   |
|y_4_46             |  in |   16|   ap_none  |         y_4_46         |    pointer   |
|y_4_47             |  in |   16|   ap_none  |         y_4_47         |    pointer   |
|y_4_48             |  in |   16|   ap_none  |         y_4_48         |    pointer   |
|y_4_49             |  in |   16|   ap_none  |         y_4_49         |    pointer   |
|y_4_50             |  in |   16|   ap_none  |         y_4_50         |    pointer   |
|x_0_0_out_din      | out |   16|   ap_fifo  |        x_0_0_out       |    pointer   |
|x_0_0_out_full_n   |  in |    1|   ap_fifo  |        x_0_0_out       |    pointer   |
|x_0_0_out_write    | out |    1|   ap_fifo  |        x_0_0_out       |    pointer   |
|x_0_1_out_din      | out |   16|   ap_fifo  |        x_0_1_out       |    pointer   |
|x_0_1_out_full_n   |  in |    1|   ap_fifo  |        x_0_1_out       |    pointer   |
|x_0_1_out_write    | out |    1|   ap_fifo  |        x_0_1_out       |    pointer   |
|x_0_2_out_din      | out |   16|   ap_fifo  |        x_0_2_out       |    pointer   |
|x_0_2_out_full_n   |  in |    1|   ap_fifo  |        x_0_2_out       |    pointer   |
|x_0_2_out_write    | out |    1|   ap_fifo  |        x_0_2_out       |    pointer   |
|x_0_3_out_din      | out |   16|   ap_fifo  |        x_0_3_out       |    pointer   |
|x_0_3_out_full_n   |  in |    1|   ap_fifo  |        x_0_3_out       |    pointer   |
|x_0_3_out_write    | out |    1|   ap_fifo  |        x_0_3_out       |    pointer   |
|x_0_4_out_din      | out |   16|   ap_fifo  |        x_0_4_out       |    pointer   |
|x_0_4_out_full_n   |  in |    1|   ap_fifo  |        x_0_4_out       |    pointer   |
|x_0_4_out_write    | out |    1|   ap_fifo  |        x_0_4_out       |    pointer   |
|x_0_5_out_din      | out |   16|   ap_fifo  |        x_0_5_out       |    pointer   |
|x_0_5_out_full_n   |  in |    1|   ap_fifo  |        x_0_5_out       |    pointer   |
|x_0_5_out_write    | out |    1|   ap_fifo  |        x_0_5_out       |    pointer   |
|x_0_6_out_din      | out |   16|   ap_fifo  |        x_0_6_out       |    pointer   |
|x_0_6_out_full_n   |  in |    1|   ap_fifo  |        x_0_6_out       |    pointer   |
|x_0_6_out_write    | out |    1|   ap_fifo  |        x_0_6_out       |    pointer   |
|x_0_7_out_din      | out |   16|   ap_fifo  |        x_0_7_out       |    pointer   |
|x_0_7_out_full_n   |  in |    1|   ap_fifo  |        x_0_7_out       |    pointer   |
|x_0_7_out_write    | out |    1|   ap_fifo  |        x_0_7_out       |    pointer   |
|x_0_8_out_din      | out |   16|   ap_fifo  |        x_0_8_out       |    pointer   |
|x_0_8_out_full_n   |  in |    1|   ap_fifo  |        x_0_8_out       |    pointer   |
|x_0_8_out_write    | out |    1|   ap_fifo  |        x_0_8_out       |    pointer   |
|x_0_9_out_din      | out |   16|   ap_fifo  |        x_0_9_out       |    pointer   |
|x_0_9_out_full_n   |  in |    1|   ap_fifo  |        x_0_9_out       |    pointer   |
|x_0_9_out_write    | out |    1|   ap_fifo  |        x_0_9_out       |    pointer   |
|x_0_10_out_din     | out |   16|   ap_fifo  |       x_0_10_out       |    pointer   |
|x_0_10_out_full_n  |  in |    1|   ap_fifo  |       x_0_10_out       |    pointer   |
|x_0_10_out_write   | out |    1|   ap_fifo  |       x_0_10_out       |    pointer   |
|x_0_11_out_din     | out |   16|   ap_fifo  |       x_0_11_out       |    pointer   |
|x_0_11_out_full_n  |  in |    1|   ap_fifo  |       x_0_11_out       |    pointer   |
|x_0_11_out_write   | out |    1|   ap_fifo  |       x_0_11_out       |    pointer   |
|x_0_12_out_din     | out |   16|   ap_fifo  |       x_0_12_out       |    pointer   |
|x_0_12_out_full_n  |  in |    1|   ap_fifo  |       x_0_12_out       |    pointer   |
|x_0_12_out_write   | out |    1|   ap_fifo  |       x_0_12_out       |    pointer   |
|x_0_13_out_din     | out |   16|   ap_fifo  |       x_0_13_out       |    pointer   |
|x_0_13_out_full_n  |  in |    1|   ap_fifo  |       x_0_13_out       |    pointer   |
|x_0_13_out_write   | out |    1|   ap_fifo  |       x_0_13_out       |    pointer   |
|x_0_14_out_din     | out |   16|   ap_fifo  |       x_0_14_out       |    pointer   |
|x_0_14_out_full_n  |  in |    1|   ap_fifo  |       x_0_14_out       |    pointer   |
|x_0_14_out_write   | out |    1|   ap_fifo  |       x_0_14_out       |    pointer   |
|x_0_15_out_din     | out |   16|   ap_fifo  |       x_0_15_out       |    pointer   |
|x_0_15_out_full_n  |  in |    1|   ap_fifo  |       x_0_15_out       |    pointer   |
|x_0_15_out_write   | out |    1|   ap_fifo  |       x_0_15_out       |    pointer   |
|x_0_16_out_din     | out |   16|   ap_fifo  |       x_0_16_out       |    pointer   |
|x_0_16_out_full_n  |  in |    1|   ap_fifo  |       x_0_16_out       |    pointer   |
|x_0_16_out_write   | out |    1|   ap_fifo  |       x_0_16_out       |    pointer   |
|x_0_17_out_din     | out |   16|   ap_fifo  |       x_0_17_out       |    pointer   |
|x_0_17_out_full_n  |  in |    1|   ap_fifo  |       x_0_17_out       |    pointer   |
|x_0_17_out_write   | out |    1|   ap_fifo  |       x_0_17_out       |    pointer   |
|x_0_18_out_din     | out |   16|   ap_fifo  |       x_0_18_out       |    pointer   |
|x_0_18_out_full_n  |  in |    1|   ap_fifo  |       x_0_18_out       |    pointer   |
|x_0_18_out_write   | out |    1|   ap_fifo  |       x_0_18_out       |    pointer   |
|x_0_19_out_din     | out |   16|   ap_fifo  |       x_0_19_out       |    pointer   |
|x_0_19_out_full_n  |  in |    1|   ap_fifo  |       x_0_19_out       |    pointer   |
|x_0_19_out_write   | out |    1|   ap_fifo  |       x_0_19_out       |    pointer   |
|x_0_20_out_din     | out |   16|   ap_fifo  |       x_0_20_out       |    pointer   |
|x_0_20_out_full_n  |  in |    1|   ap_fifo  |       x_0_20_out       |    pointer   |
|x_0_20_out_write   | out |    1|   ap_fifo  |       x_0_20_out       |    pointer   |
|x_0_21_out_din     | out |   16|   ap_fifo  |       x_0_21_out       |    pointer   |
|x_0_21_out_full_n  |  in |    1|   ap_fifo  |       x_0_21_out       |    pointer   |
|x_0_21_out_write   | out |    1|   ap_fifo  |       x_0_21_out       |    pointer   |
|x_0_22_out_din     | out |   16|   ap_fifo  |       x_0_22_out       |    pointer   |
|x_0_22_out_full_n  |  in |    1|   ap_fifo  |       x_0_22_out       |    pointer   |
|x_0_22_out_write   | out |    1|   ap_fifo  |       x_0_22_out       |    pointer   |
|x_0_23_out_din     | out |   16|   ap_fifo  |       x_0_23_out       |    pointer   |
|x_0_23_out_full_n  |  in |    1|   ap_fifo  |       x_0_23_out       |    pointer   |
|x_0_23_out_write   | out |    1|   ap_fifo  |       x_0_23_out       |    pointer   |
|x_0_24_out_din     | out |   16|   ap_fifo  |       x_0_24_out       |    pointer   |
|x_0_24_out_full_n  |  in |    1|   ap_fifo  |       x_0_24_out       |    pointer   |
|x_0_24_out_write   | out |    1|   ap_fifo  |       x_0_24_out       |    pointer   |
|x_0_25_out_din     | out |   16|   ap_fifo  |       x_0_25_out       |    pointer   |
|x_0_25_out_full_n  |  in |    1|   ap_fifo  |       x_0_25_out       |    pointer   |
|x_0_25_out_write   | out |    1|   ap_fifo  |       x_0_25_out       |    pointer   |
|x_0_26_out_din     | out |   16|   ap_fifo  |       x_0_26_out       |    pointer   |
|x_0_26_out_full_n  |  in |    1|   ap_fifo  |       x_0_26_out       |    pointer   |
|x_0_26_out_write   | out |    1|   ap_fifo  |       x_0_26_out       |    pointer   |
|x_0_27_out_din     | out |   16|   ap_fifo  |       x_0_27_out       |    pointer   |
|x_0_27_out_full_n  |  in |    1|   ap_fifo  |       x_0_27_out       |    pointer   |
|x_0_27_out_write   | out |    1|   ap_fifo  |       x_0_27_out       |    pointer   |
|x_0_28_out_din     | out |   16|   ap_fifo  |       x_0_28_out       |    pointer   |
|x_0_28_out_full_n  |  in |    1|   ap_fifo  |       x_0_28_out       |    pointer   |
|x_0_28_out_write   | out |    1|   ap_fifo  |       x_0_28_out       |    pointer   |
|x_0_29_out_din     | out |   16|   ap_fifo  |       x_0_29_out       |    pointer   |
|x_0_29_out_full_n  |  in |    1|   ap_fifo  |       x_0_29_out       |    pointer   |
|x_0_29_out_write   | out |    1|   ap_fifo  |       x_0_29_out       |    pointer   |
|x_0_30_out_din     | out |   16|   ap_fifo  |       x_0_30_out       |    pointer   |
|x_0_30_out_full_n  |  in |    1|   ap_fifo  |       x_0_30_out       |    pointer   |
|x_0_30_out_write   | out |    1|   ap_fifo  |       x_0_30_out       |    pointer   |
|x_0_31_out_din     | out |   16|   ap_fifo  |       x_0_31_out       |    pointer   |
|x_0_31_out_full_n  |  in |    1|   ap_fifo  |       x_0_31_out       |    pointer   |
|x_0_31_out_write   | out |    1|   ap_fifo  |       x_0_31_out       |    pointer   |
|x_0_32_out_din     | out |   16|   ap_fifo  |       x_0_32_out       |    pointer   |
|x_0_32_out_full_n  |  in |    1|   ap_fifo  |       x_0_32_out       |    pointer   |
|x_0_32_out_write   | out |    1|   ap_fifo  |       x_0_32_out       |    pointer   |
|x_0_33_out_din     | out |   16|   ap_fifo  |       x_0_33_out       |    pointer   |
|x_0_33_out_full_n  |  in |    1|   ap_fifo  |       x_0_33_out       |    pointer   |
|x_0_33_out_write   | out |    1|   ap_fifo  |       x_0_33_out       |    pointer   |
|x_0_34_out_din     | out |   16|   ap_fifo  |       x_0_34_out       |    pointer   |
|x_0_34_out_full_n  |  in |    1|   ap_fifo  |       x_0_34_out       |    pointer   |
|x_0_34_out_write   | out |    1|   ap_fifo  |       x_0_34_out       |    pointer   |
|x_0_35_out_din     | out |   16|   ap_fifo  |       x_0_35_out       |    pointer   |
|x_0_35_out_full_n  |  in |    1|   ap_fifo  |       x_0_35_out       |    pointer   |
|x_0_35_out_write   | out |    1|   ap_fifo  |       x_0_35_out       |    pointer   |
|x_0_36_out_din     | out |   16|   ap_fifo  |       x_0_36_out       |    pointer   |
|x_0_36_out_full_n  |  in |    1|   ap_fifo  |       x_0_36_out       |    pointer   |
|x_0_36_out_write   | out |    1|   ap_fifo  |       x_0_36_out       |    pointer   |
|x_0_37_out_din     | out |   16|   ap_fifo  |       x_0_37_out       |    pointer   |
|x_0_37_out_full_n  |  in |    1|   ap_fifo  |       x_0_37_out       |    pointer   |
|x_0_37_out_write   | out |    1|   ap_fifo  |       x_0_37_out       |    pointer   |
|x_0_38_out_din     | out |   16|   ap_fifo  |       x_0_38_out       |    pointer   |
|x_0_38_out_full_n  |  in |    1|   ap_fifo  |       x_0_38_out       |    pointer   |
|x_0_38_out_write   | out |    1|   ap_fifo  |       x_0_38_out       |    pointer   |
|x_0_39_out_din     | out |   16|   ap_fifo  |       x_0_39_out       |    pointer   |
|x_0_39_out_full_n  |  in |    1|   ap_fifo  |       x_0_39_out       |    pointer   |
|x_0_39_out_write   | out |    1|   ap_fifo  |       x_0_39_out       |    pointer   |
|x_0_40_out_din     | out |   16|   ap_fifo  |       x_0_40_out       |    pointer   |
|x_0_40_out_full_n  |  in |    1|   ap_fifo  |       x_0_40_out       |    pointer   |
|x_0_40_out_write   | out |    1|   ap_fifo  |       x_0_40_out       |    pointer   |
|x_0_41_out_din     | out |   16|   ap_fifo  |       x_0_41_out       |    pointer   |
|x_0_41_out_full_n  |  in |    1|   ap_fifo  |       x_0_41_out       |    pointer   |
|x_0_41_out_write   | out |    1|   ap_fifo  |       x_0_41_out       |    pointer   |
|x_0_42_out_din     | out |   16|   ap_fifo  |       x_0_42_out       |    pointer   |
|x_0_42_out_full_n  |  in |    1|   ap_fifo  |       x_0_42_out       |    pointer   |
|x_0_42_out_write   | out |    1|   ap_fifo  |       x_0_42_out       |    pointer   |
|x_0_43_out_din     | out |   16|   ap_fifo  |       x_0_43_out       |    pointer   |
|x_0_43_out_full_n  |  in |    1|   ap_fifo  |       x_0_43_out       |    pointer   |
|x_0_43_out_write   | out |    1|   ap_fifo  |       x_0_43_out       |    pointer   |
|x_0_44_out_din     | out |   16|   ap_fifo  |       x_0_44_out       |    pointer   |
|x_0_44_out_full_n  |  in |    1|   ap_fifo  |       x_0_44_out       |    pointer   |
|x_0_44_out_write   | out |    1|   ap_fifo  |       x_0_44_out       |    pointer   |
|x_4_0_out_din      | out |   16|   ap_fifo  |        x_4_0_out       |    pointer   |
|x_4_0_out_full_n   |  in |    1|   ap_fifo  |        x_4_0_out       |    pointer   |
|x_4_0_out_write    | out |    1|   ap_fifo  |        x_4_0_out       |    pointer   |
|x_4_1_out_din      | out |   16|   ap_fifo  |        x_4_1_out       |    pointer   |
|x_4_1_out_full_n   |  in |    1|   ap_fifo  |        x_4_1_out       |    pointer   |
|x_4_1_out_write    | out |    1|   ap_fifo  |        x_4_1_out       |    pointer   |
|x_4_2_out_din      | out |   16|   ap_fifo  |        x_4_2_out       |    pointer   |
|x_4_2_out_full_n   |  in |    1|   ap_fifo  |        x_4_2_out       |    pointer   |
|x_4_2_out_write    | out |    1|   ap_fifo  |        x_4_2_out       |    pointer   |
|x_4_3_out_din      | out |   16|   ap_fifo  |        x_4_3_out       |    pointer   |
|x_4_3_out_full_n   |  in |    1|   ap_fifo  |        x_4_3_out       |    pointer   |
|x_4_3_out_write    | out |    1|   ap_fifo  |        x_4_3_out       |    pointer   |
|x_4_4_out_din      | out |   16|   ap_fifo  |        x_4_4_out       |    pointer   |
|x_4_4_out_full_n   |  in |    1|   ap_fifo  |        x_4_4_out       |    pointer   |
|x_4_4_out_write    | out |    1|   ap_fifo  |        x_4_4_out       |    pointer   |
|x_4_5_out_din      | out |   16|   ap_fifo  |        x_4_5_out       |    pointer   |
|x_4_5_out_full_n   |  in |    1|   ap_fifo  |        x_4_5_out       |    pointer   |
|x_4_5_out_write    | out |    1|   ap_fifo  |        x_4_5_out       |    pointer   |
|x_4_6_out_din      | out |   16|   ap_fifo  |        x_4_6_out       |    pointer   |
|x_4_6_out_full_n   |  in |    1|   ap_fifo  |        x_4_6_out       |    pointer   |
|x_4_6_out_write    | out |    1|   ap_fifo  |        x_4_6_out       |    pointer   |
|x_4_7_out_din      | out |   16|   ap_fifo  |        x_4_7_out       |    pointer   |
|x_4_7_out_full_n   |  in |    1|   ap_fifo  |        x_4_7_out       |    pointer   |
|x_4_7_out_write    | out |    1|   ap_fifo  |        x_4_7_out       |    pointer   |
|x_4_8_out_din      | out |   16|   ap_fifo  |        x_4_8_out       |    pointer   |
|x_4_8_out_full_n   |  in |    1|   ap_fifo  |        x_4_8_out       |    pointer   |
|x_4_8_out_write    | out |    1|   ap_fifo  |        x_4_8_out       |    pointer   |
|x_4_9_out_din      | out |   16|   ap_fifo  |        x_4_9_out       |    pointer   |
|x_4_9_out_full_n   |  in |    1|   ap_fifo  |        x_4_9_out       |    pointer   |
|x_4_9_out_write    | out |    1|   ap_fifo  |        x_4_9_out       |    pointer   |
|x_4_10_out_din     | out |   16|   ap_fifo  |       x_4_10_out       |    pointer   |
|x_4_10_out_full_n  |  in |    1|   ap_fifo  |       x_4_10_out       |    pointer   |
|x_4_10_out_write   | out |    1|   ap_fifo  |       x_4_10_out       |    pointer   |
|x_4_11_out_din     | out |   16|   ap_fifo  |       x_4_11_out       |    pointer   |
|x_4_11_out_full_n  |  in |    1|   ap_fifo  |       x_4_11_out       |    pointer   |
|x_4_11_out_write   | out |    1|   ap_fifo  |       x_4_11_out       |    pointer   |
|x_4_12_out_din     | out |   16|   ap_fifo  |       x_4_12_out       |    pointer   |
|x_4_12_out_full_n  |  in |    1|   ap_fifo  |       x_4_12_out       |    pointer   |
|x_4_12_out_write   | out |    1|   ap_fifo  |       x_4_12_out       |    pointer   |
|x_4_13_out_din     | out |   16|   ap_fifo  |       x_4_13_out       |    pointer   |
|x_4_13_out_full_n  |  in |    1|   ap_fifo  |       x_4_13_out       |    pointer   |
|x_4_13_out_write   | out |    1|   ap_fifo  |       x_4_13_out       |    pointer   |
|x_4_14_out_din     | out |   16|   ap_fifo  |       x_4_14_out       |    pointer   |
|x_4_14_out_full_n  |  in |    1|   ap_fifo  |       x_4_14_out       |    pointer   |
|x_4_14_out_write   | out |    1|   ap_fifo  |       x_4_14_out       |    pointer   |
|x_4_15_out_din     | out |   16|   ap_fifo  |       x_4_15_out       |    pointer   |
|x_4_15_out_full_n  |  in |    1|   ap_fifo  |       x_4_15_out       |    pointer   |
|x_4_15_out_write   | out |    1|   ap_fifo  |       x_4_15_out       |    pointer   |
|x_4_16_out_din     | out |   16|   ap_fifo  |       x_4_16_out       |    pointer   |
|x_4_16_out_full_n  |  in |    1|   ap_fifo  |       x_4_16_out       |    pointer   |
|x_4_16_out_write   | out |    1|   ap_fifo  |       x_4_16_out       |    pointer   |
|x_4_17_out_din     | out |   16|   ap_fifo  |       x_4_17_out       |    pointer   |
|x_4_17_out_full_n  |  in |    1|   ap_fifo  |       x_4_17_out       |    pointer   |
|x_4_17_out_write   | out |    1|   ap_fifo  |       x_4_17_out       |    pointer   |
|x_4_18_out_din     | out |   16|   ap_fifo  |       x_4_18_out       |    pointer   |
|x_4_18_out_full_n  |  in |    1|   ap_fifo  |       x_4_18_out       |    pointer   |
|x_4_18_out_write   | out |    1|   ap_fifo  |       x_4_18_out       |    pointer   |
|x_4_19_out_din     | out |   16|   ap_fifo  |       x_4_19_out       |    pointer   |
|x_4_19_out_full_n  |  in |    1|   ap_fifo  |       x_4_19_out       |    pointer   |
|x_4_19_out_write   | out |    1|   ap_fifo  |       x_4_19_out       |    pointer   |
|x_4_20_out_din     | out |   16|   ap_fifo  |       x_4_20_out       |    pointer   |
|x_4_20_out_full_n  |  in |    1|   ap_fifo  |       x_4_20_out       |    pointer   |
|x_4_20_out_write   | out |    1|   ap_fifo  |       x_4_20_out       |    pointer   |
|x_4_21_out_din     | out |   16|   ap_fifo  |       x_4_21_out       |    pointer   |
|x_4_21_out_full_n  |  in |    1|   ap_fifo  |       x_4_21_out       |    pointer   |
|x_4_21_out_write   | out |    1|   ap_fifo  |       x_4_21_out       |    pointer   |
|x_4_22_out_din     | out |   16|   ap_fifo  |       x_4_22_out       |    pointer   |
|x_4_22_out_full_n  |  in |    1|   ap_fifo  |       x_4_22_out       |    pointer   |
|x_4_22_out_write   | out |    1|   ap_fifo  |       x_4_22_out       |    pointer   |
|x_4_23_out_din     | out |   16|   ap_fifo  |       x_4_23_out       |    pointer   |
|x_4_23_out_full_n  |  in |    1|   ap_fifo  |       x_4_23_out       |    pointer   |
|x_4_23_out_write   | out |    1|   ap_fifo  |       x_4_23_out       |    pointer   |
|x_4_24_out_din     | out |   16|   ap_fifo  |       x_4_24_out       |    pointer   |
|x_4_24_out_full_n  |  in |    1|   ap_fifo  |       x_4_24_out       |    pointer   |
|x_4_24_out_write   | out |    1|   ap_fifo  |       x_4_24_out       |    pointer   |
|x_4_25_out_din     | out |   16|   ap_fifo  |       x_4_25_out       |    pointer   |
|x_4_25_out_full_n  |  in |    1|   ap_fifo  |       x_4_25_out       |    pointer   |
|x_4_25_out_write   | out |    1|   ap_fifo  |       x_4_25_out       |    pointer   |
|x_4_26_out_din     | out |   16|   ap_fifo  |       x_4_26_out       |    pointer   |
|x_4_26_out_full_n  |  in |    1|   ap_fifo  |       x_4_26_out       |    pointer   |
|x_4_26_out_write   | out |    1|   ap_fifo  |       x_4_26_out       |    pointer   |
|x_4_27_out_din     | out |   16|   ap_fifo  |       x_4_27_out       |    pointer   |
|x_4_27_out_full_n  |  in |    1|   ap_fifo  |       x_4_27_out       |    pointer   |
|x_4_27_out_write   | out |    1|   ap_fifo  |       x_4_27_out       |    pointer   |
|x_4_28_out_din     | out |   16|   ap_fifo  |       x_4_28_out       |    pointer   |
|x_4_28_out_full_n  |  in |    1|   ap_fifo  |       x_4_28_out       |    pointer   |
|x_4_28_out_write   | out |    1|   ap_fifo  |       x_4_28_out       |    pointer   |
|x_4_29_out_din     | out |   16|   ap_fifo  |       x_4_29_out       |    pointer   |
|x_4_29_out_full_n  |  in |    1|   ap_fifo  |       x_4_29_out       |    pointer   |
|x_4_29_out_write   | out |    1|   ap_fifo  |       x_4_29_out       |    pointer   |
|x_4_30_out_din     | out |   16|   ap_fifo  |       x_4_30_out       |    pointer   |
|x_4_30_out_full_n  |  in |    1|   ap_fifo  |       x_4_30_out       |    pointer   |
|x_4_30_out_write   | out |    1|   ap_fifo  |       x_4_30_out       |    pointer   |
|x_4_31_out_din     | out |   16|   ap_fifo  |       x_4_31_out       |    pointer   |
|x_4_31_out_full_n  |  in |    1|   ap_fifo  |       x_4_31_out       |    pointer   |
|x_4_31_out_write   | out |    1|   ap_fifo  |       x_4_31_out       |    pointer   |
|x_4_32_out_din     | out |   16|   ap_fifo  |       x_4_32_out       |    pointer   |
|x_4_32_out_full_n  |  in |    1|   ap_fifo  |       x_4_32_out       |    pointer   |
|x_4_32_out_write   | out |    1|   ap_fifo  |       x_4_32_out       |    pointer   |
|x_4_33_out_din     | out |   16|   ap_fifo  |       x_4_33_out       |    pointer   |
|x_4_33_out_full_n  |  in |    1|   ap_fifo  |       x_4_33_out       |    pointer   |
|x_4_33_out_write   | out |    1|   ap_fifo  |       x_4_33_out       |    pointer   |
|x_4_34_out_din     | out |   16|   ap_fifo  |       x_4_34_out       |    pointer   |
|x_4_34_out_full_n  |  in |    1|   ap_fifo  |       x_4_34_out       |    pointer   |
|x_4_34_out_write   | out |    1|   ap_fifo  |       x_4_34_out       |    pointer   |
|x_4_35_out_din     | out |   16|   ap_fifo  |       x_4_35_out       |    pointer   |
|x_4_35_out_full_n  |  in |    1|   ap_fifo  |       x_4_35_out       |    pointer   |
|x_4_35_out_write   | out |    1|   ap_fifo  |       x_4_35_out       |    pointer   |
|x_4_36_out_din     | out |   16|   ap_fifo  |       x_4_36_out       |    pointer   |
|x_4_36_out_full_n  |  in |    1|   ap_fifo  |       x_4_36_out       |    pointer   |
|x_4_36_out_write   | out |    1|   ap_fifo  |       x_4_36_out       |    pointer   |
|x_4_37_out_din     | out |   16|   ap_fifo  |       x_4_37_out       |    pointer   |
|x_4_37_out_full_n  |  in |    1|   ap_fifo  |       x_4_37_out       |    pointer   |
|x_4_37_out_write   | out |    1|   ap_fifo  |       x_4_37_out       |    pointer   |
|x_4_38_out_din     | out |   16|   ap_fifo  |       x_4_38_out       |    pointer   |
|x_4_38_out_full_n  |  in |    1|   ap_fifo  |       x_4_38_out       |    pointer   |
|x_4_38_out_write   | out |    1|   ap_fifo  |       x_4_38_out       |    pointer   |
|x_4_39_out_din     | out |   16|   ap_fifo  |       x_4_39_out       |    pointer   |
|x_4_39_out_full_n  |  in |    1|   ap_fifo  |       x_4_39_out       |    pointer   |
|x_4_39_out_write   | out |    1|   ap_fifo  |       x_4_39_out       |    pointer   |
|x_4_40_out_din     | out |   16|   ap_fifo  |       x_4_40_out       |    pointer   |
|x_4_40_out_full_n  |  in |    1|   ap_fifo  |       x_4_40_out       |    pointer   |
|x_4_40_out_write   | out |    1|   ap_fifo  |       x_4_40_out       |    pointer   |
|x_4_41_out_din     | out |   16|   ap_fifo  |       x_4_41_out       |    pointer   |
|x_4_41_out_full_n  |  in |    1|   ap_fifo  |       x_4_41_out       |    pointer   |
|x_4_41_out_write   | out |    1|   ap_fifo  |       x_4_41_out       |    pointer   |
|x_4_42_out_din     | out |   16|   ap_fifo  |       x_4_42_out       |    pointer   |
|x_4_42_out_full_n  |  in |    1|   ap_fifo  |       x_4_42_out       |    pointer   |
|x_4_42_out_write   | out |    1|   ap_fifo  |       x_4_42_out       |    pointer   |
|x_4_43_out_din     | out |   16|   ap_fifo  |       x_4_43_out       |    pointer   |
|x_4_43_out_full_n  |  in |    1|   ap_fifo  |       x_4_43_out       |    pointer   |
|x_4_43_out_write   | out |    1|   ap_fifo  |       x_4_43_out       |    pointer   |
|x_4_44_out_din     | out |   16|   ap_fifo  |       x_4_44_out       |    pointer   |
|x_4_44_out_full_n  |  in |    1|   ap_fifo  |       x_4_44_out       |    pointer   |
|x_4_44_out_write   | out |    1|   ap_fifo  |       x_4_44_out       |    pointer   |
|x_4_45_out_din     | out |   16|   ap_fifo  |       x_4_45_out       |    pointer   |
|x_4_45_out_full_n  |  in |    1|   ap_fifo  |       x_4_45_out       |    pointer   |
|x_4_45_out_write   | out |    1|   ap_fifo  |       x_4_45_out       |    pointer   |
|x_4_46_out_din     | out |   16|   ap_fifo  |       x_4_46_out       |    pointer   |
|x_4_46_out_full_n  |  in |    1|   ap_fifo  |       x_4_46_out       |    pointer   |
|x_4_46_out_write   | out |    1|   ap_fifo  |       x_4_46_out       |    pointer   |
|x_4_47_out_din     | out |   16|   ap_fifo  |       x_4_47_out       |    pointer   |
|x_4_47_out_full_n  |  in |    1|   ap_fifo  |       x_4_47_out       |    pointer   |
|x_4_47_out_write   | out |    1|   ap_fifo  |       x_4_47_out       |    pointer   |
|x_4_48_out_din     | out |   16|   ap_fifo  |       x_4_48_out       |    pointer   |
|x_4_48_out_full_n  |  in |    1|   ap_fifo  |       x_4_48_out       |    pointer   |
|x_4_48_out_write   | out |    1|   ap_fifo  |       x_4_48_out       |    pointer   |
|x_4_49_out_din     | out |   16|   ap_fifo  |       x_4_49_out       |    pointer   |
|x_4_49_out_full_n  |  in |    1|   ap_fifo  |       x_4_49_out       |    pointer   |
|x_4_49_out_write   | out |    1|   ap_fifo  |       x_4_49_out       |    pointer   |
|x_4_50_out_din     | out |   16|   ap_fifo  |       x_4_50_out       |    pointer   |
|x_4_50_out_full_n  |  in |    1|   ap_fifo  |       x_4_50_out       |    pointer   |
|x_4_50_out_write   | out |    1|   ap_fifo  |       x_4_50_out       |    pointer   |
|y_0_0_out_din      | out |   16|   ap_fifo  |        y_0_0_out       |    pointer   |
|y_0_0_out_full_n   |  in |    1|   ap_fifo  |        y_0_0_out       |    pointer   |
|y_0_0_out_write    | out |    1|   ap_fifo  |        y_0_0_out       |    pointer   |
|y_0_1_out_din      | out |   16|   ap_fifo  |        y_0_1_out       |    pointer   |
|y_0_1_out_full_n   |  in |    1|   ap_fifo  |        y_0_1_out       |    pointer   |
|y_0_1_out_write    | out |    1|   ap_fifo  |        y_0_1_out       |    pointer   |
|y_0_2_out_din      | out |   16|   ap_fifo  |        y_0_2_out       |    pointer   |
|y_0_2_out_full_n   |  in |    1|   ap_fifo  |        y_0_2_out       |    pointer   |
|y_0_2_out_write    | out |    1|   ap_fifo  |        y_0_2_out       |    pointer   |
|y_0_3_out_din      | out |   16|   ap_fifo  |        y_0_3_out       |    pointer   |
|y_0_3_out_full_n   |  in |    1|   ap_fifo  |        y_0_3_out       |    pointer   |
|y_0_3_out_write    | out |    1|   ap_fifo  |        y_0_3_out       |    pointer   |
|y_0_4_out_din      | out |   16|   ap_fifo  |        y_0_4_out       |    pointer   |
|y_0_4_out_full_n   |  in |    1|   ap_fifo  |        y_0_4_out       |    pointer   |
|y_0_4_out_write    | out |    1|   ap_fifo  |        y_0_4_out       |    pointer   |
|y_0_5_out_din      | out |   16|   ap_fifo  |        y_0_5_out       |    pointer   |
|y_0_5_out_full_n   |  in |    1|   ap_fifo  |        y_0_5_out       |    pointer   |
|y_0_5_out_write    | out |    1|   ap_fifo  |        y_0_5_out       |    pointer   |
|y_0_6_out_din      | out |   16|   ap_fifo  |        y_0_6_out       |    pointer   |
|y_0_6_out_full_n   |  in |    1|   ap_fifo  |        y_0_6_out       |    pointer   |
|y_0_6_out_write    | out |    1|   ap_fifo  |        y_0_6_out       |    pointer   |
|y_0_7_out_din      | out |   16|   ap_fifo  |        y_0_7_out       |    pointer   |
|y_0_7_out_full_n   |  in |    1|   ap_fifo  |        y_0_7_out       |    pointer   |
|y_0_7_out_write    | out |    1|   ap_fifo  |        y_0_7_out       |    pointer   |
|y_0_8_out_din      | out |   16|   ap_fifo  |        y_0_8_out       |    pointer   |
|y_0_8_out_full_n   |  in |    1|   ap_fifo  |        y_0_8_out       |    pointer   |
|y_0_8_out_write    | out |    1|   ap_fifo  |        y_0_8_out       |    pointer   |
|y_0_9_out_din      | out |   16|   ap_fifo  |        y_0_9_out       |    pointer   |
|y_0_9_out_full_n   |  in |    1|   ap_fifo  |        y_0_9_out       |    pointer   |
|y_0_9_out_write    | out |    1|   ap_fifo  |        y_0_9_out       |    pointer   |
|y_0_10_out_din     | out |   16|   ap_fifo  |       y_0_10_out       |    pointer   |
|y_0_10_out_full_n  |  in |    1|   ap_fifo  |       y_0_10_out       |    pointer   |
|y_0_10_out_write   | out |    1|   ap_fifo  |       y_0_10_out       |    pointer   |
|y_0_11_out_din     | out |   16|   ap_fifo  |       y_0_11_out       |    pointer   |
|y_0_11_out_full_n  |  in |    1|   ap_fifo  |       y_0_11_out       |    pointer   |
|y_0_11_out_write   | out |    1|   ap_fifo  |       y_0_11_out       |    pointer   |
|y_0_12_out_din     | out |   16|   ap_fifo  |       y_0_12_out       |    pointer   |
|y_0_12_out_full_n  |  in |    1|   ap_fifo  |       y_0_12_out       |    pointer   |
|y_0_12_out_write   | out |    1|   ap_fifo  |       y_0_12_out       |    pointer   |
|y_0_13_out_din     | out |   16|   ap_fifo  |       y_0_13_out       |    pointer   |
|y_0_13_out_full_n  |  in |    1|   ap_fifo  |       y_0_13_out       |    pointer   |
|y_0_13_out_write   | out |    1|   ap_fifo  |       y_0_13_out       |    pointer   |
|y_0_14_out_din     | out |   16|   ap_fifo  |       y_0_14_out       |    pointer   |
|y_0_14_out_full_n  |  in |    1|   ap_fifo  |       y_0_14_out       |    pointer   |
|y_0_14_out_write   | out |    1|   ap_fifo  |       y_0_14_out       |    pointer   |
|y_0_15_out_din     | out |   16|   ap_fifo  |       y_0_15_out       |    pointer   |
|y_0_15_out_full_n  |  in |    1|   ap_fifo  |       y_0_15_out       |    pointer   |
|y_0_15_out_write   | out |    1|   ap_fifo  |       y_0_15_out       |    pointer   |
|y_0_16_out_din     | out |   16|   ap_fifo  |       y_0_16_out       |    pointer   |
|y_0_16_out_full_n  |  in |    1|   ap_fifo  |       y_0_16_out       |    pointer   |
|y_0_16_out_write   | out |    1|   ap_fifo  |       y_0_16_out       |    pointer   |
|y_0_17_out_din     | out |   16|   ap_fifo  |       y_0_17_out       |    pointer   |
|y_0_17_out_full_n  |  in |    1|   ap_fifo  |       y_0_17_out       |    pointer   |
|y_0_17_out_write   | out |    1|   ap_fifo  |       y_0_17_out       |    pointer   |
|y_0_18_out_din     | out |   16|   ap_fifo  |       y_0_18_out       |    pointer   |
|y_0_18_out_full_n  |  in |    1|   ap_fifo  |       y_0_18_out       |    pointer   |
|y_0_18_out_write   | out |    1|   ap_fifo  |       y_0_18_out       |    pointer   |
|y_0_19_out_din     | out |   16|   ap_fifo  |       y_0_19_out       |    pointer   |
|y_0_19_out_full_n  |  in |    1|   ap_fifo  |       y_0_19_out       |    pointer   |
|y_0_19_out_write   | out |    1|   ap_fifo  |       y_0_19_out       |    pointer   |
|y_0_20_out_din     | out |   16|   ap_fifo  |       y_0_20_out       |    pointer   |
|y_0_20_out_full_n  |  in |    1|   ap_fifo  |       y_0_20_out       |    pointer   |
|y_0_20_out_write   | out |    1|   ap_fifo  |       y_0_20_out       |    pointer   |
|y_0_21_out_din     | out |   16|   ap_fifo  |       y_0_21_out       |    pointer   |
|y_0_21_out_full_n  |  in |    1|   ap_fifo  |       y_0_21_out       |    pointer   |
|y_0_21_out_write   | out |    1|   ap_fifo  |       y_0_21_out       |    pointer   |
|y_0_22_out_din     | out |   16|   ap_fifo  |       y_0_22_out       |    pointer   |
|y_0_22_out_full_n  |  in |    1|   ap_fifo  |       y_0_22_out       |    pointer   |
|y_0_22_out_write   | out |    1|   ap_fifo  |       y_0_22_out       |    pointer   |
|y_0_23_out_din     | out |   16|   ap_fifo  |       y_0_23_out       |    pointer   |
|y_0_23_out_full_n  |  in |    1|   ap_fifo  |       y_0_23_out       |    pointer   |
|y_0_23_out_write   | out |    1|   ap_fifo  |       y_0_23_out       |    pointer   |
|y_0_24_out_din     | out |   16|   ap_fifo  |       y_0_24_out       |    pointer   |
|y_0_24_out_full_n  |  in |    1|   ap_fifo  |       y_0_24_out       |    pointer   |
|y_0_24_out_write   | out |    1|   ap_fifo  |       y_0_24_out       |    pointer   |
|y_0_25_out_din     | out |   16|   ap_fifo  |       y_0_25_out       |    pointer   |
|y_0_25_out_full_n  |  in |    1|   ap_fifo  |       y_0_25_out       |    pointer   |
|y_0_25_out_write   | out |    1|   ap_fifo  |       y_0_25_out       |    pointer   |
|y_0_26_out_din     | out |   16|   ap_fifo  |       y_0_26_out       |    pointer   |
|y_0_26_out_full_n  |  in |    1|   ap_fifo  |       y_0_26_out       |    pointer   |
|y_0_26_out_write   | out |    1|   ap_fifo  |       y_0_26_out       |    pointer   |
|y_0_27_out_din     | out |   16|   ap_fifo  |       y_0_27_out       |    pointer   |
|y_0_27_out_full_n  |  in |    1|   ap_fifo  |       y_0_27_out       |    pointer   |
|y_0_27_out_write   | out |    1|   ap_fifo  |       y_0_27_out       |    pointer   |
|y_0_28_out_din     | out |   16|   ap_fifo  |       y_0_28_out       |    pointer   |
|y_0_28_out_full_n  |  in |    1|   ap_fifo  |       y_0_28_out       |    pointer   |
|y_0_28_out_write   | out |    1|   ap_fifo  |       y_0_28_out       |    pointer   |
|y_0_29_out_din     | out |   16|   ap_fifo  |       y_0_29_out       |    pointer   |
|y_0_29_out_full_n  |  in |    1|   ap_fifo  |       y_0_29_out       |    pointer   |
|y_0_29_out_write   | out |    1|   ap_fifo  |       y_0_29_out       |    pointer   |
|y_0_30_out_din     | out |   16|   ap_fifo  |       y_0_30_out       |    pointer   |
|y_0_30_out_full_n  |  in |    1|   ap_fifo  |       y_0_30_out       |    pointer   |
|y_0_30_out_write   | out |    1|   ap_fifo  |       y_0_30_out       |    pointer   |
|y_0_31_out_din     | out |   16|   ap_fifo  |       y_0_31_out       |    pointer   |
|y_0_31_out_full_n  |  in |    1|   ap_fifo  |       y_0_31_out       |    pointer   |
|y_0_31_out_write   | out |    1|   ap_fifo  |       y_0_31_out       |    pointer   |
|y_0_32_out_din     | out |   16|   ap_fifo  |       y_0_32_out       |    pointer   |
|y_0_32_out_full_n  |  in |    1|   ap_fifo  |       y_0_32_out       |    pointer   |
|y_0_32_out_write   | out |    1|   ap_fifo  |       y_0_32_out       |    pointer   |
|y_0_33_out_din     | out |   16|   ap_fifo  |       y_0_33_out       |    pointer   |
|y_0_33_out_full_n  |  in |    1|   ap_fifo  |       y_0_33_out       |    pointer   |
|y_0_33_out_write   | out |    1|   ap_fifo  |       y_0_33_out       |    pointer   |
|y_0_34_out_din     | out |   16|   ap_fifo  |       y_0_34_out       |    pointer   |
|y_0_34_out_full_n  |  in |    1|   ap_fifo  |       y_0_34_out       |    pointer   |
|y_0_34_out_write   | out |    1|   ap_fifo  |       y_0_34_out       |    pointer   |
|y_0_35_out_din     | out |   16|   ap_fifo  |       y_0_35_out       |    pointer   |
|y_0_35_out_full_n  |  in |    1|   ap_fifo  |       y_0_35_out       |    pointer   |
|y_0_35_out_write   | out |    1|   ap_fifo  |       y_0_35_out       |    pointer   |
|y_0_36_out_din     | out |   16|   ap_fifo  |       y_0_36_out       |    pointer   |
|y_0_36_out_full_n  |  in |    1|   ap_fifo  |       y_0_36_out       |    pointer   |
|y_0_36_out_write   | out |    1|   ap_fifo  |       y_0_36_out       |    pointer   |
|y_0_37_out_din     | out |   16|   ap_fifo  |       y_0_37_out       |    pointer   |
|y_0_37_out_full_n  |  in |    1|   ap_fifo  |       y_0_37_out       |    pointer   |
|y_0_37_out_write   | out |    1|   ap_fifo  |       y_0_37_out       |    pointer   |
|y_0_38_out_din     | out |   16|   ap_fifo  |       y_0_38_out       |    pointer   |
|y_0_38_out_full_n  |  in |    1|   ap_fifo  |       y_0_38_out       |    pointer   |
|y_0_38_out_write   | out |    1|   ap_fifo  |       y_0_38_out       |    pointer   |
|y_0_39_out_din     | out |   16|   ap_fifo  |       y_0_39_out       |    pointer   |
|y_0_39_out_full_n  |  in |    1|   ap_fifo  |       y_0_39_out       |    pointer   |
|y_0_39_out_write   | out |    1|   ap_fifo  |       y_0_39_out       |    pointer   |
|y_0_40_out_din     | out |   16|   ap_fifo  |       y_0_40_out       |    pointer   |
|y_0_40_out_full_n  |  in |    1|   ap_fifo  |       y_0_40_out       |    pointer   |
|y_0_40_out_write   | out |    1|   ap_fifo  |       y_0_40_out       |    pointer   |
|y_0_41_out_din     | out |   16|   ap_fifo  |       y_0_41_out       |    pointer   |
|y_0_41_out_full_n  |  in |    1|   ap_fifo  |       y_0_41_out       |    pointer   |
|y_0_41_out_write   | out |    1|   ap_fifo  |       y_0_41_out       |    pointer   |
|y_0_42_out_din     | out |   16|   ap_fifo  |       y_0_42_out       |    pointer   |
|y_0_42_out_full_n  |  in |    1|   ap_fifo  |       y_0_42_out       |    pointer   |
|y_0_42_out_write   | out |    1|   ap_fifo  |       y_0_42_out       |    pointer   |
|y_0_43_out_din     | out |   16|   ap_fifo  |       y_0_43_out       |    pointer   |
|y_0_43_out_full_n  |  in |    1|   ap_fifo  |       y_0_43_out       |    pointer   |
|y_0_43_out_write   | out |    1|   ap_fifo  |       y_0_43_out       |    pointer   |
|y_0_44_out_din     | out |   16|   ap_fifo  |       y_0_44_out       |    pointer   |
|y_0_44_out_full_n  |  in |    1|   ap_fifo  |       y_0_44_out       |    pointer   |
|y_0_44_out_write   | out |    1|   ap_fifo  |       y_0_44_out       |    pointer   |
|y_4_0_out_din      | out |   16|   ap_fifo  |        y_4_0_out       |    pointer   |
|y_4_0_out_full_n   |  in |    1|   ap_fifo  |        y_4_0_out       |    pointer   |
|y_4_0_out_write    | out |    1|   ap_fifo  |        y_4_0_out       |    pointer   |
|y_4_1_out_din      | out |   16|   ap_fifo  |        y_4_1_out       |    pointer   |
|y_4_1_out_full_n   |  in |    1|   ap_fifo  |        y_4_1_out       |    pointer   |
|y_4_1_out_write    | out |    1|   ap_fifo  |        y_4_1_out       |    pointer   |
|y_4_2_out_din      | out |   16|   ap_fifo  |        y_4_2_out       |    pointer   |
|y_4_2_out_full_n   |  in |    1|   ap_fifo  |        y_4_2_out       |    pointer   |
|y_4_2_out_write    | out |    1|   ap_fifo  |        y_4_2_out       |    pointer   |
|y_4_3_out_din      | out |   16|   ap_fifo  |        y_4_3_out       |    pointer   |
|y_4_3_out_full_n   |  in |    1|   ap_fifo  |        y_4_3_out       |    pointer   |
|y_4_3_out_write    | out |    1|   ap_fifo  |        y_4_3_out       |    pointer   |
|y_4_4_out_din      | out |   16|   ap_fifo  |        y_4_4_out       |    pointer   |
|y_4_4_out_full_n   |  in |    1|   ap_fifo  |        y_4_4_out       |    pointer   |
|y_4_4_out_write    | out |    1|   ap_fifo  |        y_4_4_out       |    pointer   |
|y_4_5_out_din      | out |   16|   ap_fifo  |        y_4_5_out       |    pointer   |
|y_4_5_out_full_n   |  in |    1|   ap_fifo  |        y_4_5_out       |    pointer   |
|y_4_5_out_write    | out |    1|   ap_fifo  |        y_4_5_out       |    pointer   |
|y_4_6_out_din      | out |   16|   ap_fifo  |        y_4_6_out       |    pointer   |
|y_4_6_out_full_n   |  in |    1|   ap_fifo  |        y_4_6_out       |    pointer   |
|y_4_6_out_write    | out |    1|   ap_fifo  |        y_4_6_out       |    pointer   |
|y_4_7_out_din      | out |   16|   ap_fifo  |        y_4_7_out       |    pointer   |
|y_4_7_out_full_n   |  in |    1|   ap_fifo  |        y_4_7_out       |    pointer   |
|y_4_7_out_write    | out |    1|   ap_fifo  |        y_4_7_out       |    pointer   |
|y_4_8_out_din      | out |   16|   ap_fifo  |        y_4_8_out       |    pointer   |
|y_4_8_out_full_n   |  in |    1|   ap_fifo  |        y_4_8_out       |    pointer   |
|y_4_8_out_write    | out |    1|   ap_fifo  |        y_4_8_out       |    pointer   |
|y_4_9_out_din      | out |   16|   ap_fifo  |        y_4_9_out       |    pointer   |
|y_4_9_out_full_n   |  in |    1|   ap_fifo  |        y_4_9_out       |    pointer   |
|y_4_9_out_write    | out |    1|   ap_fifo  |        y_4_9_out       |    pointer   |
|y_4_10_out_din     | out |   16|   ap_fifo  |       y_4_10_out       |    pointer   |
|y_4_10_out_full_n  |  in |    1|   ap_fifo  |       y_4_10_out       |    pointer   |
|y_4_10_out_write   | out |    1|   ap_fifo  |       y_4_10_out       |    pointer   |
|y_4_11_out_din     | out |   16|   ap_fifo  |       y_4_11_out       |    pointer   |
|y_4_11_out_full_n  |  in |    1|   ap_fifo  |       y_4_11_out       |    pointer   |
|y_4_11_out_write   | out |    1|   ap_fifo  |       y_4_11_out       |    pointer   |
|y_4_12_out_din     | out |   16|   ap_fifo  |       y_4_12_out       |    pointer   |
|y_4_12_out_full_n  |  in |    1|   ap_fifo  |       y_4_12_out       |    pointer   |
|y_4_12_out_write   | out |    1|   ap_fifo  |       y_4_12_out       |    pointer   |
|y_4_13_out_din     | out |   16|   ap_fifo  |       y_4_13_out       |    pointer   |
|y_4_13_out_full_n  |  in |    1|   ap_fifo  |       y_4_13_out       |    pointer   |
|y_4_13_out_write   | out |    1|   ap_fifo  |       y_4_13_out       |    pointer   |
|y_4_14_out_din     | out |   16|   ap_fifo  |       y_4_14_out       |    pointer   |
|y_4_14_out_full_n  |  in |    1|   ap_fifo  |       y_4_14_out       |    pointer   |
|y_4_14_out_write   | out |    1|   ap_fifo  |       y_4_14_out       |    pointer   |
|y_4_15_out_din     | out |   16|   ap_fifo  |       y_4_15_out       |    pointer   |
|y_4_15_out_full_n  |  in |    1|   ap_fifo  |       y_4_15_out       |    pointer   |
|y_4_15_out_write   | out |    1|   ap_fifo  |       y_4_15_out       |    pointer   |
|y_4_16_out_din     | out |   16|   ap_fifo  |       y_4_16_out       |    pointer   |
|y_4_16_out_full_n  |  in |    1|   ap_fifo  |       y_4_16_out       |    pointer   |
|y_4_16_out_write   | out |    1|   ap_fifo  |       y_4_16_out       |    pointer   |
|y_4_17_out_din     | out |   16|   ap_fifo  |       y_4_17_out       |    pointer   |
|y_4_17_out_full_n  |  in |    1|   ap_fifo  |       y_4_17_out       |    pointer   |
|y_4_17_out_write   | out |    1|   ap_fifo  |       y_4_17_out       |    pointer   |
|y_4_18_out_din     | out |   16|   ap_fifo  |       y_4_18_out       |    pointer   |
|y_4_18_out_full_n  |  in |    1|   ap_fifo  |       y_4_18_out       |    pointer   |
|y_4_18_out_write   | out |    1|   ap_fifo  |       y_4_18_out       |    pointer   |
|y_4_19_out_din     | out |   16|   ap_fifo  |       y_4_19_out       |    pointer   |
|y_4_19_out_full_n  |  in |    1|   ap_fifo  |       y_4_19_out       |    pointer   |
|y_4_19_out_write   | out |    1|   ap_fifo  |       y_4_19_out       |    pointer   |
|y_4_20_out_din     | out |   16|   ap_fifo  |       y_4_20_out       |    pointer   |
|y_4_20_out_full_n  |  in |    1|   ap_fifo  |       y_4_20_out       |    pointer   |
|y_4_20_out_write   | out |    1|   ap_fifo  |       y_4_20_out       |    pointer   |
|y_4_21_out_din     | out |   16|   ap_fifo  |       y_4_21_out       |    pointer   |
|y_4_21_out_full_n  |  in |    1|   ap_fifo  |       y_4_21_out       |    pointer   |
|y_4_21_out_write   | out |    1|   ap_fifo  |       y_4_21_out       |    pointer   |
|y_4_22_out_din     | out |   16|   ap_fifo  |       y_4_22_out       |    pointer   |
|y_4_22_out_full_n  |  in |    1|   ap_fifo  |       y_4_22_out       |    pointer   |
|y_4_22_out_write   | out |    1|   ap_fifo  |       y_4_22_out       |    pointer   |
|y_4_23_out_din     | out |   16|   ap_fifo  |       y_4_23_out       |    pointer   |
|y_4_23_out_full_n  |  in |    1|   ap_fifo  |       y_4_23_out       |    pointer   |
|y_4_23_out_write   | out |    1|   ap_fifo  |       y_4_23_out       |    pointer   |
|y_4_24_out_din     | out |   16|   ap_fifo  |       y_4_24_out       |    pointer   |
|y_4_24_out_full_n  |  in |    1|   ap_fifo  |       y_4_24_out       |    pointer   |
|y_4_24_out_write   | out |    1|   ap_fifo  |       y_4_24_out       |    pointer   |
|y_4_25_out_din     | out |   16|   ap_fifo  |       y_4_25_out       |    pointer   |
|y_4_25_out_full_n  |  in |    1|   ap_fifo  |       y_4_25_out       |    pointer   |
|y_4_25_out_write   | out |    1|   ap_fifo  |       y_4_25_out       |    pointer   |
|y_4_26_out_din     | out |   16|   ap_fifo  |       y_4_26_out       |    pointer   |
|y_4_26_out_full_n  |  in |    1|   ap_fifo  |       y_4_26_out       |    pointer   |
|y_4_26_out_write   | out |    1|   ap_fifo  |       y_4_26_out       |    pointer   |
|y_4_27_out_din     | out |   16|   ap_fifo  |       y_4_27_out       |    pointer   |
|y_4_27_out_full_n  |  in |    1|   ap_fifo  |       y_4_27_out       |    pointer   |
|y_4_27_out_write   | out |    1|   ap_fifo  |       y_4_27_out       |    pointer   |
|y_4_28_out_din     | out |   16|   ap_fifo  |       y_4_28_out       |    pointer   |
|y_4_28_out_full_n  |  in |    1|   ap_fifo  |       y_4_28_out       |    pointer   |
|y_4_28_out_write   | out |    1|   ap_fifo  |       y_4_28_out       |    pointer   |
|y_4_29_out_din     | out |   16|   ap_fifo  |       y_4_29_out       |    pointer   |
|y_4_29_out_full_n  |  in |    1|   ap_fifo  |       y_4_29_out       |    pointer   |
|y_4_29_out_write   | out |    1|   ap_fifo  |       y_4_29_out       |    pointer   |
|y_4_30_out_din     | out |   16|   ap_fifo  |       y_4_30_out       |    pointer   |
|y_4_30_out_full_n  |  in |    1|   ap_fifo  |       y_4_30_out       |    pointer   |
|y_4_30_out_write   | out |    1|   ap_fifo  |       y_4_30_out       |    pointer   |
|y_4_31_out_din     | out |   16|   ap_fifo  |       y_4_31_out       |    pointer   |
|y_4_31_out_full_n  |  in |    1|   ap_fifo  |       y_4_31_out       |    pointer   |
|y_4_31_out_write   | out |    1|   ap_fifo  |       y_4_31_out       |    pointer   |
|y_4_32_out_din     | out |   16|   ap_fifo  |       y_4_32_out       |    pointer   |
|y_4_32_out_full_n  |  in |    1|   ap_fifo  |       y_4_32_out       |    pointer   |
|y_4_32_out_write   | out |    1|   ap_fifo  |       y_4_32_out       |    pointer   |
|y_4_33_out_din     | out |   16|   ap_fifo  |       y_4_33_out       |    pointer   |
|y_4_33_out_full_n  |  in |    1|   ap_fifo  |       y_4_33_out       |    pointer   |
|y_4_33_out_write   | out |    1|   ap_fifo  |       y_4_33_out       |    pointer   |
|y_4_34_out_din     | out |   16|   ap_fifo  |       y_4_34_out       |    pointer   |
|y_4_34_out_full_n  |  in |    1|   ap_fifo  |       y_4_34_out       |    pointer   |
|y_4_34_out_write   | out |    1|   ap_fifo  |       y_4_34_out       |    pointer   |
|y_4_35_out_din     | out |   16|   ap_fifo  |       y_4_35_out       |    pointer   |
|y_4_35_out_full_n  |  in |    1|   ap_fifo  |       y_4_35_out       |    pointer   |
|y_4_35_out_write   | out |    1|   ap_fifo  |       y_4_35_out       |    pointer   |
|y_4_36_out_din     | out |   16|   ap_fifo  |       y_4_36_out       |    pointer   |
|y_4_36_out_full_n  |  in |    1|   ap_fifo  |       y_4_36_out       |    pointer   |
|y_4_36_out_write   | out |    1|   ap_fifo  |       y_4_36_out       |    pointer   |
|y_4_37_out_din     | out |   16|   ap_fifo  |       y_4_37_out       |    pointer   |
|y_4_37_out_full_n  |  in |    1|   ap_fifo  |       y_4_37_out       |    pointer   |
|y_4_37_out_write   | out |    1|   ap_fifo  |       y_4_37_out       |    pointer   |
|y_4_38_out_din     | out |   16|   ap_fifo  |       y_4_38_out       |    pointer   |
|y_4_38_out_full_n  |  in |    1|   ap_fifo  |       y_4_38_out       |    pointer   |
|y_4_38_out_write   | out |    1|   ap_fifo  |       y_4_38_out       |    pointer   |
|y_4_39_out_din     | out |   16|   ap_fifo  |       y_4_39_out       |    pointer   |
|y_4_39_out_full_n  |  in |    1|   ap_fifo  |       y_4_39_out       |    pointer   |
|y_4_39_out_write   | out |    1|   ap_fifo  |       y_4_39_out       |    pointer   |
|y_4_40_out_din     | out |   16|   ap_fifo  |       y_4_40_out       |    pointer   |
|y_4_40_out_full_n  |  in |    1|   ap_fifo  |       y_4_40_out       |    pointer   |
|y_4_40_out_write   | out |    1|   ap_fifo  |       y_4_40_out       |    pointer   |
|y_4_41_out_din     | out |   16|   ap_fifo  |       y_4_41_out       |    pointer   |
|y_4_41_out_full_n  |  in |    1|   ap_fifo  |       y_4_41_out       |    pointer   |
|y_4_41_out_write   | out |    1|   ap_fifo  |       y_4_41_out       |    pointer   |
|y_4_42_out_din     | out |   16|   ap_fifo  |       y_4_42_out       |    pointer   |
|y_4_42_out_full_n  |  in |    1|   ap_fifo  |       y_4_42_out       |    pointer   |
|y_4_42_out_write   | out |    1|   ap_fifo  |       y_4_42_out       |    pointer   |
|y_4_43_out_din     | out |   16|   ap_fifo  |       y_4_43_out       |    pointer   |
|y_4_43_out_full_n  |  in |    1|   ap_fifo  |       y_4_43_out       |    pointer   |
|y_4_43_out_write   | out |    1|   ap_fifo  |       y_4_43_out       |    pointer   |
|y_4_44_out_din     | out |   16|   ap_fifo  |       y_4_44_out       |    pointer   |
|y_4_44_out_full_n  |  in |    1|   ap_fifo  |       y_4_44_out       |    pointer   |
|y_4_44_out_write   | out |    1|   ap_fifo  |       y_4_44_out       |    pointer   |
|y_4_45_out_din     | out |   16|   ap_fifo  |       y_4_45_out       |    pointer   |
|y_4_45_out_full_n  |  in |    1|   ap_fifo  |       y_4_45_out       |    pointer   |
|y_4_45_out_write   | out |    1|   ap_fifo  |       y_4_45_out       |    pointer   |
|y_4_46_out_din     | out |   16|   ap_fifo  |       y_4_46_out       |    pointer   |
|y_4_46_out_full_n  |  in |    1|   ap_fifo  |       y_4_46_out       |    pointer   |
|y_4_46_out_write   | out |    1|   ap_fifo  |       y_4_46_out       |    pointer   |
|y_4_47_out_din     | out |   16|   ap_fifo  |       y_4_47_out       |    pointer   |
|y_4_47_out_full_n  |  in |    1|   ap_fifo  |       y_4_47_out       |    pointer   |
|y_4_47_out_write   | out |    1|   ap_fifo  |       y_4_47_out       |    pointer   |
|y_4_48_out_din     | out |   16|   ap_fifo  |       y_4_48_out       |    pointer   |
|y_4_48_out_full_n  |  in |    1|   ap_fifo  |       y_4_48_out       |    pointer   |
|y_4_48_out_write   | out |    1|   ap_fifo  |       y_4_48_out       |    pointer   |
|y_4_49_out_din     | out |   16|   ap_fifo  |       y_4_49_out       |    pointer   |
|y_4_49_out_full_n  |  in |    1|   ap_fifo  |       y_4_49_out       |    pointer   |
|y_4_49_out_write   | out |    1|   ap_fifo  |       y_4_49_out       |    pointer   |
|y_4_50_out_din     | out |   16|   ap_fifo  |       y_4_50_out       |    pointer   |
|y_4_50_out_full_n  |  in |    1|   ap_fifo  |       y_4_50_out       |    pointer   |
|y_4_50_out_write   | out |    1|   ap_fifo  |       y_4_50_out       |    pointer   |
+-------------------+-----+-----+------------+------------------------+--------------+

