

================================================================
== Vivado HLS Report for 'dotprod_golden'
================================================================
* Date:           Wed Jul 15 18:55:12 2020

* Version:        2019.2 (Build 2704478 on Wed Nov 06 22:10:23 MST 2019)
* Project:        dotprod
* Solution:       solution1
* Product family: zynq
* Target device:  xc7z020-clg484-1


================================================================
== Performance Estimates
================================================================
+ Timing: 
    * Summary: 
    +--------+----------+----------+------------+
    |  Clock |  Target  | Estimated| Uncertainty|
    +--------+----------+----------+------------+
    |ap_clk  | 10.00 ns | 6.380 ns |   1.25 ns  |
    +--------+----------+----------+------------+

+ Latency: 
    * Summary: 
    +---------+---------+-----------+-----------+------+------+---------+
    |  Latency (cycles) |   Latency (absolute)  |   Interval  | Pipeline|
    |   min   |   max   |    min    |    max    |  min |  max |   Type  |
    +---------+---------+-----------+-----------+------+------+---------+
    |     6001|     6001| 60.010 us | 60.010 us |  6001|  6001|   none  |
    +---------+---------+-----------+-----------+------+------+---------+

    + Detail: 
        * Instance: 
        N/A

        * Loop: 
        +----------+---------+---------+----------+-----------+-----------+------+----------+
        |          |  Latency (cycles) | Iteration|  Initiation Interval  | Trip |          |
        | Loop Name|   min   |   max   |  Latency |  achieved |   target  | Count| Pipelined|
        +----------+---------+---------+----------+-----------+-----------+------+----------+
        |- Loop 1  |     6000|     6000|         3|          -|          -|  2000|    no    |
        +----------+---------+---------+----------+-----------+-----------+------+----------+



================================================================
== Utilization Estimates
================================================================
* Summary: 
+-----------------+---------+-------+--------+-------+-----+
|       Name      | BRAM_18K| DSP48E|   FF   |  LUT  | URAM|
+-----------------+---------+-------+--------+-------+-----+
|DSP              |        -|      1|       -|      -|    -|
|Expression       |        -|      -|       0|     26|    -|
|FIFO             |        -|      -|       -|      -|    -|
|Instance         |        -|      -|       -|      -|    -|
|Memory           |        -|      -|       -|      -|    -|
|Multiplexer      |        -|      -|       -|     45|    -|
|Register         |        -|      -|      90|      -|    -|
+-----------------+---------+-------+--------+-------+-----+
|Total            |        0|      1|      90|     71|    0|
+-----------------+---------+-------+--------+-------+-----+
|Available        |      280|    220|  106400|  53200|    0|
+-----------------+---------+-------+--------+-------+-----+
|Utilization (%)  |        0|   ~0  |   ~0   |   ~0  |    0|
+-----------------+---------+-------+--------+-------+-----+

+ Detail: 
    * Instance: 
    N/A

    * DSP48E: 
    +-------------------------+----------------------+--------------+
    |         Instance        |        Module        |  Expression  |
    +-------------------------+----------------------+--------------+
    |dotprod_golden_mabkb_U1  |dotprod_golden_mabkb  | i0 * i1 + i2 |
    +-------------------------+----------------------+--------------+

    * Memory: 
    N/A

    * FIFO: 
    N/A

    * Expression: 
    +-------------------+----------+-------+---+----+------------+------------+
    |   Variable Name   | Operation| DSP48E| FF| LUT| Bitwidth P0| Bitwidth P1|
    +-------------------+----------+-------+---+----+------------+------------+
    |i_fu_79_p2         |     +    |      0|  0|  13|          11|           1|
    |icmp_ln6_fu_73_p2  |   icmp   |      0|  0|  13|          11|           7|
    +-------------------+----------+-------+---+----+------------+------------+
    |Total              |          |      0|  0|  26|          22|           8|
    +-------------------+----------+-------+---+----+------------+------------+

    * Multiplexer: 
    +--------------+----+-----------+-----+-----------+
    |     Name     | LUT| Input Size| Bits| Total Bits|
    +--------------+----+-----------+-----+-----------+
    |ap_NS_fsm     |  27|          5|    1|          5|
    |i_0_reg_62    |   9|          2|   11|         22|
    |sum_0_reg_50  |   9|          2|   32|         64|
    +--------------+----+-----------+-----+-----------+
    |Total         |  45|          9|   44|         91|
    +--------------+----+-----------+-----+-----------+

    * Register: 
    +----------------+----+----+-----+-----------+
    |      Name      | FF | LUT| Bits| Const Bits|
    +----------------+----+----+-----+-----------+
    |ap_CS_fsm       |   4|   0|    4|          0|
    |i_0_reg_62      |  11|   0|   11|          0|
    |i_reg_108       |  11|   0|   11|          0|
    |sum_0_reg_50    |  32|   0|   32|          0|
    |x_load_reg_123  |  16|   0|   16|          0|
    |y_load_reg_128  |  16|   0|   16|          0|
    +----------------+----+----+-----+-----------+
    |Total           |  90|   0|   90|          0|
    +----------------+----+----+-----+-----------+



================================================================
== Interface
================================================================
* Summary: 
+------------+-----+-----+------------+----------------+--------------+
|  RTL Ports | Dir | Bits|  Protocol  |  Source Object |    C Type    |
+------------+-----+-----+------------+----------------+--------------+
|ap_clk      |  in |    1| ap_ctrl_hs | dotprod_golden | return value |
|ap_rst      |  in |    1| ap_ctrl_hs | dotprod_golden | return value |
|ap_start    |  in |    1| ap_ctrl_hs | dotprod_golden | return value |
|ap_done     | out |    1| ap_ctrl_hs | dotprod_golden | return value |
|ap_idle     | out |    1| ap_ctrl_hs | dotprod_golden | return value |
|ap_ready    | out |    1| ap_ctrl_hs | dotprod_golden | return value |
|ap_return   | out |   32| ap_ctrl_hs | dotprod_golden | return value |
|x_address0  | out |   11|  ap_memory |        x       |     array    |
|x_ce0       | out |    1|  ap_memory |        x       |     array    |
|x_q0        |  in |   16|  ap_memory |        x       |     array    |
|y_address0  | out |   11|  ap_memory |        y       |     array    |
|y_ce0       | out |    1|  ap_memory |        y       |     array    |
|y_q0        |  in |   16|  ap_memory |        y       |     array    |
+------------+-----+-----+------------+----------------+--------------+

