

================================================================
== Vivado HLS Report for 'n4000_dotprod_parall_2'
================================================================
* Date:           Wed Jul 15 19:08:35 2020

* Version:        2019.2 (Build 2704478 on Wed Nov 06 22:10:23 MST 2019)
* Project:        dotprod
* Solution:       solution1
* Product family: zynq
* Target device:  xc7z020-clg484-1


================================================================
== Performance Estimates
================================================================
+ Timing: 
    * Summary: 
    +--------+----------+----------+------------+
    |  Clock |  Target  | Estimated| Uncertainty|
    +--------+----------+----------+------------+
    |ap_clk  | 10.00 ns | 3.634 ns |   1.25 ns  |
    +--------+----------+----------+------------+

+ Latency: 
    * Summary: 
    +---------+---------+----------+----------+-----+-----+---------+
    |  Latency (cycles) |  Latency (absolute) |  Interval | Pipeline|
    |   min   |   max   |    min   |    max   | min | max |   Type  |
    +---------+---------+----------+----------+-----+-----+---------+
    |        0|        0|   0 ns   |   0 ns   |    0|    0|   none  |
    +---------+---------+----------+----------+-----+-----+---------+

    + Detail: 
        * Instance: 
        N/A

        * Loop: 
        N/A



================================================================
== Utilization Estimates
================================================================
* Summary: 
+-----------------+---------+-------+--------+-------+-----+
|       Name      | BRAM_18K| DSP48E|   FF   |  LUT  | URAM|
+-----------------+---------+-------+--------+-------+-----+
|DSP              |        -|      -|       -|      -|    -|
|Expression       |        -|      -|       0|      2|    -|
|FIFO             |        -|      -|       -|      -|    -|
|Instance         |        -|      -|       -|      -|    -|
|Memory           |        -|      -|       -|      -|    -|
|Multiplexer      |        -|      -|       -|   1746|    -|
|Register         |        -|      -|       3|      -|    -|
+-----------------+---------+-------+--------+-------+-----+
|Total            |        0|      0|       3|   1748|    0|
+-----------------+---------+-------+--------+-------+-----+
|Available        |      280|    220|  106400|  53200|    0|
+-----------------+---------+-------+--------+-------+-----+
|Utilization (%)  |        0|      0|   ~0   |      3|    0|
+-----------------+---------+-------+--------+-------+-----+

+ Detail: 
    * Instance: 
    N/A

    * DSP48E: 
    N/A

    * Memory: 
    N/A

    * FIFO: 
    N/A

    * Expression: 
    +-----------------+----------+-------+---+----+------------+------------+
    |  Variable Name  | Operation| DSP48E| FF| LUT| Bitwidth P0| Bitwidth P1|
    +-----------------+----------+-------+---+----+------------+------------+
    |ap_block_state1  |    or    |      0|  0|   2|           1|           1|
    +-----------------+----------+-------+---+----+------------+------------+
    |Total            |          |      0|  0|   2|           1|           1|
    +-----------------+----------+-------+---+----+------------+------------+

    * Multiplexer: 
    +------------------+----+-----------+-----+-----------+
    |       Name       | LUT| Input Size| Bits| Total Bits|
    +------------------+----+-----------+-----+-----------+
    |ap_done           |   9|          2|    1|          2|
    |real_start        |   9|          2|    1|          2|
    |x_0_0_out_blk_n   |   9|          2|    1|          2|
    |x_0_10_out_blk_n  |   9|          2|    1|          2|
    |x_0_11_out_blk_n  |   9|          2|    1|          2|
    |x_0_12_out_blk_n  |   9|          2|    1|          2|
    |x_0_13_out_blk_n  |   9|          2|    1|          2|
    |x_0_14_out_blk_n  |   9|          2|    1|          2|
    |x_0_15_out_blk_n  |   9|          2|    1|          2|
    |x_0_16_out_blk_n  |   9|          2|    1|          2|
    |x_0_17_out_blk_n  |   9|          2|    1|          2|
    |x_0_18_out_blk_n  |   9|          2|    1|          2|
    |x_0_19_out_blk_n  |   9|          2|    1|          2|
    |x_0_1_out_blk_n   |   9|          2|    1|          2|
    |x_0_20_out_blk_n  |   9|          2|    1|          2|
    |x_0_21_out_blk_n  |   9|          2|    1|          2|
    |x_0_22_out_blk_n  |   9|          2|    1|          2|
    |x_0_23_out_blk_n  |   9|          2|    1|          2|
    |x_0_24_out_blk_n  |   9|          2|    1|          2|
    |x_0_25_out_blk_n  |   9|          2|    1|          2|
    |x_0_26_out_blk_n  |   9|          2|    1|          2|
    |x_0_27_out_blk_n  |   9|          2|    1|          2|
    |x_0_28_out_blk_n  |   9|          2|    1|          2|
    |x_0_29_out_blk_n  |   9|          2|    1|          2|
    |x_0_2_out_blk_n   |   9|          2|    1|          2|
    |x_0_30_out_blk_n  |   9|          2|    1|          2|
    |x_0_31_out_blk_n  |   9|          2|    1|          2|
    |x_0_32_out_blk_n  |   9|          2|    1|          2|
    |x_0_33_out_blk_n  |   9|          2|    1|          2|
    |x_0_34_out_blk_n  |   9|          2|    1|          2|
    |x_0_35_out_blk_n  |   9|          2|    1|          2|
    |x_0_36_out_blk_n  |   9|          2|    1|          2|
    |x_0_37_out_blk_n  |   9|          2|    1|          2|
    |x_0_38_out_blk_n  |   9|          2|    1|          2|
    |x_0_39_out_blk_n  |   9|          2|    1|          2|
    |x_0_3_out_blk_n   |   9|          2|    1|          2|
    |x_0_40_out_blk_n  |   9|          2|    1|          2|
    |x_0_41_out_blk_n  |   9|          2|    1|          2|
    |x_0_42_out_blk_n  |   9|          2|    1|          2|
    |x_0_43_out_blk_n  |   9|          2|    1|          2|
    |x_0_44_out_blk_n  |   9|          2|    1|          2|
    |x_0_4_out_blk_n   |   9|          2|    1|          2|
    |x_0_5_out_blk_n   |   9|          2|    1|          2|
    |x_0_6_out_blk_n   |   9|          2|    1|          2|
    |x_0_7_out_blk_n   |   9|          2|    1|          2|
    |x_0_8_out_blk_n   |   9|          2|    1|          2|
    |x_0_9_out_blk_n   |   9|          2|    1|          2|
    |x_3_0_out_blk_n   |   9|          2|    1|          2|
    |x_3_10_out_blk_n  |   9|          2|    1|          2|
    |x_3_11_out_blk_n  |   9|          2|    1|          2|
    |x_3_12_out_blk_n  |   9|          2|    1|          2|
    |x_3_13_out_blk_n  |   9|          2|    1|          2|
    |x_3_14_out_blk_n  |   9|          2|    1|          2|
    |x_3_15_out_blk_n  |   9|          2|    1|          2|
    |x_3_16_out_blk_n  |   9|          2|    1|          2|
    |x_3_17_out_blk_n  |   9|          2|    1|          2|
    |x_3_18_out_blk_n  |   9|          2|    1|          2|
    |x_3_19_out_blk_n  |   9|          2|    1|          2|
    |x_3_1_out_blk_n   |   9|          2|    1|          2|
    |x_3_20_out_blk_n  |   9|          2|    1|          2|
    |x_3_21_out_blk_n  |   9|          2|    1|          2|
    |x_3_22_out_blk_n  |   9|          2|    1|          2|
    |x_3_23_out_blk_n  |   9|          2|    1|          2|
    |x_3_24_out_blk_n  |   9|          2|    1|          2|
    |x_3_25_out_blk_n  |   9|          2|    1|          2|
    |x_3_26_out_blk_n  |   9|          2|    1|          2|
    |x_3_27_out_blk_n  |   9|          2|    1|          2|
    |x_3_28_out_blk_n  |   9|          2|    1|          2|
    |x_3_29_out_blk_n  |   9|          2|    1|          2|
    |x_3_2_out_blk_n   |   9|          2|    1|          2|
    |x_3_30_out_blk_n  |   9|          2|    1|          2|
    |x_3_31_out_blk_n  |   9|          2|    1|          2|
    |x_3_32_out_blk_n  |   9|          2|    1|          2|
    |x_3_33_out_blk_n  |   9|          2|    1|          2|
    |x_3_34_out_blk_n  |   9|          2|    1|          2|
    |x_3_35_out_blk_n  |   9|          2|    1|          2|
    |x_3_36_out_blk_n  |   9|          2|    1|          2|
    |x_3_37_out_blk_n  |   9|          2|    1|          2|
    |x_3_38_out_blk_n  |   9|          2|    1|          2|
    |x_3_39_out_blk_n  |   9|          2|    1|          2|
    |x_3_3_out_blk_n   |   9|          2|    1|          2|
    |x_3_40_out_blk_n  |   9|          2|    1|          2|
    |x_3_41_out_blk_n  |   9|          2|    1|          2|
    |x_3_42_out_blk_n  |   9|          2|    1|          2|
    |x_3_43_out_blk_n  |   9|          2|    1|          2|
    |x_3_44_out_blk_n  |   9|          2|    1|          2|
    |x_3_45_out_blk_n  |   9|          2|    1|          2|
    |x_3_46_out_blk_n  |   9|          2|    1|          2|
    |x_3_47_out_blk_n  |   9|          2|    1|          2|
    |x_3_48_out_blk_n  |   9|          2|    1|          2|
    |x_3_49_out_blk_n  |   9|          2|    1|          2|
    |x_3_4_out_blk_n   |   9|          2|    1|          2|
    |x_3_50_out_blk_n  |   9|          2|    1|          2|
    |x_3_5_out_blk_n   |   9|          2|    1|          2|
    |x_3_6_out_blk_n   |   9|          2|    1|          2|
    |x_3_7_out_blk_n   |   9|          2|    1|          2|
    |x_3_8_out_blk_n   |   9|          2|    1|          2|
    |x_3_9_out_blk_n   |   9|          2|    1|          2|
    |y_0_0_out_blk_n   |   9|          2|    1|          2|
    |y_0_10_out_blk_n  |   9|          2|    1|          2|
    |y_0_11_out_blk_n  |   9|          2|    1|          2|
    |y_0_12_out_blk_n  |   9|          2|    1|          2|
    |y_0_13_out_blk_n  |   9|          2|    1|          2|
    |y_0_14_out_blk_n  |   9|          2|    1|          2|
    |y_0_15_out_blk_n  |   9|          2|    1|          2|
    |y_0_16_out_blk_n  |   9|          2|    1|          2|
    |y_0_17_out_blk_n  |   9|          2|    1|          2|
    |y_0_18_out_blk_n  |   9|          2|    1|          2|
    |y_0_19_out_blk_n  |   9|          2|    1|          2|
    |y_0_1_out_blk_n   |   9|          2|    1|          2|
    |y_0_20_out_blk_n  |   9|          2|    1|          2|
    |y_0_21_out_blk_n  |   9|          2|    1|          2|
    |y_0_22_out_blk_n  |   9|          2|    1|          2|
    |y_0_23_out_blk_n  |   9|          2|    1|          2|
    |y_0_24_out_blk_n  |   9|          2|    1|          2|
    |y_0_25_out_blk_n  |   9|          2|    1|          2|
    |y_0_26_out_blk_n  |   9|          2|    1|          2|
    |y_0_27_out_blk_n  |   9|          2|    1|          2|
    |y_0_28_out_blk_n  |   9|          2|    1|          2|
    |y_0_29_out_blk_n  |   9|          2|    1|          2|
    |y_0_2_out_blk_n   |   9|          2|    1|          2|
    |y_0_30_out_blk_n  |   9|          2|    1|          2|
    |y_0_31_out_blk_n  |   9|          2|    1|          2|
    |y_0_32_out_blk_n  |   9|          2|    1|          2|
    |y_0_33_out_blk_n  |   9|          2|    1|          2|
    |y_0_34_out_blk_n  |   9|          2|    1|          2|
    |y_0_35_out_blk_n  |   9|          2|    1|          2|
    |y_0_36_out_blk_n  |   9|          2|    1|          2|
    |y_0_37_out_blk_n  |   9|          2|    1|          2|
    |y_0_38_out_blk_n  |   9|          2|    1|          2|
    |y_0_39_out_blk_n  |   9|          2|    1|          2|
    |y_0_3_out_blk_n   |   9|          2|    1|          2|
    |y_0_40_out_blk_n  |   9|          2|    1|          2|
    |y_0_41_out_blk_n  |   9|          2|    1|          2|
    |y_0_42_out_blk_n  |   9|          2|    1|          2|
    |y_0_43_out_blk_n  |   9|          2|    1|          2|
    |y_0_44_out_blk_n  |   9|          2|    1|          2|
    |y_0_4_out_blk_n   |   9|          2|    1|          2|
    |y_0_5_out_blk_n   |   9|          2|    1|          2|
    |y_0_6_out_blk_n   |   9|          2|    1|          2|
    |y_0_7_out_blk_n   |   9|          2|    1|          2|
    |y_0_8_out_blk_n   |   9|          2|    1|          2|
    |y_0_9_out_blk_n   |   9|          2|    1|          2|
    |y_3_0_out_blk_n   |   9|          2|    1|          2|
    |y_3_10_out_blk_n  |   9|          2|    1|          2|
    |y_3_11_out_blk_n  |   9|          2|    1|          2|
    |y_3_12_out_blk_n  |   9|          2|    1|          2|
    |y_3_13_out_blk_n  |   9|          2|    1|          2|
    |y_3_14_out_blk_n  |   9|          2|    1|          2|
    |y_3_15_out_blk_n  |   9|          2|    1|          2|
    |y_3_16_out_blk_n  |   9|          2|    1|          2|
    |y_3_17_out_blk_n  |   9|          2|    1|          2|
    |y_3_18_out_blk_n  |   9|          2|    1|          2|
    |y_3_19_out_blk_n  |   9|          2|    1|          2|
    |y_3_1_out_blk_n   |   9|          2|    1|          2|
    |y_3_20_out_blk_n  |   9|          2|    1|          2|
    |y_3_21_out_blk_n  |   9|          2|    1|          2|
    |y_3_22_out_blk_n  |   9|          2|    1|          2|
    |y_3_23_out_blk_n  |   9|          2|    1|          2|
    |y_3_24_out_blk_n  |   9|          2|    1|          2|
    |y_3_25_out_blk_n  |   9|          2|    1|          2|
    |y_3_26_out_blk_n  |   9|          2|    1|          2|
    |y_3_27_out_blk_n  |   9|          2|    1|          2|
    |y_3_28_out_blk_n  |   9|          2|    1|          2|
    |y_3_29_out_blk_n  |   9|          2|    1|          2|
    |y_3_2_out_blk_n   |   9|          2|    1|          2|
    |y_3_30_out_blk_n  |   9|          2|    1|          2|
    |y_3_31_out_blk_n  |   9|          2|    1|          2|
    |y_3_32_out_blk_n  |   9|          2|    1|          2|
    |y_3_33_out_blk_n  |   9|          2|    1|          2|
    |y_3_34_out_blk_n  |   9|          2|    1|          2|
    |y_3_35_out_blk_n  |   9|          2|    1|          2|
    |y_3_36_out_blk_n  |   9|          2|    1|          2|
    |y_3_37_out_blk_n  |   9|          2|    1|          2|
    |y_3_38_out_blk_n  |   9|          2|    1|          2|
    |y_3_39_out_blk_n  |   9|          2|    1|          2|
    |y_3_3_out_blk_n   |   9|          2|    1|          2|
    |y_3_40_out_blk_n  |   9|          2|    1|          2|
    |y_3_41_out_blk_n  |   9|          2|    1|          2|
    |y_3_42_out_blk_n  |   9|          2|    1|          2|
    |y_3_43_out_blk_n  |   9|          2|    1|          2|
    |y_3_44_out_blk_n  |   9|          2|    1|          2|
    |y_3_45_out_blk_n  |   9|          2|    1|          2|
    |y_3_46_out_blk_n  |   9|          2|    1|          2|
    |y_3_47_out_blk_n  |   9|          2|    1|          2|
    |y_3_48_out_blk_n  |   9|          2|    1|          2|
    |y_3_49_out_blk_n  |   9|          2|    1|          2|
    |y_3_4_out_blk_n   |   9|          2|    1|          2|
    |y_3_50_out_blk_n  |   9|          2|    1|          2|
    |y_3_5_out_blk_n   |   9|          2|    1|          2|
    |y_3_6_out_blk_n   |   9|          2|    1|          2|
    |y_3_7_out_blk_n   |   9|          2|    1|          2|
    |y_3_8_out_blk_n   |   9|          2|    1|          2|
    |y_3_9_out_blk_n   |   9|          2|    1|          2|
    +------------------+----+-----------+-----+-----------+
    |Total             |1746|        388|  194|        388|
    +------------------+----+-----------+-----+-----------+

    * Register: 
    +----------------+---+----+-----+-----------+
    |      Name      | FF| LUT| Bits| Const Bits|
    +----------------+---+----+-----+-----------+
    |ap_CS_fsm       |  1|   0|    1|          0|
    |ap_done_reg     |  1|   0|    1|          0|
    |start_once_reg  |  1|   0|    1|          0|
    +----------------+---+----+-----+-----------+
    |Total           |  3|   0|    3|          0|
    +----------------+---+----+-----+-----------+



================================================================
== Interface
================================================================
* Summary: 
+-------------------+-----+-----+------------+------------------------+--------------+
|     RTL Ports     | Dir | Bits|  Protocol  |      Source Object     |    C Type    |
+-------------------+-----+-----+------------+------------------------+--------------+
|ap_clk             |  in |    1| ap_ctrl_hs | n4000_dotprod_parall.2 | return value |
|ap_rst             |  in |    1| ap_ctrl_hs | n4000_dotprod_parall.2 | return value |
|ap_start           |  in |    1| ap_ctrl_hs | n4000_dotprod_parall.2 | return value |
|start_full_n       |  in |    1| ap_ctrl_hs | n4000_dotprod_parall.2 | return value |
|ap_done            | out |    1| ap_ctrl_hs | n4000_dotprod_parall.2 | return value |
|ap_continue        |  in |    1| ap_ctrl_hs | n4000_dotprod_parall.2 | return value |
|ap_idle            | out |    1| ap_ctrl_hs | n4000_dotprod_parall.2 | return value |
|ap_ready           | out |    1| ap_ctrl_hs | n4000_dotprod_parall.2 | return value |
|start_out          | out |    1| ap_ctrl_hs | n4000_dotprod_parall.2 | return value |
|start_write        | out |    1| ap_ctrl_hs | n4000_dotprod_parall.2 | return value |
|x_0_0              |  in |   16|   ap_none  |          x_0_0         |    pointer   |
|x_0_1              |  in |   16|   ap_none  |          x_0_1         |    pointer   |
|x_0_2              |  in |   16|   ap_none  |          x_0_2         |    pointer   |
|x_0_3              |  in |   16|   ap_none  |          x_0_3         |    pointer   |
|x_0_4              |  in |   16|   ap_none  |          x_0_4         |    pointer   |
|x_0_5              |  in |   16|   ap_none  |          x_0_5         |    pointer   |
|x_0_6              |  in |   16|   ap_none  |          x_0_6         |    pointer   |
|x_0_7              |  in |   16|   ap_none  |          x_0_7         |    pointer   |
|x_0_8              |  in |   16|   ap_none  |          x_0_8         |    pointer   |
|x_0_9              |  in |   16|   ap_none  |          x_0_9         |    pointer   |
|x_0_10             |  in |   16|   ap_none  |         x_0_10         |    pointer   |
|x_0_11             |  in |   16|   ap_none  |         x_0_11         |    pointer   |
|x_0_12             |  in |   16|   ap_none  |         x_0_12         |    pointer   |
|x_0_13             |  in |   16|   ap_none  |         x_0_13         |    pointer   |
|x_0_14             |  in |   16|   ap_none  |         x_0_14         |    pointer   |
|x_0_15             |  in |   16|   ap_none  |         x_0_15         |    pointer   |
|x_0_16             |  in |   16|   ap_none  |         x_0_16         |    pointer   |
|x_0_17             |  in |   16|   ap_none  |         x_0_17         |    pointer   |
|x_0_18             |  in |   16|   ap_none  |         x_0_18         |    pointer   |
|x_0_19             |  in |   16|   ap_none  |         x_0_19         |    pointer   |
|x_0_20             |  in |   16|   ap_none  |         x_0_20         |    pointer   |
|x_0_21             |  in |   16|   ap_none  |         x_0_21         |    pointer   |
|x_0_22             |  in |   16|   ap_none  |         x_0_22         |    pointer   |
|x_0_23             |  in |   16|   ap_none  |         x_0_23         |    pointer   |
|x_0_24             |  in |   16|   ap_none  |         x_0_24         |    pointer   |
|x_0_25             |  in |   16|   ap_none  |         x_0_25         |    pointer   |
|x_0_26             |  in |   16|   ap_none  |         x_0_26         |    pointer   |
|x_0_27             |  in |   16|   ap_none  |         x_0_27         |    pointer   |
|x_0_28             |  in |   16|   ap_none  |         x_0_28         |    pointer   |
|x_0_29             |  in |   16|   ap_none  |         x_0_29         |    pointer   |
|x_0_30             |  in |   16|   ap_none  |         x_0_30         |    pointer   |
|x_0_31             |  in |   16|   ap_none  |         x_0_31         |    pointer   |
|x_0_32             |  in |   16|   ap_none  |         x_0_32         |    pointer   |
|x_0_33             |  in |   16|   ap_none  |         x_0_33         |    pointer   |
|x_0_34             |  in |   16|   ap_none  |         x_0_34         |    pointer   |
|x_0_35             |  in |   16|   ap_none  |         x_0_35         |    pointer   |
|x_0_36             |  in |   16|   ap_none  |         x_0_36         |    pointer   |
|x_0_37             |  in |   16|   ap_none  |         x_0_37         |    pointer   |
|x_0_38             |  in |   16|   ap_none  |         x_0_38         |    pointer   |
|x_0_39             |  in |   16|   ap_none  |         x_0_39         |    pointer   |
|x_0_40             |  in |   16|   ap_none  |         x_0_40         |    pointer   |
|x_0_41             |  in |   16|   ap_none  |         x_0_41         |    pointer   |
|x_0_42             |  in |   16|   ap_none  |         x_0_42         |    pointer   |
|x_0_43             |  in |   16|   ap_none  |         x_0_43         |    pointer   |
|x_0_44             |  in |   16|   ap_none  |         x_0_44         |    pointer   |
|x_3_0              |  in |   16|   ap_none  |          x_3_0         |    pointer   |
|x_3_1              |  in |   16|   ap_none  |          x_3_1         |    pointer   |
|x_3_2              |  in |   16|   ap_none  |          x_3_2         |    pointer   |
|x_3_3              |  in |   16|   ap_none  |          x_3_3         |    pointer   |
|x_3_4              |  in |   16|   ap_none  |          x_3_4         |    pointer   |
|x_3_5              |  in |   16|   ap_none  |          x_3_5         |    pointer   |
|x_3_6              |  in |   16|   ap_none  |          x_3_6         |    pointer   |
|x_3_7              |  in |   16|   ap_none  |          x_3_7         |    pointer   |
|x_3_8              |  in |   16|   ap_none  |          x_3_8         |    pointer   |
|x_3_9              |  in |   16|   ap_none  |          x_3_9         |    pointer   |
|x_3_10             |  in |   16|   ap_none  |         x_3_10         |    pointer   |
|x_3_11             |  in |   16|   ap_none  |         x_3_11         |    pointer   |
|x_3_12             |  in |   16|   ap_none  |         x_3_12         |    pointer   |
|x_3_13             |  in |   16|   ap_none  |         x_3_13         |    pointer   |
|x_3_14             |  in |   16|   ap_none  |         x_3_14         |    pointer   |
|x_3_15             |  in |   16|   ap_none  |         x_3_15         |    pointer   |
|x_3_16             |  in |   16|   ap_none  |         x_3_16         |    pointer   |
|x_3_17             |  in |   16|   ap_none  |         x_3_17         |    pointer   |
|x_3_18             |  in |   16|   ap_none  |         x_3_18         |    pointer   |
|x_3_19             |  in |   16|   ap_none  |         x_3_19         |    pointer   |
|x_3_20             |  in |   16|   ap_none  |         x_3_20         |    pointer   |
|x_3_21             |  in |   16|   ap_none  |         x_3_21         |    pointer   |
|x_3_22             |  in |   16|   ap_none  |         x_3_22         |    pointer   |
|x_3_23             |  in |   16|   ap_none  |         x_3_23         |    pointer   |
|x_3_24             |  in |   16|   ap_none  |         x_3_24         |    pointer   |
|x_3_25             |  in |   16|   ap_none  |         x_3_25         |    pointer   |
|x_3_26             |  in |   16|   ap_none  |         x_3_26         |    pointer   |
|x_3_27             |  in |   16|   ap_none  |         x_3_27         |    pointer   |
|x_3_28             |  in |   16|   ap_none  |         x_3_28         |    pointer   |
|x_3_29             |  in |   16|   ap_none  |         x_3_29         |    pointer   |
|x_3_30             |  in |   16|   ap_none  |         x_3_30         |    pointer   |
|x_3_31             |  in |   16|   ap_none  |         x_3_31         |    pointer   |
|x_3_32             |  in |   16|   ap_none  |         x_3_32         |    pointer   |
|x_3_33             |  in |   16|   ap_none  |         x_3_33         |    pointer   |
|x_3_34             |  in |   16|   ap_none  |         x_3_34         |    pointer   |
|x_3_35             |  in |   16|   ap_none  |         x_3_35         |    pointer   |
|x_3_36             |  in |   16|   ap_none  |         x_3_36         |    pointer   |
|x_3_37             |  in |   16|   ap_none  |         x_3_37         |    pointer   |
|x_3_38             |  in |   16|   ap_none  |         x_3_38         |    pointer   |
|x_3_39             |  in |   16|   ap_none  |         x_3_39         |    pointer   |
|x_3_40             |  in |   16|   ap_none  |         x_3_40         |    pointer   |
|x_3_41             |  in |   16|   ap_none  |         x_3_41         |    pointer   |
|x_3_42             |  in |   16|   ap_none  |         x_3_42         |    pointer   |
|x_3_43             |  in |   16|   ap_none  |         x_3_43         |    pointer   |
|x_3_44             |  in |   16|   ap_none  |         x_3_44         |    pointer   |
|x_3_45             |  in |   16|   ap_none  |         x_3_45         |    pointer   |
|x_3_46             |  in |   16|   ap_none  |         x_3_46         |    pointer   |
|x_3_47             |  in |   16|   ap_none  |         x_3_47         |    pointer   |
|x_3_48             |  in |   16|   ap_none  |         x_3_48         |    pointer   |
|x_3_49             |  in |   16|   ap_none  |         x_3_49         |    pointer   |
|x_3_50             |  in |   16|   ap_none  |         x_3_50         |    pointer   |
|y_0_0              |  in |   16|   ap_none  |          y_0_0         |    pointer   |
|y_0_1              |  in |   16|   ap_none  |          y_0_1         |    pointer   |
|y_0_2              |  in |   16|   ap_none  |          y_0_2         |    pointer   |
|y_0_3              |  in |   16|   ap_none  |          y_0_3         |    pointer   |
|y_0_4              |  in |   16|   ap_none  |          y_0_4         |    pointer   |
|y_0_5              |  in |   16|   ap_none  |          y_0_5         |    pointer   |
|y_0_6              |  in |   16|   ap_none  |          y_0_6         |    pointer   |
|y_0_7              |  in |   16|   ap_none  |          y_0_7         |    pointer   |
|y_0_8              |  in |   16|   ap_none  |          y_0_8         |    pointer   |
|y_0_9              |  in |   16|   ap_none  |          y_0_9         |    pointer   |
|y_0_10             |  in |   16|   ap_none  |         y_0_10         |    pointer   |
|y_0_11             |  in |   16|   ap_none  |         y_0_11         |    pointer   |
|y_0_12             |  in |   16|   ap_none  |         y_0_12         |    pointer   |
|y_0_13             |  in |   16|   ap_none  |         y_0_13         |    pointer   |
|y_0_14             |  in |   16|   ap_none  |         y_0_14         |    pointer   |
|y_0_15             |  in |   16|   ap_none  |         y_0_15         |    pointer   |
|y_0_16             |  in |   16|   ap_none  |         y_0_16         |    pointer   |
|y_0_17             |  in |   16|   ap_none  |         y_0_17         |    pointer   |
|y_0_18             |  in |   16|   ap_none  |         y_0_18         |    pointer   |
|y_0_19             |  in |   16|   ap_none  |         y_0_19         |    pointer   |
|y_0_20             |  in |   16|   ap_none  |         y_0_20         |    pointer   |
|y_0_21             |  in |   16|   ap_none  |         y_0_21         |    pointer   |
|y_0_22             |  in |   16|   ap_none  |         y_0_22         |    pointer   |
|y_0_23             |  in |   16|   ap_none  |         y_0_23         |    pointer   |
|y_0_24             |  in |   16|   ap_none  |         y_0_24         |    pointer   |
|y_0_25             |  in |   16|   ap_none  |         y_0_25         |    pointer   |
|y_0_26             |  in |   16|   ap_none  |         y_0_26         |    pointer   |
|y_0_27             |  in |   16|   ap_none  |         y_0_27         |    pointer   |
|y_0_28             |  in |   16|   ap_none  |         y_0_28         |    pointer   |
|y_0_29             |  in |   16|   ap_none  |         y_0_29         |    pointer   |
|y_0_30             |  in |   16|   ap_none  |         y_0_30         |    pointer   |
|y_0_31             |  in |   16|   ap_none  |         y_0_31         |    pointer   |
|y_0_32             |  in |   16|   ap_none  |         y_0_32         |    pointer   |
|y_0_33             |  in |   16|   ap_none  |         y_0_33         |    pointer   |
|y_0_34             |  in |   16|   ap_none  |         y_0_34         |    pointer   |
|y_0_35             |  in |   16|   ap_none  |         y_0_35         |    pointer   |
|y_0_36             |  in |   16|   ap_none  |         y_0_36         |    pointer   |
|y_0_37             |  in |   16|   ap_none  |         y_0_37         |    pointer   |
|y_0_38             |  in |   16|   ap_none  |         y_0_38         |    pointer   |
|y_0_39             |  in |   16|   ap_none  |         y_0_39         |    pointer   |
|y_0_40             |  in |   16|   ap_none  |         y_0_40         |    pointer   |
|y_0_41             |  in |   16|   ap_none  |         y_0_41         |    pointer   |
|y_0_42             |  in |   16|   ap_none  |         y_0_42         |    pointer   |
|y_0_43             |  in |   16|   ap_none  |         y_0_43         |    pointer   |
|y_0_44             |  in |   16|   ap_none  |         y_0_44         |    pointer   |
|y_3_0              |  in |   16|   ap_none  |          y_3_0         |    pointer   |
|y_3_1              |  in |   16|   ap_none  |          y_3_1         |    pointer   |
|y_3_2              |  in |   16|   ap_none  |          y_3_2         |    pointer   |
|y_3_3              |  in |   16|   ap_none  |          y_3_3         |    pointer   |
|y_3_4              |  in |   16|   ap_none  |          y_3_4         |    pointer   |
|y_3_5              |  in |   16|   ap_none  |          y_3_5         |    pointer   |
|y_3_6              |  in |   16|   ap_none  |          y_3_6         |    pointer   |
|y_3_7              |  in |   16|   ap_none  |          y_3_7         |    pointer   |
|y_3_8              |  in |   16|   ap_none  |          y_3_8         |    pointer   |
|y_3_9              |  in |   16|   ap_none  |          y_3_9         |    pointer   |
|y_3_10             |  in |   16|   ap_none  |         y_3_10         |    pointer   |
|y_3_11             |  in |   16|   ap_none  |         y_3_11         |    pointer   |
|y_3_12             |  in |   16|   ap_none  |         y_3_12         |    pointer   |
|y_3_13             |  in |   16|   ap_none  |         y_3_13         |    pointer   |
|y_3_14             |  in |   16|   ap_none  |         y_3_14         |    pointer   |
|y_3_15             |  in |   16|   ap_none  |         y_3_15         |    pointer   |
|y_3_16             |  in |   16|   ap_none  |         y_3_16         |    pointer   |
|y_3_17             |  in |   16|   ap_none  |         y_3_17         |    pointer   |
|y_3_18             |  in |   16|   ap_none  |         y_3_18         |    pointer   |
|y_3_19             |  in |   16|   ap_none  |         y_3_19         |    pointer   |
|y_3_20             |  in |   16|   ap_none  |         y_3_20         |    pointer   |
|y_3_21             |  in |   16|   ap_none  |         y_3_21         |    pointer   |
|y_3_22             |  in |   16|   ap_none  |         y_3_22         |    pointer   |
|y_3_23             |  in |   16|   ap_none  |         y_3_23         |    pointer   |
|y_3_24             |  in |   16|   ap_none  |         y_3_24         |    pointer   |
|y_3_25             |  in |   16|   ap_none  |         y_3_25         |    pointer   |
|y_3_26             |  in |   16|   ap_none  |         y_3_26         |    pointer   |
|y_3_27             |  in |   16|   ap_none  |         y_3_27         |    pointer   |
|y_3_28             |  in |   16|   ap_none  |         y_3_28         |    pointer   |
|y_3_29             |  in |   16|   ap_none  |         y_3_29         |    pointer   |
|y_3_30             |  in |   16|   ap_none  |         y_3_30         |    pointer   |
|y_3_31             |  in |   16|   ap_none  |         y_3_31         |    pointer   |
|y_3_32             |  in |   16|   ap_none  |         y_3_32         |    pointer   |
|y_3_33             |  in |   16|   ap_none  |         y_3_33         |    pointer   |
|y_3_34             |  in |   16|   ap_none  |         y_3_34         |    pointer   |
|y_3_35             |  in |   16|   ap_none  |         y_3_35         |    pointer   |
|y_3_36             |  in |   16|   ap_none  |         y_3_36         |    pointer   |
|y_3_37             |  in |   16|   ap_none  |         y_3_37         |    pointer   |
|y_3_38             |  in |   16|   ap_none  |         y_3_38         |    pointer   |
|y_3_39             |  in |   16|   ap_none  |         y_3_39         |    pointer   |
|y_3_40             |  in |   16|   ap_none  |         y_3_40         |    pointer   |
|y_3_41             |  in |   16|   ap_none  |         y_3_41         |    pointer   |
|y_3_42             |  in |   16|   ap_none  |         y_3_42         |    pointer   |
|y_3_43             |  in |   16|   ap_none  |         y_3_43         |    pointer   |
|y_3_44             |  in |   16|   ap_none  |         y_3_44         |    pointer   |
|y_3_45             |  in |   16|   ap_none  |         y_3_45         |    pointer   |
|y_3_46             |  in |   16|   ap_none  |         y_3_46         |    pointer   |
|y_3_47             |  in |   16|   ap_none  |         y_3_47         |    pointer   |
|y_3_48             |  in |   16|   ap_none  |         y_3_48         |    pointer   |
|y_3_49             |  in |   16|   ap_none  |         y_3_49         |    pointer   |
|y_3_50             |  in |   16|   ap_none  |         y_3_50         |    pointer   |
|x_0_0_out_din      | out |   16|   ap_fifo  |        x_0_0_out       |    pointer   |
|x_0_0_out_full_n   |  in |    1|   ap_fifo  |        x_0_0_out       |    pointer   |
|x_0_0_out_write    | out |    1|   ap_fifo  |        x_0_0_out       |    pointer   |
|x_0_1_out_din      | out |   16|   ap_fifo  |        x_0_1_out       |    pointer   |
|x_0_1_out_full_n   |  in |    1|   ap_fifo  |        x_0_1_out       |    pointer   |
|x_0_1_out_write    | out |    1|   ap_fifo  |        x_0_1_out       |    pointer   |
|x_0_2_out_din      | out |   16|   ap_fifo  |        x_0_2_out       |    pointer   |
|x_0_2_out_full_n   |  in |    1|   ap_fifo  |        x_0_2_out       |    pointer   |
|x_0_2_out_write    | out |    1|   ap_fifo  |        x_0_2_out       |    pointer   |
|x_0_3_out_din      | out |   16|   ap_fifo  |        x_0_3_out       |    pointer   |
|x_0_3_out_full_n   |  in |    1|   ap_fifo  |        x_0_3_out       |    pointer   |
|x_0_3_out_write    | out |    1|   ap_fifo  |        x_0_3_out       |    pointer   |
|x_0_4_out_din      | out |   16|   ap_fifo  |        x_0_4_out       |    pointer   |
|x_0_4_out_full_n   |  in |    1|   ap_fifo  |        x_0_4_out       |    pointer   |
|x_0_4_out_write    | out |    1|   ap_fifo  |        x_0_4_out       |    pointer   |
|x_0_5_out_din      | out |   16|   ap_fifo  |        x_0_5_out       |    pointer   |
|x_0_5_out_full_n   |  in |    1|   ap_fifo  |        x_0_5_out       |    pointer   |
|x_0_5_out_write    | out |    1|   ap_fifo  |        x_0_5_out       |    pointer   |
|x_0_6_out_din      | out |   16|   ap_fifo  |        x_0_6_out       |    pointer   |
|x_0_6_out_full_n   |  in |    1|   ap_fifo  |        x_0_6_out       |    pointer   |
|x_0_6_out_write    | out |    1|   ap_fifo  |        x_0_6_out       |    pointer   |
|x_0_7_out_din      | out |   16|   ap_fifo  |        x_0_7_out       |    pointer   |
|x_0_7_out_full_n   |  in |    1|   ap_fifo  |        x_0_7_out       |    pointer   |
|x_0_7_out_write    | out |    1|   ap_fifo  |        x_0_7_out       |    pointer   |
|x_0_8_out_din      | out |   16|   ap_fifo  |        x_0_8_out       |    pointer   |
|x_0_8_out_full_n   |  in |    1|   ap_fifo  |        x_0_8_out       |    pointer   |
|x_0_8_out_write    | out |    1|   ap_fifo  |        x_0_8_out       |    pointer   |
|x_0_9_out_din      | out |   16|   ap_fifo  |        x_0_9_out       |    pointer   |
|x_0_9_out_full_n   |  in |    1|   ap_fifo  |        x_0_9_out       |    pointer   |
|x_0_9_out_write    | out |    1|   ap_fifo  |        x_0_9_out       |    pointer   |
|x_0_10_out_din     | out |   16|   ap_fifo  |       x_0_10_out       |    pointer   |
|x_0_10_out_full_n  |  in |    1|   ap_fifo  |       x_0_10_out       |    pointer   |
|x_0_10_out_write   | out |    1|   ap_fifo  |       x_0_10_out       |    pointer   |
|x_0_11_out_din     | out |   16|   ap_fifo  |       x_0_11_out       |    pointer   |
|x_0_11_out_full_n  |  in |    1|   ap_fifo  |       x_0_11_out       |    pointer   |
|x_0_11_out_write   | out |    1|   ap_fifo  |       x_0_11_out       |    pointer   |
|x_0_12_out_din     | out |   16|   ap_fifo  |       x_0_12_out       |    pointer   |
|x_0_12_out_full_n  |  in |    1|   ap_fifo  |       x_0_12_out       |    pointer   |
|x_0_12_out_write   | out |    1|   ap_fifo  |       x_0_12_out       |    pointer   |
|x_0_13_out_din     | out |   16|   ap_fifo  |       x_0_13_out       |    pointer   |
|x_0_13_out_full_n  |  in |    1|   ap_fifo  |       x_0_13_out       |    pointer   |
|x_0_13_out_write   | out |    1|   ap_fifo  |       x_0_13_out       |    pointer   |
|x_0_14_out_din     | out |   16|   ap_fifo  |       x_0_14_out       |    pointer   |
|x_0_14_out_full_n  |  in |    1|   ap_fifo  |       x_0_14_out       |    pointer   |
|x_0_14_out_write   | out |    1|   ap_fifo  |       x_0_14_out       |    pointer   |
|x_0_15_out_din     | out |   16|   ap_fifo  |       x_0_15_out       |    pointer   |
|x_0_15_out_full_n  |  in |    1|   ap_fifo  |       x_0_15_out       |    pointer   |
|x_0_15_out_write   | out |    1|   ap_fifo  |       x_0_15_out       |    pointer   |
|x_0_16_out_din     | out |   16|   ap_fifo  |       x_0_16_out       |    pointer   |
|x_0_16_out_full_n  |  in |    1|   ap_fifo  |       x_0_16_out       |    pointer   |
|x_0_16_out_write   | out |    1|   ap_fifo  |       x_0_16_out       |    pointer   |
|x_0_17_out_din     | out |   16|   ap_fifo  |       x_0_17_out       |    pointer   |
|x_0_17_out_full_n  |  in |    1|   ap_fifo  |       x_0_17_out       |    pointer   |
|x_0_17_out_write   | out |    1|   ap_fifo  |       x_0_17_out       |    pointer   |
|x_0_18_out_din     | out |   16|   ap_fifo  |       x_0_18_out       |    pointer   |
|x_0_18_out_full_n  |  in |    1|   ap_fifo  |       x_0_18_out       |    pointer   |
|x_0_18_out_write   | out |    1|   ap_fifo  |       x_0_18_out       |    pointer   |
|x_0_19_out_din     | out |   16|   ap_fifo  |       x_0_19_out       |    pointer   |
|x_0_19_out_full_n  |  in |    1|   ap_fifo  |       x_0_19_out       |    pointer   |
|x_0_19_out_write   | out |    1|   ap_fifo  |       x_0_19_out       |    pointer   |
|x_0_20_out_din     | out |   16|   ap_fifo  |       x_0_20_out       |    pointer   |
|x_0_20_out_full_n  |  in |    1|   ap_fifo  |       x_0_20_out       |    pointer   |
|x_0_20_out_write   | out |    1|   ap_fifo  |       x_0_20_out       |    pointer   |
|x_0_21_out_din     | out |   16|   ap_fifo  |       x_0_21_out       |    pointer   |
|x_0_21_out_full_n  |  in |    1|   ap_fifo  |       x_0_21_out       |    pointer   |
|x_0_21_out_write   | out |    1|   ap_fifo  |       x_0_21_out       |    pointer   |
|x_0_22_out_din     | out |   16|   ap_fifo  |       x_0_22_out       |    pointer   |
|x_0_22_out_full_n  |  in |    1|   ap_fifo  |       x_0_22_out       |    pointer   |
|x_0_22_out_write   | out |    1|   ap_fifo  |       x_0_22_out       |    pointer   |
|x_0_23_out_din     | out |   16|   ap_fifo  |       x_0_23_out       |    pointer   |
|x_0_23_out_full_n  |  in |    1|   ap_fifo  |       x_0_23_out       |    pointer   |
|x_0_23_out_write   | out |    1|   ap_fifo  |       x_0_23_out       |    pointer   |
|x_0_24_out_din     | out |   16|   ap_fifo  |       x_0_24_out       |    pointer   |
|x_0_24_out_full_n  |  in |    1|   ap_fifo  |       x_0_24_out       |    pointer   |
|x_0_24_out_write   | out |    1|   ap_fifo  |       x_0_24_out       |    pointer   |
|x_0_25_out_din     | out |   16|   ap_fifo  |       x_0_25_out       |    pointer   |
|x_0_25_out_full_n  |  in |    1|   ap_fifo  |       x_0_25_out       |    pointer   |
|x_0_25_out_write   | out |    1|   ap_fifo  |       x_0_25_out       |    pointer   |
|x_0_26_out_din     | out |   16|   ap_fifo  |       x_0_26_out       |    pointer   |
|x_0_26_out_full_n  |  in |    1|   ap_fifo  |       x_0_26_out       |    pointer   |
|x_0_26_out_write   | out |    1|   ap_fifo  |       x_0_26_out       |    pointer   |
|x_0_27_out_din     | out |   16|   ap_fifo  |       x_0_27_out       |    pointer   |
|x_0_27_out_full_n  |  in |    1|   ap_fifo  |       x_0_27_out       |    pointer   |
|x_0_27_out_write   | out |    1|   ap_fifo  |       x_0_27_out       |    pointer   |
|x_0_28_out_din     | out |   16|   ap_fifo  |       x_0_28_out       |    pointer   |
|x_0_28_out_full_n  |  in |    1|   ap_fifo  |       x_0_28_out       |    pointer   |
|x_0_28_out_write   | out |    1|   ap_fifo  |       x_0_28_out       |    pointer   |
|x_0_29_out_din     | out |   16|   ap_fifo  |       x_0_29_out       |    pointer   |
|x_0_29_out_full_n  |  in |    1|   ap_fifo  |       x_0_29_out       |    pointer   |
|x_0_29_out_write   | out |    1|   ap_fifo  |       x_0_29_out       |    pointer   |
|x_0_30_out_din     | out |   16|   ap_fifo  |       x_0_30_out       |    pointer   |
|x_0_30_out_full_n  |  in |    1|   ap_fifo  |       x_0_30_out       |    pointer   |
|x_0_30_out_write   | out |    1|   ap_fifo  |       x_0_30_out       |    pointer   |
|x_0_31_out_din     | out |   16|   ap_fifo  |       x_0_31_out       |    pointer   |
|x_0_31_out_full_n  |  in |    1|   ap_fifo  |       x_0_31_out       |    pointer   |
|x_0_31_out_write   | out |    1|   ap_fifo  |       x_0_31_out       |    pointer   |
|x_0_32_out_din     | out |   16|   ap_fifo  |       x_0_32_out       |    pointer   |
|x_0_32_out_full_n  |  in |    1|   ap_fifo  |       x_0_32_out       |    pointer   |
|x_0_32_out_write   | out |    1|   ap_fifo  |       x_0_32_out       |    pointer   |
|x_0_33_out_din     | out |   16|   ap_fifo  |       x_0_33_out       |    pointer   |
|x_0_33_out_full_n  |  in |    1|   ap_fifo  |       x_0_33_out       |    pointer   |
|x_0_33_out_write   | out |    1|   ap_fifo  |       x_0_33_out       |    pointer   |
|x_0_34_out_din     | out |   16|   ap_fifo  |       x_0_34_out       |    pointer   |
|x_0_34_out_full_n  |  in |    1|   ap_fifo  |       x_0_34_out       |    pointer   |
|x_0_34_out_write   | out |    1|   ap_fifo  |       x_0_34_out       |    pointer   |
|x_0_35_out_din     | out |   16|   ap_fifo  |       x_0_35_out       |    pointer   |
|x_0_35_out_full_n  |  in |    1|   ap_fifo  |       x_0_35_out       |    pointer   |
|x_0_35_out_write   | out |    1|   ap_fifo  |       x_0_35_out       |    pointer   |
|x_0_36_out_din     | out |   16|   ap_fifo  |       x_0_36_out       |    pointer   |
|x_0_36_out_full_n  |  in |    1|   ap_fifo  |       x_0_36_out       |    pointer   |
|x_0_36_out_write   | out |    1|   ap_fifo  |       x_0_36_out       |    pointer   |
|x_0_37_out_din     | out |   16|   ap_fifo  |       x_0_37_out       |    pointer   |
|x_0_37_out_full_n  |  in |    1|   ap_fifo  |       x_0_37_out       |    pointer   |
|x_0_37_out_write   | out |    1|   ap_fifo  |       x_0_37_out       |    pointer   |
|x_0_38_out_din     | out |   16|   ap_fifo  |       x_0_38_out       |    pointer   |
|x_0_38_out_full_n  |  in |    1|   ap_fifo  |       x_0_38_out       |    pointer   |
|x_0_38_out_write   | out |    1|   ap_fifo  |       x_0_38_out       |    pointer   |
|x_0_39_out_din     | out |   16|   ap_fifo  |       x_0_39_out       |    pointer   |
|x_0_39_out_full_n  |  in |    1|   ap_fifo  |       x_0_39_out       |    pointer   |
|x_0_39_out_write   | out |    1|   ap_fifo  |       x_0_39_out       |    pointer   |
|x_0_40_out_din     | out |   16|   ap_fifo  |       x_0_40_out       |    pointer   |
|x_0_40_out_full_n  |  in |    1|   ap_fifo  |       x_0_40_out       |    pointer   |
|x_0_40_out_write   | out |    1|   ap_fifo  |       x_0_40_out       |    pointer   |
|x_0_41_out_din     | out |   16|   ap_fifo  |       x_0_41_out       |    pointer   |
|x_0_41_out_full_n  |  in |    1|   ap_fifo  |       x_0_41_out       |    pointer   |
|x_0_41_out_write   | out |    1|   ap_fifo  |       x_0_41_out       |    pointer   |
|x_0_42_out_din     | out |   16|   ap_fifo  |       x_0_42_out       |    pointer   |
|x_0_42_out_full_n  |  in |    1|   ap_fifo  |       x_0_42_out       |    pointer   |
|x_0_42_out_write   | out |    1|   ap_fifo  |       x_0_42_out       |    pointer   |
|x_0_43_out_din     | out |   16|   ap_fifo  |       x_0_43_out       |    pointer   |
|x_0_43_out_full_n  |  in |    1|   ap_fifo  |       x_0_43_out       |    pointer   |
|x_0_43_out_write   | out |    1|   ap_fifo  |       x_0_43_out       |    pointer   |
|x_0_44_out_din     | out |   16|   ap_fifo  |       x_0_44_out       |    pointer   |
|x_0_44_out_full_n  |  in |    1|   ap_fifo  |       x_0_44_out       |    pointer   |
|x_0_44_out_write   | out |    1|   ap_fifo  |       x_0_44_out       |    pointer   |
|x_3_0_out_din      | out |   16|   ap_fifo  |        x_3_0_out       |    pointer   |
|x_3_0_out_full_n   |  in |    1|   ap_fifo  |        x_3_0_out       |    pointer   |
|x_3_0_out_write    | out |    1|   ap_fifo  |        x_3_0_out       |    pointer   |
|x_3_1_out_din      | out |   16|   ap_fifo  |        x_3_1_out       |    pointer   |
|x_3_1_out_full_n   |  in |    1|   ap_fifo  |        x_3_1_out       |    pointer   |
|x_3_1_out_write    | out |    1|   ap_fifo  |        x_3_1_out       |    pointer   |
|x_3_2_out_din      | out |   16|   ap_fifo  |        x_3_2_out       |    pointer   |
|x_3_2_out_full_n   |  in |    1|   ap_fifo  |        x_3_2_out       |    pointer   |
|x_3_2_out_write    | out |    1|   ap_fifo  |        x_3_2_out       |    pointer   |
|x_3_3_out_din      | out |   16|   ap_fifo  |        x_3_3_out       |    pointer   |
|x_3_3_out_full_n   |  in |    1|   ap_fifo  |        x_3_3_out       |    pointer   |
|x_3_3_out_write    | out |    1|   ap_fifo  |        x_3_3_out       |    pointer   |
|x_3_4_out_din      | out |   16|   ap_fifo  |        x_3_4_out       |    pointer   |
|x_3_4_out_full_n   |  in |    1|   ap_fifo  |        x_3_4_out       |    pointer   |
|x_3_4_out_write    | out |    1|   ap_fifo  |        x_3_4_out       |    pointer   |
|x_3_5_out_din      | out |   16|   ap_fifo  |        x_3_5_out       |    pointer   |
|x_3_5_out_full_n   |  in |    1|   ap_fifo  |        x_3_5_out       |    pointer   |
|x_3_5_out_write    | out |    1|   ap_fifo  |        x_3_5_out       |    pointer   |
|x_3_6_out_din      | out |   16|   ap_fifo  |        x_3_6_out       |    pointer   |
|x_3_6_out_full_n   |  in |    1|   ap_fifo  |        x_3_6_out       |    pointer   |
|x_3_6_out_write    | out |    1|   ap_fifo  |        x_3_6_out       |    pointer   |
|x_3_7_out_din      | out |   16|   ap_fifo  |        x_3_7_out       |    pointer   |
|x_3_7_out_full_n   |  in |    1|   ap_fifo  |        x_3_7_out       |    pointer   |
|x_3_7_out_write    | out |    1|   ap_fifo  |        x_3_7_out       |    pointer   |
|x_3_8_out_din      | out |   16|   ap_fifo  |        x_3_8_out       |    pointer   |
|x_3_8_out_full_n   |  in |    1|   ap_fifo  |        x_3_8_out       |    pointer   |
|x_3_8_out_write    | out |    1|   ap_fifo  |        x_3_8_out       |    pointer   |
|x_3_9_out_din      | out |   16|   ap_fifo  |        x_3_9_out       |    pointer   |
|x_3_9_out_full_n   |  in |    1|   ap_fifo  |        x_3_9_out       |    pointer   |
|x_3_9_out_write    | out |    1|   ap_fifo  |        x_3_9_out       |    pointer   |
|x_3_10_out_din     | out |   16|   ap_fifo  |       x_3_10_out       |    pointer   |
|x_3_10_out_full_n  |  in |    1|   ap_fifo  |       x_3_10_out       |    pointer   |
|x_3_10_out_write   | out |    1|   ap_fifo  |       x_3_10_out       |    pointer   |
|x_3_11_out_din     | out |   16|   ap_fifo  |       x_3_11_out       |    pointer   |
|x_3_11_out_full_n  |  in |    1|   ap_fifo  |       x_3_11_out       |    pointer   |
|x_3_11_out_write   | out |    1|   ap_fifo  |       x_3_11_out       |    pointer   |
|x_3_12_out_din     | out |   16|   ap_fifo  |       x_3_12_out       |    pointer   |
|x_3_12_out_full_n  |  in |    1|   ap_fifo  |       x_3_12_out       |    pointer   |
|x_3_12_out_write   | out |    1|   ap_fifo  |       x_3_12_out       |    pointer   |
|x_3_13_out_din     | out |   16|   ap_fifo  |       x_3_13_out       |    pointer   |
|x_3_13_out_full_n  |  in |    1|   ap_fifo  |       x_3_13_out       |    pointer   |
|x_3_13_out_write   | out |    1|   ap_fifo  |       x_3_13_out       |    pointer   |
|x_3_14_out_din     | out |   16|   ap_fifo  |       x_3_14_out       |    pointer   |
|x_3_14_out_full_n  |  in |    1|   ap_fifo  |       x_3_14_out       |    pointer   |
|x_3_14_out_write   | out |    1|   ap_fifo  |       x_3_14_out       |    pointer   |
|x_3_15_out_din     | out |   16|   ap_fifo  |       x_3_15_out       |    pointer   |
|x_3_15_out_full_n  |  in |    1|   ap_fifo  |       x_3_15_out       |    pointer   |
|x_3_15_out_write   | out |    1|   ap_fifo  |       x_3_15_out       |    pointer   |
|x_3_16_out_din     | out |   16|   ap_fifo  |       x_3_16_out       |    pointer   |
|x_3_16_out_full_n  |  in |    1|   ap_fifo  |       x_3_16_out       |    pointer   |
|x_3_16_out_write   | out |    1|   ap_fifo  |       x_3_16_out       |    pointer   |
|x_3_17_out_din     | out |   16|   ap_fifo  |       x_3_17_out       |    pointer   |
|x_3_17_out_full_n  |  in |    1|   ap_fifo  |       x_3_17_out       |    pointer   |
|x_3_17_out_write   | out |    1|   ap_fifo  |       x_3_17_out       |    pointer   |
|x_3_18_out_din     | out |   16|   ap_fifo  |       x_3_18_out       |    pointer   |
|x_3_18_out_full_n  |  in |    1|   ap_fifo  |       x_3_18_out       |    pointer   |
|x_3_18_out_write   | out |    1|   ap_fifo  |       x_3_18_out       |    pointer   |
|x_3_19_out_din     | out |   16|   ap_fifo  |       x_3_19_out       |    pointer   |
|x_3_19_out_full_n  |  in |    1|   ap_fifo  |       x_3_19_out       |    pointer   |
|x_3_19_out_write   | out |    1|   ap_fifo  |       x_3_19_out       |    pointer   |
|x_3_20_out_din     | out |   16|   ap_fifo  |       x_3_20_out       |    pointer   |
|x_3_20_out_full_n  |  in |    1|   ap_fifo  |       x_3_20_out       |    pointer   |
|x_3_20_out_write   | out |    1|   ap_fifo  |       x_3_20_out       |    pointer   |
|x_3_21_out_din     | out |   16|   ap_fifo  |       x_3_21_out       |    pointer   |
|x_3_21_out_full_n  |  in |    1|   ap_fifo  |       x_3_21_out       |    pointer   |
|x_3_21_out_write   | out |    1|   ap_fifo  |       x_3_21_out       |    pointer   |
|x_3_22_out_din     | out |   16|   ap_fifo  |       x_3_22_out       |    pointer   |
|x_3_22_out_full_n  |  in |    1|   ap_fifo  |       x_3_22_out       |    pointer   |
|x_3_22_out_write   | out |    1|   ap_fifo  |       x_3_22_out       |    pointer   |
|x_3_23_out_din     | out |   16|   ap_fifo  |       x_3_23_out       |    pointer   |
|x_3_23_out_full_n  |  in |    1|   ap_fifo  |       x_3_23_out       |    pointer   |
|x_3_23_out_write   | out |    1|   ap_fifo  |       x_3_23_out       |    pointer   |
|x_3_24_out_din     | out |   16|   ap_fifo  |       x_3_24_out       |    pointer   |
|x_3_24_out_full_n  |  in |    1|   ap_fifo  |       x_3_24_out       |    pointer   |
|x_3_24_out_write   | out |    1|   ap_fifo  |       x_3_24_out       |    pointer   |
|x_3_25_out_din     | out |   16|   ap_fifo  |       x_3_25_out       |    pointer   |
|x_3_25_out_full_n  |  in |    1|   ap_fifo  |       x_3_25_out       |    pointer   |
|x_3_25_out_write   | out |    1|   ap_fifo  |       x_3_25_out       |    pointer   |
|x_3_26_out_din     | out |   16|   ap_fifo  |       x_3_26_out       |    pointer   |
|x_3_26_out_full_n  |  in |    1|   ap_fifo  |       x_3_26_out       |    pointer   |
|x_3_26_out_write   | out |    1|   ap_fifo  |       x_3_26_out       |    pointer   |
|x_3_27_out_din     | out |   16|   ap_fifo  |       x_3_27_out       |    pointer   |
|x_3_27_out_full_n  |  in |    1|   ap_fifo  |       x_3_27_out       |    pointer   |
|x_3_27_out_write   | out |    1|   ap_fifo  |       x_3_27_out       |    pointer   |
|x_3_28_out_din     | out |   16|   ap_fifo  |       x_3_28_out       |    pointer   |
|x_3_28_out_full_n  |  in |    1|   ap_fifo  |       x_3_28_out       |    pointer   |
|x_3_28_out_write   | out |    1|   ap_fifo  |       x_3_28_out       |    pointer   |
|x_3_29_out_din     | out |   16|   ap_fifo  |       x_3_29_out       |    pointer   |
|x_3_29_out_full_n  |  in |    1|   ap_fifo  |       x_3_29_out       |    pointer   |
|x_3_29_out_write   | out |    1|   ap_fifo  |       x_3_29_out       |    pointer   |
|x_3_30_out_din     | out |   16|   ap_fifo  |       x_3_30_out       |    pointer   |
|x_3_30_out_full_n  |  in |    1|   ap_fifo  |       x_3_30_out       |    pointer   |
|x_3_30_out_write   | out |    1|   ap_fifo  |       x_3_30_out       |    pointer   |
|x_3_31_out_din     | out |   16|   ap_fifo  |       x_3_31_out       |    pointer   |
|x_3_31_out_full_n  |  in |    1|   ap_fifo  |       x_3_31_out       |    pointer   |
|x_3_31_out_write   | out |    1|   ap_fifo  |       x_3_31_out       |    pointer   |
|x_3_32_out_din     | out |   16|   ap_fifo  |       x_3_32_out       |    pointer   |
|x_3_32_out_full_n  |  in |    1|   ap_fifo  |       x_3_32_out       |    pointer   |
|x_3_32_out_write   | out |    1|   ap_fifo  |       x_3_32_out       |    pointer   |
|x_3_33_out_din     | out |   16|   ap_fifo  |       x_3_33_out       |    pointer   |
|x_3_33_out_full_n  |  in |    1|   ap_fifo  |       x_3_33_out       |    pointer   |
|x_3_33_out_write   | out |    1|   ap_fifo  |       x_3_33_out       |    pointer   |
|x_3_34_out_din     | out |   16|   ap_fifo  |       x_3_34_out       |    pointer   |
|x_3_34_out_full_n  |  in |    1|   ap_fifo  |       x_3_34_out       |    pointer   |
|x_3_34_out_write   | out |    1|   ap_fifo  |       x_3_34_out       |    pointer   |
|x_3_35_out_din     | out |   16|   ap_fifo  |       x_3_35_out       |    pointer   |
|x_3_35_out_full_n  |  in |    1|   ap_fifo  |       x_3_35_out       |    pointer   |
|x_3_35_out_write   | out |    1|   ap_fifo  |       x_3_35_out       |    pointer   |
|x_3_36_out_din     | out |   16|   ap_fifo  |       x_3_36_out       |    pointer   |
|x_3_36_out_full_n  |  in |    1|   ap_fifo  |       x_3_36_out       |    pointer   |
|x_3_36_out_write   | out |    1|   ap_fifo  |       x_3_36_out       |    pointer   |
|x_3_37_out_din     | out |   16|   ap_fifo  |       x_3_37_out       |    pointer   |
|x_3_37_out_full_n  |  in |    1|   ap_fifo  |       x_3_37_out       |    pointer   |
|x_3_37_out_write   | out |    1|   ap_fifo  |       x_3_37_out       |    pointer   |
|x_3_38_out_din     | out |   16|   ap_fifo  |       x_3_38_out       |    pointer   |
|x_3_38_out_full_n  |  in |    1|   ap_fifo  |       x_3_38_out       |    pointer   |
|x_3_38_out_write   | out |    1|   ap_fifo  |       x_3_38_out       |    pointer   |
|x_3_39_out_din     | out |   16|   ap_fifo  |       x_3_39_out       |    pointer   |
|x_3_39_out_full_n  |  in |    1|   ap_fifo  |       x_3_39_out       |    pointer   |
|x_3_39_out_write   | out |    1|   ap_fifo  |       x_3_39_out       |    pointer   |
|x_3_40_out_din     | out |   16|   ap_fifo  |       x_3_40_out       |    pointer   |
|x_3_40_out_full_n  |  in |    1|   ap_fifo  |       x_3_40_out       |    pointer   |
|x_3_40_out_write   | out |    1|   ap_fifo  |       x_3_40_out       |    pointer   |
|x_3_41_out_din     | out |   16|   ap_fifo  |       x_3_41_out       |    pointer   |
|x_3_41_out_full_n  |  in |    1|   ap_fifo  |       x_3_41_out       |    pointer   |
|x_3_41_out_write   | out |    1|   ap_fifo  |       x_3_41_out       |    pointer   |
|x_3_42_out_din     | out |   16|   ap_fifo  |       x_3_42_out       |    pointer   |
|x_3_42_out_full_n  |  in |    1|   ap_fifo  |       x_3_42_out       |    pointer   |
|x_3_42_out_write   | out |    1|   ap_fifo  |       x_3_42_out       |    pointer   |
|x_3_43_out_din     | out |   16|   ap_fifo  |       x_3_43_out       |    pointer   |
|x_3_43_out_full_n  |  in |    1|   ap_fifo  |       x_3_43_out       |    pointer   |
|x_3_43_out_write   | out |    1|   ap_fifo  |       x_3_43_out       |    pointer   |
|x_3_44_out_din     | out |   16|   ap_fifo  |       x_3_44_out       |    pointer   |
|x_3_44_out_full_n  |  in |    1|   ap_fifo  |       x_3_44_out       |    pointer   |
|x_3_44_out_write   | out |    1|   ap_fifo  |       x_3_44_out       |    pointer   |
|x_3_45_out_din     | out |   16|   ap_fifo  |       x_3_45_out       |    pointer   |
|x_3_45_out_full_n  |  in |    1|   ap_fifo  |       x_3_45_out       |    pointer   |
|x_3_45_out_write   | out |    1|   ap_fifo  |       x_3_45_out       |    pointer   |
|x_3_46_out_din     | out |   16|   ap_fifo  |       x_3_46_out       |    pointer   |
|x_3_46_out_full_n  |  in |    1|   ap_fifo  |       x_3_46_out       |    pointer   |
|x_3_46_out_write   | out |    1|   ap_fifo  |       x_3_46_out       |    pointer   |
|x_3_47_out_din     | out |   16|   ap_fifo  |       x_3_47_out       |    pointer   |
|x_3_47_out_full_n  |  in |    1|   ap_fifo  |       x_3_47_out       |    pointer   |
|x_3_47_out_write   | out |    1|   ap_fifo  |       x_3_47_out       |    pointer   |
|x_3_48_out_din     | out |   16|   ap_fifo  |       x_3_48_out       |    pointer   |
|x_3_48_out_full_n  |  in |    1|   ap_fifo  |       x_3_48_out       |    pointer   |
|x_3_48_out_write   | out |    1|   ap_fifo  |       x_3_48_out       |    pointer   |
|x_3_49_out_din     | out |   16|   ap_fifo  |       x_3_49_out       |    pointer   |
|x_3_49_out_full_n  |  in |    1|   ap_fifo  |       x_3_49_out       |    pointer   |
|x_3_49_out_write   | out |    1|   ap_fifo  |       x_3_49_out       |    pointer   |
|x_3_50_out_din     | out |   16|   ap_fifo  |       x_3_50_out       |    pointer   |
|x_3_50_out_full_n  |  in |    1|   ap_fifo  |       x_3_50_out       |    pointer   |
|x_3_50_out_write   | out |    1|   ap_fifo  |       x_3_50_out       |    pointer   |
|y_0_0_out_din      | out |   16|   ap_fifo  |        y_0_0_out       |    pointer   |
|y_0_0_out_full_n   |  in |    1|   ap_fifo  |        y_0_0_out       |    pointer   |
|y_0_0_out_write    | out |    1|   ap_fifo  |        y_0_0_out       |    pointer   |
|y_0_1_out_din      | out |   16|   ap_fifo  |        y_0_1_out       |    pointer   |
|y_0_1_out_full_n   |  in |    1|   ap_fifo  |        y_0_1_out       |    pointer   |
|y_0_1_out_write    | out |    1|   ap_fifo  |        y_0_1_out       |    pointer   |
|y_0_2_out_din      | out |   16|   ap_fifo  |        y_0_2_out       |    pointer   |
|y_0_2_out_full_n   |  in |    1|   ap_fifo  |        y_0_2_out       |    pointer   |
|y_0_2_out_write    | out |    1|   ap_fifo  |        y_0_2_out       |    pointer   |
|y_0_3_out_din      | out |   16|   ap_fifo  |        y_0_3_out       |    pointer   |
|y_0_3_out_full_n   |  in |    1|   ap_fifo  |        y_0_3_out       |    pointer   |
|y_0_3_out_write    | out |    1|   ap_fifo  |        y_0_3_out       |    pointer   |
|y_0_4_out_din      | out |   16|   ap_fifo  |        y_0_4_out       |    pointer   |
|y_0_4_out_full_n   |  in |    1|   ap_fifo  |        y_0_4_out       |    pointer   |
|y_0_4_out_write    | out |    1|   ap_fifo  |        y_0_4_out       |    pointer   |
|y_0_5_out_din      | out |   16|   ap_fifo  |        y_0_5_out       |    pointer   |
|y_0_5_out_full_n   |  in |    1|   ap_fifo  |        y_0_5_out       |    pointer   |
|y_0_5_out_write    | out |    1|   ap_fifo  |        y_0_5_out       |    pointer   |
|y_0_6_out_din      | out |   16|   ap_fifo  |        y_0_6_out       |    pointer   |
|y_0_6_out_full_n   |  in |    1|   ap_fifo  |        y_0_6_out       |    pointer   |
|y_0_6_out_write    | out |    1|   ap_fifo  |        y_0_6_out       |    pointer   |
|y_0_7_out_din      | out |   16|   ap_fifo  |        y_0_7_out       |    pointer   |
|y_0_7_out_full_n   |  in |    1|   ap_fifo  |        y_0_7_out       |    pointer   |
|y_0_7_out_write    | out |    1|   ap_fifo  |        y_0_7_out       |    pointer   |
|y_0_8_out_din      | out |   16|   ap_fifo  |        y_0_8_out       |    pointer   |
|y_0_8_out_full_n   |  in |    1|   ap_fifo  |        y_0_8_out       |    pointer   |
|y_0_8_out_write    | out |    1|   ap_fifo  |        y_0_8_out       |    pointer   |
|y_0_9_out_din      | out |   16|   ap_fifo  |        y_0_9_out       |    pointer   |
|y_0_9_out_full_n   |  in |    1|   ap_fifo  |        y_0_9_out       |    pointer   |
|y_0_9_out_write    | out |    1|   ap_fifo  |        y_0_9_out       |    pointer   |
|y_0_10_out_din     | out |   16|   ap_fifo  |       y_0_10_out       |    pointer   |
|y_0_10_out_full_n  |  in |    1|   ap_fifo  |       y_0_10_out       |    pointer   |
|y_0_10_out_write   | out |    1|   ap_fifo  |       y_0_10_out       |    pointer   |
|y_0_11_out_din     | out |   16|   ap_fifo  |       y_0_11_out       |    pointer   |
|y_0_11_out_full_n  |  in |    1|   ap_fifo  |       y_0_11_out       |    pointer   |
|y_0_11_out_write   | out |    1|   ap_fifo  |       y_0_11_out       |    pointer   |
|y_0_12_out_din     | out |   16|   ap_fifo  |       y_0_12_out       |    pointer   |
|y_0_12_out_full_n  |  in |    1|   ap_fifo  |       y_0_12_out       |    pointer   |
|y_0_12_out_write   | out |    1|   ap_fifo  |       y_0_12_out       |    pointer   |
|y_0_13_out_din     | out |   16|   ap_fifo  |       y_0_13_out       |    pointer   |
|y_0_13_out_full_n  |  in |    1|   ap_fifo  |       y_0_13_out       |    pointer   |
|y_0_13_out_write   | out |    1|   ap_fifo  |       y_0_13_out       |    pointer   |
|y_0_14_out_din     | out |   16|   ap_fifo  |       y_0_14_out       |    pointer   |
|y_0_14_out_full_n  |  in |    1|   ap_fifo  |       y_0_14_out       |    pointer   |
|y_0_14_out_write   | out |    1|   ap_fifo  |       y_0_14_out       |    pointer   |
|y_0_15_out_din     | out |   16|   ap_fifo  |       y_0_15_out       |    pointer   |
|y_0_15_out_full_n  |  in |    1|   ap_fifo  |       y_0_15_out       |    pointer   |
|y_0_15_out_write   | out |    1|   ap_fifo  |       y_0_15_out       |    pointer   |
|y_0_16_out_din     | out |   16|   ap_fifo  |       y_0_16_out       |    pointer   |
|y_0_16_out_full_n  |  in |    1|   ap_fifo  |       y_0_16_out       |    pointer   |
|y_0_16_out_write   | out |    1|   ap_fifo  |       y_0_16_out       |    pointer   |
|y_0_17_out_din     | out |   16|   ap_fifo  |       y_0_17_out       |    pointer   |
|y_0_17_out_full_n  |  in |    1|   ap_fifo  |       y_0_17_out       |    pointer   |
|y_0_17_out_write   | out |    1|   ap_fifo  |       y_0_17_out       |    pointer   |
|y_0_18_out_din     | out |   16|   ap_fifo  |       y_0_18_out       |    pointer   |
|y_0_18_out_full_n  |  in |    1|   ap_fifo  |       y_0_18_out       |    pointer   |
|y_0_18_out_write   | out |    1|   ap_fifo  |       y_0_18_out       |    pointer   |
|y_0_19_out_din     | out |   16|   ap_fifo  |       y_0_19_out       |    pointer   |
|y_0_19_out_full_n  |  in |    1|   ap_fifo  |       y_0_19_out       |    pointer   |
|y_0_19_out_write   | out |    1|   ap_fifo  |       y_0_19_out       |    pointer   |
|y_0_20_out_din     | out |   16|   ap_fifo  |       y_0_20_out       |    pointer   |
|y_0_20_out_full_n  |  in |    1|   ap_fifo  |       y_0_20_out       |    pointer   |
|y_0_20_out_write   | out |    1|   ap_fifo  |       y_0_20_out       |    pointer   |
|y_0_21_out_din     | out |   16|   ap_fifo  |       y_0_21_out       |    pointer   |
|y_0_21_out_full_n  |  in |    1|   ap_fifo  |       y_0_21_out       |    pointer   |
|y_0_21_out_write   | out |    1|   ap_fifo  |       y_0_21_out       |    pointer   |
|y_0_22_out_din     | out |   16|   ap_fifo  |       y_0_22_out       |    pointer   |
|y_0_22_out_full_n  |  in |    1|   ap_fifo  |       y_0_22_out       |    pointer   |
|y_0_22_out_write   | out |    1|   ap_fifo  |       y_0_22_out       |    pointer   |
|y_0_23_out_din     | out |   16|   ap_fifo  |       y_0_23_out       |    pointer   |
|y_0_23_out_full_n  |  in |    1|   ap_fifo  |       y_0_23_out       |    pointer   |
|y_0_23_out_write   | out |    1|   ap_fifo  |       y_0_23_out       |    pointer   |
|y_0_24_out_din     | out |   16|   ap_fifo  |       y_0_24_out       |    pointer   |
|y_0_24_out_full_n  |  in |    1|   ap_fifo  |       y_0_24_out       |    pointer   |
|y_0_24_out_write   | out |    1|   ap_fifo  |       y_0_24_out       |    pointer   |
|y_0_25_out_din     | out |   16|   ap_fifo  |       y_0_25_out       |    pointer   |
|y_0_25_out_full_n  |  in |    1|   ap_fifo  |       y_0_25_out       |    pointer   |
|y_0_25_out_write   | out |    1|   ap_fifo  |       y_0_25_out       |    pointer   |
|y_0_26_out_din     | out |   16|   ap_fifo  |       y_0_26_out       |    pointer   |
|y_0_26_out_full_n  |  in |    1|   ap_fifo  |       y_0_26_out       |    pointer   |
|y_0_26_out_write   | out |    1|   ap_fifo  |       y_0_26_out       |    pointer   |
|y_0_27_out_din     | out |   16|   ap_fifo  |       y_0_27_out       |    pointer   |
|y_0_27_out_full_n  |  in |    1|   ap_fifo  |       y_0_27_out       |    pointer   |
|y_0_27_out_write   | out |    1|   ap_fifo  |       y_0_27_out       |    pointer   |
|y_0_28_out_din     | out |   16|   ap_fifo  |       y_0_28_out       |    pointer   |
|y_0_28_out_full_n  |  in |    1|   ap_fifo  |       y_0_28_out       |    pointer   |
|y_0_28_out_write   | out |    1|   ap_fifo  |       y_0_28_out       |    pointer   |
|y_0_29_out_din     | out |   16|   ap_fifo  |       y_0_29_out       |    pointer   |
|y_0_29_out_full_n  |  in |    1|   ap_fifo  |       y_0_29_out       |    pointer   |
|y_0_29_out_write   | out |    1|   ap_fifo  |       y_0_29_out       |    pointer   |
|y_0_30_out_din     | out |   16|   ap_fifo  |       y_0_30_out       |    pointer   |
|y_0_30_out_full_n  |  in |    1|   ap_fifo  |       y_0_30_out       |    pointer   |
|y_0_30_out_write   | out |    1|   ap_fifo  |       y_0_30_out       |    pointer   |
|y_0_31_out_din     | out |   16|   ap_fifo  |       y_0_31_out       |    pointer   |
|y_0_31_out_full_n  |  in |    1|   ap_fifo  |       y_0_31_out       |    pointer   |
|y_0_31_out_write   | out |    1|   ap_fifo  |       y_0_31_out       |    pointer   |
|y_0_32_out_din     | out |   16|   ap_fifo  |       y_0_32_out       |    pointer   |
|y_0_32_out_full_n  |  in |    1|   ap_fifo  |       y_0_32_out       |    pointer   |
|y_0_32_out_write   | out |    1|   ap_fifo  |       y_0_32_out       |    pointer   |
|y_0_33_out_din     | out |   16|   ap_fifo  |       y_0_33_out       |    pointer   |
|y_0_33_out_full_n  |  in |    1|   ap_fifo  |       y_0_33_out       |    pointer   |
|y_0_33_out_write   | out |    1|   ap_fifo  |       y_0_33_out       |    pointer   |
|y_0_34_out_din     | out |   16|   ap_fifo  |       y_0_34_out       |    pointer   |
|y_0_34_out_full_n  |  in |    1|   ap_fifo  |       y_0_34_out       |    pointer   |
|y_0_34_out_write   | out |    1|   ap_fifo  |       y_0_34_out       |    pointer   |
|y_0_35_out_din     | out |   16|   ap_fifo  |       y_0_35_out       |    pointer   |
|y_0_35_out_full_n  |  in |    1|   ap_fifo  |       y_0_35_out       |    pointer   |
|y_0_35_out_write   | out |    1|   ap_fifo  |       y_0_35_out       |    pointer   |
|y_0_36_out_din     | out |   16|   ap_fifo  |       y_0_36_out       |    pointer   |
|y_0_36_out_full_n  |  in |    1|   ap_fifo  |       y_0_36_out       |    pointer   |
|y_0_36_out_write   | out |    1|   ap_fifo  |       y_0_36_out       |    pointer   |
|y_0_37_out_din     | out |   16|   ap_fifo  |       y_0_37_out       |    pointer   |
|y_0_37_out_full_n  |  in |    1|   ap_fifo  |       y_0_37_out       |    pointer   |
|y_0_37_out_write   | out |    1|   ap_fifo  |       y_0_37_out       |    pointer   |
|y_0_38_out_din     | out |   16|   ap_fifo  |       y_0_38_out       |    pointer   |
|y_0_38_out_full_n  |  in |    1|   ap_fifo  |       y_0_38_out       |    pointer   |
|y_0_38_out_write   | out |    1|   ap_fifo  |       y_0_38_out       |    pointer   |
|y_0_39_out_din     | out |   16|   ap_fifo  |       y_0_39_out       |    pointer   |
|y_0_39_out_full_n  |  in |    1|   ap_fifo  |       y_0_39_out       |    pointer   |
|y_0_39_out_write   | out |    1|   ap_fifo  |       y_0_39_out       |    pointer   |
|y_0_40_out_din     | out |   16|   ap_fifo  |       y_0_40_out       |    pointer   |
|y_0_40_out_full_n  |  in |    1|   ap_fifo  |       y_0_40_out       |    pointer   |
|y_0_40_out_write   | out |    1|   ap_fifo  |       y_0_40_out       |    pointer   |
|y_0_41_out_din     | out |   16|   ap_fifo  |       y_0_41_out       |    pointer   |
|y_0_41_out_full_n  |  in |    1|   ap_fifo  |       y_0_41_out       |    pointer   |
|y_0_41_out_write   | out |    1|   ap_fifo  |       y_0_41_out       |    pointer   |
|y_0_42_out_din     | out |   16|   ap_fifo  |       y_0_42_out       |    pointer   |
|y_0_42_out_full_n  |  in |    1|   ap_fifo  |       y_0_42_out       |    pointer   |
|y_0_42_out_write   | out |    1|   ap_fifo  |       y_0_42_out       |    pointer   |
|y_0_43_out_din     | out |   16|   ap_fifo  |       y_0_43_out       |    pointer   |
|y_0_43_out_full_n  |  in |    1|   ap_fifo  |       y_0_43_out       |    pointer   |
|y_0_43_out_write   | out |    1|   ap_fifo  |       y_0_43_out       |    pointer   |
|y_0_44_out_din     | out |   16|   ap_fifo  |       y_0_44_out       |    pointer   |
|y_0_44_out_full_n  |  in |    1|   ap_fifo  |       y_0_44_out       |    pointer   |
|y_0_44_out_write   | out |    1|   ap_fifo  |       y_0_44_out       |    pointer   |
|y_3_0_out_din      | out |   16|   ap_fifo  |        y_3_0_out       |    pointer   |
|y_3_0_out_full_n   |  in |    1|   ap_fifo  |        y_3_0_out       |    pointer   |
|y_3_0_out_write    | out |    1|   ap_fifo  |        y_3_0_out       |    pointer   |
|y_3_1_out_din      | out |   16|   ap_fifo  |        y_3_1_out       |    pointer   |
|y_3_1_out_full_n   |  in |    1|   ap_fifo  |        y_3_1_out       |    pointer   |
|y_3_1_out_write    | out |    1|   ap_fifo  |        y_3_1_out       |    pointer   |
|y_3_2_out_din      | out |   16|   ap_fifo  |        y_3_2_out       |    pointer   |
|y_3_2_out_full_n   |  in |    1|   ap_fifo  |        y_3_2_out       |    pointer   |
|y_3_2_out_write    | out |    1|   ap_fifo  |        y_3_2_out       |    pointer   |
|y_3_3_out_din      | out |   16|   ap_fifo  |        y_3_3_out       |    pointer   |
|y_3_3_out_full_n   |  in |    1|   ap_fifo  |        y_3_3_out       |    pointer   |
|y_3_3_out_write    | out |    1|   ap_fifo  |        y_3_3_out       |    pointer   |
|y_3_4_out_din      | out |   16|   ap_fifo  |        y_3_4_out       |    pointer   |
|y_3_4_out_full_n   |  in |    1|   ap_fifo  |        y_3_4_out       |    pointer   |
|y_3_4_out_write    | out |    1|   ap_fifo  |        y_3_4_out       |    pointer   |
|y_3_5_out_din      | out |   16|   ap_fifo  |        y_3_5_out       |    pointer   |
|y_3_5_out_full_n   |  in |    1|   ap_fifo  |        y_3_5_out       |    pointer   |
|y_3_5_out_write    | out |    1|   ap_fifo  |        y_3_5_out       |    pointer   |
|y_3_6_out_din      | out |   16|   ap_fifo  |        y_3_6_out       |    pointer   |
|y_3_6_out_full_n   |  in |    1|   ap_fifo  |        y_3_6_out       |    pointer   |
|y_3_6_out_write    | out |    1|   ap_fifo  |        y_3_6_out       |    pointer   |
|y_3_7_out_din      | out |   16|   ap_fifo  |        y_3_7_out       |    pointer   |
|y_3_7_out_full_n   |  in |    1|   ap_fifo  |        y_3_7_out       |    pointer   |
|y_3_7_out_write    | out |    1|   ap_fifo  |        y_3_7_out       |    pointer   |
|y_3_8_out_din      | out |   16|   ap_fifo  |        y_3_8_out       |    pointer   |
|y_3_8_out_full_n   |  in |    1|   ap_fifo  |        y_3_8_out       |    pointer   |
|y_3_8_out_write    | out |    1|   ap_fifo  |        y_3_8_out       |    pointer   |
|y_3_9_out_din      | out |   16|   ap_fifo  |        y_3_9_out       |    pointer   |
|y_3_9_out_full_n   |  in |    1|   ap_fifo  |        y_3_9_out       |    pointer   |
|y_3_9_out_write    | out |    1|   ap_fifo  |        y_3_9_out       |    pointer   |
|y_3_10_out_din     | out |   16|   ap_fifo  |       y_3_10_out       |    pointer   |
|y_3_10_out_full_n  |  in |    1|   ap_fifo  |       y_3_10_out       |    pointer   |
|y_3_10_out_write   | out |    1|   ap_fifo  |       y_3_10_out       |    pointer   |
|y_3_11_out_din     | out |   16|   ap_fifo  |       y_3_11_out       |    pointer   |
|y_3_11_out_full_n  |  in |    1|   ap_fifo  |       y_3_11_out       |    pointer   |
|y_3_11_out_write   | out |    1|   ap_fifo  |       y_3_11_out       |    pointer   |
|y_3_12_out_din     | out |   16|   ap_fifo  |       y_3_12_out       |    pointer   |
|y_3_12_out_full_n  |  in |    1|   ap_fifo  |       y_3_12_out       |    pointer   |
|y_3_12_out_write   | out |    1|   ap_fifo  |       y_3_12_out       |    pointer   |
|y_3_13_out_din     | out |   16|   ap_fifo  |       y_3_13_out       |    pointer   |
|y_3_13_out_full_n  |  in |    1|   ap_fifo  |       y_3_13_out       |    pointer   |
|y_3_13_out_write   | out |    1|   ap_fifo  |       y_3_13_out       |    pointer   |
|y_3_14_out_din     | out |   16|   ap_fifo  |       y_3_14_out       |    pointer   |
|y_3_14_out_full_n  |  in |    1|   ap_fifo  |       y_3_14_out       |    pointer   |
|y_3_14_out_write   | out |    1|   ap_fifo  |       y_3_14_out       |    pointer   |
|y_3_15_out_din     | out |   16|   ap_fifo  |       y_3_15_out       |    pointer   |
|y_3_15_out_full_n  |  in |    1|   ap_fifo  |       y_3_15_out       |    pointer   |
|y_3_15_out_write   | out |    1|   ap_fifo  |       y_3_15_out       |    pointer   |
|y_3_16_out_din     | out |   16|   ap_fifo  |       y_3_16_out       |    pointer   |
|y_3_16_out_full_n  |  in |    1|   ap_fifo  |       y_3_16_out       |    pointer   |
|y_3_16_out_write   | out |    1|   ap_fifo  |       y_3_16_out       |    pointer   |
|y_3_17_out_din     | out |   16|   ap_fifo  |       y_3_17_out       |    pointer   |
|y_3_17_out_full_n  |  in |    1|   ap_fifo  |       y_3_17_out       |    pointer   |
|y_3_17_out_write   | out |    1|   ap_fifo  |       y_3_17_out       |    pointer   |
|y_3_18_out_din     | out |   16|   ap_fifo  |       y_3_18_out       |    pointer   |
|y_3_18_out_full_n  |  in |    1|   ap_fifo  |       y_3_18_out       |    pointer   |
|y_3_18_out_write   | out |    1|   ap_fifo  |       y_3_18_out       |    pointer   |
|y_3_19_out_din     | out |   16|   ap_fifo  |       y_3_19_out       |    pointer   |
|y_3_19_out_full_n  |  in |    1|   ap_fifo  |       y_3_19_out       |    pointer   |
|y_3_19_out_write   | out |    1|   ap_fifo  |       y_3_19_out       |    pointer   |
|y_3_20_out_din     | out |   16|   ap_fifo  |       y_3_20_out       |    pointer   |
|y_3_20_out_full_n  |  in |    1|   ap_fifo  |       y_3_20_out       |    pointer   |
|y_3_20_out_write   | out |    1|   ap_fifo  |       y_3_20_out       |    pointer   |
|y_3_21_out_din     | out |   16|   ap_fifo  |       y_3_21_out       |    pointer   |
|y_3_21_out_full_n  |  in |    1|   ap_fifo  |       y_3_21_out       |    pointer   |
|y_3_21_out_write   | out |    1|   ap_fifo  |       y_3_21_out       |    pointer   |
|y_3_22_out_din     | out |   16|   ap_fifo  |       y_3_22_out       |    pointer   |
|y_3_22_out_full_n  |  in |    1|   ap_fifo  |       y_3_22_out       |    pointer   |
|y_3_22_out_write   | out |    1|   ap_fifo  |       y_3_22_out       |    pointer   |
|y_3_23_out_din     | out |   16|   ap_fifo  |       y_3_23_out       |    pointer   |
|y_3_23_out_full_n  |  in |    1|   ap_fifo  |       y_3_23_out       |    pointer   |
|y_3_23_out_write   | out |    1|   ap_fifo  |       y_3_23_out       |    pointer   |
|y_3_24_out_din     | out |   16|   ap_fifo  |       y_3_24_out       |    pointer   |
|y_3_24_out_full_n  |  in |    1|   ap_fifo  |       y_3_24_out       |    pointer   |
|y_3_24_out_write   | out |    1|   ap_fifo  |       y_3_24_out       |    pointer   |
|y_3_25_out_din     | out |   16|   ap_fifo  |       y_3_25_out       |    pointer   |
|y_3_25_out_full_n  |  in |    1|   ap_fifo  |       y_3_25_out       |    pointer   |
|y_3_25_out_write   | out |    1|   ap_fifo  |       y_3_25_out       |    pointer   |
|y_3_26_out_din     | out |   16|   ap_fifo  |       y_3_26_out       |    pointer   |
|y_3_26_out_full_n  |  in |    1|   ap_fifo  |       y_3_26_out       |    pointer   |
|y_3_26_out_write   | out |    1|   ap_fifo  |       y_3_26_out       |    pointer   |
|y_3_27_out_din     | out |   16|   ap_fifo  |       y_3_27_out       |    pointer   |
|y_3_27_out_full_n  |  in |    1|   ap_fifo  |       y_3_27_out       |    pointer   |
|y_3_27_out_write   | out |    1|   ap_fifo  |       y_3_27_out       |    pointer   |
|y_3_28_out_din     | out |   16|   ap_fifo  |       y_3_28_out       |    pointer   |
|y_3_28_out_full_n  |  in |    1|   ap_fifo  |       y_3_28_out       |    pointer   |
|y_3_28_out_write   | out |    1|   ap_fifo  |       y_3_28_out       |    pointer   |
|y_3_29_out_din     | out |   16|   ap_fifo  |       y_3_29_out       |    pointer   |
|y_3_29_out_full_n  |  in |    1|   ap_fifo  |       y_3_29_out       |    pointer   |
|y_3_29_out_write   | out |    1|   ap_fifo  |       y_3_29_out       |    pointer   |
|y_3_30_out_din     | out |   16|   ap_fifo  |       y_3_30_out       |    pointer   |
|y_3_30_out_full_n  |  in |    1|   ap_fifo  |       y_3_30_out       |    pointer   |
|y_3_30_out_write   | out |    1|   ap_fifo  |       y_3_30_out       |    pointer   |
|y_3_31_out_din     | out |   16|   ap_fifo  |       y_3_31_out       |    pointer   |
|y_3_31_out_full_n  |  in |    1|   ap_fifo  |       y_3_31_out       |    pointer   |
|y_3_31_out_write   | out |    1|   ap_fifo  |       y_3_31_out       |    pointer   |
|y_3_32_out_din     | out |   16|   ap_fifo  |       y_3_32_out       |    pointer   |
|y_3_32_out_full_n  |  in |    1|   ap_fifo  |       y_3_32_out       |    pointer   |
|y_3_32_out_write   | out |    1|   ap_fifo  |       y_3_32_out       |    pointer   |
|y_3_33_out_din     | out |   16|   ap_fifo  |       y_3_33_out       |    pointer   |
|y_3_33_out_full_n  |  in |    1|   ap_fifo  |       y_3_33_out       |    pointer   |
|y_3_33_out_write   | out |    1|   ap_fifo  |       y_3_33_out       |    pointer   |
|y_3_34_out_din     | out |   16|   ap_fifo  |       y_3_34_out       |    pointer   |
|y_3_34_out_full_n  |  in |    1|   ap_fifo  |       y_3_34_out       |    pointer   |
|y_3_34_out_write   | out |    1|   ap_fifo  |       y_3_34_out       |    pointer   |
|y_3_35_out_din     | out |   16|   ap_fifo  |       y_3_35_out       |    pointer   |
|y_3_35_out_full_n  |  in |    1|   ap_fifo  |       y_3_35_out       |    pointer   |
|y_3_35_out_write   | out |    1|   ap_fifo  |       y_3_35_out       |    pointer   |
|y_3_36_out_din     | out |   16|   ap_fifo  |       y_3_36_out       |    pointer   |
|y_3_36_out_full_n  |  in |    1|   ap_fifo  |       y_3_36_out       |    pointer   |
|y_3_36_out_write   | out |    1|   ap_fifo  |       y_3_36_out       |    pointer   |
|y_3_37_out_din     | out |   16|   ap_fifo  |       y_3_37_out       |    pointer   |
|y_3_37_out_full_n  |  in |    1|   ap_fifo  |       y_3_37_out       |    pointer   |
|y_3_37_out_write   | out |    1|   ap_fifo  |       y_3_37_out       |    pointer   |
|y_3_38_out_din     | out |   16|   ap_fifo  |       y_3_38_out       |    pointer   |
|y_3_38_out_full_n  |  in |    1|   ap_fifo  |       y_3_38_out       |    pointer   |
|y_3_38_out_write   | out |    1|   ap_fifo  |       y_3_38_out       |    pointer   |
|y_3_39_out_din     | out |   16|   ap_fifo  |       y_3_39_out       |    pointer   |
|y_3_39_out_full_n  |  in |    1|   ap_fifo  |       y_3_39_out       |    pointer   |
|y_3_39_out_write   | out |    1|   ap_fifo  |       y_3_39_out       |    pointer   |
|y_3_40_out_din     | out |   16|   ap_fifo  |       y_3_40_out       |    pointer   |
|y_3_40_out_full_n  |  in |    1|   ap_fifo  |       y_3_40_out       |    pointer   |
|y_3_40_out_write   | out |    1|   ap_fifo  |       y_3_40_out       |    pointer   |
|y_3_41_out_din     | out |   16|   ap_fifo  |       y_3_41_out       |    pointer   |
|y_3_41_out_full_n  |  in |    1|   ap_fifo  |       y_3_41_out       |    pointer   |
|y_3_41_out_write   | out |    1|   ap_fifo  |       y_3_41_out       |    pointer   |
|y_3_42_out_din     | out |   16|   ap_fifo  |       y_3_42_out       |    pointer   |
|y_3_42_out_full_n  |  in |    1|   ap_fifo  |       y_3_42_out       |    pointer   |
|y_3_42_out_write   | out |    1|   ap_fifo  |       y_3_42_out       |    pointer   |
|y_3_43_out_din     | out |   16|   ap_fifo  |       y_3_43_out       |    pointer   |
|y_3_43_out_full_n  |  in |    1|   ap_fifo  |       y_3_43_out       |    pointer   |
|y_3_43_out_write   | out |    1|   ap_fifo  |       y_3_43_out       |    pointer   |
|y_3_44_out_din     | out |   16|   ap_fifo  |       y_3_44_out       |    pointer   |
|y_3_44_out_full_n  |  in |    1|   ap_fifo  |       y_3_44_out       |    pointer   |
|y_3_44_out_write   | out |    1|   ap_fifo  |       y_3_44_out       |    pointer   |
|y_3_45_out_din     | out |   16|   ap_fifo  |       y_3_45_out       |    pointer   |
|y_3_45_out_full_n  |  in |    1|   ap_fifo  |       y_3_45_out       |    pointer   |
|y_3_45_out_write   | out |    1|   ap_fifo  |       y_3_45_out       |    pointer   |
|y_3_46_out_din     | out |   16|   ap_fifo  |       y_3_46_out       |    pointer   |
|y_3_46_out_full_n  |  in |    1|   ap_fifo  |       y_3_46_out       |    pointer   |
|y_3_46_out_write   | out |    1|   ap_fifo  |       y_3_46_out       |    pointer   |
|y_3_47_out_din     | out |   16|   ap_fifo  |       y_3_47_out       |    pointer   |
|y_3_47_out_full_n  |  in |    1|   ap_fifo  |       y_3_47_out       |    pointer   |
|y_3_47_out_write   | out |    1|   ap_fifo  |       y_3_47_out       |    pointer   |
|y_3_48_out_din     | out |   16|   ap_fifo  |       y_3_48_out       |    pointer   |
|y_3_48_out_full_n  |  in |    1|   ap_fifo  |       y_3_48_out       |    pointer   |
|y_3_48_out_write   | out |    1|   ap_fifo  |       y_3_48_out       |    pointer   |
|y_3_49_out_din     | out |   16|   ap_fifo  |       y_3_49_out       |    pointer   |
|y_3_49_out_full_n  |  in |    1|   ap_fifo  |       y_3_49_out       |    pointer   |
|y_3_49_out_write   | out |    1|   ap_fifo  |       y_3_49_out       |    pointer   |
|y_3_50_out_din     | out |   16|   ap_fifo  |       y_3_50_out       |    pointer   |
|y_3_50_out_full_n  |  in |    1|   ap_fifo  |       y_3_50_out       |    pointer   |
|y_3_50_out_write   | out |    1|   ap_fifo  |       y_3_50_out       |    pointer   |
+-------------------+-----+-----+------------+------------------------+--------------+

