

================================================================
== Vivado HLS Report for 'knn'
================================================================
* Date:           Wed Sep 16 10:57:27 2020

* Version:        2019.2 (Build 2704478 on Wed Nov 06 22:10:23 MST 2019)
* Project:        knn
* Solution:       solution1
* Product family: zynq
* Target device:  xc7z020-clg484-1


================================================================
== Performance Estimates
================================================================
+ Timing: 
    * Summary: 
    +--------+----------+----------+------------+
    |  Clock |  Target  | Estimated| Uncertainty|
    +--------+----------+----------+------------+
    |ap_clk  | 10.00 ns | 8.395 ns |   1.25 ns  |
    +--------+----------+----------+------------+

+ Latency: 
    * Summary: 
    +---------+---------+----------+----------+-------+-------+---------+
    |  Latency (cycles) |  Latency (absolute) |    Interval   | Pipeline|
    |   min   |   max   |    min   |    max   |  min  |  max  |   Type  |
    +---------+---------+----------+----------+-------+-------+---------+
    |    16578|    16578| 0.166 ms | 0.166 ms |  16578|  16578|   none  |
    +---------+---------+----------+----------+-------+-------+---------+

    + Detail: 
        * Instance: 
        +-----------------------+------------+---------+---------+-----------+-----------+-----+-----+---------+
        |                       |            |  Latency (cycles) |   Latency (absolute)  |  Interval | Pipeline|
        |        Instance       |   Module   |   min   |   max   |    min    |    max    | min | max |   Type  |
        +-----------------------+------------+---------+---------+-----------+-----------+-----+-----+---------+
        |grp_updateBest_fu_263  |updateBest  |        9|        9| 90.000 ns | 90.000 ns |    9|    9|   none  |
        +-----------------------+------------+---------+---------+-----------+-----------+-----+-----+---------+

        * Loop: 
        +-------------+---------+---------+----------+-----------+-----------+------+----------+
        |             |  Latency (cycles) | Iteration|  Initiation Interval  | Trip |          |
        |  Loop Name  |   min   |   max   |  Latency |  achieved |   target  | Count| Pipelined|
        +-------------+---------+---------+----------+-----------+-----------+------+----------+
        |- Loop 1     |        3|        3|         1|          -|          -|     3|    no    |
        |- Loop 2     |    16568|    16568|      2071|          -|          -|     8|    no    |
        | + Loop 2.1  |     2048|     2048|        16|          -|          -|   128|    no    |
        +-------------+---------+---------+----------+-----------+-----------+------+----------+



================================================================
== Utilization Estimates
================================================================
* Summary: 
+-----------------+---------+-------+--------+-------+-----+
|       Name      | BRAM_18K| DSP48E|   FF   |  LUT  | URAM|
+-----------------+---------+-------+--------+-------+-----+
|DSP              |        -|      -|       -|      -|    -|
|Expression       |        -|      -|       0|    294|    -|
|FIFO             |        -|      -|       -|      -|    -|
|Instance         |        -|      5|    1138|   2474|    -|
|Memory           |        -|      -|       -|      -|    -|
|Multiplexer      |        -|      -|       -|    357|    -|
|Register         |        -|      -|     400|      -|    -|
+-----------------+---------+-------+--------+-------+-----+
|Total            |        0|      5|    1538|   3125|    0|
+-----------------+---------+-------+--------+-------+-----+
|Available        |      280|    220|  106400|  53200|    0|
+-----------------+---------+-------+--------+-------+-----+
|Utilization (%)  |        0|      2|       1|      5|    0|
+-----------------+---------+-------+--------+-------+-----+

+ Detail: 
    * Instance: 
    +--------------------------+----------------------+---------+-------+-----+-----+-----+
    |         Instance         |        Module        | BRAM_18K| DSP48E|  FF | LUT | URAM|
    +--------------------------+----------------------+---------+-------+-----+-----+-----+
    |knn_faddfsub_32nscud_U26  |knn_faddfsub_32nscud  |        0|      2|  205|  390|    0|
    |knn_fcmp_32ns_32nbkb_U28  |knn_fcmp_32ns_32nbkb  |        0|      0|   66|  239|    0|
    |knn_fmul_32ns_32ndEe_U27  |knn_fmul_32ns_32ndEe  |        0|      3|  143|  321|    0|
    |knn_fsqrt_32ns_32eOg_U29  |knn_fsqrt_32ns_32eOg  |        0|      0|  405|  615|    0|
    |knn_mux_32_8_1_1_U33      |knn_mux_32_8_1_1      |        0|      0|    0|   15|    0|
    |knn_mux_42_1_1_1_U30      |knn_mux_42_1_1_1      |        0|      0|    0|   15|    0|
    |knn_mux_42_1_1_1_U31      |knn_mux_42_1_1_1      |        0|      0|    0|   15|    0|
    |knn_mux_42_1_1_1_U32      |knn_mux_42_1_1_1      |        0|      0|    0|   15|    0|
    |grp_updateBest_fu_263     |updateBest            |        0|      0|  319|  849|    0|
    +--------------------------+----------------------+---------+-------+-----+-----+-----+
    |Total                     |                      |        0|      5| 1138| 2474|    0|
    +--------------------------+----------------------+---------+-------+-----+-----+-----+

    * DSP48E: 
    N/A

    * Memory: 
    N/A

    * FIFO: 
    N/A

    * Expression: 
    +--------------------------+----------+-------+---+----+------------+------------+
    |       Variable Name      | Operation| DSP48E| FF| LUT| Bitwidth P0| Bitwidth P1|
    +--------------------------+----------+-------+---+----+------------+------------+
    |add_ln71_fu_425_p2        |     +    |      0|  0|  12|          12|          12|
    |i_1_fu_322_p2             |     +    |      0|  0|  10|           2|           1|
    |i_fu_376_p2               |     +    |      0|  0|  13|           4|           1|
    |j_fu_410_p2               |     +    |      0|  0|  15|           8|           1|
    |and_ln145_1_fu_537_p2     |    and   |      0|  0|   2|           1|           1|
    |and_ln145_fu_531_p2       |    and   |      0|  0|   2|           1|           1|
    |and_ln148_1_fu_627_p2     |    and   |      0|  0|   2|           1|           1|
    |and_ln148_fu_621_p2       |    and   |      0|  0|   2|           1|           1|
    |icmp_ln113_fu_316_p2      |   icmp   |      0|  0|   8|           2|           2|
    |icmp_ln145_1_fu_501_p2    |   icmp   |      0|  0|  18|          23|           1|
    |icmp_ln145_2_fu_513_p2    |   icmp   |      0|  0|  11|           8|           2|
    |icmp_ln145_3_fu_519_p2    |   icmp   |      0|  0|  18|          23|           1|
    |icmp_ln145_fu_495_p2      |   icmp   |      0|  0|  11|           8|           2|
    |icmp_ln148_1_fu_575_p2    |   icmp   |      0|  0|  18|          23|           1|
    |icmp_ln148_2_fu_603_p2    |   icmp   |      0|  0|  11|           8|           2|
    |icmp_ln148_3_fu_609_p2    |   icmp   |      0|  0|  18|          23|           1|
    |icmp_ln148_fu_569_p2      |   icmp   |      0|  0|  11|           8|           2|
    |icmp_ln152_fu_654_p2      |   icmp   |      0|  0|  11|           8|           8|
    |icmp_ln154_fu_660_p2      |   icmp   |      0|  0|  11|           8|           8|
    |icmp_ln156_fu_398_p2      |   icmp   |      0|  0|  11|           8|           8|
    |icmp_ln66_fu_370_p2       |   icmp   |      0|  0|  11|           4|           5|
    |icmp_ln70_fu_404_p2       |   icmp   |      0|  0|  13|           8|           9|
    |or_ln145_1_fu_525_p2      |    or    |      0|  0|   2|           1|           1|
    |or_ln145_fu_507_p2        |    or    |      0|  0|   2|           1|           1|
    |or_ln148_1_fu_599_p2      |    or    |      0|  0|   2|           1|           1|
    |or_ln148_2_fu_615_p2      |    or    |      0|  0|   2|           1|           1|
    |or_ln148_fu_641_p2        |    or    |      0|  0|   2|           1|           1|
    |or_ln154_fu_676_p2        |    or    |      0|  0|   2|           1|           1|
    |mindist_1_fu_543_p3       |  select  |      0|  0|  32|           1|          32|
    |select_ln108_1_fu_646_p3  |  select  |      0|  0|   2|           1|           2|
    |select_ln108_2_fu_682_p3  |  select  |      0|  0|   2|           1|           2|
    |select_ln108_3_fu_690_p3  |  select  |      0|  0|   2|           1|           1|
    |select_ln108_fu_633_p3    |  select  |      0|  0|   3|           1|           3|
    |xor_ln108_fu_666_p2       |    xor   |      0|  0|   2|           1|           2|
    +--------------------------+----------+-------+---+----+------------+------------+
    |Total                     |          |      0|  0| 294|         204|         119|
    +--------------------------+----------+-------+---+----+------------+------------+

    * Multiplexer: 
    +-------------------------+-----+-----------+-----+-----------+
    |           Name          | LUT | Input Size| Bits| Total Bits|
    +-------------------------+-----+-----------+-----+-----------+
    |ap_NS_fsm                |  165|         37|    1|         37|
    |c1_reg_181               |    9|          2|    8|         16|
    |c2_reg_169               |    9|          2|    8|         16|
    |c3_reg_157               |    9|          2|    8|         16|
    |d2_reg_205               |    9|          2|   32|         64|
    |d3_reg_193               |    9|          2|   32|         64|
    |distance_0_reg_240       |    9|          2|   32|         64|
    |grp_fu_293_opcode        |   15|          3|    2|          6|
    |grp_fu_293_p0            |   15|          3|   32|         96|
    |grp_fu_293_p1            |   15|          3|   32|         96|
    |grp_fu_302_p0            |   15|          3|   32|         96|
    |grp_fu_302_p1            |   15|          3|   32|         96|
    |i_0_i_reg_146            |    9|          2|    2|          4|
    |i_0_reg_229              |    9|          2|    4|          8|
    |j_0_reg_252              |    9|          2|    8|         16|
    |mindist_reg_217          |    9|          2|   32|         64|
    |write_flag4_0_i_reg_124  |    9|          2|    1|          2|
    |write_flag8_0_i_reg_113  |    9|          2|    1|          2|
    |write_flag_0_i_reg_135   |    9|          2|    1|          2|
    +-------------------------+-----+-----------+-----+-----------+
    |Total                    |  357|         78|  300|        765|
    +-------------------------+-----+-----------+-----+-----------+

    * Register: 
    +------------------------------------+----+----+-----+-----------+
    |                Name                | FF | LUT| Bits| Const Bits|
    +------------------------------------+----+----+-----+-----------+
    |and_ln145_1_reg_843                 |   1|   0|    1|          0|
    |ap_CS_fsm                           |  36|   0|   36|          0|
    |c1_reg_181                          |   8|   0|    8|          0|
    |c2_reg_169                          |   8|   0|    8|          0|
    |c3_reg_157                          |   8|   0|    8|          0|
    |d2_reg_205                          |  32|   0|   32|          0|
    |d3_reg_193                          |  32|   0|   32|          0|
    |distance_0_reg_240                  |  32|   0|   32|          0|
    |distance_reg_808                    |  32|   0|   32|          0|
    |grp_updateBest_fu_263_ap_start_reg  |   1|   0|    1|          0|
    |i_0_i_reg_146                       |   2|   0|    2|          0|
    |i_0_reg_229                         |   4|   0|    4|          0|
    |i_reg_734                           |   4|   0|    4|          0|
    |icmp_ln148_1_reg_859                |   1|   0|    1|          0|
    |icmp_ln148_reg_854                  |   1|   0|    1|          0|
    |icmp_ln156_reg_749                  |   1|   0|    1|          0|
    |j_0_reg_252                         |   8|   0|    8|          0|
    |j_reg_757                           |   8|   0|    8|          0|
    |knownClasses_load_reg_803           |   8|   0|    8|          0|
    |knownFeatures_load_reg_782          |  32|   0|   32|          0|
    |mindist_reg_217                     |  32|   0|   32|          0|
    |select_ln108_3_reg_864              |   2|   0|    2|          0|
    |tmp_2_reg_793                       |  32|   0|   32|          0|
    |tmp_reg_787                         |  32|   0|   32|          0|
    |write_flag4_0_i_reg_124             |   1|   0|    1|          0|
    |write_flag8_0_i_reg_113             |   1|   0|    1|          0|
    |write_flag_0_i_reg_135              |   1|   0|    1|          0|
    |xFeatures_load_reg_777              |  32|   0|   32|          0|
    |zext_ln70_reg_744                   |   4|   0|   12|          8|
    |zext_ln71_reg_739                   |   4|   0|   64|         60|
    +------------------------------------+----+----+-----+-----------+
    |Total                               | 400|   0|  468|         68|
    +------------------------------------+----+----+-----+-----------+



================================================================
== Interface
================================================================
* Summary: 
+------------------------+-----+-----+------------+---------------+--------------+
|        RTL Ports       | Dir | Bits|  Protocol  | Source Object |    C Type    |
+------------------------+-----+-----+------------+---------------+--------------+
|ap_clk                  |  in |    1| ap_ctrl_hs |      knn      | return value |
|ap_rst                  |  in |    1| ap_ctrl_hs |      knn      | return value |
|ap_start                |  in |    1| ap_ctrl_hs |      knn      | return value |
|ap_done                 | out |    1| ap_ctrl_hs |      knn      | return value |
|ap_idle                 | out |    1| ap_ctrl_hs |      knn      | return value |
|ap_ready                | out |    1| ap_ctrl_hs |      knn      | return value |
|ap_return               | out |    8| ap_ctrl_hs |      knn      | return value |
|xFeatures_address0      | out |    7|  ap_memory |   xFeatures   |     array    |
|xFeatures_ce0           | out |    1|  ap_memory |   xFeatures   |     array    |
|xFeatures_q0            |  in |   32|  ap_memory |   xFeatures   |     array    |
|knownFeatures_address0  | out |   10|  ap_memory | knownFeatures |     array    |
|knownFeatures_ce0       | out |    1|  ap_memory | knownFeatures |     array    |
|knownFeatures_q0        |  in |   32|  ap_memory | knownFeatures |     array    |
|knownClasses_address0   | out |    3|  ap_memory |  knownClasses |     array    |
|knownClasses_ce0        | out |    1|  ap_memory |  knownClasses |     array    |
|knownClasses_q0         |  in |    8|  ap_memory |  knownClasses |     array    |
+------------------------+-----+-----+------------+---------------+--------------+

