

================================================================
== Vivado HLS Report for 'epilogue'
================================================================
* Date:           Sat Aug 22 15:04:14 2020

* Version:        2019.2 (Build 2704478 on Wed Nov 06 22:10:23 MST 2019)
* Project:        knn
* Solution:       solution1
* Product family: zynq
* Target device:  xc7z020-clg484-1


================================================================
== Performance Estimates
================================================================
+ Timing: 
    * Summary: 
    +--------+----------+----------+------------+
    |  Clock |  Target  | Estimated| Uncertainty|
    +--------+----------+----------+------------+
    |ap_clk  | 10.00 ns | 8.750 ns |   1.25 ns  |
    +--------+----------+----------+------------+

+ Latency: 
    * Summary: 
    +---------+---------+----------+----------+-----+-----+---------+
    |  Latency (cycles) |  Latency (absolute) |  Interval | Pipeline|
    |   min   |   max   |    min   |    max   | min | max |   Type  |
    +---------+---------+----------+----------+-----+-----+---------+
    |      115|      115| 1.150 us | 1.150 us |  115|  115|   none  |
    +---------+---------+----------+----------+-----+-----+---------+

    + Detail: 
        * Instance: 
        +----------------------------------+-----------------------+---------+---------+-----------+-----------+-----+-----+---------+
        |                                  |                       |  Latency (cycles) |   Latency (absolute)  |  Interval | Pipeline|
        |             Instance             |         Module        |   min   |   max   |    min    |    max    | min | max |   Type  |
        +----------------------------------+-----------------------+---------+---------+-----------+-----------+-----+-----+---------+
        |grp_p_hls_fptosi_double_s_fu_399  |p_hls_fptosi_double_s  |        1|        1| 10.000 ns | 10.000 ns |    1|    1|   none  |
        +----------------------------------+-----------------------+---------+---------+-----------+-----------+-----+-----+---------+

        * Loop: 
        N/A



================================================================
== Utilization Estimates
================================================================
* Summary: 
+-----------------+---------+-------+--------+-------+-----+
|       Name      | BRAM_18K| DSP48E|   FF   |  LUT  | URAM|
+-----------------+---------+-------+--------+-------+-----+
|DSP              |        -|      -|       -|      -|    -|
|Expression       |        -|      -|       0|   3381|    -|
|FIFO             |        -|      -|       -|      -|    -|
|Instance         |        -|      0|     847|   2391|    -|
|Memory           |        1|      -|     128|      3|    0|
|Multiplexer      |        -|      -|       -|   1147|    -|
|Register         |        -|      -|    1519|      -|    -|
+-----------------+---------+-------+--------+-------+-----+
|Total            |        1|      0|    2494|   6922|    0|
+-----------------+---------+-------+--------+-------+-----+
|Available        |      280|    220|  106400|  53200|    0|
+-----------------+---------+-------+--------+-------+-----+
|Utilization (%)  |    ~0   |      0|       2|     13|    0|
+-----------------+---------+-------+--------+-------+-----+

+ Detail: 
    * Instance: 
    +----------------------------------+-----------------------+---------+-------+-----+-----+-----+
    |             Instance             |         Module        | BRAM_18K| DSP48E|  FF | LUT | URAM|
    +----------------------------------+-----------------------+---------+-------+-----+-----+-----+
    |knn_8p32f_2paralldEe_U228         |knn_8p32f_2paralldEe   |        0|      0|  128|  277|    0|
    |knn_8p32f_2paralleOg_U229         |knn_8p32f_2paralleOg   |        0|      0|  100|  138|    0|
    |knn_8p32f_2paralljbC_U230         |knn_8p32f_2paralljbC   |        0|      0|   66|  239|    0|
    |knn_8p32f_2parallkbM_U231         |knn_8p32f_2parallkbM   |        0|      0|  130|  469|    0|
    |knn_8p32f_2paralllbW_U232         |knn_8p32f_2paralllbW   |        0|      0|  412|  645|    0|
    |grp_p_hls_fptosi_double_s_fu_399  |p_hls_fptosi_double_s  |        0|      0|   11|  623|    0|
    +----------------------------------+-----------------------+---------+-------+-----+-----+-----+
    |Total                             |                       |        0|      0|  847| 2391|    0|
    +----------------------------------+-----------------------+---------+-------+-----+-----+-----+

    * DSP48E: 
    N/A

    * Memory: 
    +-----------------------+----------------------+---------+-----+----+-----+------+-----+------+-------------+
    |         Memory        |        Module        | BRAM_18K|  FF | LUT| URAM| Words| Bits| Banks| W*Bits*Banks|
    +-----------------------+----------------------+---------+-----+----+-----+------+-----+------+-------------+
    |BestPointsClasses_U    |epilogue_BestPoinhbi  |        1|    0|   0|    0|     3|    8|     1|           24|
    |BestPointsDistances_U  |epilogue_BestPoinibs  |        0|  128|   3|    0|     3|   64|     1|          192|
    +-----------------------+----------------------+---------+-----+----+-----+------+-----+------+-------------+
    |Total                  |                      |        1|  128|   3|    0|     6|   72|     2|          216|
    +-----------------------+----------------------+---------+-----+----+-----+------+-----+------+-------------+

    * FIFO: 
    N/A

    * Expression: 
    +---------------------------+----------+-------+---+----+------------+------------+
    |       Variable Name       | Operation| DSP48E| FF| LUT| Bitwidth P0| Bitwidth P1|
    +---------------------------+----------+-------+---+----+------------+------------+
    |and_ln403_fu_500_p2        |    and   |      0|  0|   2|           1|           1|
    |and_ln419_fu_551_p2        |    and   |      0|  0|   2|           1|           1|
    |and_ln426_fu_600_p2        |    and   |      0|  0|   2|           1|           1|
    |and_ln438_1_fu_688_p2      |    and   |      0|  0|   2|           1|           1|
    |and_ln438_fu_682_p2        |    and   |      0|  0|   2|           1|           1|
    |and_ln454_fu_748_p2        |    and   |      0|  0|   2|           1|           1|
    |and_ln461_1_fu_839_p2      |    and   |      0|  0|   2|           1|           1|
    |and_ln461_fu_833_p2        |    and   |      0|  0|   2|           1|           1|
    |and_ln468_1_fu_936_p2      |    and   |      0|  0|   2|           1|           1|
    |and_ln468_fu_930_p2        |    and   |      0|  0|   2|           1|           1|
    |and_ln473_1_fu_1046_p2     |    and   |      0|  0|   2|           1|           1|
    |and_ln473_fu_1040_p2       |    and   |      0|  0|   2|           1|           1|
    |and_ln489_fu_1102_p2       |    and   |      0|  0|   2|           1|           1|
    |and_ln496_1_fu_1193_p2     |    and   |      0|  0|   2|           1|           1|
    |and_ln496_fu_1187_p2       |    and   |      0|  0|   2|           1|           1|
    |and_ln503_1_fu_1294_p2     |    and   |      0|  0|   2|           1|           1|
    |and_ln503_fu_1288_p2       |    and   |      0|  0|   2|           1|           1|
    |and_ln508_1_fu_1393_p2     |    and   |      0|  0|   2|           1|           1|
    |and_ln508_fu_1387_p2       |    and   |      0|  0|   2|           1|           1|
    |and_ln524_fu_1460_p2       |    and   |      0|  0|   2|           1|           1|
    |and_ln531_1_fu_1551_p2     |    and   |      0|  0|   2|           1|           1|
    |and_ln531_fu_1545_p2       |    and   |      0|  0|   2|           1|           1|
    |and_ln538_1_fu_1641_p2     |    and   |      0|  0|   2|           1|           1|
    |and_ln538_fu_1635_p2       |    and   |      0|  0|   2|           1|           1|
    |and_ln543_1_fu_1740_p2     |    and   |      0|  0|   2|           1|           1|
    |and_ln543_fu_1734_p2       |    and   |      0|  0|   2|           1|           1|
    |and_ln559_fu_1807_p2       |    and   |      0|  0|   2|           1|           1|
    |and_ln566_1_fu_1898_p2     |    and   |      0|  0|   2|           1|           1|
    |and_ln566_fu_1892_p2       |    and   |      0|  0|   2|           1|           1|
    |and_ln573_1_fu_1988_p2     |    and   |      0|  0|   2|           1|           1|
    |and_ln573_fu_1982_p2       |    and   |      0|  0|   2|           1|           1|
    |and_ln578_1_fu_2087_p2     |    and   |      0|  0|   2|           1|           1|
    |and_ln578_fu_2081_p2       |    and   |      0|  0|   2|           1|           1|
    |and_ln594_fu_2154_p2       |    and   |      0|  0|   2|           1|           1|
    |and_ln601_1_fu_2245_p2     |    and   |      0|  0|   2|           1|           1|
    |and_ln601_fu_2239_p2       |    and   |      0|  0|   2|           1|           1|
    |and_ln608_1_fu_2335_p2     |    and   |      0|  0|   2|           1|           1|
    |and_ln608_fu_2329_p2       |    and   |      0|  0|   2|           1|           1|
    |and_ln613_1_fu_2434_p2     |    and   |      0|  0|   2|           1|           1|
    |and_ln613_fu_2428_p2       |    and   |      0|  0|   2|           1|           1|
    |and_ln629_fu_2501_p2       |    and   |      0|  0|   2|           1|           1|
    |and_ln636_1_fu_2592_p2     |    and   |      0|  0|   2|           1|           1|
    |and_ln636_fu_2586_p2       |    and   |      0|  0|   2|           1|           1|
    |and_ln643_1_fu_2682_p2     |    and   |      0|  0|   2|           1|           1|
    |and_ln643_fu_2676_p2       |    and   |      0|  0|   2|           1|           1|
    |and_ln648_1_fu_2787_p2     |    and   |      0|  0|   2|           1|           1|
    |and_ln648_fu_2781_p2       |    and   |      0|  0|   2|           1|           1|
    |and_ln672_1_fu_2890_p2     |    and   |      0|  0|   2|           1|           1|
    |and_ln672_fu_2884_p2       |    and   |      0|  0|   2|           1|           1|
    |and_ln678_1_fu_2992_p2     |    and   |      0|  0|   2|           1|           1|
    |and_ln678_fu_2986_p2       |    and   |      0|  0|   2|           1|           1|
    |icmp_ln403_1_fu_488_p2     |   icmp   |      0|  0|  29|          52|           1|
    |icmp_ln403_fu_482_p2       |   icmp   |      0|  0|  13|          11|           2|
    |icmp_ln419_1_fu_539_p2     |   icmp   |      0|  0|  18|          23|           1|
    |icmp_ln419_fu_533_p2       |   icmp   |      0|  0|  11|           8|           2|
    |icmp_ln426_1_fu_588_p2     |   icmp   |      0|  0|  18|          23|           1|
    |icmp_ln426_fu_582_p2       |   icmp   |      0|  0|  11|           8|           2|
    |icmp_ln438_1_fu_666_p2     |   icmp   |      0|  0|  29|          52|           1|
    |icmp_ln438_2_fu_630_p2     |   icmp   |      0|  0|  13|          11|           2|
    |icmp_ln438_3_fu_636_p2     |   icmp   |      0|  0|  29|          52|           1|
    |icmp_ln438_fu_660_p2       |   icmp   |      0|  0|  13|          11|           2|
    |icmp_ln454_1_fu_736_p2     |   icmp   |      0|  0|  18|          23|           1|
    |icmp_ln454_fu_730_p2       |   icmp   |      0|  0|  11|           8|           2|
    |icmp_ln461_1_fu_803_p2     |   icmp   |      0|  0|  18|          23|           1|
    |icmp_ln461_2_fu_815_p2     |   icmp   |      0|  0|  11|           8|           2|
    |icmp_ln461_3_fu_821_p2     |   icmp   |      0|  0|  18|          23|           1|
    |icmp_ln461_fu_797_p2       |   icmp   |      0|  0|  11|           8|           2|
    |icmp_ln468_1_fu_900_p2     |   icmp   |      0|  0|  18|          23|           1|
    |icmp_ln468_2_fu_912_p2     |   icmp   |      0|  0|  11|           8|           2|
    |icmp_ln468_3_fu_918_p2     |   icmp   |      0|  0|  18|          23|           1|
    |icmp_ln468_fu_894_p2       |   icmp   |      0|  0|  11|           8|           2|
    |icmp_ln473_1_fu_1024_p2    |   icmp   |      0|  0|  29|          52|           1|
    |icmp_ln473_2_fu_974_p2     |   icmp   |      0|  0|  13|          11|           2|
    |icmp_ln473_3_fu_980_p2     |   icmp   |      0|  0|  29|          52|           1|
    |icmp_ln473_fu_1018_p2      |   icmp   |      0|  0|  13|          11|           2|
    |icmp_ln489_1_fu_1090_p2    |   icmp   |      0|  0|  18|          23|           1|
    |icmp_ln489_fu_1084_p2      |   icmp   |      0|  0|  11|           8|           2|
    |icmp_ln496_1_fu_1157_p2    |   icmp   |      0|  0|  18|          23|           1|
    |icmp_ln496_2_fu_1169_p2    |   icmp   |      0|  0|  11|           8|           2|
    |icmp_ln496_3_fu_1175_p2    |   icmp   |      0|  0|  18|          23|           1|
    |icmp_ln496_fu_1151_p2      |   icmp   |      0|  0|  11|           8|           2|
    |icmp_ln503_1_fu_1258_p2    |   icmp   |      0|  0|  18|          23|           1|
    |icmp_ln503_2_fu_1270_p2    |   icmp   |      0|  0|  11|           8|           2|
    |icmp_ln503_3_fu_1276_p2    |   icmp   |      0|  0|  18|          23|           1|
    |icmp_ln503_fu_1252_p2      |   icmp   |      0|  0|  11|           8|           2|
    |icmp_ln508_1_fu_1371_p2    |   icmp   |      0|  0|  29|          52|           1|
    |icmp_ln508_2_fu_1325_p2    |   icmp   |      0|  0|  13|          11|           2|
    |icmp_ln508_3_fu_1331_p2    |   icmp   |      0|  0|  29|          52|           1|
    |icmp_ln508_fu_1365_p2      |   icmp   |      0|  0|  13|          11|           2|
    |icmp_ln524_1_fu_1448_p2    |   icmp   |      0|  0|  18|          23|           1|
    |icmp_ln524_fu_1442_p2      |   icmp   |      0|  0|  11|           8|           2|
    |icmp_ln531_1_fu_1515_p2    |   icmp   |      0|  0|  18|          23|           1|
    |icmp_ln531_2_fu_1527_p2    |   icmp   |      0|  0|  11|           8|           2|
    |icmp_ln531_3_fu_1533_p2    |   icmp   |      0|  0|  18|          23|           1|
    |icmp_ln531_fu_1509_p2      |   icmp   |      0|  0|  11|           8|           2|
    |icmp_ln538_1_fu_1605_p2    |   icmp   |      0|  0|  18|          23|           1|
    |icmp_ln538_2_fu_1617_p2    |   icmp   |      0|  0|  11|           8|           2|
    |icmp_ln538_3_fu_1623_p2    |   icmp   |      0|  0|  18|          23|           1|
    |icmp_ln538_fu_1599_p2      |   icmp   |      0|  0|  11|           8|           2|
    |icmp_ln543_1_fu_1718_p2    |   icmp   |      0|  0|  29|          52|           1|
    |icmp_ln543_2_fu_1672_p2    |   icmp   |      0|  0|  13|          11|           2|
    |icmp_ln543_3_fu_1678_p2    |   icmp   |      0|  0|  29|          52|           1|
    |icmp_ln543_fu_1712_p2      |   icmp   |      0|  0|  13|          11|           2|
    |icmp_ln559_1_fu_1795_p2    |   icmp   |      0|  0|  18|          23|           1|
    |icmp_ln559_fu_1789_p2      |   icmp   |      0|  0|  11|           8|           2|
    |icmp_ln566_1_fu_1862_p2    |   icmp   |      0|  0|  18|          23|           1|
    |icmp_ln566_2_fu_1874_p2    |   icmp   |      0|  0|  11|           8|           2|
    |icmp_ln566_3_fu_1880_p2    |   icmp   |      0|  0|  18|          23|           1|
    |icmp_ln566_fu_1856_p2      |   icmp   |      0|  0|  11|           8|           2|
    |icmp_ln573_1_fu_1952_p2    |   icmp   |      0|  0|  18|          23|           1|
    |icmp_ln573_2_fu_1964_p2    |   icmp   |      0|  0|  11|           8|           2|
    |icmp_ln573_3_fu_1970_p2    |   icmp   |      0|  0|  18|          23|           1|
    |icmp_ln573_fu_1946_p2      |   icmp   |      0|  0|  11|           8|           2|
    |icmp_ln578_1_fu_2065_p2    |   icmp   |      0|  0|  29|          52|           1|
    |icmp_ln578_2_fu_2019_p2    |   icmp   |      0|  0|  13|          11|           2|
    |icmp_ln578_3_fu_2025_p2    |   icmp   |      0|  0|  29|          52|           1|
    |icmp_ln578_fu_2059_p2      |   icmp   |      0|  0|  13|          11|           2|
    |icmp_ln594_1_fu_2142_p2    |   icmp   |      0|  0|  18|          23|           1|
    |icmp_ln594_fu_2136_p2      |   icmp   |      0|  0|  11|           8|           2|
    |icmp_ln601_1_fu_2209_p2    |   icmp   |      0|  0|  18|          23|           1|
    |icmp_ln601_2_fu_2221_p2    |   icmp   |      0|  0|  11|           8|           2|
    |icmp_ln601_3_fu_2227_p2    |   icmp   |      0|  0|  18|          23|           1|
    |icmp_ln601_fu_2203_p2      |   icmp   |      0|  0|  11|           8|           2|
    |icmp_ln608_1_fu_2299_p2    |   icmp   |      0|  0|  18|          23|           1|
    |icmp_ln608_2_fu_2311_p2    |   icmp   |      0|  0|  11|           8|           2|
    |icmp_ln608_3_fu_2317_p2    |   icmp   |      0|  0|  18|          23|           1|
    |icmp_ln608_fu_2293_p2      |   icmp   |      0|  0|  11|           8|           2|
    |icmp_ln613_1_fu_2412_p2    |   icmp   |      0|  0|  29|          52|           1|
    |icmp_ln613_2_fu_2366_p2    |   icmp   |      0|  0|  13|          11|           2|
    |icmp_ln613_3_fu_2372_p2    |   icmp   |      0|  0|  29|          52|           1|
    |icmp_ln613_fu_2406_p2      |   icmp   |      0|  0|  13|          11|           2|
    |icmp_ln629_1_fu_2489_p2    |   icmp   |      0|  0|  18|          23|           1|
    |icmp_ln629_fu_2483_p2      |   icmp   |      0|  0|  11|           8|           2|
    |icmp_ln636_1_fu_2556_p2    |   icmp   |      0|  0|  18|          23|           1|
    |icmp_ln636_2_fu_2568_p2    |   icmp   |      0|  0|  11|           8|           2|
    |icmp_ln636_3_fu_2574_p2    |   icmp   |      0|  0|  18|          23|           1|
    |icmp_ln636_fu_2550_p2      |   icmp   |      0|  0|  11|           8|           2|
    |icmp_ln643_1_fu_2646_p2    |   icmp   |      0|  0|  18|          23|           1|
    |icmp_ln643_2_fu_2658_p2    |   icmp   |      0|  0|  11|           8|           2|
    |icmp_ln643_3_fu_2664_p2    |   icmp   |      0|  0|  18|          23|           1|
    |icmp_ln643_fu_2640_p2      |   icmp   |      0|  0|  11|           8|           2|
    |icmp_ln648_1_fu_2765_p2    |   icmp   |      0|  0|  29|          52|           1|
    |icmp_ln648_2_fu_2723_p2    |   icmp   |      0|  0|  13|          11|           2|
    |icmp_ln648_3_fu_2729_p2    |   icmp   |      0|  0|  29|          52|           1|
    |icmp_ln648_fu_2759_p2      |   icmp   |      0|  0|  13|          11|           2|
    |icmp_ln668_fu_2962_p2      |   icmp   |      0|  0|  11|           8|           8|
    |icmp_ln669_fu_2967_p2      |   icmp   |      0|  0|  11|           8|           8|
    |icmp_ln670_fu_2972_p2      |   icmp   |      0|  0|  11|           8|           8|
    |icmp_ln672_1_fu_2854_p2    |   icmp   |      0|  0|  29|          52|           1|
    |icmp_ln672_2_fu_2866_p2    |   icmp   |      0|  0|  13|          11|           2|
    |icmp_ln672_3_fu_2872_p2    |   icmp   |      0|  0|  29|          52|           1|
    |icmp_ln672_fu_2848_p2      |   icmp   |      0|  0|  13|          11|           2|
    |icmp_ln678_1_fu_2944_p2    |   icmp   |      0|  0|  29|          52|           1|
    |icmp_ln678_2_fu_2950_p2    |   icmp   |      0|  0|  13|          11|           2|
    |icmp_ln678_3_fu_2956_p2    |   icmp   |      0|  0|  29|          52|           1|
    |icmp_ln678_fu_2938_p2      |   icmp   |      0|  0|  13|          11|           2|
    |ap_block_state1            |    or    |      0|  0|   2|           1|           1|
    |or_ln403_fu_494_p2         |    or    |      0|  0|   2|           1|           1|
    |or_ln419_fu_545_p2         |    or    |      0|  0|   2|           1|           1|
    |or_ln426_fu_594_p2         |    or    |      0|  0|   2|           1|           1|
    |or_ln438_1_fu_678_p2       |    or    |      0|  0|   2|           1|           1|
    |or_ln438_fu_672_p2         |    or    |      0|  0|   2|           1|           1|
    |or_ln454_fu_742_p2         |    or    |      0|  0|   2|           1|           1|
    |or_ln461_1_fu_827_p2       |    or    |      0|  0|   2|           1|           1|
    |or_ln461_fu_809_p2         |    or    |      0|  0|   2|           1|           1|
    |or_ln468_1_fu_924_p2       |    or    |      0|  0|   2|           1|           1|
    |or_ln468_fu_906_p2         |    or    |      0|  0|   2|           1|           1|
    |or_ln473_1_fu_1036_p2      |    or    |      0|  0|   2|           1|           1|
    |or_ln473_fu_1030_p2        |    or    |      0|  0|   2|           1|           1|
    |or_ln489_fu_1096_p2        |    or    |      0|  0|   2|           1|           1|
    |or_ln496_1_fu_1181_p2      |    or    |      0|  0|   2|           1|           1|
    |or_ln496_fu_1163_p2        |    or    |      0|  0|   2|           1|           1|
    |or_ln503_1_fu_1282_p2      |    or    |      0|  0|   2|           1|           1|
    |or_ln503_fu_1264_p2        |    or    |      0|  0|   2|           1|           1|
    |or_ln508_1_fu_1383_p2      |    or    |      0|  0|   2|           1|           1|
    |or_ln508_fu_1377_p2        |    or    |      0|  0|   2|           1|           1|
    |or_ln524_fu_1454_p2        |    or    |      0|  0|   2|           1|           1|
    |or_ln531_1_fu_1539_p2      |    or    |      0|  0|   2|           1|           1|
    |or_ln531_fu_1521_p2        |    or    |      0|  0|   2|           1|           1|
    |or_ln538_1_fu_1629_p2      |    or    |      0|  0|   2|           1|           1|
    |or_ln538_fu_1611_p2        |    or    |      0|  0|   2|           1|           1|
    |or_ln543_1_fu_1730_p2      |    or    |      0|  0|   2|           1|           1|
    |or_ln543_fu_1724_p2        |    or    |      0|  0|   2|           1|           1|
    |or_ln559_fu_1801_p2        |    or    |      0|  0|   2|           1|           1|
    |or_ln566_1_fu_1886_p2      |    or    |      0|  0|   2|           1|           1|
    |or_ln566_fu_1868_p2        |    or    |      0|  0|   2|           1|           1|
    |or_ln573_1_fu_1976_p2      |    or    |      0|  0|   2|           1|           1|
    |or_ln573_fu_1958_p2        |    or    |      0|  0|   2|           1|           1|
    |or_ln578_1_fu_2077_p2      |    or    |      0|  0|   2|           1|           1|
    |or_ln578_fu_2071_p2        |    or    |      0|  0|   2|           1|           1|
    |or_ln594_fu_2148_p2        |    or    |      0|  0|   2|           1|           1|
    |or_ln601_1_fu_2233_p2      |    or    |      0|  0|   2|           1|           1|
    |or_ln601_fu_2215_p2        |    or    |      0|  0|   2|           1|           1|
    |or_ln608_1_fu_2323_p2      |    or    |      0|  0|   2|           1|           1|
    |or_ln608_fu_2305_p2        |    or    |      0|  0|   2|           1|           1|
    |or_ln613_1_fu_2424_p2      |    or    |      0|  0|   2|           1|           1|
    |or_ln613_fu_2418_p2        |    or    |      0|  0|   2|           1|           1|
    |or_ln629_fu_2495_p2        |    or    |      0|  0|   2|           1|           1|
    |or_ln636_1_fu_2580_p2      |    or    |      0|  0|   2|           1|           1|
    |or_ln636_fu_2562_p2        |    or    |      0|  0|   2|           1|           1|
    |or_ln643_1_fu_2670_p2      |    or    |      0|  0|   2|           1|           1|
    |or_ln643_fu_2652_p2        |    or    |      0|  0|   2|           1|           1|
    |or_ln648_1_fu_2777_p2      |    or    |      0|  0|   2|           1|           1|
    |or_ln648_fu_2771_p2        |    or    |      0|  0|   2|           1|           1|
    |or_ln672_1_fu_2878_p2      |    or    |      0|  0|   2|           1|           1|
    |or_ln672_fu_2860_p2        |    or    |      0|  0|   2|           1|           1|
    |or_ln678_1_fu_2982_p2      |    or    |      0|  0|   2|           1|           1|
    |or_ln678_fu_2978_p2        |    or    |      0|  0|   2|           1|           1|
    |or_ln686_1_fu_3004_p2      |    or    |      0|  0|   2|           1|           1|
    |or_ln686_2_fu_3023_p2      |    or    |      0|  0|   2|           1|           1|
    |or_ln686_fu_2998_p2        |    or    |      0|  0|   2|           1|           1|
    |d2_w1_2_fu_2896_p3         |  select  |      0|  0|  64|           1|          64|
    |dbest_w10_2_fu_2507_p3     |  select  |      0|  0|  32|           1|          32|
    |dbest_w11_2_fu_1405_p3     |  select  |      0|  0|  64|           1|          64|
    |dbest_w12_2_fu_1813_p3     |  select  |      0|  0|  32|           1|          32|
    |dbest_w13_2_fu_1759_p3     |  select  |      0|  0|  64|           1|          64|
    |dbest_w14_2_fu_754_p3      |  select  |      0|  0|  32|           1|          32|
    |dbest_w15_2_fu_942_p3      |  select  |      0|  0|  32|           1|          32|
    |dbest_w16_2_fu_2341_p3     |  select  |      0|  0|  32|           1|          32|
    |dbest_w17_2_fu_2446_p3     |  select  |      0|  0|  64|           1|          64|
    |dbest_w19_2_fu_2688_p3     |  select  |      0|  0|  32|           1|          32|
    |dbest_w1_2_fu_1108_p3      |  select  |      0|  0|  32|           1|          32|
    |dbest_w20_2_fu_1300_p3     |  select  |      0|  0|  32|           1|          32|
    |dbest_w21_2_fu_2251_p3     |  select  |      0|  0|  32|           1|          32|
    |dbest_w22_2_fu_2160_p3     |  select  |      0|  0|  32|           1|          32|
    |dbest_w24_2_fu_1199_p3     |  select  |      0|  0|  32|           1|          32|
    |dbest_w25_2_fu_2598_p3     |  select  |      0|  0|  32|           1|          32|
    |dbest_w26_2_fu_845_p3      |  select  |      0|  0|  32|           1|          32|
    |dbest_w28_2_fu_2801_p3     |  select  |      0|  0|  64|           1|          64|
    |dbest_w29_2_fu_699_p3      |  select  |      0|  0|  64|           1|          64|
    |dbest_w30_2_fu_2099_p3     |  select  |      0|  0|  64|           1|          64|
    |dbest_w31_2_fu_1058_p3     |  select  |      0|  0|  64|           1|          64|
    |dbest_w3_2_fu_1557_p3      |  select  |      0|  0|  32|           1|          32|
    |dbest_w4_2_fu_1466_p3      |  select  |      0|  0|  32|           1|          32|
    |dbest_w6_2_fu_1904_p3      |  select  |      0|  0|  32|           1|          32|
    |dbest_w7_2_fu_1647_p3      |  select  |      0|  0|  32|           1|          32|
    |dbest_w8_2_fu_1994_p3      |  select  |      0|  0|  32|           1|          32|
    |dbest_w9_2_fu_557_p3       |  select  |      0|  0|  32|           1|          32|
    |index_w13_fu_1340_p3       |  select  |      0|  0|   3|           1|           3|
    |index_w14_fu_993_p3        |  select  |      0|  0|   3|           1|           3|
    |index_w15_fu_2698_p3       |  select  |      0|  0|   3|           1|           3|
    |index_w17_fu_2034_p3       |  select  |      0|  0|   3|           1|           3|
    |index_w20_fu_2381_p3       |  select  |      0|  0|   3|           1|           3|
    |index_w9_fu_1687_p3        |  select  |      0|  0|   3|           1|           3|
    |muxOutput_w1_fu_506_p3     |  select  |      0|  0|  64|           1|          64|
    |muxOutput_w3_fu_852_p3     |  select  |      0|  0|  64|           1|          64|
    |out_r                      |  select  |      0|  0|   8|           1|           8|
    |select_ln438_1_fu_949_p3   |  select  |      0|  0|   8|           1|           8|
    |select_ln438_fu_606_p3     |  select  |      0|  0|  64|           1|          63|
    |select_ln473_fu_1206_p3    |  select  |      0|  0|   8|           1|           8|
    |select_ln508_fu_1413_p3    |  select  |      0|  0|   8|           1|           8|
    |select_ln543_fu_1752_p3    |  select  |      0|  0|   8|           1|           8|
    |select_ln578_fu_2107_p3    |  select  |      0|  0|   8|           1|           8|
    |select_ln613_fu_2454_p3    |  select  |      0|  0|   8|           1|           8|
    |select_ln648_fu_2793_p3    |  select  |      0|  0|   8|           1|           8|
    |select_ln686_1_fu_3016_p3  |  select  |      0|  0|   8|           1|           8|
    |select_ln686_fu_3010_p3    |  select  |      0|  0|   8|           1|           8|
    +---------------------------+----------+-------+---+----+------------+------------+
    |Total                      |          |      0|  0|3381|        2365|        1692|
    +---------------------------+----------+-------+---+----+------------+------------+

    * Multiplexer: 
    +------------------------------------+-----+-----------+-----+-----------+
    |                Name                | LUT | Input Size| Bits| Total Bits|
    +------------------------------------+-----+-----------+-----+-----------+
    |BestPointsClasses_address0          |   50|         11|    2|         22|
    |BestPointsClasses_address1          |   50|         11|    2|         22|
    |BestPointsClasses_d0                |   15|          3|    8|         24|
    |BestPointsDistances_address0        |  101|         21|    2|         42|
    |BestPointsDistances_address1        |   15|          3|    2|          6|
    |BestPointsDistances_d0              |   47|         10|   64|        640|
    |ap_NS_fsm                           |  477|        109|    1|        109|
    |ap_done                             |    9|          2|    1|          2|
    |distance_array_0_address0           |   27|          5|    2|         10|
    |distance_array_1_address0           |   27|          5|    2|         10|
    |grp_fu_406_p0                       |   15|          3|   64|        192|
    |grp_fu_410_p0                       |   41|          8|   32|        256|
    |grp_fu_413_opcode                   |   15|          3|    5|         15|
    |grp_fu_413_p0                       |   15|          3|   32|         96|
    |grp_fu_413_p1                       |   62|         15|   32|        480|
    |grp_fu_419_opcode                   |   15|          3|    5|         15|
    |grp_fu_419_p0                       |   27|          5|   64|        320|
    |grp_fu_419_p1                       |   27|          5|   64|        320|
    |grp_fu_428_p0                       |   44|          9|   32|        288|
    |grp_p_hls_fptosi_double_s_fu_399_x  |   15|          3|   64|        192|
    |knownClasses_address0               |   44|          9|    3|         27|
    |reg_441                             |    9|          2|   64|        128|
    +------------------------------------+-----+-----------+-----+-----------+
    |Total                               | 1147|        248|  547|       3216|
    +------------------------------------+-----+-----------+-----+-----------+

    * Register: 
    +-----------------------------------------------+-----+----+-----+-----------+
    |                      Name                     |  FF | LUT| Bits| Const Bits|
    +-----------------------------------------------+-----+----+-----+-----------+
    |BestPointsClasses_ad_3_reg_3111                |    1|   0|    2|          1|
    |BestPointsClasses_ad_4_reg_3217                |    2|   0|    2|          0|
    |BestPointsClasses_ad_5_reg_3293                |    2|   0|    2|          0|
    |BestPointsClasses_ad_6_reg_3369                |    2|   0|    2|          0|
    |BestPointsClasses_ad_7_reg_3445                |    2|   0|    2|          0|
    |BestPointsClasses_ad_8_reg_3521                |    2|   0|    2|          0|
    |BestPointsClasses_ad_9_reg_3591                |    2|   0|    2|          0|
    |BestPointsDistances_11_reg_3299                |    2|   0|    2|          0|
    |BestPointsDistances_15_reg_3375                |    2|   0|    2|          0|
    |BestPointsDistances_19_reg_3451                |    2|   0|    2|          0|
    |BestPointsDistances_23_reg_3527                |    2|   0|    2|          0|
    |BestPointsDistances_27_reg_3597                |    2|   0|    2|          0|
    |BestPointsDistances_3_reg_3117                 |    1|   0|    2|          1|
    |BestPointsDistances_7_reg_3223                 |    2|   0|    2|          0|
    |and_ln403_reg_3049                             |    1|   0|    1|          0|
    |and_ln426_reg_3072                             |    1|   0|    1|          0|
    |and_ln438_1_reg_3105                           |    1|   0|    1|          0|
    |and_ln461_1_reg_3139                           |    1|   0|    1|          0|
    |and_ln468_1_reg_3161                           |    1|   0|    1|          0|
    |and_ln473_1_reg_3211                           |    1|   0|    1|          0|
    |and_ln496_1_reg_3240                           |    1|   0|    1|          0|
    |and_ln503_1_reg_3262                           |    1|   0|    1|          0|
    |and_ln508_1_reg_3287                           |    1|   0|    1|          0|
    |and_ln531_1_reg_3326                           |    1|   0|    1|          0|
    |and_ln538_1_reg_3338                           |    1|   0|    1|          0|
    |and_ln543_1_reg_3363                           |    1|   0|    1|          0|
    |and_ln566_1_reg_3402                           |    1|   0|    1|          0|
    |and_ln573_1_reg_3414                           |    1|   0|    1|          0|
    |and_ln578_1_reg_3439                           |    1|   0|    1|          0|
    |and_ln601_1_reg_3478                           |    1|   0|    1|          0|
    |and_ln608_1_reg_3490                           |    1|   0|    1|          0|
    |and_ln613_1_reg_3515                           |    1|   0|    1|          0|
    |and_ln636_1_reg_3554                           |    1|   0|    1|          0|
    |and_ln643_1_reg_3566                           |    1|   0|    1|          0|
    |and_ln672_1_reg_3629                           |    1|   0|    1|          0|
    |ap_CS_fsm                                      |  108|   0|  108|          0|
    |ap_done_reg                                    |    1|   0|    1|          0|
    |c1_w1_reg_3640                                 |    8|   0|    8|          0|
    |d2_w1_2_reg_3634                               |   64|   0|   64|          0|
    |d2_w1_reg_3622                                 |   64|   0|   64|          0|
    |dbest_w10_2_reg_3547                           |   32|   0|   32|          0|
    |dbest_w12_2_reg_3395                           |   32|   0|   32|          0|
    |dbest_w14_2_reg_3132                           |   32|   0|   32|          0|
    |dbest_w15_2_reg_3166                           |   32|   0|   32|          0|
    |dbest_w16_2_reg_3495                           |   32|   0|   32|          0|
    |dbest_w19_2_reg_3571                           |   32|   0|   32|          0|
    |dbest_w1_2_reg_3228                            |   32|   0|   32|          0|
    |dbest_w20_2_reg_3267                           |   32|   0|   32|          0|
    |dbest_w21_2_reg_3483                           |   32|   0|   32|          0|
    |dbest_w22_2_reg_3471                           |   32|   0|   32|          0|
    |dbest_w24_2_reg_3245                           |   32|   0|   32|          0|
    |dbest_w25_2_reg_3559                           |   32|   0|   32|          0|
    |dbest_w26_2_reg_3144                           |   32|   0|   32|          0|
    |dbest_w28_2_reg_3612                           |   64|   0|   64|          0|
    |dbest_w3_2_reg_3331                            |   32|   0|   32|          0|
    |dbest_w4_2_reg_3319                            |   32|   0|   32|          0|
    |dbest_w6_2_reg_3407                            |   32|   0|   32|          0|
    |dbest_w7_2_reg_3343                            |   32|   0|   32|          0|
    |dbest_w8_2_reg_3419                            |   32|   0|   32|          0|
    |dbest_w9_2_reg_3065                            |   32|   0|   32|          0|
    |grp_p_hls_fptosi_double_s_fu_399_ap_start_reg  |    1|   0|    1|          0|
    |icmp_ln438_2_reg_3095                          |    1|   0|    1|          0|
    |icmp_ln438_3_reg_3100                          |    1|   0|    1|          0|
    |icmp_ln473_2_reg_3196                          |    1|   0|    1|          0|
    |icmp_ln473_3_reg_3201                          |    1|   0|    1|          0|
    |icmp_ln508_2_reg_3277                          |    1|   0|    1|          0|
    |icmp_ln508_3_reg_3282                          |    1|   0|    1|          0|
    |icmp_ln543_2_reg_3353                          |    1|   0|    1|          0|
    |icmp_ln543_3_reg_3358                          |    1|   0|    1|          0|
    |icmp_ln578_2_reg_3429                          |    1|   0|    1|          0|
    |icmp_ln578_3_reg_3434                          |    1|   0|    1|          0|
    |icmp_ln613_2_reg_3505                          |    1|   0|    1|          0|
    |icmp_ln613_3_reg_3510                          |    1|   0|    1|          0|
    |icmp_ln648_2_reg_3581                          |    1|   0|    1|          0|
    |icmp_ln648_3_reg_3586                          |    1|   0|    1|          0|
    |icmp_ln678_1_reg_3653                          |    1|   0|    1|          0|
    |icmp_ln678_2_reg_3658                          |    1|   0|    1|          0|
    |icmp_ln678_3_reg_3663                          |    1|   0|    1|          0|
    |icmp_ln678_reg_3648                            |    1|   0|    1|          0|
    |muxOutput_w3_reg_3151                          |   64|   0|   64|          0|
    |reg_431                                        |   64|   0|   64|          0|
    |reg_436                                        |   32|   0|   32|          0|
    |reg_441                                        |   64|   0|   64|          0|
    |reg_449                                        |   64|   0|   64|          0|
    |reg_454                                        |   64|   0|   64|          0|
    |reg_459                                        |   64|   0|   64|          0|
    |select_ln438_1_reg_3191                        |    8|   0|    8|          0|
    |select_ln438_reg_3083                          |   64|   0|   64|          0|
    |select_ln473_reg_3252                          |    8|   0|    8|          0|
    |select_ln508_reg_3309                          |    8|   0|    8|          0|
    |select_ln543_reg_3385                          |    8|   0|    8|          0|
    |select_ln578_reg_3461                          |    8|   0|    8|          0|
    |select_ln613_reg_3537                          |    8|   0|    8|          0|
    |select_ln648_reg_3607                          |    8|   0|    8|          0|
    +-----------------------------------------------+-----+----+-----+-----------+
    |Total                                          | 1519|   0| 1521|          2|
    +-----------------------------------------------+-----+----+-----+-----------+



================================================================
== Interface
================================================================
* Summary: 
+---------------------------+-----+-----+------------+------------------+--------------+
|         RTL Ports         | Dir | Bits|  Protocol  |   Source Object  |    C Type    |
+---------------------------+-----+-----+------------+------------------+--------------+
|ap_clk                     |  in |    1| ap_ctrl_hs |     epilogue     | return value |
|ap_rst                     |  in |    1| ap_ctrl_hs |     epilogue     | return value |
|ap_start                   |  in |    1| ap_ctrl_hs |     epilogue     | return value |
|ap_done                    | out |    1| ap_ctrl_hs |     epilogue     | return value |
|ap_continue                |  in |    1| ap_ctrl_hs |     epilogue     | return value |
|ap_idle                    | out |    1| ap_ctrl_hs |     epilogue     | return value |
|ap_ready                   | out |    1| ap_ctrl_hs |     epilogue     | return value |
|knownClasses_address0      | out |    3|  ap_memory |   knownClasses   |     array    |
|knownClasses_ce0           | out |    1|  ap_memory |   knownClasses   |     array    |
|knownClasses_q0            |  in |    8|  ap_memory |   knownClasses   |     array    |
|distance_array_1_address0  | out |    2|  ap_memory | distance_array_1 |     array    |
|distance_array_1_ce0       | out |    1|  ap_memory | distance_array_1 |     array    |
|distance_array_1_q0        |  in |   64|  ap_memory | distance_array_1 |     array    |
|distance_array_0_address0  | out |    2|  ap_memory | distance_array_0 |     array    |
|distance_array_0_ce0       | out |    1|  ap_memory | distance_array_0 |     array    |
|distance_array_0_q0        |  in |   64|  ap_memory | distance_array_0 |     array    |
|out_r                      | out |    8|   ap_vld   |       out_r      |    pointer   |
|out_r_ap_vld               | out |    1|   ap_vld   |       out_r      |    pointer   |
+---------------------------+-----+-----+------------+------------------+--------------+

