

================================================================
== Vivado HLS Report for 'parallel_0'
================================================================
* Date:           Mon Sep 21 15:37:28 2020

* Version:        2019.2 (Build 2704478 on Wed Nov 06 22:10:23 MST 2019)
* Project:        knn
* Solution:       solution1
* Product family: zynq
* Target device:  xc7z020-clg484-1


================================================================
== Performance Estimates
================================================================
+ Timing: 
    * Summary: 
    +--------+----------+----------+------------+
    |  Clock |  Target  | Estimated| Uncertainty|
    +--------+----------+----------+------------+
    |ap_clk  | 10.00 ns | 8.317 ns |   1.25 ns  |
    +--------+----------+----------+------------+

+ Latency: 
    * Summary: 
    +---------+---------+-----------+-----------+------+------+---------+
    |  Latency (cycles) |   Latency (absolute)  |   Interval  | Pipeline|
    |   min   |   max   |    min    |    max    |  min |  max |   Type  |
    +---------+---------+-----------+-----------+------+------+---------+
    |     4054|     4054| 40.540 us | 40.540 us |  4054|  4054|   none  |
    +---------+---------+-----------+-----------+------+------+---------+

    + Detail: 
        * Instance: 
        N/A

        * Loop: 
        +----------+---------+---------+----------+-----------+-----------+------+----------+
        |          |  Latency (cycles) | Iteration|  Initiation Interval  | Trip |          |
        | Loop Name|   min   |   max   |  Latency |  achieved |   target  | Count| Pipelined|
        +----------+---------+---------+----------+-----------+-----------+------+----------+
        |- Loop 1  |     4052|     4052|        69|         16|          1|   250|    yes   |
        +----------+---------+---------+----------+-----------+-----------+------+----------+



================================================================
== Utilization Estimates
================================================================
* Summary: 
+-----------------+---------+-------+--------+-------+-----+
|       Name      | BRAM_18K| DSP48E|   FF   |  LUT  | URAM|
+-----------------+---------+-------+--------+-------+-----+
|DSP              |        -|      -|       -|      -|    -|
|Expression       |        -|      -|       0|    433|    -|
|FIFO             |        -|      -|       -|      -|    -|
|Instance         |        -|     28|    2212|   4404|    -|
|Memory           |        -|      -|       -|      -|    -|
|Multiplexer      |        -|      -|       -|   2364|    -|
|Register         |        0|      -|    5513|     64|    -|
+-----------------+---------+-------+--------+-------+-----+
|Total            |        0|     28|    7725|   7265|    0|
+-----------------+---------+-------+--------+-------+-----+
|Available        |      280|    220|  106400|  53200|    0|
+-----------------+---------+-------+--------+-------+-----+
|Utilization (%)  |        0|     12|       7|     13|    0|
+-----------------+---------+-------+--------+-------+-----+

+ Detail: 
    * Instance: 
    +---------------------------+----------------------+---------+-------+-----+-----+-----+
    |          Instance         |        Module        | BRAM_18K| DSP48E|  FF | LUT | URAM|
    +---------------------------+----------------------+---------+-------+-----+-----+-----+
    |knnFloatNoSqrt100bkb_U562  |knnFloatNoSqrt100bkb  |        0|      2|  205|  390|    0|
    |knnFloatNoSqrt100bkb_U563  |knnFloatNoSqrt100bkb  |        0|      2|  205|  390|    0|
    |knnFloatNoSqrt100bkb_U564  |knnFloatNoSqrt100bkb  |        0|      2|  205|  390|    0|
    |knnFloatNoSqrt100cud_U565  |knnFloatNoSqrt100cud  |        0|      2|  205|  390|    0|
    |knnFloatNoSqrt100cud_U566  |knnFloatNoSqrt100cud  |        0|      2|  205|  390|    0|
    |knnFloatNoSqrt100dEe_U567  |knnFloatNoSqrt100dEe  |        0|      2|  205|  390|    0|
    |knnFloatNoSqrt100dEe_U568  |knnFloatNoSqrt100dEe  |        0|      2|  205|  390|    0|
    |knnFloatNoSqrt100dEe_U569  |knnFloatNoSqrt100dEe  |        0|      2|  205|  390|    0|
    |knnFloatNoSqrt100eOg_U570  |knnFloatNoSqrt100eOg  |        0|      3|  143|  321|    0|
    |knnFloatNoSqrt100eOg_U571  |knnFloatNoSqrt100eOg  |        0|      3|  143|  321|    0|
    |knnFloatNoSqrt100eOg_U572  |knnFloatNoSqrt100eOg  |        0|      3|  143|  321|    0|
    |knnFloatNoSqrt100eOg_U573  |knnFloatNoSqrt100eOg  |        0|      3|  143|  321|    0|
    +---------------------------+----------------------+---------+-------+-----+-----+-----+
    |Total                      |                      |        0|     28| 2212| 4404|    0|
    +---------------------------+----------------------+---------+-------+-----+-----+-----+

    * DSP48E: 
    N/A

    * Memory: 
    N/A

    * FIFO: 
    N/A

    * Expression: 
    +-----------------------+----------+-------+---+----+------------+------------+
    |     Variable Name     | Operation| DSP48E| FF| LUT| Bitwidth P0| Bitwidth P1|
    +-----------------------+----------+-------+---+----+------------+------------+
    |i_fu_2359_p2           |     +    |      0|  0|  15|           8|           1|
    |icmp_ln143_fu_2353_p2  |   icmp   |      0|  0|  11|           8|           4|
    |ap_block_state1        |    or    |      0|  0|   2|           1|           1|
    |or_ln149_fu_2373_p2    |    or    |      0|  0|  13|          13|           1|
    |or_ln151_fu_2388_p2    |    or    |      0|  0|  13|          13|           2|
    |or_ln153_fu_2404_p2    |    or    |      0|  0|  13|          13|           2|
    |or_ln155_fu_2419_p2    |    or    |      0|  0|  13|          13|           3|
    |or_ln157_fu_2434_p2    |    or    |      0|  0|  13|          13|           3|
    |or_ln159_fu_2448_p2    |    or    |      0|  0|  13|          13|           3|
    |or_ln161_fu_2463_p2    |    or    |      0|  0|  13|          13|           3|
    |or_ln163_fu_2477_p2    |    or    |      0|  0|  13|          13|           4|
    |or_ln165_fu_2492_p2    |    or    |      0|  0|  13|          13|           4|
    |or_ln167_fu_2506_p2    |    or    |      0|  0|  13|          13|           4|
    |or_ln169_fu_2521_p2    |    or    |      0|  0|  13|          13|           4|
    |or_ln171_fu_2535_p2    |    or    |      0|  0|  13|          13|           4|
    |or_ln173_fu_2550_p2    |    or    |      0|  0|  13|          13|           4|
    |or_ln175_fu_2564_p2    |    or    |      0|  0|  13|          13|           4|
    |or_ln177_fu_2579_p2    |    or    |      0|  0|  13|          13|           4|
    |or_ln179_fu_2593_p2    |    or    |      0|  0|  13|          13|           5|
    |or_ln181_fu_2608_p2    |    or    |      0|  0|  13|          13|           5|
    |or_ln183_fu_2622_p2    |    or    |      0|  0|  13|          13|           5|
    |or_ln185_fu_2637_p2    |    or    |      0|  0|  13|          13|           5|
    |or_ln187_fu_2651_p2    |    or    |      0|  0|  13|          13|           5|
    |or_ln189_fu_2666_p2    |    or    |      0|  0|  13|          13|           5|
    |or_ln191_fu_2680_p2    |    or    |      0|  0|  13|          13|           5|
    |or_ln193_fu_2695_p2    |    or    |      0|  0|  13|          13|           5|
    |or_ln195_fu_2709_p2    |    or    |      0|  0|  13|          13|           5|
    |or_ln197_fu_2724_p2    |    or    |      0|  0|  13|          13|           5|
    |or_ln199_fu_2743_p2    |    or    |      0|  0|  13|          13|           5|
    |or_ln201_fu_2757_p2    |    or    |      0|  0|  13|          13|           5|
    |or_ln203_fu_2772_p2    |    or    |      0|  0|  13|          13|           5|
    |or_ln205_fu_2786_p2    |    or    |      0|  0|  13|          13|           5|
    |or_ln207_fu_2801_p2    |    or    |      0|  0|  13|          13|           5|
    |or_ln209_fu_2816_p2    |    or    |      0|  0|  13|          13|           5|
    |ap_enable_pp0          |    xor   |      0|  0|   2|           1|           2|
    +-----------------------+----------+-------+---+----+------------+------------+
    |Total                  |          |      0|  0| 433|         421|         137|
    +-----------------------+----------+-------+---+----+------------+------------+

    * Multiplexer: 
    +---------------------------------+----+-----------+-----+-----------+
    |               Name              | LUT| Input Size| Bits| Total Bits|
    +---------------------------------+----+-----------+-----+-----------+
    |ap_NS_fsm                        |  93|         19|    1|         19|
    |ap_done                          |   9|          2|    1|          2|
    |ap_enable_reg_pp0_iter4          |   9|          2|    1|          2|
    |ap_phi_mux_i_0_i_phi_fu_1817_p4  |   9|          2|    8|         16|
    |grp_fu_1825_p0                   |  85|         17|   32|        544|
    |grp_fu_1825_p1                   |  44|          9|   32|        288|
    |grp_fu_1829_p0                   |  85|         17|   32|        544|
    |grp_fu_1829_p1                   |  44|          9|   32|        288|
    |grp_fu_1833_p0                   |  85|         17|   32|        544|
    |grp_fu_1833_p1                   |  41|          8|   32|        256|
    |grp_fu_1837_opcode               |  15|          3|    2|          6|
    |grp_fu_1837_p0                   |  85|         17|   32|        544|
    |grp_fu_1837_p1                   |  41|          8|   32|        256|
    |grp_fu_1841_opcode               |  15|          3|    2|          6|
    |grp_fu_1841_p0                   |  44|          9|   32|        288|
    |grp_fu_1841_p1                   |  50|         11|   32|        352|
    |grp_fu_1845_p0                   |  50|         11|   32|        352|
    |grp_fu_1845_p1                   |  50|         11|   32|        352|
    |grp_fu_1849_p0                   |  53|         12|   32|        384|
    |grp_fu_1849_p1                   |  59|         14|   32|        448|
    |grp_fu_1853_p0                   |  53|         12|   32|        384|
    |grp_fu_1853_p1                   |  62|         15|   32|        480|
    |grp_fu_1858_p0                   |  44|          9|   32|        288|
    |grp_fu_1858_p1                   |  44|          9|   32|        288|
    |grp_fu_1862_p0                   |  44|          9|   32|        288|
    |grp_fu_1862_p1                   |  44|          9|   32|        288|
    |grp_fu_1866_p0                   |  44|          9|   32|        288|
    |grp_fu_1866_p1                   |  44|          9|   32|        288|
    |grp_fu_1870_p0                   |  47|         10|   32|        320|
    |grp_fu_1870_p1                   |  47|         10|   32|        320|
    |i_0_i_reg_1813                   |   9|          2|    8|         16|
    |knownFeatures_0_address0         |  85|         17|   13|        221|
    |knownFeatures_0_address1         |  85|         17|   13|        221|
    |knownFeatures_1_address0         |  85|         17|   13|        221|
    |knownFeatures_1_address1         |  85|         17|   13|        221|
    |xFeatures_0_blk_n                |   9|          2|    1|          2|
    |xFeatures_10_blk_n               |   9|          2|    1|          2|
    |xFeatures_11_blk_n               |   9|          2|    1|          2|
    |xFeatures_12_blk_n               |   9|          2|    1|          2|
    |xFeatures_13_blk_n               |   9|          2|    1|          2|
    |xFeatures_14_blk_n               |   9|          2|    1|          2|
    |xFeatures_15_blk_n               |   9|          2|    1|          2|
    |xFeatures_16_blk_n               |   9|          2|    1|          2|
    |xFeatures_17_blk_n               |   9|          2|    1|          2|
    |xFeatures_18_blk_n               |   9|          2|    1|          2|
    |xFeatures_19_blk_n               |   9|          2|    1|          2|
    |xFeatures_1_blk_n                |   9|          2|    1|          2|
    |xFeatures_20_blk_n               |   9|          2|    1|          2|
    |xFeatures_21_blk_n               |   9|          2|    1|          2|
    |xFeatures_22_blk_n               |   9|          2|    1|          2|
    |xFeatures_23_blk_n               |   9|          2|    1|          2|
    |xFeatures_24_blk_n               |   9|          2|    1|          2|
    |xFeatures_25_blk_n               |   9|          2|    1|          2|
    |xFeatures_26_blk_n               |   9|          2|    1|          2|
    |xFeatures_27_blk_n               |   9|          2|    1|          2|
    |xFeatures_28_blk_n               |   9|          2|    1|          2|
    |xFeatures_29_blk_n               |   9|          2|    1|          2|
    |xFeatures_2_blk_n                |   9|          2|    1|          2|
    |xFeatures_30_blk_n               |   9|          2|    1|          2|
    |xFeatures_31_blk_n               |   9|          2|    1|          2|
    |xFeatures_32_blk_n               |   9|          2|    1|          2|
    |xFeatures_33_blk_n               |   9|          2|    1|          2|
    |xFeatures_34_blk_n               |   9|          2|    1|          2|
    |xFeatures_35_blk_n               |   9|          2|    1|          2|
    |xFeatures_36_blk_n               |   9|          2|    1|          2|
    |xFeatures_37_blk_n               |   9|          2|    1|          2|
    |xFeatures_38_blk_n               |   9|          2|    1|          2|
    |xFeatures_39_blk_n               |   9|          2|    1|          2|
    |xFeatures_3_blk_n                |   9|          2|    1|          2|
    |xFeatures_40_blk_n               |   9|          2|    1|          2|
    |xFeatures_41_blk_n               |   9|          2|    1|          2|
    |xFeatures_42_blk_n               |   9|          2|    1|          2|
    |xFeatures_43_blk_n               |   9|          2|    1|          2|
    |xFeatures_44_blk_n               |   9|          2|    1|          2|
    |xFeatures_45_blk_n               |   9|          2|    1|          2|
    |xFeatures_46_blk_n               |   9|          2|    1|          2|
    |xFeatures_47_blk_n               |   9|          2|    1|          2|
    |xFeatures_48_blk_n               |   9|          2|    1|          2|
    |xFeatures_49_blk_n               |   9|          2|    1|          2|
    |xFeatures_4_blk_n                |   9|          2|    1|          2|
    |xFeatures_50_blk_n               |   9|          2|    1|          2|
    |xFeatures_51_blk_n               |   9|          2|    1|          2|
    |xFeatures_52_blk_n               |   9|          2|    1|          2|
    |xFeatures_53_blk_n               |   9|          2|    1|          2|
    |xFeatures_54_blk_n               |   9|          2|    1|          2|
    |xFeatures_55_blk_n               |   9|          2|    1|          2|
    |xFeatures_56_blk_n               |   9|          2|    1|          2|
    |xFeatures_57_blk_n               |   9|          2|    1|          2|
    |xFeatures_58_blk_n               |   9|          2|    1|          2|
    |xFeatures_59_blk_n               |   9|          2|    1|          2|
    |xFeatures_5_blk_n                |   9|          2|    1|          2|
    |xFeatures_60_blk_n               |   9|          2|    1|          2|
    |xFeatures_61_blk_n               |   9|          2|    1|          2|
    |xFeatures_62_blk_n               |   9|          2|    1|          2|
    |xFeatures_63_blk_n               |   9|          2|    1|          2|
    |xFeatures_6_blk_n                |   9|          2|    1|          2|
    |xFeatures_7_blk_n                |   9|          2|    1|          2|
    |xFeatures_8_blk_n                |   9|          2|    1|          2|
    |xFeatures_9_blk_n                |   9|          2|    1|          2|
    +---------------------------------+----+-----------+-----+-----------+
    |Total                            |2364|        500|  907|       9751|
    +---------------------------------+----+-----------+-----+-----------+

    * Register: 
    +---------------------------------+----+----+-----+-----------+
    |               Name              | FF | LUT| Bits| Const Bits|
    +---------------------------------+----+----+-----+-----------+
    |ap_CS_fsm                        |  18|   0|   18|          0|
    |ap_done_reg                      |   1|   0|    1|          0|
    |ap_enable_reg_pp0_iter0          |   1|   0|    1|          0|
    |ap_enable_reg_pp0_iter1          |   1|   0|    1|          0|
    |ap_enable_reg_pp0_iter2          |   1|   0|    1|          0|
    |ap_enable_reg_pp0_iter3          |   1|   0|    1|          0|
    |ap_enable_reg_pp0_iter4          |   1|   0|    1|          0|
    |distance_w20_reg_3613            |  32|   0|   32|          0|
    |distance_w26_reg_3664            |  32|   0|   32|          0|
    |distance_w38_reg_3669            |  32|   0|   32|          0|
    |distance_w47_reg_3679            |  32|   0|   32|          0|
    |distance_w56_reg_3684            |  32|   0|   32|          0|
    |distance_w60_reg_3649            |  32|   0|   32|          0|
    |distance_w8_reg_3659             |  32|   0|   32|          0|
    |distance_w9_reg_3654             |  32|   0|   32|          0|
    |i_0_i_reg_1813                   |   8|   0|    8|          0|
    |i_reg_3160                       |   8|   0|    8|          0|
    |icmp_ln143_reg_3156              |   1|   0|    1|          0|
    |knownFeatures_0_loa_30_reg_3593  |  32|   0|   32|          0|
    |knownFeatures_0_loa_31_reg_3603  |  32|   0|   32|          0|
    |knownFeatures_1_loa_30_reg_3598  |  32|   0|   32|          0|
    |knownFeatures_1_loa_31_reg_3608  |  32|   0|   32|          0|
    |reg_1874                         |  32|   0|   32|          0|
    |reg_1879                         |  32|   0|   32|          0|
    |reg_1884                         |  32|   0|   32|          0|
    |reg_1889                         |  32|   0|   32|          0|
    |reg_1894                         |  32|   0|   32|          0|
    |reg_1899                         |  32|   0|   32|          0|
    |reg_1904                         |  32|   0|   32|          0|
    |reg_1909                         |  32|   0|   32|          0|
    |reg_1914                         |  32|   0|   32|          0|
    |reg_1920                         |  32|   0|   32|          0|
    |reg_1926                         |  32|   0|   32|          0|
    |reg_1931                         |  32|   0|   32|          0|
    |reg_1936                         |  32|   0|   32|          0|
    |reg_1941                         |  32|   0|   32|          0|
    |reg_1946                         |  32|   0|   32|          0|
    |reg_1951                         |  32|   0|   32|          0|
    |reg_1956                         |  32|   0|   32|          0|
    |reg_1962                         |  32|   0|   32|          0|
    |reg_1968                         |  32|   0|   32|          0|
    |reg_1974                         |  32|   0|   32|          0|
    |reg_1980                         |  32|   0|   32|          0|
    |reg_1988                         |  32|   0|   32|          0|
    |reg_1996                         |  32|   0|   32|          0|
    |reg_2006                         |  32|   0|   32|          0|
    |reg_2016                         |  32|   0|   32|          0|
    |reg_2024                         |  32|   0|   32|          0|
    |reg_2032                         |  32|   0|   32|          0|
    |reg_2040                         |  32|   0|   32|          0|
    |reg_2048                         |  32|   0|   32|          0|
    |reg_2058                         |  32|   0|   32|          0|
    |reg_2066                         |  32|   0|   32|          0|
    |reg_2074                         |  32|   0|   32|          0|
    |reg_2084                         |  32|   0|   32|          0|
    |reg_2090                         |  32|   0|   32|          0|
    |reg_2096                         |  32|   0|   32|          0|
    |reg_2102                         |  32|   0|   32|          0|
    |reg_2108                         |  32|   0|   32|          0|
    |reg_2113                         |  32|   0|   32|          0|
    |reg_2118                         |  32|   0|   32|          0|
    |reg_2123                         |  32|   0|   32|          0|
    |reg_2128                         |  32|   0|   32|          0|
    |reg_2134                         |  32|   0|   32|          0|
    |reg_2140                         |  32|   0|   32|          0|
    |reg_2146                         |  32|   0|   32|          0|
    |reg_2152                         |  32|   0|   32|          0|
    |reg_2157                         |  32|   0|   32|          0|
    |reg_2163                         |  32|   0|   32|          0|
    |reg_2169                         |  32|   0|   32|          0|
    |reg_2174                         |  32|   0|   32|          0|
    |reg_2179                         |  32|   0|   32|          0|
    |reg_2184                         |  32|   0|   32|          0|
    |reg_2189                         |  32|   0|   32|          0|
    |reg_2194                         |  32|   0|   32|          0|
    |reg_2200                         |  32|   0|   32|          0|
    |reg_2207                         |  32|   0|   32|          0|
    |reg_2214                         |  32|   0|   32|          0|
    |reg_2220                         |  32|   0|   32|          0|
    |reg_2226                         |  32|   0|   32|          0|
    |reg_2232                         |  32|   0|   32|          0|
    |reg_2239                         |  32|   0|   32|          0|
    |reg_2246                         |  32|   0|   32|          0|
    |reg_2252                         |  32|   0|   32|          0|
    |reg_2258                         |  32|   0|   32|          0|
    |reg_2263                         |  32|   0|   32|          0|
    |reg_2268                         |  32|   0|   32|          0|
    |reg_2274                         |  32|   0|   32|          0|
    |reg_2281                         |  32|   0|   32|          0|
    |reg_2286                         |  32|   0|   32|          0|
    |reg_2291                         |  32|   0|   32|          0|
    |reg_2297                         |  32|   0|   32|          0|
    |reg_2303                         |  32|   0|   32|          0|
    |reg_2308                         |  32|   0|   32|          0|
    |reg_2314                         |  32|   0|   32|          0|
    |reg_2319                         |  32|   0|   32|          0|
    |reg_2325                         |  32|   0|   32|          0|
    |reg_2330                         |  32|   0|   32|          0|
    |reg_2336                         |  32|   0|   32|          0|
    |reg_2342                         |  32|   0|   32|          0|
    |reg_2348                         |  32|   0|   32|          0|
    |temp_l77_i64_w1_reg_3623         |  32|   0|   32|          0|
    |tmp_100_reg_3308                 |   8|   0|   64|         56|
    |tmp_102_reg_3333                 |   8|   0|   64|         56|
    |tmp_104_reg_3358                 |   8|   0|   64|         56|
    |tmp_106_reg_3383                 |   8|   0|   64|         56|
    |tmp_108_reg_3408                 |   8|   0|   64|         56|
    |tmp_110_reg_3433                 |   8|   0|   64|         56|
    |tmp_112_reg_3458                 |   8|   0|   64|         56|
    |tmp_114_reg_3483                 |   8|   0|   64|         56|
    |tmp_115_reg_3508                 |   8|   0|   64|         56|
    |tmp_117_reg_3533                 |   8|   0|   64|         56|
    |tmp_3_i_reg_3634                 |  32|   0|   32|          0|
    |tmp_58_i_reg_3639                |  32|   0|   32|          0|
    |tmp_59_i_reg_3644                |  32|   0|   32|          0|
    |tmp_60_i_reg_3618                |  32|   0|   32|          0|
    |tmp_61_i_reg_3629                |  32|   0|   32|          0|
    |tmp_62_i_reg_3674                |  32|   0|   32|          0|
    |tmp_62_i_reg_3674_pp0_iter3_reg  |  32|   0|   32|          0|
    |tmp_92_reg_3208                  |   8|   0|   64|         56|
    |tmp_94_reg_3233                  |   8|   0|   64|         56|
    |tmp_96_reg_3258                  |   8|   0|   64|         56|
    |tmp_98_reg_3283                  |   8|   0|   64|         56|
    |tmp_reg_3165                     |   8|   0|   13|          5|
    |tmp_s_reg_3198                   |   8|   0|   64|         56|
    |xFeatures_0_read_reg_2836        |  32|   0|   32|          0|
    |xFeatures_10_read_reg_2886       |  32|   0|   32|          0|
    |xFeatures_11_read_reg_2891       |  32|   0|   32|          0|
    |xFeatures_12_read_reg_2896       |  32|   0|   32|          0|
    |xFeatures_13_read_reg_2901       |  32|   0|   32|          0|
    |xFeatures_14_read_reg_2906       |  32|   0|   32|          0|
    |xFeatures_15_read_reg_2911       |  32|   0|   32|          0|
    |xFeatures_16_read_reg_2916       |  32|   0|   32|          0|
    |xFeatures_17_read_reg_2921       |  32|   0|   32|          0|
    |xFeatures_18_read_reg_2926       |  32|   0|   32|          0|
    |xFeatures_19_read_reg_2931       |  32|   0|   32|          0|
    |xFeatures_1_read_reg_2841        |  32|   0|   32|          0|
    |xFeatures_20_read_reg_2936       |  32|   0|   32|          0|
    |xFeatures_21_read_reg_2941       |  32|   0|   32|          0|
    |xFeatures_22_read_reg_2946       |  32|   0|   32|          0|
    |xFeatures_23_read_reg_2951       |  32|   0|   32|          0|
    |xFeatures_24_read_reg_2956       |  32|   0|   32|          0|
    |xFeatures_25_read_reg_2961       |  32|   0|   32|          0|
    |xFeatures_26_read_reg_2966       |  32|   0|   32|          0|
    |xFeatures_27_read_reg_2971       |  32|   0|   32|          0|
    |xFeatures_28_read_reg_2976       |  32|   0|   32|          0|
    |xFeatures_29_read_reg_2981       |  32|   0|   32|          0|
    |xFeatures_2_read_reg_2846        |  32|   0|   32|          0|
    |xFeatures_30_read_reg_2986       |  32|   0|   32|          0|
    |xFeatures_31_read_reg_2991       |  32|   0|   32|          0|
    |xFeatures_32_read_reg_2996       |  32|   0|   32|          0|
    |xFeatures_33_read_reg_3001       |  32|   0|   32|          0|
    |xFeatures_34_read_reg_3006       |  32|   0|   32|          0|
    |xFeatures_35_read_reg_3011       |  32|   0|   32|          0|
    |xFeatures_36_read_reg_3016       |  32|   0|   32|          0|
    |xFeatures_37_read_reg_3021       |  32|   0|   32|          0|
    |xFeatures_38_read_reg_3026       |  32|   0|   32|          0|
    |xFeatures_39_read_reg_3031       |  32|   0|   32|          0|
    |xFeatures_3_read_reg_2851        |  32|   0|   32|          0|
    |xFeatures_40_read_reg_3036       |  32|   0|   32|          0|
    |xFeatures_41_read_reg_3041       |  32|   0|   32|          0|
    |xFeatures_42_read_reg_3046       |  32|   0|   32|          0|
    |xFeatures_43_read_reg_3051       |  32|   0|   32|          0|
    |xFeatures_44_read_reg_3056       |  32|   0|   32|          0|
    |xFeatures_45_read_reg_3061       |  32|   0|   32|          0|
    |xFeatures_46_read_reg_3066       |  32|   0|   32|          0|
    |xFeatures_47_read_reg_3071       |  32|   0|   32|          0|
    |xFeatures_48_read_reg_3076       |  32|   0|   32|          0|
    |xFeatures_49_read_reg_3081       |  32|   0|   32|          0|
    |xFeatures_4_read_reg_2856        |  32|   0|   32|          0|
    |xFeatures_50_read_reg_3086       |  32|   0|   32|          0|
    |xFeatures_51_read_reg_3091       |  32|   0|   32|          0|
    |xFeatures_52_read_reg_3096       |  32|   0|   32|          0|
    |xFeatures_53_read_reg_3101       |  32|   0|   32|          0|
    |xFeatures_54_read_reg_3106       |  32|   0|   32|          0|
    |xFeatures_55_read_reg_3111       |  32|   0|   32|          0|
    |xFeatures_56_read_reg_3116       |  32|   0|   32|          0|
    |xFeatures_57_read_reg_3121       |  32|   0|   32|          0|
    |xFeatures_58_read_reg_3126       |  32|   0|   32|          0|
    |xFeatures_59_read_reg_3131       |  32|   0|   32|          0|
    |xFeatures_5_read_reg_2861        |  32|   0|   32|          0|
    |xFeatures_60_read_reg_3136       |  32|   0|   32|          0|
    |xFeatures_61_read_reg_3141       |  32|   0|   32|          0|
    |xFeatures_62_read_reg_3146       |  32|   0|   32|          0|
    |xFeatures_63_read_reg_3151       |  32|   0|   32|          0|
    |xFeatures_6_read_reg_2866        |  32|   0|   32|          0|
    |xFeatures_7_read_reg_2871        |  32|   0|   32|          0|
    |xFeatures_8_read_reg_2876        |  32|   0|   32|          0|
    |xFeatures_9_read_reg_2881        |  32|   0|   32|          0|
    |i_0_i_reg_1813                   |  64|  32|    8|          0|
    |icmp_ln143_reg_3156              |  64|  32|    1|          0|
    +---------------------------------+----+----+-----+-----------+
    |Total                            |5513|  64| 6239|        845|
    +---------------------------------+----+----+-----+-----------+



================================================================
== Interface
================================================================
* Summary: 
+--------------------------+-----+-----+------------+-----------------+--------------+
|         RTL Ports        | Dir | Bits|  Protocol  |  Source Object  |    C Type    |
+--------------------------+-----+-----+------------+-----------------+--------------+
|ap_clk                    |  in |    1| ap_ctrl_hs |    parallel_0   | return value |
|ap_rst                    |  in |    1| ap_ctrl_hs |    parallel_0   | return value |
|ap_start                  |  in |    1| ap_ctrl_hs |    parallel_0   | return value |
|ap_done                   | out |    1| ap_ctrl_hs |    parallel_0   | return value |
|ap_continue               |  in |    1| ap_ctrl_hs |    parallel_0   | return value |
|ap_idle                   | out |    1| ap_ctrl_hs |    parallel_0   | return value |
|ap_ready                  | out |    1| ap_ctrl_hs |    parallel_0   | return value |
|knownFeatures_0_address0  | out |   13|  ap_memory | knownFeatures_0 |     array    |
|knownFeatures_0_ce0       | out |    1|  ap_memory | knownFeatures_0 |     array    |
|knownFeatures_0_q0        |  in |   32|  ap_memory | knownFeatures_0 |     array    |
|knownFeatures_0_address1  | out |   13|  ap_memory | knownFeatures_0 |     array    |
|knownFeatures_0_ce1       | out |    1|  ap_memory | knownFeatures_0 |     array    |
|knownFeatures_0_q1        |  in |   32|  ap_memory | knownFeatures_0 |     array    |
|knownFeatures_1_address0  | out |   13|  ap_memory | knownFeatures_1 |     array    |
|knownFeatures_1_ce0       | out |    1|  ap_memory | knownFeatures_1 |     array    |
|knownFeatures_1_q0        |  in |   32|  ap_memory | knownFeatures_1 |     array    |
|knownFeatures_1_address1  | out |   13|  ap_memory | knownFeatures_1 |     array    |
|knownFeatures_1_ce1       | out |    1|  ap_memory | knownFeatures_1 |     array    |
|knownFeatures_1_q1        |  in |   32|  ap_memory | knownFeatures_1 |     array    |
|xFeatures_0_dout          |  in |   32|   ap_fifo  |   xFeatures_0   |    pointer   |
|xFeatures_0_empty_n       |  in |    1|   ap_fifo  |   xFeatures_0   |    pointer   |
|xFeatures_0_read          | out |    1|   ap_fifo  |   xFeatures_0   |    pointer   |
|xFeatures_1_dout          |  in |   32|   ap_fifo  |   xFeatures_1   |    pointer   |
|xFeatures_1_empty_n       |  in |    1|   ap_fifo  |   xFeatures_1   |    pointer   |
|xFeatures_1_read          | out |    1|   ap_fifo  |   xFeatures_1   |    pointer   |
|xFeatures_2_dout          |  in |   32|   ap_fifo  |   xFeatures_2   |    pointer   |
|xFeatures_2_empty_n       |  in |    1|   ap_fifo  |   xFeatures_2   |    pointer   |
|xFeatures_2_read          | out |    1|   ap_fifo  |   xFeatures_2   |    pointer   |
|xFeatures_3_dout          |  in |   32|   ap_fifo  |   xFeatures_3   |    pointer   |
|xFeatures_3_empty_n       |  in |    1|   ap_fifo  |   xFeatures_3   |    pointer   |
|xFeatures_3_read          | out |    1|   ap_fifo  |   xFeatures_3   |    pointer   |
|xFeatures_4_dout          |  in |   32|   ap_fifo  |   xFeatures_4   |    pointer   |
|xFeatures_4_empty_n       |  in |    1|   ap_fifo  |   xFeatures_4   |    pointer   |
|xFeatures_4_read          | out |    1|   ap_fifo  |   xFeatures_4   |    pointer   |
|xFeatures_5_dout          |  in |   32|   ap_fifo  |   xFeatures_5   |    pointer   |
|xFeatures_5_empty_n       |  in |    1|   ap_fifo  |   xFeatures_5   |    pointer   |
|xFeatures_5_read          | out |    1|   ap_fifo  |   xFeatures_5   |    pointer   |
|xFeatures_6_dout          |  in |   32|   ap_fifo  |   xFeatures_6   |    pointer   |
|xFeatures_6_empty_n       |  in |    1|   ap_fifo  |   xFeatures_6   |    pointer   |
|xFeatures_6_read          | out |    1|   ap_fifo  |   xFeatures_6   |    pointer   |
|xFeatures_7_dout          |  in |   32|   ap_fifo  |   xFeatures_7   |    pointer   |
|xFeatures_7_empty_n       |  in |    1|   ap_fifo  |   xFeatures_7   |    pointer   |
|xFeatures_7_read          | out |    1|   ap_fifo  |   xFeatures_7   |    pointer   |
|xFeatures_8_dout          |  in |   32|   ap_fifo  |   xFeatures_8   |    pointer   |
|xFeatures_8_empty_n       |  in |    1|   ap_fifo  |   xFeatures_8   |    pointer   |
|xFeatures_8_read          | out |    1|   ap_fifo  |   xFeatures_8   |    pointer   |
|xFeatures_9_dout          |  in |   32|   ap_fifo  |   xFeatures_9   |    pointer   |
|xFeatures_9_empty_n       |  in |    1|   ap_fifo  |   xFeatures_9   |    pointer   |
|xFeatures_9_read          | out |    1|   ap_fifo  |   xFeatures_9   |    pointer   |
|xFeatures_10_dout         |  in |   32|   ap_fifo  |   xFeatures_10  |    pointer   |
|xFeatures_10_empty_n      |  in |    1|   ap_fifo  |   xFeatures_10  |    pointer   |
|xFeatures_10_read         | out |    1|   ap_fifo  |   xFeatures_10  |    pointer   |
|xFeatures_11_dout         |  in |   32|   ap_fifo  |   xFeatures_11  |    pointer   |
|xFeatures_11_empty_n      |  in |    1|   ap_fifo  |   xFeatures_11  |    pointer   |
|xFeatures_11_read         | out |    1|   ap_fifo  |   xFeatures_11  |    pointer   |
|xFeatures_12_dout         |  in |   32|   ap_fifo  |   xFeatures_12  |    pointer   |
|xFeatures_12_empty_n      |  in |    1|   ap_fifo  |   xFeatures_12  |    pointer   |
|xFeatures_12_read         | out |    1|   ap_fifo  |   xFeatures_12  |    pointer   |
|xFeatures_13_dout         |  in |   32|   ap_fifo  |   xFeatures_13  |    pointer   |
|xFeatures_13_empty_n      |  in |    1|   ap_fifo  |   xFeatures_13  |    pointer   |
|xFeatures_13_read         | out |    1|   ap_fifo  |   xFeatures_13  |    pointer   |
|xFeatures_14_dout         |  in |   32|   ap_fifo  |   xFeatures_14  |    pointer   |
|xFeatures_14_empty_n      |  in |    1|   ap_fifo  |   xFeatures_14  |    pointer   |
|xFeatures_14_read         | out |    1|   ap_fifo  |   xFeatures_14  |    pointer   |
|xFeatures_15_dout         |  in |   32|   ap_fifo  |   xFeatures_15  |    pointer   |
|xFeatures_15_empty_n      |  in |    1|   ap_fifo  |   xFeatures_15  |    pointer   |
|xFeatures_15_read         | out |    1|   ap_fifo  |   xFeatures_15  |    pointer   |
|xFeatures_16_dout         |  in |   32|   ap_fifo  |   xFeatures_16  |    pointer   |
|xFeatures_16_empty_n      |  in |    1|   ap_fifo  |   xFeatures_16  |    pointer   |
|xFeatures_16_read         | out |    1|   ap_fifo  |   xFeatures_16  |    pointer   |
|xFeatures_17_dout         |  in |   32|   ap_fifo  |   xFeatures_17  |    pointer   |
|xFeatures_17_empty_n      |  in |    1|   ap_fifo  |   xFeatures_17  |    pointer   |
|xFeatures_17_read         | out |    1|   ap_fifo  |   xFeatures_17  |    pointer   |
|xFeatures_18_dout         |  in |   32|   ap_fifo  |   xFeatures_18  |    pointer   |
|xFeatures_18_empty_n      |  in |    1|   ap_fifo  |   xFeatures_18  |    pointer   |
|xFeatures_18_read         | out |    1|   ap_fifo  |   xFeatures_18  |    pointer   |
|xFeatures_19_dout         |  in |   32|   ap_fifo  |   xFeatures_19  |    pointer   |
|xFeatures_19_empty_n      |  in |    1|   ap_fifo  |   xFeatures_19  |    pointer   |
|xFeatures_19_read         | out |    1|   ap_fifo  |   xFeatures_19  |    pointer   |
|xFeatures_20_dout         |  in |   32|   ap_fifo  |   xFeatures_20  |    pointer   |
|xFeatures_20_empty_n      |  in |    1|   ap_fifo  |   xFeatures_20  |    pointer   |
|xFeatures_20_read         | out |    1|   ap_fifo  |   xFeatures_20  |    pointer   |
|xFeatures_21_dout         |  in |   32|   ap_fifo  |   xFeatures_21  |    pointer   |
|xFeatures_21_empty_n      |  in |    1|   ap_fifo  |   xFeatures_21  |    pointer   |
|xFeatures_21_read         | out |    1|   ap_fifo  |   xFeatures_21  |    pointer   |
|xFeatures_22_dout         |  in |   32|   ap_fifo  |   xFeatures_22  |    pointer   |
|xFeatures_22_empty_n      |  in |    1|   ap_fifo  |   xFeatures_22  |    pointer   |
|xFeatures_22_read         | out |    1|   ap_fifo  |   xFeatures_22  |    pointer   |
|xFeatures_23_dout         |  in |   32|   ap_fifo  |   xFeatures_23  |    pointer   |
|xFeatures_23_empty_n      |  in |    1|   ap_fifo  |   xFeatures_23  |    pointer   |
|xFeatures_23_read         | out |    1|   ap_fifo  |   xFeatures_23  |    pointer   |
|xFeatures_24_dout         |  in |   32|   ap_fifo  |   xFeatures_24  |    pointer   |
|xFeatures_24_empty_n      |  in |    1|   ap_fifo  |   xFeatures_24  |    pointer   |
|xFeatures_24_read         | out |    1|   ap_fifo  |   xFeatures_24  |    pointer   |
|xFeatures_25_dout         |  in |   32|   ap_fifo  |   xFeatures_25  |    pointer   |
|xFeatures_25_empty_n      |  in |    1|   ap_fifo  |   xFeatures_25  |    pointer   |
|xFeatures_25_read         | out |    1|   ap_fifo  |   xFeatures_25  |    pointer   |
|xFeatures_26_dout         |  in |   32|   ap_fifo  |   xFeatures_26  |    pointer   |
|xFeatures_26_empty_n      |  in |    1|   ap_fifo  |   xFeatures_26  |    pointer   |
|xFeatures_26_read         | out |    1|   ap_fifo  |   xFeatures_26  |    pointer   |
|xFeatures_27_dout         |  in |   32|   ap_fifo  |   xFeatures_27  |    pointer   |
|xFeatures_27_empty_n      |  in |    1|   ap_fifo  |   xFeatures_27  |    pointer   |
|xFeatures_27_read         | out |    1|   ap_fifo  |   xFeatures_27  |    pointer   |
|xFeatures_28_dout         |  in |   32|   ap_fifo  |   xFeatures_28  |    pointer   |
|xFeatures_28_empty_n      |  in |    1|   ap_fifo  |   xFeatures_28  |    pointer   |
|xFeatures_28_read         | out |    1|   ap_fifo  |   xFeatures_28  |    pointer   |
|xFeatures_29_dout         |  in |   32|   ap_fifo  |   xFeatures_29  |    pointer   |
|xFeatures_29_empty_n      |  in |    1|   ap_fifo  |   xFeatures_29  |    pointer   |
|xFeatures_29_read         | out |    1|   ap_fifo  |   xFeatures_29  |    pointer   |
|xFeatures_30_dout         |  in |   32|   ap_fifo  |   xFeatures_30  |    pointer   |
|xFeatures_30_empty_n      |  in |    1|   ap_fifo  |   xFeatures_30  |    pointer   |
|xFeatures_30_read         | out |    1|   ap_fifo  |   xFeatures_30  |    pointer   |
|xFeatures_31_dout         |  in |   32|   ap_fifo  |   xFeatures_31  |    pointer   |
|xFeatures_31_empty_n      |  in |    1|   ap_fifo  |   xFeatures_31  |    pointer   |
|xFeatures_31_read         | out |    1|   ap_fifo  |   xFeatures_31  |    pointer   |
|xFeatures_32_dout         |  in |   32|   ap_fifo  |   xFeatures_32  |    pointer   |
|xFeatures_32_empty_n      |  in |    1|   ap_fifo  |   xFeatures_32  |    pointer   |
|xFeatures_32_read         | out |    1|   ap_fifo  |   xFeatures_32  |    pointer   |
|xFeatures_33_dout         |  in |   32|   ap_fifo  |   xFeatures_33  |    pointer   |
|xFeatures_33_empty_n      |  in |    1|   ap_fifo  |   xFeatures_33  |    pointer   |
|xFeatures_33_read         | out |    1|   ap_fifo  |   xFeatures_33  |    pointer   |
|xFeatures_34_dout         |  in |   32|   ap_fifo  |   xFeatures_34  |    pointer   |
|xFeatures_34_empty_n      |  in |    1|   ap_fifo  |   xFeatures_34  |    pointer   |
|xFeatures_34_read         | out |    1|   ap_fifo  |   xFeatures_34  |    pointer   |
|xFeatures_35_dout         |  in |   32|   ap_fifo  |   xFeatures_35  |    pointer   |
|xFeatures_35_empty_n      |  in |    1|   ap_fifo  |   xFeatures_35  |    pointer   |
|xFeatures_35_read         | out |    1|   ap_fifo  |   xFeatures_35  |    pointer   |
|xFeatures_36_dout         |  in |   32|   ap_fifo  |   xFeatures_36  |    pointer   |
|xFeatures_36_empty_n      |  in |    1|   ap_fifo  |   xFeatures_36  |    pointer   |
|xFeatures_36_read         | out |    1|   ap_fifo  |   xFeatures_36  |    pointer   |
|xFeatures_37_dout         |  in |   32|   ap_fifo  |   xFeatures_37  |    pointer   |
|xFeatures_37_empty_n      |  in |    1|   ap_fifo  |   xFeatures_37  |    pointer   |
|xFeatures_37_read         | out |    1|   ap_fifo  |   xFeatures_37  |    pointer   |
|xFeatures_38_dout         |  in |   32|   ap_fifo  |   xFeatures_38  |    pointer   |
|xFeatures_38_empty_n      |  in |    1|   ap_fifo  |   xFeatures_38  |    pointer   |
|xFeatures_38_read         | out |    1|   ap_fifo  |   xFeatures_38  |    pointer   |
|xFeatures_39_dout         |  in |   32|   ap_fifo  |   xFeatures_39  |    pointer   |
|xFeatures_39_empty_n      |  in |    1|   ap_fifo  |   xFeatures_39  |    pointer   |
|xFeatures_39_read         | out |    1|   ap_fifo  |   xFeatures_39  |    pointer   |
|xFeatures_40_dout         |  in |   32|   ap_fifo  |   xFeatures_40  |    pointer   |
|xFeatures_40_empty_n      |  in |    1|   ap_fifo  |   xFeatures_40  |    pointer   |
|xFeatures_40_read         | out |    1|   ap_fifo  |   xFeatures_40  |    pointer   |
|xFeatures_41_dout         |  in |   32|   ap_fifo  |   xFeatures_41  |    pointer   |
|xFeatures_41_empty_n      |  in |    1|   ap_fifo  |   xFeatures_41  |    pointer   |
|xFeatures_41_read         | out |    1|   ap_fifo  |   xFeatures_41  |    pointer   |
|xFeatures_42_dout         |  in |   32|   ap_fifo  |   xFeatures_42  |    pointer   |
|xFeatures_42_empty_n      |  in |    1|   ap_fifo  |   xFeatures_42  |    pointer   |
|xFeatures_42_read         | out |    1|   ap_fifo  |   xFeatures_42  |    pointer   |
|xFeatures_43_dout         |  in |   32|   ap_fifo  |   xFeatures_43  |    pointer   |
|xFeatures_43_empty_n      |  in |    1|   ap_fifo  |   xFeatures_43  |    pointer   |
|xFeatures_43_read         | out |    1|   ap_fifo  |   xFeatures_43  |    pointer   |
|xFeatures_44_dout         |  in |   32|   ap_fifo  |   xFeatures_44  |    pointer   |
|xFeatures_44_empty_n      |  in |    1|   ap_fifo  |   xFeatures_44  |    pointer   |
|xFeatures_44_read         | out |    1|   ap_fifo  |   xFeatures_44  |    pointer   |
|xFeatures_45_dout         |  in |   32|   ap_fifo  |   xFeatures_45  |    pointer   |
|xFeatures_45_empty_n      |  in |    1|   ap_fifo  |   xFeatures_45  |    pointer   |
|xFeatures_45_read         | out |    1|   ap_fifo  |   xFeatures_45  |    pointer   |
|xFeatures_46_dout         |  in |   32|   ap_fifo  |   xFeatures_46  |    pointer   |
|xFeatures_46_empty_n      |  in |    1|   ap_fifo  |   xFeatures_46  |    pointer   |
|xFeatures_46_read         | out |    1|   ap_fifo  |   xFeatures_46  |    pointer   |
|xFeatures_47_dout         |  in |   32|   ap_fifo  |   xFeatures_47  |    pointer   |
|xFeatures_47_empty_n      |  in |    1|   ap_fifo  |   xFeatures_47  |    pointer   |
|xFeatures_47_read         | out |    1|   ap_fifo  |   xFeatures_47  |    pointer   |
|xFeatures_48_dout         |  in |   32|   ap_fifo  |   xFeatures_48  |    pointer   |
|xFeatures_48_empty_n      |  in |    1|   ap_fifo  |   xFeatures_48  |    pointer   |
|xFeatures_48_read         | out |    1|   ap_fifo  |   xFeatures_48  |    pointer   |
|xFeatures_49_dout         |  in |   32|   ap_fifo  |   xFeatures_49  |    pointer   |
|xFeatures_49_empty_n      |  in |    1|   ap_fifo  |   xFeatures_49  |    pointer   |
|xFeatures_49_read         | out |    1|   ap_fifo  |   xFeatures_49  |    pointer   |
|xFeatures_50_dout         |  in |   32|   ap_fifo  |   xFeatures_50  |    pointer   |
|xFeatures_50_empty_n      |  in |    1|   ap_fifo  |   xFeatures_50  |    pointer   |
|xFeatures_50_read         | out |    1|   ap_fifo  |   xFeatures_50  |    pointer   |
|xFeatures_51_dout         |  in |   32|   ap_fifo  |   xFeatures_51  |    pointer   |
|xFeatures_51_empty_n      |  in |    1|   ap_fifo  |   xFeatures_51  |    pointer   |
|xFeatures_51_read         | out |    1|   ap_fifo  |   xFeatures_51  |    pointer   |
|xFeatures_52_dout         |  in |   32|   ap_fifo  |   xFeatures_52  |    pointer   |
|xFeatures_52_empty_n      |  in |    1|   ap_fifo  |   xFeatures_52  |    pointer   |
|xFeatures_52_read         | out |    1|   ap_fifo  |   xFeatures_52  |    pointer   |
|xFeatures_53_dout         |  in |   32|   ap_fifo  |   xFeatures_53  |    pointer   |
|xFeatures_53_empty_n      |  in |    1|   ap_fifo  |   xFeatures_53  |    pointer   |
|xFeatures_53_read         | out |    1|   ap_fifo  |   xFeatures_53  |    pointer   |
|xFeatures_54_dout         |  in |   32|   ap_fifo  |   xFeatures_54  |    pointer   |
|xFeatures_54_empty_n      |  in |    1|   ap_fifo  |   xFeatures_54  |    pointer   |
|xFeatures_54_read         | out |    1|   ap_fifo  |   xFeatures_54  |    pointer   |
|xFeatures_55_dout         |  in |   32|   ap_fifo  |   xFeatures_55  |    pointer   |
|xFeatures_55_empty_n      |  in |    1|   ap_fifo  |   xFeatures_55  |    pointer   |
|xFeatures_55_read         | out |    1|   ap_fifo  |   xFeatures_55  |    pointer   |
|xFeatures_56_dout         |  in |   32|   ap_fifo  |   xFeatures_56  |    pointer   |
|xFeatures_56_empty_n      |  in |    1|   ap_fifo  |   xFeatures_56  |    pointer   |
|xFeatures_56_read         | out |    1|   ap_fifo  |   xFeatures_56  |    pointer   |
|xFeatures_57_dout         |  in |   32|   ap_fifo  |   xFeatures_57  |    pointer   |
|xFeatures_57_empty_n      |  in |    1|   ap_fifo  |   xFeatures_57  |    pointer   |
|xFeatures_57_read         | out |    1|   ap_fifo  |   xFeatures_57  |    pointer   |
|xFeatures_58_dout         |  in |   32|   ap_fifo  |   xFeatures_58  |    pointer   |
|xFeatures_58_empty_n      |  in |    1|   ap_fifo  |   xFeatures_58  |    pointer   |
|xFeatures_58_read         | out |    1|   ap_fifo  |   xFeatures_58  |    pointer   |
|xFeatures_59_dout         |  in |   32|   ap_fifo  |   xFeatures_59  |    pointer   |
|xFeatures_59_empty_n      |  in |    1|   ap_fifo  |   xFeatures_59  |    pointer   |
|xFeatures_59_read         | out |    1|   ap_fifo  |   xFeatures_59  |    pointer   |
|xFeatures_60_dout         |  in |   32|   ap_fifo  |   xFeatures_60  |    pointer   |
|xFeatures_60_empty_n      |  in |    1|   ap_fifo  |   xFeatures_60  |    pointer   |
|xFeatures_60_read         | out |    1|   ap_fifo  |   xFeatures_60  |    pointer   |
|xFeatures_61_dout         |  in |   32|   ap_fifo  |   xFeatures_61  |    pointer   |
|xFeatures_61_empty_n      |  in |    1|   ap_fifo  |   xFeatures_61  |    pointer   |
|xFeatures_61_read         | out |    1|   ap_fifo  |   xFeatures_61  |    pointer   |
|xFeatures_62_dout         |  in |   32|   ap_fifo  |   xFeatures_62  |    pointer   |
|xFeatures_62_empty_n      |  in |    1|   ap_fifo  |   xFeatures_62  |    pointer   |
|xFeatures_62_read         | out |    1|   ap_fifo  |   xFeatures_62  |    pointer   |
|xFeatures_63_dout         |  in |   32|   ap_fifo  |   xFeatures_63  |    pointer   |
|xFeatures_63_empty_n      |  in |    1|   ap_fifo  |   xFeatures_63  |    pointer   |
|xFeatures_63_read         | out |    1|   ap_fifo  |   xFeatures_63  |    pointer   |
|distance_array_address0   | out |    8|  ap_memory |  distance_array |     array    |
|distance_array_ce0        | out |    1|  ap_memory |  distance_array |     array    |
|distance_array_we0        | out |    1|  ap_memory |  distance_array |     array    |
|distance_array_d0         | out |   32|  ap_memory |  distance_array |     array    |
+--------------------------+-----+-----+------------+-----------------+--------------+

