

================================================================
== Vivado HLS Report for 'parallel_0'
================================================================
* Date:           Sat Aug 22 15:17:54 2020

* Version:        2019.2 (Build 2704478 on Wed Nov 06 22:10:23 MST 2019)
* Project:        knn
* Solution:       solution1
* Product family: zynq
* Target device:  xc7z020-clg484-1


================================================================
== Performance Estimates
================================================================
+ Timing: 
    * Summary: 
    +--------+----------+----------+------------+
    |  Clock |  Target  | Estimated| Uncertainty|
    +--------+----------+----------+------------+
    |ap_clk  | 10.00 ns | 9.348 ns |   1.25 ns  |
    +--------+----------+----------+------------+

+ Latency: 
    * Summary: 
    +---------+---------+----------+----------+-----+-----+---------+
    |  Latency (cycles) |  Latency (absolute) |  Interval | Pipeline|
    |   min   |   max   |    min   |    max   | min | max |   Type  |
    +---------+---------+----------+----------+-----+-----+---------+
    |      264|      264| 2.640 us | 2.640 us |  264|  264|   none  |
    +---------+---------+----------+----------+-----+-----+---------+

    + Detail: 
        * Instance: 
        N/A

        * Loop: 
        +----------+---------+---------+----------+-----------+-----------+------+----------+
        |          |  Latency (cycles) | Iteration|  Initiation Interval  | Trip |          |
        | Loop Name|   min   |   max   |  Latency |  achieved |   target  | Count| Pipelined|
        +----------+---------+---------+----------+-----------+-----------+------+----------+
        |- Loop 1  |      262|      262|       231|         32|          1|     2|    yes   |
        +----------+---------+---------+----------+-----------+-----------+------+----------+



================================================================
== Utilization Estimates
================================================================
* Summary: 
+-----------------+---------+-------+--------+-------+-----+
|       Name      | BRAM_18K| DSP48E|   FF   |  LUT  | URAM|
+-----------------+---------+-------+--------+-------+-----+
|DSP              |        -|      -|       -|      -|    -|
|Expression       |        -|      -|       0|    527|    -|
|FIFO             |        -|      -|       -|      -|    -|
|Instance         |        -|     16|    2347|   5027|    -|
|Memory           |        -|      -|       -|      -|    -|
|Multiplexer      |        -|      -|       -|   2021|    -|
|Register         |        0|      -|    8754|    544|    -|
+-----------------+---------+-------+--------+-------+-----+
|Total            |        0|     16|   11101|   8119|    0|
+-----------------+---------+-------+--------+-------+-----+
|Available        |      280|    220|  106400|  53200|    0|
+-----------------+---------+-------+--------+-------+-----+
|Utilization (%)  |        0|      7|      10|     15|    0|
+-----------------+---------+-------+--------+-------+-----+

+ Detail: 
    * Instance: 
    +---------------------------+----------------------+---------+-------+-----+------+-----+
    |          Instance         |        Module        | BRAM_18K| DSP48E|  FF |  LUT | URAM|
    +---------------------------+----------------------+---------+-------+-----+------+-----+
    |knn_8p64f_4parallbkb_U555  |knn_8p64f_4parallbkb  |        0|      2|  205|   390|    0|
    |knn_8p64f_4parallbkb_U556  |knn_8p64f_4parallbkb  |        0|      2|  205|   390|    0|
    |knn_8p64f_4parallcud_U557  |knn_8p64f_4parallcud  |        0|      3|  143|   321|    0|
    |knn_8p64f_4parallcud_U558  |knn_8p64f_4parallcud  |        0|      3|  143|   321|    0|
    |knn_8p64f_4paralldEe_U559  |knn_8p64f_4paralldEe  |        0|      0|  128|   277|    0|
    |knn_8p64f_4paralldEe_U560  |knn_8p64f_4paralldEe  |        0|      0|  128|   277|    0|
    |knn_8p64f_4paralleOg_U561  |knn_8p64f_4paralleOg  |        0|      0|  100|   138|    0|
    |knn_8p64f_4parallfYi_U562  |knn_8p64f_4parallfYi  |        0|      0|  405|   615|    0|
    |knn_8p64f_4parallg8j_U563  |knn_8p64f_4parallg8j  |        0|      3|  445|  1149|    0|
    |knn_8p64f_4parallg8j_U564  |knn_8p64f_4parallg8j  |        0|      3|  445|  1149|    0|
    +---------------------------+----------------------+---------+-------+-----+------+-----+
    |Total                      |                      |        0|     16| 2347|  5027|    0|
    +---------------------------+----------------------+---------+-------+-----+------+-----+

    * DSP48E: 
    N/A

    * Memory: 
    N/A

    * FIFO: 
    N/A

    * Expression: 
    +-----------------------+----------+-------+---+----+------------+------------+
    |     Variable Name     | Operation| DSP48E| FF| LUT| Bitwidth P0| Bitwidth P1|
    +-----------------------+----------+-------+---+----+------------+------------+
    |i_fu_2185_p2           |     +    |      0|  0|  10|           2|           1|
    |icmp_ln143_fu_2179_p2  |   icmp   |      0|  0|   9|           2|           3|
    |ap_block_state1        |    or    |      0|  0|   2|           1|           1|
    |or_ln148_fu_2204_p2    |    or    |      0|  0|   8|           8|           1|
    |or_ln149_fu_2219_p2    |    or    |      0|  0|   8|           8|           2|
    |or_ln150_fu_2233_p2    |    or    |      0|  0|   8|           8|           2|
    |or_ln151_fu_2247_p2    |    or    |      0|  0|   8|           8|           3|
    |or_ln152_fu_2261_p2    |    or    |      0|  0|   8|           8|           3|
    |or_ln153_fu_2275_p2    |    or    |      0|  0|   8|           8|           3|
    |or_ln154_fu_2289_p2    |    or    |      0|  0|   8|           8|           3|
    |or_ln155_fu_2303_p2    |    or    |      0|  0|   8|           8|           4|
    |or_ln156_fu_2317_p2    |    or    |      0|  0|   8|           8|           4|
    |or_ln157_fu_2331_p2    |    or    |      0|  0|   8|           8|           4|
    |or_ln158_fu_2345_p2    |    or    |      0|  0|   8|           8|           4|
    |or_ln159_fu_2359_p2    |    or    |      0|  0|   8|           8|           4|
    |or_ln160_fu_2373_p2    |    or    |      0|  0|   8|           8|           4|
    |or_ln161_fu_2387_p2    |    or    |      0|  0|   8|           8|           4|
    |or_ln162_fu_2401_p2    |    or    |      0|  0|   8|           8|           4|
    |or_ln163_fu_2415_p2    |    or    |      0|  0|   8|           8|           5|
    |or_ln164_fu_2429_p2    |    or    |      0|  0|   8|           8|           5|
    |or_ln165_fu_2443_p2    |    or    |      0|  0|   8|           8|           5|
    |or_ln166_fu_2457_p2    |    or    |      0|  0|   8|           8|           5|
    |or_ln167_fu_2471_p2    |    or    |      0|  0|   8|           8|           5|
    |or_ln168_fu_2485_p2    |    or    |      0|  0|   8|           8|           5|
    |or_ln169_fu_2947_p2    |    or    |      0|  0|   8|           8|           5|
    |or_ln170_fu_2961_p2    |    or    |      0|  0|   8|           8|           5|
    |or_ln171_fu_2975_p2    |    or    |      0|  0|   8|           8|           5|
    |or_ln172_fu_3031_p2    |    or    |      0|  0|   8|           8|           5|
    |or_ln173_fu_3059_p2    |    or    |      0|  0|   8|           8|           5|
    |or_ln174_fu_2499_p2    |    or    |      0|  0|   8|           8|           5|
    |or_ln175_fu_2513_p2    |    or    |      0|  0|   8|           8|           5|
    |or_ln176_fu_2527_p2    |    or    |      0|  0|   8|           8|           5|
    |or_ln177_fu_2541_p2    |    or    |      0|  0|   8|           8|           5|
    |or_ln178_fu_2555_p2    |    or    |      0|  0|   8|           8|           5|
    |or_ln179_fu_2569_p2    |    or    |      0|  0|   8|           8|           6|
    |or_ln180_fu_2583_p2    |    or    |      0|  0|   8|           8|           6|
    |or_ln181_fu_2597_p2    |    or    |      0|  0|   8|           8|           6|
    |or_ln182_fu_2611_p2    |    or    |      0|  0|   8|           8|           6|
    |or_ln183_fu_2625_p2    |    or    |      0|  0|   8|           8|           6|
    |or_ln184_fu_2639_p2    |    or    |      0|  0|   8|           8|           6|
    |or_ln185_fu_2653_p2    |    or    |      0|  0|   8|           8|           6|
    |or_ln186_fu_2667_p2    |    or    |      0|  0|   8|           8|           6|
    |or_ln187_fu_2681_p2    |    or    |      0|  0|   8|           8|           6|
    |or_ln188_fu_2695_p2    |    or    |      0|  0|   8|           8|           6|
    |or_ln189_fu_2709_p2    |    or    |      0|  0|   8|           8|           6|
    |or_ln190_fu_2723_p2    |    or    |      0|  0|   8|           8|           6|
    |or_ln191_fu_2737_p2    |    or    |      0|  0|   8|           8|           6|
    |or_ln192_fu_2751_p2    |    or    |      0|  0|   8|           8|           6|
    |or_ln193_fu_2765_p2    |    or    |      0|  0|   8|           8|           6|
    |or_ln194_fu_2779_p2    |    or    |      0|  0|   8|           8|           6|
    |or_ln195_fu_2793_p2    |    or    |      0|  0|   8|           8|           6|
    |or_ln196_fu_2807_p2    |    or    |      0|  0|   8|           8|           6|
    |or_ln197_fu_2821_p2    |    or    |      0|  0|   8|           8|           6|
    |or_ln198_fu_2835_p2    |    or    |      0|  0|   8|           8|           6|
    |or_ln199_fu_2849_p2    |    or    |      0|  0|   8|           8|           6|
    |or_ln200_fu_2863_p2    |    or    |      0|  0|   8|           8|           6|
    |or_ln201_fu_2877_p2    |    or    |      0|  0|   8|           8|           6|
    |or_ln202_fu_2891_p2    |    or    |      0|  0|   8|           8|           6|
    |or_ln203_fu_2905_p2    |    or    |      0|  0|   8|           8|           6|
    |or_ln204_fu_2919_p2    |    or    |      0|  0|   8|           8|           6|
    |or_ln205_fu_2933_p2    |    or    |      0|  0|   8|           8|           6|
    |or_ln206_fu_2989_p2    |    or    |      0|  0|   8|           8|           6|
    |or_ln207_fu_3003_p2    |    or    |      0|  0|   8|           8|           6|
    |or_ln208_fu_3017_p2    |    or    |      0|  0|   8|           8|           6|
    |or_ln209_fu_3045_p2    |    or    |      0|  0|   8|           8|           6|
    |or_ln210_fu_3073_p2    |    or    |      0|  0|   8|           8|           6|
    |ap_enable_pp0          |    xor   |      0|  0|   2|           1|           2|
    +-----------------------+----------+-------+---+----+------------+------------+
    |Total                  |          |      0|  0| 527|         510|         328|
    +-----------------------+----------+-------+---+----+------------+------------+

    * Multiplexer: 
    +---------------------------------+-----+-----------+-----+-----------+
    |               Name              | LUT | Input Size| Bits| Total Bits|
    +---------------------------------+-----+-----------+-----+-----------+
    |ap_NS_fsm                        |  157|         35|    1|         35|
    |ap_done                          |    9|          2|    1|          2|
    |ap_enable_reg_pp0_iter7          |    9|          2|    1|          2|
    |ap_phi_mux_i_0_i_phi_fu_1872_p4  |    9|          2|    2|          4|
    |grp_fu_1880_p0                   |   65|         16|   32|        512|
    |grp_fu_1880_p1                   |  101|         21|   32|        672|
    |grp_fu_1885_p0                   |   85|         17|   32|        544|
    |grp_fu_1885_p1                   |  141|         31|   32|        992|
    |grp_fu_1889_p0                   |   38|          7|   32|        224|
    |grp_fu_1889_p1                   |   38|          7|   32|        224|
    |grp_fu_1893_p0                   |   38|          7|   32|        224|
    |grp_fu_1893_p1                   |   38|          7|   32|        224|
    |grp_fu_1897_p0                   |   15|          3|   64|        192|
    |grp_fu_1900_p0                   |   15|          3|   64|        192|
    |grp_fu_1912_p0                   |  149|         33|   64|       2112|
    |grp_fu_1912_p1                   |   41|          8|   64|        512|
    |grp_fu_1916_p0                   |  149|         33|   64|       2112|
    |grp_fu_1916_p1                   |   41|          8|   64|        512|
    |i_0_i_reg_1868                   |    9|          2|    2|          4|
    |knownFeatures_address0           |  149|         33|    7|        231|
    |knownFeatures_address1           |  149|         33|    7|        231|
    |xFeatures_0_blk_n                |    9|          2|    1|          2|
    |xFeatures_10_blk_n               |    9|          2|    1|          2|
    |xFeatures_11_blk_n               |    9|          2|    1|          2|
    |xFeatures_12_blk_n               |    9|          2|    1|          2|
    |xFeatures_13_blk_n               |    9|          2|    1|          2|
    |xFeatures_14_blk_n               |    9|          2|    1|          2|
    |xFeatures_15_blk_n               |    9|          2|    1|          2|
    |xFeatures_16_blk_n               |    9|          2|    1|          2|
    |xFeatures_17_blk_n               |    9|          2|    1|          2|
    |xFeatures_18_blk_n               |    9|          2|    1|          2|
    |xFeatures_19_blk_n               |    9|          2|    1|          2|
    |xFeatures_1_blk_n                |    9|          2|    1|          2|
    |xFeatures_20_blk_n               |    9|          2|    1|          2|
    |xFeatures_21_blk_n               |    9|          2|    1|          2|
    |xFeatures_22_blk_n               |    9|          2|    1|          2|
    |xFeatures_23_blk_n               |    9|          2|    1|          2|
    |xFeatures_24_blk_n               |    9|          2|    1|          2|
    |xFeatures_25_blk_n               |    9|          2|    1|          2|
    |xFeatures_26_blk_n               |    9|          2|    1|          2|
    |xFeatures_27_blk_n               |    9|          2|    1|          2|
    |xFeatures_28_blk_n               |    9|          2|    1|          2|
    |xFeatures_29_blk_n               |    9|          2|    1|          2|
    |xFeatures_2_blk_n                |    9|          2|    1|          2|
    |xFeatures_30_blk_n               |    9|          2|    1|          2|
    |xFeatures_31_blk_n               |    9|          2|    1|          2|
    |xFeatures_32_blk_n               |    9|          2|    1|          2|
    |xFeatures_33_blk_n               |    9|          2|    1|          2|
    |xFeatures_34_blk_n               |    9|          2|    1|          2|
    |xFeatures_35_blk_n               |    9|          2|    1|          2|
    |xFeatures_36_blk_n               |    9|          2|    1|          2|
    |xFeatures_37_blk_n               |    9|          2|    1|          2|
    |xFeatures_38_blk_n               |    9|          2|    1|          2|
    |xFeatures_39_blk_n               |    9|          2|    1|          2|
    |xFeatures_3_blk_n                |    9|          2|    1|          2|
    |xFeatures_40_blk_n               |    9|          2|    1|          2|
    |xFeatures_41_blk_n               |    9|          2|    1|          2|
    |xFeatures_42_blk_n               |    9|          2|    1|          2|
    |xFeatures_43_blk_n               |    9|          2|    1|          2|
    |xFeatures_44_blk_n               |    9|          2|    1|          2|
    |xFeatures_45_blk_n               |    9|          2|    1|          2|
    |xFeatures_46_blk_n               |    9|          2|    1|          2|
    |xFeatures_47_blk_n               |    9|          2|    1|          2|
    |xFeatures_48_blk_n               |    9|          2|    1|          2|
    |xFeatures_49_blk_n               |    9|          2|    1|          2|
    |xFeatures_4_blk_n                |    9|          2|    1|          2|
    |xFeatures_50_blk_n               |    9|          2|    1|          2|
    |xFeatures_51_blk_n               |    9|          2|    1|          2|
    |xFeatures_52_blk_n               |    9|          2|    1|          2|
    |xFeatures_53_blk_n               |    9|          2|    1|          2|
    |xFeatures_54_blk_n               |    9|          2|    1|          2|
    |xFeatures_55_blk_n               |    9|          2|    1|          2|
    |xFeatures_56_blk_n               |    9|          2|    1|          2|
    |xFeatures_57_blk_n               |    9|          2|    1|          2|
    |xFeatures_58_blk_n               |    9|          2|    1|          2|
    |xFeatures_59_blk_n               |    9|          2|    1|          2|
    |xFeatures_5_blk_n                |    9|          2|    1|          2|
    |xFeatures_60_blk_n               |    9|          2|    1|          2|
    |xFeatures_61_blk_n               |    9|          2|    1|          2|
    |xFeatures_62_blk_n               |    9|          2|    1|          2|
    |xFeatures_63_blk_n               |    9|          2|    1|          2|
    |xFeatures_6_blk_n                |    9|          2|    1|          2|
    |xFeatures_7_blk_n                |    9|          2|    1|          2|
    |xFeatures_8_blk_n                |    9|          2|    1|          2|
    |xFeatures_9_blk_n                |    9|          2|    1|          2|
    +---------------------------------+-----+-----------+-----+-----------+
    |Total                            | 2021|        438|  725|       9885|
    +---------------------------------+-----+-----------+-----+-----------+

    * Register: 
    +----------------------------------+----+----+-----+-----------+
    |               Name               | FF | LUT| Bits| Const Bits|
    +----------------------------------+----+----+-----+-----------+
    |ap_CS_fsm                         |  34|   0|   34|          0|
    |ap_done_reg                       |   1|   0|    1|          0|
    |ap_enable_reg_pp0_iter0           |   1|   0|    1|          0|
    |ap_enable_reg_pp0_iter1           |   1|   0|    1|          0|
    |ap_enable_reg_pp0_iter2           |   1|   0|    1|          0|
    |ap_enable_reg_pp0_iter3           |   1|   0|    1|          0|
    |ap_enable_reg_pp0_iter4           |   1|   0|    1|          0|
    |ap_enable_reg_pp0_iter5           |   1|   0|    1|          0|
    |ap_enable_reg_pp0_iter6           |   1|   0|    1|          0|
    |ap_enable_reg_pp0_iter7           |   1|   0|    1|          0|
    |distance_w20_reg_3967             |  32|   0|   32|          0|
    |distance_w27_reg_3922             |  32|   0|   32|          0|
    |distance_w34_reg_3972             |  32|   0|   32|          0|
    |distance_w3_reg_3947              |  32|   0|   32|          0|
    |distance_w49_reg_3982             |  32|   0|   32|          0|
    |distance_w52_reg_3997             |  32|   0|   32|          0|
    |distance_w56_reg_3962             |  32|   0|   32|          0|
    |distance_w59_reg_4002             |  32|   0|   32|          0|
    |distance_w60_reg_3977             |  32|   0|   32|          0|
    |distance_w6_reg_3987              |  32|   0|   32|          0|
    |distance_w9_reg_3992              |  32|   0|   32|          0|
    |i_0_i_reg_1868                    |   2|   0|    2|          0|
    |i_reg_3416                        |   2|   0|    2|          0|
    |icmp_ln143_reg_3412               |   1|   0|    1|          0|
    |knownFeatures_load_214_reg_3902   |  64|   0|   64|          0|
    |knownFeatures_load_215_reg_3912   |  64|   0|   64|          0|
    |knownFeatures_load_251_reg_3907   |  64|   0|   64|          0|
    |knownFeatures_load_252_reg_3917   |  64|   0|   64|          0|
    |reg_1920                          |  64|   0|   64|          0|
    |reg_1925                          |  64|   0|   64|          0|
    |reg_1930                          |  64|   0|   64|          0|
    |reg_1935                          |  64|   0|   64|          0|
    |reg_1940                          |  64|   0|   64|          0|
    |reg_1945                          |  64|   0|   64|          0|
    |reg_1950                          |  64|   0|   64|          0|
    |reg_1955                          |  64|   0|   64|          0|
    |reg_1960                          |  64|   0|   64|          0|
    |reg_1965                          |  64|   0|   64|          0|
    |reg_1970                          |  64|   0|   64|          0|
    |reg_1975                          |  64|   0|   64|          0|
    |reg_1980                          |  64|   0|   64|          0|
    |reg_1985                          |  64|   0|   64|          0|
    |reg_1990                          |  32|   0|   32|          0|
    |reg_1998                          |  32|   0|   32|          0|
    |reg_2006                          |  32|   0|   32|          0|
    |reg_2012                          |  32|   0|   32|          0|
    |reg_2018                          |  32|   0|   32|          0|
    |reg_2026                          |  32|   0|   32|          0|
    |reg_2034                          |  32|   0|   32|          0|
    |reg_2040                          |  32|   0|   32|          0|
    |reg_2046                          |  32|   0|   32|          0|
    |reg_2051                          |  32|   0|   32|          0|
    |reg_2056                          |  32|   0|   32|          0|
    |reg_2062                          |  32|   0|   32|          0|
    |reg_2068                          |  32|   0|   32|          0|
    |reg_2076                          |  32|   0|   32|          0|
    |reg_2081                          |  32|   0|   32|          0|
    |reg_2087                          |  32|   0|   32|          0|
    |reg_2093                          |  32|   0|   32|          0|
    |reg_2098                          |  32|   0|   32|          0|
    |reg_2104                          |  32|   0|   32|          0|
    |reg_2109                          |  32|   0|   32|          0|
    |reg_2116                          |  32|   0|   32|          0|
    |reg_2124                          |  32|   0|   32|          0|
    |reg_2130                          |  32|   0|   32|          0|
    |reg_2136                          |  32|   0|   32|          0|
    |reg_2142                          |  32|   0|   32|          0|
    |reg_2148                          |  32|   0|   32|          0|
    |reg_2155                          |  32|   0|   32|          0|
    |reg_2162                          |  32|   0|   32|          0|
    |reg_2167                          |  32|   0|   32|          0|
    |reg_2173                          |  32|   0|   32|          0|
    |tmp_103_i_reg_3637                |  32|   0|   32|          0|
    |tmp_104_i_reg_3642                |  32|   0|   32|          0|
    |tmp_105_i_reg_3657                |  32|   0|   32|          0|
    |tmp_106_i_reg_3662                |  32|   0|   32|          0|
    |tmp_106_i_reg_3662_pp0_iter1_reg  |  32|   0|   32|          0|
    |tmp_107_i_reg_3677                |  32|   0|   32|          0|
    |tmp_107_i_reg_3677_pp0_iter1_reg  |  32|   0|   32|          0|
    |tmp_108_i_reg_3682                |  32|   0|   32|          0|
    |tmp_108_i_reg_3682_pp0_iter1_reg  |  32|   0|   32|          0|
    |tmp_109_i_reg_3697                |  32|   0|   32|          0|
    |tmp_109_i_reg_3697_pp0_iter1_reg  |  32|   0|   32|          0|
    |tmp_110_i_reg_3702                |  32|   0|   32|          0|
    |tmp_110_i_reg_3702_pp0_iter1_reg  |  32|   0|   32|          0|
    |tmp_111_i_reg_3717                |  32|   0|   32|          0|
    |tmp_111_i_reg_3717_pp0_iter1_reg  |  32|   0|   32|          0|
    |tmp_112_i_reg_3722                |  32|   0|   32|          0|
    |tmp_112_i_reg_3722_pp0_iter1_reg  |  32|   0|   32|          0|
    |tmp_113_i_reg_3737                |  32|   0|   32|          0|
    |tmp_114_i_reg_3742                |  32|   0|   32|          0|
    |tmp_115_i_reg_3757                |  32|   0|   32|          0|
    |tmp_116_i_reg_3762                |  32|   0|   32|          0|
    |tmp_117_i_reg_3777                |  32|   0|   32|          0|
    |tmp_118_i_reg_3782                |  32|   0|   32|          0|
    |tmp_119_i_reg_3797                |  32|   0|   32|          0|
    |tmp_120_i_reg_3802                |  32|   0|   32|          0|
    |tmp_121_i_reg_3927                |  32|   0|   32|          0|
    |tmp_122_i_reg_3932                |  32|   0|   32|          0|
    |tmp_123_i_reg_3937                |  32|   0|   32|          0|
    |tmp_124_i_reg_3942                |  32|   0|   32|          0|
    |tmp_125_i_reg_3952                |  32|   0|   32|          0|
    |tmp_126_i_reg_3957                |  32|   0|   32|          0|
    |tmp_127_i_reg_4007                |  32|   0|   32|          0|
    |tmp_76_i_reg_3857                 |  32|   0|   32|          0|
    |tmp_reg_3421                      |   2|   0|    8|          6|
    |xFeatures_0_read_reg_3092         |  64|   0|   64|          0|
    |xFeatures_10_read_reg_3142        |  64|   0|   64|          0|
    |xFeatures_11_read_reg_3147        |  64|   0|   64|          0|
    |xFeatures_12_read_reg_3152        |  64|   0|   64|          0|
    |xFeatures_13_read_reg_3157        |  64|   0|   64|          0|
    |xFeatures_14_read_reg_3162        |  64|   0|   64|          0|
    |xFeatures_15_read_reg_3167        |  64|   0|   64|          0|
    |xFeatures_16_read_reg_3172        |  64|   0|   64|          0|
    |xFeatures_17_read_reg_3177        |  64|   0|   64|          0|
    |xFeatures_18_read_reg_3182        |  64|   0|   64|          0|
    |xFeatures_19_read_reg_3187        |  64|   0|   64|          0|
    |xFeatures_1_read_reg_3097         |  64|   0|   64|          0|
    |xFeatures_20_read_reg_3192        |  64|   0|   64|          0|
    |xFeatures_21_read_reg_3197        |  64|   0|   64|          0|
    |xFeatures_22_read_reg_3202        |  64|   0|   64|          0|
    |xFeatures_23_read_reg_3207        |  64|   0|   64|          0|
    |xFeatures_24_read_reg_3212        |  64|   0|   64|          0|
    |xFeatures_25_read_reg_3217        |  64|   0|   64|          0|
    |xFeatures_26_read_reg_3222        |  64|   0|   64|          0|
    |xFeatures_27_read_reg_3227        |  64|   0|   64|          0|
    |xFeatures_28_read_reg_3232        |  64|   0|   64|          0|
    |xFeatures_29_read_reg_3237        |  64|   0|   64|          0|
    |xFeatures_2_read_reg_3102         |  64|   0|   64|          0|
    |xFeatures_30_read_reg_3242        |  64|   0|   64|          0|
    |xFeatures_31_read_reg_3247        |  64|   0|   64|          0|
    |xFeatures_32_read_reg_3252        |  64|   0|   64|          0|
    |xFeatures_33_read_reg_3257        |  64|   0|   64|          0|
    |xFeatures_34_read_reg_3262        |  64|   0|   64|          0|
    |xFeatures_35_read_reg_3267        |  64|   0|   64|          0|
    |xFeatures_36_read_reg_3272        |  64|   0|   64|          0|
    |xFeatures_37_read_reg_3277        |  64|   0|   64|          0|
    |xFeatures_38_read_reg_3282        |  64|   0|   64|          0|
    |xFeatures_39_read_reg_3287        |  64|   0|   64|          0|
    |xFeatures_3_read_reg_3107         |  64|   0|   64|          0|
    |xFeatures_40_read_reg_3292        |  64|   0|   64|          0|
    |xFeatures_41_read_reg_3297        |  64|   0|   64|          0|
    |xFeatures_42_read_reg_3302        |  64|   0|   64|          0|
    |xFeatures_43_read_reg_3307        |  64|   0|   64|          0|
    |xFeatures_44_read_reg_3312        |  64|   0|   64|          0|
    |xFeatures_45_read_reg_3317        |  64|   0|   64|          0|
    |xFeatures_46_read_reg_3322        |  64|   0|   64|          0|
    |xFeatures_47_read_reg_3327        |  64|   0|   64|          0|
    |xFeatures_48_read_reg_3332        |  64|   0|   64|          0|
    |xFeatures_49_read_reg_3337        |  64|   0|   64|          0|
    |xFeatures_4_read_reg_3112         |  64|   0|   64|          0|
    |xFeatures_50_read_reg_3342        |  64|   0|   64|          0|
    |xFeatures_51_read_reg_3347        |  64|   0|   64|          0|
    |xFeatures_52_read_reg_3352        |  64|   0|   64|          0|
    |xFeatures_53_read_reg_3357        |  64|   0|   64|          0|
    |xFeatures_54_read_reg_3362        |  64|   0|   64|          0|
    |xFeatures_55_read_reg_3367        |  64|   0|   64|          0|
    |xFeatures_56_read_reg_3372        |  64|   0|   64|          0|
    |xFeatures_57_read_reg_3377        |  64|   0|   64|          0|
    |xFeatures_58_read_reg_3382        |  64|   0|   64|          0|
    |xFeatures_59_read_reg_3387        |  64|   0|   64|          0|
    |xFeatures_5_read_reg_3117         |  64|   0|   64|          0|
    |xFeatures_60_read_reg_3392        |  64|   0|   64|          0|
    |xFeatures_61_read_reg_3397        |  64|   0|   64|          0|
    |xFeatures_62_read_reg_3402        |  64|   0|   64|          0|
    |xFeatures_63_read_reg_3407        |  64|   0|   64|          0|
    |xFeatures_6_read_reg_3122         |  64|   0|   64|          0|
    |xFeatures_7_read_reg_3127         |  64|   0|   64|          0|
    |xFeatures_8_read_reg_3132         |  64|   0|   64|          0|
    |xFeatures_9_read_reg_3137         |  64|   0|   64|          0|
    |distance_w49_reg_3982             |  64|  32|   32|          0|
    |i_0_i_reg_1868                    |  64|  32|    2|          0|
    |icmp_ln143_reg_3412               |  64|  32|    1|          0|
    |tmp_113_i_reg_3737                |  64|  32|   32|          0|
    |tmp_114_i_reg_3742                |  64|  32|   32|          0|
    |tmp_115_i_reg_3757                |  64|  32|   32|          0|
    |tmp_116_i_reg_3762                |  64|  32|   32|          0|
    |tmp_117_i_reg_3777                |  64|  32|   32|          0|
    |tmp_118_i_reg_3782                |  64|  32|   32|          0|
    |tmp_119_i_reg_3797                |  64|  32|   32|          0|
    |tmp_120_i_reg_3802                |  64|  32|   32|          0|
    |tmp_121_i_reg_3927                |  64|  32|   32|          0|
    |tmp_122_i_reg_3932                |  64|  32|   32|          0|
    |tmp_123_i_reg_3937                |  64|  32|   32|          0|
    |tmp_124_i_reg_3942                |  64|  32|   32|          0|
    |tmp_125_i_reg_3952                |  64|  32|   32|          0|
    |tmp_126_i_reg_3957                |  64|  32|   32|          0|
    +----------------------------------+----+----+-----+-----------+
    |Total                             |8754| 544| 8155|          6|
    +----------------------------------+----+----+-----+-----------+



================================================================
== Interface
================================================================
* Summary: 
+-------------------------+-----+-----+------------+----------------+--------------+
|        RTL Ports        | Dir | Bits|  Protocol  |  Source Object |    C Type    |
+-------------------------+-----+-----+------------+----------------+--------------+
|ap_clk                   |  in |    1| ap_ctrl_hs |   parallel_0   | return value |
|ap_rst                   |  in |    1| ap_ctrl_hs |   parallel_0   | return value |
|ap_start                 |  in |    1| ap_ctrl_hs |   parallel_0   | return value |
|ap_done                  | out |    1| ap_ctrl_hs |   parallel_0   | return value |
|ap_continue              |  in |    1| ap_ctrl_hs |   parallel_0   | return value |
|ap_idle                  | out |    1| ap_ctrl_hs |   parallel_0   | return value |
|ap_ready                 | out |    1| ap_ctrl_hs |   parallel_0   | return value |
|knownFeatures_address0   | out |    7|  ap_memory |  knownFeatures |     array    |
|knownFeatures_ce0        | out |    1|  ap_memory |  knownFeatures |     array    |
|knownFeatures_q0         |  in |   64|  ap_memory |  knownFeatures |     array    |
|knownFeatures_address1   | out |    7|  ap_memory |  knownFeatures |     array    |
|knownFeatures_ce1        | out |    1|  ap_memory |  knownFeatures |     array    |
|knownFeatures_q1         |  in |   64|  ap_memory |  knownFeatures |     array    |
|xFeatures_0_dout         |  in |   64|   ap_fifo  |   xFeatures_0  |    pointer   |
|xFeatures_0_empty_n      |  in |    1|   ap_fifo  |   xFeatures_0  |    pointer   |
|xFeatures_0_read         | out |    1|   ap_fifo  |   xFeatures_0  |    pointer   |
|xFeatures_1_dout         |  in |   64|   ap_fifo  |   xFeatures_1  |    pointer   |
|xFeatures_1_empty_n      |  in |    1|   ap_fifo  |   xFeatures_1  |    pointer   |
|xFeatures_1_read         | out |    1|   ap_fifo  |   xFeatures_1  |    pointer   |
|xFeatures_2_dout         |  in |   64|   ap_fifo  |   xFeatures_2  |    pointer   |
|xFeatures_2_empty_n      |  in |    1|   ap_fifo  |   xFeatures_2  |    pointer   |
|xFeatures_2_read         | out |    1|   ap_fifo  |   xFeatures_2  |    pointer   |
|xFeatures_3_dout         |  in |   64|   ap_fifo  |   xFeatures_3  |    pointer   |
|xFeatures_3_empty_n      |  in |    1|   ap_fifo  |   xFeatures_3  |    pointer   |
|xFeatures_3_read         | out |    1|   ap_fifo  |   xFeatures_3  |    pointer   |
|xFeatures_4_dout         |  in |   64|   ap_fifo  |   xFeatures_4  |    pointer   |
|xFeatures_4_empty_n      |  in |    1|   ap_fifo  |   xFeatures_4  |    pointer   |
|xFeatures_4_read         | out |    1|   ap_fifo  |   xFeatures_4  |    pointer   |
|xFeatures_5_dout         |  in |   64|   ap_fifo  |   xFeatures_5  |    pointer   |
|xFeatures_5_empty_n      |  in |    1|   ap_fifo  |   xFeatures_5  |    pointer   |
|xFeatures_5_read         | out |    1|   ap_fifo  |   xFeatures_5  |    pointer   |
|xFeatures_6_dout         |  in |   64|   ap_fifo  |   xFeatures_6  |    pointer   |
|xFeatures_6_empty_n      |  in |    1|   ap_fifo  |   xFeatures_6  |    pointer   |
|xFeatures_6_read         | out |    1|   ap_fifo  |   xFeatures_6  |    pointer   |
|xFeatures_7_dout         |  in |   64|   ap_fifo  |   xFeatures_7  |    pointer   |
|xFeatures_7_empty_n      |  in |    1|   ap_fifo  |   xFeatures_7  |    pointer   |
|xFeatures_7_read         | out |    1|   ap_fifo  |   xFeatures_7  |    pointer   |
|xFeatures_8_dout         |  in |   64|   ap_fifo  |   xFeatures_8  |    pointer   |
|xFeatures_8_empty_n      |  in |    1|   ap_fifo  |   xFeatures_8  |    pointer   |
|xFeatures_8_read         | out |    1|   ap_fifo  |   xFeatures_8  |    pointer   |
|xFeatures_9_dout         |  in |   64|   ap_fifo  |   xFeatures_9  |    pointer   |
|xFeatures_9_empty_n      |  in |    1|   ap_fifo  |   xFeatures_9  |    pointer   |
|xFeatures_9_read         | out |    1|   ap_fifo  |   xFeatures_9  |    pointer   |
|xFeatures_10_dout        |  in |   64|   ap_fifo  |  xFeatures_10  |    pointer   |
|xFeatures_10_empty_n     |  in |    1|   ap_fifo  |  xFeatures_10  |    pointer   |
|xFeatures_10_read        | out |    1|   ap_fifo  |  xFeatures_10  |    pointer   |
|xFeatures_11_dout        |  in |   64|   ap_fifo  |  xFeatures_11  |    pointer   |
|xFeatures_11_empty_n     |  in |    1|   ap_fifo  |  xFeatures_11  |    pointer   |
|xFeatures_11_read        | out |    1|   ap_fifo  |  xFeatures_11  |    pointer   |
|xFeatures_12_dout        |  in |   64|   ap_fifo  |  xFeatures_12  |    pointer   |
|xFeatures_12_empty_n     |  in |    1|   ap_fifo  |  xFeatures_12  |    pointer   |
|xFeatures_12_read        | out |    1|   ap_fifo  |  xFeatures_12  |    pointer   |
|xFeatures_13_dout        |  in |   64|   ap_fifo  |  xFeatures_13  |    pointer   |
|xFeatures_13_empty_n     |  in |    1|   ap_fifo  |  xFeatures_13  |    pointer   |
|xFeatures_13_read        | out |    1|   ap_fifo  |  xFeatures_13  |    pointer   |
|xFeatures_14_dout        |  in |   64|   ap_fifo  |  xFeatures_14  |    pointer   |
|xFeatures_14_empty_n     |  in |    1|   ap_fifo  |  xFeatures_14  |    pointer   |
|xFeatures_14_read        | out |    1|   ap_fifo  |  xFeatures_14  |    pointer   |
|xFeatures_15_dout        |  in |   64|   ap_fifo  |  xFeatures_15  |    pointer   |
|xFeatures_15_empty_n     |  in |    1|   ap_fifo  |  xFeatures_15  |    pointer   |
|xFeatures_15_read        | out |    1|   ap_fifo  |  xFeatures_15  |    pointer   |
|xFeatures_16_dout        |  in |   64|   ap_fifo  |  xFeatures_16  |    pointer   |
|xFeatures_16_empty_n     |  in |    1|   ap_fifo  |  xFeatures_16  |    pointer   |
|xFeatures_16_read        | out |    1|   ap_fifo  |  xFeatures_16  |    pointer   |
|xFeatures_17_dout        |  in |   64|   ap_fifo  |  xFeatures_17  |    pointer   |
|xFeatures_17_empty_n     |  in |    1|   ap_fifo  |  xFeatures_17  |    pointer   |
|xFeatures_17_read        | out |    1|   ap_fifo  |  xFeatures_17  |    pointer   |
|xFeatures_18_dout        |  in |   64|   ap_fifo  |  xFeatures_18  |    pointer   |
|xFeatures_18_empty_n     |  in |    1|   ap_fifo  |  xFeatures_18  |    pointer   |
|xFeatures_18_read        | out |    1|   ap_fifo  |  xFeatures_18  |    pointer   |
|xFeatures_19_dout        |  in |   64|   ap_fifo  |  xFeatures_19  |    pointer   |
|xFeatures_19_empty_n     |  in |    1|   ap_fifo  |  xFeatures_19  |    pointer   |
|xFeatures_19_read        | out |    1|   ap_fifo  |  xFeatures_19  |    pointer   |
|xFeatures_20_dout        |  in |   64|   ap_fifo  |  xFeatures_20  |    pointer   |
|xFeatures_20_empty_n     |  in |    1|   ap_fifo  |  xFeatures_20  |    pointer   |
|xFeatures_20_read        | out |    1|   ap_fifo  |  xFeatures_20  |    pointer   |
|xFeatures_21_dout        |  in |   64|   ap_fifo  |  xFeatures_21  |    pointer   |
|xFeatures_21_empty_n     |  in |    1|   ap_fifo  |  xFeatures_21  |    pointer   |
|xFeatures_21_read        | out |    1|   ap_fifo  |  xFeatures_21  |    pointer   |
|xFeatures_22_dout        |  in |   64|   ap_fifo  |  xFeatures_22  |    pointer   |
|xFeatures_22_empty_n     |  in |    1|   ap_fifo  |  xFeatures_22  |    pointer   |
|xFeatures_22_read        | out |    1|   ap_fifo  |  xFeatures_22  |    pointer   |
|xFeatures_23_dout        |  in |   64|   ap_fifo  |  xFeatures_23  |    pointer   |
|xFeatures_23_empty_n     |  in |    1|   ap_fifo  |  xFeatures_23  |    pointer   |
|xFeatures_23_read        | out |    1|   ap_fifo  |  xFeatures_23  |    pointer   |
|xFeatures_24_dout        |  in |   64|   ap_fifo  |  xFeatures_24  |    pointer   |
|xFeatures_24_empty_n     |  in |    1|   ap_fifo  |  xFeatures_24  |    pointer   |
|xFeatures_24_read        | out |    1|   ap_fifo  |  xFeatures_24  |    pointer   |
|xFeatures_25_dout        |  in |   64|   ap_fifo  |  xFeatures_25  |    pointer   |
|xFeatures_25_empty_n     |  in |    1|   ap_fifo  |  xFeatures_25  |    pointer   |
|xFeatures_25_read        | out |    1|   ap_fifo  |  xFeatures_25  |    pointer   |
|xFeatures_26_dout        |  in |   64|   ap_fifo  |  xFeatures_26  |    pointer   |
|xFeatures_26_empty_n     |  in |    1|   ap_fifo  |  xFeatures_26  |    pointer   |
|xFeatures_26_read        | out |    1|   ap_fifo  |  xFeatures_26  |    pointer   |
|xFeatures_27_dout        |  in |   64|   ap_fifo  |  xFeatures_27  |    pointer   |
|xFeatures_27_empty_n     |  in |    1|   ap_fifo  |  xFeatures_27  |    pointer   |
|xFeatures_27_read        | out |    1|   ap_fifo  |  xFeatures_27  |    pointer   |
|xFeatures_28_dout        |  in |   64|   ap_fifo  |  xFeatures_28  |    pointer   |
|xFeatures_28_empty_n     |  in |    1|   ap_fifo  |  xFeatures_28  |    pointer   |
|xFeatures_28_read        | out |    1|   ap_fifo  |  xFeatures_28  |    pointer   |
|xFeatures_29_dout        |  in |   64|   ap_fifo  |  xFeatures_29  |    pointer   |
|xFeatures_29_empty_n     |  in |    1|   ap_fifo  |  xFeatures_29  |    pointer   |
|xFeatures_29_read        | out |    1|   ap_fifo  |  xFeatures_29  |    pointer   |
|xFeatures_30_dout        |  in |   64|   ap_fifo  |  xFeatures_30  |    pointer   |
|xFeatures_30_empty_n     |  in |    1|   ap_fifo  |  xFeatures_30  |    pointer   |
|xFeatures_30_read        | out |    1|   ap_fifo  |  xFeatures_30  |    pointer   |
|xFeatures_31_dout        |  in |   64|   ap_fifo  |  xFeatures_31  |    pointer   |
|xFeatures_31_empty_n     |  in |    1|   ap_fifo  |  xFeatures_31  |    pointer   |
|xFeatures_31_read        | out |    1|   ap_fifo  |  xFeatures_31  |    pointer   |
|xFeatures_32_dout        |  in |   64|   ap_fifo  |  xFeatures_32  |    pointer   |
|xFeatures_32_empty_n     |  in |    1|   ap_fifo  |  xFeatures_32  |    pointer   |
|xFeatures_32_read        | out |    1|   ap_fifo  |  xFeatures_32  |    pointer   |
|xFeatures_33_dout        |  in |   64|   ap_fifo  |  xFeatures_33  |    pointer   |
|xFeatures_33_empty_n     |  in |    1|   ap_fifo  |  xFeatures_33  |    pointer   |
|xFeatures_33_read        | out |    1|   ap_fifo  |  xFeatures_33  |    pointer   |
|xFeatures_34_dout        |  in |   64|   ap_fifo  |  xFeatures_34  |    pointer   |
|xFeatures_34_empty_n     |  in |    1|   ap_fifo  |  xFeatures_34  |    pointer   |
|xFeatures_34_read        | out |    1|   ap_fifo  |  xFeatures_34  |    pointer   |
|xFeatures_35_dout        |  in |   64|   ap_fifo  |  xFeatures_35  |    pointer   |
|xFeatures_35_empty_n     |  in |    1|   ap_fifo  |  xFeatures_35  |    pointer   |
|xFeatures_35_read        | out |    1|   ap_fifo  |  xFeatures_35  |    pointer   |
|xFeatures_36_dout        |  in |   64|   ap_fifo  |  xFeatures_36  |    pointer   |
|xFeatures_36_empty_n     |  in |    1|   ap_fifo  |  xFeatures_36  |    pointer   |
|xFeatures_36_read        | out |    1|   ap_fifo  |  xFeatures_36  |    pointer   |
|xFeatures_37_dout        |  in |   64|   ap_fifo  |  xFeatures_37  |    pointer   |
|xFeatures_37_empty_n     |  in |    1|   ap_fifo  |  xFeatures_37  |    pointer   |
|xFeatures_37_read        | out |    1|   ap_fifo  |  xFeatures_37  |    pointer   |
|xFeatures_38_dout        |  in |   64|   ap_fifo  |  xFeatures_38  |    pointer   |
|xFeatures_38_empty_n     |  in |    1|   ap_fifo  |  xFeatures_38  |    pointer   |
|xFeatures_38_read        | out |    1|   ap_fifo  |  xFeatures_38  |    pointer   |
|xFeatures_39_dout        |  in |   64|   ap_fifo  |  xFeatures_39  |    pointer   |
|xFeatures_39_empty_n     |  in |    1|   ap_fifo  |  xFeatures_39  |    pointer   |
|xFeatures_39_read        | out |    1|   ap_fifo  |  xFeatures_39  |    pointer   |
|xFeatures_40_dout        |  in |   64|   ap_fifo  |  xFeatures_40  |    pointer   |
|xFeatures_40_empty_n     |  in |    1|   ap_fifo  |  xFeatures_40  |    pointer   |
|xFeatures_40_read        | out |    1|   ap_fifo  |  xFeatures_40  |    pointer   |
|xFeatures_41_dout        |  in |   64|   ap_fifo  |  xFeatures_41  |    pointer   |
|xFeatures_41_empty_n     |  in |    1|   ap_fifo  |  xFeatures_41  |    pointer   |
|xFeatures_41_read        | out |    1|   ap_fifo  |  xFeatures_41  |    pointer   |
|xFeatures_42_dout        |  in |   64|   ap_fifo  |  xFeatures_42  |    pointer   |
|xFeatures_42_empty_n     |  in |    1|   ap_fifo  |  xFeatures_42  |    pointer   |
|xFeatures_42_read        | out |    1|   ap_fifo  |  xFeatures_42  |    pointer   |
|xFeatures_43_dout        |  in |   64|   ap_fifo  |  xFeatures_43  |    pointer   |
|xFeatures_43_empty_n     |  in |    1|   ap_fifo  |  xFeatures_43  |    pointer   |
|xFeatures_43_read        | out |    1|   ap_fifo  |  xFeatures_43  |    pointer   |
|xFeatures_44_dout        |  in |   64|   ap_fifo  |  xFeatures_44  |    pointer   |
|xFeatures_44_empty_n     |  in |    1|   ap_fifo  |  xFeatures_44  |    pointer   |
|xFeatures_44_read        | out |    1|   ap_fifo  |  xFeatures_44  |    pointer   |
|xFeatures_45_dout        |  in |   64|   ap_fifo  |  xFeatures_45  |    pointer   |
|xFeatures_45_empty_n     |  in |    1|   ap_fifo  |  xFeatures_45  |    pointer   |
|xFeatures_45_read        | out |    1|   ap_fifo  |  xFeatures_45  |    pointer   |
|xFeatures_46_dout        |  in |   64|   ap_fifo  |  xFeatures_46  |    pointer   |
|xFeatures_46_empty_n     |  in |    1|   ap_fifo  |  xFeatures_46  |    pointer   |
|xFeatures_46_read        | out |    1|   ap_fifo  |  xFeatures_46  |    pointer   |
|xFeatures_47_dout        |  in |   64|   ap_fifo  |  xFeatures_47  |    pointer   |
|xFeatures_47_empty_n     |  in |    1|   ap_fifo  |  xFeatures_47  |    pointer   |
|xFeatures_47_read        | out |    1|   ap_fifo  |  xFeatures_47  |    pointer   |
|xFeatures_48_dout        |  in |   64|   ap_fifo  |  xFeatures_48  |    pointer   |
|xFeatures_48_empty_n     |  in |    1|   ap_fifo  |  xFeatures_48  |    pointer   |
|xFeatures_48_read        | out |    1|   ap_fifo  |  xFeatures_48  |    pointer   |
|xFeatures_49_dout        |  in |   64|   ap_fifo  |  xFeatures_49  |    pointer   |
|xFeatures_49_empty_n     |  in |    1|   ap_fifo  |  xFeatures_49  |    pointer   |
|xFeatures_49_read        | out |    1|   ap_fifo  |  xFeatures_49  |    pointer   |
|xFeatures_50_dout        |  in |   64|   ap_fifo  |  xFeatures_50  |    pointer   |
|xFeatures_50_empty_n     |  in |    1|   ap_fifo  |  xFeatures_50  |    pointer   |
|xFeatures_50_read        | out |    1|   ap_fifo  |  xFeatures_50  |    pointer   |
|xFeatures_51_dout        |  in |   64|   ap_fifo  |  xFeatures_51  |    pointer   |
|xFeatures_51_empty_n     |  in |    1|   ap_fifo  |  xFeatures_51  |    pointer   |
|xFeatures_51_read        | out |    1|   ap_fifo  |  xFeatures_51  |    pointer   |
|xFeatures_52_dout        |  in |   64|   ap_fifo  |  xFeatures_52  |    pointer   |
|xFeatures_52_empty_n     |  in |    1|   ap_fifo  |  xFeatures_52  |    pointer   |
|xFeatures_52_read        | out |    1|   ap_fifo  |  xFeatures_52  |    pointer   |
|xFeatures_53_dout        |  in |   64|   ap_fifo  |  xFeatures_53  |    pointer   |
|xFeatures_53_empty_n     |  in |    1|   ap_fifo  |  xFeatures_53  |    pointer   |
|xFeatures_53_read        | out |    1|   ap_fifo  |  xFeatures_53  |    pointer   |
|xFeatures_54_dout        |  in |   64|   ap_fifo  |  xFeatures_54  |    pointer   |
|xFeatures_54_empty_n     |  in |    1|   ap_fifo  |  xFeatures_54  |    pointer   |
|xFeatures_54_read        | out |    1|   ap_fifo  |  xFeatures_54  |    pointer   |
|xFeatures_55_dout        |  in |   64|   ap_fifo  |  xFeatures_55  |    pointer   |
|xFeatures_55_empty_n     |  in |    1|   ap_fifo  |  xFeatures_55  |    pointer   |
|xFeatures_55_read        | out |    1|   ap_fifo  |  xFeatures_55  |    pointer   |
|xFeatures_56_dout        |  in |   64|   ap_fifo  |  xFeatures_56  |    pointer   |
|xFeatures_56_empty_n     |  in |    1|   ap_fifo  |  xFeatures_56  |    pointer   |
|xFeatures_56_read        | out |    1|   ap_fifo  |  xFeatures_56  |    pointer   |
|xFeatures_57_dout        |  in |   64|   ap_fifo  |  xFeatures_57  |    pointer   |
|xFeatures_57_empty_n     |  in |    1|   ap_fifo  |  xFeatures_57  |    pointer   |
|xFeatures_57_read        | out |    1|   ap_fifo  |  xFeatures_57  |    pointer   |
|xFeatures_58_dout        |  in |   64|   ap_fifo  |  xFeatures_58  |    pointer   |
|xFeatures_58_empty_n     |  in |    1|   ap_fifo  |  xFeatures_58  |    pointer   |
|xFeatures_58_read        | out |    1|   ap_fifo  |  xFeatures_58  |    pointer   |
|xFeatures_59_dout        |  in |   64|   ap_fifo  |  xFeatures_59  |    pointer   |
|xFeatures_59_empty_n     |  in |    1|   ap_fifo  |  xFeatures_59  |    pointer   |
|xFeatures_59_read        | out |    1|   ap_fifo  |  xFeatures_59  |    pointer   |
|xFeatures_60_dout        |  in |   64|   ap_fifo  |  xFeatures_60  |    pointer   |
|xFeatures_60_empty_n     |  in |    1|   ap_fifo  |  xFeatures_60  |    pointer   |
|xFeatures_60_read        | out |    1|   ap_fifo  |  xFeatures_60  |    pointer   |
|xFeatures_61_dout        |  in |   64|   ap_fifo  |  xFeatures_61  |    pointer   |
|xFeatures_61_empty_n     |  in |    1|   ap_fifo  |  xFeatures_61  |    pointer   |
|xFeatures_61_read        | out |    1|   ap_fifo  |  xFeatures_61  |    pointer   |
|xFeatures_62_dout        |  in |   64|   ap_fifo  |  xFeatures_62  |    pointer   |
|xFeatures_62_empty_n     |  in |    1|   ap_fifo  |  xFeatures_62  |    pointer   |
|xFeatures_62_read        | out |    1|   ap_fifo  |  xFeatures_62  |    pointer   |
|xFeatures_63_dout        |  in |   64|   ap_fifo  |  xFeatures_63  |    pointer   |
|xFeatures_63_empty_n     |  in |    1|   ap_fifo  |  xFeatures_63  |    pointer   |
|xFeatures_63_read        | out |    1|   ap_fifo  |  xFeatures_63  |    pointer   |
|distance_array_address0  | out |    1|  ap_memory | distance_array |     array    |
|distance_array_ce0       | out |    1|  ap_memory | distance_array |     array    |
|distance_array_we0       | out |    1|  ap_memory | distance_array |     array    |
|distance_array_d0        | out |   64|  ap_memory | distance_array |     array    |
+-------------------------+-----+-----+------------+----------------+--------------+

