

================================================================
== Vivado HLS Report for 'parallel_023'
================================================================
* Date:           Sat Aug 22 15:17:51 2020

* Version:        2019.2 (Build 2704478 on Wed Nov 06 22:10:23 MST 2019)
* Project:        knn
* Solution:       solution1
* Product family: zynq
* Target device:  xc7z020-clg484-1


================================================================
== Performance Estimates
================================================================
+ Timing: 
    * Summary: 
    +--------+----------+----------+------------+
    |  Clock |  Target  | Estimated| Uncertainty|
    +--------+----------+----------+------------+
    |ap_clk  | 10.00 ns | 9.348 ns |   1.25 ns  |
    +--------+----------+----------+------------+

+ Latency: 
    * Summary: 
    +---------+---------+----------+----------+-----+-----+---------+
    |  Latency (cycles) |  Latency (absolute) |  Interval | Pipeline|
    |   min   |   max   |    min   |    max   | min | max |   Type  |
    +---------+---------+----------+----------+-----+-----+---------+
    |      264|      264| 2.640 us | 2.640 us |  264|  264|   none  |
    +---------+---------+----------+----------+-----+-----+---------+

    + Detail: 
        * Instance: 
        N/A

        * Loop: 
        +----------+---------+---------+----------+-----------+-----------+------+----------+
        |          |  Latency (cycles) | Iteration|  Initiation Interval  | Trip |          |
        | Loop Name|   min   |   max   |  Latency |  achieved |   target  | Count| Pipelined|
        +----------+---------+---------+----------+-----------+-----------+------+----------+
        |- Loop 1  |      262|      262|       231|         32|          1|     2|    yes   |
        +----------+---------+---------+----------+-----------+-----------+------+----------+



================================================================
== Utilization Estimates
================================================================
* Summary: 
+-----------------+---------+-------+--------+-------+-----+
|       Name      | BRAM_18K| DSP48E|   FF   |  LUT  | URAM|
+-----------------+---------+-------+--------+-------+-----+
|DSP              |        -|      -|       -|      -|    -|
|Expression       |        -|      -|       0|    527|    -|
|FIFO             |        -|      -|       -|      -|    -|
|Instance         |        -|     16|    2347|   5027|    -|
|Memory           |        -|      -|       -|      -|    -|
|Multiplexer      |        -|      -|       -|   2021|    -|
|Register         |        0|      -|    8754|    544|    -|
+-----------------+---------+-------+--------+-------+-----+
|Total            |        0|     16|   11101|   8119|    0|
+-----------------+---------+-------+--------+-------+-----+
|Available        |      280|    220|  106400|  53200|    0|
+-----------------+---------+-------+--------+-------+-----+
|Utilization (%)  |        0|      7|      10|     15|    0|
+-----------------+---------+-------+--------+-------+-----+

+ Detail: 
    * Instance: 
    +---------------------------+----------------------+---------+-------+-----+------+-----+
    |          Instance         |        Module        | BRAM_18K| DSP48E|  FF |  LUT | URAM|
    +---------------------------+----------------------+---------+-------+-----+------+-----+
    |knn_8p64f_4parallbkb_U479  |knn_8p64f_4parallbkb  |        0|      2|  205|   390|    0|
    |knn_8p64f_4parallbkb_U480  |knn_8p64f_4parallbkb  |        0|      2|  205|   390|    0|
    |knn_8p64f_4parallcud_U481  |knn_8p64f_4parallcud  |        0|      3|  143|   321|    0|
    |knn_8p64f_4parallcud_U482  |knn_8p64f_4parallcud  |        0|      3|  143|   321|    0|
    |knn_8p64f_4paralldEe_U483  |knn_8p64f_4paralldEe  |        0|      0|  128|   277|    0|
    |knn_8p64f_4paralldEe_U484  |knn_8p64f_4paralldEe  |        0|      0|  128|   277|    0|
    |knn_8p64f_4paralleOg_U485  |knn_8p64f_4paralleOg  |        0|      0|  100|   138|    0|
    |knn_8p64f_4parallfYi_U486  |knn_8p64f_4parallfYi  |        0|      0|  405|   615|    0|
    |knn_8p64f_4parallg8j_U487  |knn_8p64f_4parallg8j  |        0|      3|  445|  1149|    0|
    |knn_8p64f_4parallg8j_U488  |knn_8p64f_4parallg8j  |        0|      3|  445|  1149|    0|
    +---------------------------+----------------------+---------+-------+-----+------+-----+
    |Total                      |                      |        0|     16| 2347|  5027|    0|
    +---------------------------+----------------------+---------+-------+-----+------+-----+

    * DSP48E: 
    N/A

    * Memory: 
    N/A

    * FIFO: 
    N/A

    * Expression: 
    +-----------------------+----------+-------+---+----+------------+------------+
    |     Variable Name     | Operation| DSP48E| FF| LUT| Bitwidth P0| Bitwidth P1|
    +-----------------------+----------+-------+---+----+------------+------------+
    |i_fu_2185_p2           |     +    |      0|  0|  10|           2|           1|
    |icmp_ln143_fu_2179_p2  |   icmp   |      0|  0|   9|           2|           3|
    |ap_block_state1        |    or    |      0|  0|   2|           1|           1|
    |or_ln148_fu_2204_p2    |    or    |      0|  0|   8|           8|           1|
    |or_ln149_fu_2219_p2    |    or    |      0|  0|   8|           8|           2|
    |or_ln150_fu_2233_p2    |    or    |      0|  0|   8|           8|           2|
    |or_ln151_fu_2247_p2    |    or    |      0|  0|   8|           8|           3|
    |or_ln152_fu_2261_p2    |    or    |      0|  0|   8|           8|           3|
    |or_ln153_fu_2275_p2    |    or    |      0|  0|   8|           8|           3|
    |or_ln154_fu_2289_p2    |    or    |      0|  0|   8|           8|           3|
    |or_ln155_fu_2303_p2    |    or    |      0|  0|   8|           8|           4|
    |or_ln156_fu_2317_p2    |    or    |      0|  0|   8|           8|           4|
    |or_ln157_fu_2331_p2    |    or    |      0|  0|   8|           8|           4|
    |or_ln158_fu_2345_p2    |    or    |      0|  0|   8|           8|           4|
    |or_ln159_fu_2359_p2    |    or    |      0|  0|   8|           8|           4|
    |or_ln160_fu_2373_p2    |    or    |      0|  0|   8|           8|           4|
    |or_ln161_fu_2387_p2    |    or    |      0|  0|   8|           8|           4|
    |or_ln162_fu_2401_p2    |    or    |      0|  0|   8|           8|           4|
    |or_ln163_fu_2415_p2    |    or    |      0|  0|   8|           8|           5|
    |or_ln164_fu_2429_p2    |    or    |      0|  0|   8|           8|           5|
    |or_ln165_fu_2443_p2    |    or    |      0|  0|   8|           8|           5|
    |or_ln166_fu_2457_p2    |    or    |      0|  0|   8|           8|           5|
    |or_ln167_fu_2471_p2    |    or    |      0|  0|   8|           8|           5|
    |or_ln168_fu_2485_p2    |    or    |      0|  0|   8|           8|           5|
    |or_ln169_fu_2947_p2    |    or    |      0|  0|   8|           8|           5|
    |or_ln170_fu_2961_p2    |    or    |      0|  0|   8|           8|           5|
    |or_ln171_fu_2975_p2    |    or    |      0|  0|   8|           8|           5|
    |or_ln172_fu_3031_p2    |    or    |      0|  0|   8|           8|           5|
    |or_ln173_fu_3059_p2    |    or    |      0|  0|   8|           8|           5|
    |or_ln174_fu_2499_p2    |    or    |      0|  0|   8|           8|           5|
    |or_ln175_fu_2513_p2    |    or    |      0|  0|   8|           8|           5|
    |or_ln176_fu_2527_p2    |    or    |      0|  0|   8|           8|           5|
    |or_ln177_fu_2541_p2    |    or    |      0|  0|   8|           8|           5|
    |or_ln178_fu_2555_p2    |    or    |      0|  0|   8|           8|           5|
    |or_ln179_fu_2569_p2    |    or    |      0|  0|   8|           8|           6|
    |or_ln180_fu_2583_p2    |    or    |      0|  0|   8|           8|           6|
    |or_ln181_fu_2597_p2    |    or    |      0|  0|   8|           8|           6|
    |or_ln182_fu_2611_p2    |    or    |      0|  0|   8|           8|           6|
    |or_ln183_fu_2625_p2    |    or    |      0|  0|   8|           8|           6|
    |or_ln184_fu_2639_p2    |    or    |      0|  0|   8|           8|           6|
    |or_ln185_fu_2653_p2    |    or    |      0|  0|   8|           8|           6|
    |or_ln186_fu_2667_p2    |    or    |      0|  0|   8|           8|           6|
    |or_ln187_fu_2681_p2    |    or    |      0|  0|   8|           8|           6|
    |or_ln188_fu_2695_p2    |    or    |      0|  0|   8|           8|           6|
    |or_ln189_fu_2709_p2    |    or    |      0|  0|   8|           8|           6|
    |or_ln190_fu_2723_p2    |    or    |      0|  0|   8|           8|           6|
    |or_ln191_fu_2737_p2    |    or    |      0|  0|   8|           8|           6|
    |or_ln192_fu_2751_p2    |    or    |      0|  0|   8|           8|           6|
    |or_ln193_fu_2765_p2    |    or    |      0|  0|   8|           8|           6|
    |or_ln194_fu_2779_p2    |    or    |      0|  0|   8|           8|           6|
    |or_ln195_fu_2793_p2    |    or    |      0|  0|   8|           8|           6|
    |or_ln196_fu_2807_p2    |    or    |      0|  0|   8|           8|           6|
    |or_ln197_fu_2821_p2    |    or    |      0|  0|   8|           8|           6|
    |or_ln198_fu_2835_p2    |    or    |      0|  0|   8|           8|           6|
    |or_ln199_fu_2849_p2    |    or    |      0|  0|   8|           8|           6|
    |or_ln200_fu_2863_p2    |    or    |      0|  0|   8|           8|           6|
    |or_ln201_fu_2877_p2    |    or    |      0|  0|   8|           8|           6|
    |or_ln202_fu_2891_p2    |    or    |      0|  0|   8|           8|           6|
    |or_ln203_fu_2905_p2    |    or    |      0|  0|   8|           8|           6|
    |or_ln204_fu_2919_p2    |    or    |      0|  0|   8|           8|           6|
    |or_ln205_fu_2933_p2    |    or    |      0|  0|   8|           8|           6|
    |or_ln206_fu_2989_p2    |    or    |      0|  0|   8|           8|           6|
    |or_ln207_fu_3003_p2    |    or    |      0|  0|   8|           8|           6|
    |or_ln208_fu_3017_p2    |    or    |      0|  0|   8|           8|           6|
    |or_ln209_fu_3045_p2    |    or    |      0|  0|   8|           8|           6|
    |or_ln210_fu_3073_p2    |    or    |      0|  0|   8|           8|           6|
    |ap_enable_pp0          |    xor   |      0|  0|   2|           1|           2|
    +-----------------------+----------+-------+---+----+------------+------------+
    |Total                  |          |      0|  0| 527|         510|         328|
    +-----------------------+----------+-------+---+----+------------+------------+

    * Multiplexer: 
    +---------------------------------+-----+-----------+-----+-----------+
    |               Name              | LUT | Input Size| Bits| Total Bits|
    +---------------------------------+-----+-----------+-----+-----------+
    |ap_NS_fsm                        |  157|         35|    1|         35|
    |ap_done                          |    9|          2|    1|          2|
    |ap_enable_reg_pp0_iter7          |    9|          2|    1|          2|
    |ap_phi_mux_i_0_i_phi_fu_1872_p4  |    9|          2|    2|          4|
    |grp_fu_1880_p0                   |   65|         16|   32|        512|
    |grp_fu_1880_p1                   |  101|         21|   32|        672|
    |grp_fu_1885_p0                   |   85|         17|   32|        544|
    |grp_fu_1885_p1                   |  141|         31|   32|        992|
    |grp_fu_1889_p0                   |   38|          7|   32|        224|
    |grp_fu_1889_p1                   |   38|          7|   32|        224|
    |grp_fu_1893_p0                   |   38|          7|   32|        224|
    |grp_fu_1893_p1                   |   38|          7|   32|        224|
    |grp_fu_1897_p0                   |   15|          3|   64|        192|
    |grp_fu_1900_p0                   |   15|          3|   64|        192|
    |grp_fu_1912_p0                   |  149|         33|   64|       2112|
    |grp_fu_1912_p1                   |   41|          8|   64|        512|
    |grp_fu_1916_p0                   |  149|         33|   64|       2112|
    |grp_fu_1916_p1                   |   41|          8|   64|        512|
    |i_0_i_reg_1868                   |    9|          2|    2|          4|
    |knownFeatures_address0           |  149|         33|    7|        231|
    |knownFeatures_address1           |  149|         33|    7|        231|
    |xFeatures10_blk_n                |    9|          2|    1|          2|
    |xFeatures11_blk_n                |    9|          2|    1|          2|
    |xFeatures12_blk_n                |    9|          2|    1|          2|
    |xFeatures13_blk_n                |    9|          2|    1|          2|
    |xFeatures14_blk_n                |    9|          2|    1|          2|
    |xFeatures15_blk_n                |    9|          2|    1|          2|
    |xFeatures16_blk_n                |    9|          2|    1|          2|
    |xFeatures17_blk_n                |    9|          2|    1|          2|
    |xFeatures18_blk_n                |    9|          2|    1|          2|
    |xFeatures19_blk_n                |    9|          2|    1|          2|
    |xFeatures1_blk_n                 |    9|          2|    1|          2|
    |xFeatures20_blk_n                |    9|          2|    1|          2|
    |xFeatures21_blk_n                |    9|          2|    1|          2|
    |xFeatures22_blk_n                |    9|          2|    1|          2|
    |xFeatures23_blk_n                |    9|          2|    1|          2|
    |xFeatures24_blk_n                |    9|          2|    1|          2|
    |xFeatures25_blk_n                |    9|          2|    1|          2|
    |xFeatures26_blk_n                |    9|          2|    1|          2|
    |xFeatures27_blk_n                |    9|          2|    1|          2|
    |xFeatures28_blk_n                |    9|          2|    1|          2|
    |xFeatures29_blk_n                |    9|          2|    1|          2|
    |xFeatures2_blk_n                 |    9|          2|    1|          2|
    |xFeatures30_blk_n                |    9|          2|    1|          2|
    |xFeatures31_blk_n                |    9|          2|    1|          2|
    |xFeatures32_blk_n                |    9|          2|    1|          2|
    |xFeatures33_blk_n                |    9|          2|    1|          2|
    |xFeatures34_blk_n                |    9|          2|    1|          2|
    |xFeatures35_blk_n                |    9|          2|    1|          2|
    |xFeatures36_blk_n                |    9|          2|    1|          2|
    |xFeatures37_blk_n                |    9|          2|    1|          2|
    |xFeatures38_blk_n                |    9|          2|    1|          2|
    |xFeatures39_blk_n                |    9|          2|    1|          2|
    |xFeatures3_blk_n                 |    9|          2|    1|          2|
    |xFeatures40_blk_n                |    9|          2|    1|          2|
    |xFeatures41_blk_n                |    9|          2|    1|          2|
    |xFeatures42_blk_n                |    9|          2|    1|          2|
    |xFeatures43_blk_n                |    9|          2|    1|          2|
    |xFeatures44_blk_n                |    9|          2|    1|          2|
    |xFeatures45_blk_n                |    9|          2|    1|          2|
    |xFeatures46_blk_n                |    9|          2|    1|          2|
    |xFeatures47_blk_n                |    9|          2|    1|          2|
    |xFeatures48_blk_n                |    9|          2|    1|          2|
    |xFeatures49_blk_n                |    9|          2|    1|          2|
    |xFeatures4_blk_n                 |    9|          2|    1|          2|
    |xFeatures50_blk_n                |    9|          2|    1|          2|
    |xFeatures51_blk_n                |    9|          2|    1|          2|
    |xFeatures52_blk_n                |    9|          2|    1|          2|
    |xFeatures53_blk_n                |    9|          2|    1|          2|
    |xFeatures54_blk_n                |    9|          2|    1|          2|
    |xFeatures55_blk_n                |    9|          2|    1|          2|
    |xFeatures56_blk_n                |    9|          2|    1|          2|
    |xFeatures57_blk_n                |    9|          2|    1|          2|
    |xFeatures58_blk_n                |    9|          2|    1|          2|
    |xFeatures59_blk_n                |    9|          2|    1|          2|
    |xFeatures5_blk_n                 |    9|          2|    1|          2|
    |xFeatures60_blk_n                |    9|          2|    1|          2|
    |xFeatures61_blk_n                |    9|          2|    1|          2|
    |xFeatures62_blk_n                |    9|          2|    1|          2|
    |xFeatures63_blk_n                |    9|          2|    1|          2|
    |xFeatures6_blk_n                 |    9|          2|    1|          2|
    |xFeatures7_blk_n                 |    9|          2|    1|          2|
    |xFeatures8_blk_n                 |    9|          2|    1|          2|
    |xFeatures9_blk_n                 |    9|          2|    1|          2|
    |xFeatures_blk_n                  |    9|          2|    1|          2|
    +---------------------------------+-----+-----------+-----+-----------+
    |Total                            | 2021|        438|  725|       9885|
    +---------------------------------+-----+-----------+-----+-----------+

    * Register: 
    +----------------------------------+----+----+-----+-----------+
    |               Name               | FF | LUT| Bits| Const Bits|
    +----------------------------------+----+----+-----+-----------+
    |ap_CS_fsm                         |  34|   0|   34|          0|
    |ap_done_reg                       |   1|   0|    1|          0|
    |ap_enable_reg_pp0_iter0           |   1|   0|    1|          0|
    |ap_enable_reg_pp0_iter1           |   1|   0|    1|          0|
    |ap_enable_reg_pp0_iter2           |   1|   0|    1|          0|
    |ap_enable_reg_pp0_iter3           |   1|   0|    1|          0|
    |ap_enable_reg_pp0_iter4           |   1|   0|    1|          0|
    |ap_enable_reg_pp0_iter5           |   1|   0|    1|          0|
    |ap_enable_reg_pp0_iter6           |   1|   0|    1|          0|
    |ap_enable_reg_pp0_iter7           |   1|   0|    1|          0|
    |distance_w20_reg_3967             |  32|   0|   32|          0|
    |distance_w27_reg_3922             |  32|   0|   32|          0|
    |distance_w34_reg_3972             |  32|   0|   32|          0|
    |distance_w3_reg_3947              |  32|   0|   32|          0|
    |distance_w49_reg_3982             |  32|   0|   32|          0|
    |distance_w52_reg_3997             |  32|   0|   32|          0|
    |distance_w56_reg_3962             |  32|   0|   32|          0|
    |distance_w59_reg_4002             |  32|   0|   32|          0|
    |distance_w60_reg_3977             |  32|   0|   32|          0|
    |distance_w6_reg_3987              |  32|   0|   32|          0|
    |distance_w9_reg_3992              |  32|   0|   32|          0|
    |i_0_i_reg_1868                    |   2|   0|    2|          0|
    |i_reg_3416                        |   2|   0|    2|          0|
    |icmp_ln143_reg_3412               |   1|   0|    1|          0|
    |knownFeatures_load_25_reg_3902    |  64|   0|   64|          0|
    |knownFeatures_load_26_reg_3912    |  64|   0|   64|          0|
    |knownFeatures_load_62_reg_3907    |  64|   0|   64|          0|
    |knownFeatures_load_63_reg_3917    |  64|   0|   64|          0|
    |reg_1920                          |  64|   0|   64|          0|
    |reg_1925                          |  64|   0|   64|          0|
    |reg_1930                          |  64|   0|   64|          0|
    |reg_1935                          |  64|   0|   64|          0|
    |reg_1940                          |  64|   0|   64|          0|
    |reg_1945                          |  64|   0|   64|          0|
    |reg_1950                          |  64|   0|   64|          0|
    |reg_1955                          |  64|   0|   64|          0|
    |reg_1960                          |  64|   0|   64|          0|
    |reg_1965                          |  64|   0|   64|          0|
    |reg_1970                          |  64|   0|   64|          0|
    |reg_1975                          |  64|   0|   64|          0|
    |reg_1980                          |  64|   0|   64|          0|
    |reg_1985                          |  64|   0|   64|          0|
    |reg_1990                          |  32|   0|   32|          0|
    |reg_1998                          |  32|   0|   32|          0|
    |reg_2006                          |  32|   0|   32|          0|
    |reg_2012                          |  32|   0|   32|          0|
    |reg_2018                          |  32|   0|   32|          0|
    |reg_2026                          |  32|   0|   32|          0|
    |reg_2034                          |  32|   0|   32|          0|
    |reg_2040                          |  32|   0|   32|          0|
    |reg_2046                          |  32|   0|   32|          0|
    |reg_2051                          |  32|   0|   32|          0|
    |reg_2056                          |  32|   0|   32|          0|
    |reg_2062                          |  32|   0|   32|          0|
    |reg_2068                          |  32|   0|   32|          0|
    |reg_2076                          |  32|   0|   32|          0|
    |reg_2081                          |  32|   0|   32|          0|
    |reg_2087                          |  32|   0|   32|          0|
    |reg_2093                          |  32|   0|   32|          0|
    |reg_2098                          |  32|   0|   32|          0|
    |reg_2104                          |  32|   0|   32|          0|
    |reg_2109                          |  32|   0|   32|          0|
    |reg_2116                          |  32|   0|   32|          0|
    |reg_2124                          |  32|   0|   32|          0|
    |reg_2130                          |  32|   0|   32|          0|
    |reg_2136                          |  32|   0|   32|          0|
    |reg_2142                          |  32|   0|   32|          0|
    |reg_2148                          |  32|   0|   32|          0|
    |reg_2155                          |  32|   0|   32|          0|
    |reg_2162                          |  32|   0|   32|          0|
    |reg_2167                          |  32|   0|   32|          0|
    |reg_2173                          |  32|   0|   32|          0|
    |tmp_103_i_reg_3637                |  32|   0|   32|          0|
    |tmp_104_i_reg_3642                |  32|   0|   32|          0|
    |tmp_105_i_reg_3657                |  32|   0|   32|          0|
    |tmp_106_i_reg_3662                |  32|   0|   32|          0|
    |tmp_106_i_reg_3662_pp0_iter1_reg  |  32|   0|   32|          0|
    |tmp_107_i_reg_3677                |  32|   0|   32|          0|
    |tmp_107_i_reg_3677_pp0_iter1_reg  |  32|   0|   32|          0|
    |tmp_108_i_reg_3682                |  32|   0|   32|          0|
    |tmp_108_i_reg_3682_pp0_iter1_reg  |  32|   0|   32|          0|
    |tmp_109_i_reg_3697                |  32|   0|   32|          0|
    |tmp_109_i_reg_3697_pp0_iter1_reg  |  32|   0|   32|          0|
    |tmp_110_i_reg_3702                |  32|   0|   32|          0|
    |tmp_110_i_reg_3702_pp0_iter1_reg  |  32|   0|   32|          0|
    |tmp_111_i_reg_3717                |  32|   0|   32|          0|
    |tmp_111_i_reg_3717_pp0_iter1_reg  |  32|   0|   32|          0|
    |tmp_112_i_reg_3722                |  32|   0|   32|          0|
    |tmp_112_i_reg_3722_pp0_iter1_reg  |  32|   0|   32|          0|
    |tmp_113_i_reg_3737                |  32|   0|   32|          0|
    |tmp_114_i_reg_3742                |  32|   0|   32|          0|
    |tmp_115_i_reg_3757                |  32|   0|   32|          0|
    |tmp_116_i_reg_3762                |  32|   0|   32|          0|
    |tmp_117_i_reg_3777                |  32|   0|   32|          0|
    |tmp_118_i_reg_3782                |  32|   0|   32|          0|
    |tmp_119_i_reg_3797                |  32|   0|   32|          0|
    |tmp_120_i_reg_3802                |  32|   0|   32|          0|
    |tmp_121_i_reg_3927                |  32|   0|   32|          0|
    |tmp_122_i_reg_3932                |  32|   0|   32|          0|
    |tmp_123_i_reg_3937                |  32|   0|   32|          0|
    |tmp_124_i_reg_3942                |  32|   0|   32|          0|
    |tmp_125_i_reg_3952                |  32|   0|   32|          0|
    |tmp_126_i_reg_3957                |  32|   0|   32|          0|
    |tmp_127_i_reg_4007                |  32|   0|   32|          0|
    |tmp_76_i_reg_3857                 |  32|   0|   32|          0|
    |tmp_reg_3421                      |   2|   0|    8|          6|
    |xFeatures10_read_reg_3142         |  64|   0|   64|          0|
    |xFeatures11_read_reg_3147         |  64|   0|   64|          0|
    |xFeatures12_read_reg_3152         |  64|   0|   64|          0|
    |xFeatures13_read_reg_3157         |  64|   0|   64|          0|
    |xFeatures14_read_reg_3162         |  64|   0|   64|          0|
    |xFeatures15_read_reg_3167         |  64|   0|   64|          0|
    |xFeatures16_read_reg_3172         |  64|   0|   64|          0|
    |xFeatures17_read_reg_3177         |  64|   0|   64|          0|
    |xFeatures18_read_reg_3182         |  64|   0|   64|          0|
    |xFeatures19_read_reg_3187         |  64|   0|   64|          0|
    |xFeatures1_read_reg_3097          |  64|   0|   64|          0|
    |xFeatures20_read_reg_3192         |  64|   0|   64|          0|
    |xFeatures21_read_reg_3197         |  64|   0|   64|          0|
    |xFeatures22_read_reg_3202         |  64|   0|   64|          0|
    |xFeatures23_read_reg_3207         |  64|   0|   64|          0|
    |xFeatures24_read_reg_3212         |  64|   0|   64|          0|
    |xFeatures25_read_reg_3217         |  64|   0|   64|          0|
    |xFeatures26_read_reg_3222         |  64|   0|   64|          0|
    |xFeatures27_read_reg_3227         |  64|   0|   64|          0|
    |xFeatures28_read_reg_3232         |  64|   0|   64|          0|
    |xFeatures29_read_reg_3237         |  64|   0|   64|          0|
    |xFeatures2_read_reg_3102          |  64|   0|   64|          0|
    |xFeatures30_read_reg_3242         |  64|   0|   64|          0|
    |xFeatures31_read_reg_3247         |  64|   0|   64|          0|
    |xFeatures32_read_reg_3252         |  64|   0|   64|          0|
    |xFeatures33_read_reg_3257         |  64|   0|   64|          0|
    |xFeatures34_read_reg_3262         |  64|   0|   64|          0|
    |xFeatures35_read_reg_3267         |  64|   0|   64|          0|
    |xFeatures36_read_reg_3272         |  64|   0|   64|          0|
    |xFeatures37_read_reg_3277         |  64|   0|   64|          0|
    |xFeatures38_read_reg_3282         |  64|   0|   64|          0|
    |xFeatures39_read_reg_3287         |  64|   0|   64|          0|
    |xFeatures3_read_reg_3107          |  64|   0|   64|          0|
    |xFeatures40_read_reg_3292         |  64|   0|   64|          0|
    |xFeatures41_read_reg_3297         |  64|   0|   64|          0|
    |xFeatures42_read_reg_3302         |  64|   0|   64|          0|
    |xFeatures43_read_reg_3307         |  64|   0|   64|          0|
    |xFeatures44_read_reg_3312         |  64|   0|   64|          0|
    |xFeatures45_read_reg_3317         |  64|   0|   64|          0|
    |xFeatures46_read_reg_3322         |  64|   0|   64|          0|
    |xFeatures47_read_reg_3327         |  64|   0|   64|          0|
    |xFeatures48_read_reg_3332         |  64|   0|   64|          0|
    |xFeatures49_read_reg_3337         |  64|   0|   64|          0|
    |xFeatures4_read_reg_3112          |  64|   0|   64|          0|
    |xFeatures50_read_reg_3342         |  64|   0|   64|          0|
    |xFeatures51_read_reg_3347         |  64|   0|   64|          0|
    |xFeatures52_read_reg_3352         |  64|   0|   64|          0|
    |xFeatures53_read_reg_3357         |  64|   0|   64|          0|
    |xFeatures54_read_reg_3362         |  64|   0|   64|          0|
    |xFeatures55_read_reg_3367         |  64|   0|   64|          0|
    |xFeatures56_read_reg_3372         |  64|   0|   64|          0|
    |xFeatures57_read_reg_3377         |  64|   0|   64|          0|
    |xFeatures58_read_reg_3382         |  64|   0|   64|          0|
    |xFeatures59_read_reg_3387         |  64|   0|   64|          0|
    |xFeatures5_read_reg_3117          |  64|   0|   64|          0|
    |xFeatures60_read_reg_3392         |  64|   0|   64|          0|
    |xFeatures61_read_reg_3397         |  64|   0|   64|          0|
    |xFeatures62_read_reg_3402         |  64|   0|   64|          0|
    |xFeatures63_read_reg_3407         |  64|   0|   64|          0|
    |xFeatures6_read_reg_3122          |  64|   0|   64|          0|
    |xFeatures7_read_reg_3127          |  64|   0|   64|          0|
    |xFeatures8_read_reg_3132          |  64|   0|   64|          0|
    |xFeatures9_read_reg_3137          |  64|   0|   64|          0|
    |xFeatures_read_reg_3092           |  64|   0|   64|          0|
    |distance_w49_reg_3982             |  64|  32|   32|          0|
    |i_0_i_reg_1868                    |  64|  32|    2|          0|
    |icmp_ln143_reg_3412               |  64|  32|    1|          0|
    |tmp_113_i_reg_3737                |  64|  32|   32|          0|
    |tmp_114_i_reg_3742                |  64|  32|   32|          0|
    |tmp_115_i_reg_3757                |  64|  32|   32|          0|
    |tmp_116_i_reg_3762                |  64|  32|   32|          0|
    |tmp_117_i_reg_3777                |  64|  32|   32|          0|
    |tmp_118_i_reg_3782                |  64|  32|   32|          0|
    |tmp_119_i_reg_3797                |  64|  32|   32|          0|
    |tmp_120_i_reg_3802                |  64|  32|   32|          0|
    |tmp_121_i_reg_3927                |  64|  32|   32|          0|
    |tmp_122_i_reg_3932                |  64|  32|   32|          0|
    |tmp_123_i_reg_3937                |  64|  32|   32|          0|
    |tmp_124_i_reg_3942                |  64|  32|   32|          0|
    |tmp_125_i_reg_3952                |  64|  32|   32|          0|
    |tmp_126_i_reg_3957                |  64|  32|   32|          0|
    +----------------------------------+----+----+-----+-----------+
    |Total                             |8754| 544| 8155|          6|
    +----------------------------------+----+----+-----+-----------+



================================================================
== Interface
================================================================
* Summary: 
+-------------------------+-----+-----+------------+----------------+--------------+
|        RTL Ports        | Dir | Bits|  Protocol  |  Source Object |    C Type    |
+-------------------------+-----+-----+------------+----------------+--------------+
|ap_clk                   |  in |    1| ap_ctrl_hs |  parallel_023  | return value |
|ap_rst                   |  in |    1| ap_ctrl_hs |  parallel_023  | return value |
|ap_start                 |  in |    1| ap_ctrl_hs |  parallel_023  | return value |
|ap_done                  | out |    1| ap_ctrl_hs |  parallel_023  | return value |
|ap_continue              |  in |    1| ap_ctrl_hs |  parallel_023  | return value |
|ap_idle                  | out |    1| ap_ctrl_hs |  parallel_023  | return value |
|ap_ready                 | out |    1| ap_ctrl_hs |  parallel_023  | return value |
|knownFeatures_address0   | out |    7|  ap_memory |  knownFeatures |     array    |
|knownFeatures_ce0        | out |    1|  ap_memory |  knownFeatures |     array    |
|knownFeatures_q0         |  in |   64|  ap_memory |  knownFeatures |     array    |
|knownFeatures_address1   | out |    7|  ap_memory |  knownFeatures |     array    |
|knownFeatures_ce1        | out |    1|  ap_memory |  knownFeatures |     array    |
|knownFeatures_q1         |  in |   64|  ap_memory |  knownFeatures |     array    |
|xFeatures_dout           |  in |   64|   ap_fifo  |    xFeatures   |    pointer   |
|xFeatures_empty_n        |  in |    1|   ap_fifo  |    xFeatures   |    pointer   |
|xFeatures_read           | out |    1|   ap_fifo  |    xFeatures   |    pointer   |
|xFeatures1_dout          |  in |   64|   ap_fifo  |   xFeatures1   |    pointer   |
|xFeatures1_empty_n       |  in |    1|   ap_fifo  |   xFeatures1   |    pointer   |
|xFeatures1_read          | out |    1|   ap_fifo  |   xFeatures1   |    pointer   |
|xFeatures2_dout          |  in |   64|   ap_fifo  |   xFeatures2   |    pointer   |
|xFeatures2_empty_n       |  in |    1|   ap_fifo  |   xFeatures2   |    pointer   |
|xFeatures2_read          | out |    1|   ap_fifo  |   xFeatures2   |    pointer   |
|xFeatures3_dout          |  in |   64|   ap_fifo  |   xFeatures3   |    pointer   |
|xFeatures3_empty_n       |  in |    1|   ap_fifo  |   xFeatures3   |    pointer   |
|xFeatures3_read          | out |    1|   ap_fifo  |   xFeatures3   |    pointer   |
|xFeatures4_dout          |  in |   64|   ap_fifo  |   xFeatures4   |    pointer   |
|xFeatures4_empty_n       |  in |    1|   ap_fifo  |   xFeatures4   |    pointer   |
|xFeatures4_read          | out |    1|   ap_fifo  |   xFeatures4   |    pointer   |
|xFeatures5_dout          |  in |   64|   ap_fifo  |   xFeatures5   |    pointer   |
|xFeatures5_empty_n       |  in |    1|   ap_fifo  |   xFeatures5   |    pointer   |
|xFeatures5_read          | out |    1|   ap_fifo  |   xFeatures5   |    pointer   |
|xFeatures6_dout          |  in |   64|   ap_fifo  |   xFeatures6   |    pointer   |
|xFeatures6_empty_n       |  in |    1|   ap_fifo  |   xFeatures6   |    pointer   |
|xFeatures6_read          | out |    1|   ap_fifo  |   xFeatures6   |    pointer   |
|xFeatures7_dout          |  in |   64|   ap_fifo  |   xFeatures7   |    pointer   |
|xFeatures7_empty_n       |  in |    1|   ap_fifo  |   xFeatures7   |    pointer   |
|xFeatures7_read          | out |    1|   ap_fifo  |   xFeatures7   |    pointer   |
|xFeatures8_dout          |  in |   64|   ap_fifo  |   xFeatures8   |    pointer   |
|xFeatures8_empty_n       |  in |    1|   ap_fifo  |   xFeatures8   |    pointer   |
|xFeatures8_read          | out |    1|   ap_fifo  |   xFeatures8   |    pointer   |
|xFeatures9_dout          |  in |   64|   ap_fifo  |   xFeatures9   |    pointer   |
|xFeatures9_empty_n       |  in |    1|   ap_fifo  |   xFeatures9   |    pointer   |
|xFeatures9_read          | out |    1|   ap_fifo  |   xFeatures9   |    pointer   |
|xFeatures10_dout         |  in |   64|   ap_fifo  |   xFeatures10  |    pointer   |
|xFeatures10_empty_n      |  in |    1|   ap_fifo  |   xFeatures10  |    pointer   |
|xFeatures10_read         | out |    1|   ap_fifo  |   xFeatures10  |    pointer   |
|xFeatures11_dout         |  in |   64|   ap_fifo  |   xFeatures11  |    pointer   |
|xFeatures11_empty_n      |  in |    1|   ap_fifo  |   xFeatures11  |    pointer   |
|xFeatures11_read         | out |    1|   ap_fifo  |   xFeatures11  |    pointer   |
|xFeatures12_dout         |  in |   64|   ap_fifo  |   xFeatures12  |    pointer   |
|xFeatures12_empty_n      |  in |    1|   ap_fifo  |   xFeatures12  |    pointer   |
|xFeatures12_read         | out |    1|   ap_fifo  |   xFeatures12  |    pointer   |
|xFeatures13_dout         |  in |   64|   ap_fifo  |   xFeatures13  |    pointer   |
|xFeatures13_empty_n      |  in |    1|   ap_fifo  |   xFeatures13  |    pointer   |
|xFeatures13_read         | out |    1|   ap_fifo  |   xFeatures13  |    pointer   |
|xFeatures14_dout         |  in |   64|   ap_fifo  |   xFeatures14  |    pointer   |
|xFeatures14_empty_n      |  in |    1|   ap_fifo  |   xFeatures14  |    pointer   |
|xFeatures14_read         | out |    1|   ap_fifo  |   xFeatures14  |    pointer   |
|xFeatures15_dout         |  in |   64|   ap_fifo  |   xFeatures15  |    pointer   |
|xFeatures15_empty_n      |  in |    1|   ap_fifo  |   xFeatures15  |    pointer   |
|xFeatures15_read         | out |    1|   ap_fifo  |   xFeatures15  |    pointer   |
|xFeatures16_dout         |  in |   64|   ap_fifo  |   xFeatures16  |    pointer   |
|xFeatures16_empty_n      |  in |    1|   ap_fifo  |   xFeatures16  |    pointer   |
|xFeatures16_read         | out |    1|   ap_fifo  |   xFeatures16  |    pointer   |
|xFeatures17_dout         |  in |   64|   ap_fifo  |   xFeatures17  |    pointer   |
|xFeatures17_empty_n      |  in |    1|   ap_fifo  |   xFeatures17  |    pointer   |
|xFeatures17_read         | out |    1|   ap_fifo  |   xFeatures17  |    pointer   |
|xFeatures18_dout         |  in |   64|   ap_fifo  |   xFeatures18  |    pointer   |
|xFeatures18_empty_n      |  in |    1|   ap_fifo  |   xFeatures18  |    pointer   |
|xFeatures18_read         | out |    1|   ap_fifo  |   xFeatures18  |    pointer   |
|xFeatures19_dout         |  in |   64|   ap_fifo  |   xFeatures19  |    pointer   |
|xFeatures19_empty_n      |  in |    1|   ap_fifo  |   xFeatures19  |    pointer   |
|xFeatures19_read         | out |    1|   ap_fifo  |   xFeatures19  |    pointer   |
|xFeatures20_dout         |  in |   64|   ap_fifo  |   xFeatures20  |    pointer   |
|xFeatures20_empty_n      |  in |    1|   ap_fifo  |   xFeatures20  |    pointer   |
|xFeatures20_read         | out |    1|   ap_fifo  |   xFeatures20  |    pointer   |
|xFeatures21_dout         |  in |   64|   ap_fifo  |   xFeatures21  |    pointer   |
|xFeatures21_empty_n      |  in |    1|   ap_fifo  |   xFeatures21  |    pointer   |
|xFeatures21_read         | out |    1|   ap_fifo  |   xFeatures21  |    pointer   |
|xFeatures22_dout         |  in |   64|   ap_fifo  |   xFeatures22  |    pointer   |
|xFeatures22_empty_n      |  in |    1|   ap_fifo  |   xFeatures22  |    pointer   |
|xFeatures22_read         | out |    1|   ap_fifo  |   xFeatures22  |    pointer   |
|xFeatures23_dout         |  in |   64|   ap_fifo  |   xFeatures23  |    pointer   |
|xFeatures23_empty_n      |  in |    1|   ap_fifo  |   xFeatures23  |    pointer   |
|xFeatures23_read         | out |    1|   ap_fifo  |   xFeatures23  |    pointer   |
|xFeatures24_dout         |  in |   64|   ap_fifo  |   xFeatures24  |    pointer   |
|xFeatures24_empty_n      |  in |    1|   ap_fifo  |   xFeatures24  |    pointer   |
|xFeatures24_read         | out |    1|   ap_fifo  |   xFeatures24  |    pointer   |
|xFeatures25_dout         |  in |   64|   ap_fifo  |   xFeatures25  |    pointer   |
|xFeatures25_empty_n      |  in |    1|   ap_fifo  |   xFeatures25  |    pointer   |
|xFeatures25_read         | out |    1|   ap_fifo  |   xFeatures25  |    pointer   |
|xFeatures26_dout         |  in |   64|   ap_fifo  |   xFeatures26  |    pointer   |
|xFeatures26_empty_n      |  in |    1|   ap_fifo  |   xFeatures26  |    pointer   |
|xFeatures26_read         | out |    1|   ap_fifo  |   xFeatures26  |    pointer   |
|xFeatures27_dout         |  in |   64|   ap_fifo  |   xFeatures27  |    pointer   |
|xFeatures27_empty_n      |  in |    1|   ap_fifo  |   xFeatures27  |    pointer   |
|xFeatures27_read         | out |    1|   ap_fifo  |   xFeatures27  |    pointer   |
|xFeatures28_dout         |  in |   64|   ap_fifo  |   xFeatures28  |    pointer   |
|xFeatures28_empty_n      |  in |    1|   ap_fifo  |   xFeatures28  |    pointer   |
|xFeatures28_read         | out |    1|   ap_fifo  |   xFeatures28  |    pointer   |
|xFeatures29_dout         |  in |   64|   ap_fifo  |   xFeatures29  |    pointer   |
|xFeatures29_empty_n      |  in |    1|   ap_fifo  |   xFeatures29  |    pointer   |
|xFeatures29_read         | out |    1|   ap_fifo  |   xFeatures29  |    pointer   |
|xFeatures30_dout         |  in |   64|   ap_fifo  |   xFeatures30  |    pointer   |
|xFeatures30_empty_n      |  in |    1|   ap_fifo  |   xFeatures30  |    pointer   |
|xFeatures30_read         | out |    1|   ap_fifo  |   xFeatures30  |    pointer   |
|xFeatures31_dout         |  in |   64|   ap_fifo  |   xFeatures31  |    pointer   |
|xFeatures31_empty_n      |  in |    1|   ap_fifo  |   xFeatures31  |    pointer   |
|xFeatures31_read         | out |    1|   ap_fifo  |   xFeatures31  |    pointer   |
|xFeatures32_dout         |  in |   64|   ap_fifo  |   xFeatures32  |    pointer   |
|xFeatures32_empty_n      |  in |    1|   ap_fifo  |   xFeatures32  |    pointer   |
|xFeatures32_read         | out |    1|   ap_fifo  |   xFeatures32  |    pointer   |
|xFeatures33_dout         |  in |   64|   ap_fifo  |   xFeatures33  |    pointer   |
|xFeatures33_empty_n      |  in |    1|   ap_fifo  |   xFeatures33  |    pointer   |
|xFeatures33_read         | out |    1|   ap_fifo  |   xFeatures33  |    pointer   |
|xFeatures34_dout         |  in |   64|   ap_fifo  |   xFeatures34  |    pointer   |
|xFeatures34_empty_n      |  in |    1|   ap_fifo  |   xFeatures34  |    pointer   |
|xFeatures34_read         | out |    1|   ap_fifo  |   xFeatures34  |    pointer   |
|xFeatures35_dout         |  in |   64|   ap_fifo  |   xFeatures35  |    pointer   |
|xFeatures35_empty_n      |  in |    1|   ap_fifo  |   xFeatures35  |    pointer   |
|xFeatures35_read         | out |    1|   ap_fifo  |   xFeatures35  |    pointer   |
|xFeatures36_dout         |  in |   64|   ap_fifo  |   xFeatures36  |    pointer   |
|xFeatures36_empty_n      |  in |    1|   ap_fifo  |   xFeatures36  |    pointer   |
|xFeatures36_read         | out |    1|   ap_fifo  |   xFeatures36  |    pointer   |
|xFeatures37_dout         |  in |   64|   ap_fifo  |   xFeatures37  |    pointer   |
|xFeatures37_empty_n      |  in |    1|   ap_fifo  |   xFeatures37  |    pointer   |
|xFeatures37_read         | out |    1|   ap_fifo  |   xFeatures37  |    pointer   |
|xFeatures38_dout         |  in |   64|   ap_fifo  |   xFeatures38  |    pointer   |
|xFeatures38_empty_n      |  in |    1|   ap_fifo  |   xFeatures38  |    pointer   |
|xFeatures38_read         | out |    1|   ap_fifo  |   xFeatures38  |    pointer   |
|xFeatures39_dout         |  in |   64|   ap_fifo  |   xFeatures39  |    pointer   |
|xFeatures39_empty_n      |  in |    1|   ap_fifo  |   xFeatures39  |    pointer   |
|xFeatures39_read         | out |    1|   ap_fifo  |   xFeatures39  |    pointer   |
|xFeatures40_dout         |  in |   64|   ap_fifo  |   xFeatures40  |    pointer   |
|xFeatures40_empty_n      |  in |    1|   ap_fifo  |   xFeatures40  |    pointer   |
|xFeatures40_read         | out |    1|   ap_fifo  |   xFeatures40  |    pointer   |
|xFeatures41_dout         |  in |   64|   ap_fifo  |   xFeatures41  |    pointer   |
|xFeatures41_empty_n      |  in |    1|   ap_fifo  |   xFeatures41  |    pointer   |
|xFeatures41_read         | out |    1|   ap_fifo  |   xFeatures41  |    pointer   |
|xFeatures42_dout         |  in |   64|   ap_fifo  |   xFeatures42  |    pointer   |
|xFeatures42_empty_n      |  in |    1|   ap_fifo  |   xFeatures42  |    pointer   |
|xFeatures42_read         | out |    1|   ap_fifo  |   xFeatures42  |    pointer   |
|xFeatures43_dout         |  in |   64|   ap_fifo  |   xFeatures43  |    pointer   |
|xFeatures43_empty_n      |  in |    1|   ap_fifo  |   xFeatures43  |    pointer   |
|xFeatures43_read         | out |    1|   ap_fifo  |   xFeatures43  |    pointer   |
|xFeatures44_dout         |  in |   64|   ap_fifo  |   xFeatures44  |    pointer   |
|xFeatures44_empty_n      |  in |    1|   ap_fifo  |   xFeatures44  |    pointer   |
|xFeatures44_read         | out |    1|   ap_fifo  |   xFeatures44  |    pointer   |
|xFeatures45_dout         |  in |   64|   ap_fifo  |   xFeatures45  |    pointer   |
|xFeatures45_empty_n      |  in |    1|   ap_fifo  |   xFeatures45  |    pointer   |
|xFeatures45_read         | out |    1|   ap_fifo  |   xFeatures45  |    pointer   |
|xFeatures46_dout         |  in |   64|   ap_fifo  |   xFeatures46  |    pointer   |
|xFeatures46_empty_n      |  in |    1|   ap_fifo  |   xFeatures46  |    pointer   |
|xFeatures46_read         | out |    1|   ap_fifo  |   xFeatures46  |    pointer   |
|xFeatures47_dout         |  in |   64|   ap_fifo  |   xFeatures47  |    pointer   |
|xFeatures47_empty_n      |  in |    1|   ap_fifo  |   xFeatures47  |    pointer   |
|xFeatures47_read         | out |    1|   ap_fifo  |   xFeatures47  |    pointer   |
|xFeatures48_dout         |  in |   64|   ap_fifo  |   xFeatures48  |    pointer   |
|xFeatures48_empty_n      |  in |    1|   ap_fifo  |   xFeatures48  |    pointer   |
|xFeatures48_read         | out |    1|   ap_fifo  |   xFeatures48  |    pointer   |
|xFeatures49_dout         |  in |   64|   ap_fifo  |   xFeatures49  |    pointer   |
|xFeatures49_empty_n      |  in |    1|   ap_fifo  |   xFeatures49  |    pointer   |
|xFeatures49_read         | out |    1|   ap_fifo  |   xFeatures49  |    pointer   |
|xFeatures50_dout         |  in |   64|   ap_fifo  |   xFeatures50  |    pointer   |
|xFeatures50_empty_n      |  in |    1|   ap_fifo  |   xFeatures50  |    pointer   |
|xFeatures50_read         | out |    1|   ap_fifo  |   xFeatures50  |    pointer   |
|xFeatures51_dout         |  in |   64|   ap_fifo  |   xFeatures51  |    pointer   |
|xFeatures51_empty_n      |  in |    1|   ap_fifo  |   xFeatures51  |    pointer   |
|xFeatures51_read         | out |    1|   ap_fifo  |   xFeatures51  |    pointer   |
|xFeatures52_dout         |  in |   64|   ap_fifo  |   xFeatures52  |    pointer   |
|xFeatures52_empty_n      |  in |    1|   ap_fifo  |   xFeatures52  |    pointer   |
|xFeatures52_read         | out |    1|   ap_fifo  |   xFeatures52  |    pointer   |
|xFeatures53_dout         |  in |   64|   ap_fifo  |   xFeatures53  |    pointer   |
|xFeatures53_empty_n      |  in |    1|   ap_fifo  |   xFeatures53  |    pointer   |
|xFeatures53_read         | out |    1|   ap_fifo  |   xFeatures53  |    pointer   |
|xFeatures54_dout         |  in |   64|   ap_fifo  |   xFeatures54  |    pointer   |
|xFeatures54_empty_n      |  in |    1|   ap_fifo  |   xFeatures54  |    pointer   |
|xFeatures54_read         | out |    1|   ap_fifo  |   xFeatures54  |    pointer   |
|xFeatures55_dout         |  in |   64|   ap_fifo  |   xFeatures55  |    pointer   |
|xFeatures55_empty_n      |  in |    1|   ap_fifo  |   xFeatures55  |    pointer   |
|xFeatures55_read         | out |    1|   ap_fifo  |   xFeatures55  |    pointer   |
|xFeatures56_dout         |  in |   64|   ap_fifo  |   xFeatures56  |    pointer   |
|xFeatures56_empty_n      |  in |    1|   ap_fifo  |   xFeatures56  |    pointer   |
|xFeatures56_read         | out |    1|   ap_fifo  |   xFeatures56  |    pointer   |
|xFeatures57_dout         |  in |   64|   ap_fifo  |   xFeatures57  |    pointer   |
|xFeatures57_empty_n      |  in |    1|   ap_fifo  |   xFeatures57  |    pointer   |
|xFeatures57_read         | out |    1|   ap_fifo  |   xFeatures57  |    pointer   |
|xFeatures58_dout         |  in |   64|   ap_fifo  |   xFeatures58  |    pointer   |
|xFeatures58_empty_n      |  in |    1|   ap_fifo  |   xFeatures58  |    pointer   |
|xFeatures58_read         | out |    1|   ap_fifo  |   xFeatures58  |    pointer   |
|xFeatures59_dout         |  in |   64|   ap_fifo  |   xFeatures59  |    pointer   |
|xFeatures59_empty_n      |  in |    1|   ap_fifo  |   xFeatures59  |    pointer   |
|xFeatures59_read         | out |    1|   ap_fifo  |   xFeatures59  |    pointer   |
|xFeatures60_dout         |  in |   64|   ap_fifo  |   xFeatures60  |    pointer   |
|xFeatures60_empty_n      |  in |    1|   ap_fifo  |   xFeatures60  |    pointer   |
|xFeatures60_read         | out |    1|   ap_fifo  |   xFeatures60  |    pointer   |
|xFeatures61_dout         |  in |   64|   ap_fifo  |   xFeatures61  |    pointer   |
|xFeatures61_empty_n      |  in |    1|   ap_fifo  |   xFeatures61  |    pointer   |
|xFeatures61_read         | out |    1|   ap_fifo  |   xFeatures61  |    pointer   |
|xFeatures62_dout         |  in |   64|   ap_fifo  |   xFeatures62  |    pointer   |
|xFeatures62_empty_n      |  in |    1|   ap_fifo  |   xFeatures62  |    pointer   |
|xFeatures62_read         | out |    1|   ap_fifo  |   xFeatures62  |    pointer   |
|xFeatures63_dout         |  in |   64|   ap_fifo  |   xFeatures63  |    pointer   |
|xFeatures63_empty_n      |  in |    1|   ap_fifo  |   xFeatures63  |    pointer   |
|xFeatures63_read         | out |    1|   ap_fifo  |   xFeatures63  |    pointer   |
|distance_array_address0  | out |    1|  ap_memory | distance_array |     array    |
|distance_array_ce0       | out |    1|  ap_memory | distance_array |     array    |
|distance_array_we0       | out |    1|  ap_memory | distance_array |     array    |
|distance_array_d0        | out |   64|  ap_memory | distance_array |     array    |
+-------------------------+-----+-----+------------+----------------+--------------+

