

================================================================
== Vivado HLS Report for 'parallel_034'
================================================================
* Date:           Sat Aug 22 15:43:54 2020

* Version:        2019.2 (Build 2704478 on Wed Nov 06 22:10:23 MST 2019)
* Project:        knn
* Solution:       solution1
* Product family: zynq
* Target device:  xc7z020-clg484-1


================================================================
== Performance Estimates
================================================================
+ Timing: 
    * Summary: 
    +--------+----------+----------+------------+
    |  Clock |  Target  | Estimated| Uncertainty|
    +--------+----------+----------+------------+
    |ap_clk  | 10.00 ns | 9.592 ns |   1.25 ns  |
    +--------+----------+----------+------------+

+ Latency: 
    * Summary: 
    +---------+---------+----------+----------+-----+-----+---------+
    |  Latency (cycles) |  Latency (absolute) |  Interval | Pipeline|
    |   min   |   max   |    min   |    max   | min | max |   Type  |
    +---------+---------+----------+----------+-----+-----+---------+
    |      436|      436| 4.360 us | 4.360 us |  436|  436|   none  |
    +---------+---------+----------+----------+-----+-----+---------+

    + Detail: 
        * Instance: 
        N/A

        * Loop: 
        N/A



================================================================
== Utilization Estimates
================================================================
* Summary: 
+-----------------+---------+-------+--------+-------+-----+
|       Name      | BRAM_18K| DSP48E|   FF   |  LUT  | URAM|
+-----------------+---------+-------+--------+-------+-----+
|DSP              |        -|      -|       -|      -|    -|
|Expression       |        -|      -|       0|      4|    -|
|FIFO             |        -|      -|       -|      -|    -|
|Instance         |        -|     23|    2900|   6128|    -|
|Memory           |        -|      -|       -|      -|    -|
|Multiplexer      |        -|      -|       -|   5396|    -|
|Register         |        -|      -|   12790|      -|    -|
+-----------------+---------+-------+--------+-------+-----+
|Total            |        0|     23|   15690|  11528|    0|
+-----------------+---------+-------+--------+-------+-----+
|Available        |      280|    220|  106400|  53200|    0|
+-----------------+---------+-------+--------+-------+-----+
|Utilization (%)  |        0|     10|      14|     21|    0|
+-----------------+---------+-------+--------+-------+-----+

+ Detail: 
    * Instance: 
    +----------------------------+----------------------+---------+-------+-----+------+-----+
    |          Instance          |        Module        | BRAM_18K| DSP48E|  FF |  LUT | URAM|
    +----------------------------+----------------------+---------+-------+-----+------+-----+
    |knn_8p128f_8paralbkb_U1585  |knn_8p128f_8paralbkb  |        0|      2|  205|   390|    0|
    |knn_8p128f_8paralbkb_U1586  |knn_8p128f_8paralbkb  |        0|      2|  205|   390|    0|
    |knn_8p128f_8paralbkb_U1587  |knn_8p128f_8paralbkb  |        0|      2|  205|   390|    0|
    |knn_8p128f_8paralbkb_U1588  |knn_8p128f_8paralbkb  |        0|      2|  205|   390|    0|
    |knn_8p128f_8paralcud_U1589  |knn_8p128f_8paralcud  |        0|      3|  143|   321|    0|
    |knn_8p128f_8paralcud_U1590  |knn_8p128f_8paralcud  |        0|      3|  143|   321|    0|
    |knn_8p128f_8paralcud_U1591  |knn_8p128f_8paralcud  |        0|      3|  143|   321|    0|
    |knn_8p128f_8paraldEe_U1592  |knn_8p128f_8paraldEe  |        0|      0|  128|   277|    0|
    |knn_8p128f_8paraldEe_U1593  |knn_8p128f_8paraldEe  |        0|      0|  128|   277|    0|
    |knn_8p128f_8paraleOg_U1594  |knn_8p128f_8paraleOg  |        0|      0|  100|   138|    0|
    |knn_8p128f_8paralfYi_U1595  |knn_8p128f_8paralfYi  |        0|      0|  405|   615|    0|
    |knn_8p128f_8paralg8j_U1596  |knn_8p128f_8paralg8j  |        0|      3|  445|  1149|    0|
    |knn_8p128f_8paralg8j_U1597  |knn_8p128f_8paralg8j  |        0|      3|  445|  1149|    0|
    +----------------------------+----------------------+---------+-------+-----+------+-----+
    |Total                       |                      |        0|     23| 2900|  6128|    0|
    +----------------------------+----------------------+---------+-------+-----+------+-----+

    * DSP48E: 
    N/A

    * Memory: 
    N/A

    * FIFO: 
    N/A

    * Expression: 
    +-----------------+----------+-------+---+----+------------+------------+
    |  Variable Name  | Operation| DSP48E| FF| LUT| Bitwidth P0| Bitwidth P1|
    +-----------------+----------+-------+---+----+------------+------------+
    |ap_block_state1  |    or    |      0|  0|   2|           1|           1|
    |ap_block_state2  |    or    |      0|  0|   2|           1|           1|
    +-----------------+----------+-------+---+----+------------+------------+
    |Total            |          |      0|  0|   4|           2|           2|
    +-----------------+----------+-------+---+----+------------+------------+

    * Multiplexer: 
    +------------------------+------+-----------+-----+-----------+
    |          Name          |  LUT | Input Size| Bits| Total Bits|
    +------------------------+------+-----------+-----+-----------+
    |ap_NS_fsm               |  1897|        438|    1|        438|
    |ap_done                 |     9|          2|    1|          2|
    |grp_fu_2463_p0          |    59|         14|   32|        448|
    |grp_fu_2463_p1          |    56|         13|   32|        416|
    |grp_fu_2468_p0          |    44|          9|   32|        288|
    |grp_fu_2468_p1          |    47|         10|   32|        320|
    |grp_fu_2472_p0          |    21|          4|   32|        128|
    |grp_fu_2472_p1          |    15|          3|   32|         96|
    |grp_fu_2480_p0          |   325|         73|   32|       2336|
    |grp_fu_2480_p1          |   325|         73|   32|       2336|
    |grp_fu_2484_p0          |    56|         13|   32|        416|
    |grp_fu_2484_p1          |    56|         13|   32|        416|
    |grp_fu_2488_p0          |    33|          6|   32|        192|
    |grp_fu_2488_p1          |    33|          6|   32|        192|
    |grp_fu_2492_p0          |    15|          3|   64|        192|
    |grp_fu_2495_p0          |    15|          3|   64|        192|
    |grp_fu_2506_p0          |   293|         65|   64|       4160|
    |grp_fu_2506_p1          |    33|          6|   64|        384|
    |grp_fu_2510_p0          |   293|         65|   64|       4160|
    |grp_fu_2510_p1          |    33|          6|   64|        384|
    |knownFeatures_address0  |   293|         65|    7|        455|
    |knownFeatures_address1  |   293|         65|    7|        455|
    |xFeatures100_blk_n      |     9|          2|    1|          2|
    |xFeatures101_blk_n      |     9|          2|    1|          2|
    |xFeatures102_blk_n      |     9|          2|    1|          2|
    |xFeatures103_blk_n      |     9|          2|    1|          2|
    |xFeatures104_blk_n      |     9|          2|    1|          2|
    |xFeatures105_blk_n      |     9|          2|    1|          2|
    |xFeatures106_blk_n      |     9|          2|    1|          2|
    |xFeatures107_blk_n      |     9|          2|    1|          2|
    |xFeatures108_blk_n      |     9|          2|    1|          2|
    |xFeatures109_blk_n      |     9|          2|    1|          2|
    |xFeatures10_blk_n       |     9|          2|    1|          2|
    |xFeatures110_blk_n      |     9|          2|    1|          2|
    |xFeatures111_blk_n      |     9|          2|    1|          2|
    |xFeatures112_blk_n      |     9|          2|    1|          2|
    |xFeatures113_blk_n      |     9|          2|    1|          2|
    |xFeatures114_blk_n      |     9|          2|    1|          2|
    |xFeatures115_blk_n      |     9|          2|    1|          2|
    |xFeatures116_blk_n      |     9|          2|    1|          2|
    |xFeatures117_blk_n      |     9|          2|    1|          2|
    |xFeatures118_blk_n      |     9|          2|    1|          2|
    |xFeatures119_blk_n      |     9|          2|    1|          2|
    |xFeatures11_blk_n       |     9|          2|    1|          2|
    |xFeatures120_blk_n      |     9|          2|    1|          2|
    |xFeatures121_blk_n      |     9|          2|    1|          2|
    |xFeatures122_blk_n      |     9|          2|    1|          2|
    |xFeatures123_blk_n      |     9|          2|    1|          2|
    |xFeatures124_blk_n      |     9|          2|    1|          2|
    |xFeatures125_blk_n      |     9|          2|    1|          2|
    |xFeatures126_blk_n      |     9|          2|    1|          2|
    |xFeatures127_blk_n      |     9|          2|    1|          2|
    |xFeatures12_blk_n       |     9|          2|    1|          2|
    |xFeatures13_blk_n       |     9|          2|    1|          2|
    |xFeatures14_blk_n       |     9|          2|    1|          2|
    |xFeatures15_blk_n       |     9|          2|    1|          2|
    |xFeatures16_blk_n       |     9|          2|    1|          2|
    |xFeatures17_blk_n       |     9|          2|    1|          2|
    |xFeatures18_blk_n       |     9|          2|    1|          2|
    |xFeatures19_blk_n       |     9|          2|    1|          2|
    |xFeatures1_blk_n        |     9|          2|    1|          2|
    |xFeatures20_blk_n       |     9|          2|    1|          2|
    |xFeatures21_blk_n       |     9|          2|    1|          2|
    |xFeatures22_blk_n       |     9|          2|    1|          2|
    |xFeatures23_blk_n       |     9|          2|    1|          2|
    |xFeatures24_blk_n       |     9|          2|    1|          2|
    |xFeatures25_blk_n       |     9|          2|    1|          2|
    |xFeatures26_blk_n       |     9|          2|    1|          2|
    |xFeatures27_blk_n       |     9|          2|    1|          2|
    |xFeatures28_blk_n       |     9|          2|    1|          2|
    |xFeatures29_blk_n       |     9|          2|    1|          2|
    |xFeatures2_blk_n        |     9|          2|    1|          2|
    |xFeatures30_blk_n       |     9|          2|    1|          2|
    |xFeatures31_blk_n       |     9|          2|    1|          2|
    |xFeatures32_blk_n       |     9|          2|    1|          2|
    |xFeatures33_blk_n       |     9|          2|    1|          2|
    |xFeatures34_blk_n       |     9|          2|    1|          2|
    |xFeatures35_blk_n       |     9|          2|    1|          2|
    |xFeatures36_blk_n       |     9|          2|    1|          2|
    |xFeatures37_blk_n       |     9|          2|    1|          2|
    |xFeatures38_blk_n       |     9|          2|    1|          2|
    |xFeatures39_blk_n       |     9|          2|    1|          2|
    |xFeatures3_blk_n        |     9|          2|    1|          2|
    |xFeatures40_blk_n       |     9|          2|    1|          2|
    |xFeatures41_blk_n       |     9|          2|    1|          2|
    |xFeatures42_blk_n       |     9|          2|    1|          2|
    |xFeatures43_blk_n       |     9|          2|    1|          2|
    |xFeatures44_blk_n       |     9|          2|    1|          2|
    |xFeatures45_blk_n       |     9|          2|    1|          2|
    |xFeatures46_blk_n       |     9|          2|    1|          2|
    |xFeatures47_blk_n       |     9|          2|    1|          2|
    |xFeatures48_blk_n       |     9|          2|    1|          2|
    |xFeatures49_blk_n       |     9|          2|    1|          2|
    |xFeatures4_blk_n        |     9|          2|    1|          2|
    |xFeatures50_blk_n       |     9|          2|    1|          2|
    |xFeatures51_blk_n       |     9|          2|    1|          2|
    |xFeatures52_blk_n       |     9|          2|    1|          2|
    |xFeatures53_blk_n       |     9|          2|    1|          2|
    |xFeatures54_blk_n       |     9|          2|    1|          2|
    |xFeatures55_blk_n       |     9|          2|    1|          2|
    |xFeatures56_blk_n       |     9|          2|    1|          2|
    |xFeatures57_blk_n       |     9|          2|    1|          2|
    |xFeatures58_blk_n       |     9|          2|    1|          2|
    |xFeatures59_blk_n       |     9|          2|    1|          2|
    |xFeatures5_blk_n        |     9|          2|    1|          2|
    |xFeatures60_blk_n       |     9|          2|    1|          2|
    |xFeatures61_blk_n       |     9|          2|    1|          2|
    |xFeatures62_blk_n       |     9|          2|    1|          2|
    |xFeatures63_blk_n       |     9|          2|    1|          2|
    |xFeatures64_blk_n       |     9|          2|    1|          2|
    |xFeatures65_blk_n       |     9|          2|    1|          2|
    |xFeatures66_blk_n       |     9|          2|    1|          2|
    |xFeatures67_blk_n       |     9|          2|    1|          2|
    |xFeatures68_blk_n       |     9|          2|    1|          2|
    |xFeatures69_blk_n       |     9|          2|    1|          2|
    |xFeatures6_blk_n        |     9|          2|    1|          2|
    |xFeatures70_blk_n       |     9|          2|    1|          2|
    |xFeatures71_blk_n       |     9|          2|    1|          2|
    |xFeatures72_blk_n       |     9|          2|    1|          2|
    |xFeatures73_blk_n       |     9|          2|    1|          2|
    |xFeatures74_blk_n       |     9|          2|    1|          2|
    |xFeatures75_blk_n       |     9|          2|    1|          2|
    |xFeatures76_blk_n       |     9|          2|    1|          2|
    |xFeatures77_blk_n       |     9|          2|    1|          2|
    |xFeatures78_blk_n       |     9|          2|    1|          2|
    |xFeatures79_blk_n       |     9|          2|    1|          2|
    |xFeatures7_blk_n        |     9|          2|    1|          2|
    |xFeatures80_blk_n       |     9|          2|    1|          2|
    |xFeatures81_blk_n       |     9|          2|    1|          2|
    |xFeatures82_blk_n       |     9|          2|    1|          2|
    |xFeatures83_blk_n       |     9|          2|    1|          2|
    |xFeatures84_blk_n       |     9|          2|    1|          2|
    |xFeatures85_blk_n       |     9|          2|    1|          2|
    |xFeatures86_blk_n       |     9|          2|    1|          2|
    |xFeatures87_blk_n       |     9|          2|    1|          2|
    |xFeatures88_blk_n       |     9|          2|    1|          2|
    |xFeatures89_blk_n       |     9|          2|    1|          2|
    |xFeatures8_blk_n        |     9|          2|    1|          2|
    |xFeatures90_blk_n       |     9|          2|    1|          2|
    |xFeatures91_blk_n       |     9|          2|    1|          2|
    |xFeatures92_blk_n       |     9|          2|    1|          2|
    |xFeatures93_blk_n       |     9|          2|    1|          2|
    |xFeatures94_blk_n       |     9|          2|    1|          2|
    |xFeatures95_blk_n       |     9|          2|    1|          2|
    |xFeatures96_blk_n       |     9|          2|    1|          2|
    |xFeatures97_blk_n       |     9|          2|    1|          2|
    |xFeatures98_blk_n       |     9|          2|    1|          2|
    |xFeatures99_blk_n       |     9|          2|    1|          2|
    |xFeatures9_blk_n        |     9|          2|    1|          2|
    |xFeatures_blk_n         |     9|          2|    1|          2|
    +------------------------+------+-----------+-----+-----------+
    |Total                   |  5396|       1211|  912|      18662|
    +------------------------+------+-----------+-----+-----------+

    * Register: 
    +----------------------------+-----+----+-----+-----------+
    |            Name            |  FF | LUT| Bits| Const Bits|
    +----------------------------+-----+----+-----+-----------+
    |ap_CS_fsm                   |  437|   0|  437|          0|
    |ap_done_reg                 |    1|   0|    1|          0|
    |distance_w12_i_reg_4490     |   32|   0|   32|          0|
    |distance_w28_i_reg_4480     |   32|   0|   32|          0|
    |distance_w88_i_reg_4485     |   32|   0|   32|          0|
    |reg_2514                    |   64|   0|   64|          0|
    |reg_2519                    |   64|   0|   64|          0|
    |reg_2524                    |   64|   0|   64|          0|
    |reg_2529                    |   64|   0|   64|          0|
    |reg_2534                    |   64|   0|   64|          0|
    |reg_2539                    |   64|   0|   64|          0|
    |reg_2544                    |   64|   0|   64|          0|
    |reg_2549                    |   64|   0|   64|          0|
    |reg_2554                    |   64|   0|   64|          0|
    |reg_2559                    |   64|   0|   64|          0|
    |reg_2564                    |   64|   0|   64|          0|
    |reg_2569                    |   64|   0|   64|          0|
    |reg_2574                    |   64|   0|   64|          0|
    |reg_2579                    |   64|   0|   64|          0|
    |reg_2584                    |   32|   0|   32|          0|
    |reg_2594                    |   32|   0|   32|          0|
    |reg_2600                    |   32|   0|   32|          0|
    |reg_2606                    |   32|   0|   32|          0|
    |reg_2612                    |   32|   0|   32|          0|
    |reg_2618                    |   32|   0|   32|          0|
    |reg_2624                    |   32|   0|   32|          0|
    |reg_2630                    |   32|   0|   32|          0|
    |reg_2638                    |   32|   0|   32|          0|
    |reg_2648                    |   32|   0|   32|          0|
    |reg_2655                    |   32|   0|   32|          0|
    |reg_2663                    |   32|   0|   32|          0|
    |reg_2671                    |   32|   0|   32|          0|
    |reg_2679                    |   32|   0|   32|          0|
    |reg_2687                    |   32|   0|   32|          0|
    |reg_2695                    |   32|   0|   32|          0|
    |reg_2703                    |   32|   0|   32|          0|
    |reg_2711                    |   32|   0|   32|          0|
    |reg_2719                    |   32|   0|   32|          0|
    |reg_2727                    |   32|   0|   32|          0|
    |reg_2733                    |   32|   0|   32|          0|
    |reg_2738                    |   32|   0|   32|          0|
    |reg_2744                    |   32|   0|   32|          0|
    |reg_2749                    |   32|   0|   32|          0|
    |reg_2754                    |   32|   0|   32|          0|
    |reg_2759                    |   32|   0|   32|          0|
    |reg_2766                    |   32|   0|   32|          0|
    |reg_2771                    |   32|   0|   32|          0|
    |reg_2776                    |   32|   0|   32|          0|
    |reg_2781                    |   32|   0|   32|          0|
    |reg_2786                    |   32|   0|   32|          0|
    |reg_2793                    |   32|   0|   32|          0|
    |reg_2800                    |   32|   0|   32|          0|
    |reg_2809                    |   32|   0|   32|          0|
    |reg_2815                    |   32|   0|   32|          0|
    |reg_2821                    |   32|   0|   32|          0|
    |reg_2826                    |   32|   0|   32|          0|
    |reg_2832                    |   32|   0|   32|          0|
    |reg_2839                    |   32|   0|   32|          0|
    |reg_2845                    |   32|   0|   32|          0|
    |temp_l77_i13_w1_i_reg_3642  |   32|   0|   32|          0|
    |temp_l77_i14_w1_i_reg_3648  |   32|   0|   32|          0|
    |temp_l77_i15_w1_i_reg_3664  |   32|   0|   32|          0|
    |temp_l77_i16_w1_i_reg_3670  |   32|   0|   32|          0|
    |temp_l77_i17_w1_i_reg_3686  |   32|   0|   32|          0|
    |temp_l77_i18_w1_i_reg_3692  |   32|   0|   32|          0|
    |temp_l77_i19_w1_i_reg_3708  |   32|   0|   32|          0|
    |temp_l77_i21_w1_i_reg_3724  |   32|   0|   32|          0|
    |temp_l77_i22_w1_i_reg_3730  |   32|   0|   32|          0|
    |temp_l77_i23_w1_i_reg_3746  |   32|   0|   32|          0|
    |temp_l77_i24_w1_i_reg_3752  |   32|   0|   32|          0|
    |temp_l77_i25_w1_i_reg_3768  |   32|   0|   32|          0|
    |temp_l77_i26_w1_i_reg_3774  |   32|   0|   32|          0|
    |temp_l77_i27_w1_i_reg_3790  |   32|   0|   32|          0|
    |temp_l77_i28_w1_i_reg_3796  |   32|   0|   32|          0|
    |temp_l77_i30_w1_i_reg_3812  |   32|   0|   32|          0|
    |temp_l77_i31_w1_i_reg_3828  |   32|   0|   32|          0|
    |temp_l77_i32_w1_i_reg_3834  |   32|   0|   32|          0|
    |temp_l77_i33_w1_i_reg_3850  |   32|   0|   32|          0|
    |temp_l77_i34_w1_i_reg_3856  |   32|   0|   32|          0|
    |temp_l77_i35_w1_i_reg_3872  |   32|   0|   32|          0|
    |temp_l77_i36_w1_i_reg_3878  |   32|   0|   32|          0|
    |temp_l77_i37_w1_i_reg_3894  |   32|   0|   32|          0|
    |temp_l77_i38_w1_i_reg_3900  |   32|   0|   32|          0|
    |temp_l77_i39_w1_i_reg_3916  |   32|   0|   32|          0|
    |temp_l77_i41_w1_i_reg_3932  |   32|   0|   32|          0|
    |temp_l77_i42_w1_i_reg_3938  |   32|   0|   32|          0|
    |temp_l77_i43_w1_i_reg_3954  |   32|   0|   32|          0|
    |temp_l77_i44_w1_i_reg_3960  |   32|   0|   32|          0|
    |temp_l77_i45_w1_i_reg_3976  |   32|   0|   32|          0|
    |temp_l77_i46_w1_i_reg_3982  |   32|   0|   32|          0|
    |temp_l77_i47_w1_i_reg_3998  |   32|   0|   32|          0|
    |temp_l77_i48_w1_i_reg_4004  |   32|   0|   32|          0|
    |temp_l77_i50_w1_i_reg_4020  |   32|   0|   32|          0|
    |temp_l77_i51_w1_i_reg_4036  |   32|   0|   32|          0|
    |temp_l77_i52_w1_i_reg_4042  |   32|   0|   32|          0|
    |temp_l77_i53_w1_i_reg_4058  |   32|   0|   32|          0|
    |temp_l77_i54_w1_i_reg_4064  |   32|   0|   32|          0|
    |temp_l77_i55_w1_i_reg_4080  |   32|   0|   32|          0|
    |temp_l77_i56_w1_i_reg_4086  |   32|   0|   32|          0|
    |temp_l77_i57_w1_i_reg_4102  |   32|   0|   32|          0|
    |temp_l77_i58_w1_i_reg_4108  |   32|   0|   32|          0|
    |temp_l77_i59_w1_i_reg_4124  |   32|   0|   32|          0|
    |temp_l77_i61_w1_i_reg_4140  |   32|   0|   32|          0|
    |temp_l77_i62_w1_i_reg_4146  |   32|   0|   32|          0|
    |temp_l77_i63_w1_i_reg_4162  |   32|   0|   32|          0|
    |temp_l77_i64_w1_i_reg_4168  |   32|   0|   32|          0|
    |temp_l77_i65_w1_i_reg_4184  |   32|   0|   32|          0|
    |temp_l77_i66_w1_i_reg_4190  |   32|   0|   32|          0|
    |temp_l77_i67_w1_i_reg_4206  |   32|   0|   32|          0|
    |temp_l77_i68_w1_i_reg_4212  |   32|   0|   32|          0|
    |temp_l77_i70_w1_i_reg_4228  |   32|   0|   32|          0|
    |temp_l77_i71_w1_i_reg_4244  |   32|   0|   32|          0|
    |temp_l77_i72_w1_i_reg_4250  |   32|   0|   32|          0|
    |temp_l77_i73_w1_i_reg_4266  |   32|   0|   32|          0|
    |temp_l77_i74_w1_i_reg_4272  |   32|   0|   32|          0|
    |temp_l77_i75_w1_i_reg_4288  |   32|   0|   32|          0|
    |temp_l77_i88_w1_i_reg_4334  |   32|   0|   32|          0|
    |tmp_255_i_reg_4495          |   32|   0|   32|          0|
    |xFeatures100_read_reg_3372  |   64|   0|   64|          0|
    |xFeatures101_read_reg_3377  |   64|   0|   64|          0|
    |xFeatures102_read_reg_3382  |   64|   0|   64|          0|
    |xFeatures103_read_reg_3387  |   64|   0|   64|          0|
    |xFeatures104_read_reg_3392  |   64|   0|   64|          0|
    |xFeatures105_read_reg_3397  |   64|   0|   64|          0|
    |xFeatures106_read_reg_3402  |   64|   0|   64|          0|
    |xFeatures107_read_reg_3407  |   64|   0|   64|          0|
    |xFeatures108_read_reg_3412  |   64|   0|   64|          0|
    |xFeatures109_read_reg_3417  |   64|   0|   64|          0|
    |xFeatures10_read_reg_2922   |   64|   0|   64|          0|
    |xFeatures110_read_reg_3422  |   64|   0|   64|          0|
    |xFeatures111_read_reg_3427  |   64|   0|   64|          0|
    |xFeatures112_read_reg_3432  |   64|   0|   64|          0|
    |xFeatures113_read_reg_3437  |   64|   0|   64|          0|
    |xFeatures114_read_reg_3442  |   64|   0|   64|          0|
    |xFeatures115_read_reg_3447  |   64|   0|   64|          0|
    |xFeatures116_read_reg_3452  |   64|   0|   64|          0|
    |xFeatures117_read_reg_3457  |   64|   0|   64|          0|
    |xFeatures118_read_reg_3462  |   64|   0|   64|          0|
    |xFeatures119_read_reg_3467  |   64|   0|   64|          0|
    |xFeatures11_read_reg_2927   |   64|   0|   64|          0|
    |xFeatures120_read_reg_3472  |   64|   0|   64|          0|
    |xFeatures121_read_reg_3477  |   64|   0|   64|          0|
    |xFeatures122_read_reg_3482  |   64|   0|   64|          0|
    |xFeatures123_read_reg_3487  |   64|   0|   64|          0|
    |xFeatures124_read_reg_3492  |   64|   0|   64|          0|
    |xFeatures125_read_reg_3497  |   64|   0|   64|          0|
    |xFeatures126_read_reg_3502  |   64|   0|   64|          0|
    |xFeatures127_read_reg_3507  |   64|   0|   64|          0|
    |xFeatures12_read_reg_2932   |   64|   0|   64|          0|
    |xFeatures13_read_reg_2937   |   64|   0|   64|          0|
    |xFeatures14_read_reg_2942   |   64|   0|   64|          0|
    |xFeatures15_read_reg_2947   |   64|   0|   64|          0|
    |xFeatures16_read_reg_2952   |   64|   0|   64|          0|
    |xFeatures17_read_reg_2957   |   64|   0|   64|          0|
    |xFeatures18_read_reg_2962   |   64|   0|   64|          0|
    |xFeatures19_read_reg_2967   |   64|   0|   64|          0|
    |xFeatures1_read_reg_2877    |   64|   0|   64|          0|
    |xFeatures20_read_reg_2972   |   64|   0|   64|          0|
    |xFeatures21_read_reg_2977   |   64|   0|   64|          0|
    |xFeatures22_read_reg_2982   |   64|   0|   64|          0|
    |xFeatures23_read_reg_2987   |   64|   0|   64|          0|
    |xFeatures24_read_reg_2992   |   64|   0|   64|          0|
    |xFeatures25_read_reg_2997   |   64|   0|   64|          0|
    |xFeatures26_read_reg_3002   |   64|   0|   64|          0|
    |xFeatures27_read_reg_3007   |   64|   0|   64|          0|
    |xFeatures28_read_reg_3012   |   64|   0|   64|          0|
    |xFeatures29_read_reg_3017   |   64|   0|   64|          0|
    |xFeatures2_read_reg_2882    |   64|   0|   64|          0|
    |xFeatures30_read_reg_3022   |   64|   0|   64|          0|
    |xFeatures31_read_reg_3027   |   64|   0|   64|          0|
    |xFeatures32_read_reg_3032   |   64|   0|   64|          0|
    |xFeatures33_read_reg_3037   |   64|   0|   64|          0|
    |xFeatures34_read_reg_3042   |   64|   0|   64|          0|
    |xFeatures35_read_reg_3047   |   64|   0|   64|          0|
    |xFeatures36_read_reg_3052   |   64|   0|   64|          0|
    |xFeatures37_read_reg_3057   |   64|   0|   64|          0|
    |xFeatures38_read_reg_3062   |   64|   0|   64|          0|
    |xFeatures39_read_reg_3067   |   64|   0|   64|          0|
    |xFeatures3_read_reg_2887    |   64|   0|   64|          0|
    |xFeatures40_read_reg_3072   |   64|   0|   64|          0|
    |xFeatures41_read_reg_3077   |   64|   0|   64|          0|
    |xFeatures42_read_reg_3082   |   64|   0|   64|          0|
    |xFeatures43_read_reg_3087   |   64|   0|   64|          0|
    |xFeatures44_read_reg_3092   |   64|   0|   64|          0|
    |xFeatures45_read_reg_3097   |   64|   0|   64|          0|
    |xFeatures46_read_reg_3102   |   64|   0|   64|          0|
    |xFeatures47_read_reg_3107   |   64|   0|   64|          0|
    |xFeatures48_read_reg_3112   |   64|   0|   64|          0|
    |xFeatures49_read_reg_3117   |   64|   0|   64|          0|
    |xFeatures4_read_reg_2892    |   64|   0|   64|          0|
    |xFeatures50_read_reg_3122   |   64|   0|   64|          0|
    |xFeatures51_read_reg_3127   |   64|   0|   64|          0|
    |xFeatures52_read_reg_3132   |   64|   0|   64|          0|
    |xFeatures53_read_reg_3137   |   64|   0|   64|          0|
    |xFeatures54_read_reg_3142   |   64|   0|   64|          0|
    |xFeatures55_read_reg_3147   |   64|   0|   64|          0|
    |xFeatures56_read_reg_3152   |   64|   0|   64|          0|
    |xFeatures57_read_reg_3157   |   64|   0|   64|          0|
    |xFeatures58_read_reg_3162   |   64|   0|   64|          0|
    |xFeatures59_read_reg_3167   |   64|   0|   64|          0|
    |xFeatures5_read_reg_2897    |   64|   0|   64|          0|
    |xFeatures60_read_reg_3172   |   64|   0|   64|          0|
    |xFeatures61_read_reg_3177   |   64|   0|   64|          0|
    |xFeatures62_read_reg_3182   |   64|   0|   64|          0|
    |xFeatures63_read_reg_3187   |   64|   0|   64|          0|
    |xFeatures64_read_reg_3192   |   64|   0|   64|          0|
    |xFeatures65_read_reg_3197   |   64|   0|   64|          0|
    |xFeatures66_read_reg_3202   |   64|   0|   64|          0|
    |xFeatures67_read_reg_3207   |   64|   0|   64|          0|
    |xFeatures68_read_reg_3212   |   64|   0|   64|          0|
    |xFeatures69_read_reg_3217   |   64|   0|   64|          0|
    |xFeatures6_read_reg_2902    |   64|   0|   64|          0|
    |xFeatures70_read_reg_3222   |   64|   0|   64|          0|
    |xFeatures71_read_reg_3227   |   64|   0|   64|          0|
    |xFeatures72_read_reg_3232   |   64|   0|   64|          0|
    |xFeatures73_read_reg_3237   |   64|   0|   64|          0|
    |xFeatures74_read_reg_3242   |   64|   0|   64|          0|
    |xFeatures75_read_reg_3247   |   64|   0|   64|          0|
    |xFeatures76_read_reg_3252   |   64|   0|   64|          0|
    |xFeatures77_read_reg_3257   |   64|   0|   64|          0|
    |xFeatures78_read_reg_3262   |   64|   0|   64|          0|
    |xFeatures79_read_reg_3267   |   64|   0|   64|          0|
    |xFeatures7_read_reg_2907    |   64|   0|   64|          0|
    |xFeatures80_read_reg_3272   |   64|   0|   64|          0|
    |xFeatures81_read_reg_3277   |   64|   0|   64|          0|
    |xFeatures82_read_reg_3282   |   64|   0|   64|          0|
    |xFeatures83_read_reg_3287   |   64|   0|   64|          0|
    |xFeatures84_read_reg_3292   |   64|   0|   64|          0|
    |xFeatures85_read_reg_3297   |   64|   0|   64|          0|
    |xFeatures86_read_reg_3302   |   64|   0|   64|          0|
    |xFeatures87_read_reg_3307   |   64|   0|   64|          0|
    |xFeatures88_read_reg_3312   |   64|   0|   64|          0|
    |xFeatures89_read_reg_3317   |   64|   0|   64|          0|
    |xFeatures8_read_reg_2912    |   64|   0|   64|          0|
    |xFeatures90_read_reg_3322   |   64|   0|   64|          0|
    |xFeatures91_read_reg_3327   |   64|   0|   64|          0|
    |xFeatures92_read_reg_3332   |   64|   0|   64|          0|
    |xFeatures93_read_reg_3337   |   64|   0|   64|          0|
    |xFeatures94_read_reg_3342   |   64|   0|   64|          0|
    |xFeatures95_read_reg_3347   |   64|   0|   64|          0|
    |xFeatures96_read_reg_3352   |   64|   0|   64|          0|
    |xFeatures97_read_reg_3357   |   64|   0|   64|          0|
    |xFeatures98_read_reg_3362   |   64|   0|   64|          0|
    |xFeatures99_read_reg_3367   |   64|   0|   64|          0|
    |xFeatures9_read_reg_2917    |   64|   0|   64|          0|
    |xFeatures_read_reg_2872     |   64|   0|   64|          0|
    +----------------------------+-----+----+-----+-----------+
    |Total                       |12790|   0|12790|          0|
    +----------------------------+-----+----+-----+-----------+



================================================================
== Interface
================================================================
* Summary: 
+------------------------+-----+-----+------------+---------------+--------------+
|        RTL Ports       | Dir | Bits|  Protocol  | Source Object |    C Type    |
+------------------------+-----+-----+------------+---------------+--------------+
|ap_clk                  |  in |    1| ap_ctrl_hs |  parallel_034 | return value |
|ap_rst                  |  in |    1| ap_ctrl_hs |  parallel_034 | return value |
|ap_start                |  in |    1| ap_ctrl_hs |  parallel_034 | return value |
|ap_done                 | out |    1| ap_ctrl_hs |  parallel_034 | return value |
|ap_continue             |  in |    1| ap_ctrl_hs |  parallel_034 | return value |
|ap_idle                 | out |    1| ap_ctrl_hs |  parallel_034 | return value |
|ap_ready                | out |    1| ap_ctrl_hs |  parallel_034 | return value |
|ap_return               | out |   64| ap_ctrl_hs |  parallel_034 | return value |
|knownFeatures_address0  | out |    7|  ap_memory | knownFeatures |     array    |
|knownFeatures_ce0       | out |    1|  ap_memory | knownFeatures |     array    |
|knownFeatures_q0        |  in |   64|  ap_memory | knownFeatures |     array    |
|knownFeatures_address1  | out |    7|  ap_memory | knownFeatures |     array    |
|knownFeatures_ce1       | out |    1|  ap_memory | knownFeatures |     array    |
|knownFeatures_q1        |  in |   64|  ap_memory | knownFeatures |     array    |
|xFeatures_dout          |  in |   64|   ap_fifo  |   xFeatures   |    pointer   |
|xFeatures_empty_n       |  in |    1|   ap_fifo  |   xFeatures   |    pointer   |
|xFeatures_read          | out |    1|   ap_fifo  |   xFeatures   |    pointer   |
|xFeatures1_dout         |  in |   64|   ap_fifo  |   xFeatures1  |    pointer   |
|xFeatures1_empty_n      |  in |    1|   ap_fifo  |   xFeatures1  |    pointer   |
|xFeatures1_read         | out |    1|   ap_fifo  |   xFeatures1  |    pointer   |
|xFeatures2_dout         |  in |   64|   ap_fifo  |   xFeatures2  |    pointer   |
|xFeatures2_empty_n      |  in |    1|   ap_fifo  |   xFeatures2  |    pointer   |
|xFeatures2_read         | out |    1|   ap_fifo  |   xFeatures2  |    pointer   |
|xFeatures3_dout         |  in |   64|   ap_fifo  |   xFeatures3  |    pointer   |
|xFeatures3_empty_n      |  in |    1|   ap_fifo  |   xFeatures3  |    pointer   |
|xFeatures3_read         | out |    1|   ap_fifo  |   xFeatures3  |    pointer   |
|xFeatures4_dout         |  in |   64|   ap_fifo  |   xFeatures4  |    pointer   |
|xFeatures4_empty_n      |  in |    1|   ap_fifo  |   xFeatures4  |    pointer   |
|xFeatures4_read         | out |    1|   ap_fifo  |   xFeatures4  |    pointer   |
|xFeatures5_dout         |  in |   64|   ap_fifo  |   xFeatures5  |    pointer   |
|xFeatures5_empty_n      |  in |    1|   ap_fifo  |   xFeatures5  |    pointer   |
|xFeatures5_read         | out |    1|   ap_fifo  |   xFeatures5  |    pointer   |
|xFeatures6_dout         |  in |   64|   ap_fifo  |   xFeatures6  |    pointer   |
|xFeatures6_empty_n      |  in |    1|   ap_fifo  |   xFeatures6  |    pointer   |
|xFeatures6_read         | out |    1|   ap_fifo  |   xFeatures6  |    pointer   |
|xFeatures7_dout         |  in |   64|   ap_fifo  |   xFeatures7  |    pointer   |
|xFeatures7_empty_n      |  in |    1|   ap_fifo  |   xFeatures7  |    pointer   |
|xFeatures7_read         | out |    1|   ap_fifo  |   xFeatures7  |    pointer   |
|xFeatures8_dout         |  in |   64|   ap_fifo  |   xFeatures8  |    pointer   |
|xFeatures8_empty_n      |  in |    1|   ap_fifo  |   xFeatures8  |    pointer   |
|xFeatures8_read         | out |    1|   ap_fifo  |   xFeatures8  |    pointer   |
|xFeatures9_dout         |  in |   64|   ap_fifo  |   xFeatures9  |    pointer   |
|xFeatures9_empty_n      |  in |    1|   ap_fifo  |   xFeatures9  |    pointer   |
|xFeatures9_read         | out |    1|   ap_fifo  |   xFeatures9  |    pointer   |
|xFeatures10_dout        |  in |   64|   ap_fifo  |  xFeatures10  |    pointer   |
|xFeatures10_empty_n     |  in |    1|   ap_fifo  |  xFeatures10  |    pointer   |
|xFeatures10_read        | out |    1|   ap_fifo  |  xFeatures10  |    pointer   |
|xFeatures11_dout        |  in |   64|   ap_fifo  |  xFeatures11  |    pointer   |
|xFeatures11_empty_n     |  in |    1|   ap_fifo  |  xFeatures11  |    pointer   |
|xFeatures11_read        | out |    1|   ap_fifo  |  xFeatures11  |    pointer   |
|xFeatures12_dout        |  in |   64|   ap_fifo  |  xFeatures12  |    pointer   |
|xFeatures12_empty_n     |  in |    1|   ap_fifo  |  xFeatures12  |    pointer   |
|xFeatures12_read        | out |    1|   ap_fifo  |  xFeatures12  |    pointer   |
|xFeatures13_dout        |  in |   64|   ap_fifo  |  xFeatures13  |    pointer   |
|xFeatures13_empty_n     |  in |    1|   ap_fifo  |  xFeatures13  |    pointer   |
|xFeatures13_read        | out |    1|   ap_fifo  |  xFeatures13  |    pointer   |
|xFeatures14_dout        |  in |   64|   ap_fifo  |  xFeatures14  |    pointer   |
|xFeatures14_empty_n     |  in |    1|   ap_fifo  |  xFeatures14  |    pointer   |
|xFeatures14_read        | out |    1|   ap_fifo  |  xFeatures14  |    pointer   |
|xFeatures15_dout        |  in |   64|   ap_fifo  |  xFeatures15  |    pointer   |
|xFeatures15_empty_n     |  in |    1|   ap_fifo  |  xFeatures15  |    pointer   |
|xFeatures15_read        | out |    1|   ap_fifo  |  xFeatures15  |    pointer   |
|xFeatures16_dout        |  in |   64|   ap_fifo  |  xFeatures16  |    pointer   |
|xFeatures16_empty_n     |  in |    1|   ap_fifo  |  xFeatures16  |    pointer   |
|xFeatures16_read        | out |    1|   ap_fifo  |  xFeatures16  |    pointer   |
|xFeatures17_dout        |  in |   64|   ap_fifo  |  xFeatures17  |    pointer   |
|xFeatures17_empty_n     |  in |    1|   ap_fifo  |  xFeatures17  |    pointer   |
|xFeatures17_read        | out |    1|   ap_fifo  |  xFeatures17  |    pointer   |
|xFeatures18_dout        |  in |   64|   ap_fifo  |  xFeatures18  |    pointer   |
|xFeatures18_empty_n     |  in |    1|   ap_fifo  |  xFeatures18  |    pointer   |
|xFeatures18_read        | out |    1|   ap_fifo  |  xFeatures18  |    pointer   |
|xFeatures19_dout        |  in |   64|   ap_fifo  |  xFeatures19  |    pointer   |
|xFeatures19_empty_n     |  in |    1|   ap_fifo  |  xFeatures19  |    pointer   |
|xFeatures19_read        | out |    1|   ap_fifo  |  xFeatures19  |    pointer   |
|xFeatures20_dout        |  in |   64|   ap_fifo  |  xFeatures20  |    pointer   |
|xFeatures20_empty_n     |  in |    1|   ap_fifo  |  xFeatures20  |    pointer   |
|xFeatures20_read        | out |    1|   ap_fifo  |  xFeatures20  |    pointer   |
|xFeatures21_dout        |  in |   64|   ap_fifo  |  xFeatures21  |    pointer   |
|xFeatures21_empty_n     |  in |    1|   ap_fifo  |  xFeatures21  |    pointer   |
|xFeatures21_read        | out |    1|   ap_fifo  |  xFeatures21  |    pointer   |
|xFeatures22_dout        |  in |   64|   ap_fifo  |  xFeatures22  |    pointer   |
|xFeatures22_empty_n     |  in |    1|   ap_fifo  |  xFeatures22  |    pointer   |
|xFeatures22_read        | out |    1|   ap_fifo  |  xFeatures22  |    pointer   |
|xFeatures23_dout        |  in |   64|   ap_fifo  |  xFeatures23  |    pointer   |
|xFeatures23_empty_n     |  in |    1|   ap_fifo  |  xFeatures23  |    pointer   |
|xFeatures23_read        | out |    1|   ap_fifo  |  xFeatures23  |    pointer   |
|xFeatures24_dout        |  in |   64|   ap_fifo  |  xFeatures24  |    pointer   |
|xFeatures24_empty_n     |  in |    1|   ap_fifo  |  xFeatures24  |    pointer   |
|xFeatures24_read        | out |    1|   ap_fifo  |  xFeatures24  |    pointer   |
|xFeatures25_dout        |  in |   64|   ap_fifo  |  xFeatures25  |    pointer   |
|xFeatures25_empty_n     |  in |    1|   ap_fifo  |  xFeatures25  |    pointer   |
|xFeatures25_read        | out |    1|   ap_fifo  |  xFeatures25  |    pointer   |
|xFeatures26_dout        |  in |   64|   ap_fifo  |  xFeatures26  |    pointer   |
|xFeatures26_empty_n     |  in |    1|   ap_fifo  |  xFeatures26  |    pointer   |
|xFeatures26_read        | out |    1|   ap_fifo  |  xFeatures26  |    pointer   |
|xFeatures27_dout        |  in |   64|   ap_fifo  |  xFeatures27  |    pointer   |
|xFeatures27_empty_n     |  in |    1|   ap_fifo  |  xFeatures27  |    pointer   |
|xFeatures27_read        | out |    1|   ap_fifo  |  xFeatures27  |    pointer   |
|xFeatures28_dout        |  in |   64|   ap_fifo  |  xFeatures28  |    pointer   |
|xFeatures28_empty_n     |  in |    1|   ap_fifo  |  xFeatures28  |    pointer   |
|xFeatures28_read        | out |    1|   ap_fifo  |  xFeatures28  |    pointer   |
|xFeatures29_dout        |  in |   64|   ap_fifo  |  xFeatures29  |    pointer   |
|xFeatures29_empty_n     |  in |    1|   ap_fifo  |  xFeatures29  |    pointer   |
|xFeatures29_read        | out |    1|   ap_fifo  |  xFeatures29  |    pointer   |
|xFeatures30_dout        |  in |   64|   ap_fifo  |  xFeatures30  |    pointer   |
|xFeatures30_empty_n     |  in |    1|   ap_fifo  |  xFeatures30  |    pointer   |
|xFeatures30_read        | out |    1|   ap_fifo  |  xFeatures30  |    pointer   |
|xFeatures31_dout        |  in |   64|   ap_fifo  |  xFeatures31  |    pointer   |
|xFeatures31_empty_n     |  in |    1|   ap_fifo  |  xFeatures31  |    pointer   |
|xFeatures31_read        | out |    1|   ap_fifo  |  xFeatures31  |    pointer   |
|xFeatures32_dout        |  in |   64|   ap_fifo  |  xFeatures32  |    pointer   |
|xFeatures32_empty_n     |  in |    1|   ap_fifo  |  xFeatures32  |    pointer   |
|xFeatures32_read        | out |    1|   ap_fifo  |  xFeatures32  |    pointer   |
|xFeatures33_dout        |  in |   64|   ap_fifo  |  xFeatures33  |    pointer   |
|xFeatures33_empty_n     |  in |    1|   ap_fifo  |  xFeatures33  |    pointer   |
|xFeatures33_read        | out |    1|   ap_fifo  |  xFeatures33  |    pointer   |
|xFeatures34_dout        |  in |   64|   ap_fifo  |  xFeatures34  |    pointer   |
|xFeatures34_empty_n     |  in |    1|   ap_fifo  |  xFeatures34  |    pointer   |
|xFeatures34_read        | out |    1|   ap_fifo  |  xFeatures34  |    pointer   |
|xFeatures35_dout        |  in |   64|   ap_fifo  |  xFeatures35  |    pointer   |
|xFeatures35_empty_n     |  in |    1|   ap_fifo  |  xFeatures35  |    pointer   |
|xFeatures35_read        | out |    1|   ap_fifo  |  xFeatures35  |    pointer   |
|xFeatures36_dout        |  in |   64|   ap_fifo  |  xFeatures36  |    pointer   |
|xFeatures36_empty_n     |  in |    1|   ap_fifo  |  xFeatures36  |    pointer   |
|xFeatures36_read        | out |    1|   ap_fifo  |  xFeatures36  |    pointer   |
|xFeatures37_dout        |  in |   64|   ap_fifo  |  xFeatures37  |    pointer   |
|xFeatures37_empty_n     |  in |    1|   ap_fifo  |  xFeatures37  |    pointer   |
|xFeatures37_read        | out |    1|   ap_fifo  |  xFeatures37  |    pointer   |
|xFeatures38_dout        |  in |   64|   ap_fifo  |  xFeatures38  |    pointer   |
|xFeatures38_empty_n     |  in |    1|   ap_fifo  |  xFeatures38  |    pointer   |
|xFeatures38_read        | out |    1|   ap_fifo  |  xFeatures38  |    pointer   |
|xFeatures39_dout        |  in |   64|   ap_fifo  |  xFeatures39  |    pointer   |
|xFeatures39_empty_n     |  in |    1|   ap_fifo  |  xFeatures39  |    pointer   |
|xFeatures39_read        | out |    1|   ap_fifo  |  xFeatures39  |    pointer   |
|xFeatures40_dout        |  in |   64|   ap_fifo  |  xFeatures40  |    pointer   |
|xFeatures40_empty_n     |  in |    1|   ap_fifo  |  xFeatures40  |    pointer   |
|xFeatures40_read        | out |    1|   ap_fifo  |  xFeatures40  |    pointer   |
|xFeatures41_dout        |  in |   64|   ap_fifo  |  xFeatures41  |    pointer   |
|xFeatures41_empty_n     |  in |    1|   ap_fifo  |  xFeatures41  |    pointer   |
|xFeatures41_read        | out |    1|   ap_fifo  |  xFeatures41  |    pointer   |
|xFeatures42_dout        |  in |   64|   ap_fifo  |  xFeatures42  |    pointer   |
|xFeatures42_empty_n     |  in |    1|   ap_fifo  |  xFeatures42  |    pointer   |
|xFeatures42_read        | out |    1|   ap_fifo  |  xFeatures42  |    pointer   |
|xFeatures43_dout        |  in |   64|   ap_fifo  |  xFeatures43  |    pointer   |
|xFeatures43_empty_n     |  in |    1|   ap_fifo  |  xFeatures43  |    pointer   |
|xFeatures43_read        | out |    1|   ap_fifo  |  xFeatures43  |    pointer   |
|xFeatures44_dout        |  in |   64|   ap_fifo  |  xFeatures44  |    pointer   |
|xFeatures44_empty_n     |  in |    1|   ap_fifo  |  xFeatures44  |    pointer   |
|xFeatures44_read        | out |    1|   ap_fifo  |  xFeatures44  |    pointer   |
|xFeatures45_dout        |  in |   64|   ap_fifo  |  xFeatures45  |    pointer   |
|xFeatures45_empty_n     |  in |    1|   ap_fifo  |  xFeatures45  |    pointer   |
|xFeatures45_read        | out |    1|   ap_fifo  |  xFeatures45  |    pointer   |
|xFeatures46_dout        |  in |   64|   ap_fifo  |  xFeatures46  |    pointer   |
|xFeatures46_empty_n     |  in |    1|   ap_fifo  |  xFeatures46  |    pointer   |
|xFeatures46_read        | out |    1|   ap_fifo  |  xFeatures46  |    pointer   |
|xFeatures47_dout        |  in |   64|   ap_fifo  |  xFeatures47  |    pointer   |
|xFeatures47_empty_n     |  in |    1|   ap_fifo  |  xFeatures47  |    pointer   |
|xFeatures47_read        | out |    1|   ap_fifo  |  xFeatures47  |    pointer   |
|xFeatures48_dout        |  in |   64|   ap_fifo  |  xFeatures48  |    pointer   |
|xFeatures48_empty_n     |  in |    1|   ap_fifo  |  xFeatures48  |    pointer   |
|xFeatures48_read        | out |    1|   ap_fifo  |  xFeatures48  |    pointer   |
|xFeatures49_dout        |  in |   64|   ap_fifo  |  xFeatures49  |    pointer   |
|xFeatures49_empty_n     |  in |    1|   ap_fifo  |  xFeatures49  |    pointer   |
|xFeatures49_read        | out |    1|   ap_fifo  |  xFeatures49  |    pointer   |
|xFeatures50_dout        |  in |   64|   ap_fifo  |  xFeatures50  |    pointer   |
|xFeatures50_empty_n     |  in |    1|   ap_fifo  |  xFeatures50  |    pointer   |
|xFeatures50_read        | out |    1|   ap_fifo  |  xFeatures50  |    pointer   |
|xFeatures51_dout        |  in |   64|   ap_fifo  |  xFeatures51  |    pointer   |
|xFeatures51_empty_n     |  in |    1|   ap_fifo  |  xFeatures51  |    pointer   |
|xFeatures51_read        | out |    1|   ap_fifo  |  xFeatures51  |    pointer   |
|xFeatures52_dout        |  in |   64|   ap_fifo  |  xFeatures52  |    pointer   |
|xFeatures52_empty_n     |  in |    1|   ap_fifo  |  xFeatures52  |    pointer   |
|xFeatures52_read        | out |    1|   ap_fifo  |  xFeatures52  |    pointer   |
|xFeatures53_dout        |  in |   64|   ap_fifo  |  xFeatures53  |    pointer   |
|xFeatures53_empty_n     |  in |    1|   ap_fifo  |  xFeatures53  |    pointer   |
|xFeatures53_read        | out |    1|   ap_fifo  |  xFeatures53  |    pointer   |
|xFeatures54_dout        |  in |   64|   ap_fifo  |  xFeatures54  |    pointer   |
|xFeatures54_empty_n     |  in |    1|   ap_fifo  |  xFeatures54  |    pointer   |
|xFeatures54_read        | out |    1|   ap_fifo  |  xFeatures54  |    pointer   |
|xFeatures55_dout        |  in |   64|   ap_fifo  |  xFeatures55  |    pointer   |
|xFeatures55_empty_n     |  in |    1|   ap_fifo  |  xFeatures55  |    pointer   |
|xFeatures55_read        | out |    1|   ap_fifo  |  xFeatures55  |    pointer   |
|xFeatures56_dout        |  in |   64|   ap_fifo  |  xFeatures56  |    pointer   |
|xFeatures56_empty_n     |  in |    1|   ap_fifo  |  xFeatures56  |    pointer   |
|xFeatures56_read        | out |    1|   ap_fifo  |  xFeatures56  |    pointer   |
|xFeatures57_dout        |  in |   64|   ap_fifo  |  xFeatures57  |    pointer   |
|xFeatures57_empty_n     |  in |    1|   ap_fifo  |  xFeatures57  |    pointer   |
|xFeatures57_read        | out |    1|   ap_fifo  |  xFeatures57  |    pointer   |
|xFeatures58_dout        |  in |   64|   ap_fifo  |  xFeatures58  |    pointer   |
|xFeatures58_empty_n     |  in |    1|   ap_fifo  |  xFeatures58  |    pointer   |
|xFeatures58_read        | out |    1|   ap_fifo  |  xFeatures58  |    pointer   |
|xFeatures59_dout        |  in |   64|   ap_fifo  |  xFeatures59  |    pointer   |
|xFeatures59_empty_n     |  in |    1|   ap_fifo  |  xFeatures59  |    pointer   |
|xFeatures59_read        | out |    1|   ap_fifo  |  xFeatures59  |    pointer   |
|xFeatures60_dout        |  in |   64|   ap_fifo  |  xFeatures60  |    pointer   |
|xFeatures60_empty_n     |  in |    1|   ap_fifo  |  xFeatures60  |    pointer   |
|xFeatures60_read        | out |    1|   ap_fifo  |  xFeatures60  |    pointer   |
|xFeatures61_dout        |  in |   64|   ap_fifo  |  xFeatures61  |    pointer   |
|xFeatures61_empty_n     |  in |    1|   ap_fifo  |  xFeatures61  |    pointer   |
|xFeatures61_read        | out |    1|   ap_fifo  |  xFeatures61  |    pointer   |
|xFeatures62_dout        |  in |   64|   ap_fifo  |  xFeatures62  |    pointer   |
|xFeatures62_empty_n     |  in |    1|   ap_fifo  |  xFeatures62  |    pointer   |
|xFeatures62_read        | out |    1|   ap_fifo  |  xFeatures62  |    pointer   |
|xFeatures63_dout        |  in |   64|   ap_fifo  |  xFeatures63  |    pointer   |
|xFeatures63_empty_n     |  in |    1|   ap_fifo  |  xFeatures63  |    pointer   |
|xFeatures63_read        | out |    1|   ap_fifo  |  xFeatures63  |    pointer   |
|xFeatures64_dout        |  in |   64|   ap_fifo  |  xFeatures64  |    pointer   |
|xFeatures64_empty_n     |  in |    1|   ap_fifo  |  xFeatures64  |    pointer   |
|xFeatures64_read        | out |    1|   ap_fifo  |  xFeatures64  |    pointer   |
|xFeatures65_dout        |  in |   64|   ap_fifo  |  xFeatures65  |    pointer   |
|xFeatures65_empty_n     |  in |    1|   ap_fifo  |  xFeatures65  |    pointer   |
|xFeatures65_read        | out |    1|   ap_fifo  |  xFeatures65  |    pointer   |
|xFeatures66_dout        |  in |   64|   ap_fifo  |  xFeatures66  |    pointer   |
|xFeatures66_empty_n     |  in |    1|   ap_fifo  |  xFeatures66  |    pointer   |
|xFeatures66_read        | out |    1|   ap_fifo  |  xFeatures66  |    pointer   |
|xFeatures67_dout        |  in |   64|   ap_fifo  |  xFeatures67  |    pointer   |
|xFeatures67_empty_n     |  in |    1|   ap_fifo  |  xFeatures67  |    pointer   |
|xFeatures67_read        | out |    1|   ap_fifo  |  xFeatures67  |    pointer   |
|xFeatures68_dout        |  in |   64|   ap_fifo  |  xFeatures68  |    pointer   |
|xFeatures68_empty_n     |  in |    1|   ap_fifo  |  xFeatures68  |    pointer   |
|xFeatures68_read        | out |    1|   ap_fifo  |  xFeatures68  |    pointer   |
|xFeatures69_dout        |  in |   64|   ap_fifo  |  xFeatures69  |    pointer   |
|xFeatures69_empty_n     |  in |    1|   ap_fifo  |  xFeatures69  |    pointer   |
|xFeatures69_read        | out |    1|   ap_fifo  |  xFeatures69  |    pointer   |
|xFeatures70_dout        |  in |   64|   ap_fifo  |  xFeatures70  |    pointer   |
|xFeatures70_empty_n     |  in |    1|   ap_fifo  |  xFeatures70  |    pointer   |
|xFeatures70_read        | out |    1|   ap_fifo  |  xFeatures70  |    pointer   |
|xFeatures71_dout        |  in |   64|   ap_fifo  |  xFeatures71  |    pointer   |
|xFeatures71_empty_n     |  in |    1|   ap_fifo  |  xFeatures71  |    pointer   |
|xFeatures71_read        | out |    1|   ap_fifo  |  xFeatures71  |    pointer   |
|xFeatures72_dout        |  in |   64|   ap_fifo  |  xFeatures72  |    pointer   |
|xFeatures72_empty_n     |  in |    1|   ap_fifo  |  xFeatures72  |    pointer   |
|xFeatures72_read        | out |    1|   ap_fifo  |  xFeatures72  |    pointer   |
|xFeatures73_dout        |  in |   64|   ap_fifo  |  xFeatures73  |    pointer   |
|xFeatures73_empty_n     |  in |    1|   ap_fifo  |  xFeatures73  |    pointer   |
|xFeatures73_read        | out |    1|   ap_fifo  |  xFeatures73  |    pointer   |
|xFeatures74_dout        |  in |   64|   ap_fifo  |  xFeatures74  |    pointer   |
|xFeatures74_empty_n     |  in |    1|   ap_fifo  |  xFeatures74  |    pointer   |
|xFeatures74_read        | out |    1|   ap_fifo  |  xFeatures74  |    pointer   |
|xFeatures75_dout        |  in |   64|   ap_fifo  |  xFeatures75  |    pointer   |
|xFeatures75_empty_n     |  in |    1|   ap_fifo  |  xFeatures75  |    pointer   |
|xFeatures75_read        | out |    1|   ap_fifo  |  xFeatures75  |    pointer   |
|xFeatures76_dout        |  in |   64|   ap_fifo  |  xFeatures76  |    pointer   |
|xFeatures76_empty_n     |  in |    1|   ap_fifo  |  xFeatures76  |    pointer   |
|xFeatures76_read        | out |    1|   ap_fifo  |  xFeatures76  |    pointer   |
|xFeatures77_dout        |  in |   64|   ap_fifo  |  xFeatures77  |    pointer   |
|xFeatures77_empty_n     |  in |    1|   ap_fifo  |  xFeatures77  |    pointer   |
|xFeatures77_read        | out |    1|   ap_fifo  |  xFeatures77  |    pointer   |
|xFeatures78_dout        |  in |   64|   ap_fifo  |  xFeatures78  |    pointer   |
|xFeatures78_empty_n     |  in |    1|   ap_fifo  |  xFeatures78  |    pointer   |
|xFeatures78_read        | out |    1|   ap_fifo  |  xFeatures78  |    pointer   |
|xFeatures79_dout        |  in |   64|   ap_fifo  |  xFeatures79  |    pointer   |
|xFeatures79_empty_n     |  in |    1|   ap_fifo  |  xFeatures79  |    pointer   |
|xFeatures79_read        | out |    1|   ap_fifo  |  xFeatures79  |    pointer   |
|xFeatures80_dout        |  in |   64|   ap_fifo  |  xFeatures80  |    pointer   |
|xFeatures80_empty_n     |  in |    1|   ap_fifo  |  xFeatures80  |    pointer   |
|xFeatures80_read        | out |    1|   ap_fifo  |  xFeatures80  |    pointer   |
|xFeatures81_dout        |  in |   64|   ap_fifo  |  xFeatures81  |    pointer   |
|xFeatures81_empty_n     |  in |    1|   ap_fifo  |  xFeatures81  |    pointer   |
|xFeatures81_read        | out |    1|   ap_fifo  |  xFeatures81  |    pointer   |
|xFeatures82_dout        |  in |   64|   ap_fifo  |  xFeatures82  |    pointer   |
|xFeatures82_empty_n     |  in |    1|   ap_fifo  |  xFeatures82  |    pointer   |
|xFeatures82_read        | out |    1|   ap_fifo  |  xFeatures82  |    pointer   |
|xFeatures83_dout        |  in |   64|   ap_fifo  |  xFeatures83  |    pointer   |
|xFeatures83_empty_n     |  in |    1|   ap_fifo  |  xFeatures83  |    pointer   |
|xFeatures83_read        | out |    1|   ap_fifo  |  xFeatures83  |    pointer   |
|xFeatures84_dout        |  in |   64|   ap_fifo  |  xFeatures84  |    pointer   |
|xFeatures84_empty_n     |  in |    1|   ap_fifo  |  xFeatures84  |    pointer   |
|xFeatures84_read        | out |    1|   ap_fifo  |  xFeatures84  |    pointer   |
|xFeatures85_dout        |  in |   64|   ap_fifo  |  xFeatures85  |    pointer   |
|xFeatures85_empty_n     |  in |    1|   ap_fifo  |  xFeatures85  |    pointer   |
|xFeatures85_read        | out |    1|   ap_fifo  |  xFeatures85  |    pointer   |
|xFeatures86_dout        |  in |   64|   ap_fifo  |  xFeatures86  |    pointer   |
|xFeatures86_empty_n     |  in |    1|   ap_fifo  |  xFeatures86  |    pointer   |
|xFeatures86_read        | out |    1|   ap_fifo  |  xFeatures86  |    pointer   |
|xFeatures87_dout        |  in |   64|   ap_fifo  |  xFeatures87  |    pointer   |
|xFeatures87_empty_n     |  in |    1|   ap_fifo  |  xFeatures87  |    pointer   |
|xFeatures87_read        | out |    1|   ap_fifo  |  xFeatures87  |    pointer   |
|xFeatures88_dout        |  in |   64|   ap_fifo  |  xFeatures88  |    pointer   |
|xFeatures88_empty_n     |  in |    1|   ap_fifo  |  xFeatures88  |    pointer   |
|xFeatures88_read        | out |    1|   ap_fifo  |  xFeatures88  |    pointer   |
|xFeatures89_dout        |  in |   64|   ap_fifo  |  xFeatures89  |    pointer   |
|xFeatures89_empty_n     |  in |    1|   ap_fifo  |  xFeatures89  |    pointer   |
|xFeatures89_read        | out |    1|   ap_fifo  |  xFeatures89  |    pointer   |
|xFeatures90_dout        |  in |   64|   ap_fifo  |  xFeatures90  |    pointer   |
|xFeatures90_empty_n     |  in |    1|   ap_fifo  |  xFeatures90  |    pointer   |
|xFeatures90_read        | out |    1|   ap_fifo  |  xFeatures90  |    pointer   |
|xFeatures91_dout        |  in |   64|   ap_fifo  |  xFeatures91  |    pointer   |
|xFeatures91_empty_n     |  in |    1|   ap_fifo  |  xFeatures91  |    pointer   |
|xFeatures91_read        | out |    1|   ap_fifo  |  xFeatures91  |    pointer   |
|xFeatures92_dout        |  in |   64|   ap_fifo  |  xFeatures92  |    pointer   |
|xFeatures92_empty_n     |  in |    1|   ap_fifo  |  xFeatures92  |    pointer   |
|xFeatures92_read        | out |    1|   ap_fifo  |  xFeatures92  |    pointer   |
|xFeatures93_dout        |  in |   64|   ap_fifo  |  xFeatures93  |    pointer   |
|xFeatures93_empty_n     |  in |    1|   ap_fifo  |  xFeatures93  |    pointer   |
|xFeatures93_read        | out |    1|   ap_fifo  |  xFeatures93  |    pointer   |
|xFeatures94_dout        |  in |   64|   ap_fifo  |  xFeatures94  |    pointer   |
|xFeatures94_empty_n     |  in |    1|   ap_fifo  |  xFeatures94  |    pointer   |
|xFeatures94_read        | out |    1|   ap_fifo  |  xFeatures94  |    pointer   |
|xFeatures95_dout        |  in |   64|   ap_fifo  |  xFeatures95  |    pointer   |
|xFeatures95_empty_n     |  in |    1|   ap_fifo  |  xFeatures95  |    pointer   |
|xFeatures95_read        | out |    1|   ap_fifo  |  xFeatures95  |    pointer   |
|xFeatures96_dout        |  in |   64|   ap_fifo  |  xFeatures96  |    pointer   |
|xFeatures96_empty_n     |  in |    1|   ap_fifo  |  xFeatures96  |    pointer   |
|xFeatures96_read        | out |    1|   ap_fifo  |  xFeatures96  |    pointer   |
|xFeatures97_dout        |  in |   64|   ap_fifo  |  xFeatures97  |    pointer   |
|xFeatures97_empty_n     |  in |    1|   ap_fifo  |  xFeatures97  |    pointer   |
|xFeatures97_read        | out |    1|   ap_fifo  |  xFeatures97  |    pointer   |
|xFeatures98_dout        |  in |   64|   ap_fifo  |  xFeatures98  |    pointer   |
|xFeatures98_empty_n     |  in |    1|   ap_fifo  |  xFeatures98  |    pointer   |
|xFeatures98_read        | out |    1|   ap_fifo  |  xFeatures98  |    pointer   |
|xFeatures99_dout        |  in |   64|   ap_fifo  |  xFeatures99  |    pointer   |
|xFeatures99_empty_n     |  in |    1|   ap_fifo  |  xFeatures99  |    pointer   |
|xFeatures99_read        | out |    1|   ap_fifo  |  xFeatures99  |    pointer   |
|xFeatures100_dout       |  in |   64|   ap_fifo  |  xFeatures100 |    pointer   |
|xFeatures100_empty_n    |  in |    1|   ap_fifo  |  xFeatures100 |    pointer   |
|xFeatures100_read       | out |    1|   ap_fifo  |  xFeatures100 |    pointer   |
|xFeatures101_dout       |  in |   64|   ap_fifo  |  xFeatures101 |    pointer   |
|xFeatures101_empty_n    |  in |    1|   ap_fifo  |  xFeatures101 |    pointer   |
|xFeatures101_read       | out |    1|   ap_fifo  |  xFeatures101 |    pointer   |
|xFeatures102_dout       |  in |   64|   ap_fifo  |  xFeatures102 |    pointer   |
|xFeatures102_empty_n    |  in |    1|   ap_fifo  |  xFeatures102 |    pointer   |
|xFeatures102_read       | out |    1|   ap_fifo  |  xFeatures102 |    pointer   |
|xFeatures103_dout       |  in |   64|   ap_fifo  |  xFeatures103 |    pointer   |
|xFeatures103_empty_n    |  in |    1|   ap_fifo  |  xFeatures103 |    pointer   |
|xFeatures103_read       | out |    1|   ap_fifo  |  xFeatures103 |    pointer   |
|xFeatures104_dout       |  in |   64|   ap_fifo  |  xFeatures104 |    pointer   |
|xFeatures104_empty_n    |  in |    1|   ap_fifo  |  xFeatures104 |    pointer   |
|xFeatures104_read       | out |    1|   ap_fifo  |  xFeatures104 |    pointer   |
|xFeatures105_dout       |  in |   64|   ap_fifo  |  xFeatures105 |    pointer   |
|xFeatures105_empty_n    |  in |    1|   ap_fifo  |  xFeatures105 |    pointer   |
|xFeatures105_read       | out |    1|   ap_fifo  |  xFeatures105 |    pointer   |
|xFeatures106_dout       |  in |   64|   ap_fifo  |  xFeatures106 |    pointer   |
|xFeatures106_empty_n    |  in |    1|   ap_fifo  |  xFeatures106 |    pointer   |
|xFeatures106_read       | out |    1|   ap_fifo  |  xFeatures106 |    pointer   |
|xFeatures107_dout       |  in |   64|   ap_fifo  |  xFeatures107 |    pointer   |
|xFeatures107_empty_n    |  in |    1|   ap_fifo  |  xFeatures107 |    pointer   |
|xFeatures107_read       | out |    1|   ap_fifo  |  xFeatures107 |    pointer   |
|xFeatures108_dout       |  in |   64|   ap_fifo  |  xFeatures108 |    pointer   |
|xFeatures108_empty_n    |  in |    1|   ap_fifo  |  xFeatures108 |    pointer   |
|xFeatures108_read       | out |    1|   ap_fifo  |  xFeatures108 |    pointer   |
|xFeatures109_dout       |  in |   64|   ap_fifo  |  xFeatures109 |    pointer   |
|xFeatures109_empty_n    |  in |    1|   ap_fifo  |  xFeatures109 |    pointer   |
|xFeatures109_read       | out |    1|   ap_fifo  |  xFeatures109 |    pointer   |
|xFeatures110_dout       |  in |   64|   ap_fifo  |  xFeatures110 |    pointer   |
|xFeatures110_empty_n    |  in |    1|   ap_fifo  |  xFeatures110 |    pointer   |
|xFeatures110_read       | out |    1|   ap_fifo  |  xFeatures110 |    pointer   |
|xFeatures111_dout       |  in |   64|   ap_fifo  |  xFeatures111 |    pointer   |
|xFeatures111_empty_n    |  in |    1|   ap_fifo  |  xFeatures111 |    pointer   |
|xFeatures111_read       | out |    1|   ap_fifo  |  xFeatures111 |    pointer   |
|xFeatures112_dout       |  in |   64|   ap_fifo  |  xFeatures112 |    pointer   |
|xFeatures112_empty_n    |  in |    1|   ap_fifo  |  xFeatures112 |    pointer   |
|xFeatures112_read       | out |    1|   ap_fifo  |  xFeatures112 |    pointer   |
|xFeatures113_dout       |  in |   64|   ap_fifo  |  xFeatures113 |    pointer   |
|xFeatures113_empty_n    |  in |    1|   ap_fifo  |  xFeatures113 |    pointer   |
|xFeatures113_read       | out |    1|   ap_fifo  |  xFeatures113 |    pointer   |
|xFeatures114_dout       |  in |   64|   ap_fifo  |  xFeatures114 |    pointer   |
|xFeatures114_empty_n    |  in |    1|   ap_fifo  |  xFeatures114 |    pointer   |
|xFeatures114_read       | out |    1|   ap_fifo  |  xFeatures114 |    pointer   |
|xFeatures115_dout       |  in |   64|   ap_fifo  |  xFeatures115 |    pointer   |
|xFeatures115_empty_n    |  in |    1|   ap_fifo  |  xFeatures115 |    pointer   |
|xFeatures115_read       | out |    1|   ap_fifo  |  xFeatures115 |    pointer   |
|xFeatures116_dout       |  in |   64|   ap_fifo  |  xFeatures116 |    pointer   |
|xFeatures116_empty_n    |  in |    1|   ap_fifo  |  xFeatures116 |    pointer   |
|xFeatures116_read       | out |    1|   ap_fifo  |  xFeatures116 |    pointer   |
|xFeatures117_dout       |  in |   64|   ap_fifo  |  xFeatures117 |    pointer   |
|xFeatures117_empty_n    |  in |    1|   ap_fifo  |  xFeatures117 |    pointer   |
|xFeatures117_read       | out |    1|   ap_fifo  |  xFeatures117 |    pointer   |
|xFeatures118_dout       |  in |   64|   ap_fifo  |  xFeatures118 |    pointer   |
|xFeatures118_empty_n    |  in |    1|   ap_fifo  |  xFeatures118 |    pointer   |
|xFeatures118_read       | out |    1|   ap_fifo  |  xFeatures118 |    pointer   |
|xFeatures119_dout       |  in |   64|   ap_fifo  |  xFeatures119 |    pointer   |
|xFeatures119_empty_n    |  in |    1|   ap_fifo  |  xFeatures119 |    pointer   |
|xFeatures119_read       | out |    1|   ap_fifo  |  xFeatures119 |    pointer   |
|xFeatures120_dout       |  in |   64|   ap_fifo  |  xFeatures120 |    pointer   |
|xFeatures120_empty_n    |  in |    1|   ap_fifo  |  xFeatures120 |    pointer   |
|xFeatures120_read       | out |    1|   ap_fifo  |  xFeatures120 |    pointer   |
|xFeatures121_dout       |  in |   64|   ap_fifo  |  xFeatures121 |    pointer   |
|xFeatures121_empty_n    |  in |    1|   ap_fifo  |  xFeatures121 |    pointer   |
|xFeatures121_read       | out |    1|   ap_fifo  |  xFeatures121 |    pointer   |
|xFeatures122_dout       |  in |   64|   ap_fifo  |  xFeatures122 |    pointer   |
|xFeatures122_empty_n    |  in |    1|   ap_fifo  |  xFeatures122 |    pointer   |
|xFeatures122_read       | out |    1|   ap_fifo  |  xFeatures122 |    pointer   |
|xFeatures123_dout       |  in |   64|   ap_fifo  |  xFeatures123 |    pointer   |
|xFeatures123_empty_n    |  in |    1|   ap_fifo  |  xFeatures123 |    pointer   |
|xFeatures123_read       | out |    1|   ap_fifo  |  xFeatures123 |    pointer   |
|xFeatures124_dout       |  in |   64|   ap_fifo  |  xFeatures124 |    pointer   |
|xFeatures124_empty_n    |  in |    1|   ap_fifo  |  xFeatures124 |    pointer   |
|xFeatures124_read       | out |    1|   ap_fifo  |  xFeatures124 |    pointer   |
|xFeatures125_dout       |  in |   64|   ap_fifo  |  xFeatures125 |    pointer   |
|xFeatures125_empty_n    |  in |    1|   ap_fifo  |  xFeatures125 |    pointer   |
|xFeatures125_read       | out |    1|   ap_fifo  |  xFeatures125 |    pointer   |
|xFeatures126_dout       |  in |   64|   ap_fifo  |  xFeatures126 |    pointer   |
|xFeatures126_empty_n    |  in |    1|   ap_fifo  |  xFeatures126 |    pointer   |
|xFeatures126_read       | out |    1|   ap_fifo  |  xFeatures126 |    pointer   |
|xFeatures127_dout       |  in |   64|   ap_fifo  |  xFeatures127 |    pointer   |
|xFeatures127_empty_n    |  in |    1|   ap_fifo  |  xFeatures127 |    pointer   |
|xFeatures127_read       | out |    1|   ap_fifo  |  xFeatures127 |    pointer   |
+------------------------+-----+-----+------------+---------------+--------------+

