

================================================================
== Vivado HLS Report for 'epilogue'
================================================================
* Date:           Sat Aug 22 15:08:57 2020

* Version:        2019.2 (Build 2704478 on Wed Nov 06 22:10:23 MST 2019)
* Project:        knn
* Solution:       solution1
* Product family: zynq
* Target device:  xc7z020-clg484-1


================================================================
== Performance Estimates
================================================================
+ Timing: 
    * Summary: 
    +--------+----------+----------+------------+
    |  Clock |  Target  | Estimated| Uncertainty|
    +--------+----------+----------+------------+
    |ap_clk  | 10.00 ns | 8.750 ns |   1.25 ns  |
    +--------+----------+----------+------------+

+ Latency: 
    * Summary: 
    +---------+---------+----------+----------+-----+-----+---------+
    |  Latency (cycles) |  Latency (absolute) |  Interval | Pipeline|
    |   min   |   max   |    min   |    max   | min | max |   Type  |
    +---------+---------+----------+----------+-----+-----+---------+
    |      114|      114| 1.140 us | 1.140 us |  114|  114|   none  |
    +---------+---------+----------+----------+-----+-----+---------+

    + Detail: 
        * Instance: 
        +----------------------------------+-----------------------+---------+---------+-----------+-----------+-----+-----+---------+
        |                                  |                       |  Latency (cycles) |   Latency (absolute)  |  Interval | Pipeline|
        |             Instance             |         Module        |   min   |   max   |    min    |    max    | min | max |   Type  |
        +----------------------------------+-----------------------+---------+---------+-----------+-----------+-----+-----+---------+
        |grp_p_hls_fptosi_double_s_fu_379  |p_hls_fptosi_double_s  |        1|        1| 10.000 ns | 10.000 ns |    1|    1|   none  |
        +----------------------------------+-----------------------+---------+---------+-----------+-----------+-----+-----+---------+

        * Loop: 
        N/A



================================================================
== Utilization Estimates
================================================================
* Summary: 
+-----------------+---------+-------+--------+-------+-----+
|       Name      | BRAM_18K| DSP48E|   FF   |  LUT  | URAM|
+-----------------+---------+-------+--------+-------+-----+
|DSP              |        -|      -|       -|      -|    -|
|Expression       |        -|      -|       0|   3381|    -|
|FIFO             |        -|      -|       -|      -|    -|
|Instance         |        -|      0|     847|   2391|    -|
|Memory           |        1|      -|     128|      3|    0|
|Multiplexer      |        -|      -|       -|   1115|    -|
|Register         |        -|      -|    1390|      -|    -|
+-----------------+---------+-------+--------+-------+-----+
|Total            |        1|      0|    2365|   6890|    0|
+-----------------+---------+-------+--------+-------+-----+
|Available        |      280|    220|  106400|  53200|    0|
+-----------------+---------+-------+--------+-------+-----+
|Utilization (%)  |    ~0   |      0|       2|     12|    0|
+-----------------+---------+-------+--------+-------+-----+

+ Detail: 
    * Instance: 
    +----------------------------------+-----------------------+---------+-------+-----+-----+-----+
    |             Instance             |         Module        | BRAM_18K| DSP48E|  FF | LUT | URAM|
    +----------------------------------+-----------------------+---------+-------+-----+-----+-----+
    |knn_8p32f_8paralldEe_U632         |knn_8p32f_8paralldEe   |        0|      0|  128|  277|    0|
    |knn_8p32f_8paralleOg_U633         |knn_8p32f_8paralleOg   |        0|      0|  100|  138|    0|
    |knn_8p32f_8paralljbC_U634         |knn_8p32f_8paralljbC   |        0|      0|   66|  239|    0|
    |knn_8p32f_8parallkbM_U635         |knn_8p32f_8parallkbM   |        0|      0|  130|  469|    0|
    |knn_8p32f_8paralllbW_U636         |knn_8p32f_8paralllbW   |        0|      0|  412|  645|    0|
    |grp_p_hls_fptosi_double_s_fu_379  |p_hls_fptosi_double_s  |        0|      0|   11|  623|    0|
    +----------------------------------+-----------------------+---------+-------+-----+-----+-----+
    |Total                             |                       |        0|      0|  847| 2391|    0|
    +----------------------------------+-----------------------+---------+-------+-----+-----+-----+

    * DSP48E: 
    N/A

    * Memory: 
    +-----------------------+----------------------+---------+-----+----+-----+------+-----+------+-------------+
    |         Memory        |        Module        | BRAM_18K|  FF | LUT| URAM| Words| Bits| Banks| W*Bits*Banks|
    +-----------------------+----------------------+---------+-----+----+-----+------+-----+------+-------------+
    |BestPointsClasses_U    |epilogue_BestPoinhbi  |        1|    0|   0|    0|     3|    8|     1|           24|
    |BestPointsDistances_U  |epilogue_BestPoinibs  |        0|  128|   3|    0|     3|   64|     1|          192|
    +-----------------------+----------------------+---------+-----+----+-----+------+-----+------+-------------+
    |Total                  |                      |        1|  128|   3|    0|     6|   72|     2|          216|
    +-----------------------+----------------------+---------+-----+----+-----+------+-----+------+-------------+

    * FIFO: 
    N/A

    * Expression: 
    +---------------------------+----------+-------+---+----+------------+------------+
    |       Variable Name       | Operation| DSP48E| FF| LUT| Bitwidth P0| Bitwidth P1|
    +---------------------------+----------+-------+---+----+------------+------------+
    |and_ln403_fu_475_p2        |    and   |      0|  0|   2|           1|           1|
    |and_ln419_fu_525_p2        |    and   |      0|  0|   2|           1|           1|
    |and_ln426_fu_574_p2        |    and   |      0|  0|   2|           1|           1|
    |and_ln438_1_fu_661_p2      |    and   |      0|  0|   2|           1|           1|
    |and_ln438_fu_655_p2        |    and   |      0|  0|   2|           1|           1|
    |and_ln454_fu_720_p2        |    and   |      0|  0|   2|           1|           1|
    |and_ln461_1_fu_811_p2      |    and   |      0|  0|   2|           1|           1|
    |and_ln461_fu_805_p2        |    and   |      0|  0|   2|           1|           1|
    |and_ln468_1_fu_908_p2      |    and   |      0|  0|   2|           1|           1|
    |and_ln468_fu_902_p2        |    and   |      0|  0|   2|           1|           1|
    |and_ln473_1_fu_1017_p2     |    and   |      0|  0|   2|           1|           1|
    |and_ln473_fu_1011_p2       |    and   |      0|  0|   2|           1|           1|
    |and_ln489_fu_1072_p2       |    and   |      0|  0|   2|           1|           1|
    |and_ln496_1_fu_1163_p2     |    and   |      0|  0|   2|           1|           1|
    |and_ln496_fu_1157_p2       |    and   |      0|  0|   2|           1|           1|
    |and_ln503_1_fu_1264_p2     |    and   |      0|  0|   2|           1|           1|
    |and_ln503_fu_1258_p2       |    and   |      0|  0|   2|           1|           1|
    |and_ln508_1_fu_1362_p2     |    and   |      0|  0|   2|           1|           1|
    |and_ln508_fu_1356_p2       |    and   |      0|  0|   2|           1|           1|
    |and_ln524_fu_1428_p2       |    and   |      0|  0|   2|           1|           1|
    |and_ln531_1_fu_1519_p2     |    and   |      0|  0|   2|           1|           1|
    |and_ln531_fu_1513_p2       |    and   |      0|  0|   2|           1|           1|
    |and_ln538_1_fu_1609_p2     |    and   |      0|  0|   2|           1|           1|
    |and_ln538_fu_1603_p2       |    and   |      0|  0|   2|           1|           1|
    |and_ln543_1_fu_1707_p2     |    and   |      0|  0|   2|           1|           1|
    |and_ln543_fu_1701_p2       |    and   |      0|  0|   2|           1|           1|
    |and_ln559_fu_1773_p2       |    and   |      0|  0|   2|           1|           1|
    |and_ln566_1_fu_1864_p2     |    and   |      0|  0|   2|           1|           1|
    |and_ln566_fu_1858_p2       |    and   |      0|  0|   2|           1|           1|
    |and_ln573_1_fu_1954_p2     |    and   |      0|  0|   2|           1|           1|
    |and_ln573_fu_1948_p2       |    and   |      0|  0|   2|           1|           1|
    |and_ln578_1_fu_2052_p2     |    and   |      0|  0|   2|           1|           1|
    |and_ln578_fu_2046_p2       |    and   |      0|  0|   2|           1|           1|
    |and_ln594_fu_2118_p2       |    and   |      0|  0|   2|           1|           1|
    |and_ln601_1_fu_2209_p2     |    and   |      0|  0|   2|           1|           1|
    |and_ln601_fu_2203_p2       |    and   |      0|  0|   2|           1|           1|
    |and_ln608_1_fu_2299_p2     |    and   |      0|  0|   2|           1|           1|
    |and_ln608_fu_2293_p2       |    and   |      0|  0|   2|           1|           1|
    |and_ln613_1_fu_2397_p2     |    and   |      0|  0|   2|           1|           1|
    |and_ln613_fu_2391_p2       |    and   |      0|  0|   2|           1|           1|
    |and_ln629_fu_2463_p2       |    and   |      0|  0|   2|           1|           1|
    |and_ln636_1_fu_2554_p2     |    and   |      0|  0|   2|           1|           1|
    |and_ln636_fu_2548_p2       |    and   |      0|  0|   2|           1|           1|
    |and_ln643_1_fu_2644_p2     |    and   |      0|  0|   2|           1|           1|
    |and_ln643_fu_2638_p2       |    and   |      0|  0|   2|           1|           1|
    |and_ln648_1_fu_2748_p2     |    and   |      0|  0|   2|           1|           1|
    |and_ln648_fu_2742_p2       |    and   |      0|  0|   2|           1|           1|
    |and_ln672_1_fu_2850_p2     |    and   |      0|  0|   2|           1|           1|
    |and_ln672_fu_2844_p2       |    and   |      0|  0|   2|           1|           1|
    |and_ln678_1_fu_2952_p2     |    and   |      0|  0|   2|           1|           1|
    |and_ln678_fu_2946_p2       |    and   |      0|  0|   2|           1|           1|
    |icmp_ln403_1_fu_463_p2     |   icmp   |      0|  0|  29|          52|           1|
    |icmp_ln403_fu_457_p2       |   icmp   |      0|  0|  13|          11|           2|
    |icmp_ln419_1_fu_513_p2     |   icmp   |      0|  0|  18|          23|           1|
    |icmp_ln419_fu_507_p2       |   icmp   |      0|  0|  11|           8|           2|
    |icmp_ln426_1_fu_562_p2     |   icmp   |      0|  0|  18|          23|           1|
    |icmp_ln426_fu_556_p2       |   icmp   |      0|  0|  11|           8|           2|
    |icmp_ln438_1_fu_610_p2     |   icmp   |      0|  0|  29|          52|           1|
    |icmp_ln438_2_fu_637_p2     |   icmp   |      0|  0|  13|          11|           2|
    |icmp_ln438_3_fu_643_p2     |   icmp   |      0|  0|  29|          52|           1|
    |icmp_ln438_fu_604_p2       |   icmp   |      0|  0|  13|          11|           2|
    |icmp_ln454_1_fu_708_p2     |   icmp   |      0|  0|  18|          23|           1|
    |icmp_ln454_fu_702_p2       |   icmp   |      0|  0|  11|           8|           2|
    |icmp_ln461_1_fu_775_p2     |   icmp   |      0|  0|  18|          23|           1|
    |icmp_ln461_2_fu_787_p2     |   icmp   |      0|  0|  11|           8|           2|
    |icmp_ln461_3_fu_793_p2     |   icmp   |      0|  0|  18|          23|           1|
    |icmp_ln461_fu_769_p2       |   icmp   |      0|  0|  11|           8|           2|
    |icmp_ln468_1_fu_872_p2     |   icmp   |      0|  0|  18|          23|           1|
    |icmp_ln468_2_fu_884_p2     |   icmp   |      0|  0|  11|           8|           2|
    |icmp_ln468_3_fu_890_p2     |   icmp   |      0|  0|  18|          23|           1|
    |icmp_ln468_fu_866_p2       |   icmp   |      0|  0|  11|           8|           2|
    |icmp_ln473_1_fu_952_p2     |   icmp   |      0|  0|  29|          52|           1|
    |icmp_ln473_2_fu_993_p2     |   icmp   |      0|  0|  13|          11|           2|
    |icmp_ln473_3_fu_999_p2     |   icmp   |      0|  0|  29|          52|           1|
    |icmp_ln473_fu_946_p2       |   icmp   |      0|  0|  13|          11|           2|
    |icmp_ln489_1_fu_1060_p2    |   icmp   |      0|  0|  18|          23|           1|
    |icmp_ln489_fu_1054_p2      |   icmp   |      0|  0|  11|           8|           2|
    |icmp_ln496_1_fu_1127_p2    |   icmp   |      0|  0|  18|          23|           1|
    |icmp_ln496_2_fu_1139_p2    |   icmp   |      0|  0|  11|           8|           2|
    |icmp_ln496_3_fu_1145_p2    |   icmp   |      0|  0|  18|          23|           1|
    |icmp_ln496_fu_1121_p2      |   icmp   |      0|  0|  11|           8|           2|
    |icmp_ln503_1_fu_1228_p2    |   icmp   |      0|  0|  18|          23|           1|
    |icmp_ln503_2_fu_1240_p2    |   icmp   |      0|  0|  11|           8|           2|
    |icmp_ln503_3_fu_1246_p2    |   icmp   |      0|  0|  18|          23|           1|
    |icmp_ln503_fu_1222_p2      |   icmp   |      0|  0|  11|           8|           2|
    |icmp_ln508_1_fu_1301_p2    |   icmp   |      0|  0|  29|          52|           1|
    |icmp_ln508_2_fu_1338_p2    |   icmp   |      0|  0|  13|          11|           2|
    |icmp_ln508_3_fu_1344_p2    |   icmp   |      0|  0|  29|          52|           1|
    |icmp_ln508_fu_1295_p2      |   icmp   |      0|  0|  13|          11|           2|
    |icmp_ln524_1_fu_1416_p2    |   icmp   |      0|  0|  18|          23|           1|
    |icmp_ln524_fu_1410_p2      |   icmp   |      0|  0|  11|           8|           2|
    |icmp_ln531_1_fu_1483_p2    |   icmp   |      0|  0|  18|          23|           1|
    |icmp_ln531_2_fu_1495_p2    |   icmp   |      0|  0|  11|           8|           2|
    |icmp_ln531_3_fu_1501_p2    |   icmp   |      0|  0|  18|          23|           1|
    |icmp_ln531_fu_1477_p2      |   icmp   |      0|  0|  11|           8|           2|
    |icmp_ln538_1_fu_1573_p2    |   icmp   |      0|  0|  18|          23|           1|
    |icmp_ln538_2_fu_1585_p2    |   icmp   |      0|  0|  11|           8|           2|
    |icmp_ln538_3_fu_1591_p2    |   icmp   |      0|  0|  18|          23|           1|
    |icmp_ln538_fu_1567_p2      |   icmp   |      0|  0|  11|           8|           2|
    |icmp_ln543_1_fu_1646_p2    |   icmp   |      0|  0|  29|          52|           1|
    |icmp_ln543_2_fu_1683_p2    |   icmp   |      0|  0|  13|          11|           2|
    |icmp_ln543_3_fu_1689_p2    |   icmp   |      0|  0|  29|          52|           1|
    |icmp_ln543_fu_1640_p2      |   icmp   |      0|  0|  13|          11|           2|
    |icmp_ln559_1_fu_1761_p2    |   icmp   |      0|  0|  18|          23|           1|
    |icmp_ln559_fu_1755_p2      |   icmp   |      0|  0|  11|           8|           2|
    |icmp_ln566_1_fu_1828_p2    |   icmp   |      0|  0|  18|          23|           1|
    |icmp_ln566_2_fu_1840_p2    |   icmp   |      0|  0|  11|           8|           2|
    |icmp_ln566_3_fu_1846_p2    |   icmp   |      0|  0|  18|          23|           1|
    |icmp_ln566_fu_1822_p2      |   icmp   |      0|  0|  11|           8|           2|
    |icmp_ln573_1_fu_1918_p2    |   icmp   |      0|  0|  18|          23|           1|
    |icmp_ln573_2_fu_1930_p2    |   icmp   |      0|  0|  11|           8|           2|
    |icmp_ln573_3_fu_1936_p2    |   icmp   |      0|  0|  18|          23|           1|
    |icmp_ln573_fu_1912_p2      |   icmp   |      0|  0|  11|           8|           2|
    |icmp_ln578_1_fu_1991_p2    |   icmp   |      0|  0|  29|          52|           1|
    |icmp_ln578_2_fu_2028_p2    |   icmp   |      0|  0|  13|          11|           2|
    |icmp_ln578_3_fu_2034_p2    |   icmp   |      0|  0|  29|          52|           1|
    |icmp_ln578_fu_1985_p2      |   icmp   |      0|  0|  13|          11|           2|
    |icmp_ln594_1_fu_2106_p2    |   icmp   |      0|  0|  18|          23|           1|
    |icmp_ln594_fu_2100_p2      |   icmp   |      0|  0|  11|           8|           2|
    |icmp_ln601_1_fu_2173_p2    |   icmp   |      0|  0|  18|          23|           1|
    |icmp_ln601_2_fu_2185_p2    |   icmp   |      0|  0|  11|           8|           2|
    |icmp_ln601_3_fu_2191_p2    |   icmp   |      0|  0|  18|          23|           1|
    |icmp_ln601_fu_2167_p2      |   icmp   |      0|  0|  11|           8|           2|
    |icmp_ln608_1_fu_2263_p2    |   icmp   |      0|  0|  18|          23|           1|
    |icmp_ln608_2_fu_2275_p2    |   icmp   |      0|  0|  11|           8|           2|
    |icmp_ln608_3_fu_2281_p2    |   icmp   |      0|  0|  18|          23|           1|
    |icmp_ln608_fu_2257_p2      |   icmp   |      0|  0|  11|           8|           2|
    |icmp_ln613_1_fu_2336_p2    |   icmp   |      0|  0|  29|          52|           1|
    |icmp_ln613_2_fu_2373_p2    |   icmp   |      0|  0|  13|          11|           2|
    |icmp_ln613_3_fu_2379_p2    |   icmp   |      0|  0|  29|          52|           1|
    |icmp_ln613_fu_2330_p2      |   icmp   |      0|  0|  13|          11|           2|
    |icmp_ln629_1_fu_2451_p2    |   icmp   |      0|  0|  18|          23|           1|
    |icmp_ln629_fu_2445_p2      |   icmp   |      0|  0|  11|           8|           2|
    |icmp_ln636_1_fu_2518_p2    |   icmp   |      0|  0|  18|          23|           1|
    |icmp_ln636_2_fu_2530_p2    |   icmp   |      0|  0|  11|           8|           2|
    |icmp_ln636_3_fu_2536_p2    |   icmp   |      0|  0|  18|          23|           1|
    |icmp_ln636_fu_2512_p2      |   icmp   |      0|  0|  11|           8|           2|
    |icmp_ln643_1_fu_2608_p2    |   icmp   |      0|  0|  18|          23|           1|
    |icmp_ln643_2_fu_2620_p2    |   icmp   |      0|  0|  11|           8|           2|
    |icmp_ln643_3_fu_2626_p2    |   icmp   |      0|  0|  18|          23|           1|
    |icmp_ln643_fu_2602_p2      |   icmp   |      0|  0|  11|           8|           2|
    |icmp_ln648_1_fu_2691_p2    |   icmp   |      0|  0|  29|          52|           1|
    |icmp_ln648_2_fu_2724_p2    |   icmp   |      0|  0|  13|          11|           2|
    |icmp_ln648_3_fu_2730_p2    |   icmp   |      0|  0|  29|          52|           1|
    |icmp_ln648_fu_2685_p2      |   icmp   |      0|  0|  13|          11|           2|
    |icmp_ln668_fu_2922_p2      |   icmp   |      0|  0|  11|           8|           8|
    |icmp_ln669_fu_2927_p2      |   icmp   |      0|  0|  11|           8|           8|
    |icmp_ln670_fu_2932_p2      |   icmp   |      0|  0|  11|           8|           8|
    |icmp_ln672_1_fu_2814_p2    |   icmp   |      0|  0|  29|          52|           1|
    |icmp_ln672_2_fu_2826_p2    |   icmp   |      0|  0|  13|          11|           2|
    |icmp_ln672_3_fu_2832_p2    |   icmp   |      0|  0|  29|          52|           1|
    |icmp_ln672_fu_2808_p2      |   icmp   |      0|  0|  13|          11|           2|
    |icmp_ln678_1_fu_2904_p2    |   icmp   |      0|  0|  29|          52|           1|
    |icmp_ln678_2_fu_2910_p2    |   icmp   |      0|  0|  13|          11|           2|
    |icmp_ln678_3_fu_2916_p2    |   icmp   |      0|  0|  29|          52|           1|
    |icmp_ln678_fu_2898_p2      |   icmp   |      0|  0|  13|          11|           2|
    |ap_block_state1            |    or    |      0|  0|   2|           1|           1|
    |or_ln403_fu_469_p2         |    or    |      0|  0|   2|           1|           1|
    |or_ln419_fu_519_p2         |    or    |      0|  0|   2|           1|           1|
    |or_ln426_fu_568_p2         |    or    |      0|  0|   2|           1|           1|
    |or_ln438_1_fu_649_p2       |    or    |      0|  0|   2|           1|           1|
    |or_ln438_fu_633_p2         |    or    |      0|  0|   2|           1|           1|
    |or_ln454_fu_714_p2         |    or    |      0|  0|   2|           1|           1|
    |or_ln461_1_fu_799_p2       |    or    |      0|  0|   2|           1|           1|
    |or_ln461_fu_781_p2         |    or    |      0|  0|   2|           1|           1|
    |or_ln468_1_fu_896_p2       |    or    |      0|  0|   2|           1|           1|
    |or_ln468_fu_878_p2         |    or    |      0|  0|   2|           1|           1|
    |or_ln473_1_fu_1005_p2      |    or    |      0|  0|   2|           1|           1|
    |or_ln473_fu_989_p2         |    or    |      0|  0|   2|           1|           1|
    |or_ln489_fu_1066_p2        |    or    |      0|  0|   2|           1|           1|
    |or_ln496_1_fu_1151_p2      |    or    |      0|  0|   2|           1|           1|
    |or_ln496_fu_1133_p2        |    or    |      0|  0|   2|           1|           1|
    |or_ln503_1_fu_1252_p2      |    or    |      0|  0|   2|           1|           1|
    |or_ln503_fu_1234_p2        |    or    |      0|  0|   2|           1|           1|
    |or_ln508_1_fu_1350_p2      |    or    |      0|  0|   2|           1|           1|
    |or_ln508_fu_1334_p2        |    or    |      0|  0|   2|           1|           1|
    |or_ln524_fu_1422_p2        |    or    |      0|  0|   2|           1|           1|
    |or_ln531_1_fu_1507_p2      |    or    |      0|  0|   2|           1|           1|
    |or_ln531_fu_1489_p2        |    or    |      0|  0|   2|           1|           1|
    |or_ln538_1_fu_1597_p2      |    or    |      0|  0|   2|           1|           1|
    |or_ln538_fu_1579_p2        |    or    |      0|  0|   2|           1|           1|
    |or_ln543_1_fu_1695_p2      |    or    |      0|  0|   2|           1|           1|
    |or_ln543_fu_1679_p2        |    or    |      0|  0|   2|           1|           1|
    |or_ln559_fu_1767_p2        |    or    |      0|  0|   2|           1|           1|
    |or_ln566_1_fu_1852_p2      |    or    |      0|  0|   2|           1|           1|
    |or_ln566_fu_1834_p2        |    or    |      0|  0|   2|           1|           1|
    |or_ln573_1_fu_1942_p2      |    or    |      0|  0|   2|           1|           1|
    |or_ln573_fu_1924_p2        |    or    |      0|  0|   2|           1|           1|
    |or_ln578_1_fu_2040_p2      |    or    |      0|  0|   2|           1|           1|
    |or_ln578_fu_2024_p2        |    or    |      0|  0|   2|           1|           1|
    |or_ln594_fu_2112_p2        |    or    |      0|  0|   2|           1|           1|
    |or_ln601_1_fu_2197_p2      |    or    |      0|  0|   2|           1|           1|
    |or_ln601_fu_2179_p2        |    or    |      0|  0|   2|           1|           1|
    |or_ln608_1_fu_2287_p2      |    or    |      0|  0|   2|           1|           1|
    |or_ln608_fu_2269_p2        |    or    |      0|  0|   2|           1|           1|
    |or_ln613_1_fu_2385_p2      |    or    |      0|  0|   2|           1|           1|
    |or_ln613_fu_2369_p2        |    or    |      0|  0|   2|           1|           1|
    |or_ln629_fu_2457_p2        |    or    |      0|  0|   2|           1|           1|
    |or_ln636_1_fu_2542_p2      |    or    |      0|  0|   2|           1|           1|
    |or_ln636_fu_2524_p2        |    or    |      0|  0|   2|           1|           1|
    |or_ln643_1_fu_2632_p2      |    or    |      0|  0|   2|           1|           1|
    |or_ln643_fu_2614_p2        |    or    |      0|  0|   2|           1|           1|
    |or_ln648_1_fu_2736_p2      |    or    |      0|  0|   2|           1|           1|
    |or_ln648_fu_2720_p2        |    or    |      0|  0|   2|           1|           1|
    |or_ln672_1_fu_2838_p2      |    or    |      0|  0|   2|           1|           1|
    |or_ln672_fu_2820_p2        |    or    |      0|  0|   2|           1|           1|
    |or_ln678_1_fu_2942_p2      |    or    |      0|  0|   2|           1|           1|
    |or_ln678_fu_2938_p2        |    or    |      0|  0|   2|           1|           1|
    |or_ln686_1_fu_2964_p2      |    or    |      0|  0|   2|           1|           1|
    |or_ln686_2_fu_2983_p2      |    or    |      0|  0|   2|           1|           1|
    |or_ln686_fu_2958_p2        |    or    |      0|  0|   2|           1|           1|
    |d2_w1_2_fu_2856_p3         |  select  |      0|  0|  64|           1|          64|
    |dbest_w10_2_fu_2469_p3     |  select  |      0|  0|  32|           1|          32|
    |dbest_w11_2_fu_1374_p3     |  select  |      0|  0|  64|           1|          64|
    |dbest_w12_2_fu_1779_p3     |  select  |      0|  0|  32|           1|          32|
    |dbest_w13_2_fu_1726_p3     |  select  |      0|  0|  64|           1|          64|
    |dbest_w14_2_fu_726_p3      |  select  |      0|  0|  32|           1|          32|
    |dbest_w15_2_fu_914_p3      |  select  |      0|  0|  32|           1|          32|
    |dbest_w16_2_fu_2305_p3     |  select  |      0|  0|  32|           1|          32|
    |dbest_w17_2_fu_2409_p3     |  select  |      0|  0|  64|           1|          64|
    |dbest_w19_2_fu_2650_p3     |  select  |      0|  0|  32|           1|          32|
    |dbest_w1_2_fu_1078_p3      |  select  |      0|  0|  32|           1|          32|
    |dbest_w20_2_fu_1270_p3     |  select  |      0|  0|  32|           1|          32|
    |dbest_w21_2_fu_2215_p3     |  select  |      0|  0|  32|           1|          32|
    |dbest_w22_2_fu_2124_p3     |  select  |      0|  0|  32|           1|          32|
    |dbest_w24_2_fu_1169_p3     |  select  |      0|  0|  32|           1|          32|
    |dbest_w25_2_fu_2560_p3     |  select  |      0|  0|  32|           1|          32|
    |dbest_w26_2_fu_817_p3      |  select  |      0|  0|  32|           1|          32|
    |dbest_w28_2_fu_2762_p3     |  select  |      0|  0|  64|           1|          64|
    |dbest_w29_2_fu_672_p3      |  select  |      0|  0|  64|           1|          64|
    |dbest_w30_2_fu_2064_p3     |  select  |      0|  0|  64|           1|          64|
    |dbest_w31_2_fu_1029_p3     |  select  |      0|  0|  64|           1|          64|
    |dbest_w3_2_fu_1525_p3      |  select  |      0|  0|  32|           1|          32|
    |dbest_w4_2_fu_1434_p3      |  select  |      0|  0|  32|           1|          32|
    |dbest_w6_2_fu_1870_p3      |  select  |      0|  0|  32|           1|          32|
    |dbest_w7_2_fu_1615_p3      |  select  |      0|  0|  32|           1|          32|
    |dbest_w8_2_fu_1960_p3      |  select  |      0|  0|  32|           1|          32|
    |dbest_w9_2_fu_531_p3       |  select  |      0|  0|  32|           1|          32|
    |index_w13_fu_1310_p3       |  select  |      0|  0|   3|           1|           3|
    |index_w14_fu_965_p3        |  select  |      0|  0|   3|           1|           3|
    |index_w15_fu_2660_p3       |  select  |      0|  0|   3|           1|           3|
    |index_w17_fu_2000_p3       |  select  |      0|  0|   3|           1|           3|
    |index_w20_fu_2345_p3       |  select  |      0|  0|   3|           1|           3|
    |index_w9_fu_1655_p3        |  select  |      0|  0|   3|           1|           3|
    |muxOutput_w1_fu_481_p3     |  select  |      0|  0|  64|           1|          64|
    |muxOutput_w3_fu_824_p3     |  select  |      0|  0|  64|           1|          64|
    |out_r                      |  select  |      0|  0|   8|           1|           8|
    |select_ln438_1_fu_921_p3   |  select  |      0|  0|   8|           1|           8|
    |select_ln438_fu_580_p3     |  select  |      0|  0|  64|           1|          63|
    |select_ln473_fu_1176_p3    |  select  |      0|  0|   8|           1|           8|
    |select_ln508_fu_1381_p3    |  select  |      0|  0|   8|           1|           8|
    |select_ln543_fu_1719_p3    |  select  |      0|  0|   8|           1|           8|
    |select_ln578_fu_2071_p3    |  select  |      0|  0|   8|           1|           8|
    |select_ln613_fu_2416_p3    |  select  |      0|  0|   8|           1|           8|
    |select_ln648_fu_2754_p3    |  select  |      0|  0|   8|           1|           8|
    |select_ln686_1_fu_2976_p3  |  select  |      0|  0|   8|           1|           8|
    |select_ln686_fu_2970_p3    |  select  |      0|  0|   8|           1|           8|
    +---------------------------+----------+-------+---+----+------------+------------+
    |Total                      |          |      0|  0|3381|        2365|        1692|
    +---------------------------+----------+-------+---+----+------------+------------+

    * Multiplexer: 
    +------------------------------------+-----+-----------+-----+-----------+
    |                Name                | LUT | Input Size| Bits| Total Bits|
    +------------------------------------+-----+-----------+-----+-----------+
    |BestPointsClasses_address0          |   50|         11|    2|         22|
    |BestPointsClasses_address1          |   50|         11|    2|         22|
    |BestPointsClasses_d0                |   15|          3|    8|         24|
    |BestPointsDistances_address0        |  101|         21|    2|         42|
    |BestPointsDistances_address1        |   15|          3|    2|          6|
    |BestPointsDistances_d0              |   47|         10|   64|        640|
    |ap_NS_fsm                           |  473|        108|    1|        108|
    |ap_done                             |    9|          2|    1|          2|
    |grp_fu_386_p0                       |   15|          3|   64|        192|
    |grp_fu_390_p0                       |   41|          8|   32|        256|
    |grp_fu_393_opcode                   |   15|          3|    5|         15|
    |grp_fu_393_p0                       |   15|          3|   32|         96|
    |grp_fu_393_p1                       |   62|         15|   32|        480|
    |grp_fu_399_opcode                   |   15|          3|    5|         15|
    |grp_fu_399_p0                       |   33|          6|   64|        384|
    |grp_fu_399_p1                       |   47|         10|   64|        640|
    |grp_fu_414_p0                       |   44|          9|   32|        288|
    |grp_p_hls_fptosi_double_s_fu_379_x  |   15|          3|   64|        192|
    |knownClasses_address0               |   44|          9|    3|         27|
    |reg_422                             |    9|          2|   64|        128|
    +------------------------------------+-----+-----------+-----+-----------+
    |Total                               | 1115|        243|  543|       3579|
    +------------------------------------+-----+-----------+-----+-----------+

    * Register: 
    +-----------------------------------------------+-----+----+-----+-----------+
    |                      Name                     |  FF | LUT| Bits| Const Bits|
    +-----------------------------------------------+-----+----+-----+-----------+
    |BestPointsClasses_ad_3_reg_3075                |    1|   0|    2|          1|
    |BestPointsClasses_ad_4_reg_3183                |    2|   0|    2|          0|
    |BestPointsClasses_ad_5_reg_3261                |    2|   0|    2|          0|
    |BestPointsClasses_ad_6_reg_3339                |    2|   0|    2|          0|
    |BestPointsClasses_ad_7_reg_3417                |    2|   0|    2|          0|
    |BestPointsClasses_ad_8_reg_3495                |    2|   0|    2|          0|
    |BestPointsClasses_ad_9_reg_3567                |    2|   0|    2|          0|
    |BestPointsDistances_11_reg_3267                |    2|   0|    2|          0|
    |BestPointsDistances_15_reg_3345                |    2|   0|    2|          0|
    |BestPointsDistances_19_reg_3423                |    2|   0|    2|          0|
    |BestPointsDistances_23_reg_3501                |    2|   0|    2|          0|
    |BestPointsDistances_27_reg_3573                |    2|   0|    2|          0|
    |BestPointsDistances_3_reg_3081                 |    1|   0|    2|          1|
    |BestPointsDistances_7_reg_3189                 |    2|   0|    2|          0|
    |and_ln403_reg_3011                             |    1|   0|    1|          0|
    |and_ln426_reg_3034                             |    1|   0|    1|          0|
    |and_ln438_1_reg_3069                           |    1|   0|    1|          0|
    |and_ln461_1_reg_3103                           |    1|   0|    1|          0|
    |and_ln468_1_reg_3125                           |    1|   0|    1|          0|
    |and_ln473_1_reg_3177                           |    1|   0|    1|          0|
    |and_ln496_1_reg_3206                           |    1|   0|    1|          0|
    |and_ln503_1_reg_3228                           |    1|   0|    1|          0|
    |and_ln508_1_reg_3255                           |    1|   0|    1|          0|
    |and_ln531_1_reg_3294                           |    1|   0|    1|          0|
    |and_ln538_1_reg_3306                           |    1|   0|    1|          0|
    |and_ln543_1_reg_3333                           |    1|   0|    1|          0|
    |and_ln566_1_reg_3372                           |    1|   0|    1|          0|
    |and_ln573_1_reg_3384                           |    1|   0|    1|          0|
    |and_ln578_1_reg_3411                           |    1|   0|    1|          0|
    |and_ln601_1_reg_3450                           |    1|   0|    1|          0|
    |and_ln608_1_reg_3462                           |    1|   0|    1|          0|
    |and_ln613_1_reg_3489                           |    1|   0|    1|          0|
    |and_ln636_1_reg_3528                           |    1|   0|    1|          0|
    |and_ln643_1_reg_3540                           |    1|   0|    1|          0|
    |and_ln672_1_reg_3605                           |    1|   0|    1|          0|
    |ap_CS_fsm                                      |  107|   0|  107|          0|
    |ap_done_reg                                    |    1|   0|    1|          0|
    |c1_w1_reg_3616                                 |    8|   0|    8|          0|
    |d2_w1_2_reg_3610                               |   64|   0|   64|          0|
    |d2_w1_reg_3598                                 |   64|   0|   64|          0|
    |dbest_w10_2_reg_3521                           |   32|   0|   32|          0|
    |dbest_w12_2_reg_3365                           |   32|   0|   32|          0|
    |dbest_w14_2_reg_3096                           |   32|   0|   32|          0|
    |dbest_w15_2_reg_3130                           |   32|   0|   32|          0|
    |dbest_w16_2_reg_3467                           |   32|   0|   32|          0|
    |dbest_w19_2_reg_3545                           |   32|   0|   32|          0|
    |dbest_w1_2_reg_3194                            |   32|   0|   32|          0|
    |dbest_w20_2_reg_3233                           |   32|   0|   32|          0|
    |dbest_w21_2_reg_3455                           |   32|   0|   32|          0|
    |dbest_w22_2_reg_3443                           |   32|   0|   32|          0|
    |dbest_w24_2_reg_3211                           |   32|   0|   32|          0|
    |dbest_w25_2_reg_3533                           |   32|   0|   32|          0|
    |dbest_w26_2_reg_3108                           |   32|   0|   32|          0|
    |dbest_w28_2_reg_3588                           |   64|   0|   64|          0|
    |dbest_w3_2_reg_3299                            |   32|   0|   32|          0|
    |dbest_w4_2_reg_3287                            |   32|   0|   32|          0|
    |dbest_w6_2_reg_3377                            |   32|   0|   32|          0|
    |dbest_w7_2_reg_3311                            |   32|   0|   32|          0|
    |dbest_w8_2_reg_3389                            |   32|   0|   32|          0|
    |dbest_w9_2_reg_3027                            |   32|   0|   32|          0|
    |grp_p_hls_fptosi_double_s_fu_379_ap_start_reg  |    1|   0|    1|          0|
    |icmp_ln438_1_reg_3064                          |    1|   0|    1|          0|
    |icmp_ln438_reg_3059                            |    1|   0|    1|          0|
    |icmp_ln473_1_reg_3167                          |    1|   0|    1|          0|
    |icmp_ln473_reg_3162                            |    1|   0|    1|          0|
    |icmp_ln508_1_reg_3250                          |    1|   0|    1|          0|
    |icmp_ln508_reg_3245                            |    1|   0|    1|          0|
    |icmp_ln543_1_reg_3328                          |    1|   0|    1|          0|
    |icmp_ln543_reg_3323                            |    1|   0|    1|          0|
    |icmp_ln578_1_reg_3406                          |    1|   0|    1|          0|
    |icmp_ln578_reg_3401                            |    1|   0|    1|          0|
    |icmp_ln613_1_reg_3484                          |    1|   0|    1|          0|
    |icmp_ln613_reg_3479                            |    1|   0|    1|          0|
    |icmp_ln648_1_reg_3562                          |    1|   0|    1|          0|
    |icmp_ln648_reg_3557                            |    1|   0|    1|          0|
    |icmp_ln678_1_reg_3629                          |    1|   0|    1|          0|
    |icmp_ln678_2_reg_3634                          |    1|   0|    1|          0|
    |icmp_ln678_3_reg_3639                          |    1|   0|    1|          0|
    |icmp_ln678_reg_3624                            |    1|   0|    1|          0|
    |muxOutput_w3_reg_3115                          |   64|   0|   64|          0|
    |reg_417                                        |   32|   0|   32|          0|
    |reg_422                                        |   64|   0|   64|          0|
    |reg_430                                        |   64|   0|   64|          0|
    |reg_435                                        |   64|   0|   64|          0|
    |select_ln438_1_reg_3157                        |    8|   0|    8|          0|
    |select_ln438_reg_3040                          |   64|   0|   64|          0|
    |select_ln473_reg_3218                          |    8|   0|    8|          0|
    |select_ln508_reg_3277                          |    8|   0|    8|          0|
    |select_ln543_reg_3355                          |    8|   0|    8|          0|
    |select_ln578_reg_3433                          |    8|   0|    8|          0|
    |select_ln613_reg_3511                          |    8|   0|    8|          0|
    |select_ln648_reg_3583                          |    8|   0|    8|          0|
    +-----------------------------------------------+-----+----+-----+-----------+
    |Total                                          | 1390|   0| 1392|          2|
    +-----------------------------------------------+-----+----+-----+-----------+



================================================================
== Interface
================================================================
* Summary: 
+-----------------------+-----+-----+------------+--------------+--------------+
|       RTL Ports       | Dir | Bits|  Protocol  | Source Object|    C Type    |
+-----------------------+-----+-----+------------+--------------+--------------+
|ap_clk                 |  in |    1| ap_ctrl_hs |   epilogue   | return value |
|ap_rst                 |  in |    1| ap_ctrl_hs |   epilogue   | return value |
|ap_start               |  in |    1| ap_ctrl_hs |   epilogue   | return value |
|ap_done                | out |    1| ap_ctrl_hs |   epilogue   | return value |
|ap_continue            |  in |    1| ap_ctrl_hs |   epilogue   | return value |
|ap_idle                | out |    1| ap_ctrl_hs |   epilogue   | return value |
|ap_ready               | out |    1| ap_ctrl_hs |   epilogue   | return value |
|knownClasses_address0  | out |    3|  ap_memory | knownClasses |     array    |
|knownClasses_ce0       | out |    1|  ap_memory | knownClasses |     array    |
|knownClasses_q0        |  in |    8|  ap_memory | knownClasses |     array    |
|p_read                 |  in |   64|   ap_none  |    p_read    |    scalar    |
|p_read1                |  in |   64|   ap_none  |    p_read1   |    scalar    |
|p_read2                |  in |   64|   ap_none  |    p_read2   |    scalar    |
|p_read3                |  in |   64|   ap_none  |    p_read3   |    scalar    |
|p_read4                |  in |   64|   ap_none  |    p_read4   |    scalar    |
|p_read5                |  in |   64|   ap_none  |    p_read5   |    scalar    |
|p_read6                |  in |   64|   ap_none  |    p_read6   |    scalar    |
|p_read7                |  in |   64|   ap_none  |    p_read7   |    scalar    |
|out_r                  | out |    8|   ap_vld   |     out_r    |    pointer   |
|out_r_ap_vld           | out |    1|   ap_vld   |     out_r    |    pointer   |
+-----------------------+-----+-----+------------+--------------+--------------+

