

================================================================
== Vivado HLS Report for 'parallel_0'
================================================================
* Date:           Mon Sep 21 16:04:16 2020

* Version:        2019.2 (Build 2704478 on Wed Nov 06 22:10:23 MST 2019)
* Project:        knn
* Solution:       solution1
* Product family: zynq
* Target device:  xc7z020-clg484-1


================================================================
== Performance Estimates
================================================================
+ Timing: 
    * Summary: 
    +--------+----------+----------+------------+
    |  Clock |  Target  | Estimated| Uncertainty|
    +--------+----------+----------+------------+
    |ap_clk  | 10.00 ns | 8.457 ns |   1.25 ns  |
    +--------+----------+----------+------------+

+ Latency: 
    * Summary: 
    +---------+---------+----------+----------+-------+-------+---------+
    |  Latency (cycles) |  Latency (absolute) |    Interval   | Pipeline|
    |   min   |   max   |    min   |    max   |  min  |  max  |   Type  |
    +---------+---------+----------+----------+-------+-------+---------+
    |    16503|    16503| 0.165 ms | 0.165 ms |  16503|  16503|   none  |
    +---------+---------+----------+----------+-------+-------+---------+

    + Detail: 
        * Instance: 
        N/A

        * Loop: 
        +----------+---------+---------+----------+-----------+-----------+------+----------+
        |          |  Latency (cycles) | Iteration|  Initiation Interval  | Trip |          |
        | Loop Name|   min   |   max   |  Latency |  achieved |   target  | Count| Pipelined|
        +----------+---------+---------+----------+-----------+-----------+------+----------+
        |- Loop 1  |    16501|    16501|       566|         64|          1|   250|    yes   |
        +----------+---------+---------+----------+-----------+-----------+------+----------+



================================================================
== Utilization Estimates
================================================================
* Summary: 
+-----------------+---------+-------+--------+-------+-----+
|       Name      | BRAM_18K| DSP48E|   FF   |  LUT  | URAM|
+-----------------+---------+-------+--------+-------+-----+
|DSP              |        -|      -|       -|      -|    -|
|Expression       |        -|      -|       0|   1935|    -|
|FIFO             |        -|      -|       -|      -|    -|
|Instance         |        -|     14|    1106|   2202|    -|
|Memory           |        -|      -|       -|      -|    -|
|Multiplexer      |        -|      -|       -|   3705|    -|
|Register         |        0|      -|   12869|   1792|    -|
+-----------------+---------+-------+--------+-------+-----+
|Total            |        0|     14|   13975|   9634|    0|
+-----------------+---------+-------+--------+-------+-----+
|Available        |      280|    220|  106400|  53200|    0|
+-----------------+---------+-------+--------+-------+-----+
|Utilization (%)  |        0|      6|      13|     18|    0|
+-----------------+---------+-------+--------+-------+-----+

+ Detail: 
    * Instance: 
    +----------------------------+----------------------+---------+-------+-----+-----+-----+
    |          Instance          |        Module        | BRAM_18K| DSP48E|  FF | LUT | URAM|
    +----------------------------+----------------------+---------+-------+-----+-----+-----+
    |knnFloatNoSqrt100bkb_U1052  |knnFloatNoSqrt100bkb  |        0|      2|  205|  390|    0|
    |knnFloatNoSqrt100bkb_U1053  |knnFloatNoSqrt100bkb  |        0|      2|  205|  390|    0|
    |knnFloatNoSqrt100bkb_U1054  |knnFloatNoSqrt100bkb  |        0|      2|  205|  390|    0|
    |knnFloatNoSqrt100cud_U1055  |knnFloatNoSqrt100cud  |        0|      2|  205|  390|    0|
    |knnFloatNoSqrt100dEe_U1056  |knnFloatNoSqrt100dEe  |        0|      3|  143|  321|    0|
    |knnFloatNoSqrt100dEe_U1057  |knnFloatNoSqrt100dEe  |        0|      3|  143|  321|    0|
    +----------------------------+----------------------+---------+-------+-----+-----+-----+
    |Total                       |                      |        0|     14| 1106| 2202|    0|
    +----------------------------+----------------------+---------+-------+-----+-----+-----+

    * DSP48E: 
    N/A

    * Memory: 
    N/A

    * FIFO: 
    N/A

    * Expression: 
    +-----------------------+----------+-------+---+----+------------+------------+
    |     Variable Name     | Operation| DSP48E| FF| LUT| Bitwidth P0| Bitwidth P1|
    +-----------------------+----------+-------+---+----+------------+------------+
    |i_fu_4037_p2           |     +    |      0|  0|  15|           8|           1|
    |icmp_ln271_fu_4031_p2  |   icmp   |      0|  0|  11|           8|           4|
    |ap_block_state1        |    or    |      0|  0|   2|           1|           1|
    |or_ln276_fu_4056_p2    |    or    |      0|  0|  15|          15|           1|
    |or_ln277_fu_4071_p2    |    or    |      0|  0|  15|          15|           2|
    |or_ln278_fu_4085_p2    |    or    |      0|  0|  15|          15|           2|
    |or_ln279_fu_4099_p2    |    or    |      0|  0|  15|          15|           3|
    |or_ln280_fu_4113_p2    |    or    |      0|  0|  15|          15|           3|
    |or_ln281_fu_4127_p2    |    or    |      0|  0|  15|          15|           3|
    |or_ln282_fu_4141_p2    |    or    |      0|  0|  15|          15|           3|
    |or_ln283_fu_4155_p2    |    or    |      0|  0|  15|          15|           4|
    |or_ln284_fu_4169_p2    |    or    |      0|  0|  15|          15|           4|
    |or_ln285_fu_4183_p2    |    or    |      0|  0|  15|          15|           4|
    |or_ln286_fu_4197_p2    |    or    |      0|  0|  15|          15|           4|
    |or_ln287_fu_4211_p2    |    or    |      0|  0|  15|          15|           4|
    |or_ln288_fu_4225_p2    |    or    |      0|  0|  15|          15|           4|
    |or_ln289_fu_4239_p2    |    or    |      0|  0|  15|          15|           4|
    |or_ln290_fu_4253_p2    |    or    |      0|  0|  15|          15|           4|
    |or_ln291_fu_4267_p2    |    or    |      0|  0|  15|          15|           5|
    |or_ln292_fu_4281_p2    |    or    |      0|  0|  15|          15|           5|
    |or_ln293_fu_4295_p2    |    or    |      0|  0|  15|          15|           5|
    |or_ln294_fu_4309_p2    |    or    |      0|  0|  15|          15|           5|
    |or_ln295_fu_4323_p2    |    or    |      0|  0|  15|          15|           5|
    |or_ln296_fu_4337_p2    |    or    |      0|  0|  15|          15|           5|
    |or_ln297_fu_4351_p2    |    or    |      0|  0|  15|          15|           5|
    |or_ln298_fu_4365_p2    |    or    |      0|  0|  15|          15|           5|
    |or_ln299_fu_4379_p2    |    or    |      0|  0|  15|          15|           5|
    |or_ln300_fu_4393_p2    |    or    |      0|  0|  15|          15|           5|
    |or_ln301_fu_4407_p2    |    or    |      0|  0|  15|          15|           5|
    |or_ln302_fu_4421_p2    |    or    |      0|  0|  15|          15|           5|
    |or_ln303_fu_4435_p2    |    or    |      0|  0|  15|          15|           5|
    |or_ln304_fu_4449_p2    |    or    |      0|  0|  15|          15|           5|
    |or_ln305_fu_4463_p2    |    or    |      0|  0|  15|          15|           5|
    |or_ln306_fu_4477_p2    |    or    |      0|  0|  15|          15|           5|
    |or_ln307_fu_4491_p2    |    or    |      0|  0|  15|          15|           6|
    |or_ln308_fu_4505_p2    |    or    |      0|  0|  15|          15|           6|
    |or_ln309_fu_4519_p2    |    or    |      0|  0|  15|          15|           6|
    |or_ln310_fu_4533_p2    |    or    |      0|  0|  15|          15|           6|
    |or_ln311_fu_4547_p2    |    or    |      0|  0|  15|          15|           6|
    |or_ln312_fu_4561_p2    |    or    |      0|  0|  15|          15|           6|
    |or_ln313_fu_4575_p2    |    or    |      0|  0|  15|          15|           6|
    |or_ln314_fu_4589_p2    |    or    |      0|  0|  15|          15|           6|
    |or_ln315_fu_4603_p2    |    or    |      0|  0|  15|          15|           6|
    |or_ln316_fu_4617_p2    |    or    |      0|  0|  15|          15|           6|
    |or_ln317_fu_4631_p2    |    or    |      0|  0|  15|          15|           6|
    |or_ln318_fu_4645_p2    |    or    |      0|  0|  15|          15|           6|
    |or_ln319_fu_4659_p2    |    or    |      0|  0|  15|          15|           6|
    |or_ln320_fu_4673_p2    |    or    |      0|  0|  15|          15|           6|
    |or_ln321_fu_4687_p2    |    or    |      0|  0|  15|          15|           6|
    |or_ln322_fu_4701_p2    |    or    |      0|  0|  15|          15|           6|
    |or_ln323_fu_4715_p2    |    or    |      0|  0|  15|          15|           6|
    |or_ln324_fu_4729_p2    |    or    |      0|  0|  15|          15|           6|
    |or_ln325_fu_4743_p2    |    or    |      0|  0|  15|          15|           6|
    |or_ln326_fu_4757_p2    |    or    |      0|  0|  15|          15|           6|
    |or_ln327_fu_4771_p2    |    or    |      0|  0|  15|          15|           6|
    |or_ln328_fu_4785_p2    |    or    |      0|  0|  15|          15|           6|
    |or_ln329_fu_4799_p2    |    or    |      0|  0|  15|          15|           6|
    |or_ln330_fu_4813_p2    |    or    |      0|  0|  15|          15|           6|
    |or_ln331_fu_4827_p2    |    or    |      0|  0|  15|          15|           6|
    |or_ln332_fu_4841_p2    |    or    |      0|  0|  15|          15|           6|
    |or_ln333_fu_4855_p2    |    or    |      0|  0|  15|          15|           6|
    |or_ln334_fu_4869_p2    |    or    |      0|  0|  15|          15|           6|
    |or_ln335_fu_4883_p2    |    or    |      0|  0|  15|          15|           6|
    |or_ln336_fu_4897_p2    |    or    |      0|  0|  15|          15|           6|
    |or_ln337_fu_4911_p2    |    or    |      0|  0|  15|          15|           6|
    |or_ln338_fu_4925_p2    |    or    |      0|  0|  15|          15|           6|
    |or_ln339_fu_4939_p2    |    or    |      0|  0|  15|          15|           7|
    |or_ln340_fu_4953_p2    |    or    |      0|  0|  15|          15|           7|
    |or_ln341_fu_4967_p2    |    or    |      0|  0|  15|          15|           7|
    |or_ln342_fu_4981_p2    |    or    |      0|  0|  15|          15|           7|
    |or_ln343_fu_4995_p2    |    or    |      0|  0|  15|          15|           7|
    |or_ln344_fu_5009_p2    |    or    |      0|  0|  15|          15|           7|
    |or_ln345_fu_5023_p2    |    or    |      0|  0|  15|          15|           7|
    |or_ln346_fu_5037_p2    |    or    |      0|  0|  15|          15|           7|
    |or_ln347_fu_5051_p2    |    or    |      0|  0|  15|          15|           7|
    |or_ln348_fu_5065_p2    |    or    |      0|  0|  15|          15|           7|
    |or_ln349_fu_5079_p2    |    or    |      0|  0|  15|          15|           7|
    |or_ln350_fu_5527_p2    |    or    |      0|  0|  15|          15|           7|
    |or_ln351_fu_5751_p2    |    or    |      0|  0|  15|          15|           7|
    |or_ln352_fu_5779_p2    |    or    |      0|  0|  15|          15|           7|
    |or_ln353_fu_5793_p2    |    or    |      0|  0|  15|          15|           7|
    |or_ln354_fu_5807_p2    |    or    |      0|  0|  15|          15|           7|
    |or_ln355_fu_5093_p2    |    or    |      0|  0|  15|          15|           7|
    |or_ln356_fu_5107_p2    |    or    |      0|  0|  15|          15|           7|
    |or_ln357_fu_5121_p2    |    or    |      0|  0|  15|          15|           7|
    |or_ln358_fu_5135_p2    |    or    |      0|  0|  15|          15|           7|
    |or_ln359_fu_5149_p2    |    or    |      0|  0|  15|          15|           7|
    |or_ln360_fu_5163_p2    |    or    |      0|  0|  15|          15|           7|
    |or_ln361_fu_5177_p2    |    or    |      0|  0|  15|          15|           7|
    |or_ln362_fu_5191_p2    |    or    |      0|  0|  15|          15|           7|
    |or_ln363_fu_5205_p2    |    or    |      0|  0|  15|          15|           7|
    |or_ln364_fu_5219_p2    |    or    |      0|  0|  15|          15|           7|
    |or_ln365_fu_5233_p2    |    or    |      0|  0|  15|          15|           7|
    |or_ln366_fu_5247_p2    |    or    |      0|  0|  15|          15|           7|
    |or_ln367_fu_5261_p2    |    or    |      0|  0|  15|          15|           7|
    |or_ln368_fu_5275_p2    |    or    |      0|  0|  15|          15|           7|
    |or_ln369_fu_5289_p2    |    or    |      0|  0|  15|          15|           7|
    |or_ln370_fu_5303_p2    |    or    |      0|  0|  15|          15|           7|
    |or_ln371_fu_5317_p2    |    or    |      0|  0|  15|          15|           7|
    |or_ln372_fu_5331_p2    |    or    |      0|  0|  15|          15|           7|
    |or_ln373_fu_5345_p2    |    or    |      0|  0|  15|          15|           7|
    |or_ln374_fu_5359_p2    |    or    |      0|  0|  15|          15|           7|
    |or_ln375_fu_5373_p2    |    or    |      0|  0|  15|          15|           7|
    |or_ln376_fu_5387_p2    |    or    |      0|  0|  15|          15|           7|
    |or_ln377_fu_5401_p2    |    or    |      0|  0|  15|          15|           7|
    |or_ln378_fu_5415_p2    |    or    |      0|  0|  15|          15|           7|
    |or_ln379_fu_5429_p2    |    or    |      0|  0|  15|          15|           7|
    |or_ln380_fu_5443_p2    |    or    |      0|  0|  15|          15|           7|
    |or_ln381_fu_5457_p2    |    or    |      0|  0|  15|          15|           7|
    |or_ln382_fu_5471_p2    |    or    |      0|  0|  15|          15|           7|
    |or_ln383_fu_5485_p2    |    or    |      0|  0|  15|          15|           7|
    |or_ln384_fu_5499_p2    |    or    |      0|  0|  15|          15|           7|
    |or_ln385_fu_5513_p2    |    or    |      0|  0|  15|          15|           7|
    |or_ln386_fu_5541_p2    |    or    |      0|  0|  15|          15|           7|
    |or_ln387_fu_5555_p2    |    or    |      0|  0|  15|          15|           7|
    |or_ln388_fu_5569_p2    |    or    |      0|  0|  15|          15|           7|
    |or_ln389_fu_5583_p2    |    or    |      0|  0|  15|          15|           7|
    |or_ln390_fu_5597_p2    |    or    |      0|  0|  15|          15|           7|
    |or_ln391_fu_5611_p2    |    or    |      0|  0|  15|          15|           7|
    |or_ln392_fu_5625_p2    |    or    |      0|  0|  15|          15|           7|
    |or_ln393_fu_5639_p2    |    or    |      0|  0|  15|          15|           7|
    |or_ln394_fu_5653_p2    |    or    |      0|  0|  15|          15|           7|
    |or_ln395_fu_5667_p2    |    or    |      0|  0|  15|          15|           7|
    |or_ln396_fu_5681_p2    |    or    |      0|  0|  15|          15|           7|
    |or_ln397_fu_5695_p2    |    or    |      0|  0|  15|          15|           7|
    |or_ln398_fu_5709_p2    |    or    |      0|  0|  15|          15|           7|
    |or_ln399_fu_5723_p2    |    or    |      0|  0|  15|          15|           7|
    |or_ln400_fu_5737_p2    |    or    |      0|  0|  15|          15|           7|
    |or_ln401_fu_5765_p2    |    or    |      0|  0|  15|          15|           7|
    |or_ln402_fu_5821_p2    |    or    |      0|  0|  15|          15|           7|
    |ap_enable_pp0          |    xor   |      0|  0|   2|           1|           2|
    +-----------------------+----------+-------+---+----+------------+------------+
    |Total                  |          |      0|  0|1935|        1923|         777|
    +-----------------------+----------+-------+---+----+------------+------------+

    * Multiplexer: 
    +---------------------------------+-----+-----------+-----+-----------+
    |               Name              | LUT | Input Size| Bits| Total Bits|
    +---------------------------------+-----+-----------+-----+-----------+
    |ap_NS_fsm                        |  301|         67|    1|         67|
    |ap_done                          |    9|          2|    1|          2|
    |ap_enable_reg_pp0_iter8          |    9|          2|    1|          2|
    |ap_phi_mux_i_0_i_phi_fu_3662_p4  |    9|          2|    8|         16|
    |grp_fu_3670_opcode               |   15|          3|    2|          6|
    |grp_fu_3670_p0                   |  293|         65|   32|       2080|
    |grp_fu_3670_p1                   |   47|         10|   32|        320|
    |grp_fu_3674_opcode               |   15|          3|    2|          6|
    |grp_fu_3674_p0                   |  293|         65|   32|       2080|
    |grp_fu_3674_p1                   |   47|         10|   32|        320|
    |grp_fu_3678_opcode               |   15|          3|    2|          6|
    |grp_fu_3678_p0                   |  165|         37|   32|       1184|
    |grp_fu_3678_p1                   |  185|         42|   32|       1344|
    |grp_fu_3683_p0                   |   62|         15|   32|        480|
    |grp_fu_3683_p1                   |  293|         65|   32|       2080|
    |grp_fu_3687_p0                   |   47|         10|   32|        320|
    |grp_fu_3687_p1                   |   47|         10|   32|        320|
    |grp_fu_3691_p0                   |   53|         12|   32|        384|
    |grp_fu_3691_p1                   |   53|         12|   32|        384|
    |i_0_i_reg_3658                   |    9|          2|    8|         16|
    |knownFeatures_address0           |  293|         65|   15|        975|
    |knownFeatures_address1           |  293|         65|   15|        975|
    |xFeatures_0_blk_n                |    9|          2|    1|          2|
    |xFeatures_100_blk_n              |    9|          2|    1|          2|
    |xFeatures_101_blk_n              |    9|          2|    1|          2|
    |xFeatures_102_blk_n              |    9|          2|    1|          2|
    |xFeatures_103_blk_n              |    9|          2|    1|          2|
    |xFeatures_104_blk_n              |    9|          2|    1|          2|
    |xFeatures_105_blk_n              |    9|          2|    1|          2|
    |xFeatures_106_blk_n              |    9|          2|    1|          2|
    |xFeatures_107_blk_n              |    9|          2|    1|          2|
    |xFeatures_108_blk_n              |    9|          2|    1|          2|
    |xFeatures_109_blk_n              |    9|          2|    1|          2|
    |xFeatures_10_blk_n               |    9|          2|    1|          2|
    |xFeatures_110_blk_n              |    9|          2|    1|          2|
    |xFeatures_111_blk_n              |    9|          2|    1|          2|
    |xFeatures_112_blk_n              |    9|          2|    1|          2|
    |xFeatures_113_blk_n              |    9|          2|    1|          2|
    |xFeatures_114_blk_n              |    9|          2|    1|          2|
    |xFeatures_115_blk_n              |    9|          2|    1|          2|
    |xFeatures_116_blk_n              |    9|          2|    1|          2|
    |xFeatures_117_blk_n              |    9|          2|    1|          2|
    |xFeatures_118_blk_n              |    9|          2|    1|          2|
    |xFeatures_119_blk_n              |    9|          2|    1|          2|
    |xFeatures_11_blk_n               |    9|          2|    1|          2|
    |xFeatures_120_blk_n              |    9|          2|    1|          2|
    |xFeatures_121_blk_n              |    9|          2|    1|          2|
    |xFeatures_122_blk_n              |    9|          2|    1|          2|
    |xFeatures_123_blk_n              |    9|          2|    1|          2|
    |xFeatures_124_blk_n              |    9|          2|    1|          2|
    |xFeatures_125_blk_n              |    9|          2|    1|          2|
    |xFeatures_126_blk_n              |    9|          2|    1|          2|
    |xFeatures_127_blk_n              |    9|          2|    1|          2|
    |xFeatures_12_blk_n               |    9|          2|    1|          2|
    |xFeatures_13_blk_n               |    9|          2|    1|          2|
    |xFeatures_14_blk_n               |    9|          2|    1|          2|
    |xFeatures_15_blk_n               |    9|          2|    1|          2|
    |xFeatures_16_blk_n               |    9|          2|    1|          2|
    |xFeatures_17_blk_n               |    9|          2|    1|          2|
    |xFeatures_18_blk_n               |    9|          2|    1|          2|
    |xFeatures_19_blk_n               |    9|          2|    1|          2|
    |xFeatures_1_blk_n                |    9|          2|    1|          2|
    |xFeatures_20_blk_n               |    9|          2|    1|          2|
    |xFeatures_21_blk_n               |    9|          2|    1|          2|
    |xFeatures_22_blk_n               |    9|          2|    1|          2|
    |xFeatures_23_blk_n               |    9|          2|    1|          2|
    |xFeatures_24_blk_n               |    9|          2|    1|          2|
    |xFeatures_25_blk_n               |    9|          2|    1|          2|
    |xFeatures_26_blk_n               |    9|          2|    1|          2|
    |xFeatures_27_blk_n               |    9|          2|    1|          2|
    |xFeatures_28_blk_n               |    9|          2|    1|          2|
    |xFeatures_29_blk_n               |    9|          2|    1|          2|
    |xFeatures_2_blk_n                |    9|          2|    1|          2|
    |xFeatures_30_blk_n               |    9|          2|    1|          2|
    |xFeatures_31_blk_n               |    9|          2|    1|          2|
    |xFeatures_32_blk_n               |    9|          2|    1|          2|
    |xFeatures_33_blk_n               |    9|          2|    1|          2|
    |xFeatures_34_blk_n               |    9|          2|    1|          2|
    |xFeatures_35_blk_n               |    9|          2|    1|          2|
    |xFeatures_36_blk_n               |    9|          2|    1|          2|
    |xFeatures_37_blk_n               |    9|          2|    1|          2|
    |xFeatures_38_blk_n               |    9|          2|    1|          2|
    |xFeatures_39_blk_n               |    9|          2|    1|          2|
    |xFeatures_3_blk_n                |    9|          2|    1|          2|
    |xFeatures_40_blk_n               |    9|          2|    1|          2|
    |xFeatures_41_blk_n               |    9|          2|    1|          2|
    |xFeatures_42_blk_n               |    9|          2|    1|          2|
    |xFeatures_43_blk_n               |    9|          2|    1|          2|
    |xFeatures_44_blk_n               |    9|          2|    1|          2|
    |xFeatures_45_blk_n               |    9|          2|    1|          2|
    |xFeatures_46_blk_n               |    9|          2|    1|          2|
    |xFeatures_47_blk_n               |    9|          2|    1|          2|
    |xFeatures_48_blk_n               |    9|          2|    1|          2|
    |xFeatures_49_blk_n               |    9|          2|    1|          2|
    |xFeatures_4_blk_n                |    9|          2|    1|          2|
    |xFeatures_50_blk_n               |    9|          2|    1|          2|
    |xFeatures_51_blk_n               |    9|          2|    1|          2|
    |xFeatures_52_blk_n               |    9|          2|    1|          2|
    |xFeatures_53_blk_n               |    9|          2|    1|          2|
    |xFeatures_54_blk_n               |    9|          2|    1|          2|
    |xFeatures_55_blk_n               |    9|          2|    1|          2|
    |xFeatures_56_blk_n               |    9|          2|    1|          2|
    |xFeatures_57_blk_n               |    9|          2|    1|          2|
    |xFeatures_58_blk_n               |    9|          2|    1|          2|
    |xFeatures_59_blk_n               |    9|          2|    1|          2|
    |xFeatures_5_blk_n                |    9|          2|    1|          2|
    |xFeatures_60_blk_n               |    9|          2|    1|          2|
    |xFeatures_61_blk_n               |    9|          2|    1|          2|
    |xFeatures_62_blk_n               |    9|          2|    1|          2|
    |xFeatures_63_blk_n               |    9|          2|    1|          2|
    |xFeatures_64_blk_n               |    9|          2|    1|          2|
    |xFeatures_65_blk_n               |    9|          2|    1|          2|
    |xFeatures_66_blk_n               |    9|          2|    1|          2|
    |xFeatures_67_blk_n               |    9|          2|    1|          2|
    |xFeatures_68_blk_n               |    9|          2|    1|          2|
    |xFeatures_69_blk_n               |    9|          2|    1|          2|
    |xFeatures_6_blk_n                |    9|          2|    1|          2|
    |xFeatures_70_blk_n               |    9|          2|    1|          2|
    |xFeatures_71_blk_n               |    9|          2|    1|          2|
    |xFeatures_72_blk_n               |    9|          2|    1|          2|
    |xFeatures_73_blk_n               |    9|          2|    1|          2|
    |xFeatures_74_blk_n               |    9|          2|    1|          2|
    |xFeatures_75_blk_n               |    9|          2|    1|          2|
    |xFeatures_76_blk_n               |    9|          2|    1|          2|
    |xFeatures_77_blk_n               |    9|          2|    1|          2|
    |xFeatures_78_blk_n               |    9|          2|    1|          2|
    |xFeatures_79_blk_n               |    9|          2|    1|          2|
    |xFeatures_7_blk_n                |    9|          2|    1|          2|
    |xFeatures_80_blk_n               |    9|          2|    1|          2|
    |xFeatures_81_blk_n               |    9|          2|    1|          2|
    |xFeatures_82_blk_n               |    9|          2|    1|          2|
    |xFeatures_83_blk_n               |    9|          2|    1|          2|
    |xFeatures_84_blk_n               |    9|          2|    1|          2|
    |xFeatures_85_blk_n               |    9|          2|    1|          2|
    |xFeatures_86_blk_n               |    9|          2|    1|          2|
    |xFeatures_87_blk_n               |    9|          2|    1|          2|
    |xFeatures_88_blk_n               |    9|          2|    1|          2|
    |xFeatures_89_blk_n               |    9|          2|    1|          2|
    |xFeatures_8_blk_n                |    9|          2|    1|          2|
    |xFeatures_90_blk_n               |    9|          2|    1|          2|
    |xFeatures_91_blk_n               |    9|          2|    1|          2|
    |xFeatures_92_blk_n               |    9|          2|    1|          2|
    |xFeatures_93_blk_n               |    9|          2|    1|          2|
    |xFeatures_94_blk_n               |    9|          2|    1|          2|
    |xFeatures_95_blk_n               |    9|          2|    1|          2|
    |xFeatures_96_blk_n               |    9|          2|    1|          2|
    |xFeatures_97_blk_n               |    9|          2|    1|          2|
    |xFeatures_98_blk_n               |    9|          2|    1|          2|
    |xFeatures_99_blk_n               |    9|          2|    1|          2|
    |xFeatures_9_blk_n                |    9|          2|    1|          2|
    +---------------------------------+-----+-----------+-----+-----------+
    |Total                            | 3705|        823|  567|      13623|
    +---------------------------------+-----+-----------+-----+-----------+

    * Register: 
    +---------------------------------+-----+----+-----+-----------+
    |               Name              |  FF | LUT| Bits| Const Bits|
    +---------------------------------+-----+----+-----+-----------+
    |ap_CS_fsm                        |   66|   0|   66|          0|
    |ap_done_reg                      |    1|   0|    1|          0|
    |ap_enable_reg_pp0_iter0          |    1|   0|    1|          0|
    |ap_enable_reg_pp0_iter1          |    1|   0|    1|          0|
    |ap_enable_reg_pp0_iter2          |    1|   0|    1|          0|
    |ap_enable_reg_pp0_iter3          |    1|   0|    1|          0|
    |ap_enable_reg_pp0_iter4          |    1|   0|    1|          0|
    |ap_enable_reg_pp0_iter5          |    1|   0|    1|          0|
    |ap_enable_reg_pp0_iter6          |    1|   0|    1|          0|
    |ap_enable_reg_pp0_iter7          |    1|   0|    1|          0|
    |ap_enable_reg_pp0_iter8          |    1|   0|    1|          0|
    |distance_w124_reg_7685           |   32|   0|   32|          0|
    |distance_w20_reg_7715            |   32|   0|   32|          0|
    |distance_w27_reg_7654            |   32|   0|   32|          0|
    |distance_w30_reg_7664            |   32|   0|   32|          0|
    |distance_w32_reg_7674            |   32|   0|   32|          0|
    |distance_w47_reg_7710            |   32|   0|   32|          0|
    |distance_w88_reg_7649            |   32|   0|   32|          0|
    |distance_w97_reg_7659            |   32|   0|   32|          0|
    |i_0_i_reg_3658                   |    8|   0|    8|          0|
    |i_reg_6484                       |    8|   0|    8|          0|
    |icmp_ln271_reg_6480              |    1|   0|    1|          0|
    |knownFeatures_load_457_reg_7604  |   32|   0|   32|          0|
    |knownFeatures_load_458_reg_7624  |   32|   0|   32|          0|
    |knownFeatures_load_459_reg_7629  |   32|   0|   32|          0|
    |knownFeatures_load_460_reg_7639  |   32|   0|   32|          0|
    |knownFeatures_load_505_reg_7579  |   32|   0|   32|          0|
    |knownFeatures_load_506_reg_7584  |   32|   0|   32|          0|
    |knownFeatures_load_507_reg_7609  |   32|   0|   32|          0|
    |knownFeatures_load_508_reg_7644  |   32|   0|   32|          0|
    |reg_3695                         |   32|   0|   32|          0|
    |reg_3700                         |   32|   0|   32|          0|
    |reg_3705                         |   32|   0|   32|          0|
    |reg_3710                         |   32|   0|   32|          0|
    |reg_3715                         |   32|   0|   32|          0|
    |reg_3720                         |   32|   0|   32|          0|
    |reg_3725                         |   32|   0|   32|          0|
    |reg_3730                         |   32|   0|   32|          0|
    |reg_3735                         |   32|   0|   32|          0|
    |reg_3740                         |   32|   0|   32|          0|
    |reg_3745                         |   32|   0|   32|          0|
    |reg_3753                         |   32|   0|   32|          0|
    |reg_3761                         |   32|   0|   32|          0|
    |reg_3769                         |   32|   0|   32|          0|
    |reg_3777                         |   32|   0|   32|          0|
    |reg_3785                         |   32|   0|   32|          0|
    |reg_3793                         |   32|   0|   32|          0|
    |reg_3801                         |   32|   0|   32|          0|
    |reg_3809                         |   32|   0|   32|          0|
    |reg_3815                         |   32|   0|   32|          0|
    |reg_3821                         |   32|   0|   32|          0|
    |reg_3827                         |   32|   0|   32|          0|
    |reg_3834                         |   32|   0|   32|          0|
    |reg_3840                         |   32|   0|   32|          0|
    |reg_3846                         |   32|   0|   32|          0|
    |reg_3852                         |   32|   0|   32|          0|
    |reg_3858                         |   32|   0|   32|          0|
    |reg_3865                         |   32|   0|   32|          0|
    |reg_3871                         |   32|   0|   32|          0|
    |reg_3877                         |   32|   0|   32|          0|
    |reg_3884                         |   32|   0|   32|          0|
    |reg_3890                         |   32|   0|   32|          0|
    |reg_3895                         |   32|   0|   32|          0|
    |reg_3901                         |   32|   0|   32|          0|
    |reg_3908                         |   32|   0|   32|          0|
    |reg_3914                         |   32|   0|   32|          0|
    |reg_3921                         |   32|   0|   32|          0|
    |reg_3928                         |   32|   0|   32|          0|
    |reg_3934                         |   32|   0|   32|          0|
    |reg_3940                         |   32|   0|   32|          0|
    |reg_3946                         |   32|   0|   32|          0|
    |reg_3952                         |   32|   0|   32|          0|
    |reg_3958                         |   32|   0|   32|          0|
    |reg_3965                         |   32|   0|   32|          0|
    |reg_3970                         |   32|   0|   32|          0|
    |reg_3976                         |   32|   0|   32|          0|
    |reg_3983                         |   32|   0|   32|          0|
    |reg_3990                         |   32|   0|   32|          0|
    |reg_3997                         |   32|   0|   32|          0|
    |reg_4003                         |   32|   0|   32|          0|
    |reg_4009                         |   32|   0|   32|          0|
    |reg_4015                         |   32|   0|   32|          0|
    |reg_4021                         |   32|   0|   32|          0|
    |reg_4026                         |   32|   0|   32|          0|
    |temp_l77_i78_w1_reg_7679         |   32|   0|   32|          0|
    |tmp_100_i_reg_7214               |   32|   0|   32|          0|
    |tmp_101_i_reg_7219               |   32|   0|   32|          0|
    |tmp_102_i_reg_7234               |   32|   0|   32|          0|
    |tmp_103_i_reg_7239               |   32|   0|   32|          0|
    |tmp_104_i_reg_7254               |   32|   0|   32|          0|
    |tmp_105_i_reg_7259               |   32|   0|   32|          0|
    |tmp_106_i_reg_7274               |   32|   0|   32|          0|
    |tmp_107_i_reg_7279               |   32|   0|   32|          0|
    |tmp_108_i_reg_7294               |   32|   0|   32|          0|
    |tmp_109_i_reg_7299               |   32|   0|   32|          0|
    |tmp_110_i_reg_7314               |   32|   0|   32|          0|
    |tmp_111_i_reg_7319               |   32|   0|   32|          0|
    |tmp_112_i_reg_7334               |   32|   0|   32|          0|
    |tmp_113_i_reg_7339               |   32|   0|   32|          0|
    |tmp_114_i_reg_7354               |   32|   0|   32|          0|
    |tmp_115_i_reg_7359               |   32|   0|   32|          0|
    |tmp_116_i_reg_7374               |   32|   0|   32|          0|
    |tmp_117_i_reg_7379               |   32|   0|   32|          0|
    |tmp_118_i_reg_7394               |   32|   0|   32|          0|
    |tmp_119_i_reg_7399               |   32|   0|   32|          0|
    |tmp_120_i_reg_7414               |   32|   0|   32|          0|
    |tmp_121_i_reg_7634               |   32|   0|   32|          0|
    |tmp_122_i_reg_7669               |   32|   0|   32|          0|
    |tmp_123_i_reg_7690               |   32|   0|   32|          0|
    |tmp_124_i_reg_7695               |   32|   0|   32|          0|
    |tmp_125_i_reg_7700               |   32|   0|   32|          0|
    |tmp_126_i_reg_7705               |   32|   0|   32|          0|
    |tmp_30_i_reg_7474                |   32|   0|   32|          0|
    |tmp_32_i_reg_7589                |   32|   0|   32|          0|
    |tmp_44_i_reg_7499                |   32|   0|   32|          0|
    |tmp_45_i_reg_7514                |   32|   0|   32|          0|
    |tmp_57_i_reg_6779                |   32|   0|   32|          0|
    |tmp_58_i_reg_6794                |   32|   0|   32|          0|
    |tmp_59_i_reg_6799                |   32|   0|   32|          0|
    |tmp_5_i_reg_7469                 |   32|   0|   32|          0|
    |tmp_60_i_reg_6814                |   32|   0|   32|          0|
    |tmp_61_i_reg_6819                |   32|   0|   32|          0|
    |tmp_61_i_reg_6819_pp0_iter1_reg  |   32|   0|   32|          0|
    |tmp_62_i_reg_6834                |   32|   0|   32|          0|
    |tmp_62_i_reg_6834_pp0_iter1_reg  |   32|   0|   32|          0|
    |tmp_63_i_reg_6839                |   32|   0|   32|          0|
    |tmp_63_i_reg_6839_pp0_iter1_reg  |   32|   0|   32|          0|
    |tmp_64_i_reg_6854                |   32|   0|   32|          0|
    |tmp_64_i_reg_6854_pp0_iter1_reg  |   32|   0|   32|          0|
    |tmp_65_i_reg_6859                |   32|   0|   32|          0|
    |tmp_65_i_reg_6859_pp0_iter1_reg  |   32|   0|   32|          0|
    |tmp_66_i_reg_6874                |   32|   0|   32|          0|
    |tmp_66_i_reg_6874_pp0_iter1_reg  |   32|   0|   32|          0|
    |tmp_67_i_reg_6879                |   32|   0|   32|          0|
    |tmp_67_i_reg_6879_pp0_iter1_reg  |   32|   0|   32|          0|
    |tmp_68_i_reg_6894                |   32|   0|   32|          0|
    |tmp_68_i_reg_6894_pp0_iter1_reg  |   32|   0|   32|          0|
    |tmp_69_i_reg_6899                |   32|   0|   32|          0|
    |tmp_69_i_reg_6899_pp0_iter1_reg  |   32|   0|   32|          0|
    |tmp_70_i_reg_6914                |   32|   0|   32|          0|
    |tmp_70_i_reg_6914_pp0_iter1_reg  |   32|   0|   32|          0|
    |tmp_71_i_reg_6919                |   32|   0|   32|          0|
    |tmp_71_i_reg_6919_pp0_iter1_reg  |   32|   0|   32|          0|
    |tmp_72_i_reg_6934                |   32|   0|   32|          0|
    |tmp_72_i_reg_6934_pp0_iter1_reg  |   32|   0|   32|          0|
    |tmp_73_i_reg_6939                |   32|   0|   32|          0|
    |tmp_73_i_reg_6939_pp0_iter1_reg  |   32|   0|   32|          0|
    |tmp_74_i_reg_6954                |   32|   0|   32|          0|
    |tmp_75_i_reg_6959                |   32|   0|   32|          0|
    |tmp_76_i_reg_6974                |   32|   0|   32|          0|
    |tmp_77_i_reg_6979                |   32|   0|   32|          0|
    |tmp_78_i_reg_6994                |   32|   0|   32|          0|
    |tmp_79_i_reg_6999                |   32|   0|   32|          0|
    |tmp_80_i_reg_7014                |   32|   0|   32|          0|
    |tmp_81_i_reg_7019                |   32|   0|   32|          0|
    |tmp_82_i_reg_7034                |   32|   0|   32|          0|
    |tmp_83_i_reg_7039                |   32|   0|   32|          0|
    |tmp_84_i_reg_7054                |   32|   0|   32|          0|
    |tmp_85_i_reg_7059                |   32|   0|   32|          0|
    |tmp_86_i_reg_7074                |   32|   0|   32|          0|
    |tmp_87_i_reg_7079                |   32|   0|   32|          0|
    |tmp_88_i_reg_7094                |   32|   0|   32|          0|
    |tmp_89_i_reg_7099                |   32|   0|   32|          0|
    |tmp_90_i_reg_7114                |   32|   0|   32|          0|
    |tmp_91_i_reg_7119                |   32|   0|   32|          0|
    |tmp_92_i_reg_7134                |   32|   0|   32|          0|
    |tmp_93_i_reg_7139                |   32|   0|   32|          0|
    |tmp_94_i_reg_7154                |   32|   0|   32|          0|
    |tmp_95_i_reg_7159                |   32|   0|   32|          0|
    |tmp_96_i_reg_7174                |   32|   0|   32|          0|
    |tmp_97_i_reg_7179                |   32|   0|   32|          0|
    |tmp_98_i_reg_7194                |   32|   0|   32|          0|
    |tmp_99_i_reg_7199                |   32|   0|   32|          0|
    |tmp_reg_6489                     |    8|   0|   15|          7|
    |xFeatures_0_read_reg_5840        |   32|   0|   32|          0|
    |xFeatures_100_read_reg_6340      |   32|   0|   32|          0|
    |xFeatures_101_read_reg_6345      |   32|   0|   32|          0|
    |xFeatures_102_read_reg_6350      |   32|   0|   32|          0|
    |xFeatures_103_read_reg_6355      |   32|   0|   32|          0|
    |xFeatures_104_read_reg_6360      |   32|   0|   32|          0|
    |xFeatures_105_read_reg_6365      |   32|   0|   32|          0|
    |xFeatures_106_read_reg_6370      |   32|   0|   32|          0|
    |xFeatures_107_read_reg_6375      |   32|   0|   32|          0|
    |xFeatures_108_read_reg_6380      |   32|   0|   32|          0|
    |xFeatures_109_read_reg_6385      |   32|   0|   32|          0|
    |xFeatures_10_read_reg_5890       |   32|   0|   32|          0|
    |xFeatures_110_read_reg_6390      |   32|   0|   32|          0|
    |xFeatures_111_read_reg_6395      |   32|   0|   32|          0|
    |xFeatures_112_read_reg_6400      |   32|   0|   32|          0|
    |xFeatures_113_read_reg_6405      |   32|   0|   32|          0|
    |xFeatures_114_read_reg_6410      |   32|   0|   32|          0|
    |xFeatures_115_read_reg_6415      |   32|   0|   32|          0|
    |xFeatures_116_read_reg_6420      |   32|   0|   32|          0|
    |xFeatures_117_read_reg_6425      |   32|   0|   32|          0|
    |xFeatures_118_read_reg_6430      |   32|   0|   32|          0|
    |xFeatures_119_read_reg_6435      |   32|   0|   32|          0|
    |xFeatures_11_read_reg_5895       |   32|   0|   32|          0|
    |xFeatures_120_read_reg_6440      |   32|   0|   32|          0|
    |xFeatures_121_read_reg_6445      |   32|   0|   32|          0|
    |xFeatures_122_read_reg_6450      |   32|   0|   32|          0|
    |xFeatures_123_read_reg_6455      |   32|   0|   32|          0|
    |xFeatures_124_read_reg_6460      |   32|   0|   32|          0|
    |xFeatures_125_read_reg_6465      |   32|   0|   32|          0|
    |xFeatures_126_read_reg_6470      |   32|   0|   32|          0|
    |xFeatures_127_read_reg_6475      |   32|   0|   32|          0|
    |xFeatures_12_read_reg_5900       |   32|   0|   32|          0|
    |xFeatures_13_read_reg_5905       |   32|   0|   32|          0|
    |xFeatures_14_read_reg_5910       |   32|   0|   32|          0|
    |xFeatures_15_read_reg_5915       |   32|   0|   32|          0|
    |xFeatures_16_read_reg_5920       |   32|   0|   32|          0|
    |xFeatures_17_read_reg_5925       |   32|   0|   32|          0|
    |xFeatures_18_read_reg_5930       |   32|   0|   32|          0|
    |xFeatures_19_read_reg_5935       |   32|   0|   32|          0|
    |xFeatures_1_read_reg_5845        |   32|   0|   32|          0|
    |xFeatures_20_read_reg_5940       |   32|   0|   32|          0|
    |xFeatures_21_read_reg_5945       |   32|   0|   32|          0|
    |xFeatures_22_read_reg_5950       |   32|   0|   32|          0|
    |xFeatures_23_read_reg_5955       |   32|   0|   32|          0|
    |xFeatures_24_read_reg_5960       |   32|   0|   32|          0|
    |xFeatures_25_read_reg_5965       |   32|   0|   32|          0|
    |xFeatures_26_read_reg_5970       |   32|   0|   32|          0|
    |xFeatures_27_read_reg_5975       |   32|   0|   32|          0|
    |xFeatures_28_read_reg_5980       |   32|   0|   32|          0|
    |xFeatures_29_read_reg_5985       |   32|   0|   32|          0|
    |xFeatures_2_read_reg_5850        |   32|   0|   32|          0|
    |xFeatures_30_read_reg_5990       |   32|   0|   32|          0|
    |xFeatures_31_read_reg_5995       |   32|   0|   32|          0|
    |xFeatures_32_read_reg_6000       |   32|   0|   32|          0|
    |xFeatures_33_read_reg_6005       |   32|   0|   32|          0|
    |xFeatures_34_read_reg_6010       |   32|   0|   32|          0|
    |xFeatures_35_read_reg_6015       |   32|   0|   32|          0|
    |xFeatures_36_read_reg_6020       |   32|   0|   32|          0|
    |xFeatures_37_read_reg_6025       |   32|   0|   32|          0|
    |xFeatures_38_read_reg_6030       |   32|   0|   32|          0|
    |xFeatures_39_read_reg_6035       |   32|   0|   32|          0|
    |xFeatures_3_read_reg_5855        |   32|   0|   32|          0|
    |xFeatures_40_read_reg_6040       |   32|   0|   32|          0|
    |xFeatures_41_read_reg_6045       |   32|   0|   32|          0|
    |xFeatures_42_read_reg_6050       |   32|   0|   32|          0|
    |xFeatures_43_read_reg_6055       |   32|   0|   32|          0|
    |xFeatures_44_read_reg_6060       |   32|   0|   32|          0|
    |xFeatures_45_read_reg_6065       |   32|   0|   32|          0|
    |xFeatures_46_read_reg_6070       |   32|   0|   32|          0|
    |xFeatures_47_read_reg_6075       |   32|   0|   32|          0|
    |xFeatures_48_read_reg_6080       |   32|   0|   32|          0|
    |xFeatures_49_read_reg_6085       |   32|   0|   32|          0|
    |xFeatures_4_read_reg_5860        |   32|   0|   32|          0|
    |xFeatures_50_read_reg_6090       |   32|   0|   32|          0|
    |xFeatures_51_read_reg_6095       |   32|   0|   32|          0|
    |xFeatures_52_read_reg_6100       |   32|   0|   32|          0|
    |xFeatures_53_read_reg_6105       |   32|   0|   32|          0|
    |xFeatures_54_read_reg_6110       |   32|   0|   32|          0|
    |xFeatures_55_read_reg_6115       |   32|   0|   32|          0|
    |xFeatures_56_read_reg_6120       |   32|   0|   32|          0|
    |xFeatures_57_read_reg_6125       |   32|   0|   32|          0|
    |xFeatures_58_read_reg_6130       |   32|   0|   32|          0|
    |xFeatures_59_read_reg_6135       |   32|   0|   32|          0|
    |xFeatures_5_read_reg_5865        |   32|   0|   32|          0|
    |xFeatures_60_read_reg_6140       |   32|   0|   32|          0|
    |xFeatures_61_read_reg_6145       |   32|   0|   32|          0|
    |xFeatures_62_read_reg_6150       |   32|   0|   32|          0|
    |xFeatures_63_read_reg_6155       |   32|   0|   32|          0|
    |xFeatures_64_read_reg_6160       |   32|   0|   32|          0|
    |xFeatures_65_read_reg_6165       |   32|   0|   32|          0|
    |xFeatures_66_read_reg_6170       |   32|   0|   32|          0|
    |xFeatures_67_read_reg_6175       |   32|   0|   32|          0|
    |xFeatures_68_read_reg_6180       |   32|   0|   32|          0|
    |xFeatures_69_read_reg_6185       |   32|   0|   32|          0|
    |xFeatures_6_read_reg_5870        |   32|   0|   32|          0|
    |xFeatures_70_read_reg_6190       |   32|   0|   32|          0|
    |xFeatures_71_read_reg_6195       |   32|   0|   32|          0|
    |xFeatures_72_read_reg_6200       |   32|   0|   32|          0|
    |xFeatures_73_read_reg_6205       |   32|   0|   32|          0|
    |xFeatures_74_read_reg_6210       |   32|   0|   32|          0|
    |xFeatures_75_read_reg_6215       |   32|   0|   32|          0|
    |xFeatures_76_read_reg_6220       |   32|   0|   32|          0|
    |xFeatures_77_read_reg_6225       |   32|   0|   32|          0|
    |xFeatures_78_read_reg_6230       |   32|   0|   32|          0|
    |xFeatures_79_read_reg_6235       |   32|   0|   32|          0|
    |xFeatures_7_read_reg_5875        |   32|   0|   32|          0|
    |xFeatures_80_read_reg_6240       |   32|   0|   32|          0|
    |xFeatures_81_read_reg_6245       |   32|   0|   32|          0|
    |xFeatures_82_read_reg_6250       |   32|   0|   32|          0|
    |xFeatures_83_read_reg_6255       |   32|   0|   32|          0|
    |xFeatures_84_read_reg_6260       |   32|   0|   32|          0|
    |xFeatures_85_read_reg_6265       |   32|   0|   32|          0|
    |xFeatures_86_read_reg_6270       |   32|   0|   32|          0|
    |xFeatures_87_read_reg_6275       |   32|   0|   32|          0|
    |xFeatures_88_read_reg_6280       |   32|   0|   32|          0|
    |xFeatures_89_read_reg_6285       |   32|   0|   32|          0|
    |xFeatures_8_read_reg_5880        |   32|   0|   32|          0|
    |xFeatures_90_read_reg_6290       |   32|   0|   32|          0|
    |xFeatures_91_read_reg_6295       |   32|   0|   32|          0|
    |xFeatures_92_read_reg_6300       |   32|   0|   32|          0|
    |xFeatures_93_read_reg_6305       |   32|   0|   32|          0|
    |xFeatures_94_read_reg_6310       |   32|   0|   32|          0|
    |xFeatures_95_read_reg_6315       |   32|   0|   32|          0|
    |xFeatures_96_read_reg_6320       |   32|   0|   32|          0|
    |xFeatures_97_read_reg_6325       |   32|   0|   32|          0|
    |xFeatures_98_read_reg_6330       |   32|   0|   32|          0|
    |xFeatures_99_read_reg_6335       |   32|   0|   32|          0|
    |xFeatures_9_read_reg_5885        |   32|   0|   32|          0|
    |distance_w124_reg_7685           |   64|  32|   32|          0|
    |i_0_i_reg_3658                   |   64|  32|    8|          0|
    |icmp_ln271_reg_6480              |   64|  32|    1|          0|
    |tmp_100_i_reg_7214               |   64|  32|   32|          0|
    |tmp_101_i_reg_7219               |   64|  32|   32|          0|
    |tmp_102_i_reg_7234               |   64|  32|   32|          0|
    |tmp_103_i_reg_7239               |   64|  32|   32|          0|
    |tmp_104_i_reg_7254               |   64|  32|   32|          0|
    |tmp_105_i_reg_7259               |   64|  32|   32|          0|
    |tmp_106_i_reg_7274               |   64|  32|   32|          0|
    |tmp_107_i_reg_7279               |   64|  32|   32|          0|
    |tmp_108_i_reg_7294               |   64|  32|   32|          0|
    |tmp_109_i_reg_7299               |   64|  32|   32|          0|
    |tmp_110_i_reg_7314               |   64|  32|   32|          0|
    |tmp_111_i_reg_7319               |   64|  32|   32|          0|
    |tmp_112_i_reg_7334               |   64|  32|   32|          0|
    |tmp_113_i_reg_7339               |   64|  32|   32|          0|
    |tmp_114_i_reg_7354               |   64|  32|   32|          0|
    |tmp_115_i_reg_7359               |   64|  32|   32|          0|
    |tmp_116_i_reg_7374               |   64|  32|   32|          0|
    |tmp_117_i_reg_7379               |   64|  32|   32|          0|
    |tmp_118_i_reg_7394               |   64|  32|   32|          0|
    |tmp_119_i_reg_7399               |   64|  32|   32|          0|
    |tmp_120_i_reg_7414               |   64|  32|   32|          0|
    |tmp_121_i_reg_7634               |   64|  32|   32|          0|
    |tmp_122_i_reg_7669               |   64|  32|   32|          0|
    |tmp_123_i_reg_7690               |   64|  32|   32|          0|
    |tmp_124_i_reg_7695               |   64|  32|   32|          0|
    |tmp_125_i_reg_7700               |   64|  32|   32|          0|
    |tmp_126_i_reg_7705               |   64|  32|   32|          0|
    |tmp_74_i_reg_6954                |   64|  32|   32|          0|
    |tmp_75_i_reg_6959                |   64|  32|   32|          0|
    |tmp_76_i_reg_6974                |   64|  32|   32|          0|
    |tmp_77_i_reg_6979                |   64|  32|   32|          0|
    |tmp_78_i_reg_6994                |   64|  32|   32|          0|
    |tmp_79_i_reg_6999                |   64|  32|   32|          0|
    |tmp_80_i_reg_7014                |   64|  32|   32|          0|
    |tmp_81_i_reg_7019                |   64|  32|   32|          0|
    |tmp_82_i_reg_7034                |   64|  32|   32|          0|
    |tmp_83_i_reg_7039                |   64|  32|   32|          0|
    |tmp_84_i_reg_7054                |   64|  32|   32|          0|
    |tmp_85_i_reg_7059                |   64|  32|   32|          0|
    |tmp_86_i_reg_7074                |   64|  32|   32|          0|
    |tmp_87_i_reg_7079                |   64|  32|   32|          0|
    |tmp_88_i_reg_7094                |   64|  32|   32|          0|
    |tmp_89_i_reg_7099                |   64|  32|   32|          0|
    |tmp_90_i_reg_7114                |   64|  32|   32|          0|
    |tmp_91_i_reg_7119                |   64|  32|   32|          0|
    |tmp_92_i_reg_7134                |   64|  32|   32|          0|
    |tmp_93_i_reg_7139                |   64|  32|   32|          0|
    |tmp_94_i_reg_7154                |   64|  32|   32|          0|
    |tmp_95_i_reg_7159                |   64|  32|   32|          0|
    |tmp_96_i_reg_7174                |   64|  32|   32|          0|
    |tmp_97_i_reg_7179                |   64|  32|   32|          0|
    |tmp_98_i_reg_7194                |   64|  32|   32|          0|
    |tmp_99_i_reg_7199                |   64|  32|   32|          0|
    +---------------------------------+-----+----+-----+-----------+
    |Total                            |12869|1792|11029|          7|
    +---------------------------------+-----+----+-----+-----------+



================================================================
== Interface
================================================================
* Summary: 
+-------------------------+-----+-----+------------+----------------+--------------+
|        RTL Ports        | Dir | Bits|  Protocol  |  Source Object |    C Type    |
+-------------------------+-----+-----+------------+----------------+--------------+
|ap_clk                   |  in |    1| ap_ctrl_hs |   parallel_0   | return value |
|ap_rst                   |  in |    1| ap_ctrl_hs |   parallel_0   | return value |
|ap_start                 |  in |    1| ap_ctrl_hs |   parallel_0   | return value |
|ap_done                  | out |    1| ap_ctrl_hs |   parallel_0   | return value |
|ap_continue              |  in |    1| ap_ctrl_hs |   parallel_0   | return value |
|ap_idle                  | out |    1| ap_ctrl_hs |   parallel_0   | return value |
|ap_ready                 | out |    1| ap_ctrl_hs |   parallel_0   | return value |
|knownFeatures_address0   | out |   15|  ap_memory |  knownFeatures |     array    |
|knownFeatures_ce0        | out |    1|  ap_memory |  knownFeatures |     array    |
|knownFeatures_q0         |  in |   32|  ap_memory |  knownFeatures |     array    |
|knownFeatures_address1   | out |   15|  ap_memory |  knownFeatures |     array    |
|knownFeatures_ce1        | out |    1|  ap_memory |  knownFeatures |     array    |
|knownFeatures_q1         |  in |   32|  ap_memory |  knownFeatures |     array    |
|xFeatures_0_dout         |  in |   32|   ap_fifo  |   xFeatures_0  |    pointer   |
|xFeatures_0_empty_n      |  in |    1|   ap_fifo  |   xFeatures_0  |    pointer   |
|xFeatures_0_read         | out |    1|   ap_fifo  |   xFeatures_0  |    pointer   |
|xFeatures_1_dout         |  in |   32|   ap_fifo  |   xFeatures_1  |    pointer   |
|xFeatures_1_empty_n      |  in |    1|   ap_fifo  |   xFeatures_1  |    pointer   |
|xFeatures_1_read         | out |    1|   ap_fifo  |   xFeatures_1  |    pointer   |
|xFeatures_2_dout         |  in |   32|   ap_fifo  |   xFeatures_2  |    pointer   |
|xFeatures_2_empty_n      |  in |    1|   ap_fifo  |   xFeatures_2  |    pointer   |
|xFeatures_2_read         | out |    1|   ap_fifo  |   xFeatures_2  |    pointer   |
|xFeatures_3_dout         |  in |   32|   ap_fifo  |   xFeatures_3  |    pointer   |
|xFeatures_3_empty_n      |  in |    1|   ap_fifo  |   xFeatures_3  |    pointer   |
|xFeatures_3_read         | out |    1|   ap_fifo  |   xFeatures_3  |    pointer   |
|xFeatures_4_dout         |  in |   32|   ap_fifo  |   xFeatures_4  |    pointer   |
|xFeatures_4_empty_n      |  in |    1|   ap_fifo  |   xFeatures_4  |    pointer   |
|xFeatures_4_read         | out |    1|   ap_fifo  |   xFeatures_4  |    pointer   |
|xFeatures_5_dout         |  in |   32|   ap_fifo  |   xFeatures_5  |    pointer   |
|xFeatures_5_empty_n      |  in |    1|   ap_fifo  |   xFeatures_5  |    pointer   |
|xFeatures_5_read         | out |    1|   ap_fifo  |   xFeatures_5  |    pointer   |
|xFeatures_6_dout         |  in |   32|   ap_fifo  |   xFeatures_6  |    pointer   |
|xFeatures_6_empty_n      |  in |    1|   ap_fifo  |   xFeatures_6  |    pointer   |
|xFeatures_6_read         | out |    1|   ap_fifo  |   xFeatures_6  |    pointer   |
|xFeatures_7_dout         |  in |   32|   ap_fifo  |   xFeatures_7  |    pointer   |
|xFeatures_7_empty_n      |  in |    1|   ap_fifo  |   xFeatures_7  |    pointer   |
|xFeatures_7_read         | out |    1|   ap_fifo  |   xFeatures_7  |    pointer   |
|xFeatures_8_dout         |  in |   32|   ap_fifo  |   xFeatures_8  |    pointer   |
|xFeatures_8_empty_n      |  in |    1|   ap_fifo  |   xFeatures_8  |    pointer   |
|xFeatures_8_read         | out |    1|   ap_fifo  |   xFeatures_8  |    pointer   |
|xFeatures_9_dout         |  in |   32|   ap_fifo  |   xFeatures_9  |    pointer   |
|xFeatures_9_empty_n      |  in |    1|   ap_fifo  |   xFeatures_9  |    pointer   |
|xFeatures_9_read         | out |    1|   ap_fifo  |   xFeatures_9  |    pointer   |
|xFeatures_10_dout        |  in |   32|   ap_fifo  |  xFeatures_10  |    pointer   |
|xFeatures_10_empty_n     |  in |    1|   ap_fifo  |  xFeatures_10  |    pointer   |
|xFeatures_10_read        | out |    1|   ap_fifo  |  xFeatures_10  |    pointer   |
|xFeatures_11_dout        |  in |   32|   ap_fifo  |  xFeatures_11  |    pointer   |
|xFeatures_11_empty_n     |  in |    1|   ap_fifo  |  xFeatures_11  |    pointer   |
|xFeatures_11_read        | out |    1|   ap_fifo  |  xFeatures_11  |    pointer   |
|xFeatures_12_dout        |  in |   32|   ap_fifo  |  xFeatures_12  |    pointer   |
|xFeatures_12_empty_n     |  in |    1|   ap_fifo  |  xFeatures_12  |    pointer   |
|xFeatures_12_read        | out |    1|   ap_fifo  |  xFeatures_12  |    pointer   |
|xFeatures_13_dout        |  in |   32|   ap_fifo  |  xFeatures_13  |    pointer   |
|xFeatures_13_empty_n     |  in |    1|   ap_fifo  |  xFeatures_13  |    pointer   |
|xFeatures_13_read        | out |    1|   ap_fifo  |  xFeatures_13  |    pointer   |
|xFeatures_14_dout        |  in |   32|   ap_fifo  |  xFeatures_14  |    pointer   |
|xFeatures_14_empty_n     |  in |    1|   ap_fifo  |  xFeatures_14  |    pointer   |
|xFeatures_14_read        | out |    1|   ap_fifo  |  xFeatures_14  |    pointer   |
|xFeatures_15_dout        |  in |   32|   ap_fifo  |  xFeatures_15  |    pointer   |
|xFeatures_15_empty_n     |  in |    1|   ap_fifo  |  xFeatures_15  |    pointer   |
|xFeatures_15_read        | out |    1|   ap_fifo  |  xFeatures_15  |    pointer   |
|xFeatures_16_dout        |  in |   32|   ap_fifo  |  xFeatures_16  |    pointer   |
|xFeatures_16_empty_n     |  in |    1|   ap_fifo  |  xFeatures_16  |    pointer   |
|xFeatures_16_read        | out |    1|   ap_fifo  |  xFeatures_16  |    pointer   |
|xFeatures_17_dout        |  in |   32|   ap_fifo  |  xFeatures_17  |    pointer   |
|xFeatures_17_empty_n     |  in |    1|   ap_fifo  |  xFeatures_17  |    pointer   |
|xFeatures_17_read        | out |    1|   ap_fifo  |  xFeatures_17  |    pointer   |
|xFeatures_18_dout        |  in |   32|   ap_fifo  |  xFeatures_18  |    pointer   |
|xFeatures_18_empty_n     |  in |    1|   ap_fifo  |  xFeatures_18  |    pointer   |
|xFeatures_18_read        | out |    1|   ap_fifo  |  xFeatures_18  |    pointer   |
|xFeatures_19_dout        |  in |   32|   ap_fifo  |  xFeatures_19  |    pointer   |
|xFeatures_19_empty_n     |  in |    1|   ap_fifo  |  xFeatures_19  |    pointer   |
|xFeatures_19_read        | out |    1|   ap_fifo  |  xFeatures_19  |    pointer   |
|xFeatures_20_dout        |  in |   32|   ap_fifo  |  xFeatures_20  |    pointer   |
|xFeatures_20_empty_n     |  in |    1|   ap_fifo  |  xFeatures_20  |    pointer   |
|xFeatures_20_read        | out |    1|   ap_fifo  |  xFeatures_20  |    pointer   |
|xFeatures_21_dout        |  in |   32|   ap_fifo  |  xFeatures_21  |    pointer   |
|xFeatures_21_empty_n     |  in |    1|   ap_fifo  |  xFeatures_21  |    pointer   |
|xFeatures_21_read        | out |    1|   ap_fifo  |  xFeatures_21  |    pointer   |
|xFeatures_22_dout        |  in |   32|   ap_fifo  |  xFeatures_22  |    pointer   |
|xFeatures_22_empty_n     |  in |    1|   ap_fifo  |  xFeatures_22  |    pointer   |
|xFeatures_22_read        | out |    1|   ap_fifo  |  xFeatures_22  |    pointer   |
|xFeatures_23_dout        |  in |   32|   ap_fifo  |  xFeatures_23  |    pointer   |
|xFeatures_23_empty_n     |  in |    1|   ap_fifo  |  xFeatures_23  |    pointer   |
|xFeatures_23_read        | out |    1|   ap_fifo  |  xFeatures_23  |    pointer   |
|xFeatures_24_dout        |  in |   32|   ap_fifo  |  xFeatures_24  |    pointer   |
|xFeatures_24_empty_n     |  in |    1|   ap_fifo  |  xFeatures_24  |    pointer   |
|xFeatures_24_read        | out |    1|   ap_fifo  |  xFeatures_24  |    pointer   |
|xFeatures_25_dout        |  in |   32|   ap_fifo  |  xFeatures_25  |    pointer   |
|xFeatures_25_empty_n     |  in |    1|   ap_fifo  |  xFeatures_25  |    pointer   |
|xFeatures_25_read        | out |    1|   ap_fifo  |  xFeatures_25  |    pointer   |
|xFeatures_26_dout        |  in |   32|   ap_fifo  |  xFeatures_26  |    pointer   |
|xFeatures_26_empty_n     |  in |    1|   ap_fifo  |  xFeatures_26  |    pointer   |
|xFeatures_26_read        | out |    1|   ap_fifo  |  xFeatures_26  |    pointer   |
|xFeatures_27_dout        |  in |   32|   ap_fifo  |  xFeatures_27  |    pointer   |
|xFeatures_27_empty_n     |  in |    1|   ap_fifo  |  xFeatures_27  |    pointer   |
|xFeatures_27_read        | out |    1|   ap_fifo  |  xFeatures_27  |    pointer   |
|xFeatures_28_dout        |  in |   32|   ap_fifo  |  xFeatures_28  |    pointer   |
|xFeatures_28_empty_n     |  in |    1|   ap_fifo  |  xFeatures_28  |    pointer   |
|xFeatures_28_read        | out |    1|   ap_fifo  |  xFeatures_28  |    pointer   |
|xFeatures_29_dout        |  in |   32|   ap_fifo  |  xFeatures_29  |    pointer   |
|xFeatures_29_empty_n     |  in |    1|   ap_fifo  |  xFeatures_29  |    pointer   |
|xFeatures_29_read        | out |    1|   ap_fifo  |  xFeatures_29  |    pointer   |
|xFeatures_30_dout        |  in |   32|   ap_fifo  |  xFeatures_30  |    pointer   |
|xFeatures_30_empty_n     |  in |    1|   ap_fifo  |  xFeatures_30  |    pointer   |
|xFeatures_30_read        | out |    1|   ap_fifo  |  xFeatures_30  |    pointer   |
|xFeatures_31_dout        |  in |   32|   ap_fifo  |  xFeatures_31  |    pointer   |
|xFeatures_31_empty_n     |  in |    1|   ap_fifo  |  xFeatures_31  |    pointer   |
|xFeatures_31_read        | out |    1|   ap_fifo  |  xFeatures_31  |    pointer   |
|xFeatures_32_dout        |  in |   32|   ap_fifo  |  xFeatures_32  |    pointer   |
|xFeatures_32_empty_n     |  in |    1|   ap_fifo  |  xFeatures_32  |    pointer   |
|xFeatures_32_read        | out |    1|   ap_fifo  |  xFeatures_32  |    pointer   |
|xFeatures_33_dout        |  in |   32|   ap_fifo  |  xFeatures_33  |    pointer   |
|xFeatures_33_empty_n     |  in |    1|   ap_fifo  |  xFeatures_33  |    pointer   |
|xFeatures_33_read        | out |    1|   ap_fifo  |  xFeatures_33  |    pointer   |
|xFeatures_34_dout        |  in |   32|   ap_fifo  |  xFeatures_34  |    pointer   |
|xFeatures_34_empty_n     |  in |    1|   ap_fifo  |  xFeatures_34  |    pointer   |
|xFeatures_34_read        | out |    1|   ap_fifo  |  xFeatures_34  |    pointer   |
|xFeatures_35_dout        |  in |   32|   ap_fifo  |  xFeatures_35  |    pointer   |
|xFeatures_35_empty_n     |  in |    1|   ap_fifo  |  xFeatures_35  |    pointer   |
|xFeatures_35_read        | out |    1|   ap_fifo  |  xFeatures_35  |    pointer   |
|xFeatures_36_dout        |  in |   32|   ap_fifo  |  xFeatures_36  |    pointer   |
|xFeatures_36_empty_n     |  in |    1|   ap_fifo  |  xFeatures_36  |    pointer   |
|xFeatures_36_read        | out |    1|   ap_fifo  |  xFeatures_36  |    pointer   |
|xFeatures_37_dout        |  in |   32|   ap_fifo  |  xFeatures_37  |    pointer   |
|xFeatures_37_empty_n     |  in |    1|   ap_fifo  |  xFeatures_37  |    pointer   |
|xFeatures_37_read        | out |    1|   ap_fifo  |  xFeatures_37  |    pointer   |
|xFeatures_38_dout        |  in |   32|   ap_fifo  |  xFeatures_38  |    pointer   |
|xFeatures_38_empty_n     |  in |    1|   ap_fifo  |  xFeatures_38  |    pointer   |
|xFeatures_38_read        | out |    1|   ap_fifo  |  xFeatures_38  |    pointer   |
|xFeatures_39_dout        |  in |   32|   ap_fifo  |  xFeatures_39  |    pointer   |
|xFeatures_39_empty_n     |  in |    1|   ap_fifo  |  xFeatures_39  |    pointer   |
|xFeatures_39_read        | out |    1|   ap_fifo  |  xFeatures_39  |    pointer   |
|xFeatures_40_dout        |  in |   32|   ap_fifo  |  xFeatures_40  |    pointer   |
|xFeatures_40_empty_n     |  in |    1|   ap_fifo  |  xFeatures_40  |    pointer   |
|xFeatures_40_read        | out |    1|   ap_fifo  |  xFeatures_40  |    pointer   |
|xFeatures_41_dout        |  in |   32|   ap_fifo  |  xFeatures_41  |    pointer   |
|xFeatures_41_empty_n     |  in |    1|   ap_fifo  |  xFeatures_41  |    pointer   |
|xFeatures_41_read        | out |    1|   ap_fifo  |  xFeatures_41  |    pointer   |
|xFeatures_42_dout        |  in |   32|   ap_fifo  |  xFeatures_42  |    pointer   |
|xFeatures_42_empty_n     |  in |    1|   ap_fifo  |  xFeatures_42  |    pointer   |
|xFeatures_42_read        | out |    1|   ap_fifo  |  xFeatures_42  |    pointer   |
|xFeatures_43_dout        |  in |   32|   ap_fifo  |  xFeatures_43  |    pointer   |
|xFeatures_43_empty_n     |  in |    1|   ap_fifo  |  xFeatures_43  |    pointer   |
|xFeatures_43_read        | out |    1|   ap_fifo  |  xFeatures_43  |    pointer   |
|xFeatures_44_dout        |  in |   32|   ap_fifo  |  xFeatures_44  |    pointer   |
|xFeatures_44_empty_n     |  in |    1|   ap_fifo  |  xFeatures_44  |    pointer   |
|xFeatures_44_read        | out |    1|   ap_fifo  |  xFeatures_44  |    pointer   |
|xFeatures_45_dout        |  in |   32|   ap_fifo  |  xFeatures_45  |    pointer   |
|xFeatures_45_empty_n     |  in |    1|   ap_fifo  |  xFeatures_45  |    pointer   |
|xFeatures_45_read        | out |    1|   ap_fifo  |  xFeatures_45  |    pointer   |
|xFeatures_46_dout        |  in |   32|   ap_fifo  |  xFeatures_46  |    pointer   |
|xFeatures_46_empty_n     |  in |    1|   ap_fifo  |  xFeatures_46  |    pointer   |
|xFeatures_46_read        | out |    1|   ap_fifo  |  xFeatures_46  |    pointer   |
|xFeatures_47_dout        |  in |   32|   ap_fifo  |  xFeatures_47  |    pointer   |
|xFeatures_47_empty_n     |  in |    1|   ap_fifo  |  xFeatures_47  |    pointer   |
|xFeatures_47_read        | out |    1|   ap_fifo  |  xFeatures_47  |    pointer   |
|xFeatures_48_dout        |  in |   32|   ap_fifo  |  xFeatures_48  |    pointer   |
|xFeatures_48_empty_n     |  in |    1|   ap_fifo  |  xFeatures_48  |    pointer   |
|xFeatures_48_read        | out |    1|   ap_fifo  |  xFeatures_48  |    pointer   |
|xFeatures_49_dout        |  in |   32|   ap_fifo  |  xFeatures_49  |    pointer   |
|xFeatures_49_empty_n     |  in |    1|   ap_fifo  |  xFeatures_49  |    pointer   |
|xFeatures_49_read        | out |    1|   ap_fifo  |  xFeatures_49  |    pointer   |
|xFeatures_50_dout        |  in |   32|   ap_fifo  |  xFeatures_50  |    pointer   |
|xFeatures_50_empty_n     |  in |    1|   ap_fifo  |  xFeatures_50  |    pointer   |
|xFeatures_50_read        | out |    1|   ap_fifo  |  xFeatures_50  |    pointer   |
|xFeatures_51_dout        |  in |   32|   ap_fifo  |  xFeatures_51  |    pointer   |
|xFeatures_51_empty_n     |  in |    1|   ap_fifo  |  xFeatures_51  |    pointer   |
|xFeatures_51_read        | out |    1|   ap_fifo  |  xFeatures_51  |    pointer   |
|xFeatures_52_dout        |  in |   32|   ap_fifo  |  xFeatures_52  |    pointer   |
|xFeatures_52_empty_n     |  in |    1|   ap_fifo  |  xFeatures_52  |    pointer   |
|xFeatures_52_read        | out |    1|   ap_fifo  |  xFeatures_52  |    pointer   |
|xFeatures_53_dout        |  in |   32|   ap_fifo  |  xFeatures_53  |    pointer   |
|xFeatures_53_empty_n     |  in |    1|   ap_fifo  |  xFeatures_53  |    pointer   |
|xFeatures_53_read        | out |    1|   ap_fifo  |  xFeatures_53  |    pointer   |
|xFeatures_54_dout        |  in |   32|   ap_fifo  |  xFeatures_54  |    pointer   |
|xFeatures_54_empty_n     |  in |    1|   ap_fifo  |  xFeatures_54  |    pointer   |
|xFeatures_54_read        | out |    1|   ap_fifo  |  xFeatures_54  |    pointer   |
|xFeatures_55_dout        |  in |   32|   ap_fifo  |  xFeatures_55  |    pointer   |
|xFeatures_55_empty_n     |  in |    1|   ap_fifo  |  xFeatures_55  |    pointer   |
|xFeatures_55_read        | out |    1|   ap_fifo  |  xFeatures_55  |    pointer   |
|xFeatures_56_dout        |  in |   32|   ap_fifo  |  xFeatures_56  |    pointer   |
|xFeatures_56_empty_n     |  in |    1|   ap_fifo  |  xFeatures_56  |    pointer   |
|xFeatures_56_read        | out |    1|   ap_fifo  |  xFeatures_56  |    pointer   |
|xFeatures_57_dout        |  in |   32|   ap_fifo  |  xFeatures_57  |    pointer   |
|xFeatures_57_empty_n     |  in |    1|   ap_fifo  |  xFeatures_57  |    pointer   |
|xFeatures_57_read        | out |    1|   ap_fifo  |  xFeatures_57  |    pointer   |
|xFeatures_58_dout        |  in |   32|   ap_fifo  |  xFeatures_58  |    pointer   |
|xFeatures_58_empty_n     |  in |    1|   ap_fifo  |  xFeatures_58  |    pointer   |
|xFeatures_58_read        | out |    1|   ap_fifo  |  xFeatures_58  |    pointer   |
|xFeatures_59_dout        |  in |   32|   ap_fifo  |  xFeatures_59  |    pointer   |
|xFeatures_59_empty_n     |  in |    1|   ap_fifo  |  xFeatures_59  |    pointer   |
|xFeatures_59_read        | out |    1|   ap_fifo  |  xFeatures_59  |    pointer   |
|xFeatures_60_dout        |  in |   32|   ap_fifo  |  xFeatures_60  |    pointer   |
|xFeatures_60_empty_n     |  in |    1|   ap_fifo  |  xFeatures_60  |    pointer   |
|xFeatures_60_read        | out |    1|   ap_fifo  |  xFeatures_60  |    pointer   |
|xFeatures_61_dout        |  in |   32|   ap_fifo  |  xFeatures_61  |    pointer   |
|xFeatures_61_empty_n     |  in |    1|   ap_fifo  |  xFeatures_61  |    pointer   |
|xFeatures_61_read        | out |    1|   ap_fifo  |  xFeatures_61  |    pointer   |
|xFeatures_62_dout        |  in |   32|   ap_fifo  |  xFeatures_62  |    pointer   |
|xFeatures_62_empty_n     |  in |    1|   ap_fifo  |  xFeatures_62  |    pointer   |
|xFeatures_62_read        | out |    1|   ap_fifo  |  xFeatures_62  |    pointer   |
|xFeatures_63_dout        |  in |   32|   ap_fifo  |  xFeatures_63  |    pointer   |
|xFeatures_63_empty_n     |  in |    1|   ap_fifo  |  xFeatures_63  |    pointer   |
|xFeatures_63_read        | out |    1|   ap_fifo  |  xFeatures_63  |    pointer   |
|xFeatures_64_dout        |  in |   32|   ap_fifo  |  xFeatures_64  |    pointer   |
|xFeatures_64_empty_n     |  in |    1|   ap_fifo  |  xFeatures_64  |    pointer   |
|xFeatures_64_read        | out |    1|   ap_fifo  |  xFeatures_64  |    pointer   |
|xFeatures_65_dout        |  in |   32|   ap_fifo  |  xFeatures_65  |    pointer   |
|xFeatures_65_empty_n     |  in |    1|   ap_fifo  |  xFeatures_65  |    pointer   |
|xFeatures_65_read        | out |    1|   ap_fifo  |  xFeatures_65  |    pointer   |
|xFeatures_66_dout        |  in |   32|   ap_fifo  |  xFeatures_66  |    pointer   |
|xFeatures_66_empty_n     |  in |    1|   ap_fifo  |  xFeatures_66  |    pointer   |
|xFeatures_66_read        | out |    1|   ap_fifo  |  xFeatures_66  |    pointer   |
|xFeatures_67_dout        |  in |   32|   ap_fifo  |  xFeatures_67  |    pointer   |
|xFeatures_67_empty_n     |  in |    1|   ap_fifo  |  xFeatures_67  |    pointer   |
|xFeatures_67_read        | out |    1|   ap_fifo  |  xFeatures_67  |    pointer   |
|xFeatures_68_dout        |  in |   32|   ap_fifo  |  xFeatures_68  |    pointer   |
|xFeatures_68_empty_n     |  in |    1|   ap_fifo  |  xFeatures_68  |    pointer   |
|xFeatures_68_read        | out |    1|   ap_fifo  |  xFeatures_68  |    pointer   |
|xFeatures_69_dout        |  in |   32|   ap_fifo  |  xFeatures_69  |    pointer   |
|xFeatures_69_empty_n     |  in |    1|   ap_fifo  |  xFeatures_69  |    pointer   |
|xFeatures_69_read        | out |    1|   ap_fifo  |  xFeatures_69  |    pointer   |
|xFeatures_70_dout        |  in |   32|   ap_fifo  |  xFeatures_70  |    pointer   |
|xFeatures_70_empty_n     |  in |    1|   ap_fifo  |  xFeatures_70  |    pointer   |
|xFeatures_70_read        | out |    1|   ap_fifo  |  xFeatures_70  |    pointer   |
|xFeatures_71_dout        |  in |   32|   ap_fifo  |  xFeatures_71  |    pointer   |
|xFeatures_71_empty_n     |  in |    1|   ap_fifo  |  xFeatures_71  |    pointer   |
|xFeatures_71_read        | out |    1|   ap_fifo  |  xFeatures_71  |    pointer   |
|xFeatures_72_dout        |  in |   32|   ap_fifo  |  xFeatures_72  |    pointer   |
|xFeatures_72_empty_n     |  in |    1|   ap_fifo  |  xFeatures_72  |    pointer   |
|xFeatures_72_read        | out |    1|   ap_fifo  |  xFeatures_72  |    pointer   |
|xFeatures_73_dout        |  in |   32|   ap_fifo  |  xFeatures_73  |    pointer   |
|xFeatures_73_empty_n     |  in |    1|   ap_fifo  |  xFeatures_73  |    pointer   |
|xFeatures_73_read        | out |    1|   ap_fifo  |  xFeatures_73  |    pointer   |
|xFeatures_74_dout        |  in |   32|   ap_fifo  |  xFeatures_74  |    pointer   |
|xFeatures_74_empty_n     |  in |    1|   ap_fifo  |  xFeatures_74  |    pointer   |
|xFeatures_74_read        | out |    1|   ap_fifo  |  xFeatures_74  |    pointer   |
|xFeatures_75_dout        |  in |   32|   ap_fifo  |  xFeatures_75  |    pointer   |
|xFeatures_75_empty_n     |  in |    1|   ap_fifo  |  xFeatures_75  |    pointer   |
|xFeatures_75_read        | out |    1|   ap_fifo  |  xFeatures_75  |    pointer   |
|xFeatures_76_dout        |  in |   32|   ap_fifo  |  xFeatures_76  |    pointer   |
|xFeatures_76_empty_n     |  in |    1|   ap_fifo  |  xFeatures_76  |    pointer   |
|xFeatures_76_read        | out |    1|   ap_fifo  |  xFeatures_76  |    pointer   |
|xFeatures_77_dout        |  in |   32|   ap_fifo  |  xFeatures_77  |    pointer   |
|xFeatures_77_empty_n     |  in |    1|   ap_fifo  |  xFeatures_77  |    pointer   |
|xFeatures_77_read        | out |    1|   ap_fifo  |  xFeatures_77  |    pointer   |
|xFeatures_78_dout        |  in |   32|   ap_fifo  |  xFeatures_78  |    pointer   |
|xFeatures_78_empty_n     |  in |    1|   ap_fifo  |  xFeatures_78  |    pointer   |
|xFeatures_78_read        | out |    1|   ap_fifo  |  xFeatures_78  |    pointer   |
|xFeatures_79_dout        |  in |   32|   ap_fifo  |  xFeatures_79  |    pointer   |
|xFeatures_79_empty_n     |  in |    1|   ap_fifo  |  xFeatures_79  |    pointer   |
|xFeatures_79_read        | out |    1|   ap_fifo  |  xFeatures_79  |    pointer   |
|xFeatures_80_dout        |  in |   32|   ap_fifo  |  xFeatures_80  |    pointer   |
|xFeatures_80_empty_n     |  in |    1|   ap_fifo  |  xFeatures_80  |    pointer   |
|xFeatures_80_read        | out |    1|   ap_fifo  |  xFeatures_80  |    pointer   |
|xFeatures_81_dout        |  in |   32|   ap_fifo  |  xFeatures_81  |    pointer   |
|xFeatures_81_empty_n     |  in |    1|   ap_fifo  |  xFeatures_81  |    pointer   |
|xFeatures_81_read        | out |    1|   ap_fifo  |  xFeatures_81  |    pointer   |
|xFeatures_82_dout        |  in |   32|   ap_fifo  |  xFeatures_82  |    pointer   |
|xFeatures_82_empty_n     |  in |    1|   ap_fifo  |  xFeatures_82  |    pointer   |
|xFeatures_82_read        | out |    1|   ap_fifo  |  xFeatures_82  |    pointer   |
|xFeatures_83_dout        |  in |   32|   ap_fifo  |  xFeatures_83  |    pointer   |
|xFeatures_83_empty_n     |  in |    1|   ap_fifo  |  xFeatures_83  |    pointer   |
|xFeatures_83_read        | out |    1|   ap_fifo  |  xFeatures_83  |    pointer   |
|xFeatures_84_dout        |  in |   32|   ap_fifo  |  xFeatures_84  |    pointer   |
|xFeatures_84_empty_n     |  in |    1|   ap_fifo  |  xFeatures_84  |    pointer   |
|xFeatures_84_read        | out |    1|   ap_fifo  |  xFeatures_84  |    pointer   |
|xFeatures_85_dout        |  in |   32|   ap_fifo  |  xFeatures_85  |    pointer   |
|xFeatures_85_empty_n     |  in |    1|   ap_fifo  |  xFeatures_85  |    pointer   |
|xFeatures_85_read        | out |    1|   ap_fifo  |  xFeatures_85  |    pointer   |
|xFeatures_86_dout        |  in |   32|   ap_fifo  |  xFeatures_86  |    pointer   |
|xFeatures_86_empty_n     |  in |    1|   ap_fifo  |  xFeatures_86  |    pointer   |
|xFeatures_86_read        | out |    1|   ap_fifo  |  xFeatures_86  |    pointer   |
|xFeatures_87_dout        |  in |   32|   ap_fifo  |  xFeatures_87  |    pointer   |
|xFeatures_87_empty_n     |  in |    1|   ap_fifo  |  xFeatures_87  |    pointer   |
|xFeatures_87_read        | out |    1|   ap_fifo  |  xFeatures_87  |    pointer   |
|xFeatures_88_dout        |  in |   32|   ap_fifo  |  xFeatures_88  |    pointer   |
|xFeatures_88_empty_n     |  in |    1|   ap_fifo  |  xFeatures_88  |    pointer   |
|xFeatures_88_read        | out |    1|   ap_fifo  |  xFeatures_88  |    pointer   |
|xFeatures_89_dout        |  in |   32|   ap_fifo  |  xFeatures_89  |    pointer   |
|xFeatures_89_empty_n     |  in |    1|   ap_fifo  |  xFeatures_89  |    pointer   |
|xFeatures_89_read        | out |    1|   ap_fifo  |  xFeatures_89  |    pointer   |
|xFeatures_90_dout        |  in |   32|   ap_fifo  |  xFeatures_90  |    pointer   |
|xFeatures_90_empty_n     |  in |    1|   ap_fifo  |  xFeatures_90  |    pointer   |
|xFeatures_90_read        | out |    1|   ap_fifo  |  xFeatures_90  |    pointer   |
|xFeatures_91_dout        |  in |   32|   ap_fifo  |  xFeatures_91  |    pointer   |
|xFeatures_91_empty_n     |  in |    1|   ap_fifo  |  xFeatures_91  |    pointer   |
|xFeatures_91_read        | out |    1|   ap_fifo  |  xFeatures_91  |    pointer   |
|xFeatures_92_dout        |  in |   32|   ap_fifo  |  xFeatures_92  |    pointer   |
|xFeatures_92_empty_n     |  in |    1|   ap_fifo  |  xFeatures_92  |    pointer   |
|xFeatures_92_read        | out |    1|   ap_fifo  |  xFeatures_92  |    pointer   |
|xFeatures_93_dout        |  in |   32|   ap_fifo  |  xFeatures_93  |    pointer   |
|xFeatures_93_empty_n     |  in |    1|   ap_fifo  |  xFeatures_93  |    pointer   |
|xFeatures_93_read        | out |    1|   ap_fifo  |  xFeatures_93  |    pointer   |
|xFeatures_94_dout        |  in |   32|   ap_fifo  |  xFeatures_94  |    pointer   |
|xFeatures_94_empty_n     |  in |    1|   ap_fifo  |  xFeatures_94  |    pointer   |
|xFeatures_94_read        | out |    1|   ap_fifo  |  xFeatures_94  |    pointer   |
|xFeatures_95_dout        |  in |   32|   ap_fifo  |  xFeatures_95  |    pointer   |
|xFeatures_95_empty_n     |  in |    1|   ap_fifo  |  xFeatures_95  |    pointer   |
|xFeatures_95_read        | out |    1|   ap_fifo  |  xFeatures_95  |    pointer   |
|xFeatures_96_dout        |  in |   32|   ap_fifo  |  xFeatures_96  |    pointer   |
|xFeatures_96_empty_n     |  in |    1|   ap_fifo  |  xFeatures_96  |    pointer   |
|xFeatures_96_read        | out |    1|   ap_fifo  |  xFeatures_96  |    pointer   |
|xFeatures_97_dout        |  in |   32|   ap_fifo  |  xFeatures_97  |    pointer   |
|xFeatures_97_empty_n     |  in |    1|   ap_fifo  |  xFeatures_97  |    pointer   |
|xFeatures_97_read        | out |    1|   ap_fifo  |  xFeatures_97  |    pointer   |
|xFeatures_98_dout        |  in |   32|   ap_fifo  |  xFeatures_98  |    pointer   |
|xFeatures_98_empty_n     |  in |    1|   ap_fifo  |  xFeatures_98  |    pointer   |
|xFeatures_98_read        | out |    1|   ap_fifo  |  xFeatures_98  |    pointer   |
|xFeatures_99_dout        |  in |   32|   ap_fifo  |  xFeatures_99  |    pointer   |
|xFeatures_99_empty_n     |  in |    1|   ap_fifo  |  xFeatures_99  |    pointer   |
|xFeatures_99_read        | out |    1|   ap_fifo  |  xFeatures_99  |    pointer   |
|xFeatures_100_dout       |  in |   32|   ap_fifo  |  xFeatures_100 |    pointer   |
|xFeatures_100_empty_n    |  in |    1|   ap_fifo  |  xFeatures_100 |    pointer   |
|xFeatures_100_read       | out |    1|   ap_fifo  |  xFeatures_100 |    pointer   |
|xFeatures_101_dout       |  in |   32|   ap_fifo  |  xFeatures_101 |    pointer   |
|xFeatures_101_empty_n    |  in |    1|   ap_fifo  |  xFeatures_101 |    pointer   |
|xFeatures_101_read       | out |    1|   ap_fifo  |  xFeatures_101 |    pointer   |
|xFeatures_102_dout       |  in |   32|   ap_fifo  |  xFeatures_102 |    pointer   |
|xFeatures_102_empty_n    |  in |    1|   ap_fifo  |  xFeatures_102 |    pointer   |
|xFeatures_102_read       | out |    1|   ap_fifo  |  xFeatures_102 |    pointer   |
|xFeatures_103_dout       |  in |   32|   ap_fifo  |  xFeatures_103 |    pointer   |
|xFeatures_103_empty_n    |  in |    1|   ap_fifo  |  xFeatures_103 |    pointer   |
|xFeatures_103_read       | out |    1|   ap_fifo  |  xFeatures_103 |    pointer   |
|xFeatures_104_dout       |  in |   32|   ap_fifo  |  xFeatures_104 |    pointer   |
|xFeatures_104_empty_n    |  in |    1|   ap_fifo  |  xFeatures_104 |    pointer   |
|xFeatures_104_read       | out |    1|   ap_fifo  |  xFeatures_104 |    pointer   |
|xFeatures_105_dout       |  in |   32|   ap_fifo  |  xFeatures_105 |    pointer   |
|xFeatures_105_empty_n    |  in |    1|   ap_fifo  |  xFeatures_105 |    pointer   |
|xFeatures_105_read       | out |    1|   ap_fifo  |  xFeatures_105 |    pointer   |
|xFeatures_106_dout       |  in |   32|   ap_fifo  |  xFeatures_106 |    pointer   |
|xFeatures_106_empty_n    |  in |    1|   ap_fifo  |  xFeatures_106 |    pointer   |
|xFeatures_106_read       | out |    1|   ap_fifo  |  xFeatures_106 |    pointer   |
|xFeatures_107_dout       |  in |   32|   ap_fifo  |  xFeatures_107 |    pointer   |
|xFeatures_107_empty_n    |  in |    1|   ap_fifo  |  xFeatures_107 |    pointer   |
|xFeatures_107_read       | out |    1|   ap_fifo  |  xFeatures_107 |    pointer   |
|xFeatures_108_dout       |  in |   32|   ap_fifo  |  xFeatures_108 |    pointer   |
|xFeatures_108_empty_n    |  in |    1|   ap_fifo  |  xFeatures_108 |    pointer   |
|xFeatures_108_read       | out |    1|   ap_fifo  |  xFeatures_108 |    pointer   |
|xFeatures_109_dout       |  in |   32|   ap_fifo  |  xFeatures_109 |    pointer   |
|xFeatures_109_empty_n    |  in |    1|   ap_fifo  |  xFeatures_109 |    pointer   |
|xFeatures_109_read       | out |    1|   ap_fifo  |  xFeatures_109 |    pointer   |
|xFeatures_110_dout       |  in |   32|   ap_fifo  |  xFeatures_110 |    pointer   |
|xFeatures_110_empty_n    |  in |    1|   ap_fifo  |  xFeatures_110 |    pointer   |
|xFeatures_110_read       | out |    1|   ap_fifo  |  xFeatures_110 |    pointer   |
|xFeatures_111_dout       |  in |   32|   ap_fifo  |  xFeatures_111 |    pointer   |
|xFeatures_111_empty_n    |  in |    1|   ap_fifo  |  xFeatures_111 |    pointer   |
|xFeatures_111_read       | out |    1|   ap_fifo  |  xFeatures_111 |    pointer   |
|xFeatures_112_dout       |  in |   32|   ap_fifo  |  xFeatures_112 |    pointer   |
|xFeatures_112_empty_n    |  in |    1|   ap_fifo  |  xFeatures_112 |    pointer   |
|xFeatures_112_read       | out |    1|   ap_fifo  |  xFeatures_112 |    pointer   |
|xFeatures_113_dout       |  in |   32|   ap_fifo  |  xFeatures_113 |    pointer   |
|xFeatures_113_empty_n    |  in |    1|   ap_fifo  |  xFeatures_113 |    pointer   |
|xFeatures_113_read       | out |    1|   ap_fifo  |  xFeatures_113 |    pointer   |
|xFeatures_114_dout       |  in |   32|   ap_fifo  |  xFeatures_114 |    pointer   |
|xFeatures_114_empty_n    |  in |    1|   ap_fifo  |  xFeatures_114 |    pointer   |
|xFeatures_114_read       | out |    1|   ap_fifo  |  xFeatures_114 |    pointer   |
|xFeatures_115_dout       |  in |   32|   ap_fifo  |  xFeatures_115 |    pointer   |
|xFeatures_115_empty_n    |  in |    1|   ap_fifo  |  xFeatures_115 |    pointer   |
|xFeatures_115_read       | out |    1|   ap_fifo  |  xFeatures_115 |    pointer   |
|xFeatures_116_dout       |  in |   32|   ap_fifo  |  xFeatures_116 |    pointer   |
|xFeatures_116_empty_n    |  in |    1|   ap_fifo  |  xFeatures_116 |    pointer   |
|xFeatures_116_read       | out |    1|   ap_fifo  |  xFeatures_116 |    pointer   |
|xFeatures_117_dout       |  in |   32|   ap_fifo  |  xFeatures_117 |    pointer   |
|xFeatures_117_empty_n    |  in |    1|   ap_fifo  |  xFeatures_117 |    pointer   |
|xFeatures_117_read       | out |    1|   ap_fifo  |  xFeatures_117 |    pointer   |
|xFeatures_118_dout       |  in |   32|   ap_fifo  |  xFeatures_118 |    pointer   |
|xFeatures_118_empty_n    |  in |    1|   ap_fifo  |  xFeatures_118 |    pointer   |
|xFeatures_118_read       | out |    1|   ap_fifo  |  xFeatures_118 |    pointer   |
|xFeatures_119_dout       |  in |   32|   ap_fifo  |  xFeatures_119 |    pointer   |
|xFeatures_119_empty_n    |  in |    1|   ap_fifo  |  xFeatures_119 |    pointer   |
|xFeatures_119_read       | out |    1|   ap_fifo  |  xFeatures_119 |    pointer   |
|xFeatures_120_dout       |  in |   32|   ap_fifo  |  xFeatures_120 |    pointer   |
|xFeatures_120_empty_n    |  in |    1|   ap_fifo  |  xFeatures_120 |    pointer   |
|xFeatures_120_read       | out |    1|   ap_fifo  |  xFeatures_120 |    pointer   |
|xFeatures_121_dout       |  in |   32|   ap_fifo  |  xFeatures_121 |    pointer   |
|xFeatures_121_empty_n    |  in |    1|   ap_fifo  |  xFeatures_121 |    pointer   |
|xFeatures_121_read       | out |    1|   ap_fifo  |  xFeatures_121 |    pointer   |
|xFeatures_122_dout       |  in |   32|   ap_fifo  |  xFeatures_122 |    pointer   |
|xFeatures_122_empty_n    |  in |    1|   ap_fifo  |  xFeatures_122 |    pointer   |
|xFeatures_122_read       | out |    1|   ap_fifo  |  xFeatures_122 |    pointer   |
|xFeatures_123_dout       |  in |   32|   ap_fifo  |  xFeatures_123 |    pointer   |
|xFeatures_123_empty_n    |  in |    1|   ap_fifo  |  xFeatures_123 |    pointer   |
|xFeatures_123_read       | out |    1|   ap_fifo  |  xFeatures_123 |    pointer   |
|xFeatures_124_dout       |  in |   32|   ap_fifo  |  xFeatures_124 |    pointer   |
|xFeatures_124_empty_n    |  in |    1|   ap_fifo  |  xFeatures_124 |    pointer   |
|xFeatures_124_read       | out |    1|   ap_fifo  |  xFeatures_124 |    pointer   |
|xFeatures_125_dout       |  in |   32|   ap_fifo  |  xFeatures_125 |    pointer   |
|xFeatures_125_empty_n    |  in |    1|   ap_fifo  |  xFeatures_125 |    pointer   |
|xFeatures_125_read       | out |    1|   ap_fifo  |  xFeatures_125 |    pointer   |
|xFeatures_126_dout       |  in |   32|   ap_fifo  |  xFeatures_126 |    pointer   |
|xFeatures_126_empty_n    |  in |    1|   ap_fifo  |  xFeatures_126 |    pointer   |
|xFeatures_126_read       | out |    1|   ap_fifo  |  xFeatures_126 |    pointer   |
|xFeatures_127_dout       |  in |   32|   ap_fifo  |  xFeatures_127 |    pointer   |
|xFeatures_127_empty_n    |  in |    1|   ap_fifo  |  xFeatures_127 |    pointer   |
|xFeatures_127_read       | out |    1|   ap_fifo  |  xFeatures_127 |    pointer   |
|distance_array_address0  | out |    8|  ap_memory | distance_array |     array    |
|distance_array_ce0       | out |    1|  ap_memory | distance_array |     array    |
|distance_array_we0       | out |    1|  ap_memory | distance_array |     array    |
|distance_array_d0        | out |   32|  ap_memory | distance_array |     array    |
+-------------------------+-----+-----+------------+----------------+--------------+

