

================================================================
== Vivado HLS Report for 'parallel_023'
================================================================
* Date:           Mon Sep 21 16:03:56 2020

* Version:        2019.2 (Build 2704478 on Wed Nov 06 22:10:23 MST 2019)
* Project:        knn
* Solution:       solution1
* Product family: zynq
* Target device:  xc7z020-clg484-1


================================================================
== Performance Estimates
================================================================
+ Timing: 
    * Summary: 
    +--------+----------+----------+------------+
    |  Clock |  Target  | Estimated| Uncertainty|
    +--------+----------+----------+------------+
    |ap_clk  | 10.00 ns | 8.457 ns |   1.25 ns  |
    +--------+----------+----------+------------+

+ Latency: 
    * Summary: 
    +---------+---------+----------+----------+-------+-------+---------+
    |  Latency (cycles) |  Latency (absolute) |    Interval   | Pipeline|
    |   min   |   max   |    min   |    max   |  min  |  max  |   Type  |
    +---------+---------+----------+----------+-------+-------+---------+
    |    16503|    16503| 0.165 ms | 0.165 ms |  16503|  16503|   none  |
    +---------+---------+----------+----------+-------+-------+---------+

    + Detail: 
        * Instance: 
        N/A

        * Loop: 
        +----------+---------+---------+----------+-----------+-----------+------+----------+
        |          |  Latency (cycles) | Iteration|  Initiation Interval  | Trip |          |
        | Loop Name|   min   |   max   |  Latency |  achieved |   target  | Count| Pipelined|
        +----------+---------+---------+----------+-----------+-----------+------+----------+
        |- Loop 1  |    16501|    16501|       566|         64|          1|   250|    yes   |
        +----------+---------+---------+----------+-----------+-----------+------+----------+



================================================================
== Utilization Estimates
================================================================
* Summary: 
+-----------------+---------+-------+--------+-------+-----+
|       Name      | BRAM_18K| DSP48E|   FF   |  LUT  | URAM|
+-----------------+---------+-------+--------+-------+-----+
|DSP              |        -|      -|       -|      -|    -|
|Expression       |        -|      -|       0|   1935|    -|
|FIFO             |        -|      -|       -|      -|    -|
|Instance         |        -|     14|    1106|   2202|    -|
|Memory           |        -|      -|       -|      -|    -|
|Multiplexer      |        -|      -|       -|   3705|    -|
|Register         |        0|      -|   12869|   1792|    -|
+-----------------+---------+-------+--------+-------+-----+
|Total            |        0|     14|   13975|   9634|    0|
+-----------------+---------+-------+--------+-------+-----+
|Available        |      280|    220|  106400|  53200|    0|
+-----------------+---------+-------+--------+-------+-----+
|Utilization (%)  |        0|      6|      13|     18|    0|
+-----------------+---------+-------+--------+-------+-----+

+ Detail: 
    * Instance: 
    +---------------------------+----------------------+---------+-------+-----+-----+-----+
    |          Instance         |        Module        | BRAM_18K| DSP48E|  FF | LUT | URAM|
    +---------------------------+----------------------+---------+-------+-----+-----+-----+
    |knnFloatNoSqrt100bkb_U641  |knnFloatNoSqrt100bkb  |        0|      2|  205|  390|    0|
    |knnFloatNoSqrt100bkb_U642  |knnFloatNoSqrt100bkb  |        0|      2|  205|  390|    0|
    |knnFloatNoSqrt100bkb_U643  |knnFloatNoSqrt100bkb  |        0|      2|  205|  390|    0|
    |knnFloatNoSqrt100cud_U644  |knnFloatNoSqrt100cud  |        0|      2|  205|  390|    0|
    |knnFloatNoSqrt100dEe_U645  |knnFloatNoSqrt100dEe  |        0|      3|  143|  321|    0|
    |knnFloatNoSqrt100dEe_U646  |knnFloatNoSqrt100dEe  |        0|      3|  143|  321|    0|
    +---------------------------+----------------------+---------+-------+-----+-----+-----+
    |Total                      |                      |        0|     14| 1106| 2202|    0|
    +---------------------------+----------------------+---------+-------+-----+-----+-----+

    * DSP48E: 
    N/A

    * Memory: 
    N/A

    * FIFO: 
    N/A

    * Expression: 
    +-----------------------+----------+-------+---+----+------------+------------+
    |     Variable Name     | Operation| DSP48E| FF| LUT| Bitwidth P0| Bitwidth P1|
    +-----------------------+----------+-------+---+----+------------+------------+
    |i_fu_4037_p2           |     +    |      0|  0|  15|           8|           1|
    |icmp_ln271_fu_4031_p2  |   icmp   |      0|  0|  11|           8|           4|
    |ap_block_state1        |    or    |      0|  0|   2|           1|           1|
    |or_ln276_fu_4056_p2    |    or    |      0|  0|  15|          15|           1|
    |or_ln277_fu_4071_p2    |    or    |      0|  0|  15|          15|           2|
    |or_ln278_fu_4085_p2    |    or    |      0|  0|  15|          15|           2|
    |or_ln279_fu_4099_p2    |    or    |      0|  0|  15|          15|           3|
    |or_ln280_fu_4113_p2    |    or    |      0|  0|  15|          15|           3|
    |or_ln281_fu_4127_p2    |    or    |      0|  0|  15|          15|           3|
    |or_ln282_fu_4141_p2    |    or    |      0|  0|  15|          15|           3|
    |or_ln283_fu_4155_p2    |    or    |      0|  0|  15|          15|           4|
    |or_ln284_fu_4169_p2    |    or    |      0|  0|  15|          15|           4|
    |or_ln285_fu_4183_p2    |    or    |      0|  0|  15|          15|           4|
    |or_ln286_fu_4197_p2    |    or    |      0|  0|  15|          15|           4|
    |or_ln287_fu_4211_p2    |    or    |      0|  0|  15|          15|           4|
    |or_ln288_fu_4225_p2    |    or    |      0|  0|  15|          15|           4|
    |or_ln289_fu_4239_p2    |    or    |      0|  0|  15|          15|           4|
    |or_ln290_fu_4253_p2    |    or    |      0|  0|  15|          15|           4|
    |or_ln291_fu_4267_p2    |    or    |      0|  0|  15|          15|           5|
    |or_ln292_fu_4281_p2    |    or    |      0|  0|  15|          15|           5|
    |or_ln293_fu_4295_p2    |    or    |      0|  0|  15|          15|           5|
    |or_ln294_fu_4309_p2    |    or    |      0|  0|  15|          15|           5|
    |or_ln295_fu_4323_p2    |    or    |      0|  0|  15|          15|           5|
    |or_ln296_fu_4337_p2    |    or    |      0|  0|  15|          15|           5|
    |or_ln297_fu_4351_p2    |    or    |      0|  0|  15|          15|           5|
    |or_ln298_fu_4365_p2    |    or    |      0|  0|  15|          15|           5|
    |or_ln299_fu_4379_p2    |    or    |      0|  0|  15|          15|           5|
    |or_ln300_fu_4393_p2    |    or    |      0|  0|  15|          15|           5|
    |or_ln301_fu_4407_p2    |    or    |      0|  0|  15|          15|           5|
    |or_ln302_fu_4421_p2    |    or    |      0|  0|  15|          15|           5|
    |or_ln303_fu_4435_p2    |    or    |      0|  0|  15|          15|           5|
    |or_ln304_fu_4449_p2    |    or    |      0|  0|  15|          15|           5|
    |or_ln305_fu_4463_p2    |    or    |      0|  0|  15|          15|           5|
    |or_ln306_fu_4477_p2    |    or    |      0|  0|  15|          15|           5|
    |or_ln307_fu_4491_p2    |    or    |      0|  0|  15|          15|           6|
    |or_ln308_fu_4505_p2    |    or    |      0|  0|  15|          15|           6|
    |or_ln309_fu_4519_p2    |    or    |      0|  0|  15|          15|           6|
    |or_ln310_fu_4533_p2    |    or    |      0|  0|  15|          15|           6|
    |or_ln311_fu_4547_p2    |    or    |      0|  0|  15|          15|           6|
    |or_ln312_fu_4561_p2    |    or    |      0|  0|  15|          15|           6|
    |or_ln313_fu_4575_p2    |    or    |      0|  0|  15|          15|           6|
    |or_ln314_fu_4589_p2    |    or    |      0|  0|  15|          15|           6|
    |or_ln315_fu_4603_p2    |    or    |      0|  0|  15|          15|           6|
    |or_ln316_fu_4617_p2    |    or    |      0|  0|  15|          15|           6|
    |or_ln317_fu_4631_p2    |    or    |      0|  0|  15|          15|           6|
    |or_ln318_fu_4645_p2    |    or    |      0|  0|  15|          15|           6|
    |or_ln319_fu_4659_p2    |    or    |      0|  0|  15|          15|           6|
    |or_ln320_fu_4673_p2    |    or    |      0|  0|  15|          15|           6|
    |or_ln321_fu_4687_p2    |    or    |      0|  0|  15|          15|           6|
    |or_ln322_fu_4701_p2    |    or    |      0|  0|  15|          15|           6|
    |or_ln323_fu_4715_p2    |    or    |      0|  0|  15|          15|           6|
    |or_ln324_fu_4729_p2    |    or    |      0|  0|  15|          15|           6|
    |or_ln325_fu_4743_p2    |    or    |      0|  0|  15|          15|           6|
    |or_ln326_fu_4757_p2    |    or    |      0|  0|  15|          15|           6|
    |or_ln327_fu_4771_p2    |    or    |      0|  0|  15|          15|           6|
    |or_ln328_fu_4785_p2    |    or    |      0|  0|  15|          15|           6|
    |or_ln329_fu_4799_p2    |    or    |      0|  0|  15|          15|           6|
    |or_ln330_fu_4813_p2    |    or    |      0|  0|  15|          15|           6|
    |or_ln331_fu_4827_p2    |    or    |      0|  0|  15|          15|           6|
    |or_ln332_fu_4841_p2    |    or    |      0|  0|  15|          15|           6|
    |or_ln333_fu_4855_p2    |    or    |      0|  0|  15|          15|           6|
    |or_ln334_fu_4869_p2    |    or    |      0|  0|  15|          15|           6|
    |or_ln335_fu_4883_p2    |    or    |      0|  0|  15|          15|           6|
    |or_ln336_fu_4897_p2    |    or    |      0|  0|  15|          15|           6|
    |or_ln337_fu_4911_p2    |    or    |      0|  0|  15|          15|           6|
    |or_ln338_fu_4925_p2    |    or    |      0|  0|  15|          15|           6|
    |or_ln339_fu_4939_p2    |    or    |      0|  0|  15|          15|           7|
    |or_ln340_fu_4953_p2    |    or    |      0|  0|  15|          15|           7|
    |or_ln341_fu_4967_p2    |    or    |      0|  0|  15|          15|           7|
    |or_ln342_fu_4981_p2    |    or    |      0|  0|  15|          15|           7|
    |or_ln343_fu_4995_p2    |    or    |      0|  0|  15|          15|           7|
    |or_ln344_fu_5009_p2    |    or    |      0|  0|  15|          15|           7|
    |or_ln345_fu_5023_p2    |    or    |      0|  0|  15|          15|           7|
    |or_ln346_fu_5037_p2    |    or    |      0|  0|  15|          15|           7|
    |or_ln347_fu_5051_p2    |    or    |      0|  0|  15|          15|           7|
    |or_ln348_fu_5065_p2    |    or    |      0|  0|  15|          15|           7|
    |or_ln349_fu_5079_p2    |    or    |      0|  0|  15|          15|           7|
    |or_ln350_fu_5527_p2    |    or    |      0|  0|  15|          15|           7|
    |or_ln351_fu_5751_p2    |    or    |      0|  0|  15|          15|           7|
    |or_ln352_fu_5779_p2    |    or    |      0|  0|  15|          15|           7|
    |or_ln353_fu_5793_p2    |    or    |      0|  0|  15|          15|           7|
    |or_ln354_fu_5807_p2    |    or    |      0|  0|  15|          15|           7|
    |or_ln355_fu_5093_p2    |    or    |      0|  0|  15|          15|           7|
    |or_ln356_fu_5107_p2    |    or    |      0|  0|  15|          15|           7|
    |or_ln357_fu_5121_p2    |    or    |      0|  0|  15|          15|           7|
    |or_ln358_fu_5135_p2    |    or    |      0|  0|  15|          15|           7|
    |or_ln359_fu_5149_p2    |    or    |      0|  0|  15|          15|           7|
    |or_ln360_fu_5163_p2    |    or    |      0|  0|  15|          15|           7|
    |or_ln361_fu_5177_p2    |    or    |      0|  0|  15|          15|           7|
    |or_ln362_fu_5191_p2    |    or    |      0|  0|  15|          15|           7|
    |or_ln363_fu_5205_p2    |    or    |      0|  0|  15|          15|           7|
    |or_ln364_fu_5219_p2    |    or    |      0|  0|  15|          15|           7|
    |or_ln365_fu_5233_p2    |    or    |      0|  0|  15|          15|           7|
    |or_ln366_fu_5247_p2    |    or    |      0|  0|  15|          15|           7|
    |or_ln367_fu_5261_p2    |    or    |      0|  0|  15|          15|           7|
    |or_ln368_fu_5275_p2    |    or    |      0|  0|  15|          15|           7|
    |or_ln369_fu_5289_p2    |    or    |      0|  0|  15|          15|           7|
    |or_ln370_fu_5303_p2    |    or    |      0|  0|  15|          15|           7|
    |or_ln371_fu_5317_p2    |    or    |      0|  0|  15|          15|           7|
    |or_ln372_fu_5331_p2    |    or    |      0|  0|  15|          15|           7|
    |or_ln373_fu_5345_p2    |    or    |      0|  0|  15|          15|           7|
    |or_ln374_fu_5359_p2    |    or    |      0|  0|  15|          15|           7|
    |or_ln375_fu_5373_p2    |    or    |      0|  0|  15|          15|           7|
    |or_ln376_fu_5387_p2    |    or    |      0|  0|  15|          15|           7|
    |or_ln377_fu_5401_p2    |    or    |      0|  0|  15|          15|           7|
    |or_ln378_fu_5415_p2    |    or    |      0|  0|  15|          15|           7|
    |or_ln379_fu_5429_p2    |    or    |      0|  0|  15|          15|           7|
    |or_ln380_fu_5443_p2    |    or    |      0|  0|  15|          15|           7|
    |or_ln381_fu_5457_p2    |    or    |      0|  0|  15|          15|           7|
    |or_ln382_fu_5471_p2    |    or    |      0|  0|  15|          15|           7|
    |or_ln383_fu_5485_p2    |    or    |      0|  0|  15|          15|           7|
    |or_ln384_fu_5499_p2    |    or    |      0|  0|  15|          15|           7|
    |or_ln385_fu_5513_p2    |    or    |      0|  0|  15|          15|           7|
    |or_ln386_fu_5541_p2    |    or    |      0|  0|  15|          15|           7|
    |or_ln387_fu_5555_p2    |    or    |      0|  0|  15|          15|           7|
    |or_ln388_fu_5569_p2    |    or    |      0|  0|  15|          15|           7|
    |or_ln389_fu_5583_p2    |    or    |      0|  0|  15|          15|           7|
    |or_ln390_fu_5597_p2    |    or    |      0|  0|  15|          15|           7|
    |or_ln391_fu_5611_p2    |    or    |      0|  0|  15|          15|           7|
    |or_ln392_fu_5625_p2    |    or    |      0|  0|  15|          15|           7|
    |or_ln393_fu_5639_p2    |    or    |      0|  0|  15|          15|           7|
    |or_ln394_fu_5653_p2    |    or    |      0|  0|  15|          15|           7|
    |or_ln395_fu_5667_p2    |    or    |      0|  0|  15|          15|           7|
    |or_ln396_fu_5681_p2    |    or    |      0|  0|  15|          15|           7|
    |or_ln397_fu_5695_p2    |    or    |      0|  0|  15|          15|           7|
    |or_ln398_fu_5709_p2    |    or    |      0|  0|  15|          15|           7|
    |or_ln399_fu_5723_p2    |    or    |      0|  0|  15|          15|           7|
    |or_ln400_fu_5737_p2    |    or    |      0|  0|  15|          15|           7|
    |or_ln401_fu_5765_p2    |    or    |      0|  0|  15|          15|           7|
    |or_ln402_fu_5821_p2    |    or    |      0|  0|  15|          15|           7|
    |ap_enable_pp0          |    xor   |      0|  0|   2|           1|           2|
    +-----------------------+----------+-------+---+----+------------+------------+
    |Total                  |          |      0|  0|1935|        1923|         777|
    +-----------------------+----------+-------+---+----+------------+------------+

    * Multiplexer: 
    +---------------------------------+-----+-----------+-----+-----------+
    |               Name              | LUT | Input Size| Bits| Total Bits|
    +---------------------------------+-----+-----------+-----+-----------+
    |ap_NS_fsm                        |  301|         67|    1|         67|
    |ap_done                          |    9|          2|    1|          2|
    |ap_enable_reg_pp0_iter8          |    9|          2|    1|          2|
    |ap_phi_mux_i_0_i_phi_fu_3662_p4  |    9|          2|    8|         16|
    |grp_fu_3670_opcode               |   15|          3|    2|          6|
    |grp_fu_3670_p0                   |  293|         65|   32|       2080|
    |grp_fu_3670_p1                   |   47|         10|   32|        320|
    |grp_fu_3674_opcode               |   15|          3|    2|          6|
    |grp_fu_3674_p0                   |  293|         65|   32|       2080|
    |grp_fu_3674_p1                   |   47|         10|   32|        320|
    |grp_fu_3678_opcode               |   15|          3|    2|          6|
    |grp_fu_3678_p0                   |  165|         37|   32|       1184|
    |grp_fu_3678_p1                   |  185|         42|   32|       1344|
    |grp_fu_3683_p0                   |   62|         15|   32|        480|
    |grp_fu_3683_p1                   |  293|         65|   32|       2080|
    |grp_fu_3687_p0                   |   47|         10|   32|        320|
    |grp_fu_3687_p1                   |   47|         10|   32|        320|
    |grp_fu_3691_p0                   |   53|         12|   32|        384|
    |grp_fu_3691_p1                   |   53|         12|   32|        384|
    |i_0_i_reg_3658                   |    9|          2|    8|         16|
    |knownFeatures_address0           |  293|         65|   15|        975|
    |knownFeatures_address1           |  293|         65|   15|        975|
    |xFeatures100_blk_n               |    9|          2|    1|          2|
    |xFeatures101_blk_n               |    9|          2|    1|          2|
    |xFeatures102_blk_n               |    9|          2|    1|          2|
    |xFeatures103_blk_n               |    9|          2|    1|          2|
    |xFeatures104_blk_n               |    9|          2|    1|          2|
    |xFeatures105_blk_n               |    9|          2|    1|          2|
    |xFeatures106_blk_n               |    9|          2|    1|          2|
    |xFeatures107_blk_n               |    9|          2|    1|          2|
    |xFeatures108_blk_n               |    9|          2|    1|          2|
    |xFeatures109_blk_n               |    9|          2|    1|          2|
    |xFeatures10_blk_n                |    9|          2|    1|          2|
    |xFeatures110_blk_n               |    9|          2|    1|          2|
    |xFeatures111_blk_n               |    9|          2|    1|          2|
    |xFeatures112_blk_n               |    9|          2|    1|          2|
    |xFeatures113_blk_n               |    9|          2|    1|          2|
    |xFeatures114_blk_n               |    9|          2|    1|          2|
    |xFeatures115_blk_n               |    9|          2|    1|          2|
    |xFeatures116_blk_n               |    9|          2|    1|          2|
    |xFeatures117_blk_n               |    9|          2|    1|          2|
    |xFeatures118_blk_n               |    9|          2|    1|          2|
    |xFeatures119_blk_n               |    9|          2|    1|          2|
    |xFeatures11_blk_n                |    9|          2|    1|          2|
    |xFeatures120_blk_n               |    9|          2|    1|          2|
    |xFeatures121_blk_n               |    9|          2|    1|          2|
    |xFeatures122_blk_n               |    9|          2|    1|          2|
    |xFeatures123_blk_n               |    9|          2|    1|          2|
    |xFeatures124_blk_n               |    9|          2|    1|          2|
    |xFeatures125_blk_n               |    9|          2|    1|          2|
    |xFeatures126_blk_n               |    9|          2|    1|          2|
    |xFeatures127_blk_n               |    9|          2|    1|          2|
    |xFeatures12_blk_n                |    9|          2|    1|          2|
    |xFeatures13_blk_n                |    9|          2|    1|          2|
    |xFeatures14_blk_n                |    9|          2|    1|          2|
    |xFeatures15_blk_n                |    9|          2|    1|          2|
    |xFeatures16_blk_n                |    9|          2|    1|          2|
    |xFeatures17_blk_n                |    9|          2|    1|          2|
    |xFeatures18_blk_n                |    9|          2|    1|          2|
    |xFeatures19_blk_n                |    9|          2|    1|          2|
    |xFeatures1_blk_n                 |    9|          2|    1|          2|
    |xFeatures20_blk_n                |    9|          2|    1|          2|
    |xFeatures21_blk_n                |    9|          2|    1|          2|
    |xFeatures22_blk_n                |    9|          2|    1|          2|
    |xFeatures23_blk_n                |    9|          2|    1|          2|
    |xFeatures24_blk_n                |    9|          2|    1|          2|
    |xFeatures25_blk_n                |    9|          2|    1|          2|
    |xFeatures26_blk_n                |    9|          2|    1|          2|
    |xFeatures27_blk_n                |    9|          2|    1|          2|
    |xFeatures28_blk_n                |    9|          2|    1|          2|
    |xFeatures29_blk_n                |    9|          2|    1|          2|
    |xFeatures2_blk_n                 |    9|          2|    1|          2|
    |xFeatures30_blk_n                |    9|          2|    1|          2|
    |xFeatures31_blk_n                |    9|          2|    1|          2|
    |xFeatures32_blk_n                |    9|          2|    1|          2|
    |xFeatures33_blk_n                |    9|          2|    1|          2|
    |xFeatures34_blk_n                |    9|          2|    1|          2|
    |xFeatures35_blk_n                |    9|          2|    1|          2|
    |xFeatures36_blk_n                |    9|          2|    1|          2|
    |xFeatures37_blk_n                |    9|          2|    1|          2|
    |xFeatures38_blk_n                |    9|          2|    1|          2|
    |xFeatures39_blk_n                |    9|          2|    1|          2|
    |xFeatures3_blk_n                 |    9|          2|    1|          2|
    |xFeatures40_blk_n                |    9|          2|    1|          2|
    |xFeatures41_blk_n                |    9|          2|    1|          2|
    |xFeatures42_blk_n                |    9|          2|    1|          2|
    |xFeatures43_blk_n                |    9|          2|    1|          2|
    |xFeatures44_blk_n                |    9|          2|    1|          2|
    |xFeatures45_blk_n                |    9|          2|    1|          2|
    |xFeatures46_blk_n                |    9|          2|    1|          2|
    |xFeatures47_blk_n                |    9|          2|    1|          2|
    |xFeatures48_blk_n                |    9|          2|    1|          2|
    |xFeatures49_blk_n                |    9|          2|    1|          2|
    |xFeatures4_blk_n                 |    9|          2|    1|          2|
    |xFeatures50_blk_n                |    9|          2|    1|          2|
    |xFeatures51_blk_n                |    9|          2|    1|          2|
    |xFeatures52_blk_n                |    9|          2|    1|          2|
    |xFeatures53_blk_n                |    9|          2|    1|          2|
    |xFeatures54_blk_n                |    9|          2|    1|          2|
    |xFeatures55_blk_n                |    9|          2|    1|          2|
    |xFeatures56_blk_n                |    9|          2|    1|          2|
    |xFeatures57_blk_n                |    9|          2|    1|          2|
    |xFeatures58_blk_n                |    9|          2|    1|          2|
    |xFeatures59_blk_n                |    9|          2|    1|          2|
    |xFeatures5_blk_n                 |    9|          2|    1|          2|
    |xFeatures60_blk_n                |    9|          2|    1|          2|
    |xFeatures61_blk_n                |    9|          2|    1|          2|
    |xFeatures62_blk_n                |    9|          2|    1|          2|
    |xFeatures63_blk_n                |    9|          2|    1|          2|
    |xFeatures64_blk_n                |    9|          2|    1|          2|
    |xFeatures65_blk_n                |    9|          2|    1|          2|
    |xFeatures66_blk_n                |    9|          2|    1|          2|
    |xFeatures67_blk_n                |    9|          2|    1|          2|
    |xFeatures68_blk_n                |    9|          2|    1|          2|
    |xFeatures69_blk_n                |    9|          2|    1|          2|
    |xFeatures6_blk_n                 |    9|          2|    1|          2|
    |xFeatures70_blk_n                |    9|          2|    1|          2|
    |xFeatures71_blk_n                |    9|          2|    1|          2|
    |xFeatures72_blk_n                |    9|          2|    1|          2|
    |xFeatures73_blk_n                |    9|          2|    1|          2|
    |xFeatures74_blk_n                |    9|          2|    1|          2|
    |xFeatures75_blk_n                |    9|          2|    1|          2|
    |xFeatures76_blk_n                |    9|          2|    1|          2|
    |xFeatures77_blk_n                |    9|          2|    1|          2|
    |xFeatures78_blk_n                |    9|          2|    1|          2|
    |xFeatures79_blk_n                |    9|          2|    1|          2|
    |xFeatures7_blk_n                 |    9|          2|    1|          2|
    |xFeatures80_blk_n                |    9|          2|    1|          2|
    |xFeatures81_blk_n                |    9|          2|    1|          2|
    |xFeatures82_blk_n                |    9|          2|    1|          2|
    |xFeatures83_blk_n                |    9|          2|    1|          2|
    |xFeatures84_blk_n                |    9|          2|    1|          2|
    |xFeatures85_blk_n                |    9|          2|    1|          2|
    |xFeatures86_blk_n                |    9|          2|    1|          2|
    |xFeatures87_blk_n                |    9|          2|    1|          2|
    |xFeatures88_blk_n                |    9|          2|    1|          2|
    |xFeatures89_blk_n                |    9|          2|    1|          2|
    |xFeatures8_blk_n                 |    9|          2|    1|          2|
    |xFeatures90_blk_n                |    9|          2|    1|          2|
    |xFeatures91_blk_n                |    9|          2|    1|          2|
    |xFeatures92_blk_n                |    9|          2|    1|          2|
    |xFeatures93_blk_n                |    9|          2|    1|          2|
    |xFeatures94_blk_n                |    9|          2|    1|          2|
    |xFeatures95_blk_n                |    9|          2|    1|          2|
    |xFeatures96_blk_n                |    9|          2|    1|          2|
    |xFeatures97_blk_n                |    9|          2|    1|          2|
    |xFeatures98_blk_n                |    9|          2|    1|          2|
    |xFeatures99_blk_n                |    9|          2|    1|          2|
    |xFeatures9_blk_n                 |    9|          2|    1|          2|
    |xFeatures_blk_n                  |    9|          2|    1|          2|
    +---------------------------------+-----+-----------+-----+-----------+
    |Total                            | 3705|        823|  567|      13623|
    +---------------------------------+-----+-----------+-----+-----------+

    * Register: 
    +---------------------------------+-----+----+-----+-----------+
    |               Name              |  FF | LUT| Bits| Const Bits|
    +---------------------------------+-----+----+-----+-----------+
    |ap_CS_fsm                        |   66|   0|   66|          0|
    |ap_done_reg                      |    1|   0|    1|          0|
    |ap_enable_reg_pp0_iter0          |    1|   0|    1|          0|
    |ap_enable_reg_pp0_iter1          |    1|   0|    1|          0|
    |ap_enable_reg_pp0_iter2          |    1|   0|    1|          0|
    |ap_enable_reg_pp0_iter3          |    1|   0|    1|          0|
    |ap_enable_reg_pp0_iter4          |    1|   0|    1|          0|
    |ap_enable_reg_pp0_iter5          |    1|   0|    1|          0|
    |ap_enable_reg_pp0_iter6          |    1|   0|    1|          0|
    |ap_enable_reg_pp0_iter7          |    1|   0|    1|          0|
    |ap_enable_reg_pp0_iter8          |    1|   0|    1|          0|
    |distance_w124_reg_7685           |   32|   0|   32|          0|
    |distance_w20_reg_7715            |   32|   0|   32|          0|
    |distance_w27_reg_7654            |   32|   0|   32|          0|
    |distance_w30_reg_7664            |   32|   0|   32|          0|
    |distance_w32_reg_7674            |   32|   0|   32|          0|
    |distance_w47_reg_7710            |   32|   0|   32|          0|
    |distance_w88_reg_7649            |   32|   0|   32|          0|
    |distance_w97_reg_7659            |   32|   0|   32|          0|
    |i_0_i_reg_3658                   |    8|   0|    8|          0|
    |i_reg_6484                       |    8|   0|    8|          0|
    |icmp_ln271_reg_6480              |    1|   0|    1|          0|
    |knownFeatures_load_330_reg_7604  |   32|   0|   32|          0|
    |knownFeatures_load_331_reg_7624  |   32|   0|   32|          0|
    |knownFeatures_load_332_reg_7629  |   32|   0|   32|          0|
    |knownFeatures_load_333_reg_7639  |   32|   0|   32|          0|
    |knownFeatures_load_378_reg_7579  |   32|   0|   32|          0|
    |knownFeatures_load_379_reg_7584  |   32|   0|   32|          0|
    |knownFeatures_load_380_reg_7609  |   32|   0|   32|          0|
    |knownFeatures_load_381_reg_7644  |   32|   0|   32|          0|
    |reg_3695                         |   32|   0|   32|          0|
    |reg_3700                         |   32|   0|   32|          0|
    |reg_3705                         |   32|   0|   32|          0|
    |reg_3710                         |   32|   0|   32|          0|
    |reg_3715                         |   32|   0|   32|          0|
    |reg_3720                         |   32|   0|   32|          0|
    |reg_3725                         |   32|   0|   32|          0|
    |reg_3730                         |   32|   0|   32|          0|
    |reg_3735                         |   32|   0|   32|          0|
    |reg_3740                         |   32|   0|   32|          0|
    |reg_3745                         |   32|   0|   32|          0|
    |reg_3753                         |   32|   0|   32|          0|
    |reg_3761                         |   32|   0|   32|          0|
    |reg_3769                         |   32|   0|   32|          0|
    |reg_3777                         |   32|   0|   32|          0|
    |reg_3785                         |   32|   0|   32|          0|
    |reg_3793                         |   32|   0|   32|          0|
    |reg_3801                         |   32|   0|   32|          0|
    |reg_3809                         |   32|   0|   32|          0|
    |reg_3815                         |   32|   0|   32|          0|
    |reg_3821                         |   32|   0|   32|          0|
    |reg_3827                         |   32|   0|   32|          0|
    |reg_3834                         |   32|   0|   32|          0|
    |reg_3840                         |   32|   0|   32|          0|
    |reg_3846                         |   32|   0|   32|          0|
    |reg_3852                         |   32|   0|   32|          0|
    |reg_3858                         |   32|   0|   32|          0|
    |reg_3865                         |   32|   0|   32|          0|
    |reg_3871                         |   32|   0|   32|          0|
    |reg_3877                         |   32|   0|   32|          0|
    |reg_3884                         |   32|   0|   32|          0|
    |reg_3890                         |   32|   0|   32|          0|
    |reg_3895                         |   32|   0|   32|          0|
    |reg_3901                         |   32|   0|   32|          0|
    |reg_3908                         |   32|   0|   32|          0|
    |reg_3914                         |   32|   0|   32|          0|
    |reg_3921                         |   32|   0|   32|          0|
    |reg_3928                         |   32|   0|   32|          0|
    |reg_3934                         |   32|   0|   32|          0|
    |reg_3940                         |   32|   0|   32|          0|
    |reg_3946                         |   32|   0|   32|          0|
    |reg_3952                         |   32|   0|   32|          0|
    |reg_3958                         |   32|   0|   32|          0|
    |reg_3965                         |   32|   0|   32|          0|
    |reg_3970                         |   32|   0|   32|          0|
    |reg_3976                         |   32|   0|   32|          0|
    |reg_3983                         |   32|   0|   32|          0|
    |reg_3990                         |   32|   0|   32|          0|
    |reg_3997                         |   32|   0|   32|          0|
    |reg_4003                         |   32|   0|   32|          0|
    |reg_4009                         |   32|   0|   32|          0|
    |reg_4015                         |   32|   0|   32|          0|
    |reg_4021                         |   32|   0|   32|          0|
    |reg_4026                         |   32|   0|   32|          0|
    |temp_l77_i78_w1_reg_7679         |   32|   0|   32|          0|
    |tmp_100_i_reg_7214               |   32|   0|   32|          0|
    |tmp_101_i_reg_7219               |   32|   0|   32|          0|
    |tmp_102_i_reg_7234               |   32|   0|   32|          0|
    |tmp_103_i_reg_7239               |   32|   0|   32|          0|
    |tmp_104_i_reg_7254               |   32|   0|   32|          0|
    |tmp_105_i_reg_7259               |   32|   0|   32|          0|
    |tmp_106_i_reg_7274               |   32|   0|   32|          0|
    |tmp_107_i_reg_7279               |   32|   0|   32|          0|
    |tmp_108_i_reg_7294               |   32|   0|   32|          0|
    |tmp_109_i_reg_7299               |   32|   0|   32|          0|
    |tmp_110_i_reg_7314               |   32|   0|   32|          0|
    |tmp_111_i_reg_7319               |   32|   0|   32|          0|
    |tmp_112_i_reg_7334               |   32|   0|   32|          0|
    |tmp_113_i_reg_7339               |   32|   0|   32|          0|
    |tmp_114_i_reg_7354               |   32|   0|   32|          0|
    |tmp_115_i_reg_7359               |   32|   0|   32|          0|
    |tmp_116_i_reg_7374               |   32|   0|   32|          0|
    |tmp_117_i_reg_7379               |   32|   0|   32|          0|
    |tmp_118_i_reg_7394               |   32|   0|   32|          0|
    |tmp_119_i_reg_7399               |   32|   0|   32|          0|
    |tmp_120_i_reg_7414               |   32|   0|   32|          0|
    |tmp_121_i_reg_7634               |   32|   0|   32|          0|
    |tmp_122_i_reg_7669               |   32|   0|   32|          0|
    |tmp_123_i_reg_7690               |   32|   0|   32|          0|
    |tmp_124_i_reg_7695               |   32|   0|   32|          0|
    |tmp_125_i_reg_7700               |   32|   0|   32|          0|
    |tmp_126_i_reg_7705               |   32|   0|   32|          0|
    |tmp_30_i_reg_7474                |   32|   0|   32|          0|
    |tmp_32_i_reg_7589                |   32|   0|   32|          0|
    |tmp_44_i_reg_7499                |   32|   0|   32|          0|
    |tmp_45_i_reg_7514                |   32|   0|   32|          0|
    |tmp_57_i_reg_6779                |   32|   0|   32|          0|
    |tmp_58_i_reg_6794                |   32|   0|   32|          0|
    |tmp_59_i_reg_6799                |   32|   0|   32|          0|
    |tmp_5_i_reg_7469                 |   32|   0|   32|          0|
    |tmp_60_i_reg_6814                |   32|   0|   32|          0|
    |tmp_61_i_reg_6819                |   32|   0|   32|          0|
    |tmp_61_i_reg_6819_pp0_iter1_reg  |   32|   0|   32|          0|
    |tmp_62_i_reg_6834                |   32|   0|   32|          0|
    |tmp_62_i_reg_6834_pp0_iter1_reg  |   32|   0|   32|          0|
    |tmp_63_i_reg_6839                |   32|   0|   32|          0|
    |tmp_63_i_reg_6839_pp0_iter1_reg  |   32|   0|   32|          0|
    |tmp_64_i_reg_6854                |   32|   0|   32|          0|
    |tmp_64_i_reg_6854_pp0_iter1_reg  |   32|   0|   32|          0|
    |tmp_65_i_reg_6859                |   32|   0|   32|          0|
    |tmp_65_i_reg_6859_pp0_iter1_reg  |   32|   0|   32|          0|
    |tmp_66_i_reg_6874                |   32|   0|   32|          0|
    |tmp_66_i_reg_6874_pp0_iter1_reg  |   32|   0|   32|          0|
    |tmp_67_i_reg_6879                |   32|   0|   32|          0|
    |tmp_67_i_reg_6879_pp0_iter1_reg  |   32|   0|   32|          0|
    |tmp_68_i_reg_6894                |   32|   0|   32|          0|
    |tmp_68_i_reg_6894_pp0_iter1_reg  |   32|   0|   32|          0|
    |tmp_69_i_reg_6899                |   32|   0|   32|          0|
    |tmp_69_i_reg_6899_pp0_iter1_reg  |   32|   0|   32|          0|
    |tmp_70_i_reg_6914                |   32|   0|   32|          0|
    |tmp_70_i_reg_6914_pp0_iter1_reg  |   32|   0|   32|          0|
    |tmp_71_i_reg_6919                |   32|   0|   32|          0|
    |tmp_71_i_reg_6919_pp0_iter1_reg  |   32|   0|   32|          0|
    |tmp_72_i_reg_6934                |   32|   0|   32|          0|
    |tmp_72_i_reg_6934_pp0_iter1_reg  |   32|   0|   32|          0|
    |tmp_73_i_reg_6939                |   32|   0|   32|          0|
    |tmp_73_i_reg_6939_pp0_iter1_reg  |   32|   0|   32|          0|
    |tmp_74_i_reg_6954                |   32|   0|   32|          0|
    |tmp_75_i_reg_6959                |   32|   0|   32|          0|
    |tmp_76_i_reg_6974                |   32|   0|   32|          0|
    |tmp_77_i_reg_6979                |   32|   0|   32|          0|
    |tmp_78_i_reg_6994                |   32|   0|   32|          0|
    |tmp_79_i_reg_6999                |   32|   0|   32|          0|
    |tmp_80_i_reg_7014                |   32|   0|   32|          0|
    |tmp_81_i_reg_7019                |   32|   0|   32|          0|
    |tmp_82_i_reg_7034                |   32|   0|   32|          0|
    |tmp_83_i_reg_7039                |   32|   0|   32|          0|
    |tmp_84_i_reg_7054                |   32|   0|   32|          0|
    |tmp_85_i_reg_7059                |   32|   0|   32|          0|
    |tmp_86_i_reg_7074                |   32|   0|   32|          0|
    |tmp_87_i_reg_7079                |   32|   0|   32|          0|
    |tmp_88_i_reg_7094                |   32|   0|   32|          0|
    |tmp_89_i_reg_7099                |   32|   0|   32|          0|
    |tmp_90_i_reg_7114                |   32|   0|   32|          0|
    |tmp_91_i_reg_7119                |   32|   0|   32|          0|
    |tmp_92_i_reg_7134                |   32|   0|   32|          0|
    |tmp_93_i_reg_7139                |   32|   0|   32|          0|
    |tmp_94_i_reg_7154                |   32|   0|   32|          0|
    |tmp_95_i_reg_7159                |   32|   0|   32|          0|
    |tmp_96_i_reg_7174                |   32|   0|   32|          0|
    |tmp_97_i_reg_7179                |   32|   0|   32|          0|
    |tmp_98_i_reg_7194                |   32|   0|   32|          0|
    |tmp_99_i_reg_7199                |   32|   0|   32|          0|
    |tmp_reg_6489                     |    8|   0|   15|          7|
    |xFeatures100_read_reg_6340       |   32|   0|   32|          0|
    |xFeatures101_read_reg_6345       |   32|   0|   32|          0|
    |xFeatures102_read_reg_6350       |   32|   0|   32|          0|
    |xFeatures103_read_reg_6355       |   32|   0|   32|          0|
    |xFeatures104_read_reg_6360       |   32|   0|   32|          0|
    |xFeatures105_read_reg_6365       |   32|   0|   32|          0|
    |xFeatures106_read_reg_6370       |   32|   0|   32|          0|
    |xFeatures107_read_reg_6375       |   32|   0|   32|          0|
    |xFeatures108_read_reg_6380       |   32|   0|   32|          0|
    |xFeatures109_read_reg_6385       |   32|   0|   32|          0|
    |xFeatures10_read_reg_5890        |   32|   0|   32|          0|
    |xFeatures110_read_reg_6390       |   32|   0|   32|          0|
    |xFeatures111_read_reg_6395       |   32|   0|   32|          0|
    |xFeatures112_read_reg_6400       |   32|   0|   32|          0|
    |xFeatures113_read_reg_6405       |   32|   0|   32|          0|
    |xFeatures114_read_reg_6410       |   32|   0|   32|          0|
    |xFeatures115_read_reg_6415       |   32|   0|   32|          0|
    |xFeatures116_read_reg_6420       |   32|   0|   32|          0|
    |xFeatures117_read_reg_6425       |   32|   0|   32|          0|
    |xFeatures118_read_reg_6430       |   32|   0|   32|          0|
    |xFeatures119_read_reg_6435       |   32|   0|   32|          0|
    |xFeatures11_read_reg_5895        |   32|   0|   32|          0|
    |xFeatures120_read_reg_6440       |   32|   0|   32|          0|
    |xFeatures121_read_reg_6445       |   32|   0|   32|          0|
    |xFeatures122_read_reg_6450       |   32|   0|   32|          0|
    |xFeatures123_read_reg_6455       |   32|   0|   32|          0|
    |xFeatures124_read_reg_6460       |   32|   0|   32|          0|
    |xFeatures125_read_reg_6465       |   32|   0|   32|          0|
    |xFeatures126_read_reg_6470       |   32|   0|   32|          0|
    |xFeatures127_read_reg_6475       |   32|   0|   32|          0|
    |xFeatures12_read_reg_5900        |   32|   0|   32|          0|
    |xFeatures13_read_reg_5905        |   32|   0|   32|          0|
    |xFeatures14_read_reg_5910        |   32|   0|   32|          0|
    |xFeatures15_read_reg_5915        |   32|   0|   32|          0|
    |xFeatures16_read_reg_5920        |   32|   0|   32|          0|
    |xFeatures17_read_reg_5925        |   32|   0|   32|          0|
    |xFeatures18_read_reg_5930        |   32|   0|   32|          0|
    |xFeatures19_read_reg_5935        |   32|   0|   32|          0|
    |xFeatures1_read_reg_5845         |   32|   0|   32|          0|
    |xFeatures20_read_reg_5940        |   32|   0|   32|          0|
    |xFeatures21_read_reg_5945        |   32|   0|   32|          0|
    |xFeatures22_read_reg_5950        |   32|   0|   32|          0|
    |xFeatures23_read_reg_5955        |   32|   0|   32|          0|
    |xFeatures24_read_reg_5960        |   32|   0|   32|          0|
    |xFeatures25_read_reg_5965        |   32|   0|   32|          0|
    |xFeatures26_read_reg_5970        |   32|   0|   32|          0|
    |xFeatures27_read_reg_5975        |   32|   0|   32|          0|
    |xFeatures28_read_reg_5980        |   32|   0|   32|          0|
    |xFeatures29_read_reg_5985        |   32|   0|   32|          0|
    |xFeatures2_read_reg_5850         |   32|   0|   32|          0|
    |xFeatures30_read_reg_5990        |   32|   0|   32|          0|
    |xFeatures31_read_reg_5995        |   32|   0|   32|          0|
    |xFeatures32_read_reg_6000        |   32|   0|   32|          0|
    |xFeatures33_read_reg_6005        |   32|   0|   32|          0|
    |xFeatures34_read_reg_6010        |   32|   0|   32|          0|
    |xFeatures35_read_reg_6015        |   32|   0|   32|          0|
    |xFeatures36_read_reg_6020        |   32|   0|   32|          0|
    |xFeatures37_read_reg_6025        |   32|   0|   32|          0|
    |xFeatures38_read_reg_6030        |   32|   0|   32|          0|
    |xFeatures39_read_reg_6035        |   32|   0|   32|          0|
    |xFeatures3_read_reg_5855         |   32|   0|   32|          0|
    |xFeatures40_read_reg_6040        |   32|   0|   32|          0|
    |xFeatures41_read_reg_6045        |   32|   0|   32|          0|
    |xFeatures42_read_reg_6050        |   32|   0|   32|          0|
    |xFeatures43_read_reg_6055        |   32|   0|   32|          0|
    |xFeatures44_read_reg_6060        |   32|   0|   32|          0|
    |xFeatures45_read_reg_6065        |   32|   0|   32|          0|
    |xFeatures46_read_reg_6070        |   32|   0|   32|          0|
    |xFeatures47_read_reg_6075        |   32|   0|   32|          0|
    |xFeatures48_read_reg_6080        |   32|   0|   32|          0|
    |xFeatures49_read_reg_6085        |   32|   0|   32|          0|
    |xFeatures4_read_reg_5860         |   32|   0|   32|          0|
    |xFeatures50_read_reg_6090        |   32|   0|   32|          0|
    |xFeatures51_read_reg_6095        |   32|   0|   32|          0|
    |xFeatures52_read_reg_6100        |   32|   0|   32|          0|
    |xFeatures53_read_reg_6105        |   32|   0|   32|          0|
    |xFeatures54_read_reg_6110        |   32|   0|   32|          0|
    |xFeatures55_read_reg_6115        |   32|   0|   32|          0|
    |xFeatures56_read_reg_6120        |   32|   0|   32|          0|
    |xFeatures57_read_reg_6125        |   32|   0|   32|          0|
    |xFeatures58_read_reg_6130        |   32|   0|   32|          0|
    |xFeatures59_read_reg_6135        |   32|   0|   32|          0|
    |xFeatures5_read_reg_5865         |   32|   0|   32|          0|
    |xFeatures60_read_reg_6140        |   32|   0|   32|          0|
    |xFeatures61_read_reg_6145        |   32|   0|   32|          0|
    |xFeatures62_read_reg_6150        |   32|   0|   32|          0|
    |xFeatures63_read_reg_6155        |   32|   0|   32|          0|
    |xFeatures64_read_reg_6160        |   32|   0|   32|          0|
    |xFeatures65_read_reg_6165        |   32|   0|   32|          0|
    |xFeatures66_read_reg_6170        |   32|   0|   32|          0|
    |xFeatures67_read_reg_6175        |   32|   0|   32|          0|
    |xFeatures68_read_reg_6180        |   32|   0|   32|          0|
    |xFeatures69_read_reg_6185        |   32|   0|   32|          0|
    |xFeatures6_read_reg_5870         |   32|   0|   32|          0|
    |xFeatures70_read_reg_6190        |   32|   0|   32|          0|
    |xFeatures71_read_reg_6195        |   32|   0|   32|          0|
    |xFeatures72_read_reg_6200        |   32|   0|   32|          0|
    |xFeatures73_read_reg_6205        |   32|   0|   32|          0|
    |xFeatures74_read_reg_6210        |   32|   0|   32|          0|
    |xFeatures75_read_reg_6215        |   32|   0|   32|          0|
    |xFeatures76_read_reg_6220        |   32|   0|   32|          0|
    |xFeatures77_read_reg_6225        |   32|   0|   32|          0|
    |xFeatures78_read_reg_6230        |   32|   0|   32|          0|
    |xFeatures79_read_reg_6235        |   32|   0|   32|          0|
    |xFeatures7_read_reg_5875         |   32|   0|   32|          0|
    |xFeatures80_read_reg_6240        |   32|   0|   32|          0|
    |xFeatures81_read_reg_6245        |   32|   0|   32|          0|
    |xFeatures82_read_reg_6250        |   32|   0|   32|          0|
    |xFeatures83_read_reg_6255        |   32|   0|   32|          0|
    |xFeatures84_read_reg_6260        |   32|   0|   32|          0|
    |xFeatures85_read_reg_6265        |   32|   0|   32|          0|
    |xFeatures86_read_reg_6270        |   32|   0|   32|          0|
    |xFeatures87_read_reg_6275        |   32|   0|   32|          0|
    |xFeatures88_read_reg_6280        |   32|   0|   32|          0|
    |xFeatures89_read_reg_6285        |   32|   0|   32|          0|
    |xFeatures8_read_reg_5880         |   32|   0|   32|          0|
    |xFeatures90_read_reg_6290        |   32|   0|   32|          0|
    |xFeatures91_read_reg_6295        |   32|   0|   32|          0|
    |xFeatures92_read_reg_6300        |   32|   0|   32|          0|
    |xFeatures93_read_reg_6305        |   32|   0|   32|          0|
    |xFeatures94_read_reg_6310        |   32|   0|   32|          0|
    |xFeatures95_read_reg_6315        |   32|   0|   32|          0|
    |xFeatures96_read_reg_6320        |   32|   0|   32|          0|
    |xFeatures97_read_reg_6325        |   32|   0|   32|          0|
    |xFeatures98_read_reg_6330        |   32|   0|   32|          0|
    |xFeatures99_read_reg_6335        |   32|   0|   32|          0|
    |xFeatures9_read_reg_5885         |   32|   0|   32|          0|
    |xFeatures_read_reg_5840          |   32|   0|   32|          0|
    |distance_w124_reg_7685           |   64|  32|   32|          0|
    |i_0_i_reg_3658                   |   64|  32|    8|          0|
    |icmp_ln271_reg_6480              |   64|  32|    1|          0|
    |tmp_100_i_reg_7214               |   64|  32|   32|          0|
    |tmp_101_i_reg_7219               |   64|  32|   32|          0|
    |tmp_102_i_reg_7234               |   64|  32|   32|          0|
    |tmp_103_i_reg_7239               |   64|  32|   32|          0|
    |tmp_104_i_reg_7254               |   64|  32|   32|          0|
    |tmp_105_i_reg_7259               |   64|  32|   32|          0|
    |tmp_106_i_reg_7274               |   64|  32|   32|          0|
    |tmp_107_i_reg_7279               |   64|  32|   32|          0|
    |tmp_108_i_reg_7294               |   64|  32|   32|          0|
    |tmp_109_i_reg_7299               |   64|  32|   32|          0|
    |tmp_110_i_reg_7314               |   64|  32|   32|          0|
    |tmp_111_i_reg_7319               |   64|  32|   32|          0|
    |tmp_112_i_reg_7334               |   64|  32|   32|          0|
    |tmp_113_i_reg_7339               |   64|  32|   32|          0|
    |tmp_114_i_reg_7354               |   64|  32|   32|          0|
    |tmp_115_i_reg_7359               |   64|  32|   32|          0|
    |tmp_116_i_reg_7374               |   64|  32|   32|          0|
    |tmp_117_i_reg_7379               |   64|  32|   32|          0|
    |tmp_118_i_reg_7394               |   64|  32|   32|          0|
    |tmp_119_i_reg_7399               |   64|  32|   32|          0|
    |tmp_120_i_reg_7414               |   64|  32|   32|          0|
    |tmp_121_i_reg_7634               |   64|  32|   32|          0|
    |tmp_122_i_reg_7669               |   64|  32|   32|          0|
    |tmp_123_i_reg_7690               |   64|  32|   32|          0|
    |tmp_124_i_reg_7695               |   64|  32|   32|          0|
    |tmp_125_i_reg_7700               |   64|  32|   32|          0|
    |tmp_126_i_reg_7705               |   64|  32|   32|          0|
    |tmp_74_i_reg_6954                |   64|  32|   32|          0|
    |tmp_75_i_reg_6959                |   64|  32|   32|          0|
    |tmp_76_i_reg_6974                |   64|  32|   32|          0|
    |tmp_77_i_reg_6979                |   64|  32|   32|          0|
    |tmp_78_i_reg_6994                |   64|  32|   32|          0|
    |tmp_79_i_reg_6999                |   64|  32|   32|          0|
    |tmp_80_i_reg_7014                |   64|  32|   32|          0|
    |tmp_81_i_reg_7019                |   64|  32|   32|          0|
    |tmp_82_i_reg_7034                |   64|  32|   32|          0|
    |tmp_83_i_reg_7039                |   64|  32|   32|          0|
    |tmp_84_i_reg_7054                |   64|  32|   32|          0|
    |tmp_85_i_reg_7059                |   64|  32|   32|          0|
    |tmp_86_i_reg_7074                |   64|  32|   32|          0|
    |tmp_87_i_reg_7079                |   64|  32|   32|          0|
    |tmp_88_i_reg_7094                |   64|  32|   32|          0|
    |tmp_89_i_reg_7099                |   64|  32|   32|          0|
    |tmp_90_i_reg_7114                |   64|  32|   32|          0|
    |tmp_91_i_reg_7119                |   64|  32|   32|          0|
    |tmp_92_i_reg_7134                |   64|  32|   32|          0|
    |tmp_93_i_reg_7139                |   64|  32|   32|          0|
    |tmp_94_i_reg_7154                |   64|  32|   32|          0|
    |tmp_95_i_reg_7159                |   64|  32|   32|          0|
    |tmp_96_i_reg_7174                |   64|  32|   32|          0|
    |tmp_97_i_reg_7179                |   64|  32|   32|          0|
    |tmp_98_i_reg_7194                |   64|  32|   32|          0|
    |tmp_99_i_reg_7199                |   64|  32|   32|          0|
    +---------------------------------+-----+----+-----+-----------+
    |Total                            |12869|1792|11029|          7|
    +---------------------------------+-----+----+-----+-----------+



================================================================
== Interface
================================================================
* Summary: 
+-------------------------+-----+-----+------------+----------------+--------------+
|        RTL Ports        | Dir | Bits|  Protocol  |  Source Object |    C Type    |
+-------------------------+-----+-----+------------+----------------+--------------+
|ap_clk                   |  in |    1| ap_ctrl_hs |  parallel_023  | return value |
|ap_rst                   |  in |    1| ap_ctrl_hs |  parallel_023  | return value |
|ap_start                 |  in |    1| ap_ctrl_hs |  parallel_023  | return value |
|ap_done                  | out |    1| ap_ctrl_hs |  parallel_023  | return value |
|ap_continue              |  in |    1| ap_ctrl_hs |  parallel_023  | return value |
|ap_idle                  | out |    1| ap_ctrl_hs |  parallel_023  | return value |
|ap_ready                 | out |    1| ap_ctrl_hs |  parallel_023  | return value |
|knownFeatures_address0   | out |   15|  ap_memory |  knownFeatures |     array    |
|knownFeatures_ce0        | out |    1|  ap_memory |  knownFeatures |     array    |
|knownFeatures_q0         |  in |   32|  ap_memory |  knownFeatures |     array    |
|knownFeatures_address1   | out |   15|  ap_memory |  knownFeatures |     array    |
|knownFeatures_ce1        | out |    1|  ap_memory |  knownFeatures |     array    |
|knownFeatures_q1         |  in |   32|  ap_memory |  knownFeatures |     array    |
|xFeatures_dout           |  in |   32|   ap_fifo  |    xFeatures   |    pointer   |
|xFeatures_empty_n        |  in |    1|   ap_fifo  |    xFeatures   |    pointer   |
|xFeatures_read           | out |    1|   ap_fifo  |    xFeatures   |    pointer   |
|xFeatures1_dout          |  in |   32|   ap_fifo  |   xFeatures1   |    pointer   |
|xFeatures1_empty_n       |  in |    1|   ap_fifo  |   xFeatures1   |    pointer   |
|xFeatures1_read          | out |    1|   ap_fifo  |   xFeatures1   |    pointer   |
|xFeatures2_dout          |  in |   32|   ap_fifo  |   xFeatures2   |    pointer   |
|xFeatures2_empty_n       |  in |    1|   ap_fifo  |   xFeatures2   |    pointer   |
|xFeatures2_read          | out |    1|   ap_fifo  |   xFeatures2   |    pointer   |
|xFeatures3_dout          |  in |   32|   ap_fifo  |   xFeatures3   |    pointer   |
|xFeatures3_empty_n       |  in |    1|   ap_fifo  |   xFeatures3   |    pointer   |
|xFeatures3_read          | out |    1|   ap_fifo  |   xFeatures3   |    pointer   |
|xFeatures4_dout          |  in |   32|   ap_fifo  |   xFeatures4   |    pointer   |
|xFeatures4_empty_n       |  in |    1|   ap_fifo  |   xFeatures4   |    pointer   |
|xFeatures4_read          | out |    1|   ap_fifo  |   xFeatures4   |    pointer   |
|xFeatures5_dout          |  in |   32|   ap_fifo  |   xFeatures5   |    pointer   |
|xFeatures5_empty_n       |  in |    1|   ap_fifo  |   xFeatures5   |    pointer   |
|xFeatures5_read          | out |    1|   ap_fifo  |   xFeatures5   |    pointer   |
|xFeatures6_dout          |  in |   32|   ap_fifo  |   xFeatures6   |    pointer   |
|xFeatures6_empty_n       |  in |    1|   ap_fifo  |   xFeatures6   |    pointer   |
|xFeatures6_read          | out |    1|   ap_fifo  |   xFeatures6   |    pointer   |
|xFeatures7_dout          |  in |   32|   ap_fifo  |   xFeatures7   |    pointer   |
|xFeatures7_empty_n       |  in |    1|   ap_fifo  |   xFeatures7   |    pointer   |
|xFeatures7_read          | out |    1|   ap_fifo  |   xFeatures7   |    pointer   |
|xFeatures8_dout          |  in |   32|   ap_fifo  |   xFeatures8   |    pointer   |
|xFeatures8_empty_n       |  in |    1|   ap_fifo  |   xFeatures8   |    pointer   |
|xFeatures8_read          | out |    1|   ap_fifo  |   xFeatures8   |    pointer   |
|xFeatures9_dout          |  in |   32|   ap_fifo  |   xFeatures9   |    pointer   |
|xFeatures9_empty_n       |  in |    1|   ap_fifo  |   xFeatures9   |    pointer   |
|xFeatures9_read          | out |    1|   ap_fifo  |   xFeatures9   |    pointer   |
|xFeatures10_dout         |  in |   32|   ap_fifo  |   xFeatures10  |    pointer   |
|xFeatures10_empty_n      |  in |    1|   ap_fifo  |   xFeatures10  |    pointer   |
|xFeatures10_read         | out |    1|   ap_fifo  |   xFeatures10  |    pointer   |
|xFeatures11_dout         |  in |   32|   ap_fifo  |   xFeatures11  |    pointer   |
|xFeatures11_empty_n      |  in |    1|   ap_fifo  |   xFeatures11  |    pointer   |
|xFeatures11_read         | out |    1|   ap_fifo  |   xFeatures11  |    pointer   |
|xFeatures12_dout         |  in |   32|   ap_fifo  |   xFeatures12  |    pointer   |
|xFeatures12_empty_n      |  in |    1|   ap_fifo  |   xFeatures12  |    pointer   |
|xFeatures12_read         | out |    1|   ap_fifo  |   xFeatures12  |    pointer   |
|xFeatures13_dout         |  in |   32|   ap_fifo  |   xFeatures13  |    pointer   |
|xFeatures13_empty_n      |  in |    1|   ap_fifo  |   xFeatures13  |    pointer   |
|xFeatures13_read         | out |    1|   ap_fifo  |   xFeatures13  |    pointer   |
|xFeatures14_dout         |  in |   32|   ap_fifo  |   xFeatures14  |    pointer   |
|xFeatures14_empty_n      |  in |    1|   ap_fifo  |   xFeatures14  |    pointer   |
|xFeatures14_read         | out |    1|   ap_fifo  |   xFeatures14  |    pointer   |
|xFeatures15_dout         |  in |   32|   ap_fifo  |   xFeatures15  |    pointer   |
|xFeatures15_empty_n      |  in |    1|   ap_fifo  |   xFeatures15  |    pointer   |
|xFeatures15_read         | out |    1|   ap_fifo  |   xFeatures15  |    pointer   |
|xFeatures16_dout         |  in |   32|   ap_fifo  |   xFeatures16  |    pointer   |
|xFeatures16_empty_n      |  in |    1|   ap_fifo  |   xFeatures16  |    pointer   |
|xFeatures16_read         | out |    1|   ap_fifo  |   xFeatures16  |    pointer   |
|xFeatures17_dout         |  in |   32|   ap_fifo  |   xFeatures17  |    pointer   |
|xFeatures17_empty_n      |  in |    1|   ap_fifo  |   xFeatures17  |    pointer   |
|xFeatures17_read         | out |    1|   ap_fifo  |   xFeatures17  |    pointer   |
|xFeatures18_dout         |  in |   32|   ap_fifo  |   xFeatures18  |    pointer   |
|xFeatures18_empty_n      |  in |    1|   ap_fifo  |   xFeatures18  |    pointer   |
|xFeatures18_read         | out |    1|   ap_fifo  |   xFeatures18  |    pointer   |
|xFeatures19_dout         |  in |   32|   ap_fifo  |   xFeatures19  |    pointer   |
|xFeatures19_empty_n      |  in |    1|   ap_fifo  |   xFeatures19  |    pointer   |
|xFeatures19_read         | out |    1|   ap_fifo  |   xFeatures19  |    pointer   |
|xFeatures20_dout         |  in |   32|   ap_fifo  |   xFeatures20  |    pointer   |
|xFeatures20_empty_n      |  in |    1|   ap_fifo  |   xFeatures20  |    pointer   |
|xFeatures20_read         | out |    1|   ap_fifo  |   xFeatures20  |    pointer   |
|xFeatures21_dout         |  in |   32|   ap_fifo  |   xFeatures21  |    pointer   |
|xFeatures21_empty_n      |  in |    1|   ap_fifo  |   xFeatures21  |    pointer   |
|xFeatures21_read         | out |    1|   ap_fifo  |   xFeatures21  |    pointer   |
|xFeatures22_dout         |  in |   32|   ap_fifo  |   xFeatures22  |    pointer   |
|xFeatures22_empty_n      |  in |    1|   ap_fifo  |   xFeatures22  |    pointer   |
|xFeatures22_read         | out |    1|   ap_fifo  |   xFeatures22  |    pointer   |
|xFeatures23_dout         |  in |   32|   ap_fifo  |   xFeatures23  |    pointer   |
|xFeatures23_empty_n      |  in |    1|   ap_fifo  |   xFeatures23  |    pointer   |
|xFeatures23_read         | out |    1|   ap_fifo  |   xFeatures23  |    pointer   |
|xFeatures24_dout         |  in |   32|   ap_fifo  |   xFeatures24  |    pointer   |
|xFeatures24_empty_n      |  in |    1|   ap_fifo  |   xFeatures24  |    pointer   |
|xFeatures24_read         | out |    1|   ap_fifo  |   xFeatures24  |    pointer   |
|xFeatures25_dout         |  in |   32|   ap_fifo  |   xFeatures25  |    pointer   |
|xFeatures25_empty_n      |  in |    1|   ap_fifo  |   xFeatures25  |    pointer   |
|xFeatures25_read         | out |    1|   ap_fifo  |   xFeatures25  |    pointer   |
|xFeatures26_dout         |  in |   32|   ap_fifo  |   xFeatures26  |    pointer   |
|xFeatures26_empty_n      |  in |    1|   ap_fifo  |   xFeatures26  |    pointer   |
|xFeatures26_read         | out |    1|   ap_fifo  |   xFeatures26  |    pointer   |
|xFeatures27_dout         |  in |   32|   ap_fifo  |   xFeatures27  |    pointer   |
|xFeatures27_empty_n      |  in |    1|   ap_fifo  |   xFeatures27  |    pointer   |
|xFeatures27_read         | out |    1|   ap_fifo  |   xFeatures27  |    pointer   |
|xFeatures28_dout         |  in |   32|   ap_fifo  |   xFeatures28  |    pointer   |
|xFeatures28_empty_n      |  in |    1|   ap_fifo  |   xFeatures28  |    pointer   |
|xFeatures28_read         | out |    1|   ap_fifo  |   xFeatures28  |    pointer   |
|xFeatures29_dout         |  in |   32|   ap_fifo  |   xFeatures29  |    pointer   |
|xFeatures29_empty_n      |  in |    1|   ap_fifo  |   xFeatures29  |    pointer   |
|xFeatures29_read         | out |    1|   ap_fifo  |   xFeatures29  |    pointer   |
|xFeatures30_dout         |  in |   32|   ap_fifo  |   xFeatures30  |    pointer   |
|xFeatures30_empty_n      |  in |    1|   ap_fifo  |   xFeatures30  |    pointer   |
|xFeatures30_read         | out |    1|   ap_fifo  |   xFeatures30  |    pointer   |
|xFeatures31_dout         |  in |   32|   ap_fifo  |   xFeatures31  |    pointer   |
|xFeatures31_empty_n      |  in |    1|   ap_fifo  |   xFeatures31  |    pointer   |
|xFeatures31_read         | out |    1|   ap_fifo  |   xFeatures31  |    pointer   |
|xFeatures32_dout         |  in |   32|   ap_fifo  |   xFeatures32  |    pointer   |
|xFeatures32_empty_n      |  in |    1|   ap_fifo  |   xFeatures32  |    pointer   |
|xFeatures32_read         | out |    1|   ap_fifo  |   xFeatures32  |    pointer   |
|xFeatures33_dout         |  in |   32|   ap_fifo  |   xFeatures33  |    pointer   |
|xFeatures33_empty_n      |  in |    1|   ap_fifo  |   xFeatures33  |    pointer   |
|xFeatures33_read         | out |    1|   ap_fifo  |   xFeatures33  |    pointer   |
|xFeatures34_dout         |  in |   32|   ap_fifo  |   xFeatures34  |    pointer   |
|xFeatures34_empty_n      |  in |    1|   ap_fifo  |   xFeatures34  |    pointer   |
|xFeatures34_read         | out |    1|   ap_fifo  |   xFeatures34  |    pointer   |
|xFeatures35_dout         |  in |   32|   ap_fifo  |   xFeatures35  |    pointer   |
|xFeatures35_empty_n      |  in |    1|   ap_fifo  |   xFeatures35  |    pointer   |
|xFeatures35_read         | out |    1|   ap_fifo  |   xFeatures35  |    pointer   |
|xFeatures36_dout         |  in |   32|   ap_fifo  |   xFeatures36  |    pointer   |
|xFeatures36_empty_n      |  in |    1|   ap_fifo  |   xFeatures36  |    pointer   |
|xFeatures36_read         | out |    1|   ap_fifo  |   xFeatures36  |    pointer   |
|xFeatures37_dout         |  in |   32|   ap_fifo  |   xFeatures37  |    pointer   |
|xFeatures37_empty_n      |  in |    1|   ap_fifo  |   xFeatures37  |    pointer   |
|xFeatures37_read         | out |    1|   ap_fifo  |   xFeatures37  |    pointer   |
|xFeatures38_dout         |  in |   32|   ap_fifo  |   xFeatures38  |    pointer   |
|xFeatures38_empty_n      |  in |    1|   ap_fifo  |   xFeatures38  |    pointer   |
|xFeatures38_read         | out |    1|   ap_fifo  |   xFeatures38  |    pointer   |
|xFeatures39_dout         |  in |   32|   ap_fifo  |   xFeatures39  |    pointer   |
|xFeatures39_empty_n      |  in |    1|   ap_fifo  |   xFeatures39  |    pointer   |
|xFeatures39_read         | out |    1|   ap_fifo  |   xFeatures39  |    pointer   |
|xFeatures40_dout         |  in |   32|   ap_fifo  |   xFeatures40  |    pointer   |
|xFeatures40_empty_n      |  in |    1|   ap_fifo  |   xFeatures40  |    pointer   |
|xFeatures40_read         | out |    1|   ap_fifo  |   xFeatures40  |    pointer   |
|xFeatures41_dout         |  in |   32|   ap_fifo  |   xFeatures41  |    pointer   |
|xFeatures41_empty_n      |  in |    1|   ap_fifo  |   xFeatures41  |    pointer   |
|xFeatures41_read         | out |    1|   ap_fifo  |   xFeatures41  |    pointer   |
|xFeatures42_dout         |  in |   32|   ap_fifo  |   xFeatures42  |    pointer   |
|xFeatures42_empty_n      |  in |    1|   ap_fifo  |   xFeatures42  |    pointer   |
|xFeatures42_read         | out |    1|   ap_fifo  |   xFeatures42  |    pointer   |
|xFeatures43_dout         |  in |   32|   ap_fifo  |   xFeatures43  |    pointer   |
|xFeatures43_empty_n      |  in |    1|   ap_fifo  |   xFeatures43  |    pointer   |
|xFeatures43_read         | out |    1|   ap_fifo  |   xFeatures43  |    pointer   |
|xFeatures44_dout         |  in |   32|   ap_fifo  |   xFeatures44  |    pointer   |
|xFeatures44_empty_n      |  in |    1|   ap_fifo  |   xFeatures44  |    pointer   |
|xFeatures44_read         | out |    1|   ap_fifo  |   xFeatures44  |    pointer   |
|xFeatures45_dout         |  in |   32|   ap_fifo  |   xFeatures45  |    pointer   |
|xFeatures45_empty_n      |  in |    1|   ap_fifo  |   xFeatures45  |    pointer   |
|xFeatures45_read         | out |    1|   ap_fifo  |   xFeatures45  |    pointer   |
|xFeatures46_dout         |  in |   32|   ap_fifo  |   xFeatures46  |    pointer   |
|xFeatures46_empty_n      |  in |    1|   ap_fifo  |   xFeatures46  |    pointer   |
|xFeatures46_read         | out |    1|   ap_fifo  |   xFeatures46  |    pointer   |
|xFeatures47_dout         |  in |   32|   ap_fifo  |   xFeatures47  |    pointer   |
|xFeatures47_empty_n      |  in |    1|   ap_fifo  |   xFeatures47  |    pointer   |
|xFeatures47_read         | out |    1|   ap_fifo  |   xFeatures47  |    pointer   |
|xFeatures48_dout         |  in |   32|   ap_fifo  |   xFeatures48  |    pointer   |
|xFeatures48_empty_n      |  in |    1|   ap_fifo  |   xFeatures48  |    pointer   |
|xFeatures48_read         | out |    1|   ap_fifo  |   xFeatures48  |    pointer   |
|xFeatures49_dout         |  in |   32|   ap_fifo  |   xFeatures49  |    pointer   |
|xFeatures49_empty_n      |  in |    1|   ap_fifo  |   xFeatures49  |    pointer   |
|xFeatures49_read         | out |    1|   ap_fifo  |   xFeatures49  |    pointer   |
|xFeatures50_dout         |  in |   32|   ap_fifo  |   xFeatures50  |    pointer   |
|xFeatures50_empty_n      |  in |    1|   ap_fifo  |   xFeatures50  |    pointer   |
|xFeatures50_read         | out |    1|   ap_fifo  |   xFeatures50  |    pointer   |
|xFeatures51_dout         |  in |   32|   ap_fifo  |   xFeatures51  |    pointer   |
|xFeatures51_empty_n      |  in |    1|   ap_fifo  |   xFeatures51  |    pointer   |
|xFeatures51_read         | out |    1|   ap_fifo  |   xFeatures51  |    pointer   |
|xFeatures52_dout         |  in |   32|   ap_fifo  |   xFeatures52  |    pointer   |
|xFeatures52_empty_n      |  in |    1|   ap_fifo  |   xFeatures52  |    pointer   |
|xFeatures52_read         | out |    1|   ap_fifo  |   xFeatures52  |    pointer   |
|xFeatures53_dout         |  in |   32|   ap_fifo  |   xFeatures53  |    pointer   |
|xFeatures53_empty_n      |  in |    1|   ap_fifo  |   xFeatures53  |    pointer   |
|xFeatures53_read         | out |    1|   ap_fifo  |   xFeatures53  |    pointer   |
|xFeatures54_dout         |  in |   32|   ap_fifo  |   xFeatures54  |    pointer   |
|xFeatures54_empty_n      |  in |    1|   ap_fifo  |   xFeatures54  |    pointer   |
|xFeatures54_read         | out |    1|   ap_fifo  |   xFeatures54  |    pointer   |
|xFeatures55_dout         |  in |   32|   ap_fifo  |   xFeatures55  |    pointer   |
|xFeatures55_empty_n      |  in |    1|   ap_fifo  |   xFeatures55  |    pointer   |
|xFeatures55_read         | out |    1|   ap_fifo  |   xFeatures55  |    pointer   |
|xFeatures56_dout         |  in |   32|   ap_fifo  |   xFeatures56  |    pointer   |
|xFeatures56_empty_n      |  in |    1|   ap_fifo  |   xFeatures56  |    pointer   |
|xFeatures56_read         | out |    1|   ap_fifo  |   xFeatures56  |    pointer   |
|xFeatures57_dout         |  in |   32|   ap_fifo  |   xFeatures57  |    pointer   |
|xFeatures57_empty_n      |  in |    1|   ap_fifo  |   xFeatures57  |    pointer   |
|xFeatures57_read         | out |    1|   ap_fifo  |   xFeatures57  |    pointer   |
|xFeatures58_dout         |  in |   32|   ap_fifo  |   xFeatures58  |    pointer   |
|xFeatures58_empty_n      |  in |    1|   ap_fifo  |   xFeatures58  |    pointer   |
|xFeatures58_read         | out |    1|   ap_fifo  |   xFeatures58  |    pointer   |
|xFeatures59_dout         |  in |   32|   ap_fifo  |   xFeatures59  |    pointer   |
|xFeatures59_empty_n      |  in |    1|   ap_fifo  |   xFeatures59  |    pointer   |
|xFeatures59_read         | out |    1|   ap_fifo  |   xFeatures59  |    pointer   |
|xFeatures60_dout         |  in |   32|   ap_fifo  |   xFeatures60  |    pointer   |
|xFeatures60_empty_n      |  in |    1|   ap_fifo  |   xFeatures60  |    pointer   |
|xFeatures60_read         | out |    1|   ap_fifo  |   xFeatures60  |    pointer   |
|xFeatures61_dout         |  in |   32|   ap_fifo  |   xFeatures61  |    pointer   |
|xFeatures61_empty_n      |  in |    1|   ap_fifo  |   xFeatures61  |    pointer   |
|xFeatures61_read         | out |    1|   ap_fifo  |   xFeatures61  |    pointer   |
|xFeatures62_dout         |  in |   32|   ap_fifo  |   xFeatures62  |    pointer   |
|xFeatures62_empty_n      |  in |    1|   ap_fifo  |   xFeatures62  |    pointer   |
|xFeatures62_read         | out |    1|   ap_fifo  |   xFeatures62  |    pointer   |
|xFeatures63_dout         |  in |   32|   ap_fifo  |   xFeatures63  |    pointer   |
|xFeatures63_empty_n      |  in |    1|   ap_fifo  |   xFeatures63  |    pointer   |
|xFeatures63_read         | out |    1|   ap_fifo  |   xFeatures63  |    pointer   |
|xFeatures64_dout         |  in |   32|   ap_fifo  |   xFeatures64  |    pointer   |
|xFeatures64_empty_n      |  in |    1|   ap_fifo  |   xFeatures64  |    pointer   |
|xFeatures64_read         | out |    1|   ap_fifo  |   xFeatures64  |    pointer   |
|xFeatures65_dout         |  in |   32|   ap_fifo  |   xFeatures65  |    pointer   |
|xFeatures65_empty_n      |  in |    1|   ap_fifo  |   xFeatures65  |    pointer   |
|xFeatures65_read         | out |    1|   ap_fifo  |   xFeatures65  |    pointer   |
|xFeatures66_dout         |  in |   32|   ap_fifo  |   xFeatures66  |    pointer   |
|xFeatures66_empty_n      |  in |    1|   ap_fifo  |   xFeatures66  |    pointer   |
|xFeatures66_read         | out |    1|   ap_fifo  |   xFeatures66  |    pointer   |
|xFeatures67_dout         |  in |   32|   ap_fifo  |   xFeatures67  |    pointer   |
|xFeatures67_empty_n      |  in |    1|   ap_fifo  |   xFeatures67  |    pointer   |
|xFeatures67_read         | out |    1|   ap_fifo  |   xFeatures67  |    pointer   |
|xFeatures68_dout         |  in |   32|   ap_fifo  |   xFeatures68  |    pointer   |
|xFeatures68_empty_n      |  in |    1|   ap_fifo  |   xFeatures68  |    pointer   |
|xFeatures68_read         | out |    1|   ap_fifo  |   xFeatures68  |    pointer   |
|xFeatures69_dout         |  in |   32|   ap_fifo  |   xFeatures69  |    pointer   |
|xFeatures69_empty_n      |  in |    1|   ap_fifo  |   xFeatures69  |    pointer   |
|xFeatures69_read         | out |    1|   ap_fifo  |   xFeatures69  |    pointer   |
|xFeatures70_dout         |  in |   32|   ap_fifo  |   xFeatures70  |    pointer   |
|xFeatures70_empty_n      |  in |    1|   ap_fifo  |   xFeatures70  |    pointer   |
|xFeatures70_read         | out |    1|   ap_fifo  |   xFeatures70  |    pointer   |
|xFeatures71_dout         |  in |   32|   ap_fifo  |   xFeatures71  |    pointer   |
|xFeatures71_empty_n      |  in |    1|   ap_fifo  |   xFeatures71  |    pointer   |
|xFeatures71_read         | out |    1|   ap_fifo  |   xFeatures71  |    pointer   |
|xFeatures72_dout         |  in |   32|   ap_fifo  |   xFeatures72  |    pointer   |
|xFeatures72_empty_n      |  in |    1|   ap_fifo  |   xFeatures72  |    pointer   |
|xFeatures72_read         | out |    1|   ap_fifo  |   xFeatures72  |    pointer   |
|xFeatures73_dout         |  in |   32|   ap_fifo  |   xFeatures73  |    pointer   |
|xFeatures73_empty_n      |  in |    1|   ap_fifo  |   xFeatures73  |    pointer   |
|xFeatures73_read         | out |    1|   ap_fifo  |   xFeatures73  |    pointer   |
|xFeatures74_dout         |  in |   32|   ap_fifo  |   xFeatures74  |    pointer   |
|xFeatures74_empty_n      |  in |    1|   ap_fifo  |   xFeatures74  |    pointer   |
|xFeatures74_read         | out |    1|   ap_fifo  |   xFeatures74  |    pointer   |
|xFeatures75_dout         |  in |   32|   ap_fifo  |   xFeatures75  |    pointer   |
|xFeatures75_empty_n      |  in |    1|   ap_fifo  |   xFeatures75  |    pointer   |
|xFeatures75_read         | out |    1|   ap_fifo  |   xFeatures75  |    pointer   |
|xFeatures76_dout         |  in |   32|   ap_fifo  |   xFeatures76  |    pointer   |
|xFeatures76_empty_n      |  in |    1|   ap_fifo  |   xFeatures76  |    pointer   |
|xFeatures76_read         | out |    1|   ap_fifo  |   xFeatures76  |    pointer   |
|xFeatures77_dout         |  in |   32|   ap_fifo  |   xFeatures77  |    pointer   |
|xFeatures77_empty_n      |  in |    1|   ap_fifo  |   xFeatures77  |    pointer   |
|xFeatures77_read         | out |    1|   ap_fifo  |   xFeatures77  |    pointer   |
|xFeatures78_dout         |  in |   32|   ap_fifo  |   xFeatures78  |    pointer   |
|xFeatures78_empty_n      |  in |    1|   ap_fifo  |   xFeatures78  |    pointer   |
|xFeatures78_read         | out |    1|   ap_fifo  |   xFeatures78  |    pointer   |
|xFeatures79_dout         |  in |   32|   ap_fifo  |   xFeatures79  |    pointer   |
|xFeatures79_empty_n      |  in |    1|   ap_fifo  |   xFeatures79  |    pointer   |
|xFeatures79_read         | out |    1|   ap_fifo  |   xFeatures79  |    pointer   |
|xFeatures80_dout         |  in |   32|   ap_fifo  |   xFeatures80  |    pointer   |
|xFeatures80_empty_n      |  in |    1|   ap_fifo  |   xFeatures80  |    pointer   |
|xFeatures80_read         | out |    1|   ap_fifo  |   xFeatures80  |    pointer   |
|xFeatures81_dout         |  in |   32|   ap_fifo  |   xFeatures81  |    pointer   |
|xFeatures81_empty_n      |  in |    1|   ap_fifo  |   xFeatures81  |    pointer   |
|xFeatures81_read         | out |    1|   ap_fifo  |   xFeatures81  |    pointer   |
|xFeatures82_dout         |  in |   32|   ap_fifo  |   xFeatures82  |    pointer   |
|xFeatures82_empty_n      |  in |    1|   ap_fifo  |   xFeatures82  |    pointer   |
|xFeatures82_read         | out |    1|   ap_fifo  |   xFeatures82  |    pointer   |
|xFeatures83_dout         |  in |   32|   ap_fifo  |   xFeatures83  |    pointer   |
|xFeatures83_empty_n      |  in |    1|   ap_fifo  |   xFeatures83  |    pointer   |
|xFeatures83_read         | out |    1|   ap_fifo  |   xFeatures83  |    pointer   |
|xFeatures84_dout         |  in |   32|   ap_fifo  |   xFeatures84  |    pointer   |
|xFeatures84_empty_n      |  in |    1|   ap_fifo  |   xFeatures84  |    pointer   |
|xFeatures84_read         | out |    1|   ap_fifo  |   xFeatures84  |    pointer   |
|xFeatures85_dout         |  in |   32|   ap_fifo  |   xFeatures85  |    pointer   |
|xFeatures85_empty_n      |  in |    1|   ap_fifo  |   xFeatures85  |    pointer   |
|xFeatures85_read         | out |    1|   ap_fifo  |   xFeatures85  |    pointer   |
|xFeatures86_dout         |  in |   32|   ap_fifo  |   xFeatures86  |    pointer   |
|xFeatures86_empty_n      |  in |    1|   ap_fifo  |   xFeatures86  |    pointer   |
|xFeatures86_read         | out |    1|   ap_fifo  |   xFeatures86  |    pointer   |
|xFeatures87_dout         |  in |   32|   ap_fifo  |   xFeatures87  |    pointer   |
|xFeatures87_empty_n      |  in |    1|   ap_fifo  |   xFeatures87  |    pointer   |
|xFeatures87_read         | out |    1|   ap_fifo  |   xFeatures87  |    pointer   |
|xFeatures88_dout         |  in |   32|   ap_fifo  |   xFeatures88  |    pointer   |
|xFeatures88_empty_n      |  in |    1|   ap_fifo  |   xFeatures88  |    pointer   |
|xFeatures88_read         | out |    1|   ap_fifo  |   xFeatures88  |    pointer   |
|xFeatures89_dout         |  in |   32|   ap_fifo  |   xFeatures89  |    pointer   |
|xFeatures89_empty_n      |  in |    1|   ap_fifo  |   xFeatures89  |    pointer   |
|xFeatures89_read         | out |    1|   ap_fifo  |   xFeatures89  |    pointer   |
|xFeatures90_dout         |  in |   32|   ap_fifo  |   xFeatures90  |    pointer   |
|xFeatures90_empty_n      |  in |    1|   ap_fifo  |   xFeatures90  |    pointer   |
|xFeatures90_read         | out |    1|   ap_fifo  |   xFeatures90  |    pointer   |
|xFeatures91_dout         |  in |   32|   ap_fifo  |   xFeatures91  |    pointer   |
|xFeatures91_empty_n      |  in |    1|   ap_fifo  |   xFeatures91  |    pointer   |
|xFeatures91_read         | out |    1|   ap_fifo  |   xFeatures91  |    pointer   |
|xFeatures92_dout         |  in |   32|   ap_fifo  |   xFeatures92  |    pointer   |
|xFeatures92_empty_n      |  in |    1|   ap_fifo  |   xFeatures92  |    pointer   |
|xFeatures92_read         | out |    1|   ap_fifo  |   xFeatures92  |    pointer   |
|xFeatures93_dout         |  in |   32|   ap_fifo  |   xFeatures93  |    pointer   |
|xFeatures93_empty_n      |  in |    1|   ap_fifo  |   xFeatures93  |    pointer   |
|xFeatures93_read         | out |    1|   ap_fifo  |   xFeatures93  |    pointer   |
|xFeatures94_dout         |  in |   32|   ap_fifo  |   xFeatures94  |    pointer   |
|xFeatures94_empty_n      |  in |    1|   ap_fifo  |   xFeatures94  |    pointer   |
|xFeatures94_read         | out |    1|   ap_fifo  |   xFeatures94  |    pointer   |
|xFeatures95_dout         |  in |   32|   ap_fifo  |   xFeatures95  |    pointer   |
|xFeatures95_empty_n      |  in |    1|   ap_fifo  |   xFeatures95  |    pointer   |
|xFeatures95_read         | out |    1|   ap_fifo  |   xFeatures95  |    pointer   |
|xFeatures96_dout         |  in |   32|   ap_fifo  |   xFeatures96  |    pointer   |
|xFeatures96_empty_n      |  in |    1|   ap_fifo  |   xFeatures96  |    pointer   |
|xFeatures96_read         | out |    1|   ap_fifo  |   xFeatures96  |    pointer   |
|xFeatures97_dout         |  in |   32|   ap_fifo  |   xFeatures97  |    pointer   |
|xFeatures97_empty_n      |  in |    1|   ap_fifo  |   xFeatures97  |    pointer   |
|xFeatures97_read         | out |    1|   ap_fifo  |   xFeatures97  |    pointer   |
|xFeatures98_dout         |  in |   32|   ap_fifo  |   xFeatures98  |    pointer   |
|xFeatures98_empty_n      |  in |    1|   ap_fifo  |   xFeatures98  |    pointer   |
|xFeatures98_read         | out |    1|   ap_fifo  |   xFeatures98  |    pointer   |
|xFeatures99_dout         |  in |   32|   ap_fifo  |   xFeatures99  |    pointer   |
|xFeatures99_empty_n      |  in |    1|   ap_fifo  |   xFeatures99  |    pointer   |
|xFeatures99_read         | out |    1|   ap_fifo  |   xFeatures99  |    pointer   |
|xFeatures100_dout        |  in |   32|   ap_fifo  |  xFeatures100  |    pointer   |
|xFeatures100_empty_n     |  in |    1|   ap_fifo  |  xFeatures100  |    pointer   |
|xFeatures100_read        | out |    1|   ap_fifo  |  xFeatures100  |    pointer   |
|xFeatures101_dout        |  in |   32|   ap_fifo  |  xFeatures101  |    pointer   |
|xFeatures101_empty_n     |  in |    1|   ap_fifo  |  xFeatures101  |    pointer   |
|xFeatures101_read        | out |    1|   ap_fifo  |  xFeatures101  |    pointer   |
|xFeatures102_dout        |  in |   32|   ap_fifo  |  xFeatures102  |    pointer   |
|xFeatures102_empty_n     |  in |    1|   ap_fifo  |  xFeatures102  |    pointer   |
|xFeatures102_read        | out |    1|   ap_fifo  |  xFeatures102  |    pointer   |
|xFeatures103_dout        |  in |   32|   ap_fifo  |  xFeatures103  |    pointer   |
|xFeatures103_empty_n     |  in |    1|   ap_fifo  |  xFeatures103  |    pointer   |
|xFeatures103_read        | out |    1|   ap_fifo  |  xFeatures103  |    pointer   |
|xFeatures104_dout        |  in |   32|   ap_fifo  |  xFeatures104  |    pointer   |
|xFeatures104_empty_n     |  in |    1|   ap_fifo  |  xFeatures104  |    pointer   |
|xFeatures104_read        | out |    1|   ap_fifo  |  xFeatures104  |    pointer   |
|xFeatures105_dout        |  in |   32|   ap_fifo  |  xFeatures105  |    pointer   |
|xFeatures105_empty_n     |  in |    1|   ap_fifo  |  xFeatures105  |    pointer   |
|xFeatures105_read        | out |    1|   ap_fifo  |  xFeatures105  |    pointer   |
|xFeatures106_dout        |  in |   32|   ap_fifo  |  xFeatures106  |    pointer   |
|xFeatures106_empty_n     |  in |    1|   ap_fifo  |  xFeatures106  |    pointer   |
|xFeatures106_read        | out |    1|   ap_fifo  |  xFeatures106  |    pointer   |
|xFeatures107_dout        |  in |   32|   ap_fifo  |  xFeatures107  |    pointer   |
|xFeatures107_empty_n     |  in |    1|   ap_fifo  |  xFeatures107  |    pointer   |
|xFeatures107_read        | out |    1|   ap_fifo  |  xFeatures107  |    pointer   |
|xFeatures108_dout        |  in |   32|   ap_fifo  |  xFeatures108  |    pointer   |
|xFeatures108_empty_n     |  in |    1|   ap_fifo  |  xFeatures108  |    pointer   |
|xFeatures108_read        | out |    1|   ap_fifo  |  xFeatures108  |    pointer   |
|xFeatures109_dout        |  in |   32|   ap_fifo  |  xFeatures109  |    pointer   |
|xFeatures109_empty_n     |  in |    1|   ap_fifo  |  xFeatures109  |    pointer   |
|xFeatures109_read        | out |    1|   ap_fifo  |  xFeatures109  |    pointer   |
|xFeatures110_dout        |  in |   32|   ap_fifo  |  xFeatures110  |    pointer   |
|xFeatures110_empty_n     |  in |    1|   ap_fifo  |  xFeatures110  |    pointer   |
|xFeatures110_read        | out |    1|   ap_fifo  |  xFeatures110  |    pointer   |
|xFeatures111_dout        |  in |   32|   ap_fifo  |  xFeatures111  |    pointer   |
|xFeatures111_empty_n     |  in |    1|   ap_fifo  |  xFeatures111  |    pointer   |
|xFeatures111_read        | out |    1|   ap_fifo  |  xFeatures111  |    pointer   |
|xFeatures112_dout        |  in |   32|   ap_fifo  |  xFeatures112  |    pointer   |
|xFeatures112_empty_n     |  in |    1|   ap_fifo  |  xFeatures112  |    pointer   |
|xFeatures112_read        | out |    1|   ap_fifo  |  xFeatures112  |    pointer   |
|xFeatures113_dout        |  in |   32|   ap_fifo  |  xFeatures113  |    pointer   |
|xFeatures113_empty_n     |  in |    1|   ap_fifo  |  xFeatures113  |    pointer   |
|xFeatures113_read        | out |    1|   ap_fifo  |  xFeatures113  |    pointer   |
|xFeatures114_dout        |  in |   32|   ap_fifo  |  xFeatures114  |    pointer   |
|xFeatures114_empty_n     |  in |    1|   ap_fifo  |  xFeatures114  |    pointer   |
|xFeatures114_read        | out |    1|   ap_fifo  |  xFeatures114  |    pointer   |
|xFeatures115_dout        |  in |   32|   ap_fifo  |  xFeatures115  |    pointer   |
|xFeatures115_empty_n     |  in |    1|   ap_fifo  |  xFeatures115  |    pointer   |
|xFeatures115_read        | out |    1|   ap_fifo  |  xFeatures115  |    pointer   |
|xFeatures116_dout        |  in |   32|   ap_fifo  |  xFeatures116  |    pointer   |
|xFeatures116_empty_n     |  in |    1|   ap_fifo  |  xFeatures116  |    pointer   |
|xFeatures116_read        | out |    1|   ap_fifo  |  xFeatures116  |    pointer   |
|xFeatures117_dout        |  in |   32|   ap_fifo  |  xFeatures117  |    pointer   |
|xFeatures117_empty_n     |  in |    1|   ap_fifo  |  xFeatures117  |    pointer   |
|xFeatures117_read        | out |    1|   ap_fifo  |  xFeatures117  |    pointer   |
|xFeatures118_dout        |  in |   32|   ap_fifo  |  xFeatures118  |    pointer   |
|xFeatures118_empty_n     |  in |    1|   ap_fifo  |  xFeatures118  |    pointer   |
|xFeatures118_read        | out |    1|   ap_fifo  |  xFeatures118  |    pointer   |
|xFeatures119_dout        |  in |   32|   ap_fifo  |  xFeatures119  |    pointer   |
|xFeatures119_empty_n     |  in |    1|   ap_fifo  |  xFeatures119  |    pointer   |
|xFeatures119_read        | out |    1|   ap_fifo  |  xFeatures119  |    pointer   |
|xFeatures120_dout        |  in |   32|   ap_fifo  |  xFeatures120  |    pointer   |
|xFeatures120_empty_n     |  in |    1|   ap_fifo  |  xFeatures120  |    pointer   |
|xFeatures120_read        | out |    1|   ap_fifo  |  xFeatures120  |    pointer   |
|xFeatures121_dout        |  in |   32|   ap_fifo  |  xFeatures121  |    pointer   |
|xFeatures121_empty_n     |  in |    1|   ap_fifo  |  xFeatures121  |    pointer   |
|xFeatures121_read        | out |    1|   ap_fifo  |  xFeatures121  |    pointer   |
|xFeatures122_dout        |  in |   32|   ap_fifo  |  xFeatures122  |    pointer   |
|xFeatures122_empty_n     |  in |    1|   ap_fifo  |  xFeatures122  |    pointer   |
|xFeatures122_read        | out |    1|   ap_fifo  |  xFeatures122  |    pointer   |
|xFeatures123_dout        |  in |   32|   ap_fifo  |  xFeatures123  |    pointer   |
|xFeatures123_empty_n     |  in |    1|   ap_fifo  |  xFeatures123  |    pointer   |
|xFeatures123_read        | out |    1|   ap_fifo  |  xFeatures123  |    pointer   |
|xFeatures124_dout        |  in |   32|   ap_fifo  |  xFeatures124  |    pointer   |
|xFeatures124_empty_n     |  in |    1|   ap_fifo  |  xFeatures124  |    pointer   |
|xFeatures124_read        | out |    1|   ap_fifo  |  xFeatures124  |    pointer   |
|xFeatures125_dout        |  in |   32|   ap_fifo  |  xFeatures125  |    pointer   |
|xFeatures125_empty_n     |  in |    1|   ap_fifo  |  xFeatures125  |    pointer   |
|xFeatures125_read        | out |    1|   ap_fifo  |  xFeatures125  |    pointer   |
|xFeatures126_dout        |  in |   32|   ap_fifo  |  xFeatures126  |    pointer   |
|xFeatures126_empty_n     |  in |    1|   ap_fifo  |  xFeatures126  |    pointer   |
|xFeatures126_read        | out |    1|   ap_fifo  |  xFeatures126  |    pointer   |
|xFeatures127_dout        |  in |   32|   ap_fifo  |  xFeatures127  |    pointer   |
|xFeatures127_empty_n     |  in |    1|   ap_fifo  |  xFeatures127  |    pointer   |
|xFeatures127_read        | out |    1|   ap_fifo  |  xFeatures127  |    pointer   |
|distance_array_address0  | out |    8|  ap_memory | distance_array |     array    |
|distance_array_ce0       | out |    1|  ap_memory | distance_array |     array    |
|distance_array_we0       | out |    1|  ap_memory | distance_array |     array    |
|distance_array_d0        | out |   32|  ap_memory | distance_array |     array    |
+-------------------------+-----+-----+------------+----------------+--------------+

