

================================================================
== Vivado HLS Report for 'epilogue'
================================================================
* Date:           Mon Sep 21 12:14:16 2020

* Version:        2019.2 (Build 2704478 on Wed Nov 06 22:10:23 MST 2019)
* Project:        knn
* Solution:       solution1
* Product family: zynq
* Target device:  xc7z020-clg484-1


================================================================
== Performance Estimates
================================================================
+ Timing: 
    * Summary: 
    +--------+----------+----------+------------+
    |  Clock |  Target  | Estimated| Uncertainty|
    +--------+----------+----------+------------+
    |ap_clk  | 10.00 ns | 8.735 ns |   1.25 ns  |
    +--------+----------+----------+------------+

+ Latency: 
    * Summary: 
    +---------+---------+----------+----------+-----+-----+---------+
    |  Latency (cycles) |  Latency (absolute) |  Interval | Pipeline|
    |   min   |   max   |    min   |    max   | min | max |   Type  |
    +---------+---------+----------+----------+-----+-----+---------+
    |       26|       26| 0.260 us | 0.260 us |   26|   26|   none  |
    +---------+---------+----------+----------+-----+-----+---------+

    + Detail: 
        * Instance: 
        N/A

        * Loop: 
        +----------+---------+---------+----------+-----------+-----------+------+----------+
        |          |  Latency (cycles) | Iteration|  Initiation Interval  | Trip |          |
        | Loop Name|   min   |   max   |  Latency |  achieved |   target  | Count| Pipelined|
        +----------+---------+---------+----------+-----------+-----------+------+----------+
        |- Loop 1  |       12|       12|         4|          -|          -|     3|    no    |
        +----------+---------+---------+----------+-----------+-----------+------+----------+



================================================================
== Utilization Estimates
================================================================
* Summary: 
+-----------------+---------+-------+--------+-------+-----+
|       Name      | BRAM_18K| DSP48E|   FF   |  LUT  | URAM|
+-----------------+---------+-------+--------+-------+-----+
|DSP              |        -|      -|       -|      -|    -|
|Expression       |        -|      -|       0|    796|    -|
|FIFO             |        -|      -|       -|      -|    -|
|Instance         |        -|      0|     746|   1407|    -|
|Memory           |        0|      -|      80|      3|    0|
|Multiplexer      |        -|      -|       -|    264|    -|
|Register         |        -|      -|     282|      -|    -|
+-----------------+---------+-------+--------+-------+-----+
|Total            |        0|      0|    1108|   2470|    0|
+-----------------+---------+-------+--------+-------+-----+
|Available        |      280|    220|  106400|  53200|    0|
+-----------------+---------+-------+--------+-------+-----+
|Utilization (%)  |        0|      0|       1|      4|    0|
+-----------------+---------+-------+--------+-------+-----+

+ Detail: 
    * Instance: 
    +---------------------------+----------------------+---------+-------+-----+-----+-----+
    |          Instance         |        Module        | BRAM_18K| DSP48E|  FF | LUT | URAM|
    +---------------------------+----------------------+---------+-------+-----+-----+-----+
    |knnFloatNoSqrt100fYi_U280  |knnFloatNoSqrt100fYi  |        0|      0|   66|  239|    0|
    |knnFloatNoSqrt100g8j_U281  |knnFloatNoSqrt100g8j  |        0|      0|    0|   15|    0|
    |knnFloatNoSqrt100g8j_U282  |knnFloatNoSqrt100g8j  |        0|      0|    0|   15|    0|
    |knnFloatNoSqrt100hbi_U283  |knnFloatNoSqrt100hbi  |        0|      0|    0|   15|    0|
    |knnFloatNoSqrt100hbi_U284  |knnFloatNoSqrt100hbi  |        0|      0|    0|   15|    0|
    |knnFloatNoSqrt100kbM_U278  |knnFloatNoSqrt100kbM  |        0|      0|  340|  554|    0|
    |knnFloatNoSqrt100kbM_U279  |knnFloatNoSqrt100kbM  |        0|      0|  340|  554|    0|
    +---------------------------+----------------------+---------+-------+-----+-----+-----+
    |Total                      |                      |        0|      0|  746| 1407|    0|
    +---------------------------+----------------------+---------+-------+-----+-----+-----+

    * DSP48E: 
    N/A

    * Memory: 
    +-----------------+----------------------+---------+----+----+-----+------+-----+------+-------------+
    |      Memory     |        Module        | BRAM_18K| FF | LUT| URAM| Words| Bits| Banks| W*Bits*Banks|
    +-----------------+----------------------+---------+----+----+-----+------+-----+------+-------------+
    |bestClasses_U    |epilogue_bestClasjbC  |        0|  16|   1|    0|     3|    8|     1|           24|
    |bestDistances_U  |epilogue_bestDistibs  |        0|  64|   2|    0|     3|   32|     1|           96|
    +-----------------+----------------------+---------+----+----+-----+------+-----+------+-------------+
    |Total            |                      |        0|  80|   3|    0|     6|   40|     2|          120|
    +-----------------+----------------------+---------+----+----+-----+------+-----+------+-------------+

    * FIFO: 
    N/A

    * Expression: 
    +--------------------------+----------+-------+---+-----+------------+------------+
    |       Variable Name      | Operation| DSP48E| FF| LUT | Bitwidth P0| Bitwidth P1|
    +--------------------------+----------+-------+---+-----+------------+------------+
    |add_ln339_fu_499_p2       |     +    |      0|  0|   15|           8|           9|
    |i_fu_310_p2               |     +    |      0|  0|   10|           2|           1|
    |result_V_1_fu_591_p2      |     -    |      0|  0|   39|           1|          32|
    |sub_ln1311_fu_513_p2      |     -    |      0|  0|   15|           7|           8|
    |and_ln237_1_fu_444_p2     |    and   |      0|  0|    2|           1|           1|
    |and_ln237_fu_438_p2       |    and   |      0|  0|    2|           1|           1|
    |and_ln252_1_fu_685_p2     |    and   |      0|  0|    2|           1|           1|
    |and_ln252_fu_679_p2       |    and   |      0|  0|    2|           1|           1|
    |and_ln255_1_fu_771_p2     |    and   |      0|  0|    2|           1|           1|
    |and_ln255_fu_765_p2       |    and   |      0|  0|    2|           1|           1|
    |grp_fu_292_p2             |   icmp   |      0|  0|   11|           8|           8|
    |icmp_ln236_fu_304_p2      |   icmp   |      0|  0|    8|           2|           2|
    |icmp_ln237_1_fu_408_p2    |   icmp   |      0|  0|   18|          23|           1|
    |icmp_ln237_2_fu_420_p2    |   icmp   |      0|  0|   11|           8|           2|
    |icmp_ln237_3_fu_426_p2    |   icmp   |      0|  0|   18|          23|           1|
    |icmp_ln237_fu_402_p2      |   icmp   |      0|  0|   11|           8|           2|
    |icmp_ln238_fu_354_p2      |   icmp   |      0|  0|   11|           8|           8|
    |icmp_ln252_1_fu_649_p2    |   icmp   |      0|  0|   18|          23|           1|
    |icmp_ln252_2_fu_661_p2    |   icmp   |      0|  0|   11|           8|           2|
    |icmp_ln252_3_fu_667_p2    |   icmp   |      0|  0|   18|          23|           1|
    |icmp_ln252_fu_643_p2      |   icmp   |      0|  0|   11|           8|           2|
    |icmp_ln255_1_fu_739_p2    |   icmp   |      0|  0|   18|          23|           1|
    |icmp_ln255_2_fu_745_p2    |   icmp   |      0|  0|   11|           8|           2|
    |icmp_ln255_3_fu_751_p2    |   icmp   |      0|  0|   18|          23|           1|
    |icmp_ln255_fu_733_p2      |   icmp   |      0|  0|   11|           8|           2|
    |icmp_ln258_fu_603_p2      |   icmp   |      0|  0|   11|           8|           8|
    |r_V_fu_543_p2             |   lshr   |      0|  0|   73|          25|          25|
    |ap_block_state1           |    or    |      0|  0|    2|           1|           1|
    |or_ln237_1_fu_432_p2      |    or    |      0|  0|    2|           1|           1|
    |or_ln237_fu_414_p2        |    or    |      0|  0|    2|           1|           1|
    |or_ln252_1_fu_673_p2      |    or    |      0|  0|    2|           1|           1|
    |or_ln252_fu_655_p2        |    or    |      0|  0|    2|           1|           1|
    |or_ln255_1_fu_761_p2      |    or    |      0|  0|    2|           1|           1|
    |or_ln255_2_fu_785_p2      |    or    |      0|  0|    2|           1|           1|
    |or_ln255_fu_757_p2        |    or    |      0|  0|    2|           1|           1|
    |or_ln260_fu_807_p2        |    or    |      0|  0|    2|           1|           1|
    |bestDistances_d0          |  select  |      0|  0|   32|           1|          32|
    |d2_2_fu_691_p3            |  select  |      0|  0|   32|           1|          32|
    |p_Val2_5_fu_577_p3        |  select  |      0|  0|   32|           1|          32|
    |select_ln237_fu_450_p3    |  select  |      0|  0|   32|           1|          32|
    |select_ln238_fu_360_p3    |  select  |      0|  0|    8|           1|           8|
    |select_ln255_1_fu_790_p3  |  select  |      0|  0|    2|           1|           2|
    |select_ln255_fu_777_p3    |  select  |      0|  0|    3|           1|           3|
    |select_ln260_fu_811_p3    |  select  |      0|  0|    2|           1|           2|
    |select_ln262_fu_819_p3    |  select  |      0|  0|    2|           1|           1|
    |ush_fu_523_p3             |  select  |      0|  0|    9|           1|           9|
    |r_V_1_fu_549_p2           |    shl   |      0|  0|  243|          79|          79|
    |xor_ln260_fu_798_p2       |    xor   |      0|  0|    2|           1|           2|
    +--------------------------+----------+-------+---+-----+------------+------------+
    |Total                     |          |      0|  0|  796|         360|         368|
    +--------------------------+----------+-------+---+-----+------------+------------+

    * Multiplexer: 
    +------------------------+----+-----------+-----+-----------+
    |          Name          | LUT| Input Size| Bits| Total Bits|
    +------------------------+----+-----------+-----+-----------+
    |ap_NS_fsm               |  93|         19|    1|         19|
    |ap_done                 |   9|          2|    1|          2|
    |bestClasses_address0    |  21|          4|    2|          8|
    |bestClasses_address1    |  15|          3|    2|          6|
    |bestDistances_address0  |  15|          3|    2|          6|
    |bestDistances_address1  |  15|          3|    2|          6|
    |grp_fu_279_p0           |  15|          3|   32|         96|
    |grp_fu_288_opcode       |  15|          3|    5|         15|
    |grp_fu_288_p0           |  21|          4|   32|        128|
    |grp_fu_288_p1           |  21|          4|   32|        128|
    |grp_fu_292_p0           |  15|          3|    8|         24|
    |i_0_reg_267             |   9|          2|    2|          4|
    +------------------------+----+-----------+-----+-----------+
    |Total                   | 264|         53|  121|        442|
    +------------------------+----+-----------+-----+-----------+

    * Register: 
    +-----------------------+----+----+-----+-----------+
    |          Name         | FF | LUT| Bits| Const Bits|
    +-----------------------+----+----+-----+-----------+
    |and_ln252_1_reg_1011   |   1|   0|    1|          0|
    |ap_CS_fsm              |  18|   0|   18|          0|
    |ap_done_reg            |   1|   0|    1|          0|
    |c1_reg_943             |   8|   0|    8|          0|
    |c2_reg_953             |   8|   0|    8|          0|
    |d2_2_reg_1016          |  32|   0|   32|          0|
    |d2_reg_1004            |  32|   0|   32|          0|
    |i_0_reg_267            |   2|   0|    2|          0|
    |i_reg_893              |   2|   0|    2|          0|
    |icmp_ln255_1_reg_1027  |   1|   0|    1|          0|
    |icmp_ln255_2_reg_1032  |   1|   0|    1|          0|
    |icmp_ln255_3_reg_1037  |   1|   0|    1|          0|
    |icmp_ln255_reg_1022    |   1|   0|    1|          0|
    |icmp_ln258_reg_983     |   1|   0|    1|          0|
    |icmp_ln260_reg_988     |   1|   0|    1|          0|
    |icmp_ln262_reg_968     |   1|   0|    1|          0|
    |p_Result_s_reg_932     |   1|   0|    1|          0|
    |p_Val2_5_reg_937       |  32|   0|   32|          0|
    |reg_298                |  32|   0|   32|          0|
    |select_ln237_reg_927   |  32|   0|   32|          0|
    |select_ln238_reg_912   |   8|   0|    8|          0|
    |select_ln262_reg_1042  |   2|   0|    2|          0|
    |tmp_24_reg_898         |  32|   0|   32|          0|
    |tmp_25_reg_905         |  32|   0|   32|          0|
    +-----------------------+----+----+-----+-----------+
    |Total                  | 282|   0|  282|          0|
    +-----------------------+----+----+-----+-----------+



================================================================
== Interface
================================================================
* Summary: 
+--------------+-----+-----+------------+--------------+--------------+
|   RTL Ports  | Dir | Bits|  Protocol  | Source Object|    C Type    |
+--------------+-----+-----+------------+--------------+--------------+
|ap_clk        |  in |    1| ap_ctrl_hs |   epilogue   | return value |
|ap_rst        |  in |    1| ap_ctrl_hs |   epilogue   | return value |
|ap_start      |  in |    1| ap_ctrl_hs |   epilogue   | return value |
|ap_done       | out |    1| ap_ctrl_hs |   epilogue   | return value |
|ap_continue   |  in |    1| ap_ctrl_hs |   epilogue   | return value |
|ap_idle       | out |    1| ap_ctrl_hs |   epilogue   | return value |
|ap_ready      | out |    1| ap_ctrl_hs |   epilogue   | return value |
|BPD0_0_read   |  in |   32|   ap_none  |  BPD0_0_read |    scalar    |
|BPD0_1_read   |  in |   32|   ap_none  |  BPD0_1_read |    scalar    |
|BPD0_2_read   |  in |   32|   ap_none  |  BPD0_2_read |    scalar    |
|BPC0_0_read   |  in |    8|   ap_none  |  BPC0_0_read |    scalar    |
|BPC0_1_read   |  in |    8|   ap_none  |  BPC0_1_read |    scalar    |
|BPC0_2_read   |  in |    8|   ap_none  |  BPC0_2_read |    scalar    |
|BPD1_0_read   |  in |   32|   ap_none  |  BPD1_0_read |    scalar    |
|BPD1_1_read   |  in |   32|   ap_none  |  BPD1_1_read |    scalar    |
|BPD1_2_read   |  in |   32|   ap_none  |  BPD1_2_read |    scalar    |
|BPC1_0_read   |  in |    8|   ap_none  |  BPC1_0_read |    scalar    |
|BPC1_1_read   |  in |    8|   ap_none  |  BPC1_1_read |    scalar    |
|BPC1_2_read   |  in |    8|   ap_none  |  BPC1_2_read |    scalar    |
|out_r         | out |    8|   ap_vld   |     out_r    |    pointer   |
|out_r_ap_vld  | out |    1|   ap_vld   |     out_r    |    pointer   |
+--------------+-----+-----+------------+--------------+--------------+

