

================================================================
== Vivado HLS Report for 'parallel_023'
================================================================
* Date:           Mon Sep 21 12:14:12 2020

* Version:        2019.2 (Build 2704478 on Wed Nov 06 22:10:23 MST 2019)
* Project:        knn
* Solution:       solution1
* Product family: zynq
* Target device:  xc7z020-clg484-1


================================================================
== Performance Estimates
================================================================
+ Timing: 
    * Summary: 
    +--------+----------+----------+------------+
    |  Clock |  Target  | Estimated| Uncertainty|
    +--------+----------+----------+------------+
    |ap_clk  | 10.00 ns | 7.256 ns |   1.25 ns  |
    +--------+----------+----------+------------+

+ Latency: 
    * Summary: 
    +---------+---------+-----------+-----------+------+------+---------+
    |  Latency (cycles) |   Latency (absolute)  |   Interval  | Pipeline|
    |   min   |   max   |    min    |    max    |  min |  max |   Type  |
    +---------+---------+-----------+-----------+------+------+---------+
    |     1670|     1670| 16.700 us | 16.700 us |  1670|  1670|   none  |
    +---------+---------+-----------+-----------+------+------+---------+

    + Detail: 
        * Instance: 
        N/A

        * Loop: 
        +----------+---------+---------+----------+-----------+-----------+------+----------+
        |          |  Latency (cycles) | Iteration|  Initiation Interval  | Trip |          |
        | Loop Name|   min   |   max   |  Latency |  achieved |   target  | Count| Pipelined|
        +----------+---------+---------+----------+-----------+-----------+------+----------+
        |- Loop 1  |     1668|     1668|       172|          3|          3|   500|    yes   |
        +----------+---------+---------+----------+-----------+-----------+------+----------+



================================================================
== Utilization Estimates
================================================================
* Summary: 
+-----------------+---------+-------+--------+-------+-----+
|       Name      | BRAM_18K| DSP48E|   FF   |  LUT  | URAM|
+-----------------+---------+-------+--------+-------+-----+
|DSP              |        -|      -|       -|      -|    -|
|Expression       |        -|      -|       0|     42|    -|
|FIFO             |        -|      -|       -|      -|    -|
|Instance         |        -|     77|    6083|  12111|    -|
|Memory           |        -|      -|       -|      -|    -|
|Multiplexer      |        -|      -|       -|   1857|    -|
|Register         |        0|      -|    7123|   1328|    -|
+-----------------+---------+-------+--------+-------+-----+
|Total            |        0|     77|   13206|  15338|    0|
+-----------------+---------+-------+--------+-------+-----+
|Available        |      280|    220|  106400|  53200|    0|
+-----------------+---------+-------+--------+-------+-----+
|Utilization (%)  |        0|     35|      12|     28|    0|
+-----------------+---------+-------+--------+-------+-----+

+ Detail: 
    * Instance: 
    +---------------------------+----------------------+---------+-------+-----+-----+-----+
    |          Instance         |        Module        | BRAM_18K| DSP48E|  FF | LUT | URAM|
    +---------------------------+----------------------+---------+-------+-----+-----+-----+
    |knnFloatNoSqrt100bkb_U97   |knnFloatNoSqrt100bkb  |        0|      2|  205|  390|    0|
    |knnFloatNoSqrt100bkb_U98   |knnFloatNoSqrt100bkb  |        0|      2|  205|  390|    0|
    |knnFloatNoSqrt100bkb_U99   |knnFloatNoSqrt100bkb  |        0|      2|  205|  390|    0|
    |knnFloatNoSqrt100bkb_U100  |knnFloatNoSqrt100bkb  |        0|      2|  205|  390|    0|
    |knnFloatNoSqrt100bkb_U101  |knnFloatNoSqrt100bkb  |        0|      2|  205|  390|    0|
    |knnFloatNoSqrt100bkb_U102  |knnFloatNoSqrt100bkb  |        0|      2|  205|  390|    0|
    |knnFloatNoSqrt100bkb_U103  |knnFloatNoSqrt100bkb  |        0|      2|  205|  390|    0|
    |knnFloatNoSqrt100cud_U104  |knnFloatNoSqrt100cud  |        0|      2|  205|  390|    0|
    |knnFloatNoSqrt100cud_U105  |knnFloatNoSqrt100cud  |        0|      2|  205|  390|    0|
    |knnFloatNoSqrt100cud_U106  |knnFloatNoSqrt100cud  |        0|      2|  205|  390|    0|
    |knnFloatNoSqrt100cud_U107  |knnFloatNoSqrt100cud  |        0|      2|  205|  390|    0|
    |knnFloatNoSqrt100cud_U108  |knnFloatNoSqrt100cud  |        0|      2|  205|  390|    0|
    |knnFloatNoSqrt100cud_U109  |knnFloatNoSqrt100cud  |        0|      2|  205|  390|    0|
    |knnFloatNoSqrt100cud_U110  |knnFloatNoSqrt100cud  |        0|      2|  205|  390|    0|
    |knnFloatNoSqrt100cud_U111  |knnFloatNoSqrt100cud  |        0|      2|  205|  390|    0|
    |knnFloatNoSqrt100cud_U112  |knnFloatNoSqrt100cud  |        0|      2|  205|  390|    0|
    |knnFloatNoSqrt100cud_U113  |knnFloatNoSqrt100cud  |        0|      2|  205|  390|    0|
    |knnFloatNoSqrt100dEe_U114  |knnFloatNoSqrt100dEe  |        0|      2|  205|  390|    0|
    |knnFloatNoSqrt100dEe_U115  |knnFloatNoSqrt100dEe  |        0|      2|  205|  390|    0|
    |knnFloatNoSqrt100dEe_U116  |knnFloatNoSqrt100dEe  |        0|      2|  205|  390|    0|
    |knnFloatNoSqrt100dEe_U117  |knnFloatNoSqrt100dEe  |        0|      2|  205|  390|    0|
    |knnFloatNoSqrt100dEe_U118  |knnFloatNoSqrt100dEe  |        0|      2|  205|  390|    0|
    |knnFloatNoSqrt100eOg_U119  |knnFloatNoSqrt100eOg  |        0|      3|  143|  321|    0|
    |knnFloatNoSqrt100eOg_U120  |knnFloatNoSqrt100eOg  |        0|      3|  143|  321|    0|
    |knnFloatNoSqrt100eOg_U121  |knnFloatNoSqrt100eOg  |        0|      3|  143|  321|    0|
    |knnFloatNoSqrt100eOg_U122  |knnFloatNoSqrt100eOg  |        0|      3|  143|  321|    0|
    |knnFloatNoSqrt100eOg_U123  |knnFloatNoSqrt100eOg  |        0|      3|  143|  321|    0|
    |knnFloatNoSqrt100eOg_U124  |knnFloatNoSqrt100eOg  |        0|      3|  143|  321|    0|
    |knnFloatNoSqrt100eOg_U125  |knnFloatNoSqrt100eOg  |        0|      3|  143|  321|    0|
    |knnFloatNoSqrt100eOg_U126  |knnFloatNoSqrt100eOg  |        0|      3|  143|  321|    0|
    |knnFloatNoSqrt100eOg_U127  |knnFloatNoSqrt100eOg  |        0|      3|  143|  321|    0|
    |knnFloatNoSqrt100eOg_U128  |knnFloatNoSqrt100eOg  |        0|      3|  143|  321|    0|
    |knnFloatNoSqrt100eOg_U129  |knnFloatNoSqrt100eOg  |        0|      3|  143|  321|    0|
    +---------------------------+----------------------+---------+-------+-----+-----+-----+
    |Total                      |                      |        0|     77| 6083|12111|    0|
    +---------------------------+----------------------+---------+-------+-----+-----+-----+

    * DSP48E: 
    N/A

    * Memory: 
    N/A

    * FIFO: 
    N/A

    * Expression: 
    +----------------------+----------+-------+---+----+------------+------------+
    |     Variable Name    | Operation| DSP48E| FF| LUT| Bitwidth P0| Bitwidth P1|
    +----------------------+----------+-------+---+----+------------+------------+
    |i_fu_1226_p2          |     +    |      0|  0|  15|           9|           1|
    |icmp_ln78_fu_1220_p2  |   icmp   |      0|  0|  13|           9|           5|
    |ap_block_state1       |    or    |      0|  0|   2|           1|           1|
    |or_ln98_fu_1260_p2    |    or    |      0|  0|  10|          10|           1|
    |ap_enable_pp0         |    xor   |      0|  0|   2|           1|           2|
    +----------------------+----------+-------+---+----+------------+------------+
    |Total                 |          |      0|  0|  42|          30|          10|
    +----------------------+----------+-------+---+----+------------+------------+

    * Multiplexer: 
    +---------------------------------+----+-----------+-----+-----------+
    |               Name              | LUT| Input Size| Bits| Total Bits|
    +---------------------------------+----+-----------+-----+-----------+
    |ap_NS_fsm                        |  33|          6|    1|          6|
    |ap_done                          |   9|          2|    1|          2|
    |ap_enable_reg_pp0_iter57         |   9|          2|    1|          2|
    |ap_phi_mux_i_0_i_phi_fu_1079_p4  |   9|          2|    9|         18|
    |grp_fu_1087_p0                   |  21|          4|   32|        128|
    |grp_fu_1087_p1                   |  21|          4|   32|        128|
    |grp_fu_1091_p0                   |  21|          4|   32|        128|
    |grp_fu_1091_p1                   |  21|          4|   32|        128|
    |grp_fu_1095_p0                   |  21|          4|   32|        128|
    |grp_fu_1095_p1                   |  21|          4|   32|        128|
    |grp_fu_1099_p0                   |  21|          4|   32|        128|
    |grp_fu_1099_p1                   |  21|          4|   32|        128|
    |grp_fu_1103_p0                   |  21|          4|   32|        128|
    |grp_fu_1103_p1                   |  21|          4|   32|        128|
    |grp_fu_1107_p0                   |  21|          4|   32|        128|
    |grp_fu_1107_p1                   |  21|          4|   32|        128|
    |grp_fu_1111_p0                   |  21|          4|   32|        128|
    |grp_fu_1111_p1                   |  21|          4|   32|        128|
    |grp_fu_1115_opcode               |  15|          3|    2|          6|
    |grp_fu_1115_p0                   |  21|          4|   32|        128|
    |grp_fu_1115_p1                   |  21|          4|   32|        128|
    |grp_fu_1119_opcode               |  15|          3|    2|          6|
    |grp_fu_1119_p0                   |  21|          4|   32|        128|
    |grp_fu_1119_p1                   |  21|          4|   32|        128|
    |grp_fu_1123_opcode               |  15|          3|    2|          6|
    |grp_fu_1123_p0                   |  21|          4|   32|        128|
    |grp_fu_1123_p1                   |  21|          4|   32|        128|
    |grp_fu_1127_opcode               |  15|          3|    2|          6|
    |grp_fu_1127_p0                   |  21|          4|   32|        128|
    |grp_fu_1127_p1                   |  21|          4|   32|        128|
    |grp_fu_1131_opcode               |  15|          3|    2|          6|
    |grp_fu_1131_p0                   |  21|          4|   32|        128|
    |grp_fu_1131_p1                   |  21|          4|   32|        128|
    |grp_fu_1135_opcode               |  15|          3|    2|          6|
    |grp_fu_1135_p0                   |  21|          4|   32|        128|
    |grp_fu_1135_p1                   |  21|          4|   32|        128|
    |grp_fu_1139_opcode               |  15|          3|    2|          6|
    |grp_fu_1139_p0                   |  21|          4|   32|        128|
    |grp_fu_1139_p1                   |  21|          4|   32|        128|
    |grp_fu_1143_opcode               |  15|          3|    2|          6|
    |grp_fu_1143_p0                   |  21|          4|   32|        128|
    |grp_fu_1143_p1                   |  21|          4|   32|        128|
    |grp_fu_1147_opcode               |  15|          3|    2|          6|
    |grp_fu_1147_p0                   |  21|          4|   32|        128|
    |grp_fu_1147_p1                   |  21|          4|   32|        128|
    |grp_fu_1151_opcode               |  15|          3|    2|          6|
    |grp_fu_1151_p0                   |  21|          4|   32|        128|
    |grp_fu_1151_p1                   |  21|          4|   32|        128|
    |grp_fu_1155_p0                   |  21|          4|   32|        128|
    |grp_fu_1155_p1                   |  21|          4|   32|        128|
    |grp_fu_1160_p0                   |  21|          4|   32|        128|
    |grp_fu_1160_p1                   |  21|          4|   32|        128|
    |grp_fu_1164_p0                   |  21|          4|   32|        128|
    |grp_fu_1164_p1                   |  21|          4|   32|        128|
    |grp_fu_1168_p0                   |  15|          3|   32|         96|
    |grp_fu_1168_p1                   |  15|          3|   32|         96|
    |grp_fu_1172_p0                   |  15|          3|   32|         96|
    |grp_fu_1172_p1                   |  15|          3|   32|         96|
    |grp_fu_1176_p0                   |  21|          4|   32|        128|
    |grp_fu_1176_p1                   |  21|          4|   32|        128|
    |grp_fu_1180_p0                   |  21|          4|   32|        128|
    |grp_fu_1180_p1                   |  21|          4|   32|        128|
    |grp_fu_1184_p0                   |  21|          4|   32|        128|
    |grp_fu_1184_p1                   |  21|          4|   32|        128|
    |grp_fu_1188_p0                   |  21|          4|   32|        128|
    |grp_fu_1188_p1                   |  21|          4|   32|        128|
    |grp_fu_1192_p0                   |  21|          4|   32|        128|
    |grp_fu_1192_p1                   |  21|          4|   32|        128|
    |grp_fu_1196_p0                   |  21|          4|   32|        128|
    |grp_fu_1196_p1                   |  21|          4|   32|        128|
    |grp_fu_1200_p0                   |  21|          4|   32|        128|
    |grp_fu_1200_p1                   |  21|          4|   32|        128|
    |grp_fu_1204_p0                   |  21|          4|   32|        128|
    |grp_fu_1204_p1                   |  21|          4|   32|        128|
    |grp_fu_1208_p0                   |  21|          4|   32|        128|
    |grp_fu_1208_p1                   |  21|          4|   32|        128|
    |grp_fu_1212_p0                   |  21|          4|   32|        128|
    |grp_fu_1212_p1                   |  21|          4|   32|        128|
    |grp_fu_1216_p0                   |  15|          3|   32|         96|
    |grp_fu_1216_p1                   |  15|          3|   32|         96|
    |i_0_i_reg_1075                   |   9|          2|    9|         18|
    |xFeatures16_blk_n                |   9|          2|    1|          2|
    |xFeatures17_blk_n                |   9|          2|    1|          2|
    |xFeatures18_blk_n                |   9|          2|    1|          2|
    |xFeatures19_blk_n                |   9|          2|    1|          2|
    |xFeatures20_blk_n                |   9|          2|    1|          2|
    |xFeatures21_blk_n                |   9|          2|    1|          2|
    |xFeatures22_blk_n                |   9|          2|    1|          2|
    |xFeatures23_blk_n                |   9|          2|    1|          2|
    |xFeatures24_blk_n                |   9|          2|    1|          2|
    |xFeatures25_blk_n                |   9|          2|    1|          2|
    |xFeatures26_blk_n                |   9|          2|    1|          2|
    |xFeatures27_blk_n                |   9|          2|    1|          2|
    |xFeatures28_blk_n                |   9|          2|    1|          2|
    |xFeatures29_blk_n                |   9|          2|    1|          2|
    |xFeatures30_blk_n                |   9|          2|    1|          2|
    |xFeatures31_blk_n                |   9|          2|    1|          2|
    |xFeatures32_blk_n                |   9|          2|    1|          2|
    |xFeatures33_blk_n                |   9|          2|    1|          2|
    |xFeatures34_blk_n                |   9|          2|    1|          2|
    |xFeatures35_blk_n                |   9|          2|    1|          2|
    |xFeatures36_blk_n                |   9|          2|    1|          2|
    |xFeatures37_blk_n                |   9|          2|    1|          2|
    |xFeatures38_blk_n                |   9|          2|    1|          2|
    |xFeatures39_blk_n                |   9|          2|    1|          2|
    |xFeatures40_blk_n                |   9|          2|    1|          2|
    |xFeatures41_blk_n                |   9|          2|    1|          2|
    |xFeatures42_blk_n                |   9|          2|    1|          2|
    |xFeatures43_blk_n                |   9|          2|    1|          2|
    |xFeatures44_blk_n                |   9|          2|    1|          2|
    |xFeatures45_blk_n                |   9|          2|    1|          2|
    |xFeatures46_blk_n                |   9|          2|    1|          2|
    |xFeatures_blk_n                  |   9|          2|    1|          2|
    +---------------------------------+----+-----------+-----+-----------+
    |Total                            |1857|        366| 2185|       8426|
    +---------------------------------+----+-----------+-----+-----------+

    * Register: 
    +---------------------------------+----+----+-----+-----------+
    |               Name              | FF | LUT| Bits| Const Bits|
    +---------------------------------+----+----+-----+-----------+
    |ap_CS_fsm                        |   5|   0|    5|          0|
    |ap_done_reg                      |   1|   0|    1|          0|
    |ap_enable_reg_pp0_iter0          |   1|   0|    1|          0|
    |ap_enable_reg_pp0_iter1          |   1|   0|    1|          0|
    |ap_enable_reg_pp0_iter10         |   1|   0|    1|          0|
    |ap_enable_reg_pp0_iter11         |   1|   0|    1|          0|
    |ap_enable_reg_pp0_iter12         |   1|   0|    1|          0|
    |ap_enable_reg_pp0_iter13         |   1|   0|    1|          0|
    |ap_enable_reg_pp0_iter14         |   1|   0|    1|          0|
    |ap_enable_reg_pp0_iter15         |   1|   0|    1|          0|
    |ap_enable_reg_pp0_iter16         |   1|   0|    1|          0|
    |ap_enable_reg_pp0_iter17         |   1|   0|    1|          0|
    |ap_enable_reg_pp0_iter18         |   1|   0|    1|          0|
    |ap_enable_reg_pp0_iter19         |   1|   0|    1|          0|
    |ap_enable_reg_pp0_iter2          |   1|   0|    1|          0|
    |ap_enable_reg_pp0_iter20         |   1|   0|    1|          0|
    |ap_enable_reg_pp0_iter21         |   1|   0|    1|          0|
    |ap_enable_reg_pp0_iter22         |   1|   0|    1|          0|
    |ap_enable_reg_pp0_iter23         |   1|   0|    1|          0|
    |ap_enable_reg_pp0_iter24         |   1|   0|    1|          0|
    |ap_enable_reg_pp0_iter25         |   1|   0|    1|          0|
    |ap_enable_reg_pp0_iter26         |   1|   0|    1|          0|
    |ap_enable_reg_pp0_iter27         |   1|   0|    1|          0|
    |ap_enable_reg_pp0_iter28         |   1|   0|    1|          0|
    |ap_enable_reg_pp0_iter29         |   1|   0|    1|          0|
    |ap_enable_reg_pp0_iter3          |   1|   0|    1|          0|
    |ap_enable_reg_pp0_iter30         |   1|   0|    1|          0|
    |ap_enable_reg_pp0_iter31         |   1|   0|    1|          0|
    |ap_enable_reg_pp0_iter32         |   1|   0|    1|          0|
    |ap_enable_reg_pp0_iter33         |   1|   0|    1|          0|
    |ap_enable_reg_pp0_iter34         |   1|   0|    1|          0|
    |ap_enable_reg_pp0_iter35         |   1|   0|    1|          0|
    |ap_enable_reg_pp0_iter36         |   1|   0|    1|          0|
    |ap_enable_reg_pp0_iter37         |   1|   0|    1|          0|
    |ap_enable_reg_pp0_iter38         |   1|   0|    1|          0|
    |ap_enable_reg_pp0_iter39         |   1|   0|    1|          0|
    |ap_enable_reg_pp0_iter4          |   1|   0|    1|          0|
    |ap_enable_reg_pp0_iter40         |   1|   0|    1|          0|
    |ap_enable_reg_pp0_iter41         |   1|   0|    1|          0|
    |ap_enable_reg_pp0_iter42         |   1|   0|    1|          0|
    |ap_enable_reg_pp0_iter43         |   1|   0|    1|          0|
    |ap_enable_reg_pp0_iter44         |   1|   0|    1|          0|
    |ap_enable_reg_pp0_iter45         |   1|   0|    1|          0|
    |ap_enable_reg_pp0_iter46         |   1|   0|    1|          0|
    |ap_enable_reg_pp0_iter47         |   1|   0|    1|          0|
    |ap_enable_reg_pp0_iter48         |   1|   0|    1|          0|
    |ap_enable_reg_pp0_iter49         |   1|   0|    1|          0|
    |ap_enable_reg_pp0_iter5          |   1|   0|    1|          0|
    |ap_enable_reg_pp0_iter50         |   1|   0|    1|          0|
    |ap_enable_reg_pp0_iter51         |   1|   0|    1|          0|
    |ap_enable_reg_pp0_iter52         |   1|   0|    1|          0|
    |ap_enable_reg_pp0_iter53         |   1|   0|    1|          0|
    |ap_enable_reg_pp0_iter54         |   1|   0|    1|          0|
    |ap_enable_reg_pp0_iter55         |   1|   0|    1|          0|
    |ap_enable_reg_pp0_iter56         |   1|   0|    1|          0|
    |ap_enable_reg_pp0_iter57         |   1|   0|    1|          0|
    |ap_enable_reg_pp0_iter6          |   1|   0|    1|          0|
    |ap_enable_reg_pp0_iter7          |   1|   0|    1|          0|
    |ap_enable_reg_pp0_iter8          |   1|   0|    1|          0|
    |ap_enable_reg_pp0_iter9          |   1|   0|    1|          0|
    |distance_w10_reg_2261            |  32|   0|   32|          0|
    |distance_w11_reg_2256            |  32|   0|   32|          0|
    |distance_w12_reg_2221            |  32|   0|   32|          0|
    |distance_w13_reg_2216            |  32|   0|   32|          0|
    |distance_w14_reg_2211            |  32|   0|   32|          0|
    |distance_w15_reg_2196            |  32|   0|   32|          0|
    |distance_w16_reg_2191            |  32|   0|   32|          0|
    |distance_w17_reg_2251            |  32|   0|   32|          0|
    |distance_w18_reg_2186            |  32|   0|   32|          0|
    |distance_w19_reg_2181            |  32|   0|   32|          0|
    |distance_w1_reg_2271             |  32|   0|   32|          0|
    |distance_w20_reg_2236            |  32|   0|   32|          0|
    |distance_w21_reg_2176            |  32|   0|   32|          0|
    |distance_w22_reg_2171            |  32|   0|   32|          0|
    |distance_w23_reg_2161            |  32|   0|   32|          0|
    |distance_w24_reg_2151            |  32|   0|   32|          0|
    |distance_w25_reg_2286            |  32|   0|   32|          0|
    |distance_w26_reg_2136            |  32|   0|   32|          0|
    |distance_w27_reg_2206            |  32|   0|   32|          0|
    |distance_w28_reg_2201            |  32|   0|   32|          0|
    |distance_w29_reg_2166            |  32|   0|   32|          0|
    |distance_w2_reg_2266             |  32|   0|   32|          0|
    |distance_w30_reg_2281            |  32|   0|   32|          0|
    |distance_w31_reg_2146            |  32|   0|   32|          0|
    |distance_w3_reg_2156             |  32|   0|   32|          0|
    |distance_w4_reg_2141             |  32|   0|   32|          0|
    |distance_w5_reg_2276             |  32|   0|   32|          0|
    |distance_w6_reg_2246             |  32|   0|   32|          0|
    |distance_w7_reg_2241             |  32|   0|   32|          0|
    |distance_w8_reg_2231             |  32|   0|   32|          0|
    |distance_w9_reg_2226             |  32|   0|   32|          0|
    |i_0_i_reg_1075                   |   9|   0|    9|          0|
    |i_reg_1459                       |   9|   0|    9|          0|
    |icmp_ln78_reg_1455               |   1|   0|    1|          0|
    |knownFeatures10_load_1_reg_1754  |  32|   0|   32|          0|
    |knownFeatures10_load_reg_1674    |  32|   0|   32|          0|
    |knownFeatures11_load_1_reg_1759  |  32|   0|   32|          0|
    |knownFeatures11_load_reg_1679    |  32|   0|   32|          0|
    |knownFeatures12_load_1_reg_1764  |  32|   0|   32|          0|
    |knownFeatures12_load_reg_1684    |  32|   0|   32|          0|
    |knownFeatures13_load_1_reg_1769  |  32|   0|   32|          0|
    |knownFeatures13_load_reg_1689    |  32|   0|   32|          0|
    |knownFeatures14_load_1_reg_1774  |  32|   0|   32|          0|
    |knownFeatures14_load_reg_1694    |  32|   0|   32|          0|
    |knownFeatures15_load_1_reg_1779  |  32|   0|   32|          0|
    |knownFeatures15_load_reg_1699    |  32|   0|   32|          0|
    |knownFeatures1_load_1_reg_1709   |  32|   0|   32|          0|
    |knownFeatures1_load_reg_1629     |  32|   0|   32|          0|
    |knownFeatures2_load_1_reg_1714   |  32|   0|   32|          0|
    |knownFeatures2_load_reg_1634     |  32|   0|   32|          0|
    |knownFeatures3_load_1_reg_1719   |  32|   0|   32|          0|
    |knownFeatures3_load_reg_1639     |  32|   0|   32|          0|
    |knownFeatures4_load_1_reg_1724   |  32|   0|   32|          0|
    |knownFeatures4_load_reg_1644     |  32|   0|   32|          0|
    |knownFeatures5_load_1_reg_1729   |  32|   0|   32|          0|
    |knownFeatures5_load_reg_1649     |  32|   0|   32|          0|
    |knownFeatures6_load_1_reg_1734   |  32|   0|   32|          0|
    |knownFeatures6_load_reg_1654     |  32|   0|   32|          0|
    |knownFeatures7_load_1_reg_1739   |  32|   0|   32|          0|
    |knownFeatures7_load_reg_1659     |  32|   0|   32|          0|
    |knownFeatures8_load_1_reg_1744   |  32|   0|   32|          0|
    |knownFeatures8_load_reg_1664     |  32|   0|   32|          0|
    |knownFeatures9_load_1_reg_1749   |  32|   0|   32|          0|
    |knownFeatures9_load_reg_1669     |  32|   0|   32|          0|
    |knownFeatures_load_1_reg_1704    |  32|   0|   32|          0|
    |knownFeatures_load_reg_1624      |  32|   0|   32|          0|
    |temp_l77_i10_w1_reg_1838         |  32|   0|   32|          0|
    |temp_l77_i11_w1_reg_1844         |  32|   0|   32|          0|
    |temp_l77_i12_w1_reg_1850         |  32|   0|   32|          0|
    |temp_l77_i13_w1_reg_1856         |  32|   0|   32|          0|
    |temp_l77_i14_w1_reg_1862         |  32|   0|   32|          0|
    |temp_l77_i15_w1_reg_1868         |  32|   0|   32|          0|
    |temp_l77_i16_w1_reg_1874         |  32|   0|   32|          0|
    |temp_l77_i17_w1_reg_1880         |  32|   0|   32|          0|
    |temp_l77_i18_w1_reg_1886         |  32|   0|   32|          0|
    |temp_l77_i19_w1_reg_1892         |  32|   0|   32|          0|
    |temp_l77_i1_w1_reg_1784          |  32|   0|   32|          0|
    |temp_l77_i20_w1_reg_1898         |  32|   0|   32|          0|
    |temp_l77_i21_w1_reg_1904         |  32|   0|   32|          0|
    |temp_l77_i22_w1_reg_1910         |  32|   0|   32|          0|
    |temp_l77_i23_w1_reg_1916         |  32|   0|   32|          0|
    |temp_l77_i24_w1_reg_1922         |  32|   0|   32|          0|
    |temp_l77_i25_w1_reg_1928         |  32|   0|   32|          0|
    |temp_l77_i26_w1_reg_1934         |  32|   0|   32|          0|
    |temp_l77_i27_w1_reg_1940         |  32|   0|   32|          0|
    |temp_l77_i28_w1_reg_1946         |  32|   0|   32|          0|
    |temp_l77_i29_w1_reg_1952         |  32|   0|   32|          0|
    |temp_l77_i2_w1_reg_1790          |  32|   0|   32|          0|
    |temp_l77_i30_w1_reg_1958         |  32|   0|   32|          0|
    |temp_l77_i31_w1_reg_1964         |  32|   0|   32|          0|
    |temp_l77_i32_w1_reg_1970         |  32|   0|   32|          0|
    |temp_l77_i3_w1_reg_1796          |  32|   0|   32|          0|
    |temp_l77_i4_w1_reg_1802          |  32|   0|   32|          0|
    |temp_l77_i5_w1_reg_1808          |  32|   0|   32|          0|
    |temp_l77_i6_w1_reg_1814          |  32|   0|   32|          0|
    |temp_l77_i7_w1_reg_1820          |  32|   0|   32|          0|
    |temp_l77_i8_w1_reg_1826          |  32|   0|   32|          0|
    |temp_l77_i9_w1_reg_1832          |  32|   0|   32|          0|
    |tmp_10_i_reg_2011                |  32|   0|   32|          0|
    |tmp_11_i_reg_2016                |  32|   0|   32|          0|
    |tmp_12_i_reg_2021                |  32|   0|   32|          0|
    |tmp_13_i_reg_2026                |  32|   0|   32|          0|
    |tmp_14_i_reg_2031                |  32|   0|   32|          0|
    |tmp_15_i_reg_2036                |  32|   0|   32|          0|
    |tmp_16_i_reg_2041                |  32|   0|   32|          0|
    |tmp_17_i_reg_2046                |  32|   0|   32|          0|
    |tmp_18_i_reg_2051                |  32|   0|   32|          0|
    |tmp_19_i_reg_2056                |  32|   0|   32|          0|
    |tmp_1_i_reg_2086                 |  32|   0|   32|          0|
    |tmp_20_i_reg_2061                |  32|   0|   32|          0|
    |tmp_21_i_reg_2066                |  32|   0|   32|          0|
    |tmp_22_i_reg_2071                |  32|   0|   32|          0|
    |tmp_23_i_reg_2076                |  32|   0|   32|          0|
    |tmp_24_i_reg_2081                |  32|   0|   32|          0|
    |tmp_25_i_reg_2106                |  32|   0|   32|          0|
    |tmp_26_i_reg_2111                |  32|   0|   32|          0|
    |tmp_27_i_reg_2116                |  32|   0|   32|          0|
    |tmp_28_i_reg_2121                |  32|   0|   32|          0|
    |tmp_29_i_reg_2126                |  32|   0|   32|          0|
    |tmp_2_i_reg_2091                 |  32|   0|   32|          0|
    |tmp_30_i_reg_2131                |  32|   0|   32|          0|
    |tmp_31_i_reg_2291                |  32|   0|   32|          0|
    |tmp_3_i_reg_2096                 |  32|   0|   32|          0|
    |tmp_4_i_reg_2101                 |  32|   0|   32|          0|
    |tmp_5_i_reg_1981                 |  32|   0|   32|          0|
    |tmp_6_i_reg_1986                 |  32|   0|   32|          0|
    |tmp_7_i_reg_1991                 |  32|   0|   32|          0|
    |tmp_8_i_reg_1996                 |  32|   0|   32|          0|
    |tmp_9_i_reg_2001                 |  32|   0|   32|          0|
    |tmp_i_40_reg_2006                |  32|   0|   32|          0|
    |tmp_i_reg_1976                   |  32|   0|   32|          0|
    |xFeatures16_read_reg_1300        |  32|   0|   32|          0|
    |xFeatures17_read_reg_1305        |  32|   0|   32|          0|
    |xFeatures18_read_reg_1310        |  32|   0|   32|          0|
    |xFeatures19_read_reg_1315        |  32|   0|   32|          0|
    |xFeatures20_read_reg_1320        |  32|   0|   32|          0|
    |xFeatures21_read_reg_1325        |  32|   0|   32|          0|
    |xFeatures22_read_reg_1330        |  32|   0|   32|          0|
    |xFeatures23_read_reg_1335        |  32|   0|   32|          0|
    |xFeatures24_read_reg_1340        |  32|   0|   32|          0|
    |xFeatures25_read_reg_1345        |  32|   0|   32|          0|
    |xFeatures26_read_reg_1350        |  32|   0|   32|          0|
    |xFeatures27_read_reg_1355        |  32|   0|   32|          0|
    |xFeatures28_read_reg_1360        |  32|   0|   32|          0|
    |xFeatures29_read_reg_1365        |  32|   0|   32|          0|
    |xFeatures30_read_reg_1370        |  32|   0|   32|          0|
    |xFeatures31_read_reg_1375        |  32|   0|   32|          0|
    |xFeatures32_read_reg_1380        |  32|   0|   32|          0|
    |xFeatures33_read_reg_1385        |  32|   0|   32|          0|
    |xFeatures34_read_reg_1390        |  32|   0|   32|          0|
    |xFeatures35_read_reg_1395        |  32|   0|   32|          0|
    |xFeatures36_read_reg_1400        |  32|   0|   32|          0|
    |xFeatures37_read_reg_1405        |  32|   0|   32|          0|
    |xFeatures38_read_reg_1410        |  32|   0|   32|          0|
    |xFeatures39_read_reg_1415        |  32|   0|   32|          0|
    |xFeatures40_read_reg_1420        |  32|   0|   32|          0|
    |xFeatures41_read_reg_1425        |  32|   0|   32|          0|
    |xFeatures42_read_reg_1430        |  32|   0|   32|          0|
    |xFeatures43_read_reg_1435        |  32|   0|   32|          0|
    |xFeatures44_read_reg_1440        |  32|   0|   32|          0|
    |xFeatures45_read_reg_1445        |  32|   0|   32|          0|
    |xFeatures46_read_reg_1450        |  32|   0|   32|          0|
    |xFeatures_read_reg_1295          |  32|   0|   32|          0|
    |distance_w3_reg_2156             |  64|  64|   32|          0|
    |i_0_i_reg_1075                   |  64|  64|    9|          0|
    |icmp_ln78_reg_1455               |  64|  64|    1|          0|
    |tmp_10_i_reg_2011                |  64|  32|   32|          0|
    |tmp_11_i_reg_2016                |  64|  32|   32|          0|
    |tmp_12_i_reg_2021                |  64|  32|   32|          0|
    |tmp_13_i_reg_2026                |  64|  32|   32|          0|
    |tmp_14_i_reg_2031                |  64|  32|   32|          0|
    |tmp_15_i_reg_2036                |  64|  32|   32|          0|
    |tmp_16_i_reg_2041                |  64|  32|   32|          0|
    |tmp_17_i_reg_2046                |  64|  32|   32|          0|
    |tmp_18_i_reg_2051                |  64|  32|   32|          0|
    |tmp_19_i_reg_2056                |  64|  32|   32|          0|
    |tmp_20_i_reg_2061                |  64|  32|   32|          0|
    |tmp_21_i_reg_2066                |  64|  32|   32|          0|
    |tmp_22_i_reg_2071                |  64|  48|   32|          0|
    |tmp_23_i_reg_2076                |  64|  64|   32|          0|
    |tmp_24_i_reg_2081                |  64|  64|   32|          0|
    |tmp_25_i_reg_2106                |  64|  64|   32|          0|
    |tmp_26_i_reg_2111                |  64|  64|   32|          0|
    |tmp_27_i_reg_2116                |  64|  64|   32|          0|
    |tmp_28_i_reg_2121                |  64|  64|   32|          0|
    |tmp_29_i_reg_2126                |  64|  64|   32|          0|
    |tmp_30_i_reg_2131                |  64|  64|   32|          0|
    |tmp_5_i_reg_1981                 |  64|  32|   32|          0|
    |tmp_6_i_reg_1986                 |  64|  32|   32|          0|
    |tmp_7_i_reg_1991                 |  64|  32|   32|          0|
    |tmp_8_i_reg_1996                 |  64|  32|   32|          0|
    |tmp_9_i_reg_2001                 |  64|  32|   32|          0|
    |tmp_i_40_reg_2006                |  64|  32|   32|          0|
    +---------------------------------+----+----+-----+-----------+
    |Total                            |7123|1328| 6109|          0|
    +---------------------------------+----+----+-----+-----------+



================================================================
== Interface
================================================================
* Summary: 
+--------------------------+-----+-----+------------+-----------------+--------------+
|         RTL Ports        | Dir | Bits|  Protocol  |  Source Object  |    C Type    |
+--------------------------+-----+-----+------------+-----------------+--------------+
|ap_clk                    |  in |    1| ap_ctrl_hs |   parallel_023  | return value |
|ap_rst                    |  in |    1| ap_ctrl_hs |   parallel_023  | return value |
|ap_start                  |  in |    1| ap_ctrl_hs |   parallel_023  | return value |
|ap_done                   | out |    1| ap_ctrl_hs |   parallel_023  | return value |
|ap_continue               |  in |    1| ap_ctrl_hs |   parallel_023  | return value |
|ap_idle                   | out |    1| ap_ctrl_hs |   parallel_023  | return value |
|ap_ready                  | out |    1| ap_ctrl_hs |   parallel_023  | return value |
|knownFeatures_address0    | out |   10|  ap_memory |  knownFeatures  |     array    |
|knownFeatures_ce0         | out |    1|  ap_memory |  knownFeatures  |     array    |
|knownFeatures_q0          |  in |   32|  ap_memory |  knownFeatures  |     array    |
|knownFeatures_address1    | out |   10|  ap_memory |  knownFeatures  |     array    |
|knownFeatures_ce1         | out |    1|  ap_memory |  knownFeatures  |     array    |
|knownFeatures_q1          |  in |   32|  ap_memory |  knownFeatures  |     array    |
|knownFeatures1_address0   | out |   10|  ap_memory |  knownFeatures1 |     array    |
|knownFeatures1_ce0        | out |    1|  ap_memory |  knownFeatures1 |     array    |
|knownFeatures1_q0         |  in |   32|  ap_memory |  knownFeatures1 |     array    |
|knownFeatures1_address1   | out |   10|  ap_memory |  knownFeatures1 |     array    |
|knownFeatures1_ce1        | out |    1|  ap_memory |  knownFeatures1 |     array    |
|knownFeatures1_q1         |  in |   32|  ap_memory |  knownFeatures1 |     array    |
|knownFeatures2_address0   | out |   10|  ap_memory |  knownFeatures2 |     array    |
|knownFeatures2_ce0        | out |    1|  ap_memory |  knownFeatures2 |     array    |
|knownFeatures2_q0         |  in |   32|  ap_memory |  knownFeatures2 |     array    |
|knownFeatures2_address1   | out |   10|  ap_memory |  knownFeatures2 |     array    |
|knownFeatures2_ce1        | out |    1|  ap_memory |  knownFeatures2 |     array    |
|knownFeatures2_q1         |  in |   32|  ap_memory |  knownFeatures2 |     array    |
|knownFeatures3_address0   | out |   10|  ap_memory |  knownFeatures3 |     array    |
|knownFeatures3_ce0        | out |    1|  ap_memory |  knownFeatures3 |     array    |
|knownFeatures3_q0         |  in |   32|  ap_memory |  knownFeatures3 |     array    |
|knownFeatures3_address1   | out |   10|  ap_memory |  knownFeatures3 |     array    |
|knownFeatures3_ce1        | out |    1|  ap_memory |  knownFeatures3 |     array    |
|knownFeatures3_q1         |  in |   32|  ap_memory |  knownFeatures3 |     array    |
|knownFeatures4_address0   | out |   10|  ap_memory |  knownFeatures4 |     array    |
|knownFeatures4_ce0        | out |    1|  ap_memory |  knownFeatures4 |     array    |
|knownFeatures4_q0         |  in |   32|  ap_memory |  knownFeatures4 |     array    |
|knownFeatures4_address1   | out |   10|  ap_memory |  knownFeatures4 |     array    |
|knownFeatures4_ce1        | out |    1|  ap_memory |  knownFeatures4 |     array    |
|knownFeatures4_q1         |  in |   32|  ap_memory |  knownFeatures4 |     array    |
|knownFeatures5_address0   | out |   10|  ap_memory |  knownFeatures5 |     array    |
|knownFeatures5_ce0        | out |    1|  ap_memory |  knownFeatures5 |     array    |
|knownFeatures5_q0         |  in |   32|  ap_memory |  knownFeatures5 |     array    |
|knownFeatures5_address1   | out |   10|  ap_memory |  knownFeatures5 |     array    |
|knownFeatures5_ce1        | out |    1|  ap_memory |  knownFeatures5 |     array    |
|knownFeatures5_q1         |  in |   32|  ap_memory |  knownFeatures5 |     array    |
|knownFeatures6_address0   | out |   10|  ap_memory |  knownFeatures6 |     array    |
|knownFeatures6_ce0        | out |    1|  ap_memory |  knownFeatures6 |     array    |
|knownFeatures6_q0         |  in |   32|  ap_memory |  knownFeatures6 |     array    |
|knownFeatures6_address1   | out |   10|  ap_memory |  knownFeatures6 |     array    |
|knownFeatures6_ce1        | out |    1|  ap_memory |  knownFeatures6 |     array    |
|knownFeatures6_q1         |  in |   32|  ap_memory |  knownFeatures6 |     array    |
|knownFeatures7_address0   | out |   10|  ap_memory |  knownFeatures7 |     array    |
|knownFeatures7_ce0        | out |    1|  ap_memory |  knownFeatures7 |     array    |
|knownFeatures7_q0         |  in |   32|  ap_memory |  knownFeatures7 |     array    |
|knownFeatures7_address1   | out |   10|  ap_memory |  knownFeatures7 |     array    |
|knownFeatures7_ce1        | out |    1|  ap_memory |  knownFeatures7 |     array    |
|knownFeatures7_q1         |  in |   32|  ap_memory |  knownFeatures7 |     array    |
|knownFeatures8_address0   | out |   10|  ap_memory |  knownFeatures8 |     array    |
|knownFeatures8_ce0        | out |    1|  ap_memory |  knownFeatures8 |     array    |
|knownFeatures8_q0         |  in |   32|  ap_memory |  knownFeatures8 |     array    |
|knownFeatures8_address1   | out |   10|  ap_memory |  knownFeatures8 |     array    |
|knownFeatures8_ce1        | out |    1|  ap_memory |  knownFeatures8 |     array    |
|knownFeatures8_q1         |  in |   32|  ap_memory |  knownFeatures8 |     array    |
|knownFeatures9_address0   | out |   10|  ap_memory |  knownFeatures9 |     array    |
|knownFeatures9_ce0        | out |    1|  ap_memory |  knownFeatures9 |     array    |
|knownFeatures9_q0         |  in |   32|  ap_memory |  knownFeatures9 |     array    |
|knownFeatures9_address1   | out |   10|  ap_memory |  knownFeatures9 |     array    |
|knownFeatures9_ce1        | out |    1|  ap_memory |  knownFeatures9 |     array    |
|knownFeatures9_q1         |  in |   32|  ap_memory |  knownFeatures9 |     array    |
|knownFeatures10_address0  | out |   10|  ap_memory | knownFeatures10 |     array    |
|knownFeatures10_ce0       | out |    1|  ap_memory | knownFeatures10 |     array    |
|knownFeatures10_q0        |  in |   32|  ap_memory | knownFeatures10 |     array    |
|knownFeatures10_address1  | out |   10|  ap_memory | knownFeatures10 |     array    |
|knownFeatures10_ce1       | out |    1|  ap_memory | knownFeatures10 |     array    |
|knownFeatures10_q1        |  in |   32|  ap_memory | knownFeatures10 |     array    |
|knownFeatures11_address0  | out |   10|  ap_memory | knownFeatures11 |     array    |
|knownFeatures11_ce0       | out |    1|  ap_memory | knownFeatures11 |     array    |
|knownFeatures11_q0        |  in |   32|  ap_memory | knownFeatures11 |     array    |
|knownFeatures11_address1  | out |   10|  ap_memory | knownFeatures11 |     array    |
|knownFeatures11_ce1       | out |    1|  ap_memory | knownFeatures11 |     array    |
|knownFeatures11_q1        |  in |   32|  ap_memory | knownFeatures11 |     array    |
|knownFeatures12_address0  | out |   10|  ap_memory | knownFeatures12 |     array    |
|knownFeatures12_ce0       | out |    1|  ap_memory | knownFeatures12 |     array    |
|knownFeatures12_q0        |  in |   32|  ap_memory | knownFeatures12 |     array    |
|knownFeatures12_address1  | out |   10|  ap_memory | knownFeatures12 |     array    |
|knownFeatures12_ce1       | out |    1|  ap_memory | knownFeatures12 |     array    |
|knownFeatures12_q1        |  in |   32|  ap_memory | knownFeatures12 |     array    |
|knownFeatures13_address0  | out |   10|  ap_memory | knownFeatures13 |     array    |
|knownFeatures13_ce0       | out |    1|  ap_memory | knownFeatures13 |     array    |
|knownFeatures13_q0        |  in |   32|  ap_memory | knownFeatures13 |     array    |
|knownFeatures13_address1  | out |   10|  ap_memory | knownFeatures13 |     array    |
|knownFeatures13_ce1       | out |    1|  ap_memory | knownFeatures13 |     array    |
|knownFeatures13_q1        |  in |   32|  ap_memory | knownFeatures13 |     array    |
|knownFeatures14_address0  | out |   10|  ap_memory | knownFeatures14 |     array    |
|knownFeatures14_ce0       | out |    1|  ap_memory | knownFeatures14 |     array    |
|knownFeatures14_q0        |  in |   32|  ap_memory | knownFeatures14 |     array    |
|knownFeatures14_address1  | out |   10|  ap_memory | knownFeatures14 |     array    |
|knownFeatures14_ce1       | out |    1|  ap_memory | knownFeatures14 |     array    |
|knownFeatures14_q1        |  in |   32|  ap_memory | knownFeatures14 |     array    |
|knownFeatures15_address0  | out |   10|  ap_memory | knownFeatures15 |     array    |
|knownFeatures15_ce0       | out |    1|  ap_memory | knownFeatures15 |     array    |
|knownFeatures15_q0        |  in |   32|  ap_memory | knownFeatures15 |     array    |
|knownFeatures15_address1  | out |   10|  ap_memory | knownFeatures15 |     array    |
|knownFeatures15_ce1       | out |    1|  ap_memory | knownFeatures15 |     array    |
|knownFeatures15_q1        |  in |   32|  ap_memory | knownFeatures15 |     array    |
|xFeatures_dout            |  in |   32|   ap_fifo  |    xFeatures    |    pointer   |
|xFeatures_empty_n         |  in |    1|   ap_fifo  |    xFeatures    |    pointer   |
|xFeatures_read            | out |    1|   ap_fifo  |    xFeatures    |    pointer   |
|xFeatures16_dout          |  in |   32|   ap_fifo  |   xFeatures16   |    pointer   |
|xFeatures16_empty_n       |  in |    1|   ap_fifo  |   xFeatures16   |    pointer   |
|xFeatures16_read          | out |    1|   ap_fifo  |   xFeatures16   |    pointer   |
|xFeatures17_dout          |  in |   32|   ap_fifo  |   xFeatures17   |    pointer   |
|xFeatures17_empty_n       |  in |    1|   ap_fifo  |   xFeatures17   |    pointer   |
|xFeatures17_read          | out |    1|   ap_fifo  |   xFeatures17   |    pointer   |
|xFeatures18_dout          |  in |   32|   ap_fifo  |   xFeatures18   |    pointer   |
|xFeatures18_empty_n       |  in |    1|   ap_fifo  |   xFeatures18   |    pointer   |
|xFeatures18_read          | out |    1|   ap_fifo  |   xFeatures18   |    pointer   |
|xFeatures19_dout          |  in |   32|   ap_fifo  |   xFeatures19   |    pointer   |
|xFeatures19_empty_n       |  in |    1|   ap_fifo  |   xFeatures19   |    pointer   |
|xFeatures19_read          | out |    1|   ap_fifo  |   xFeatures19   |    pointer   |
|xFeatures20_dout          |  in |   32|   ap_fifo  |   xFeatures20   |    pointer   |
|xFeatures20_empty_n       |  in |    1|   ap_fifo  |   xFeatures20   |    pointer   |
|xFeatures20_read          | out |    1|   ap_fifo  |   xFeatures20   |    pointer   |
|xFeatures21_dout          |  in |   32|   ap_fifo  |   xFeatures21   |    pointer   |
|xFeatures21_empty_n       |  in |    1|   ap_fifo  |   xFeatures21   |    pointer   |
|xFeatures21_read          | out |    1|   ap_fifo  |   xFeatures21   |    pointer   |
|xFeatures22_dout          |  in |   32|   ap_fifo  |   xFeatures22   |    pointer   |
|xFeatures22_empty_n       |  in |    1|   ap_fifo  |   xFeatures22   |    pointer   |
|xFeatures22_read          | out |    1|   ap_fifo  |   xFeatures22   |    pointer   |
|xFeatures23_dout          |  in |   32|   ap_fifo  |   xFeatures23   |    pointer   |
|xFeatures23_empty_n       |  in |    1|   ap_fifo  |   xFeatures23   |    pointer   |
|xFeatures23_read          | out |    1|   ap_fifo  |   xFeatures23   |    pointer   |
|xFeatures24_dout          |  in |   32|   ap_fifo  |   xFeatures24   |    pointer   |
|xFeatures24_empty_n       |  in |    1|   ap_fifo  |   xFeatures24   |    pointer   |
|xFeatures24_read          | out |    1|   ap_fifo  |   xFeatures24   |    pointer   |
|xFeatures25_dout          |  in |   32|   ap_fifo  |   xFeatures25   |    pointer   |
|xFeatures25_empty_n       |  in |    1|   ap_fifo  |   xFeatures25   |    pointer   |
|xFeatures25_read          | out |    1|   ap_fifo  |   xFeatures25   |    pointer   |
|xFeatures26_dout          |  in |   32|   ap_fifo  |   xFeatures26   |    pointer   |
|xFeatures26_empty_n       |  in |    1|   ap_fifo  |   xFeatures26   |    pointer   |
|xFeatures26_read          | out |    1|   ap_fifo  |   xFeatures26   |    pointer   |
|xFeatures27_dout          |  in |   32|   ap_fifo  |   xFeatures27   |    pointer   |
|xFeatures27_empty_n       |  in |    1|   ap_fifo  |   xFeatures27   |    pointer   |
|xFeatures27_read          | out |    1|   ap_fifo  |   xFeatures27   |    pointer   |
|xFeatures28_dout          |  in |   32|   ap_fifo  |   xFeatures28   |    pointer   |
|xFeatures28_empty_n       |  in |    1|   ap_fifo  |   xFeatures28   |    pointer   |
|xFeatures28_read          | out |    1|   ap_fifo  |   xFeatures28   |    pointer   |
|xFeatures29_dout          |  in |   32|   ap_fifo  |   xFeatures29   |    pointer   |
|xFeatures29_empty_n       |  in |    1|   ap_fifo  |   xFeatures29   |    pointer   |
|xFeatures29_read          | out |    1|   ap_fifo  |   xFeatures29   |    pointer   |
|xFeatures30_dout          |  in |   32|   ap_fifo  |   xFeatures30   |    pointer   |
|xFeatures30_empty_n       |  in |    1|   ap_fifo  |   xFeatures30   |    pointer   |
|xFeatures30_read          | out |    1|   ap_fifo  |   xFeatures30   |    pointer   |
|xFeatures31_dout          |  in |   32|   ap_fifo  |   xFeatures31   |    pointer   |
|xFeatures31_empty_n       |  in |    1|   ap_fifo  |   xFeatures31   |    pointer   |
|xFeatures31_read          | out |    1|   ap_fifo  |   xFeatures31   |    pointer   |
|xFeatures32_dout          |  in |   32|   ap_fifo  |   xFeatures32   |    pointer   |
|xFeatures32_empty_n       |  in |    1|   ap_fifo  |   xFeatures32   |    pointer   |
|xFeatures32_read          | out |    1|   ap_fifo  |   xFeatures32   |    pointer   |
|xFeatures33_dout          |  in |   32|   ap_fifo  |   xFeatures33   |    pointer   |
|xFeatures33_empty_n       |  in |    1|   ap_fifo  |   xFeatures33   |    pointer   |
|xFeatures33_read          | out |    1|   ap_fifo  |   xFeatures33   |    pointer   |
|xFeatures34_dout          |  in |   32|   ap_fifo  |   xFeatures34   |    pointer   |
|xFeatures34_empty_n       |  in |    1|   ap_fifo  |   xFeatures34   |    pointer   |
|xFeatures34_read          | out |    1|   ap_fifo  |   xFeatures34   |    pointer   |
|xFeatures35_dout          |  in |   32|   ap_fifo  |   xFeatures35   |    pointer   |
|xFeatures35_empty_n       |  in |    1|   ap_fifo  |   xFeatures35   |    pointer   |
|xFeatures35_read          | out |    1|   ap_fifo  |   xFeatures35   |    pointer   |
|xFeatures36_dout          |  in |   32|   ap_fifo  |   xFeatures36   |    pointer   |
|xFeatures36_empty_n       |  in |    1|   ap_fifo  |   xFeatures36   |    pointer   |
|xFeatures36_read          | out |    1|   ap_fifo  |   xFeatures36   |    pointer   |
|xFeatures37_dout          |  in |   32|   ap_fifo  |   xFeatures37   |    pointer   |
|xFeatures37_empty_n       |  in |    1|   ap_fifo  |   xFeatures37   |    pointer   |
|xFeatures37_read          | out |    1|   ap_fifo  |   xFeatures37   |    pointer   |
|xFeatures38_dout          |  in |   32|   ap_fifo  |   xFeatures38   |    pointer   |
|xFeatures38_empty_n       |  in |    1|   ap_fifo  |   xFeatures38   |    pointer   |
|xFeatures38_read          | out |    1|   ap_fifo  |   xFeatures38   |    pointer   |
|xFeatures39_dout          |  in |   32|   ap_fifo  |   xFeatures39   |    pointer   |
|xFeatures39_empty_n       |  in |    1|   ap_fifo  |   xFeatures39   |    pointer   |
|xFeatures39_read          | out |    1|   ap_fifo  |   xFeatures39   |    pointer   |
|xFeatures40_dout          |  in |   32|   ap_fifo  |   xFeatures40   |    pointer   |
|xFeatures40_empty_n       |  in |    1|   ap_fifo  |   xFeatures40   |    pointer   |
|xFeatures40_read          | out |    1|   ap_fifo  |   xFeatures40   |    pointer   |
|xFeatures41_dout          |  in |   32|   ap_fifo  |   xFeatures41   |    pointer   |
|xFeatures41_empty_n       |  in |    1|   ap_fifo  |   xFeatures41   |    pointer   |
|xFeatures41_read          | out |    1|   ap_fifo  |   xFeatures41   |    pointer   |
|xFeatures42_dout          |  in |   32|   ap_fifo  |   xFeatures42   |    pointer   |
|xFeatures42_empty_n       |  in |    1|   ap_fifo  |   xFeatures42   |    pointer   |
|xFeatures42_read          | out |    1|   ap_fifo  |   xFeatures42   |    pointer   |
|xFeatures43_dout          |  in |   32|   ap_fifo  |   xFeatures43   |    pointer   |
|xFeatures43_empty_n       |  in |    1|   ap_fifo  |   xFeatures43   |    pointer   |
|xFeatures43_read          | out |    1|   ap_fifo  |   xFeatures43   |    pointer   |
|xFeatures44_dout          |  in |   32|   ap_fifo  |   xFeatures44   |    pointer   |
|xFeatures44_empty_n       |  in |    1|   ap_fifo  |   xFeatures44   |    pointer   |
|xFeatures44_read          | out |    1|   ap_fifo  |   xFeatures44   |    pointer   |
|xFeatures45_dout          |  in |   32|   ap_fifo  |   xFeatures45   |    pointer   |
|xFeatures45_empty_n       |  in |    1|   ap_fifo  |   xFeatures45   |    pointer   |
|xFeatures45_read          | out |    1|   ap_fifo  |   xFeatures45   |    pointer   |
|xFeatures46_dout          |  in |   32|   ap_fifo  |   xFeatures46   |    pointer   |
|xFeatures46_empty_n       |  in |    1|   ap_fifo  |   xFeatures46   |    pointer   |
|xFeatures46_read          | out |    1|   ap_fifo  |   xFeatures46   |    pointer   |
|distance_array_address0   | out |    9|  ap_memory |  distance_array |     array    |
|distance_array_ce0        | out |    1|  ap_memory |  distance_array |     array    |
|distance_array_we0        | out |    1|  ap_memory |  distance_array |     array    |
|distance_array_d0         | out |   32|  ap_memory |  distance_array |     array    |
+--------------------------+-----+-----+------------+-----------------+--------------+

