

================================================================
== Vivado HLS Report for 'parallel_033'
================================================================
* Date:           Wed Sep 16 11:04:55 2020

* Version:        2019.2 (Build 2704478 on Wed Nov 06 22:10:23 MST 2019)
* Project:        knn
* Solution:       solution1
* Product family: zynq
* Target device:  xc7z020-clg484-1


================================================================
== Performance Estimates
================================================================
+ Timing: 
    * Summary: 
    +--------+----------+----------+------------+
    |  Clock |  Target  | Estimated| Uncertainty|
    +--------+----------+----------+------------+
    |ap_clk  | 10.00 ns | 9.787 ns |   1.25 ns  |
    +--------+----------+----------+------------+

+ Latency: 
    * Summary: 
    +---------+---------+----------+----------+-----+-----+---------+
    |  Latency (cycles) |  Latency (absolute) |  Interval | Pipeline|
    |   min   |   max   |    min   |    max   | min | max |   Type  |
    +---------+---------+----------+----------+-----+-----+---------+
    |      432|      432| 4.320 us | 4.320 us |  432|  432|   none  |
    +---------+---------+----------+----------+-----+-----+---------+

    + Detail: 
        * Instance: 
        N/A

        * Loop: 
        N/A



================================================================
== Utilization Estimates
================================================================
* Summary: 
+-----------------+---------+-------+--------+-------+-----+
|       Name      | BRAM_18K| DSP48E|   FF   |  LUT  | URAM|
+-----------------+---------+-------+--------+-------+-----+
|DSP              |        -|      -|       -|      -|    -|
|Expression       |        -|      -|       0|      4|    -|
|FIFO             |        -|      -|       -|      -|    -|
|Instance         |        -|     19|    1859|   3528|    -|
|Memory           |        -|      -|       -|      -|    -|
|Multiplexer      |        -|      -|       -|   5495|    -|
|Register         |        -|      -|    7986|      -|    -|
+-----------------+---------+-------+--------+-------+-----+
|Total            |        0|     19|    9845|   9027|    0|
+-----------------+---------+-------+--------+-------+-----+
|Available        |      280|    220|  106400|  53200|    0|
+-----------------+---------+-------+--------+-------+-----+
|Utilization (%)  |        0|      8|       9|     16|    0|
+-----------------+---------+-------+--------+-------+-----+

+ Detail: 
    * Instance: 
    +----------------------------+----------------------+---------+-------+-----+-----+-----+
    |          Instance          |        Module        | BRAM_18K| DSP48E|  FF | LUT | URAM|
    +----------------------------+----------------------+---------+-------+-----+-----+-----+
    |knnFloat_8p128f_8bkb_U1433  |knnFloat_8p128f_8bkb  |        0|      2|  205|  390|    0|
    |knnFloat_8p128f_8bkb_U1434  |knnFloat_8p128f_8bkb  |        0|      2|  205|  390|    0|
    |knnFloat_8p128f_8cud_U1435  |knnFloat_8p128f_8cud  |        0|      2|  205|  390|    0|
    |knnFloat_8p128f_8cud_U1436  |knnFloat_8p128f_8cud  |        0|      2|  205|  390|    0|
    |knnFloat_8p128f_8cud_U1437  |knnFloat_8p128f_8cud  |        0|      2|  205|  390|    0|
    |knnFloat_8p128f_8dEe_U1438  |knnFloat_8p128f_8dEe  |        0|      3|  143|  321|    0|
    |knnFloat_8p128f_8dEe_U1439  |knnFloat_8p128f_8dEe  |        0|      3|  143|  321|    0|
    |knnFloat_8p128f_8dEe_U1440  |knnFloat_8p128f_8dEe  |        0|      3|  143|  321|    0|
    |knnFloat_8p128f_8eOg_U1441  |knnFloat_8p128f_8eOg  |        0|      0|  405|  615|    0|
    +----------------------------+----------------------+---------+-------+-----+-----+-----+
    |Total                       |                      |        0|     19| 1859| 3528|    0|
    +----------------------------+----------------------+---------+-------+-----+-----+-----+

    * DSP48E: 
    N/A

    * Memory: 
    N/A

    * FIFO: 
    N/A

    * Expression: 
    +-----------------+----------+-------+---+----+------------+------------+
    |  Variable Name  | Operation| DSP48E| FF| LUT| Bitwidth P0| Bitwidth P1|
    +-----------------+----------+-------+---+----+------------+------------+
    |ap_block_state1  |    or    |      0|  0|   2|           1|           1|
    |ap_block_state2  |    or    |      0|  0|   2|           1|           1|
    +-----------------+----------+-------+---+----+------------+------------+
    |Total            |          |      0|  0|   4|           2|           2|
    +-----------------+----------+-------+---+----+------------+------------+

    * Multiplexer: 
    +------------------------+------+-----------+-----+-----------+
    |          Name          |  LUT | Input Size| Bits| Total Bits|
    +------------------------+------+-----------+-----+-----------+
    |ap_NS_fsm               |  1881|        434|    1|        434|
    |ap_done                 |     9|          2|    1|          2|
    |grp_fu_2463_opcode      |    15|          3|    2|          6|
    |grp_fu_2463_p0          |   357|         81|   32|       2592|
    |grp_fu_2463_p1          |    89|         18|   32|        576|
    |grp_fu_2467_opcode      |    15|          3|    2|          6|
    |grp_fu_2467_p0          |   321|         72|   32|       2304|
    |grp_fu_2467_p1          |    62|         15|   32|        480|
    |grp_fu_2471_p0          |    47|         10|   32|        320|
    |grp_fu_2471_p1          |    50|         11|   32|        352|
    |grp_fu_2476_p0          |    33|          6|   32|        192|
    |grp_fu_2476_p1          |    33|          6|   32|        192|
    |grp_fu_2484_p0          |   329|         74|   32|       2368|
    |grp_fu_2484_p1          |   329|         74|   32|       2368|
    |grp_fu_2488_p0          |    56|         13|   32|        416|
    |grp_fu_2488_p1          |    56|         13|   32|        416|
    |grp_fu_2492_p0          |    33|          6|   32|        192|
    |grp_fu_2492_p1          |    33|          6|   32|        192|
    |knownFeatures_address0  |   293|         65|    7|        455|
    |knownFeatures_address1  |   293|         65|    7|        455|
    |reg_2501                |     9|          2|   32|         64|
    |xFeatures100_blk_n      |     9|          2|    1|          2|
    |xFeatures101_blk_n      |     9|          2|    1|          2|
    |xFeatures102_blk_n      |     9|          2|    1|          2|
    |xFeatures103_blk_n      |     9|          2|    1|          2|
    |xFeatures104_blk_n      |     9|          2|    1|          2|
    |xFeatures105_blk_n      |     9|          2|    1|          2|
    |xFeatures106_blk_n      |     9|          2|    1|          2|
    |xFeatures107_blk_n      |     9|          2|    1|          2|
    |xFeatures108_blk_n      |     9|          2|    1|          2|
    |xFeatures109_blk_n      |     9|          2|    1|          2|
    |xFeatures10_blk_n       |     9|          2|    1|          2|
    |xFeatures110_blk_n      |     9|          2|    1|          2|
    |xFeatures111_blk_n      |     9|          2|    1|          2|
    |xFeatures112_blk_n      |     9|          2|    1|          2|
    |xFeatures113_blk_n      |     9|          2|    1|          2|
    |xFeatures114_blk_n      |     9|          2|    1|          2|
    |xFeatures115_blk_n      |     9|          2|    1|          2|
    |xFeatures116_blk_n      |     9|          2|    1|          2|
    |xFeatures117_blk_n      |     9|          2|    1|          2|
    |xFeatures118_blk_n      |     9|          2|    1|          2|
    |xFeatures119_blk_n      |     9|          2|    1|          2|
    |xFeatures11_blk_n       |     9|          2|    1|          2|
    |xFeatures120_blk_n      |     9|          2|    1|          2|
    |xFeatures121_blk_n      |     9|          2|    1|          2|
    |xFeatures122_blk_n      |     9|          2|    1|          2|
    |xFeatures123_blk_n      |     9|          2|    1|          2|
    |xFeatures124_blk_n      |     9|          2|    1|          2|
    |xFeatures125_blk_n      |     9|          2|    1|          2|
    |xFeatures126_blk_n      |     9|          2|    1|          2|
    |xFeatures127_blk_n      |     9|          2|    1|          2|
    |xFeatures12_blk_n       |     9|          2|    1|          2|
    |xFeatures13_blk_n       |     9|          2|    1|          2|
    |xFeatures14_blk_n       |     9|          2|    1|          2|
    |xFeatures15_blk_n       |     9|          2|    1|          2|
    |xFeatures16_blk_n       |     9|          2|    1|          2|
    |xFeatures17_blk_n       |     9|          2|    1|          2|
    |xFeatures18_blk_n       |     9|          2|    1|          2|
    |xFeatures19_blk_n       |     9|          2|    1|          2|
    |xFeatures1_blk_n        |     9|          2|    1|          2|
    |xFeatures20_blk_n       |     9|          2|    1|          2|
    |xFeatures21_blk_n       |     9|          2|    1|          2|
    |xFeatures22_blk_n       |     9|          2|    1|          2|
    |xFeatures23_blk_n       |     9|          2|    1|          2|
    |xFeatures24_blk_n       |     9|          2|    1|          2|
    |xFeatures25_blk_n       |     9|          2|    1|          2|
    |xFeatures26_blk_n       |     9|          2|    1|          2|
    |xFeatures27_blk_n       |     9|          2|    1|          2|
    |xFeatures28_blk_n       |     9|          2|    1|          2|
    |xFeatures29_blk_n       |     9|          2|    1|          2|
    |xFeatures2_blk_n        |     9|          2|    1|          2|
    |xFeatures30_blk_n       |     9|          2|    1|          2|
    |xFeatures31_blk_n       |     9|          2|    1|          2|
    |xFeatures32_blk_n       |     9|          2|    1|          2|
    |xFeatures33_blk_n       |     9|          2|    1|          2|
    |xFeatures34_blk_n       |     9|          2|    1|          2|
    |xFeatures35_blk_n       |     9|          2|    1|          2|
    |xFeatures36_blk_n       |     9|          2|    1|          2|
    |xFeatures37_blk_n       |     9|          2|    1|          2|
    |xFeatures38_blk_n       |     9|          2|    1|          2|
    |xFeatures39_blk_n       |     9|          2|    1|          2|
    |xFeatures3_blk_n        |     9|          2|    1|          2|
    |xFeatures40_blk_n       |     9|          2|    1|          2|
    |xFeatures41_blk_n       |     9|          2|    1|          2|
    |xFeatures42_blk_n       |     9|          2|    1|          2|
    |xFeatures43_blk_n       |     9|          2|    1|          2|
    |xFeatures44_blk_n       |     9|          2|    1|          2|
    |xFeatures45_blk_n       |     9|          2|    1|          2|
    |xFeatures46_blk_n       |     9|          2|    1|          2|
    |xFeatures47_blk_n       |     9|          2|    1|          2|
    |xFeatures48_blk_n       |     9|          2|    1|          2|
    |xFeatures49_blk_n       |     9|          2|    1|          2|
    |xFeatures4_blk_n        |     9|          2|    1|          2|
    |xFeatures50_blk_n       |     9|          2|    1|          2|
    |xFeatures51_blk_n       |     9|          2|    1|          2|
    |xFeatures52_blk_n       |     9|          2|    1|          2|
    |xFeatures53_blk_n       |     9|          2|    1|          2|
    |xFeatures54_blk_n       |     9|          2|    1|          2|
    |xFeatures55_blk_n       |     9|          2|    1|          2|
    |xFeatures56_blk_n       |     9|          2|    1|          2|
    |xFeatures57_blk_n       |     9|          2|    1|          2|
    |xFeatures58_blk_n       |     9|          2|    1|          2|
    |xFeatures59_blk_n       |     9|          2|    1|          2|
    |xFeatures5_blk_n        |     9|          2|    1|          2|
    |xFeatures60_blk_n       |     9|          2|    1|          2|
    |xFeatures61_blk_n       |     9|          2|    1|          2|
    |xFeatures62_blk_n       |     9|          2|    1|          2|
    |xFeatures63_blk_n       |     9|          2|    1|          2|
    |xFeatures64_blk_n       |     9|          2|    1|          2|
    |xFeatures65_blk_n       |     9|          2|    1|          2|
    |xFeatures66_blk_n       |     9|          2|    1|          2|
    |xFeatures67_blk_n       |     9|          2|    1|          2|
    |xFeatures68_blk_n       |     9|          2|    1|          2|
    |xFeatures69_blk_n       |     9|          2|    1|          2|
    |xFeatures6_blk_n        |     9|          2|    1|          2|
    |xFeatures70_blk_n       |     9|          2|    1|          2|
    |xFeatures71_blk_n       |     9|          2|    1|          2|
    |xFeatures72_blk_n       |     9|          2|    1|          2|
    |xFeatures73_blk_n       |     9|          2|    1|          2|
    |xFeatures74_blk_n       |     9|          2|    1|          2|
    |xFeatures75_blk_n       |     9|          2|    1|          2|
    |xFeatures76_blk_n       |     9|          2|    1|          2|
    |xFeatures77_blk_n       |     9|          2|    1|          2|
    |xFeatures78_blk_n       |     9|          2|    1|          2|
    |xFeatures79_blk_n       |     9|          2|    1|          2|
    |xFeatures7_blk_n        |     9|          2|    1|          2|
    |xFeatures80_blk_n       |     9|          2|    1|          2|
    |xFeatures81_blk_n       |     9|          2|    1|          2|
    |xFeatures82_blk_n       |     9|          2|    1|          2|
    |xFeatures83_blk_n       |     9|          2|    1|          2|
    |xFeatures84_blk_n       |     9|          2|    1|          2|
    |xFeatures85_blk_n       |     9|          2|    1|          2|
    |xFeatures86_blk_n       |     9|          2|    1|          2|
    |xFeatures87_blk_n       |     9|          2|    1|          2|
    |xFeatures88_blk_n       |     9|          2|    1|          2|
    |xFeatures89_blk_n       |     9|          2|    1|          2|
    |xFeatures8_blk_n        |     9|          2|    1|          2|
    |xFeatures90_blk_n       |     9|          2|    1|          2|
    |xFeatures91_blk_n       |     9|          2|    1|          2|
    |xFeatures92_blk_n       |     9|          2|    1|          2|
    |xFeatures93_blk_n       |     9|          2|    1|          2|
    |xFeatures94_blk_n       |     9|          2|    1|          2|
    |xFeatures95_blk_n       |     9|          2|    1|          2|
    |xFeatures96_blk_n       |     9|          2|    1|          2|
    |xFeatures97_blk_n       |     9|          2|    1|          2|
    |xFeatures98_blk_n       |     9|          2|    1|          2|
    |xFeatures99_blk_n       |     9|          2|    1|          2|
    |xFeatures9_blk_n        |     9|          2|    1|          2|
    |xFeatures_blk_n         |     9|          2|    1|          2|
    +------------------------+------+-----------+-----+-----------+
    |Total                   |  5495|       1235|  628|      14638|
    +------------------------+------+-----------+-----+-----------+

    * Register: 
    +----------------------------+-----+----+-----+-----------+
    |            Name            |  FF | LUT| Bits| Const Bits|
    +----------------------------+-----+----+-----+-----------+
    |ap_CS_fsm                   |  433|   0|  433|          0|
    |ap_done_reg                 |    1|   0|    1|          0|
    |distance_w10_i_reg_4439     |   32|   0|   32|          0|
    |distance_w34_i_reg_4434     |   32|   0|   32|          0|
    |distance_w39_i_reg_4449     |   32|   0|   32|          0|
    |reg_2501                    |   32|   0|   32|          0|
    |reg_2507                    |   32|   0|   32|          0|
    |reg_2512                    |   32|   0|   32|          0|
    |reg_2517                    |   32|   0|   32|          0|
    |reg_2522                    |   32|   0|   32|          0|
    |reg_2527                    |   32|   0|   32|          0|
    |reg_2532                    |   32|   0|   32|          0|
    |reg_2537                    |   32|   0|   32|          0|
    |reg_2542                    |   32|   0|   32|          0|
    |reg_2547                    |   32|   0|   32|          0|
    |reg_2552                    |   32|   0|   32|          0|
    |reg_2566                    |   32|   0|   32|          0|
    |reg_2572                    |   32|   0|   32|          0|
    |reg_2579                    |   32|   0|   32|          0|
    |reg_2585                    |   32|   0|   32|          0|
    |reg_2591                    |   32|   0|   32|          0|
    |reg_2597                    |   32|   0|   32|          0|
    |reg_2603                    |   32|   0|   32|          0|
    |reg_2614                    |   32|   0|   32|          0|
    |reg_2626                    |   32|   0|   32|          0|
    |reg_2635                    |   32|   0|   32|          0|
    |reg_2645                    |   32|   0|   32|          0|
    |reg_2655                    |   32|   0|   32|          0|
    |reg_2665                    |   32|   0|   32|          0|
    |reg_2672                    |   32|   0|   32|          0|
    |reg_2680                    |   32|   0|   32|          0|
    |reg_2689                    |   32|   0|   32|          0|
    |reg_2699                    |   32|   0|   32|          0|
    |reg_2708                    |   32|   0|   32|          0|
    |reg_2718                    |   32|   0|   32|          0|
    |reg_2726                    |   32|   0|   32|          0|
    |reg_2734                    |   32|   0|   32|          0|
    |reg_2741                    |   32|   0|   32|          0|
    |reg_2747                    |   32|   0|   32|          0|
    |reg_2753                    |   32|   0|   32|          0|
    |reg_2760                    |   32|   0|   32|          0|
    |reg_2766                    |   32|   0|   32|          0|
    |reg_2772                    |   32|   0|   32|          0|
    |reg_2778                    |   32|   0|   32|          0|
    |reg_2785                    |   32|   0|   32|          0|
    |reg_2791                    |   32|   0|   32|          0|
    |reg_2797                    |   32|   0|   32|          0|
    |reg_2803                    |   32|   0|   32|          0|
    |reg_2809                    |   32|   0|   32|          0|
    |reg_2816                    |   32|   0|   32|          0|
    |reg_2822                    |   32|   0|   32|          0|
    |reg_2830                    |   32|   0|   32|          0|
    |reg_2836                    |   32|   0|   32|          0|
    |reg_2842                    |   32|   0|   32|          0|
    |reg_2848                    |   32|   0|   32|          0|
    |temp_l77_i14_w1_i_reg_3624  |   32|   0|   32|          0|
    |temp_l77_i16_w1_i_reg_3640  |   32|   0|   32|          0|
    |temp_l77_i17_w1_i_reg_3656  |   32|   0|   32|          0|
    |temp_l77_i18_w1_i_reg_3662  |   32|   0|   32|          0|
    |temp_l77_i19_w1_i_reg_3678  |   32|   0|   32|          0|
    |temp_l77_i21_w1_i_reg_3694  |   32|   0|   32|          0|
    |temp_l77_i22_w1_i_reg_3700  |   32|   0|   32|          0|
    |temp_l77_i23_w1_i_reg_3716  |   32|   0|   32|          0|
    |temp_l77_i24_w1_i_reg_3722  |   32|   0|   32|          0|
    |temp_l77_i25_w1_i_reg_3738  |   32|   0|   32|          0|
    |temp_l77_i26_w1_i_reg_3744  |   32|   0|   32|          0|
    |temp_l77_i27_w1_i_reg_3760  |   32|   0|   32|          0|
    |temp_l77_i28_w1_i_reg_3766  |   32|   0|   32|          0|
    |temp_l77_i30_w1_i_reg_3782  |   32|   0|   32|          0|
    |temp_l77_i31_w1_i_reg_3798  |   32|   0|   32|          0|
    |temp_l77_i32_w1_i_reg_3804  |   32|   0|   32|          0|
    |temp_l77_i33_w1_i_reg_3820  |   32|   0|   32|          0|
    |temp_l77_i34_w1_i_reg_3826  |   32|   0|   32|          0|
    |temp_l77_i35_w1_i_reg_3842  |   32|   0|   32|          0|
    |temp_l77_i36_w1_i_reg_3848  |   32|   0|   32|          0|
    |temp_l77_i37_w1_i_reg_3864  |   32|   0|   32|          0|
    |temp_l77_i38_w1_i_reg_3870  |   32|   0|   32|          0|
    |temp_l77_i39_w1_i_reg_3886  |   32|   0|   32|          0|
    |temp_l77_i41_w1_i_reg_3902  |   32|   0|   32|          0|
    |temp_l77_i42_w1_i_reg_3908  |   32|   0|   32|          0|
    |temp_l77_i43_w1_i_reg_3924  |   32|   0|   32|          0|
    |temp_l77_i44_w1_i_reg_3930  |   32|   0|   32|          0|
    |temp_l77_i45_w1_i_reg_3946  |   32|   0|   32|          0|
    |temp_l77_i46_w1_i_reg_3952  |   32|   0|   32|          0|
    |temp_l77_i47_w1_i_reg_3968  |   32|   0|   32|          0|
    |temp_l77_i48_w1_i_reg_3974  |   32|   0|   32|          0|
    |temp_l77_i50_w1_i_reg_3990  |   32|   0|   32|          0|
    |temp_l77_i51_w1_i_reg_4006  |   32|   0|   32|          0|
    |temp_l77_i52_w1_i_reg_4012  |   32|   0|   32|          0|
    |temp_l77_i53_w1_i_reg_4028  |   32|   0|   32|          0|
    |temp_l77_i54_w1_i_reg_4034  |   32|   0|   32|          0|
    |temp_l77_i55_w1_i_reg_4050  |   32|   0|   32|          0|
    |temp_l77_i56_w1_i_reg_4056  |   32|   0|   32|          0|
    |temp_l77_i57_w1_i_reg_4072  |   32|   0|   32|          0|
    |temp_l77_i58_w1_i_reg_4078  |   32|   0|   32|          0|
    |temp_l77_i59_w1_i_reg_4094  |   32|   0|   32|          0|
    |temp_l77_i61_w1_i_reg_4110  |   32|   0|   32|          0|
    |temp_l77_i62_w1_i_reg_4116  |   32|   0|   32|          0|
    |temp_l77_i63_w1_i_reg_4132  |   32|   0|   32|          0|
    |temp_l77_i64_w1_i_reg_4138  |   32|   0|   32|          0|
    |temp_l77_i65_w1_i_reg_4154  |   32|   0|   32|          0|
    |temp_l77_i66_w1_i_reg_4160  |   32|   0|   32|          0|
    |temp_l77_i67_w1_i_reg_4176  |   32|   0|   32|          0|
    |temp_l77_i68_w1_i_reg_4182  |   32|   0|   32|          0|
    |temp_l77_i70_w1_i_reg_4198  |   32|   0|   32|          0|
    |temp_l77_i71_w1_i_reg_4214  |   32|   0|   32|          0|
    |temp_l77_i72_w1_i_reg_4220  |   32|   0|   32|          0|
    |temp_l77_i73_w1_i_reg_4236  |   32|   0|   32|          0|
    |temp_l77_i74_w1_i_reg_4242  |   32|   0|   32|          0|
    |temp_l77_i75_w1_i_reg_4258  |   32|   0|   32|          0|
    |xFeatures100_read_reg_3374  |   32|   0|   32|          0|
    |xFeatures101_read_reg_3379  |   32|   0|   32|          0|
    |xFeatures102_read_reg_3384  |   32|   0|   32|          0|
    |xFeatures103_read_reg_3389  |   32|   0|   32|          0|
    |xFeatures104_read_reg_3394  |   32|   0|   32|          0|
    |xFeatures105_read_reg_3399  |   32|   0|   32|          0|
    |xFeatures106_read_reg_3404  |   32|   0|   32|          0|
    |xFeatures107_read_reg_3409  |   32|   0|   32|          0|
    |xFeatures108_read_reg_3414  |   32|   0|   32|          0|
    |xFeatures109_read_reg_3419  |   32|   0|   32|          0|
    |xFeatures10_read_reg_2924   |   32|   0|   32|          0|
    |xFeatures110_read_reg_3424  |   32|   0|   32|          0|
    |xFeatures111_read_reg_3429  |   32|   0|   32|          0|
    |xFeatures112_read_reg_3434  |   32|   0|   32|          0|
    |xFeatures113_read_reg_3439  |   32|   0|   32|          0|
    |xFeatures114_read_reg_3444  |   32|   0|   32|          0|
    |xFeatures115_read_reg_3449  |   32|   0|   32|          0|
    |xFeatures116_read_reg_3454  |   32|   0|   32|          0|
    |xFeatures117_read_reg_3459  |   32|   0|   32|          0|
    |xFeatures118_read_reg_3464  |   32|   0|   32|          0|
    |xFeatures119_read_reg_3469  |   32|   0|   32|          0|
    |xFeatures11_read_reg_2929   |   32|   0|   32|          0|
    |xFeatures120_read_reg_3474  |   32|   0|   32|          0|
    |xFeatures121_read_reg_3479  |   32|   0|   32|          0|
    |xFeatures122_read_reg_3484  |   32|   0|   32|          0|
    |xFeatures123_read_reg_3489  |   32|   0|   32|          0|
    |xFeatures124_read_reg_3494  |   32|   0|   32|          0|
    |xFeatures125_read_reg_3499  |   32|   0|   32|          0|
    |xFeatures126_read_reg_3504  |   32|   0|   32|          0|
    |xFeatures127_read_reg_3509  |   32|   0|   32|          0|
    |xFeatures12_read_reg_2934   |   32|   0|   32|          0|
    |xFeatures13_read_reg_2939   |   32|   0|   32|          0|
    |xFeatures14_read_reg_2944   |   32|   0|   32|          0|
    |xFeatures15_read_reg_2949   |   32|   0|   32|          0|
    |xFeatures16_read_reg_2954   |   32|   0|   32|          0|
    |xFeatures17_read_reg_2959   |   32|   0|   32|          0|
    |xFeatures18_read_reg_2964   |   32|   0|   32|          0|
    |xFeatures19_read_reg_2969   |   32|   0|   32|          0|
    |xFeatures1_read_reg_2879    |   32|   0|   32|          0|
    |xFeatures20_read_reg_2974   |   32|   0|   32|          0|
    |xFeatures21_read_reg_2979   |   32|   0|   32|          0|
    |xFeatures22_read_reg_2984   |   32|   0|   32|          0|
    |xFeatures23_read_reg_2989   |   32|   0|   32|          0|
    |xFeatures24_read_reg_2994   |   32|   0|   32|          0|
    |xFeatures25_read_reg_2999   |   32|   0|   32|          0|
    |xFeatures26_read_reg_3004   |   32|   0|   32|          0|
    |xFeatures27_read_reg_3009   |   32|   0|   32|          0|
    |xFeatures28_read_reg_3014   |   32|   0|   32|          0|
    |xFeatures29_read_reg_3019   |   32|   0|   32|          0|
    |xFeatures2_read_reg_2884    |   32|   0|   32|          0|
    |xFeatures30_read_reg_3024   |   32|   0|   32|          0|
    |xFeatures31_read_reg_3029   |   32|   0|   32|          0|
    |xFeatures32_read_reg_3034   |   32|   0|   32|          0|
    |xFeatures33_read_reg_3039   |   32|   0|   32|          0|
    |xFeatures34_read_reg_3044   |   32|   0|   32|          0|
    |xFeatures35_read_reg_3049   |   32|   0|   32|          0|
    |xFeatures36_read_reg_3054   |   32|   0|   32|          0|
    |xFeatures37_read_reg_3059   |   32|   0|   32|          0|
    |xFeatures38_read_reg_3064   |   32|   0|   32|          0|
    |xFeatures39_read_reg_3069   |   32|   0|   32|          0|
    |xFeatures3_read_reg_2889    |   32|   0|   32|          0|
    |xFeatures40_read_reg_3074   |   32|   0|   32|          0|
    |xFeatures41_read_reg_3079   |   32|   0|   32|          0|
    |xFeatures42_read_reg_3084   |   32|   0|   32|          0|
    |xFeatures43_read_reg_3089   |   32|   0|   32|          0|
    |xFeatures44_read_reg_3094   |   32|   0|   32|          0|
    |xFeatures45_read_reg_3099   |   32|   0|   32|          0|
    |xFeatures46_read_reg_3104   |   32|   0|   32|          0|
    |xFeatures47_read_reg_3109   |   32|   0|   32|          0|
    |xFeatures48_read_reg_3114   |   32|   0|   32|          0|
    |xFeatures49_read_reg_3119   |   32|   0|   32|          0|
    |xFeatures4_read_reg_2894    |   32|   0|   32|          0|
    |xFeatures50_read_reg_3124   |   32|   0|   32|          0|
    |xFeatures51_read_reg_3129   |   32|   0|   32|          0|
    |xFeatures52_read_reg_3134   |   32|   0|   32|          0|
    |xFeatures53_read_reg_3139   |   32|   0|   32|          0|
    |xFeatures54_read_reg_3144   |   32|   0|   32|          0|
    |xFeatures55_read_reg_3149   |   32|   0|   32|          0|
    |xFeatures56_read_reg_3154   |   32|   0|   32|          0|
    |xFeatures57_read_reg_3159   |   32|   0|   32|          0|
    |xFeatures58_read_reg_3164   |   32|   0|   32|          0|
    |xFeatures59_read_reg_3169   |   32|   0|   32|          0|
    |xFeatures5_read_reg_2899    |   32|   0|   32|          0|
    |xFeatures60_read_reg_3174   |   32|   0|   32|          0|
    |xFeatures61_read_reg_3179   |   32|   0|   32|          0|
    |xFeatures62_read_reg_3184   |   32|   0|   32|          0|
    |xFeatures63_read_reg_3189   |   32|   0|   32|          0|
    |xFeatures64_read_reg_3194   |   32|   0|   32|          0|
    |xFeatures65_read_reg_3199   |   32|   0|   32|          0|
    |xFeatures66_read_reg_3204   |   32|   0|   32|          0|
    |xFeatures67_read_reg_3209   |   32|   0|   32|          0|
    |xFeatures68_read_reg_3214   |   32|   0|   32|          0|
    |xFeatures69_read_reg_3219   |   32|   0|   32|          0|
    |xFeatures6_read_reg_2904    |   32|   0|   32|          0|
    |xFeatures70_read_reg_3224   |   32|   0|   32|          0|
    |xFeatures71_read_reg_3229   |   32|   0|   32|          0|
    |xFeatures72_read_reg_3234   |   32|   0|   32|          0|
    |xFeatures73_read_reg_3239   |   32|   0|   32|          0|
    |xFeatures74_read_reg_3244   |   32|   0|   32|          0|
    |xFeatures75_read_reg_3249   |   32|   0|   32|          0|
    |xFeatures76_read_reg_3254   |   32|   0|   32|          0|
    |xFeatures77_read_reg_3259   |   32|   0|   32|          0|
    |xFeatures78_read_reg_3264   |   32|   0|   32|          0|
    |xFeatures79_read_reg_3269   |   32|   0|   32|          0|
    |xFeatures7_read_reg_2909    |   32|   0|   32|          0|
    |xFeatures80_read_reg_3274   |   32|   0|   32|          0|
    |xFeatures81_read_reg_3279   |   32|   0|   32|          0|
    |xFeatures82_read_reg_3284   |   32|   0|   32|          0|
    |xFeatures83_read_reg_3289   |   32|   0|   32|          0|
    |xFeatures84_read_reg_3294   |   32|   0|   32|          0|
    |xFeatures85_read_reg_3299   |   32|   0|   32|          0|
    |xFeatures86_read_reg_3304   |   32|   0|   32|          0|
    |xFeatures87_read_reg_3309   |   32|   0|   32|          0|
    |xFeatures88_read_reg_3314   |   32|   0|   32|          0|
    |xFeatures89_read_reg_3319   |   32|   0|   32|          0|
    |xFeatures8_read_reg_2914    |   32|   0|   32|          0|
    |xFeatures90_read_reg_3324   |   32|   0|   32|          0|
    |xFeatures91_read_reg_3329   |   32|   0|   32|          0|
    |xFeatures92_read_reg_3334   |   32|   0|   32|          0|
    |xFeatures93_read_reg_3339   |   32|   0|   32|          0|
    |xFeatures94_read_reg_3344   |   32|   0|   32|          0|
    |xFeatures95_read_reg_3349   |   32|   0|   32|          0|
    |xFeatures96_read_reg_3354   |   32|   0|   32|          0|
    |xFeatures97_read_reg_3359   |   32|   0|   32|          0|
    |xFeatures98_read_reg_3364   |   32|   0|   32|          0|
    |xFeatures99_read_reg_3369   |   32|   0|   32|          0|
    |xFeatures9_read_reg_2919    |   32|   0|   32|          0|
    |xFeatures_read_reg_2874     |   32|   0|   32|          0|
    +----------------------------+-----+----+-----+-----------+
    |Total                       | 7986|   0| 7986|          0|
    +----------------------------+-----+----+-----+-----------+



================================================================
== Interface
================================================================
* Summary: 
+------------------------+-----+-----+------------+---------------+--------------+
|        RTL Ports       | Dir | Bits|  Protocol  | Source Object |    C Type    |
+------------------------+-----+-----+------------+---------------+--------------+
|ap_clk                  |  in |    1| ap_ctrl_hs |  parallel_033 | return value |
|ap_rst                  |  in |    1| ap_ctrl_hs |  parallel_033 | return value |
|ap_start                |  in |    1| ap_ctrl_hs |  parallel_033 | return value |
|ap_done                 | out |    1| ap_ctrl_hs |  parallel_033 | return value |
|ap_continue             |  in |    1| ap_ctrl_hs |  parallel_033 | return value |
|ap_idle                 | out |    1| ap_ctrl_hs |  parallel_033 | return value |
|ap_ready                | out |    1| ap_ctrl_hs |  parallel_033 | return value |
|ap_return               | out |   32| ap_ctrl_hs |  parallel_033 | return value |
|knownFeatures_address0  | out |    7|  ap_memory | knownFeatures |     array    |
|knownFeatures_ce0       | out |    1|  ap_memory | knownFeatures |     array    |
|knownFeatures_q0        |  in |   32|  ap_memory | knownFeatures |     array    |
|knownFeatures_address1  | out |    7|  ap_memory | knownFeatures |     array    |
|knownFeatures_ce1       | out |    1|  ap_memory | knownFeatures |     array    |
|knownFeatures_q1        |  in |   32|  ap_memory | knownFeatures |     array    |
|xFeatures_dout          |  in |   32|   ap_fifo  |   xFeatures   |    pointer   |
|xFeatures_empty_n       |  in |    1|   ap_fifo  |   xFeatures   |    pointer   |
|xFeatures_read          | out |    1|   ap_fifo  |   xFeatures   |    pointer   |
|xFeatures1_dout         |  in |   32|   ap_fifo  |   xFeatures1  |    pointer   |
|xFeatures1_empty_n      |  in |    1|   ap_fifo  |   xFeatures1  |    pointer   |
|xFeatures1_read         | out |    1|   ap_fifo  |   xFeatures1  |    pointer   |
|xFeatures2_dout         |  in |   32|   ap_fifo  |   xFeatures2  |    pointer   |
|xFeatures2_empty_n      |  in |    1|   ap_fifo  |   xFeatures2  |    pointer   |
|xFeatures2_read         | out |    1|   ap_fifo  |   xFeatures2  |    pointer   |
|xFeatures3_dout         |  in |   32|   ap_fifo  |   xFeatures3  |    pointer   |
|xFeatures3_empty_n      |  in |    1|   ap_fifo  |   xFeatures3  |    pointer   |
|xFeatures3_read         | out |    1|   ap_fifo  |   xFeatures3  |    pointer   |
|xFeatures4_dout         |  in |   32|   ap_fifo  |   xFeatures4  |    pointer   |
|xFeatures4_empty_n      |  in |    1|   ap_fifo  |   xFeatures4  |    pointer   |
|xFeatures4_read         | out |    1|   ap_fifo  |   xFeatures4  |    pointer   |
|xFeatures5_dout         |  in |   32|   ap_fifo  |   xFeatures5  |    pointer   |
|xFeatures5_empty_n      |  in |    1|   ap_fifo  |   xFeatures5  |    pointer   |
|xFeatures5_read         | out |    1|   ap_fifo  |   xFeatures5  |    pointer   |
|xFeatures6_dout         |  in |   32|   ap_fifo  |   xFeatures6  |    pointer   |
|xFeatures6_empty_n      |  in |    1|   ap_fifo  |   xFeatures6  |    pointer   |
|xFeatures6_read         | out |    1|   ap_fifo  |   xFeatures6  |    pointer   |
|xFeatures7_dout         |  in |   32|   ap_fifo  |   xFeatures7  |    pointer   |
|xFeatures7_empty_n      |  in |    1|   ap_fifo  |   xFeatures7  |    pointer   |
|xFeatures7_read         | out |    1|   ap_fifo  |   xFeatures7  |    pointer   |
|xFeatures8_dout         |  in |   32|   ap_fifo  |   xFeatures8  |    pointer   |
|xFeatures8_empty_n      |  in |    1|   ap_fifo  |   xFeatures8  |    pointer   |
|xFeatures8_read         | out |    1|   ap_fifo  |   xFeatures8  |    pointer   |
|xFeatures9_dout         |  in |   32|   ap_fifo  |   xFeatures9  |    pointer   |
|xFeatures9_empty_n      |  in |    1|   ap_fifo  |   xFeatures9  |    pointer   |
|xFeatures9_read         | out |    1|   ap_fifo  |   xFeatures9  |    pointer   |
|xFeatures10_dout        |  in |   32|   ap_fifo  |  xFeatures10  |    pointer   |
|xFeatures10_empty_n     |  in |    1|   ap_fifo  |  xFeatures10  |    pointer   |
|xFeatures10_read        | out |    1|   ap_fifo  |  xFeatures10  |    pointer   |
|xFeatures11_dout        |  in |   32|   ap_fifo  |  xFeatures11  |    pointer   |
|xFeatures11_empty_n     |  in |    1|   ap_fifo  |  xFeatures11  |    pointer   |
|xFeatures11_read        | out |    1|   ap_fifo  |  xFeatures11  |    pointer   |
|xFeatures12_dout        |  in |   32|   ap_fifo  |  xFeatures12  |    pointer   |
|xFeatures12_empty_n     |  in |    1|   ap_fifo  |  xFeatures12  |    pointer   |
|xFeatures12_read        | out |    1|   ap_fifo  |  xFeatures12  |    pointer   |
|xFeatures13_dout        |  in |   32|   ap_fifo  |  xFeatures13  |    pointer   |
|xFeatures13_empty_n     |  in |    1|   ap_fifo  |  xFeatures13  |    pointer   |
|xFeatures13_read        | out |    1|   ap_fifo  |  xFeatures13  |    pointer   |
|xFeatures14_dout        |  in |   32|   ap_fifo  |  xFeatures14  |    pointer   |
|xFeatures14_empty_n     |  in |    1|   ap_fifo  |  xFeatures14  |    pointer   |
|xFeatures14_read        | out |    1|   ap_fifo  |  xFeatures14  |    pointer   |
|xFeatures15_dout        |  in |   32|   ap_fifo  |  xFeatures15  |    pointer   |
|xFeatures15_empty_n     |  in |    1|   ap_fifo  |  xFeatures15  |    pointer   |
|xFeatures15_read        | out |    1|   ap_fifo  |  xFeatures15  |    pointer   |
|xFeatures16_dout        |  in |   32|   ap_fifo  |  xFeatures16  |    pointer   |
|xFeatures16_empty_n     |  in |    1|   ap_fifo  |  xFeatures16  |    pointer   |
|xFeatures16_read        | out |    1|   ap_fifo  |  xFeatures16  |    pointer   |
|xFeatures17_dout        |  in |   32|   ap_fifo  |  xFeatures17  |    pointer   |
|xFeatures17_empty_n     |  in |    1|   ap_fifo  |  xFeatures17  |    pointer   |
|xFeatures17_read        | out |    1|   ap_fifo  |  xFeatures17  |    pointer   |
|xFeatures18_dout        |  in |   32|   ap_fifo  |  xFeatures18  |    pointer   |
|xFeatures18_empty_n     |  in |    1|   ap_fifo  |  xFeatures18  |    pointer   |
|xFeatures18_read        | out |    1|   ap_fifo  |  xFeatures18  |    pointer   |
|xFeatures19_dout        |  in |   32|   ap_fifo  |  xFeatures19  |    pointer   |
|xFeatures19_empty_n     |  in |    1|   ap_fifo  |  xFeatures19  |    pointer   |
|xFeatures19_read        | out |    1|   ap_fifo  |  xFeatures19  |    pointer   |
|xFeatures20_dout        |  in |   32|   ap_fifo  |  xFeatures20  |    pointer   |
|xFeatures20_empty_n     |  in |    1|   ap_fifo  |  xFeatures20  |    pointer   |
|xFeatures20_read        | out |    1|   ap_fifo  |  xFeatures20  |    pointer   |
|xFeatures21_dout        |  in |   32|   ap_fifo  |  xFeatures21  |    pointer   |
|xFeatures21_empty_n     |  in |    1|   ap_fifo  |  xFeatures21  |    pointer   |
|xFeatures21_read        | out |    1|   ap_fifo  |  xFeatures21  |    pointer   |
|xFeatures22_dout        |  in |   32|   ap_fifo  |  xFeatures22  |    pointer   |
|xFeatures22_empty_n     |  in |    1|   ap_fifo  |  xFeatures22  |    pointer   |
|xFeatures22_read        | out |    1|   ap_fifo  |  xFeatures22  |    pointer   |
|xFeatures23_dout        |  in |   32|   ap_fifo  |  xFeatures23  |    pointer   |
|xFeatures23_empty_n     |  in |    1|   ap_fifo  |  xFeatures23  |    pointer   |
|xFeatures23_read        | out |    1|   ap_fifo  |  xFeatures23  |    pointer   |
|xFeatures24_dout        |  in |   32|   ap_fifo  |  xFeatures24  |    pointer   |
|xFeatures24_empty_n     |  in |    1|   ap_fifo  |  xFeatures24  |    pointer   |
|xFeatures24_read        | out |    1|   ap_fifo  |  xFeatures24  |    pointer   |
|xFeatures25_dout        |  in |   32|   ap_fifo  |  xFeatures25  |    pointer   |
|xFeatures25_empty_n     |  in |    1|   ap_fifo  |  xFeatures25  |    pointer   |
|xFeatures25_read        | out |    1|   ap_fifo  |  xFeatures25  |    pointer   |
|xFeatures26_dout        |  in |   32|   ap_fifo  |  xFeatures26  |    pointer   |
|xFeatures26_empty_n     |  in |    1|   ap_fifo  |  xFeatures26  |    pointer   |
|xFeatures26_read        | out |    1|   ap_fifo  |  xFeatures26  |    pointer   |
|xFeatures27_dout        |  in |   32|   ap_fifo  |  xFeatures27  |    pointer   |
|xFeatures27_empty_n     |  in |    1|   ap_fifo  |  xFeatures27  |    pointer   |
|xFeatures27_read        | out |    1|   ap_fifo  |  xFeatures27  |    pointer   |
|xFeatures28_dout        |  in |   32|   ap_fifo  |  xFeatures28  |    pointer   |
|xFeatures28_empty_n     |  in |    1|   ap_fifo  |  xFeatures28  |    pointer   |
|xFeatures28_read        | out |    1|   ap_fifo  |  xFeatures28  |    pointer   |
|xFeatures29_dout        |  in |   32|   ap_fifo  |  xFeatures29  |    pointer   |
|xFeatures29_empty_n     |  in |    1|   ap_fifo  |  xFeatures29  |    pointer   |
|xFeatures29_read        | out |    1|   ap_fifo  |  xFeatures29  |    pointer   |
|xFeatures30_dout        |  in |   32|   ap_fifo  |  xFeatures30  |    pointer   |
|xFeatures30_empty_n     |  in |    1|   ap_fifo  |  xFeatures30  |    pointer   |
|xFeatures30_read        | out |    1|   ap_fifo  |  xFeatures30  |    pointer   |
|xFeatures31_dout        |  in |   32|   ap_fifo  |  xFeatures31  |    pointer   |
|xFeatures31_empty_n     |  in |    1|   ap_fifo  |  xFeatures31  |    pointer   |
|xFeatures31_read        | out |    1|   ap_fifo  |  xFeatures31  |    pointer   |
|xFeatures32_dout        |  in |   32|   ap_fifo  |  xFeatures32  |    pointer   |
|xFeatures32_empty_n     |  in |    1|   ap_fifo  |  xFeatures32  |    pointer   |
|xFeatures32_read        | out |    1|   ap_fifo  |  xFeatures32  |    pointer   |
|xFeatures33_dout        |  in |   32|   ap_fifo  |  xFeatures33  |    pointer   |
|xFeatures33_empty_n     |  in |    1|   ap_fifo  |  xFeatures33  |    pointer   |
|xFeatures33_read        | out |    1|   ap_fifo  |  xFeatures33  |    pointer   |
|xFeatures34_dout        |  in |   32|   ap_fifo  |  xFeatures34  |    pointer   |
|xFeatures34_empty_n     |  in |    1|   ap_fifo  |  xFeatures34  |    pointer   |
|xFeatures34_read        | out |    1|   ap_fifo  |  xFeatures34  |    pointer   |
|xFeatures35_dout        |  in |   32|   ap_fifo  |  xFeatures35  |    pointer   |
|xFeatures35_empty_n     |  in |    1|   ap_fifo  |  xFeatures35  |    pointer   |
|xFeatures35_read        | out |    1|   ap_fifo  |  xFeatures35  |    pointer   |
|xFeatures36_dout        |  in |   32|   ap_fifo  |  xFeatures36  |    pointer   |
|xFeatures36_empty_n     |  in |    1|   ap_fifo  |  xFeatures36  |    pointer   |
|xFeatures36_read        | out |    1|   ap_fifo  |  xFeatures36  |    pointer   |
|xFeatures37_dout        |  in |   32|   ap_fifo  |  xFeatures37  |    pointer   |
|xFeatures37_empty_n     |  in |    1|   ap_fifo  |  xFeatures37  |    pointer   |
|xFeatures37_read        | out |    1|   ap_fifo  |  xFeatures37  |    pointer   |
|xFeatures38_dout        |  in |   32|   ap_fifo  |  xFeatures38  |    pointer   |
|xFeatures38_empty_n     |  in |    1|   ap_fifo  |  xFeatures38  |    pointer   |
|xFeatures38_read        | out |    1|   ap_fifo  |  xFeatures38  |    pointer   |
|xFeatures39_dout        |  in |   32|   ap_fifo  |  xFeatures39  |    pointer   |
|xFeatures39_empty_n     |  in |    1|   ap_fifo  |  xFeatures39  |    pointer   |
|xFeatures39_read        | out |    1|   ap_fifo  |  xFeatures39  |    pointer   |
|xFeatures40_dout        |  in |   32|   ap_fifo  |  xFeatures40  |    pointer   |
|xFeatures40_empty_n     |  in |    1|   ap_fifo  |  xFeatures40  |    pointer   |
|xFeatures40_read        | out |    1|   ap_fifo  |  xFeatures40  |    pointer   |
|xFeatures41_dout        |  in |   32|   ap_fifo  |  xFeatures41  |    pointer   |
|xFeatures41_empty_n     |  in |    1|   ap_fifo  |  xFeatures41  |    pointer   |
|xFeatures41_read        | out |    1|   ap_fifo  |  xFeatures41  |    pointer   |
|xFeatures42_dout        |  in |   32|   ap_fifo  |  xFeatures42  |    pointer   |
|xFeatures42_empty_n     |  in |    1|   ap_fifo  |  xFeatures42  |    pointer   |
|xFeatures42_read        | out |    1|   ap_fifo  |  xFeatures42  |    pointer   |
|xFeatures43_dout        |  in |   32|   ap_fifo  |  xFeatures43  |    pointer   |
|xFeatures43_empty_n     |  in |    1|   ap_fifo  |  xFeatures43  |    pointer   |
|xFeatures43_read        | out |    1|   ap_fifo  |  xFeatures43  |    pointer   |
|xFeatures44_dout        |  in |   32|   ap_fifo  |  xFeatures44  |    pointer   |
|xFeatures44_empty_n     |  in |    1|   ap_fifo  |  xFeatures44  |    pointer   |
|xFeatures44_read        | out |    1|   ap_fifo  |  xFeatures44  |    pointer   |
|xFeatures45_dout        |  in |   32|   ap_fifo  |  xFeatures45  |    pointer   |
|xFeatures45_empty_n     |  in |    1|   ap_fifo  |  xFeatures45  |    pointer   |
|xFeatures45_read        | out |    1|   ap_fifo  |  xFeatures45  |    pointer   |
|xFeatures46_dout        |  in |   32|   ap_fifo  |  xFeatures46  |    pointer   |
|xFeatures46_empty_n     |  in |    1|   ap_fifo  |  xFeatures46  |    pointer   |
|xFeatures46_read        | out |    1|   ap_fifo  |  xFeatures46  |    pointer   |
|xFeatures47_dout        |  in |   32|   ap_fifo  |  xFeatures47  |    pointer   |
|xFeatures47_empty_n     |  in |    1|   ap_fifo  |  xFeatures47  |    pointer   |
|xFeatures47_read        | out |    1|   ap_fifo  |  xFeatures47  |    pointer   |
|xFeatures48_dout        |  in |   32|   ap_fifo  |  xFeatures48  |    pointer   |
|xFeatures48_empty_n     |  in |    1|   ap_fifo  |  xFeatures48  |    pointer   |
|xFeatures48_read        | out |    1|   ap_fifo  |  xFeatures48  |    pointer   |
|xFeatures49_dout        |  in |   32|   ap_fifo  |  xFeatures49  |    pointer   |
|xFeatures49_empty_n     |  in |    1|   ap_fifo  |  xFeatures49  |    pointer   |
|xFeatures49_read        | out |    1|   ap_fifo  |  xFeatures49  |    pointer   |
|xFeatures50_dout        |  in |   32|   ap_fifo  |  xFeatures50  |    pointer   |
|xFeatures50_empty_n     |  in |    1|   ap_fifo  |  xFeatures50  |    pointer   |
|xFeatures50_read        | out |    1|   ap_fifo  |  xFeatures50  |    pointer   |
|xFeatures51_dout        |  in |   32|   ap_fifo  |  xFeatures51  |    pointer   |
|xFeatures51_empty_n     |  in |    1|   ap_fifo  |  xFeatures51  |    pointer   |
|xFeatures51_read        | out |    1|   ap_fifo  |  xFeatures51  |    pointer   |
|xFeatures52_dout        |  in |   32|   ap_fifo  |  xFeatures52  |    pointer   |
|xFeatures52_empty_n     |  in |    1|   ap_fifo  |  xFeatures52  |    pointer   |
|xFeatures52_read        | out |    1|   ap_fifo  |  xFeatures52  |    pointer   |
|xFeatures53_dout        |  in |   32|   ap_fifo  |  xFeatures53  |    pointer   |
|xFeatures53_empty_n     |  in |    1|   ap_fifo  |  xFeatures53  |    pointer   |
|xFeatures53_read        | out |    1|   ap_fifo  |  xFeatures53  |    pointer   |
|xFeatures54_dout        |  in |   32|   ap_fifo  |  xFeatures54  |    pointer   |
|xFeatures54_empty_n     |  in |    1|   ap_fifo  |  xFeatures54  |    pointer   |
|xFeatures54_read        | out |    1|   ap_fifo  |  xFeatures54  |    pointer   |
|xFeatures55_dout        |  in |   32|   ap_fifo  |  xFeatures55  |    pointer   |
|xFeatures55_empty_n     |  in |    1|   ap_fifo  |  xFeatures55  |    pointer   |
|xFeatures55_read        | out |    1|   ap_fifo  |  xFeatures55  |    pointer   |
|xFeatures56_dout        |  in |   32|   ap_fifo  |  xFeatures56  |    pointer   |
|xFeatures56_empty_n     |  in |    1|   ap_fifo  |  xFeatures56  |    pointer   |
|xFeatures56_read        | out |    1|   ap_fifo  |  xFeatures56  |    pointer   |
|xFeatures57_dout        |  in |   32|   ap_fifo  |  xFeatures57  |    pointer   |
|xFeatures57_empty_n     |  in |    1|   ap_fifo  |  xFeatures57  |    pointer   |
|xFeatures57_read        | out |    1|   ap_fifo  |  xFeatures57  |    pointer   |
|xFeatures58_dout        |  in |   32|   ap_fifo  |  xFeatures58  |    pointer   |
|xFeatures58_empty_n     |  in |    1|   ap_fifo  |  xFeatures58  |    pointer   |
|xFeatures58_read        | out |    1|   ap_fifo  |  xFeatures58  |    pointer   |
|xFeatures59_dout        |  in |   32|   ap_fifo  |  xFeatures59  |    pointer   |
|xFeatures59_empty_n     |  in |    1|   ap_fifo  |  xFeatures59  |    pointer   |
|xFeatures59_read        | out |    1|   ap_fifo  |  xFeatures59  |    pointer   |
|xFeatures60_dout        |  in |   32|   ap_fifo  |  xFeatures60  |    pointer   |
|xFeatures60_empty_n     |  in |    1|   ap_fifo  |  xFeatures60  |    pointer   |
|xFeatures60_read        | out |    1|   ap_fifo  |  xFeatures60  |    pointer   |
|xFeatures61_dout        |  in |   32|   ap_fifo  |  xFeatures61  |    pointer   |
|xFeatures61_empty_n     |  in |    1|   ap_fifo  |  xFeatures61  |    pointer   |
|xFeatures61_read        | out |    1|   ap_fifo  |  xFeatures61  |    pointer   |
|xFeatures62_dout        |  in |   32|   ap_fifo  |  xFeatures62  |    pointer   |
|xFeatures62_empty_n     |  in |    1|   ap_fifo  |  xFeatures62  |    pointer   |
|xFeatures62_read        | out |    1|   ap_fifo  |  xFeatures62  |    pointer   |
|xFeatures63_dout        |  in |   32|   ap_fifo  |  xFeatures63  |    pointer   |
|xFeatures63_empty_n     |  in |    1|   ap_fifo  |  xFeatures63  |    pointer   |
|xFeatures63_read        | out |    1|   ap_fifo  |  xFeatures63  |    pointer   |
|xFeatures64_dout        |  in |   32|   ap_fifo  |  xFeatures64  |    pointer   |
|xFeatures64_empty_n     |  in |    1|   ap_fifo  |  xFeatures64  |    pointer   |
|xFeatures64_read        | out |    1|   ap_fifo  |  xFeatures64  |    pointer   |
|xFeatures65_dout        |  in |   32|   ap_fifo  |  xFeatures65  |    pointer   |
|xFeatures65_empty_n     |  in |    1|   ap_fifo  |  xFeatures65  |    pointer   |
|xFeatures65_read        | out |    1|   ap_fifo  |  xFeatures65  |    pointer   |
|xFeatures66_dout        |  in |   32|   ap_fifo  |  xFeatures66  |    pointer   |
|xFeatures66_empty_n     |  in |    1|   ap_fifo  |  xFeatures66  |    pointer   |
|xFeatures66_read        | out |    1|   ap_fifo  |  xFeatures66  |    pointer   |
|xFeatures67_dout        |  in |   32|   ap_fifo  |  xFeatures67  |    pointer   |
|xFeatures67_empty_n     |  in |    1|   ap_fifo  |  xFeatures67  |    pointer   |
|xFeatures67_read        | out |    1|   ap_fifo  |  xFeatures67  |    pointer   |
|xFeatures68_dout        |  in |   32|   ap_fifo  |  xFeatures68  |    pointer   |
|xFeatures68_empty_n     |  in |    1|   ap_fifo  |  xFeatures68  |    pointer   |
|xFeatures68_read        | out |    1|   ap_fifo  |  xFeatures68  |    pointer   |
|xFeatures69_dout        |  in |   32|   ap_fifo  |  xFeatures69  |    pointer   |
|xFeatures69_empty_n     |  in |    1|   ap_fifo  |  xFeatures69  |    pointer   |
|xFeatures69_read        | out |    1|   ap_fifo  |  xFeatures69  |    pointer   |
|xFeatures70_dout        |  in |   32|   ap_fifo  |  xFeatures70  |    pointer   |
|xFeatures70_empty_n     |  in |    1|   ap_fifo  |  xFeatures70  |    pointer   |
|xFeatures70_read        | out |    1|   ap_fifo  |  xFeatures70  |    pointer   |
|xFeatures71_dout        |  in |   32|   ap_fifo  |  xFeatures71  |    pointer   |
|xFeatures71_empty_n     |  in |    1|   ap_fifo  |  xFeatures71  |    pointer   |
|xFeatures71_read        | out |    1|   ap_fifo  |  xFeatures71  |    pointer   |
|xFeatures72_dout        |  in |   32|   ap_fifo  |  xFeatures72  |    pointer   |
|xFeatures72_empty_n     |  in |    1|   ap_fifo  |  xFeatures72  |    pointer   |
|xFeatures72_read        | out |    1|   ap_fifo  |  xFeatures72  |    pointer   |
|xFeatures73_dout        |  in |   32|   ap_fifo  |  xFeatures73  |    pointer   |
|xFeatures73_empty_n     |  in |    1|   ap_fifo  |  xFeatures73  |    pointer   |
|xFeatures73_read        | out |    1|   ap_fifo  |  xFeatures73  |    pointer   |
|xFeatures74_dout        |  in |   32|   ap_fifo  |  xFeatures74  |    pointer   |
|xFeatures74_empty_n     |  in |    1|   ap_fifo  |  xFeatures74  |    pointer   |
|xFeatures74_read        | out |    1|   ap_fifo  |  xFeatures74  |    pointer   |
|xFeatures75_dout        |  in |   32|   ap_fifo  |  xFeatures75  |    pointer   |
|xFeatures75_empty_n     |  in |    1|   ap_fifo  |  xFeatures75  |    pointer   |
|xFeatures75_read        | out |    1|   ap_fifo  |  xFeatures75  |    pointer   |
|xFeatures76_dout        |  in |   32|   ap_fifo  |  xFeatures76  |    pointer   |
|xFeatures76_empty_n     |  in |    1|   ap_fifo  |  xFeatures76  |    pointer   |
|xFeatures76_read        | out |    1|   ap_fifo  |  xFeatures76  |    pointer   |
|xFeatures77_dout        |  in |   32|   ap_fifo  |  xFeatures77  |    pointer   |
|xFeatures77_empty_n     |  in |    1|   ap_fifo  |  xFeatures77  |    pointer   |
|xFeatures77_read        | out |    1|   ap_fifo  |  xFeatures77  |    pointer   |
|xFeatures78_dout        |  in |   32|   ap_fifo  |  xFeatures78  |    pointer   |
|xFeatures78_empty_n     |  in |    1|   ap_fifo  |  xFeatures78  |    pointer   |
|xFeatures78_read        | out |    1|   ap_fifo  |  xFeatures78  |    pointer   |
|xFeatures79_dout        |  in |   32|   ap_fifo  |  xFeatures79  |    pointer   |
|xFeatures79_empty_n     |  in |    1|   ap_fifo  |  xFeatures79  |    pointer   |
|xFeatures79_read        | out |    1|   ap_fifo  |  xFeatures79  |    pointer   |
|xFeatures80_dout        |  in |   32|   ap_fifo  |  xFeatures80  |    pointer   |
|xFeatures80_empty_n     |  in |    1|   ap_fifo  |  xFeatures80  |    pointer   |
|xFeatures80_read        | out |    1|   ap_fifo  |  xFeatures80  |    pointer   |
|xFeatures81_dout        |  in |   32|   ap_fifo  |  xFeatures81  |    pointer   |
|xFeatures81_empty_n     |  in |    1|   ap_fifo  |  xFeatures81  |    pointer   |
|xFeatures81_read        | out |    1|   ap_fifo  |  xFeatures81  |    pointer   |
|xFeatures82_dout        |  in |   32|   ap_fifo  |  xFeatures82  |    pointer   |
|xFeatures82_empty_n     |  in |    1|   ap_fifo  |  xFeatures82  |    pointer   |
|xFeatures82_read        | out |    1|   ap_fifo  |  xFeatures82  |    pointer   |
|xFeatures83_dout        |  in |   32|   ap_fifo  |  xFeatures83  |    pointer   |
|xFeatures83_empty_n     |  in |    1|   ap_fifo  |  xFeatures83  |    pointer   |
|xFeatures83_read        | out |    1|   ap_fifo  |  xFeatures83  |    pointer   |
|xFeatures84_dout        |  in |   32|   ap_fifo  |  xFeatures84  |    pointer   |
|xFeatures84_empty_n     |  in |    1|   ap_fifo  |  xFeatures84  |    pointer   |
|xFeatures84_read        | out |    1|   ap_fifo  |  xFeatures84  |    pointer   |
|xFeatures85_dout        |  in |   32|   ap_fifo  |  xFeatures85  |    pointer   |
|xFeatures85_empty_n     |  in |    1|   ap_fifo  |  xFeatures85  |    pointer   |
|xFeatures85_read        | out |    1|   ap_fifo  |  xFeatures85  |    pointer   |
|xFeatures86_dout        |  in |   32|   ap_fifo  |  xFeatures86  |    pointer   |
|xFeatures86_empty_n     |  in |    1|   ap_fifo  |  xFeatures86  |    pointer   |
|xFeatures86_read        | out |    1|   ap_fifo  |  xFeatures86  |    pointer   |
|xFeatures87_dout        |  in |   32|   ap_fifo  |  xFeatures87  |    pointer   |
|xFeatures87_empty_n     |  in |    1|   ap_fifo  |  xFeatures87  |    pointer   |
|xFeatures87_read        | out |    1|   ap_fifo  |  xFeatures87  |    pointer   |
|xFeatures88_dout        |  in |   32|   ap_fifo  |  xFeatures88  |    pointer   |
|xFeatures88_empty_n     |  in |    1|   ap_fifo  |  xFeatures88  |    pointer   |
|xFeatures88_read        | out |    1|   ap_fifo  |  xFeatures88  |    pointer   |
|xFeatures89_dout        |  in |   32|   ap_fifo  |  xFeatures89  |    pointer   |
|xFeatures89_empty_n     |  in |    1|   ap_fifo  |  xFeatures89  |    pointer   |
|xFeatures89_read        | out |    1|   ap_fifo  |  xFeatures89  |    pointer   |
|xFeatures90_dout        |  in |   32|   ap_fifo  |  xFeatures90  |    pointer   |
|xFeatures90_empty_n     |  in |    1|   ap_fifo  |  xFeatures90  |    pointer   |
|xFeatures90_read        | out |    1|   ap_fifo  |  xFeatures90  |    pointer   |
|xFeatures91_dout        |  in |   32|   ap_fifo  |  xFeatures91  |    pointer   |
|xFeatures91_empty_n     |  in |    1|   ap_fifo  |  xFeatures91  |    pointer   |
|xFeatures91_read        | out |    1|   ap_fifo  |  xFeatures91  |    pointer   |
|xFeatures92_dout        |  in |   32|   ap_fifo  |  xFeatures92  |    pointer   |
|xFeatures92_empty_n     |  in |    1|   ap_fifo  |  xFeatures92  |    pointer   |
|xFeatures92_read        | out |    1|   ap_fifo  |  xFeatures92  |    pointer   |
|xFeatures93_dout        |  in |   32|   ap_fifo  |  xFeatures93  |    pointer   |
|xFeatures93_empty_n     |  in |    1|   ap_fifo  |  xFeatures93  |    pointer   |
|xFeatures93_read        | out |    1|   ap_fifo  |  xFeatures93  |    pointer   |
|xFeatures94_dout        |  in |   32|   ap_fifo  |  xFeatures94  |    pointer   |
|xFeatures94_empty_n     |  in |    1|   ap_fifo  |  xFeatures94  |    pointer   |
|xFeatures94_read        | out |    1|   ap_fifo  |  xFeatures94  |    pointer   |
|xFeatures95_dout        |  in |   32|   ap_fifo  |  xFeatures95  |    pointer   |
|xFeatures95_empty_n     |  in |    1|   ap_fifo  |  xFeatures95  |    pointer   |
|xFeatures95_read        | out |    1|   ap_fifo  |  xFeatures95  |    pointer   |
|xFeatures96_dout        |  in |   32|   ap_fifo  |  xFeatures96  |    pointer   |
|xFeatures96_empty_n     |  in |    1|   ap_fifo  |  xFeatures96  |    pointer   |
|xFeatures96_read        | out |    1|   ap_fifo  |  xFeatures96  |    pointer   |
|xFeatures97_dout        |  in |   32|   ap_fifo  |  xFeatures97  |    pointer   |
|xFeatures97_empty_n     |  in |    1|   ap_fifo  |  xFeatures97  |    pointer   |
|xFeatures97_read        | out |    1|   ap_fifo  |  xFeatures97  |    pointer   |
|xFeatures98_dout        |  in |   32|   ap_fifo  |  xFeatures98  |    pointer   |
|xFeatures98_empty_n     |  in |    1|   ap_fifo  |  xFeatures98  |    pointer   |
|xFeatures98_read        | out |    1|   ap_fifo  |  xFeatures98  |    pointer   |
|xFeatures99_dout        |  in |   32|   ap_fifo  |  xFeatures99  |    pointer   |
|xFeatures99_empty_n     |  in |    1|   ap_fifo  |  xFeatures99  |    pointer   |
|xFeatures99_read        | out |    1|   ap_fifo  |  xFeatures99  |    pointer   |
|xFeatures100_dout       |  in |   32|   ap_fifo  |  xFeatures100 |    pointer   |
|xFeatures100_empty_n    |  in |    1|   ap_fifo  |  xFeatures100 |    pointer   |
|xFeatures100_read       | out |    1|   ap_fifo  |  xFeatures100 |    pointer   |
|xFeatures101_dout       |  in |   32|   ap_fifo  |  xFeatures101 |    pointer   |
|xFeatures101_empty_n    |  in |    1|   ap_fifo  |  xFeatures101 |    pointer   |
|xFeatures101_read       | out |    1|   ap_fifo  |  xFeatures101 |    pointer   |
|xFeatures102_dout       |  in |   32|   ap_fifo  |  xFeatures102 |    pointer   |
|xFeatures102_empty_n    |  in |    1|   ap_fifo  |  xFeatures102 |    pointer   |
|xFeatures102_read       | out |    1|   ap_fifo  |  xFeatures102 |    pointer   |
|xFeatures103_dout       |  in |   32|   ap_fifo  |  xFeatures103 |    pointer   |
|xFeatures103_empty_n    |  in |    1|   ap_fifo  |  xFeatures103 |    pointer   |
|xFeatures103_read       | out |    1|   ap_fifo  |  xFeatures103 |    pointer   |
|xFeatures104_dout       |  in |   32|   ap_fifo  |  xFeatures104 |    pointer   |
|xFeatures104_empty_n    |  in |    1|   ap_fifo  |  xFeatures104 |    pointer   |
|xFeatures104_read       | out |    1|   ap_fifo  |  xFeatures104 |    pointer   |
|xFeatures105_dout       |  in |   32|   ap_fifo  |  xFeatures105 |    pointer   |
|xFeatures105_empty_n    |  in |    1|   ap_fifo  |  xFeatures105 |    pointer   |
|xFeatures105_read       | out |    1|   ap_fifo  |  xFeatures105 |    pointer   |
|xFeatures106_dout       |  in |   32|   ap_fifo  |  xFeatures106 |    pointer   |
|xFeatures106_empty_n    |  in |    1|   ap_fifo  |  xFeatures106 |    pointer   |
|xFeatures106_read       | out |    1|   ap_fifo  |  xFeatures106 |    pointer   |
|xFeatures107_dout       |  in |   32|   ap_fifo  |  xFeatures107 |    pointer   |
|xFeatures107_empty_n    |  in |    1|   ap_fifo  |  xFeatures107 |    pointer   |
|xFeatures107_read       | out |    1|   ap_fifo  |  xFeatures107 |    pointer   |
|xFeatures108_dout       |  in |   32|   ap_fifo  |  xFeatures108 |    pointer   |
|xFeatures108_empty_n    |  in |    1|   ap_fifo  |  xFeatures108 |    pointer   |
|xFeatures108_read       | out |    1|   ap_fifo  |  xFeatures108 |    pointer   |
|xFeatures109_dout       |  in |   32|   ap_fifo  |  xFeatures109 |    pointer   |
|xFeatures109_empty_n    |  in |    1|   ap_fifo  |  xFeatures109 |    pointer   |
|xFeatures109_read       | out |    1|   ap_fifo  |  xFeatures109 |    pointer   |
|xFeatures110_dout       |  in |   32|   ap_fifo  |  xFeatures110 |    pointer   |
|xFeatures110_empty_n    |  in |    1|   ap_fifo  |  xFeatures110 |    pointer   |
|xFeatures110_read       | out |    1|   ap_fifo  |  xFeatures110 |    pointer   |
|xFeatures111_dout       |  in |   32|   ap_fifo  |  xFeatures111 |    pointer   |
|xFeatures111_empty_n    |  in |    1|   ap_fifo  |  xFeatures111 |    pointer   |
|xFeatures111_read       | out |    1|   ap_fifo  |  xFeatures111 |    pointer   |
|xFeatures112_dout       |  in |   32|   ap_fifo  |  xFeatures112 |    pointer   |
|xFeatures112_empty_n    |  in |    1|   ap_fifo  |  xFeatures112 |    pointer   |
|xFeatures112_read       | out |    1|   ap_fifo  |  xFeatures112 |    pointer   |
|xFeatures113_dout       |  in |   32|   ap_fifo  |  xFeatures113 |    pointer   |
|xFeatures113_empty_n    |  in |    1|   ap_fifo  |  xFeatures113 |    pointer   |
|xFeatures113_read       | out |    1|   ap_fifo  |  xFeatures113 |    pointer   |
|xFeatures114_dout       |  in |   32|   ap_fifo  |  xFeatures114 |    pointer   |
|xFeatures114_empty_n    |  in |    1|   ap_fifo  |  xFeatures114 |    pointer   |
|xFeatures114_read       | out |    1|   ap_fifo  |  xFeatures114 |    pointer   |
|xFeatures115_dout       |  in |   32|   ap_fifo  |  xFeatures115 |    pointer   |
|xFeatures115_empty_n    |  in |    1|   ap_fifo  |  xFeatures115 |    pointer   |
|xFeatures115_read       | out |    1|   ap_fifo  |  xFeatures115 |    pointer   |
|xFeatures116_dout       |  in |   32|   ap_fifo  |  xFeatures116 |    pointer   |
|xFeatures116_empty_n    |  in |    1|   ap_fifo  |  xFeatures116 |    pointer   |
|xFeatures116_read       | out |    1|   ap_fifo  |  xFeatures116 |    pointer   |
|xFeatures117_dout       |  in |   32|   ap_fifo  |  xFeatures117 |    pointer   |
|xFeatures117_empty_n    |  in |    1|   ap_fifo  |  xFeatures117 |    pointer   |
|xFeatures117_read       | out |    1|   ap_fifo  |  xFeatures117 |    pointer   |
|xFeatures118_dout       |  in |   32|   ap_fifo  |  xFeatures118 |    pointer   |
|xFeatures118_empty_n    |  in |    1|   ap_fifo  |  xFeatures118 |    pointer   |
|xFeatures118_read       | out |    1|   ap_fifo  |  xFeatures118 |    pointer   |
|xFeatures119_dout       |  in |   32|   ap_fifo  |  xFeatures119 |    pointer   |
|xFeatures119_empty_n    |  in |    1|   ap_fifo  |  xFeatures119 |    pointer   |
|xFeatures119_read       | out |    1|   ap_fifo  |  xFeatures119 |    pointer   |
|xFeatures120_dout       |  in |   32|   ap_fifo  |  xFeatures120 |    pointer   |
|xFeatures120_empty_n    |  in |    1|   ap_fifo  |  xFeatures120 |    pointer   |
|xFeatures120_read       | out |    1|   ap_fifo  |  xFeatures120 |    pointer   |
|xFeatures121_dout       |  in |   32|   ap_fifo  |  xFeatures121 |    pointer   |
|xFeatures121_empty_n    |  in |    1|   ap_fifo  |  xFeatures121 |    pointer   |
|xFeatures121_read       | out |    1|   ap_fifo  |  xFeatures121 |    pointer   |
|xFeatures122_dout       |  in |   32|   ap_fifo  |  xFeatures122 |    pointer   |
|xFeatures122_empty_n    |  in |    1|   ap_fifo  |  xFeatures122 |    pointer   |
|xFeatures122_read       | out |    1|   ap_fifo  |  xFeatures122 |    pointer   |
|xFeatures123_dout       |  in |   32|   ap_fifo  |  xFeatures123 |    pointer   |
|xFeatures123_empty_n    |  in |    1|   ap_fifo  |  xFeatures123 |    pointer   |
|xFeatures123_read       | out |    1|   ap_fifo  |  xFeatures123 |    pointer   |
|xFeatures124_dout       |  in |   32|   ap_fifo  |  xFeatures124 |    pointer   |
|xFeatures124_empty_n    |  in |    1|   ap_fifo  |  xFeatures124 |    pointer   |
|xFeatures124_read       | out |    1|   ap_fifo  |  xFeatures124 |    pointer   |
|xFeatures125_dout       |  in |   32|   ap_fifo  |  xFeatures125 |    pointer   |
|xFeatures125_empty_n    |  in |    1|   ap_fifo  |  xFeatures125 |    pointer   |
|xFeatures125_read       | out |    1|   ap_fifo  |  xFeatures125 |    pointer   |
|xFeatures126_dout       |  in |   32|   ap_fifo  |  xFeatures126 |    pointer   |
|xFeatures126_empty_n    |  in |    1|   ap_fifo  |  xFeatures126 |    pointer   |
|xFeatures126_read       | out |    1|   ap_fifo  |  xFeatures126 |    pointer   |
|xFeatures127_dout       |  in |   32|   ap_fifo  |  xFeatures127 |    pointer   |
|xFeatures127_empty_n    |  in |    1|   ap_fifo  |  xFeatures127 |    pointer   |
|xFeatures127_read       | out |    1|   ap_fifo  |  xFeatures127 |    pointer   |
+------------------------+-----+-----+------------+---------------+--------------+

